Start testing: Jan 23 00:04 UTC
----------------------------------------------------------
1/28 Testing: CryptoStreamTest.BasicStreamOperation
1/28 Test: CryptoStreamTest.BasicStreamOperation
Command: "/home/runner/workspace/build/crypto_tests" "--gtest_filter=CryptoStreamTest.BasicStreamOperation" "--gtest_also_run_disabled_tests"
Directory: /home/runner/workspace/build
"CryptoStreamTest.BasicStreamOperation" start time: Jan 23 00:04 UTC
Output:
----------------------------------------------------------
Running main() from /build/source/googletest/src/gtest_main.cc
Note: Google Test filter = CryptoStreamTest.BasicStreamOperation
[==========] Running 1 test from 1 test suite.
[----------] Global test environment set-up.
[----------] 1 test from CryptoStreamTest
[ RUN      ] CryptoStreamTest.BasicStreamOperation
[2025-01-23 00:04:24.579100] [0x00007f5c28996b80] [info]    Initializing CryptoStream
[2025-01-23 00:04:24.579240] [0x00007f5c28996b80] [debug]   CryptoStream initialization complete
[2025-01-23 00:04:24.579247] [0x00007f5c28996b80] [info]    Initializing crypto parameters
[2025-01-23 00:04:24.579249] [0x00007f5c28996b80] [debug]   Crypto parameters initialized successfully
[2025-01-23 00:04:24.579254] [0x00007f5c28996b80] [info]    Starting stream encryption
[2025-01-23 00:04:24.579260] [0x00007f5c28996b80] [debug]   Initializing cipher for encryption
[2025-01-23 00:04:24.580751] [0x00007f5c28996b80] [debug]   Cipher initialization complete
[2025-01-23 00:04:24.580766] [0x00007f5c28996b80] [info]    Starting stream decryption
[2025-01-23 00:04:24.580770] [0x00007f5c28996b80] [debug]   Initializing cipher for decryption
[2025-01-23 00:04:24.580776] [0x00007f5c28996b80] [debug]   Cipher initialization complete
[2025-01-23 00:04:24.580786] [0x00007f5c28996b80] [debug]   Cleaning up CryptoStream resources
[       OK ] CryptoStreamTest.BasicStreamOperation (1 ms)
[----------] 1 test from CryptoStreamTest (1 ms total)

[----------] Global test environment tear-down
[==========] 1 test from 1 test suite ran. (1 ms total)
[  PASSED  ] 1 test.
<end of output>
Test time =   0.01 sec
----------------------------------------------------------
Test Passed.
"CryptoStreamTest.BasicStreamOperation" end time: Jan 23 00:04 UTC
"CryptoStreamTest.BasicStreamOperation" time elapsed: 00:00:00
----------------------------------------------------------

2/28 Testing: CryptoStreamTest.UninitializedError
2/28 Test: CryptoStreamTest.UninitializedError
Command: "/home/runner/workspace/build/crypto_tests" "--gtest_filter=CryptoStreamTest.UninitializedError" "--gtest_also_run_disabled_tests"
Directory: /home/runner/workspace/build
"CryptoStreamTest.UninitializedError" start time: Jan 23 00:04 UTC
Output:
----------------------------------------------------------
Running main() from /build/source/googletest/src/gtest_main.cc
Note: Google Test filter = CryptoStreamTest.UninitializedError
[==========] Running 1 test from 1 test suite.
[----------] Global test environment set-up.
[----------] 1 test from CryptoStreamTest
[ RUN      ] CryptoStreamTest.UninitializedError
[2025-01-23 00:04:24.592279] [0x00007f4c44264b80] [info]    Initializing CryptoStream
[2025-01-23 00:04:24.592382] [0x00007f4c44264b80] [debug]   CryptoStream initialization complete
[2025-01-23 00:04:24.592388] [0x00007f4c44264b80] [info]    Initializing crypto parameters
[2025-01-23 00:04:24.592390] [0x00007f4c44264b80] [debug]   Crypto parameters initialized successfully
[2025-01-23 00:04:24.592392] [0x00007f4c44264b80] [info]    Initializing CryptoStream
[2025-01-23 00:04:24.592393] [0x00007f4c44264b80] [debug]   CryptoStream initialization complete
[2025-01-23 00:04:24.592421] [0x00007f4c44264b80] [info]    Starting stream encryption
[2025-01-23 00:04:24.592429] [0x00007f4c44264b80] [debug]   Initializing cipher for encryption
[2025-01-23 00:04:24.592431] [0x00007f4c44264b80] [error]   Attempted to use uninitialized CryptoStream
[2025-01-23 00:04:24.592453] [0x00007f4c44264b80] [error]   Stream processing failed: Initialization error: CryptoStream not initialized
[2025-01-23 00:04:24.592464] [0x00007f4c44264b80] [debug]   Cleaning up CryptoStream resources
[2025-01-23 00:04:24.592473] [0x00007f4c44264b80] [debug]   Cleaning up CryptoStream resources
[       OK ] CryptoStreamTest.UninitializedError (0 ms)
[----------] 1 test from CryptoStreamTest (0 ms total)

[----------] Global test environment tear-down
[==========] 1 test from 1 test suite ran. (0 ms total)
[  PASSED  ] 1 test.
<end of output>
Test time =   0.01 sec
----------------------------------------------------------
Test Passed.
"CryptoStreamTest.UninitializedError" end time: Jan 23 00:04 UTC
"CryptoStreamTest.UninitializedError" time elapsed: 00:00:00
----------------------------------------------------------

3/28 Testing: CryptoStreamTest.EmptyStream
3/28 Test: CryptoStreamTest.EmptyStream
Command: "/home/runner/workspace/build/crypto_tests" "--gtest_filter=CryptoStreamTest.EmptyStream" "--gtest_also_run_disabled_tests"
Directory: /home/runner/workspace/build
"CryptoStreamTest.EmptyStream" start time: Jan 23 00:04 UTC
Output:
----------------------------------------------------------
Running main() from /build/source/googletest/src/gtest_main.cc
Note: Google Test filter = CryptoStreamTest.EmptyStream
[==========] Running 1 test from 1 test suite.
[----------] Global test environment set-up.
[----------] 1 test from CryptoStreamTest
[ RUN      ] CryptoStreamTest.EmptyStream
[2025-01-23 00:04:24.604904] [0x00007ff604b69b80] [info]    Initializing CryptoStream
[2025-01-23 00:04:24.605056] [0x00007ff604b69b80] [debug]   CryptoStream initialization complete
[2025-01-23 00:04:24.605067] [0x00007ff604b69b80] [info]    Initializing crypto parameters
[2025-01-23 00:04:24.605071] [0x00007ff604b69b80] [debug]   Crypto parameters initialized successfully
[2025-01-23 00:04:24.605078] [0x00007ff604b69b80] [info]    Starting stream encryption
[2025-01-23 00:04:24.605084] [0x00007ff604b69b80] [debug]   Initializing cipher for encryption
[2025-01-23 00:04:24.606654] [0x00007ff604b69b80] [debug]   Cipher initialization complete
[2025-01-23 00:04:24.606668] [0x00007ff604b69b80] [info]    Starting stream decryption
[2025-01-23 00:04:24.606671] [0x00007ff604b69b80] [debug]   Initializing cipher for decryption
[2025-01-23 00:04:24.606675] [0x00007ff604b69b80] [debug]   Cipher initialization complete
[2025-01-23 00:04:24.606678] [0x00007ff604b69b80] [debug]   Cleaning up CryptoStream resources
[       OK ] CryptoStreamTest.EmptyStream (1 ms)
[----------] 1 test from CryptoStreamTest (1 ms total)

[----------] Global test environment tear-down
[==========] 1 test from 1 test suite ran. (1 ms total)
[  PASSED  ] 1 test.
<end of output>
Test time =   0.01 sec
----------------------------------------------------------
Test Passed.
"CryptoStreamTest.EmptyStream" end time: Jan 23 00:04 UTC
"CryptoStreamTest.EmptyStream" time elapsed: 00:00:00
----------------------------------------------------------

4/28 Testing: CryptoStreamTest.LargeStream
4/28 Test: CryptoStreamTest.LargeStream
Command: "/home/runner/workspace/build/crypto_tests" "--gtest_filter=CryptoStreamTest.LargeStream" "--gtest_also_run_disabled_tests"
Directory: /home/runner/workspace/build
"CryptoStreamTest.LargeStream" start time: Jan 23 00:04 UTC
Output:
----------------------------------------------------------
Running main() from /build/source/googletest/src/gtest_main.cc
Note: Google Test filter = CryptoStreamTest.LargeStream
[==========] Running 1 test from 1 test suite.
[----------] Global test environment set-up.
[----------] 1 test from CryptoStreamTest
[ RUN      ] CryptoStreamTest.LargeStream
[2025-01-23 00:04:24.618366] [0x00007f8d6d40eb80] [info]    Initializing CryptoStream
[2025-01-23 00:04:24.618509] [0x00007f8d6d40eb80] [debug]   CryptoStream initialization complete
[2025-01-23 00:04:24.618518] [0x00007f8d6d40eb80] [info]    Initializing crypto parameters
[2025-01-23 00:04:24.618521] [0x00007f8d6d40eb80] [debug]   Crypto parameters initialized successfully
[2025-01-23 00:04:24.625312] [0x00007f8d6d40eb80] [info]    Starting stream encryption
[2025-01-23 00:04:24.625325] [0x00007f8d6d40eb80] [debug]   Initializing cipher for encryption
[2025-01-23 00:04:24.626752] [0x00007f8d6d40eb80] [debug]   Cipher initialization complete
[2025-01-23 00:04:24.629215] [0x00007f8d6d40eb80] [info]    Starting stream decryption
[2025-01-23 00:04:24.629225] [0x00007f8d6d40eb80] [debug]   Initializing cipher for decryption
[2025-01-23 00:04:24.629231] [0x00007f8d6d40eb80] [debug]   Cipher initialization complete
[2025-01-23 00:04:24.630212] [0x00007f8d6d40eb80] [debug]   Cleaning up CryptoStream resources
[       OK ] CryptoStreamTest.LargeStream (11 ms)
[----------] 1 test from CryptoStreamTest (11 ms total)

[----------] Global test environment tear-down
[==========] 1 test from 1 test suite ran. (11 ms total)
[  PASSED  ] 1 test.
<end of output>
Test time =   0.02 sec
----------------------------------------------------------
Test Passed.
"CryptoStreamTest.LargeStream" end time: Jan 23 00:04 UTC
"CryptoStreamTest.LargeStream" time elapsed: 00:00:00
----------------------------------------------------------

5/28 Testing: CryptoStreamTest.InvalidStreamState
5/28 Test: CryptoStreamTest.InvalidStreamState
Command: "/home/runner/workspace/build/crypto_tests" "--gtest_filter=CryptoStreamTest.InvalidStreamState" "--gtest_also_run_disabled_tests"
Directory: /home/runner/workspace/build
"CryptoStreamTest.InvalidStreamState" start time: Jan 23 00:04 UTC
Output:
----------------------------------------------------------
Running main() from /build/source/googletest/src/gtest_main.cc
Note: Google Test filter = CryptoStreamTest.InvalidStreamState
[==========] Running 1 test from 1 test suite.
[----------] Global test environment set-up.
[----------] 1 test from CryptoStreamTest
[ RUN      ] CryptoStreamTest.InvalidStreamState
[2025-01-23 00:04:24.642513] [0x00007f1941b5eb80] [info]    Initializing CryptoStream
[2025-01-23 00:04:24.642622] [0x00007f1941b5eb80] [debug]   CryptoStream initialization complete
[2025-01-23 00:04:24.642630] [0x00007f1941b5eb80] [info]    Initializing crypto parameters
[2025-01-23 00:04:24.642632] [0x00007f1941b5eb80] [debug]   Crypto parameters initialized successfully
[2025-01-23 00:04:24.642636] [0x00007f1941b5eb80] [info]    Starting stream encryption
[2025-01-23 00:04:24.642638] [0x00007f1941b5eb80] [error]   Invalid stream state detected
[2025-01-23 00:04:24.642673] [0x00007f1941b5eb80] [info]    Starting stream encryption
[2025-01-23 00:04:24.642677] [0x00007f1941b5eb80] [error]   Invalid stream state detected
[2025-01-23 00:04:24.642683] [0x00007f1941b5eb80] [debug]   Cleaning up CryptoStream resources
[       OK ] CryptoStreamTest.InvalidStreamState (0 ms)
[----------] 1 test from CryptoStreamTest (0 ms total)

[----------] Global test environment tear-down
[==========] 1 test from 1 test suite ran. (0 ms total)
[  PASSED  ] 1 test.
<end of output>
Test time =   0.01 sec
----------------------------------------------------------
Test Passed.
"CryptoStreamTest.InvalidStreamState" end time: Jan 23 00:04 UTC
"CryptoStreamTest.InvalidStreamState" time elapsed: 00:00:00
----------------------------------------------------------

6/28 Testing: CryptoStreamTest.BlockAlignment
6/28 Test: CryptoStreamTest.BlockAlignment
Command: "/home/runner/workspace/build/crypto_tests" "--gtest_filter=CryptoStreamTest.BlockAlignment" "--gtest_also_run_disabled_tests"
Directory: /home/runner/workspace/build
"CryptoStreamTest.BlockAlignment" start time: Jan 23 00:04 UTC
Output:
----------------------------------------------------------
Running main() from /build/source/googletest/src/gtest_main.cc
Note: Google Test filter = CryptoStreamTest.BlockAlignment
[==========] Running 1 test from 1 test suite.
[----------] Global test environment set-up.
[----------] 1 test from CryptoStreamTest
[ RUN      ] CryptoStreamTest.BlockAlignment
[2025-01-23 00:04:24.653980] [0x00007f15ca281b80] [info]    Initializing CryptoStream
[2025-01-23 00:04:24.654085] [0x00007f15ca281b80] [debug]   CryptoStream initialization complete
[2025-01-23 00:04:24.654091] [0x00007f15ca281b80] [info]    Initializing crypto parameters
[2025-01-23 00:04:24.654093] [0x00007f15ca281b80] [debug]   Crypto parameters initialized successfully
[2025-01-23 00:04:24.654098] [0x00007f15ca281b80] [info]    Starting stream encryption
[2025-01-23 00:04:24.654103] [0x00007f15ca281b80] [debug]   Initializing cipher for encryption
[2025-01-23 00:04:24.655853] [0x00007f15ca281b80] [debug]   Cipher initialization complete
[2025-01-23 00:04:24.655868] [0x00007f15ca281b80] [info]    Starting stream decryption
[2025-01-23 00:04:24.655872] [0x00007f15ca281b80] [debug]   Initializing cipher for decryption
[2025-01-23 00:04:24.655878] [0x00007f15ca281b80] [debug]   Cipher initialization complete
[2025-01-23 00:04:24.655901] [0x00007f15ca281b80] [info]    Starting stream encryption
[2025-01-23 00:04:24.655907] [0x00007f15ca281b80] [debug]   Initializing cipher for encryption
[2025-01-23 00:04:24.655910] [0x00007f15ca281b80] [debug]   Cipher initialization complete
[2025-01-23 00:04:24.655912] [0x00007f15ca281b80] [info]    Starting stream decryption
[2025-01-23 00:04:24.655914] [0x00007f15ca281b80] [debug]   Initializing cipher for decryption
[2025-01-23 00:04:24.655916] [0x00007f15ca281b80] [debug]   Cipher initialization complete
[2025-01-23 00:04:24.655919] [0x00007f15ca281b80] [info]    Starting stream encryption
[2025-01-23 00:04:24.655921] [0x00007f15ca281b80] [debug]   Initializing cipher for encryption
[2025-01-23 00:04:24.655923] [0x00007f15ca281b80] [debug]   Cipher initialization complete
[2025-01-23 00:04:24.655925] [0x00007f15ca281b80] [info]    Starting stream decryption
[2025-01-23 00:04:24.655927] [0x00007f15ca281b80] [debug]   Initializing cipher for decryption
[2025-01-23 00:04:24.655929] [0x00007f15ca281b80] [debug]   Cipher initialization complete
[2025-01-23 00:04:24.655931] [0x00007f15ca281b80] [info]    Starting stream encryption
[2025-01-23 00:04:24.655933] [0x00007f15ca281b80] [debug]   Initializing cipher for encryption
[2025-01-23 00:04:24.655935] [0x00007f15ca281b80] [debug]   Cipher initialization complete
[2025-01-23 00:04:24.655936] [0x00007f15ca281b80] [info]    Starting stream decryption
[2025-01-23 00:04:24.655938] [0x00007f15ca281b80] [debug]   Initializing cipher for decryption
[2025-01-23 00:04:24.655940] [0x00007f15ca281b80] [debug]   Cipher initialization complete
[2025-01-23 00:04:24.655943] [0x00007f15ca281b80] [info]    Starting stream encryption
[2025-01-23 00:04:24.655944] [0x00007f15ca281b80] [debug]   Initializing cipher for encryption
[2025-01-23 00:04:24.655946] [0x00007f15ca281b80] [debug]   Cipher initialization complete
[2025-01-23 00:04:24.655948] [0x00007f15ca281b80] [info]    Starting stream decryption
[2025-01-23 00:04:24.655949] [0x00007f15ca281b80] [debug]   Initializing cipher for decryption
[2025-01-23 00:04:24.655951] [0x00007f15ca281b80] [debug]   Cipher initialization complete
[2025-01-23 00:04:24.655954] [0x00007f15ca281b80] [info]    Starting stream encryption
[2025-01-23 00:04:24.655957] [0x00007f15ca281b80] [debug]   Initializing cipher for encryption
[2025-01-23 00:04:24.655959] [0x00007f15ca281b80] [debug]   Cipher initialization complete
[2025-01-23 00:04:24.655961] [0x00007f15ca281b80] [info]    Starting stream decryption
[2025-01-23 00:04:24.655963] [0x00007f15ca281b80] [debug]   Initializing cipher for decryption
[2025-01-23 00:04:24.655965] [0x00007f15ca281b80] [debug]   Cipher initialization complete
[2025-01-23 00:04:24.655969] [0x00007f15ca281b80] [debug]   Cleaning up CryptoStream resources
[       OK ] CryptoStreamTest.BlockAlignment (2 ms)
[----------] 1 test from CryptoStreamTest (2 ms total)

[----------] Global test environment tear-down
[==========] 1 test from 1 test suite ran. (2 ms total)
[  PASSED  ] 1 test.
<end of output>
Test time =   0.01 sec
----------------------------------------------------------
Test Passed.
"CryptoStreamTest.BlockAlignment" end time: Jan 23 00:04 UTC
"CryptoStreamTest.BlockAlignment" time elapsed: 00:00:00
----------------------------------------------------------

7/28 Testing: CryptoStreamTest.StreamOperators
7/28 Test: CryptoStreamTest.StreamOperators
Command: "/home/runner/workspace/build/crypto_tests" "--gtest_filter=CryptoStreamTest.StreamOperators" "--gtest_also_run_disabled_tests"
Directory: /home/runner/workspace/build
"CryptoStreamTest.StreamOperators" start time: Jan 23 00:04 UTC
Output:
----------------------------------------------------------
Running main() from /build/source/googletest/src/gtest_main.cc
Note: Google Test filter = CryptoStreamTest.StreamOperators
[==========] Running 1 test from 1 test suite.
[----------] Global test environment set-up.
[----------] 1 test from CryptoStreamTest
[ RUN      ] CryptoStreamTest.StreamOperators
[2025-01-23 00:04:24.668579] [0x00007ff888708b80] [info]    Initializing CryptoStream
[2025-01-23 00:04:24.668696] [0x00007ff888708b80] [debug]   CryptoStream initialization complete
[2025-01-23 00:04:24.668704] [0x00007ff888708b80] [info]    Initializing crypto parameters
[2025-01-23 00:04:24.668706] [0x00007ff888708b80] [debug]   Crypto parameters initialized successfully
[2025-01-23 00:04:24.668708] [0x00007ff888708b80] [debug]   Stream operator<< called, storing input stream for processing
[2025-01-23 00:04:24.668710] [0x00007ff888708b80] [debug]   Stream operator>> called in encryption mode
[2025-01-23 00:04:24.668715] [0x00007ff888708b80] [info]    Starting stream encryption
[2025-01-23 00:04:24.668717] [0x00007ff888708b80] [debug]   Initializing cipher for encryption
[2025-01-23 00:04:24.670328] [0x00007ff888708b80] [debug]   Cipher initialization complete
[2025-01-23 00:04:24.670345] [0x00007ff888708b80] [debug]   Stream processing complete
[2025-01-23 00:04:24.670349] [0x00007ff888708b80] [debug]   Stream operator<< called, storing input stream for processing
[2025-01-23 00:04:24.670352] [0x00007ff888708b80] [debug]   Stream operator>> called in decryption mode
[2025-01-23 00:04:24.670355] [0x00007ff888708b80] [info]    Starting stream decryption
[2025-01-23 00:04:24.670358] [0x00007ff888708b80] [debug]   Initializing cipher for decryption
[2025-01-23 00:04:24.670363] [0x00007ff888708b80] [debug]   Cipher initialization complete
[2025-01-23 00:04:24.670367] [0x00007ff888708b80] [debug]   Stream processing complete
[2025-01-23 00:04:24.670370] [0x00007ff888708b80] [debug]   Stream operator>> called in decryption mode
[2025-01-23 00:04:24.670373] [0x00007ff888708b80] [error]   Stream operator>> called without prior input stream
[2025-01-23 00:04:24.670440] [0x00007ff888708b80] [debug]   Cleaning up CryptoStream resources
[       OK ] CryptoStreamTest.StreamOperators (1 ms)
[----------] 1 test from CryptoStreamTest (1 ms total)

[----------] Global test environment tear-down
[==========] 1 test from 1 test suite ran. (1 ms total)
[  PASSED  ] 1 test.
<end of output>
Test time =   0.01 sec
----------------------------------------------------------
Test Passed.
"CryptoStreamTest.StreamOperators" end time: Jan 23 00:04 UTC
"CryptoStreamTest.StreamOperators" time elapsed: 00:00:00
----------------------------------------------------------

8/28 Testing: CryptoStreamTest.IVGeneration
8/28 Test: CryptoStreamTest.IVGeneration
Command: "/home/runner/workspace/build/crypto_tests" "--gtest_filter=CryptoStreamTest.IVGeneration" "--gtest_also_run_disabled_tests"
Directory: /home/runner/workspace/build
"CryptoStreamTest.IVGeneration" start time: Jan 23 00:04 UTC
Output:
----------------------------------------------------------
Running main() from /build/source/googletest/src/gtest_main.cc
Note: Google Test filter = CryptoStreamTest.IVGeneration
[==========] Running 1 test from 1 test suite.
[----------] Global test environment set-up.
[----------] 1 test from CryptoStreamTest
[ RUN      ] CryptoStreamTest.IVGeneration
[2025-01-23 00:04:24.682793] [0x00007fc2aa4c1b80] [info]    Initializing CryptoStream
[2025-01-23 00:04:24.682924] [0x00007fc2aa4c1b80] [debug]   CryptoStream initialization complete
[2025-01-23 00:04:24.682930] [0x00007fc2aa4c1b80] [info]    Initializing crypto parameters
[2025-01-23 00:04:24.682932] [0x00007fc2aa4c1b80] [debug]   Crypto parameters initialized successfully
[2025-01-23 00:04:24.682934] [0x00007fc2aa4c1b80] [info]    Initializing CryptoStream
[2025-01-23 00:04:24.682936] [0x00007fc2aa4c1b80] [debug]   CryptoStream initialization complete
[2025-01-23 00:04:24.682937] [0x00007fc2aa4c1b80] [debug]   Generating initialization vector
[2025-01-23 00:04:24.684632] [0x00007fc2aa4c1b80] [debug]   Successfully generated initialization vector
[2025-01-23 00:04:24.684641] [0x00007fc2aa4c1b80] [debug]   Generating initialization vector
[2025-01-23 00:04:24.684645] [0x00007fc2aa4c1b80] [debug]   Successfully generated initialization vector
[2025-01-23 00:04:24.684647] [0x00007fc2aa4c1b80] [info]    Initializing crypto parameters
[2025-01-23 00:04:24.684649] [0x00007fc2aa4c1b80] [debug]   Crypto parameters initialized successfully
[2025-01-23 00:04:24.684655] [0x00007fc2aa4c1b80] [info]    Starting stream encryption
[2025-01-23 00:04:24.684661] [0x00007fc2aa4c1b80] [debug]   Initializing cipher for encryption
[2025-01-23 00:04:24.684665] [0x00007fc2aa4c1b80] [debug]   Cipher initialization complete
[2025-01-23 00:04:24.684673] [0x00007fc2aa4c1b80] [info]    Starting stream decryption
[2025-01-23 00:04:24.684676] [0x00007fc2aa4c1b80] [debug]   Initializing cipher for decryption
[2025-01-23 00:04:24.684684] [0x00007fc2aa4c1b80] [debug]   Cipher initialization complete
[2025-01-23 00:04:24.684690] [0x00007fc2aa4c1b80] [debug]   Cleaning up CryptoStream resources
[2025-01-23 00:04:24.684696] [0x00007fc2aa4c1b80] [debug]   Cleaning up CryptoStream resources
[       OK ] CryptoStreamTest.IVGeneration (1 ms)
[----------] 1 test from CryptoStreamTest (1 ms total)

[----------] Global test environment tear-down
[==========] 1 test from 1 test suite ran. (1 ms total)
[  PASSED  ] 1 test.
<end of output>
Test time =   0.01 sec
----------------------------------------------------------
Test Passed.
"CryptoStreamTest.IVGeneration" end time: Jan 23 00:04 UTC
"CryptoStreamTest.IVGeneration" time elapsed: 00:00:00
----------------------------------------------------------

9/28 Testing: StoreTest.BasicStoreAndRetrieve
9/28 Test: StoreTest.BasicStoreAndRetrieve
Command: "/home/runner/workspace/build/store_tests" "--gtest_filter=StoreTest.BasicStoreAndRetrieve" "--gtest_also_run_disabled_tests"
Directory: /home/runner/workspace/build
"StoreTest.BasicStoreAndRetrieve" start time: Jan 23 00:04 UTC
Output:
----------------------------------------------------------
Running main() from /build/source/googletest/src/gtest_main.cc
Note: Google Test filter = StoreTest.BasicStoreAndRetrieve
[==========] Running 1 test from 1 test suite.
[----------] Global test environment set-up.
[----------] 1 test from StoreTest
[ RUN      ] StoreTest.BasicStoreAndRetrieve
[2025-01-23 00:04:24.698520] [0x00007f477eb8cb80] [info]    Initializing Store with base path: /tmp/store_test_1737590664698421807
[2025-01-23 00:04:24.698530] [0x00007f477eb8cb80] [debug]   Store directory created/verified at: /tmp/store_test_1737590664698421807
[2025-01-23 00:04:24.698535] [0x00007f477eb8cb80] [info]    Storing data with key: test_key
[2025-01-23 00:04:24.698539] [0x00007f477eb8cb80] [debug]   Generating hash for key: test_key
[2025-01-23 00:04:24.699699] [0x00007f477eb8cb80] [debug]   Generated hash: 92488e1e3eeecdf99f3ed2ce59233efb4b4fb612d5655c0ce9ea52b5a502e655
[2025-01-23 00:04:24.699737] [0x00007f477eb8cb80] [debug]   Calculated path: /tmp/store_test_1737590664698421807/92/48/8e/1e3eeecdf99f3ed2ce59233efb4b4fb612d5655c0ce9ea52b5a502e655
[2025-01-23 00:04:24.699791] [0x00007f477eb8cb80] [debug]   Calculated file path: /tmp/store_test_1737590664698421807/92/48/8e/1e3eeecdf99f3ed2ce59233efb4b4fb612d5655c0ce9ea52b5a502e655
[2025-01-23 00:04:24.699843] [0x00007f477eb8cb80] [info]    Successfully stored 13 bytes with key: test_key
[2025-01-23 00:04:24.699850] [0x00007f477eb8cb80] [debug]   Checking existence of key: test_key
[2025-01-23 00:04:24.699852] [0x00007f477eb8cb80] [debug]   Generating hash for key: test_key
[2025-01-23 00:04:24.699858] [0x00007f477eb8cb80] [debug]   Generated hash: 92488e1e3eeecdf99f3ed2ce59233efb4b4fb612d5655c0ce9ea52b5a502e655
[2025-01-23 00:04:24.699864] [0x00007f477eb8cb80] [debug]   Calculated path: /tmp/store_test_1737590664698421807/92/48/8e/1e3eeecdf99f3ed2ce59233efb4b4fb612d5655c0ce9ea52b5a502e655
[2025-01-23 00:04:24.699869] [0x00007f477eb8cb80] [debug]   Key test_key exists at path: /tmp/store_test_1737590664698421807/92/48/8e/1e3eeecdf99f3ed2ce59233efb4b4fb612d5655c0ce9ea52b5a502e655
[2025-01-23 00:04:24.699873] [0x00007f477eb8cb80] [info]    Retrieving data for key: test_key
[2025-01-23 00:04:24.699874] [0x00007f477eb8cb80] [debug]   Generating hash for key: test_key
[2025-01-23 00:04:24.699878] [0x00007f477eb8cb80] [debug]   Generated hash: 92488e1e3eeecdf99f3ed2ce59233efb4b4fb612d5655c0ce9ea52b5a502e655
[2025-01-23 00:04:24.699881] [0x00007f477eb8cb80] [debug]   Calculated path: /tmp/store_test_1737590664698421807/92/48/8e/1e3eeecdf99f3ed2ce59233efb4b4fb612d5655c0ce9ea52b5a502e655
[2025-01-23 00:04:24.699895] [0x00007f477eb8cb80] [info]    Successfully streamed 13 bytes for key: test_key
[2025-01-23 00:04:24.699903] [0x00007f477eb8cb80] [info]    Clearing entire store at: "/tmp/store_test_1737590664698421807"
[2025-01-23 00:04:24.700114] [0x00007f477eb8cb80] [info]    Store cleared successfully
[       OK ] StoreTest.BasicStoreAndRetrieve (1 ms)
[----------] 1 test from StoreTest (1 ms total)

[----------] Global test environment tear-down
[==========] 1 test from 1 test suite ran. (1 ms total)
[  PASSED  ] 1 test.
<end of output>
Test time =   0.01 sec
----------------------------------------------------------
Test Passed.
"StoreTest.BasicStoreAndRetrieve" end time: Jan 23 00:04 UTC
"StoreTest.BasicStoreAndRetrieve" time elapsed: 00:00:00
----------------------------------------------------------

10/28 Testing: StoreTest.EmptyInput
10/28 Test: StoreTest.EmptyInput
Command: "/home/runner/workspace/build/store_tests" "--gtest_filter=StoreTest.EmptyInput" "--gtest_also_run_disabled_tests"
Directory: /home/runner/workspace/build
"StoreTest.EmptyInput" start time: Jan 23 00:04 UTC
Output:
----------------------------------------------------------
Running main() from /build/source/googletest/src/gtest_main.cc
Note: Google Test filter = StoreTest.EmptyInput
[==========] Running 1 test from 1 test suite.
[----------] Global test environment set-up.
[----------] 1 test from StoreTest
[ RUN      ] StoreTest.EmptyInput
[2025-01-23 00:04:24.711763] [0x00007fa08df8cb80] [info]    Initializing Store with base path: /tmp/store_test_1737590664711658106
[2025-01-23 00:04:24.711774] [0x00007fa08df8cb80] [debug]   Store directory created/verified at: /tmp/store_test_1737590664711658106
[2025-01-23 00:04:24.711778] [0x00007fa08df8cb80] [info]    Storing data with key: empty_test
[2025-01-23 00:04:24.711781] [0x00007fa08df8cb80] [debug]   Generating hash for key: empty_test
[2025-01-23 00:04:24.712976] [0x00007fa08df8cb80] [debug]   Generated hash: f1b6800e9ca01dac557744adec3477366cbe3888d44fcabefb3078c4c069f3a8
[2025-01-23 00:04:24.712987] [0x00007fa08df8cb80] [debug]   Calculated path: /tmp/store_test_1737590664711658106/f1/b6/80/0e9ca01dac557744adec3477366cbe3888d44fcabefb3078c4c069f3a8
[2025-01-23 00:04:24.713034] [0x00007fa08df8cb80] [debug]   Calculated file path: /tmp/store_test_1737590664711658106/f1/b6/80/0e9ca01dac557744adec3477366cbe3888d44fcabefb3078c4c069f3a8
[2025-01-23 00:04:24.713060] [0x00007fa08df8cb80] [debug]   Storing empty content for key: empty_test
[2025-01-23 00:04:24.713071] [0x00007fa08df8cb80] [info]    Successfully stored 0 bytes with key: empty_test
[2025-01-23 00:04:24.713074] [0x00007fa08df8cb80] [debug]   Checking existence of key: empty_test
[2025-01-23 00:04:24.713077] [0x00007fa08df8cb80] [debug]   Generating hash for key: empty_test
[2025-01-23 00:04:24.713088] [0x00007fa08df8cb80] [debug]   Generated hash: f1b6800e9ca01dac557744adec3477366cbe3888d44fcabefb3078c4c069f3a8
[2025-01-23 00:04:24.713094] [0x00007fa08df8cb80] [debug]   Calculated path: /tmp/store_test_1737590664711658106/f1/b6/80/0e9ca01dac557744adec3477366cbe3888d44fcabefb3078c4c069f3a8
[2025-01-23 00:04:24.713099] [0x00007fa08df8cb80] [debug]   Key empty_test exists at path: /tmp/store_test_1737590664711658106/f1/b6/80/0e9ca01dac557744adec3477366cbe3888d44fcabefb3078c4c069f3a8
[2025-01-23 00:04:24.713104] [0x00007fa08df8cb80] [info]    Retrieving data for key: empty_test
[2025-01-23 00:04:24.713105] [0x00007fa08df8cb80] [debug]   Generating hash for key: empty_test
[2025-01-23 00:04:24.713109] [0x00007fa08df8cb80] [debug]   Generated hash: f1b6800e9ca01dac557744adec3477366cbe3888d44fcabefb3078c4c069f3a8
[2025-01-23 00:04:24.713112] [0x00007fa08df8cb80] [debug]   Calculated path: /tmp/store_test_1737590664711658106/f1/b6/80/0e9ca01dac557744adec3477366cbe3888d44fcabefb3078c4c069f3a8
[2025-01-23 00:04:24.713116] [0x00007fa08df8cb80] [debug]   Retrieved empty content for key: empty_test
[2025-01-23 00:04:24.713122] [0x00007fa08df8cb80] [info]    Clearing entire store at: "/tmp/store_test_1737590664711658106"
[2025-01-23 00:04:24.713273] [0x00007fa08df8cb80] [info]    Store cleared successfully
[       OK ] StoreTest.EmptyInput (1 ms)
[----------] 1 test from StoreTest (1 ms total)

[----------] Global test environment tear-down
[==========] 1 test from 1 test suite ran. (1 ms total)
[  PASSED  ] 1 test.
<end of output>
Test time =   0.01 sec
----------------------------------------------------------
Test Passed.
"StoreTest.EmptyInput" end time: Jan 23 00:04 UTC
"StoreTest.EmptyInput" time elapsed: 00:00:00
----------------------------------------------------------

11/28 Testing: StoreTest.MultipleFiles
11/28 Test: StoreTest.MultipleFiles
Command: "/home/runner/workspace/build/store_tests" "--gtest_filter=StoreTest.MultipleFiles" "--gtest_also_run_disabled_tests"
Directory: /home/runner/workspace/build
"StoreTest.MultipleFiles" start time: Jan 23 00:04 UTC
Output:
----------------------------------------------------------
Running main() from /build/source/googletest/src/gtest_main.cc
Note: Google Test filter = StoreTest.MultipleFiles
[==========] Running 1 test from 1 test suite.
[----------] Global test environment set-up.
[----------] 1 test from StoreTest
[ RUN      ] StoreTest.MultipleFiles
[2025-01-23 00:04:24.724772] [0x00007f3e6d41ab80] [info]    Initializing Store with base path: /tmp/store_test_1737590664724660726
[2025-01-23 00:04:24.724782] [0x00007f3e6d41ab80] [debug]   Store directory created/verified at: /tmp/store_test_1737590664724660726
[2025-01-23 00:04:24.724787] [0x00007f3e6d41ab80] [info]    Storing data with key: key1
[2025-01-23 00:04:24.724791] [0x00007f3e6d41ab80] [debug]   Generating hash for key: key1
[2025-01-23 00:04:24.726047] [0x00007f3e6d41ab80] [debug]   Generated hash: 8174099687a26621f4e2cdd7cc03b3dacedb3fb962255b1aafd033cabe831530
[2025-01-23 00:04:24.726059] [0x00007f3e6d41ab80] [debug]   Calculated path: /tmp/store_test_1737590664724660726/81/74/09/9687a26621f4e2cdd7cc03b3dacedb3fb962255b1aafd033cabe831530
[2025-01-23 00:04:24.726105] [0x00007f3e6d41ab80] [debug]   Calculated file path: /tmp/store_test_1737590664724660726/81/74/09/9687a26621f4e2cdd7cc03b3dacedb3fb962255b1aafd033cabe831530
[2025-01-23 00:04:24.726155] [0x00007f3e6d41ab80] [info]    Successfully stored 18 bytes with key: key1
[2025-01-23 00:04:24.726164] [0x00007f3e6d41ab80] [debug]   Checking existence of key: key1
[2025-01-23 00:04:24.726167] [0x00007f3e6d41ab80] [debug]   Generating hash for key: key1
[2025-01-23 00:04:24.726177] [0x00007f3e6d41ab80] [debug]   Generated hash: 8174099687a26621f4e2cdd7cc03b3dacedb3fb962255b1aafd033cabe831530
[2025-01-23 00:04:24.726184] [0x00007f3e6d41ab80] [debug]   Calculated path: /tmp/store_test_1737590664724660726/81/74/09/9687a26621f4e2cdd7cc03b3dacedb3fb962255b1aafd033cabe831530
[2025-01-23 00:04:24.726190] [0x00007f3e6d41ab80] [debug]   Key key1 exists at path: /tmp/store_test_1737590664724660726/81/74/09/9687a26621f4e2cdd7cc03b3dacedb3fb962255b1aafd033cabe831530
[2025-01-23 00:04:24.726195] [0x00007f3e6d41ab80] [info]    Storing data with key: key2
[2025-01-23 00:04:24.726197] [0x00007f3e6d41ab80] [debug]   Generating hash for key: key2
[2025-01-23 00:04:24.726201] [0x00007f3e6d41ab80] [debug]   Generated hash: b10253764c8b233fb37542e23401c7b450e5a6f9751f3b5a014f6f67e8bc999d
[2025-01-23 00:04:24.726205] [0x00007f3e6d41ab80] [debug]   Calculated path: /tmp/store_test_1737590664724660726/b1/02/53/764c8b233fb37542e23401c7b450e5a6f9751f3b5a014f6f67e8bc999d
[2025-01-23 00:04:24.726239] [0x00007f3e6d41ab80] [debug]   Calculated file path: /tmp/store_test_1737590664724660726/b1/02/53/764c8b233fb37542e23401c7b450e5a6f9751f3b5a014f6f67e8bc999d
[2025-01-23 00:04:24.726266] [0x00007f3e6d41ab80] [info]    Successfully stored 19 bytes with key: key2
[2025-01-23 00:04:24.726273] [0x00007f3e6d41ab80] [debug]   Checking existence of key: key2
[2025-01-23 00:04:24.726275] [0x00007f3e6d41ab80] [debug]   Generating hash for key: key2
[2025-01-23 00:04:24.726280] [0x00007f3e6d41ab80] [debug]   Generated hash: b10253764c8b233fb37542e23401c7b450e5a6f9751f3b5a014f6f67e8bc999d
[2025-01-23 00:04:24.726283] [0x00007f3e6d41ab80] [debug]   Calculated path: /tmp/store_test_1737590664724660726/b1/02/53/764c8b233fb37542e23401c7b450e5a6f9751f3b5a014f6f67e8bc999d
[2025-01-23 00:04:24.726287] [0x00007f3e6d41ab80] [debug]   Key key2 exists at path: /tmp/store_test_1737590664724660726/b1/02/53/764c8b233fb37542e23401c7b450e5a6f9751f3b5a014f6f67e8bc999d
[2025-01-23 00:04:24.726292] [0x00007f3e6d41ab80] [info]    Storing data with key: key3
[2025-01-23 00:04:24.726293] [0x00007f3e6d41ab80] [debug]   Generating hash for key: key3
[2025-01-23 00:04:24.726297] [0x00007f3e6d41ab80] [debug]   Generated hash: f576104eebeab09651d83acffc77c8b8c6eaa4b767aeab24d7da80f83f51d865
[2025-01-23 00:04:24.726299] [0x00007f3e6d41ab80] [debug]   Calculated path: /tmp/store_test_1737590664724660726/f5/76/10/4eebeab09651d83acffc77c8b8c6eaa4b767aeab24d7da80f83f51d865
[2025-01-23 00:04:24.726344] [0x00007f3e6d41ab80] [debug]   Calculated file path: /tmp/store_test_1737590664724660726/f5/76/10/4eebeab09651d83acffc77c8b8c6eaa4b767aeab24d7da80f83f51d865
[2025-01-23 00:04:24.726371] [0x00007f3e6d41ab80] [info]    Successfully stored 18 bytes with key: key3
[2025-01-23 00:04:24.726377] [0x00007f3e6d41ab80] [debug]   Checking existence of key: key3
[2025-01-23 00:04:24.726379] [0x00007f3e6d41ab80] [debug]   Generating hash for key: key3
[2025-01-23 00:04:24.726384] [0x00007f3e6d41ab80] [debug]   Generated hash: f576104eebeab09651d83acffc77c8b8c6eaa4b767aeab24d7da80f83f51d865
[2025-01-23 00:04:24.726387] [0x00007f3e6d41ab80] [debug]   Calculated path: /tmp/store_test_1737590664724660726/f5/76/10/4eebeab09651d83acffc77c8b8c6eaa4b767aeab24d7da80f83f51d865
[2025-01-23 00:04:24.726391] [0x00007f3e6d41ab80] [debug]   Key key3 exists at path: /tmp/store_test_1737590664724660726/f5/76/10/4eebeab09651d83acffc77c8b8c6eaa4b767aeab24d7da80f83f51d865
[2025-01-23 00:04:24.726412] [0x00007f3e6d41ab80] [debug]   Checking existence of key: key1
[2025-01-23 00:04:24.726415] [0x00007f3e6d41ab80] [debug]   Generating hash for key: key1
[2025-01-23 00:04:24.726420] [0x00007f3e6d41ab80] [debug]   Generated hash: 8174099687a26621f4e2cdd7cc03b3dacedb3fb962255b1aafd033cabe831530
[2025-01-23 00:04:24.726422] [0x00007f3e6d41ab80] [debug]   Calculated path: /tmp/store_test_1737590664724660726/81/74/09/9687a26621f4e2cdd7cc03b3dacedb3fb962255b1aafd033cabe831530
[2025-01-23 00:04:24.726427] [0x00007f3e6d41ab80] [debug]   Key key1 exists at path: /tmp/store_test_1737590664724660726/81/74/09/9687a26621f4e2cdd7cc03b3dacedb3fb962255b1aafd033cabe831530
[2025-01-23 00:04:24.726429] [0x00007f3e6d41ab80] [info]    Retrieving data for key: key1
[2025-01-23 00:04:24.726432] [0x00007f3e6d41ab80] [debug]   Generating hash for key: key1
[2025-01-23 00:04:24.726434] [0x00007f3e6d41ab80] [debug]   Generated hash: 8174099687a26621f4e2cdd7cc03b3dacedb3fb962255b1aafd033cabe831530
[2025-01-23 00:04:24.726438] [0x00007f3e6d41ab80] [debug]   Calculated path: /tmp/store_test_1737590664724660726/81/74/09/9687a26621f4e2cdd7cc03b3dacedb3fb962255b1aafd033cabe831530
[2025-01-23 00:04:24.726449] [0x00007f3e6d41ab80] [info]    Successfully streamed 18 bytes for key: key1
[2025-01-23 00:04:24.726456] [0x00007f3e6d41ab80] [debug]   Checking existence of key: key2
[2025-01-23 00:04:24.726458] [0x00007f3e6d41ab80] [debug]   Generating hash for key: key2
[2025-01-23 00:04:24.726461] [0x00007f3e6d41ab80] [debug]   Generated hash: b10253764c8b233fb37542e23401c7b450e5a6f9751f3b5a014f6f67e8bc999d
[2025-01-23 00:04:24.726465] [0x00007f3e6d41ab80] [debug]   Calculated path: /tmp/store_test_1737590664724660726/b1/02/53/764c8b233fb37542e23401c7b450e5a6f9751f3b5a014f6f67e8bc999d
[2025-01-23 00:04:24.726469] [0x00007f3e6d41ab80] [debug]   Key key2 exists at path: /tmp/store_test_1737590664724660726/b1/02/53/764c8b233fb37542e23401c7b450e5a6f9751f3b5a014f6f67e8bc999d
[2025-01-23 00:04:24.726470] [0x00007f3e6d41ab80] [info]    Retrieving data for key: key2
[2025-01-23 00:04:24.726472] [0x00007f3e6d41ab80] [debug]   Generating hash for key: key2
[2025-01-23 00:04:24.726475] [0x00007f3e6d41ab80] [debug]   Generated hash: b10253764c8b233fb37542e23401c7b450e5a6f9751f3b5a014f6f67e8bc999d
[2025-01-23 00:04:24.726479] [0x00007f3e6d41ab80] [debug]   Calculated path: /tmp/store_test_1737590664724660726/b1/02/53/764c8b233fb37542e23401c7b450e5a6f9751f3b5a014f6f67e8bc999d
[2025-01-23 00:04:24.726487] [0x00007f3e6d41ab80] [info]    Successfully streamed 19 bytes for key: key2
[2025-01-23 00:04:24.726489] [0x00007f3e6d41ab80] [debug]   Checking existence of key: key3
[2025-01-23 00:04:24.726491] [0x00007f3e6d41ab80] [debug]   Generating hash for key: key3
[2025-01-23 00:04:24.726494] [0x00007f3e6d41ab80] [debug]   Generated hash: f576104eebeab09651d83acffc77c8b8c6eaa4b767aeab24d7da80f83f51d865
[2025-01-23 00:04:24.726500] [0x00007f3e6d41ab80] [debug]   Calculated path: /tmp/store_test_1737590664724660726/f5/76/10/4eebeab09651d83acffc77c8b8c6eaa4b767aeab24d7da80f83f51d865
[2025-01-23 00:04:24.726503] [0x00007f3e6d41ab80] [debug]   Key key3 exists at path: /tmp/store_test_1737590664724660726/f5/76/10/4eebeab09651d83acffc77c8b8c6eaa4b767aeab24d7da80f83f51d865
[2025-01-23 00:04:24.726505] [0x00007f3e6d41ab80] [info]    Retrieving data for key: key3
[2025-01-23 00:04:24.726506] [0x00007f3e6d41ab80] [debug]   Generating hash for key: key3
[2025-01-23 00:04:24.726509] [0x00007f3e6d41ab80] [debug]   Generated hash: f576104eebeab09651d83acffc77c8b8c6eaa4b767aeab24d7da80f83f51d865
[2025-01-23 00:04:24.726511] [0x00007f3e6d41ab80] [debug]   Calculated path: /tmp/store_test_1737590664724660726/f5/76/10/4eebeab09651d83acffc77c8b8c6eaa4b767aeab24d7da80f83f51d865
[2025-01-23 00:04:24.726519] [0x00007f3e6d41ab80] [info]    Successfully streamed 18 bytes for key: key3
[2025-01-23 00:04:24.726525] [0x00007f3e6d41ab80] [info]    Clearing entire store at: "/tmp/store_test_1737590664724660726"
[2025-01-23 00:04:24.727000] [0x00007f3e6d41ab80] [info]    Store cleared successfully
[       OK ] StoreTest.MultipleFiles (2 ms)
[----------] 1 test from StoreTest (2 ms total)

[----------] Global test environment tear-down
[==========] 1 test from 1 test suite ran. (2 ms total)
[  PASSED  ] 1 test.
<end of output>
Test time =   0.01 sec
----------------------------------------------------------
Test Passed.
"StoreTest.MultipleFiles" end time: Jan 23 00:04 UTC
"StoreTest.MultipleFiles" time elapsed: 00:00:00
----------------------------------------------------------

12/28 Testing: StoreTest.ErrorHandling
12/28 Test: StoreTest.ErrorHandling
Command: "/home/runner/workspace/build/store_tests" "--gtest_filter=StoreTest.ErrorHandling" "--gtest_also_run_disabled_tests"
Directory: /home/runner/workspace/build
"StoreTest.ErrorHandling" start time: Jan 23 00:04 UTC
Output:
----------------------------------------------------------
Running main() from /build/source/googletest/src/gtest_main.cc
Note: Google Test filter = StoreTest.ErrorHandling
[==========] Running 1 test from 1 test suite.
[----------] Global test environment set-up.
[----------] 1 test from StoreTest
[ RUN      ] StoreTest.ErrorHandling
[2025-01-23 00:04:24.739448] [0x00007fcd35fa3b80] [info]    Initializing Store with base path: /tmp/store_test_1737590664739318976
[2025-01-23 00:04:24.739458] [0x00007fcd35fa3b80] [debug]   Store directory created/verified at: /tmp/store_test_1737590664739318976
[2025-01-23 00:04:24.739462] [0x00007fcd35fa3b80] [debug]   Checking existence of key: error_key
[2025-01-23 00:04:24.739464] [0x00007fcd35fa3b80] [debug]   Generating hash for key: error_key
[2025-01-23 00:04:24.740589] [0x00007fcd35fa3b80] [debug]   Generated hash: 7a0a1ce4f1c58ba0fb867426e1bbf7c475cf4a6fb6902cf56852bd2b980d900b
[2025-01-23 00:04:24.740602] [0x00007fcd35fa3b80] [debug]   Calculated path: /tmp/store_test_1737590664739318976/7a/0a/1c/e4f1c58ba0fb867426e1bbf7c475cf4a6fb6902cf56852bd2b980d900b
[2025-01-23 00:04:24.740612] [0x00007fcd35fa3b80] [debug]   Key error_key not found at path: /tmp/store_test_1737590664739318976/7a/0a/1c/e4f1c58ba0fb867426e1bbf7c475cf4a6fb6902cf56852bd2b980d900b
[2025-01-23 00:04:24.740615] [0x00007fcd35fa3b80] [info]    Retrieving data for key: error_key
[2025-01-23 00:04:24.740621] [0x00007fcd35fa3b80] [debug]   Generating hash for key: error_key
[2025-01-23 00:04:24.740628] [0x00007fcd35fa3b80] [debug]   Generated hash: 7a0a1ce4f1c58ba0fb867426e1bbf7c475cf4a6fb6902cf56852bd2b980d900b
[2025-01-23 00:04:24.740633] [0x00007fcd35fa3b80] [debug]   Calculated path: /tmp/store_test_1737590664739318976/7a/0a/1c/e4f1c58ba0fb867426e1bbf7c475cf4a6fb6902cf56852bd2b980d900b
[2025-01-23 00:04:24.740636] [0x00007fcd35fa3b80] [error]   File not found: /tmp/store_test_1737590664739318976/7a/0a/1c/e4f1c58ba0fb867426e1bbf7c475cf4a6fb6902cf56852bd2b980d900b
[2025-01-23 00:04:24.740661] [0x00007fcd35fa3b80] [info]    Storing data with key: error_key
[2025-01-23 00:04:24.740665] [0x00007fcd35fa3b80] [error]   Invalid input stream provided for key: error_key
[2025-01-23 00:04:24.740671] [0x00007fcd35fa3b80] [info]    Clearing entire store at: "/tmp/store_test_1737590664739318976"
[2025-01-23 00:04:24.740761] [0x00007fcd35fa3b80] [info]    Store cleared successfully
[       OK ] StoreTest.ErrorHandling (1 ms)
[----------] 1 test from StoreTest (1 ms total)

[----------] Global test environment tear-down
[==========] 1 test from 1 test suite ran. (1 ms total)
[  PASSED  ] 1 test.
<end of output>
Test time =   0.01 sec
----------------------------------------------------------
Test Passed.
"StoreTest.ErrorHandling" end time: Jan 23 00:04 UTC
"StoreTest.ErrorHandling" time elapsed: 00:00:00
----------------------------------------------------------

13/28 Testing: StoreTest.Clear
13/28 Test: StoreTest.Clear
Command: "/home/runner/workspace/build/store_tests" "--gtest_filter=StoreTest.Clear" "--gtest_also_run_disabled_tests"
Directory: /home/runner/workspace/build
"StoreTest.Clear" start time: Jan 23 00:04 UTC
Output:
----------------------------------------------------------
Running main() from /build/source/googletest/src/gtest_main.cc
Note: Google Test filter = StoreTest.Clear
[==========] Running 1 test from 1 test suite.
[----------] Global test environment set-up.
[----------] 1 test from StoreTest
[ RUN      ] StoreTest.Clear
[2025-01-23 00:04:24.753647] [0x00007fd7c7e49b80] [info]    Initializing Store with base path: /tmp/store_test_1737590664753519906
[2025-01-23 00:04:24.753662] [0x00007fd7c7e49b80] [debug]   Store directory created/verified at: /tmp/store_test_1737590664753519906
[2025-01-23 00:04:24.753669] [0x00007fd7c7e49b80] [info]    Storing data with key: key1
[2025-01-23 00:04:24.753675] [0x00007fd7c7e49b80] [debug]   Generating hash for key: key1
[2025-01-23 00:04:24.754937] [0x00007fd7c7e49b80] [debug]   Generated hash: 8174099687a26621f4e2cdd7cc03b3dacedb3fb962255b1aafd033cabe831530
[2025-01-23 00:04:24.754948] [0x00007fd7c7e49b80] [debug]   Calculated path: /tmp/store_test_1737590664753519906/81/74/09/9687a26621f4e2cdd7cc03b3dacedb3fb962255b1aafd033cabe831530
[2025-01-23 00:04:24.754997] [0x00007fd7c7e49b80] [debug]   Calculated file path: /tmp/store_test_1737590664753519906/81/74/09/9687a26621f4e2cdd7cc03b3dacedb3fb962255b1aafd033cabe831530
[2025-01-23 00:04:24.755054] [0x00007fd7c7e49b80] [info]    Successfully stored 9 bytes with key: key1
[2025-01-23 00:04:24.755065] [0x00007fd7c7e49b80] [debug]   Checking existence of key: key1
[2025-01-23 00:04:24.755068] [0x00007fd7c7e49b80] [debug]   Generating hash for key: key1
[2025-01-23 00:04:24.755077] [0x00007fd7c7e49b80] [debug]   Generated hash: 8174099687a26621f4e2cdd7cc03b3dacedb3fb962255b1aafd033cabe831530
[2025-01-23 00:04:24.755085] [0x00007fd7c7e49b80] [debug]   Calculated path: /tmp/store_test_1737590664753519906/81/74/09/9687a26621f4e2cdd7cc03b3dacedb3fb962255b1aafd033cabe831530
[2025-01-23 00:04:24.755092] [0x00007fd7c7e49b80] [debug]   Key key1 exists at path: /tmp/store_test_1737590664753519906/81/74/09/9687a26621f4e2cdd7cc03b3dacedb3fb962255b1aafd033cabe831530
[2025-01-23 00:04:24.755095] [0x00007fd7c7e49b80] [info]    Storing data with key: key2
[2025-01-23 00:04:24.755096] [0x00007fd7c7e49b80] [debug]   Generating hash for key: key2
[2025-01-23 00:04:24.755100] [0x00007fd7c7e49b80] [debug]   Generated hash: b10253764c8b233fb37542e23401c7b450e5a6f9751f3b5a014f6f67e8bc999d
[2025-01-23 00:04:24.755103] [0x00007fd7c7e49b80] [debug]   Calculated path: /tmp/store_test_1737590664753519906/b1/02/53/764c8b233fb37542e23401c7b450e5a6f9751f3b5a014f6f67e8bc999d
[2025-01-23 00:04:24.755136] [0x00007fd7c7e49b80] [debug]   Calculated file path: /tmp/store_test_1737590664753519906/b1/02/53/764c8b233fb37542e23401c7b450e5a6f9751f3b5a014f6f67e8bc999d
[2025-01-23 00:04:24.755185] [0x00007fd7c7e49b80] [info]    Successfully stored 9 bytes with key: key2
[2025-01-23 00:04:24.755207] [0x00007fd7c7e49b80] [debug]   Checking existence of key: key2
[2025-01-23 00:04:24.755209] [0x00007fd7c7e49b80] [debug]   Generating hash for key: key2
[2025-01-23 00:04:24.755215] [0x00007fd7c7e49b80] [debug]   Generated hash: b10253764c8b233fb37542e23401c7b450e5a6f9751f3b5a014f6f67e8bc999d
[2025-01-23 00:04:24.755219] [0x00007fd7c7e49b80] [debug]   Calculated path: /tmp/store_test_1737590664753519906/b1/02/53/764c8b233fb37542e23401c7b450e5a6f9751f3b5a014f6f67e8bc999d
[2025-01-23 00:04:24.755226] [0x00007fd7c7e49b80] [debug]   Key key2 exists at path: /tmp/store_test_1737590664753519906/b1/02/53/764c8b233fb37542e23401c7b450e5a6f9751f3b5a014f6f67e8bc999d
[2025-01-23 00:04:24.755228] [0x00007fd7c7e49b80] [info]    Storing data with key: key3
[2025-01-23 00:04:24.755230] [0x00007fd7c7e49b80] [debug]   Generating hash for key: key3
[2025-01-23 00:04:24.755234] [0x00007fd7c7e49b80] [debug]   Generated hash: f576104eebeab09651d83acffc77c8b8c6eaa4b767aeab24d7da80f83f51d865
[2025-01-23 00:04:24.755241] [0x00007fd7c7e49b80] [debug]   Calculated path: /tmp/store_test_1737590664753519906/f5/76/10/4eebeab09651d83acffc77c8b8c6eaa4b767aeab24d7da80f83f51d865
[2025-01-23 00:04:24.755288] [0x00007fd7c7e49b80] [debug]   Calculated file path: /tmp/store_test_1737590664753519906/f5/76/10/4eebeab09651d83acffc77c8b8c6eaa4b767aeab24d7da80f83f51d865
[2025-01-23 00:04:24.755314] [0x00007fd7c7e49b80] [info]    Successfully stored 9 bytes with key: key3
[2025-01-23 00:04:24.755319] [0x00007fd7c7e49b80] [debug]   Checking existence of key: key3
[2025-01-23 00:04:24.755320] [0x00007fd7c7e49b80] [debug]   Generating hash for key: key3
[2025-01-23 00:04:24.755326] [0x00007fd7c7e49b80] [debug]   Generated hash: f576104eebeab09651d83acffc77c8b8c6eaa4b767aeab24d7da80f83f51d865
[2025-01-23 00:04:24.755329] [0x00007fd7c7e49b80] [debug]   Calculated path: /tmp/store_test_1737590664753519906/f5/76/10/4eebeab09651d83acffc77c8b8c6eaa4b767aeab24d7da80f83f51d865
[2025-01-23 00:04:24.755333] [0x00007fd7c7e49b80] [debug]   Key key3 exists at path: /tmp/store_test_1737590664753519906/f5/76/10/4eebeab09651d83acffc77c8b8c6eaa4b767aeab24d7da80f83f51d865
[2025-01-23 00:04:24.755338] [0x00007fd7c7e49b80] [info]    Clearing entire store at: "/tmp/store_test_1737590664753519906"
[2025-01-23 00:04:24.755828] [0x00007fd7c7e49b80] [info]    Store cleared successfully
[2025-01-23 00:04:24.755837] [0x00007fd7c7e49b80] [debug]   Checking existence of key: key1
[2025-01-23 00:04:24.755839] [0x00007fd7c7e49b80] [debug]   Generating hash for key: key1
[2025-01-23 00:04:24.755846] [0x00007fd7c7e49b80] [debug]   Generated hash: 8174099687a26621f4e2cdd7cc03b3dacedb3fb962255b1aafd033cabe831530
[2025-01-23 00:04:24.755850] [0x00007fd7c7e49b80] [debug]   Calculated path: /tmp/store_test_1737590664753519906/81/74/09/9687a26621f4e2cdd7cc03b3dacedb3fb962255b1aafd033cabe831530
[2025-01-23 00:04:24.755856] [0x00007fd7c7e49b80] [debug]   Key key1 not found at path: /tmp/store_test_1737590664753519906/81/74/09/9687a26621f4e2cdd7cc03b3dacedb3fb962255b1aafd033cabe831530
[2025-01-23 00:04:24.755861] [0x00007fd7c7e49b80] [info]    Retrieving data for key: key1
[2025-01-23 00:04:24.755862] [0x00007fd7c7e49b80] [debug]   Generating hash for key: key1
[2025-01-23 00:04:24.755866] [0x00007fd7c7e49b80] [debug]   Generated hash: 8174099687a26621f4e2cdd7cc03b3dacedb3fb962255b1aafd033cabe831530
[2025-01-23 00:04:24.755868] [0x00007fd7c7e49b80] [debug]   Calculated path: /tmp/store_test_1737590664753519906/81/74/09/9687a26621f4e2cdd7cc03b3dacedb3fb962255b1aafd033cabe831530
[2025-01-23 00:04:24.755875] [0x00007fd7c7e49b80] [error]   File not found: /tmp/store_test_1737590664753519906/81/74/09/9687a26621f4e2cdd7cc03b3dacedb3fb962255b1aafd033cabe831530
[2025-01-23 00:04:24.755909] [0x00007fd7c7e49b80] [debug]   Checking existence of key: key2
[2025-01-23 00:04:24.755917] [0x00007fd7c7e49b80] [debug]   Generating hash for key: key2
[2025-01-23 00:04:24.755925] [0x00007fd7c7e49b80] [debug]   Generated hash: b10253764c8b233fb37542e23401c7b450e5a6f9751f3b5a014f6f67e8bc999d
[2025-01-23 00:04:24.755932] [0x00007fd7c7e49b80] [debug]   Calculated path: /tmp/store_test_1737590664753519906/b1/02/53/764c8b233fb37542e23401c7b450e5a6f9751f3b5a014f6f67e8bc999d
[2025-01-23 00:04:24.755955] [0x00007fd7c7e49b80] [debug]   Key key2 not found at path: /tmp/store_test_1737590664753519906/b1/02/53/764c8b233fb37542e23401c7b450e5a6f9751f3b5a014f6f67e8bc999d
[2025-01-23 00:04:24.755963] [0x00007fd7c7e49b80] [info]    Retrieving data for key: key2
[2025-01-23 00:04:24.755966] [0x00007fd7c7e49b80] [debug]   Generating hash for key: key2
[2025-01-23 00:04:24.755973] [0x00007fd7c7e49b80] [debug]   Generated hash: b10253764c8b233fb37542e23401c7b450e5a6f9751f3b5a014f6f67e8bc999d
[2025-01-23 00:04:24.755980] [0x00007fd7c7e49b80] [debug]   Calculated path: /tmp/store_test_1737590664753519906/b1/02/53/764c8b233fb37542e23401c7b450e5a6f9751f3b5a014f6f67e8bc999d
[2025-01-23 00:04:24.755985] [0x00007fd7c7e49b80] [error]   File not found: /tmp/store_test_1737590664753519906/b1/02/53/764c8b233fb37542e23401c7b450e5a6f9751f3b5a014f6f67e8bc999d
[2025-01-23 00:04:24.756007] [0x00007fd7c7e49b80] [debug]   Checking existence of key: key3
[2025-01-23 00:04:24.756012] [0x00007fd7c7e49b80] [debug]   Generating hash for key: key3
[2025-01-23 00:04:24.756018] [0x00007fd7c7e49b80] [debug]   Generated hash: f576104eebeab09651d83acffc77c8b8c6eaa4b767aeab24d7da80f83f51d865
[2025-01-23 00:04:24.756025] [0x00007fd7c7e49b80] [debug]   Calculated path: /tmp/store_test_1737590664753519906/f5/76/10/4eebeab09651d83acffc77c8b8c6eaa4b767aeab24d7da80f83f51d865
[2025-01-23 00:04:24.756034] [0x00007fd7c7e49b80] [debug]   Key key3 not found at path: /tmp/store_test_1737590664753519906/f5/76/10/4eebeab09651d83acffc77c8b8c6eaa4b767aeab24d7da80f83f51d865
[2025-01-23 00:04:24.756040] [0x00007fd7c7e49b80] [info]    Retrieving data for key: key3
[2025-01-23 00:04:24.756043] [0x00007fd7c7e49b80] [debug]   Generating hash for key: key3
[2025-01-23 00:04:24.756052] [0x00007fd7c7e49b80] [debug]   Generated hash: f576104eebeab09651d83acffc77c8b8c6eaa4b767aeab24d7da80f83f51d865
[2025-01-23 00:04:24.756055] [0x00007fd7c7e49b80] [debug]   Calculated path: /tmp/store_test_1737590664753519906/f5/76/10/4eebeab09651d83acffc77c8b8c6eaa4b767aeab24d7da80f83f51d865
[2025-01-23 00:04:24.756060] [0x00007fd7c7e49b80] [error]   File not found: /tmp/store_test_1737590664753519906/f5/76/10/4eebeab09651d83acffc77c8b8c6eaa4b767aeab24d7da80f83f51d865
[2025-01-23 00:04:24.756067] [0x00007fd7c7e49b80] [info]    Clearing entire store at: "/tmp/store_test_1737590664753519906"
[2025-01-23 00:04:24.756115] [0x00007fd7c7e49b80] [info]    Store cleared successfully
[       OK ] StoreTest.Clear (2 ms)
[----------] 1 test from StoreTest (2 ms total)

[----------] Global test environment tear-down
[==========] 1 test from 1 test suite ran. (2 ms total)
[  PASSED  ] 1 test.
<end of output>
Test time =   0.02 sec
----------------------------------------------------------
Test Passed.
"StoreTest.Clear" end time: Jan 23 00:04 UTC
"StoreTest.Clear" time elapsed: 00:00:00
----------------------------------------------------------

14/28 Testing: StoreTest.LargeFileHandling
14/28 Test: StoreTest.LargeFileHandling
Command: "/home/runner/workspace/build/store_tests" "--gtest_filter=StoreTest.LargeFileHandling" "--gtest_also_run_disabled_tests"
Directory: /home/runner/workspace/build
"StoreTest.LargeFileHandling" start time: Jan 23 00:04 UTC
Output:
----------------------------------------------------------
Running main() from /build/source/googletest/src/gtest_main.cc
Note: Google Test filter = StoreTest.LargeFileHandling
[==========] Running 1 test from 1 test suite.
[----------] Global test environment set-up.
[----------] 1 test from StoreTest
[ RUN      ] StoreTest.LargeFileHandling
[2025-01-23 00:04:24.768285] [0x00007f1304cd2b80] [info]    Initializing Store with base path: /tmp/store_test_1737590664768171326
[2025-01-23 00:04:24.768299] [0x00007f1304cd2b80] [debug]   Store directory created/verified at: /tmp/store_test_1737590664768171326
[2025-01-23 00:04:24.781408] [0x00007f1304cd2b80] [info]    Storing data with key: large_file
[2025-01-23 00:04:24.781427] [0x00007f1304cd2b80] [debug]   Generating hash for key: large_file
[2025-01-23 00:04:24.782782] [0x00007f1304cd2b80] [debug]   Generated hash: df1fbde40271055bb026eaa5094faa107c4a4987061ed6c7def9df06f885f2f3
[2025-01-23 00:04:24.782797] [0x00007f1304cd2b80] [debug]   Calculated path: /tmp/store_test_1737590664768171326/df/1f/bd/e40271055bb026eaa5094faa107c4a4987061ed6c7def9df06f885f2f3
[2025-01-23 00:04:24.782885] [0x00007f1304cd2b80] [debug]   Calculated file path: /tmp/store_test_1737590664768171326/df/1f/bd/e40271055bb026eaa5094faa107c4a4987061ed6c7def9df06f885f2f3
[2025-01-23 00:04:24.789681] [0x00007f1304cd2b80] [info]    Successfully stored 10485760 bytes with key: large_file
[2025-01-23 00:04:24.789694] [0x00007f1304cd2b80] [debug]   Checking existence of key: large_file
[2025-01-23 00:04:24.789699] [0x00007f1304cd2b80] [debug]   Generating hash for key: large_file
[2025-01-23 00:04:24.789712] [0x00007f1304cd2b80] [debug]   Generated hash: df1fbde40271055bb026eaa5094faa107c4a4987061ed6c7def9df06f885f2f3
[2025-01-23 00:04:24.789719] [0x00007f1304cd2b80] [debug]   Calculated path: /tmp/store_test_1737590664768171326/df/1f/bd/e40271055bb026eaa5094faa107c4a4987061ed6c7def9df06f885f2f3
[2025-01-23 00:04:24.789733] [0x00007f1304cd2b80] [debug]   Key large_file exists at path: /tmp/store_test_1737590664768171326/df/1f/bd/e40271055bb026eaa5094faa107c4a4987061ed6c7def9df06f885f2f3
[2025-01-23 00:04:24.789739] [0x00007f1304cd2b80] [info]    Retrieving data for key: large_file
[2025-01-23 00:04:24.789742] [0x00007f1304cd2b80] [debug]   Generating hash for key: large_file
[2025-01-23 00:04:24.789750] [0x00007f1304cd2b80] [debug]   Generated hash: df1fbde40271055bb026eaa5094faa107c4a4987061ed6c7def9df06f885f2f3
[2025-01-23 00:04:24.789757] [0x00007f1304cd2b80] [debug]   Calculated path: /tmp/store_test_1737590664768171326/df/1f/bd/e40271055bb026eaa5094faa107c4a4987061ed6c7def9df06f885f2f3
[2025-01-23 00:04:24.804586] [0x00007f1304cd2b80] [info]    Successfully streamed 10485760 bytes for key: large_file
[2025-01-23 00:04:24.814096] [0x00007f1304cd2b80] [info]    Clearing entire store at: "/tmp/store_test_1737590664768171326"
[2025-01-23 00:04:24.816851] [0x00007f1304cd2b80] [info]    Store cleared successfully
[       OK ] StoreTest.LargeFileHandling (48 ms)
[----------] 1 test from StoreTest (48 ms total)

[----------] Global test environment tear-down
[==========] 1 test from 1 test suite ran. (48 ms total)
[  PASSED  ] 1 test.
<end of output>
Test time =   0.06 sec
----------------------------------------------------------
Test Passed.
"StoreTest.LargeFileHandling" end time: Jan 23 00:04 UTC
"StoreTest.LargeFileHandling" time elapsed: 00:00:00
----------------------------------------------------------

15/28 Testing: StoreTest.OverwriteBehavior
15/28 Test: StoreTest.OverwriteBehavior
Command: "/home/runner/workspace/build/store_tests" "--gtest_filter=StoreTest.OverwriteBehavior" "--gtest_also_run_disabled_tests"
Directory: /home/runner/workspace/build
"StoreTest.OverwriteBehavior" start time: Jan 23 00:04 UTC
Output:
----------------------------------------------------------
Running main() from /build/source/googletest/src/gtest_main.cc
Note: Google Test filter = StoreTest.OverwriteBehavior
[==========] Running 1 test from 1 test suite.
[----------] Global test environment set-up.
[----------] 1 test from StoreTest
[ RUN      ] StoreTest.OverwriteBehavior
[2025-01-23 00:04:24.834494] [0x00007f381ebc2b80] [info]    Initializing Store with base path: /tmp/store_test_1737590664834312715
[2025-01-23 00:04:24.834509] [0x00007f381ebc2b80] [debug]   Store directory created/verified at: /tmp/store_test_1737590664834312715
[2025-01-23 00:04:24.834517] [0x00007f381ebc2b80] [info]    Storing data with key: overwrite_test
[2025-01-23 00:04:24.834526] [0x00007f381ebc2b80] [debug]   Generating hash for key: overwrite_test
[2025-01-23 00:04:24.835803] [0x00007f381ebc2b80] [debug]   Generated hash: 30952b659b529afe6343c608ec6d8a565347d89ad4d22eec203b90234d48b36e
[2025-01-23 00:04:24.835815] [0x00007f381ebc2b80] [debug]   Calculated path: /tmp/store_test_1737590664834312715/30/95/2b/659b529afe6343c608ec6d8a565347d89ad4d22eec203b90234d48b36e
[2025-01-23 00:04:24.835863] [0x00007f381ebc2b80] [debug]   Calculated file path: /tmp/store_test_1737590664834312715/30/95/2b/659b529afe6343c608ec6d8a565347d89ad4d22eec203b90234d48b36e
[2025-01-23 00:04:24.835911] [0x00007f381ebc2b80] [info]    Successfully stored 15 bytes with key: overwrite_test
[2025-01-23 00:04:24.835917] [0x00007f381ebc2b80] [debug]   Checking existence of key: overwrite_test
[2025-01-23 00:04:24.835919] [0x00007f381ebc2b80] [debug]   Generating hash for key: overwrite_test
[2025-01-23 00:04:24.835929] [0x00007f381ebc2b80] [debug]   Generated hash: 30952b659b529afe6343c608ec6d8a565347d89ad4d22eec203b90234d48b36e
[2025-01-23 00:04:24.835938] [0x00007f381ebc2b80] [debug]   Calculated path: /tmp/store_test_1737590664834312715/30/95/2b/659b529afe6343c608ec6d8a565347d89ad4d22eec203b90234d48b36e
[2025-01-23 00:04:24.835946] [0x00007f381ebc2b80] [debug]   Key overwrite_test exists at path: /tmp/store_test_1737590664834312715/30/95/2b/659b529afe6343c608ec6d8a565347d89ad4d22eec203b90234d48b36e
[2025-01-23 00:04:24.835954] [0x00007f381ebc2b80] [info]    Retrieving data for key: overwrite_test
[2025-01-23 00:04:24.835957] [0x00007f381ebc2b80] [debug]   Generating hash for key: overwrite_test
[2025-01-23 00:04:24.835962] [0x00007f381ebc2b80] [debug]   Generated hash: 30952b659b529afe6343c608ec6d8a565347d89ad4d22eec203b90234d48b36e
[2025-01-23 00:04:24.835967] [0x00007f381ebc2b80] [debug]   Calculated path: /tmp/store_test_1737590664834312715/30/95/2b/659b529afe6343c608ec6d8a565347d89ad4d22eec203b90234d48b36e
[2025-01-23 00:04:24.835979] [0x00007f381ebc2b80] [info]    Successfully streamed 15 bytes for key: overwrite_test
[2025-01-23 00:04:24.835983] [0x00007f381ebc2b80] [info]    Storing data with key: overwrite_test
[2025-01-23 00:04:24.835985] [0x00007f381ebc2b80] [debug]   Generating hash for key: overwrite_test
[2025-01-23 00:04:24.835989] [0x00007f381ebc2b80] [debug]   Generated hash: 30952b659b529afe6343c608ec6d8a565347d89ad4d22eec203b90234d48b36e
[2025-01-23 00:04:24.835993] [0x00007f381ebc2b80] [debug]   Calculated path: /tmp/store_test_1737590664834312715/30/95/2b/659b529afe6343c608ec6d8a565347d89ad4d22eec203b90234d48b36e
[2025-01-23 00:04:24.835997] [0x00007f381ebc2b80] [debug]   Calculated file path: /tmp/store_test_1737590664834312715/30/95/2b/659b529afe6343c608ec6d8a565347d89ad4d22eec203b90234d48b36e
[2025-01-23 00:04:24.836054] [0x00007f381ebc2b80] [info]    Successfully stored 15 bytes with key: overwrite_test
[2025-01-23 00:04:24.836061] [0x00007f381ebc2b80] [info]    Retrieving data for key: overwrite_test
[2025-01-23 00:04:24.836063] [0x00007f381ebc2b80] [debug]   Generating hash for key: overwrite_test
[2025-01-23 00:04:24.836069] [0x00007f381ebc2b80] [debug]   Generated hash: 30952b659b529afe6343c608ec6d8a565347d89ad4d22eec203b90234d48b36e
[2025-01-23 00:04:24.836074] [0x00007f381ebc2b80] [debug]   Calculated path: /tmp/store_test_1737590664834312715/30/95/2b/659b529afe6343c608ec6d8a565347d89ad4d22eec203b90234d48b36e
[2025-01-23 00:04:24.836086] [0x00007f381ebc2b80] [info]    Successfully streamed 15 bytes for key: overwrite_test
[2025-01-23 00:04:24.836096] [0x00007f381ebc2b80] [info]    Clearing entire store at: "/tmp/store_test_1737590664834312715"
[2025-01-23 00:04:24.836268] [0x00007f381ebc2b80] [info]    Store cleared successfully
[       OK ] StoreTest.OverwriteBehavior (1 ms)
[----------] 1 test from StoreTest (2 ms total)

[----------] Global test environment tear-down
[==========] 1 test from 1 test suite ran. (2 ms total)
[  PASSED  ] 1 test.
<end of output>
Test time =   0.02 sec
----------------------------------------------------------
Test Passed.
"StoreTest.OverwriteBehavior" end time: Jan 23 00:04 UTC
"StoreTest.OverwriteBehavior" time elapsed: 00:00:00
----------------------------------------------------------

16/28 Testing: StoreTest.StreamStatePreservation
16/28 Test: StoreTest.StreamStatePreservation
Command: "/home/runner/workspace/build/store_tests" "--gtest_filter=StoreTest.StreamStatePreservation" "--gtest_also_run_disabled_tests"
Directory: /home/runner/workspace/build
"StoreTest.StreamStatePreservation" start time: Jan 23 00:04 UTC
Output:
----------------------------------------------------------
Running main() from /build/source/googletest/src/gtest_main.cc
Note: Google Test filter = StoreTest.StreamStatePreservation
[==========] Running 1 test from 1 test suite.
[----------] Global test environment set-up.
[----------] 1 test from StoreTest
[ RUN      ] StoreTest.StreamStatePreservation
[2025-01-23 00:04:24.849024] [0x00007f632690eb80] [info]    Initializing Store with base path: /tmp/store_test_1737590664848908535
[2025-01-23 00:04:24.849046] [0x00007f632690eb80] [debug]   Store directory created/verified at: /tmp/store_test_1737590664848908535
[2025-01-23 00:04:24.849056] [0x00007f632690eb80] [info]    Storing data with key: stream_state_test
[2025-01-23 00:04:24.849065] [0x00007f632690eb80] [debug]   Generating hash for key: stream_state_test
[2025-01-23 00:04:24.850304] [0x00007f632690eb80] [debug]   Generated hash: a9e413f31ab1fd98797abd4d4d50fc4ccfbf9abaec049f8d5f9e9c5b294d61c8
[2025-01-23 00:04:24.850316] [0x00007f632690eb80] [debug]   Calculated path: /tmp/store_test_1737590664848908535/a9/e4/13/f31ab1fd98797abd4d4d50fc4ccfbf9abaec049f8d5f9e9c5b294d61c8
[2025-01-23 00:04:24.850361] [0x00007f632690eb80] [debug]   Calculated file path: /tmp/store_test_1737590664848908535/a9/e4/13/f31ab1fd98797abd4d4d50fc4ccfbf9abaec049f8d5f9e9c5b294d61c8
[2025-01-23 00:04:24.850465] [0x00007f632690eb80] [info]    Successfully stored 26 bytes with key: stream_state_test
[2025-01-23 00:04:24.850473] [0x00007f632690eb80] [info]    Retrieving data for key: stream_state_test
[2025-01-23 00:04:24.850475] [0x00007f632690eb80] [debug]   Generating hash for key: stream_state_test
[2025-01-23 00:04:24.850481] [0x00007f632690eb80] [debug]   Generated hash: a9e413f31ab1fd98797abd4d4d50fc4ccfbf9abaec049f8d5f9e9c5b294d61c8
[2025-01-23 00:04:24.850484] [0x00007f632690eb80] [debug]   Calculated path: /tmp/store_test_1737590664848908535/a9/e4/13/f31ab1fd98797abd4d4d50fc4ccfbf9abaec049f8d5f9e9c5b294d61c8
[2025-01-23 00:04:24.850500] [0x00007f632690eb80] [info]    Successfully streamed 26 bytes for key: stream_state_test
[2025-01-23 00:04:24.850508] [0x00007f632690eb80] [info]    Clearing entire store at: "/tmp/store_test_1737590664848908535"
[2025-01-23 00:04:24.850662] [0x00007f632690eb80] [info]    Store cleared successfully
[       OK ] StoreTest.StreamStatePreservation (1 ms)
[----------] 1 test from StoreTest (1 ms total)

[----------] Global test environment tear-down
[==========] 1 test from 1 test suite ran. (1 ms total)
[  PASSED  ] 1 test.
<end of output>
Test time =   0.01 sec
----------------------------------------------------------
Test Passed.
"StoreTest.StreamStatePreservation" end time: Jan 23 00:04 UTC
"StoreTest.StreamStatePreservation" time elapsed: 00:00:00
----------------------------------------------------------

17/28 Testing: StoreTest.FileSizeRetrieval
17/28 Test: StoreTest.FileSizeRetrieval
Command: "/home/runner/workspace/build/store_tests" "--gtest_filter=StoreTest.FileSizeRetrieval" "--gtest_also_run_disabled_tests"
Directory: /home/runner/workspace/build
"StoreTest.FileSizeRetrieval" start time: Jan 23 00:04 UTC
Output:
----------------------------------------------------------
Running main() from /build/source/googletest/src/gtest_main.cc
Note: Google Test filter = StoreTest.FileSizeRetrieval
[==========] Running 1 test from 1 test suite.
[----------] Global test environment set-up.
[----------] 1 test from StoreTest
[ RUN      ] StoreTest.FileSizeRetrieval
[2025-01-23 00:04:24.863210] [0x00007f8e50446b80] [info]    Initializing Store with base path: /tmp/store_test_1737590664863098345
[2025-01-23 00:04:24.863224] [0x00007f8e50446b80] [debug]   Store directory created/verified at: /tmp/store_test_1737590664863098345
[2025-01-23 00:04:24.863233] [0x00007f8e50446b80] [info]    Storing data with key: size_test
[2025-01-23 00:04:24.863249] [0x00007f8e50446b80] [debug]   Generating hash for key: size_test
[2025-01-23 00:04:24.864591] [0x00007f8e50446b80] [debug]   Generated hash: d2283af70f36b068be549fdee1255a41540b931c457a992112d4cab9c89de74e
[2025-01-23 00:04:24.864606] [0x00007f8e50446b80] [debug]   Calculated path: /tmp/store_test_1737590664863098345/d2/28/3a/f70f36b068be549fdee1255a41540b931c457a992112d4cab9c89de74e
[2025-01-23 00:04:24.864678] [0x00007f8e50446b80] [debug]   Calculated file path: /tmp/store_test_1737590664863098345/d2/28/3a/f70f36b068be549fdee1255a41540b931c457a992112d4cab9c89de74e
[2025-01-23 00:04:24.864860] [0x00007f8e50446b80] [info]    Successfully stored 13 bytes with key: size_test
[2025-01-23 00:04:24.864875] [0x00007f8e50446b80] [debug]   Getting file size for key: size_test
[2025-01-23 00:04:24.864877] [0x00007f8e50446b80] [debug]   Generating hash for key: size_test
[2025-01-23 00:04:24.864887] [0x00007f8e50446b80] [debug]   Generated hash: d2283af70f36b068be549fdee1255a41540b931c457a992112d4cab9c89de74e
[2025-01-23 00:04:24.864900] [0x00007f8e50446b80] [debug]   Calculated path: /tmp/store_test_1737590664863098345/d2/28/3a/f70f36b068be549fdee1255a41540b931c457a992112d4cab9c89de74e
[2025-01-23 00:04:24.864913] [0x00007f8e50446b80] [debug]   File size for key size_test: 13 bytes
[2025-01-23 00:04:24.864920] [0x00007f8e50446b80] [info]    Storing data with key: empty_test
[2025-01-23 00:04:24.864923] [0x00007f8e50446b80] [debug]   Generating hash for key: empty_test
[2025-01-23 00:04:24.864931] [0x00007f8e50446b80] [debug]   Generated hash: f1b6800e9ca01dac557744adec3477366cbe3888d44fcabefb3078c4c069f3a8
[2025-01-23 00:04:24.864935] [0x00007f8e50446b80] [debug]   Calculated path: /tmp/store_test_1737590664863098345/f1/b6/80/0e9ca01dac557744adec3477366cbe3888d44fcabefb3078c4c069f3a8
[2025-01-23 00:04:24.864997] [0x00007f8e50446b80] [debug]   Calculated file path: /tmp/store_test_1737590664863098345/f1/b6/80/0e9ca01dac557744adec3477366cbe3888d44fcabefb3078c4c069f3a8
[2025-01-23 00:04:24.865029] [0x00007f8e50446b80] [debug]   Storing empty content for key: empty_test
[2025-01-23 00:04:24.865041] [0x00007f8e50446b80] [info]    Successfully stored 0 bytes with key: empty_test
[2025-01-23 00:04:24.865045] [0x00007f8e50446b80] [debug]   Getting file size for key: empty_test
[2025-01-23 00:04:24.865048] [0x00007f8e50446b80] [debug]   Generating hash for key: empty_test
[2025-01-23 00:04:24.865058] [0x00007f8e50446b80] [debug]   Generated hash: f1b6800e9ca01dac557744adec3477366cbe3888d44fcabefb3078c4c069f3a8
[2025-01-23 00:04:24.865066] [0x00007f8e50446b80] [debug]   Calculated path: /tmp/store_test_1737590664863098345/f1/b6/80/0e9ca01dac557744adec3477366cbe3888d44fcabefb3078c4c069f3a8
[2025-01-23 00:04:24.865076] [0x00007f8e50446b80] [debug]   File size for key empty_test: 0 bytes
[2025-01-23 00:04:24.865083] [0x00007f8e50446b80] [debug]   Getting file size for key: nonexistent_key
[2025-01-23 00:04:24.865086] [0x00007f8e50446b80] [debug]   Generating hash for key: nonexistent_key
[2025-01-23 00:04:24.865096] [0x00007f8e50446b80] [debug]   Generated hash: 5fbaf0fb39a2369c07d1aa653dd2386202abdff0c69ceb6060083b29af61fd2f
[2025-01-23 00:04:24.865104] [0x00007f8e50446b80] [debug]   Calculated path: /tmp/store_test_1737590664863098345/5f/ba/f0/fb39a2369c07d1aa653dd2386202abdff0c69ceb6060083b29af61fd2f
[2025-01-23 00:04:24.865114] [0x00007f8e50446b80] [error]   File not found: /tmp/store_test_1737590664863098345/5f/ba/f0/fb39a2369c07d1aa653dd2386202abdff0c69ceb6060083b29af61fd2f
[2025-01-23 00:04:24.865160] [0x00007f8e50446b80] [info]    Clearing entire store at: "/tmp/store_test_1737590664863098345"
[2025-01-23 00:04:24.865562] [0x00007f8e50446b80] [info]    Store cleared successfully
[       OK ] StoreTest.FileSizeRetrieval (2 ms)
[----------] 1 test from StoreTest (2 ms total)

[----------] Global test environment tear-down
[==========] 1 test from 1 test suite ran. (2 ms total)
[  PASSED  ] 1 test.
<end of output>
Test time =   0.01 sec
----------------------------------------------------------
Test Passed.
"StoreTest.FileSizeRetrieval" end time: Jan 23 00:04 UTC
"StoreTest.FileSizeRetrieval" time elapsed: 00:00:00
----------------------------------------------------------

18/28 Testing: ChannelTest.InitialState
18/28 Test: ChannelTest.InitialState
Command: "/home/runner/workspace/build/channel_tests" "--gtest_filter=ChannelTest.InitialState" "--gtest_also_run_disabled_tests"
Directory: /home/runner/workspace/build
"ChannelTest.InitialState" start time: Jan 23 00:04 UTC
Output:
----------------------------------------------------------
Running main() from /build/source/googletest/src/gtest_main.cc
Note: Google Test filter = ChannelTest.InitialState
[==========] Running 1 test from 1 test suite.
[----------] Global test environment set-up.
[----------] 1 test from ChannelTest
[ RUN      ] ChannelTest.InitialState
[       OK ] ChannelTest.InitialState (0 ms)
[----------] 1 test from ChannelTest (0 ms total)

[----------] Global test environment tear-down
[==========] 1 test from 1 test suite ran. (0 ms total)
[  PASSED  ] 1 test.
<end of output>
Test time =   0.01 sec
----------------------------------------------------------
Test Passed.
"ChannelTest.InitialState" end time: Jan 23 00:04 UTC
"ChannelTest.InitialState" time elapsed: 00:00:00
----------------------------------------------------------

19/28 Testing: ChannelTest.SingleProduceConsume
19/28 Test: ChannelTest.SingleProduceConsume
Command: "/home/runner/workspace/build/channel_tests" "--gtest_filter=ChannelTest.SingleProduceConsume" "--gtest_also_run_disabled_tests"
Directory: /home/runner/workspace/build
"ChannelTest.SingleProduceConsume" start time: Jan 23 00:04 UTC
Output:
----------------------------------------------------------
Running main() from /build/source/googletest/src/gtest_main.cc
Note: Google Test filter = ChannelTest.SingleProduceConsume
[==========] Running 1 test from 1 test suite.
[----------] Global test environment set-up.
[----------] 1 test from ChannelTest
[ RUN      ] ChannelTest.SingleProduceConsume
[2025-01-23 00:04:24.887706] [0x00007f36c72dfc40] [debug]   Added message frame to channel. Channel size: 1
[2025-01-23 00:04:24.887714] [0x00007f36c72dfc40] [debug]   Retrieved message frame from channel. Channel size: 0
[       OK ] ChannelTest.SingleProduceConsume (0 ms)
[----------] 1 test from ChannelTest (0 ms total)

[----------] Global test environment tear-down
[==========] 1 test from 1 test suite ran. (0 ms total)
[  PASSED  ] 1 test.
<end of output>
Test time =   0.01 sec
----------------------------------------------------------
Test Passed.
"ChannelTest.SingleProduceConsume" end time: Jan 23 00:04 UTC
"ChannelTest.SingleProduceConsume" time elapsed: 00:00:00
----------------------------------------------------------

20/28 Testing: ChannelTest.MultipleMessages
20/28 Test: ChannelTest.MultipleMessages
Command: "/home/runner/workspace/build/channel_tests" "--gtest_filter=ChannelTest.MultipleMessages" "--gtest_also_run_disabled_tests"
Directory: /home/runner/workspace/build
"ChannelTest.MultipleMessages" start time: Jan 23 00:04 UTC
Output:
----------------------------------------------------------
Running main() from /build/source/googletest/src/gtest_main.cc
Note: Google Test filter = ChannelTest.MultipleMessages
[==========] Running 1 test from 1 test suite.
[----------] Global test environment set-up.
[----------] 1 test from ChannelTest
[ RUN      ] ChannelTest.MultipleMessages
[2025-01-23 00:04:24.899563] [0x00007f889c3dec40] [debug]   Added message frame to channel. Channel size: 1
[2025-01-23 00:04:24.899618] [0x00007f889c3dec40] [debug]   Added message frame to channel. Channel size: 2
[2025-01-23 00:04:24.899625] [0x00007f889c3dec40] [debug]   Added message frame to channel. Channel size: 3
[2025-01-23 00:04:24.899628] [0x00007f889c3dec40] [debug]   Added message frame to channel. Channel size: 4
[2025-01-23 00:04:24.899631] [0x00007f889c3dec40] [debug]   Added message frame to channel. Channel size: 5
[2025-01-23 00:04:24.899635] [0x00007f889c3dec40] [debug]   Retrieved message frame from channel. Channel size: 4
[2025-01-23 00:04:24.899638] [0x00007f889c3dec40] [debug]   Retrieved message frame from channel. Channel size: 3
[2025-01-23 00:04:24.899640] [0x00007f889c3dec40] [debug]   Retrieved message frame from channel. Channel size: 2
[2025-01-23 00:04:24.899643] [0x00007f889c3dec40] [debug]   Retrieved message frame from channel. Channel size: 1
[2025-01-23 00:04:24.899645] [0x00007f889c3dec40] [debug]   Retrieved message frame from channel. Channel size: 0
[       OK ] ChannelTest.MultipleMessages (0 ms)
[----------] 1 test from ChannelTest (0 ms total)

[----------] Global test environment tear-down
[==========] 1 test from 1 test suite ran. (0 ms total)
[  PASSED  ] 1 test.
<end of output>
Test time =   0.01 sec
----------------------------------------------------------
Test Passed.
"ChannelTest.MultipleMessages" end time: Jan 23 00:04 UTC
"ChannelTest.MultipleMessages" time elapsed: 00:00:00
----------------------------------------------------------

21/28 Testing: ChannelTest.ConsumeEmptyChannel
21/28 Test: ChannelTest.ConsumeEmptyChannel
Command: "/home/runner/workspace/build/channel_tests" "--gtest_filter=ChannelTest.ConsumeEmptyChannel" "--gtest_also_run_disabled_tests"
Directory: /home/runner/workspace/build
"ChannelTest.ConsumeEmptyChannel" start time: Jan 23 00:04 UTC
Output:
----------------------------------------------------------
Running main() from /build/source/googletest/src/gtest_main.cc
Note: Google Test filter = ChannelTest.ConsumeEmptyChannel
[==========] Running 1 test from 1 test suite.
[----------] Global test environment set-up.
[----------] 1 test from ChannelTest
[ RUN      ] ChannelTest.ConsumeEmptyChannel
[       OK ] ChannelTest.ConsumeEmptyChannel (0 ms)
[----------] 1 test from ChannelTest (0 ms total)

[----------] Global test environment tear-down
[==========] 1 test from 1 test suite ran. (0 ms total)
[  PASSED  ] 1 test.
<end of output>
Test time =   0.01 sec
----------------------------------------------------------
Test Passed.
"ChannelTest.ConsumeEmptyChannel" end time: Jan 23 00:04 UTC
"ChannelTest.ConsumeEmptyChannel" time elapsed: 00:00:00
----------------------------------------------------------

22/28 Testing: ChannelTest.ConcurrentProducersConsumers
22/28 Test: ChannelTest.ConcurrentProducersConsumers
Command: "/home/runner/workspace/build/channel_tests" "--gtest_filter=ChannelTest.ConcurrentProducersConsumers" "--gtest_also_run_disabled_tests"
Directory: /home/runner/workspace/build
"ChannelTest.ConcurrentProducersConsumers" start time: Jan 23 00:04 UTC
Output:
----------------------------------------------------------
Running main() from /build/source/googletest/src/gtest_main.cc
Note: Google Test filter = ChannelTest.ConcurrentProducersConsumers
[==========] Running 1 test from 1 test suite.
[----------] Global test environment set-up.
[----------] 1 test from ChannelTest
[ RUN      ] ChannelTest.ConcurrentProducersConsumers
[2025-01-23 00:04:24.923078] [0x00007f96bf94f6c0] [debug]   Added message frame to channel. Channel size: 1
[2025-01-23 00:04:24.923117] [0x00007f96bd94b6c0] [debug]   Retrieved message frame from channel. Channel size: 0
[2025-01-23 00:04:24.923154] [0x00007f96be14c6c0] [debug]   Added message frame to channel. Channel size: 1
[2025-01-23 00:04:24.923175] [0x00007f96be94d6c0] [debug]   Added message frame to channel. Channel size: 2
[2025-01-23 00:04:24.923197] [0x00007f96bf14e6c0] [debug]   Added message frame to channel. Channel size: 3
[2025-01-23 00:04:24.923247] [0x00007f96bd14a6c0] [debug]   Retrieved message frame from channel. Channel size: 2
[2025-01-23 00:04:24.923256] [0x00007f96bd14a6c0] [debug]   Retrieved message frame from channel. Channel size: 1
[2025-01-23 00:04:24.923259] [0x00007f96bd14a6c0] [debug]   Retrieved message frame from channel. Channel size: 0
[2025-01-23 00:04:24.923278] [0x00007f96be14c6c0] [debug]   Added message frame to channel. Channel size: 1
[2025-01-23 00:04:24.923303] [0x00007f96bc9496c0] [debug]   Retrieved message frame from channel. Channel size: 0
[2025-01-23 00:04:24.923330] [0x00007f96bf94f6c0] [debug]   Added message frame to channel. Channel size: 1
[2025-01-23 00:04:24.923341] [0x00007f96be14c6c0] [debug]   Added message frame to channel. Channel size: 2
[2025-01-23 00:04:24.923390] [0x00007f96b7fff6c0] [debug]   Retrieved message frame from channel. Channel size: 1
[2025-01-23 00:04:24.923430] [0x00007f96b7fff6c0] [debug]   Retrieved message frame from channel. Channel size: 0
[2025-01-23 00:04:24.923459] [0x00007f96bf14e6c0] [debug]   Added message frame to channel. Channel size: 1
[2025-01-23 00:04:24.923476] [0x00007f96bd14a6c0] [debug]   Retrieved message frame from channel. Channel size: 0
[2025-01-23 00:04:24.923493] [0x00007f96be94d6c0] [debug]   Added message frame to channel. Channel size: 1
[2025-01-23 00:04:24.923505] [0x00007f96bf94f6c0] [debug]   Added message frame to channel. Channel size: 2
[...]
[2025-01-23 00:04:24.959773] [0x00007f34f5857c40] [debug] Crypto parameters initialized successfully
[2025-01-23 00:04:24.959775] [0x00007f34f5857c40] [info] Starting message frame serialization
[2025-01-23 00:04:24.959776] [0x00007f34f5857c40] [debug] Writing IV of size: 16
[2025-01-23 00:04:24.959779] [0x00007f34f5857c40] [debug] Writing message type: 0
[2025-01-23 00:04:24.959781] [0x00007f34f5857c40] [debug] Writing source id: 1
[2025-01-23 00:04:24.959782] [0x00007f34f5857c40] [debug] Writing payload size: 0
[2025-01-23 00:04:24.959786] [0x00007f34f5857c40] [info] Starting stream encryption
[2025-01-23 00:04:24.959789] [0x00007f34f5857c40] [debug] Initializing cipher for encryption
[2025-01-23 00:04:24.961227] [0x00007f34f5857c40] [debug] Cipher initialization complete
[2025-01-23 00:04:24.961240] [0x00007f34f5857c40] [debug] Writing encrypted filename length
[2025-01-23 00:04:24.961242] [0x00007f34f5857c40] [info] Encrypted message frame serialization complete. Total bytes written: 42
[2025-01-23 00:04:24.961245] [0x00007f34f5857c40] [debug] Cleaning up CryptoStream resources
[2025-01-23 00:04:24.961250] [0x00007f34f5857c40] [info] Initializing CryptoStream
[2025-01-23 00:04:24.961252] [0x00007f34f5857c40] [debug] CryptoStream initialization complete
[2025-01-23 00:04:24.961254] [0x00007f34f5857c40] [info] Starting message frame deserialization
[2025-01-23 00:04:24.961255] [0x00007f34f5857c40] [debug] Reading IV
[2025-01-23 00:04:24.961257] [0x00007f34f5857c40] [info] Initializing crypto parameters
[2025-01-23 00:04:24.961259] [0x00007f34f5857c40] [debug] Crypto parameters initialized successfully
[2025-01-23 00:04:24.961260] [0x00007f34f5857c40] [debug] Read message type: 0
[2025-01-23 00:04:24.961262] [0x00007f34f5857c40] [debug] Read source id: 1
[2025-01-23 00:04:24.961263] [0x00007f34f5857c40] [debug] Read payload size: 0
[2025-01-23 00:04:24.961265] [0x00007f34f5857c40] [info] Starting stream decryption
[2025-01-23 00:04:24.961267] [0x00007f34f5857c40] [debug] Initializing cipher for decryption
[2025-01-23 00:04:24.961270] [0x00007f34f5857c40] [debug] Cipher initialization complete
[2025-01-23 00:04:24.961273] [0x00007f34f5857c40] [debug] Read decrypted filename length: 28144640
[2025-01-23 00:04:24.961275] [0x00007f34f5857c40] [debug] Added message frame to channel. Channel size: 1
[2025-01-23 00:04:24.961276] [0x00007f34f5857c40] [info] Message frame deserialization complete. Total bytes read: 42
[2025-01-23 00:04:24.961278] [0x00007f34f5857c40] [debug] Cleaning up CryptoStream resources
[2025-01-23 00:04:24.961280] [0x00007f34f5857c40] [debug] Retrieved message frame from channel. Channel size: 0
[       OK ] CodecTest.MinimalFrameSerializeDeserialize (1 ms)
[----------] 1 test from CodecTest (1 ms total)

[----------] Global test environment tear-down
[==========] 1 test from 1 test suite ran. (1 ms total)
[  PASSED  ] 1 test.
<end of output>
Test time =   0.01 sec
----------------------------------------------------------
Test Passed.
"CodecTest.MinimalFrameSerializeDeserialize" end time: Jan 23 00:04 UTC
"CodecTest.MinimalFrameSerializeDeserialize" time elapsed: 00:00:00
----------------------------------------------------------

25/28 Testing: CodecTest.BasicSerializeDeserialize
25/28 Test: CodecTest.BasicSerializeDeserialize
Command: "/home/runner/workspace/build/codec_tests" "--gtest_filter=CodecTest.BasicSerializeDeserialize" "--gtest_also_run_disabled_tests"
Directory: /home/runner/workspace/build
"CodecTest.BasicSerializeDeserialize" start time: Jan 23 00:04 UTC
Output:
----------------------------------------------------------
Running main() from /build/source/googletest/src/gtest_main.cc
Note: Google Test filter = CodecTest.BasicSerializeDeserialize
[==========] Running 1 test from 1 test suite.
[----------] Global test environment set-up.
[----------] 1 test from CodecTest
[ RUN      ] CodecTest.BasicSerializeDeserialize
[2025-01-23 00:04:24.973795] [0x00007f653376ac40] [info]    Initializing Codec with key of size: 32
[2025-01-23 00:04:24.973829] [0x00007f653376ac40] [info] Initializing CryptoStream
[2025-01-23 00:04:24.973970] [0x00007f653376ac40] [debug] CryptoStream initialization complete
[2025-01-23 00:04:24.973974] [0x00007f653376ac40] [info] Initializing crypto parameters
[2025-01-23 00:04:24.973977] [0x00007f653376ac40] [debug] Crypto parameters initialized successfully
[2025-01-23 00:04:24.973978] [0x00007f653376ac40] [info] Starting message frame serialization
[2025-01-23 00:04:24.973980] [0x00007f653376ac40] [debug] Writing IV of size: 16
[2025-01-23 00:04:24.973982] [0x00007f653376ac40] [debug] Writing message type: 0
[2025-01-23 00:04:24.973984] [0x00007f653376ac40] [debug] Writing source id: 2
[2025-01-23 00:04:24.973985] [0x00007f653376ac40] [debug] Writing payload size: 11
[2025-01-23 00:04:24.973988] [0x00007f653376ac40] [info] Starting stream encryption
[2025-01-23 00:04:24.973991] [0x00007f653376ac40] [debug] Initializing cipher for encryption
[2025-01-23 00:04:24.975517] [0x00007f653376ac40] [debug] Cipher initialization complete
[2025-01-23 00:04:24.975532] [0x00007f653376ac40] [debug] Writing encrypted filename length
[2025-01-23 00:04:24.975535] [0x00007f653376ac40] [debug] Encrypting and writing payload of size: 11
[2025-01-23 00:04:24.975538] [0x00007f653376ac40] [info] Starting stream encryption
[2025-01-23 00:04:24.975540] [0x00007f653376ac40] [debug] Initializing cipher for encryption
[2025-01-23 00:04:24.975543] [0x00007f653376ac40] [debug] Cipher initialization complete
[2025-01-23 00:04:24.975545] [0x00007f653376ac40] [info] Encrypted message frame serialization complete. Total bytes written: 53
[2025-01-23 00:04:24.975547] [0x00007f653376ac40] [debug] Cleaning up CryptoStream resources
[2025-01-23 00:04:24.975549] [0x00007f653376ac40] [info] Initializing CryptoStream
[2025-01-23 00:04:24.975551] [0x00007f653376ac40] [debug] CryptoStream initialization complete
[2025-01-23 00:04:24.975552] [0x00007f653376ac40] [info] Starting message frame deserialization
[2025-01-23 00:04:24.975554] [0x00007f653376ac40] [debug] Reading IV
[2025-01-23 00:04:24.975555] [0x00007f653376ac40] [info] Initializing crypto parameters
[2025-01-23 00:04:24.975557] [0x00007f653376ac40] [debug] Crypto parameters initialized successfully
[2025-01-23 00:04:24.975560] [0x00007f653376ac40] [debug] Read message type: 0
[2025-01-23 00:04:24.975563] [0x00007f653376ac40] [debug] Read source id: 2
[2025-01-23 00:04:24.975566] [0x00007f653376ac40] [debug] Read payload size: 11
[2025-01-23 00:04:24.975570] [0x00007f653376ac40] [info] Starting stream decryption
[2025-01-23 00:04:24.975573] [0x00007f653376ac40] [debug] Initializing cipher for decryption
[2025-01-23 00:04:24.975577] [0x00007f653376ac40] [debug] Cipher initialization complete
[2025-01-23 00:04:24.975580] [0x00007f653376ac40] [debug] Read decrypted filename length: 8
[2025-01-23 00:04:24.975582] [0x00007f653376ac40] [debug] Added message frame to channel. Channel size: 1
[2025-01-23 00:04:24.975584] [0x00007f653376ac40] [debug] Decrypting payload of size: 11
[2025-01-23 00:04:24.975585] [0x00007f653376ac40] [info] Starting stream decryption
[2025-01-23 00:04:24.975587] [0x00007f653376ac40] [debug] Initializing cipher for decryption
[2025-01-23 00:04:24.975589] [0x00007f653376ac40] [debug] Cipher initialization complete
[2025-01-23 00:04:24.975591] [0x00007f653376ac40] [info] Message frame deserialization complete. Total bytes read: 53
[2025-01-23 00:04:24.975592] [0x00007f653376ac40] [debug] Cleaning up CryptoStream resources
[2025-01-23 00:04:24.975594] [0x00007f653376ac40] [debug] Retrieved message frame from channel. Channel size: 0
[       OK ] CodecTest.BasicSerializeDeserialize (1 ms)
[----------] 1 test from CodecTest (1 ms total)

[----------] Global test environment tear-down
[==========] 1 test from 1 test suite ran. (1 ms total)
[  PASSED  ] 1 test.
<end of output>
Test time =   0.01 sec
----------------------------------------------------------
Test Passed.
"CodecTest.BasicSerializeDeserialize" end time: Jan 23 00:04 UTC
"CodecTest.BasicSerializeDeserialize" time elapsed: 00:00:00
----------------------------------------------------------

26/28 Testing: CodecTest.LargePayloadChunkedProcessing
26/28 Test: CodecTest.LargePayloadChunkedProcessing
Command: "/home/runner/workspace/build/codec_tests" "--gtest_filter=CodecTest.LargePayloadChunkedProcessing" "--gtest_also_run_disabled_tests"
Directory: /home/runner/workspace/build
"CodecTest.LargePayloadChunkedProcessing" start time: Jan 23 00:04 UTC
Output:
----------------------------------------------------------
Running main() from /build/source/googletest/src/gtest_main.cc
Note: Google Test filter = CodecTest.LargePayloadChunkedProcessing
[==========] Running 1 test from 1 test suite.
[----------] Global test environment set-up.
[----------] 1 test from CodecTest
[ RUN      ] CodecTest.LargePayloadChunkedProcessing
[2025-01-23 00:04:24.986847] [0x00007fc3237f3c40] [info]    Initializing Codec with key of size: 32
[2025-01-23 00:04:25.072503] [0x00007fc3237f3c40] [info] Initializing CryptoStream
[2025-01-23 00:04:25.072693] [0x00007fc3237f3c40] [debug] CryptoStream initialization complete
[2025-01-23 00:04:25.072698] [0x00007fc3237f3c40] [info] Initializing crypto parameters
[2025-01-23 00:04:25.072700] [0x00007fc3237f3c40] [debug] Crypto parameters initialized successfully
[2025-01-23 00:04:25.072702] [0x00007fc3237f3c40] [info] Starting message frame serialization
[2025-01-23 00:04:25.072703] [0x00007fc3237f3c40] [debug] Writing IV of size: 16
[2025-01-23 00:04:25.072708] [0x00007fc3237f3c40] [debug] Writing message type: 0
[2025-01-23 00:04:25.072710] [0x00007fc3237f3c40] [debug] Writing source id: 3
[2025-01-23 00:04:25.072711] [0x00007fc3237f3c40] [debug] Writing payload size: 10485760
[2025-01-23 00:04:25.072718] [0x00007fc3237f3c40] [info] Starting stream encryption
[2025-01-23 00:04:25.072724] [0x00007fc3237f3c40] [debug] Initializing cipher for encryption
[2025-01-23 00:04:25.074508] [0x00007fc3237f3c40] [debug] Cipher initialization complete
[2025-01-23 00:04:25.074524] [0x00007fc3237f3c40] [debug] Writing encrypted filename length
[2025-01-23 00:04:25.074528] [0x00007fc3237f3c40] [debug] Encrypting and writing payload of size: 10485760
[2025-01-23 00:04:25.074532] [0x00007fc3237f3c40] [info] Starting stream encryption
[2025-01-23 00:04:25.074535] [0x00007fc3237f3c40] [debug] Initializing cipher for encryption
[2025-01-23 00:04:25.074540] [0x00007fc3237f3c40] [debug] Cipher initialization complete
[2025-01-23 00:04:25.098562] [0x00007fc3237f3c40] [info] Encrypted message frame serialization complete. Total bytes written: 10485802
[2025-01-23 00:04:25.098594] [0x00007fc3237f3c40] [debug] Cleaning up CryptoStream resources
[2025-01-23 00:04:25.098601] [0x00007fc3237f3c40] [info] Initializing CryptoStream
[2025-01-23 00:04:25.098605] [0x00007fc3237f3c40] [debug] CryptoStream initialization complete
[2025-01-23 00:04:25.098607] [0x00007fc3237f3c40] [info] Starting message frame deserialization
[2025-01-23 00:04:25.098610] [0x00007fc3237f3c40] [debug] Reading IV
[2025-01-23 00:04:25.098613] [0x00007fc3237f3c40] [info] Initializing crypto parameters
[2025-01-23 00:04:25.098615] [0x00007fc3237f3c40] [debug] Crypto parameters initialized successfully
[2025-01-23 00:04:25.098618] [0x00007fc3237f3c40] [debug] Read message type: 0
[2025-01-23 00:04:25.098621] [0x00007fc3237f3c40] [debug] Read source id: 3
[2025-01-23 00:04:25.098623] [0x00007fc3237f3c40] [debug] Read payload size: 10485760
[2025-01-23 00:04:25.098628] [0x00007fc3237f3c40] [info] Starting stream decryption
[2025-01-23 00:04:25.098631] [0x00007fc3237f3c40] [debug] Initializing cipher for decryption
[2025-01-23 00:04:25.098644] [0x00007fc3237f3c40] [debug] Cipher initialization complete
[2025-01-23 00:04:25.098648] [0x00007fc3237f3c40] [debug] Read decrypted filename length: 12
[2025-01-23 00:04:25.098651] [0x00007fc3237f3c40] [debug] Added message frame to channel. Channel size: 1
[2025-01-23 00:04:25.098654] [0x00007fc3237f3c40] [debug] Decrypting payload of size: 10485760
[2025-01-23 00:04:25.098656] [0x00007fc3237f3c40] [info] Starting stream decryption
[2025-01-23 00:04:25.098659] [0x00007fc3237f3c40] [debug] Initializing cipher for decryption
[2025-01-23 00:04:25.098662] [0x00007fc3237f3c40] [debug] Cipher initialization complete
[2025-01-23 00:04:25.110528] [0x00007fc3237f3c40] [info] Message frame deserialization complete. Total bytes read: 10485802
[2025-01-23 00:04:25.110557] [0x00007fc3237f3c40] [debug] Cleaning up CryptoStream resources
[2025-01-23 00:04:25.110563] [0x00007fc3237f3c40] [debug] Retrieved message frame from channel. Channel size: 0
[       OK ] CodecTest.LargePayloadChunkedProcessing (210 ms)
[----------] 1 test from CodecTest (210 ms total)

[----------] Global test environment tear-down
[==========] 1 test from 1 test suite ran. (210 ms total)
[  PASSED  ] 1 test.
<end of output>
Test time =   0.22 sec
----------------------------------------------------------
Test Passed.
"CodecTest.LargePayloadChunkedProcessing" end time: Jan 23 00:04 UTC
"CodecTest.LargePayloadChunkedProcessing" time elapsed: 00:00:00
----------------------------------------------------------

27/28 Testing: CodecTest.MalformedInputHandling
27/28 Test: CodecTest.MalformedInputHandling
Command: "/home/runner/workspace/build/codec_tests" "--gtest_filter=CodecTest.MalformedInputHandling" "--gtest_also_run_disabled_tests"
Directory: /home/runner/workspace/build
"CodecTest.MalformedInputHandling" start time: Jan 23 00:04 UTC
Output:
----------------------------------------------------------
Running main() from /build/source/googletest/src/gtest_main.cc
Note: Google Test filter = CodecTest.MalformedInputHandling
[==========] Running 1 test from 1 test suite.
[----------] Global test environment set-up.
[----------] 1 test from CodecTest
[ RUN      ] CodecTest.MalformedInputHandling
[2025-01-23 00:04:25.212202] [0x00007f1aa7882c40] [info]    Initializing Codec with key of size: 32
[2025-01-23 00:04:25.212245] [0x00007f1aa7882c40] [info] Initializing CryptoStream
[2025-01-23 00:04:25.212486] [0x00007f1aa7882c40] [debug] CryptoStream initialization complete
[2025-01-23 00:04:25.212492] [0x00007f1aa7882c40] [info] Starting message frame deserialization
[2025-01-23 00:04:25.212495] [0x00007f1aa7882c40] [debug] Reading IV
[2025-01-23 00:04:25.212497] [0x00007f1aa7882c40] [error] Failed to read 16 bytes from input stream
[2025-01-23 00:04:25.212522] [0x00007f1aa7882c40] [error] Error during deserialization: Failed to read from input stream
[2025-01-23 00:04:25.212528] [0x00007f1aa7882c40] [debug] Cleaning up CryptoStream resources
[2025-01-23 00:04:25.212537] [0x00007f1aa7882c40] [error] Invalid input stream state
[2025-01-23 00:04:25.212541] [0x00007f1aa7882c40] [info] Initializing CryptoStream
[2025-01-23 00:04:25.212543] [0x00007f1aa7882c40] [debug] CryptoStream initialization complete
[2025-01-23 00:04:25.212544] [0x00007f1aa7882c40] [info] Initializing crypto parameters
[2025-01-23 00:04:25.212546] [0x00007f1aa7882c40] [error] Invalid IV size: 15 bytes (expected 16 bytes)
[2025-01-23 00:04:25.212552] [0x00007f1aa7882c40] [debug] Cleaning up CryptoStream resources
[       OK ] CodecTest.MalformedInputHandling (0 ms)
[----------] 1 test from CodecTest (0 ms total)

[----------] Global test environment tear-down
[==========] 1 test from 1 test suite ran. (0 ms total)
[  PASSED  ] 1 test.
<end of output>
Test time =   0.01 sec
----------------------------------------------------------
Test Passed.
"CodecTest.MalformedInputHandling" end time: Jan 23 00:04 UTC
"CodecTest.MalformedInputHandling" time elapsed: 00:00:00
----------------------------------------------------------

28/28 Testing: CodecTest.EmptySourceId
28/28 Test: CodecTest.EmptySourceId
Command: "/home/runner/workspace/build/codec_tests" "--gtest_filter=CodecTest.EmptySourceId" "--gtest_also_run_disabled_tests"
Directory: /home/runner/workspace/build
"CodecTest.EmptySourceId" start time: Jan 23 00:04 UTC
Output:
----------------------------------------------------------
Running main() from /build/source/googletest/src/gtest_main.cc
Note: Google Test filter = CodecTest.EmptySourceId
[==========] Running 1 test from 1 test suite.
[----------] Global test environment set-up.
[----------] 1 test from CodecTest
[ RUN      ] CodecTest.EmptySourceId
[2025-01-23 00:04:25.224585] [0x00007f43c751fc40] [info]    Initializing Codec with key of size: 32
[2025-01-23 00:04:25.224626] [0x00007f43c751fc40] [info] Initializing CryptoStream
[2025-01-23 00:04:25.224812] [0x00007f43c751fc40] [debug] CryptoStream initialization complete
[2025-01-23 00:04:25.224829] [0x00007f43c751fc40] [info] Initializing crypto parameters
[2025-01-23 00:04:25.224832] [0x00007f43c751fc40] [debug] Crypto parameters initialized successfully
[2025-01-23 00:04:25.224833] [0x00007f43c751fc40] [info] Starting message frame serialization
[2025-01-23 00:04:25.224835] [0x00007f43c751fc40] [debug] Writing IV of size: 16
[2025-01-23 00:04:25.224837] [0x00007f43c751fc40] [debug] Writing message type: 0
[2025-01-23 00:04:25.224839] [0x00007f43c751fc40] [debug] Writing source id: 0
[2025-01-23 00:04:25.224841] [0x00007f43c751fc40] [debug] Writing payload size: 0
[2025-01-23 00:04:25.224845] [0x00007f43c751fc40] [info] Starting stream encryption
[2025-01-23 00:04:25.224847] [0x00007f43c751fc40] [debug] Initializing cipher for encryption
[2025-01-23 00:04:25.226341] [0x00007f43c751fc40] [debug] Cipher initialization complete
[2025-01-23 00:04:25.226354] [0x00007f43c751fc40] [debug] Writing encrypted filename length
[2025-01-23 00:04:25.226357] [0x00007f43c751fc40] [info] Encrypted message frame serialization complete. Total bytes written: 42
[2025-01-23 00:04:25.226359] [0x00007f43c751fc40] [debug] Cleaning up CryptoStream resources
[2025-01-23 00:04:25.226362] [0x00007f43c751fc40] [info] Initializing CryptoStream
[2025-01-23 00:04:25.226364] [0x00007f43c751fc40] [debug] CryptoStream initialization complete
[2025-01-23 00:04:25.226365] [0x00007f43c751fc40] [info] Starting message frame deserialization
[2025-01-23 00:04:25.226367] [0x00007f43c751fc40] [debug] Reading IV
[2025-01-23 00:04:25.226368] [0x00007f43c751fc40] [info] Initializing crypto parameters
[2025-01-23 00:04:25.226370] [0x00007f43c751fc40] [debug] Crypto parameters initialized successfully
[2025-01-23 00:04:25.226371] [0x00007f43c751fc40] [debug] Read message type: 0
[2025-01-23 00:04:25.226373] [0x00007f43c751fc40] [debug] Read source id: 0
[2025-01-23 00:04:25.226374] [0x00007f43c751fc40] [debug] Read payload size: 0
[2025-01-23 00:04:25.226376] [0x00007f43c751fc40] [info] Starting stream decryption
[2025-01-23 00:04:25.226379] [0x00007f43c751fc40] [debug] Initializing cipher for decryption
[2025-01-23 00:04:25.226384] [0x00007f43c751fc40] [debug] Cipher initialization complete
[2025-01-23 00:04:25.226388] [0x00007f43c751fc40] [debug] Read decrypted filename length: 0
[2025-01-23 00:04:25.226392] [0x00007f43c751fc40] [debug] Added message frame to channel. Channel size: 1
[2025-01-23 00:04:25.226407] [0x00007f43c751fc40] [info] Message frame deserialization complete. Total bytes read: 42
[2025-01-23 00:04:25.226411] [0x00007f43c751fc40] [debug] Cleaning up CryptoStream resources
[2025-01-23 00:04:25.226415] [0x00007f43c751fc40] [debug] Retrieved message frame from channel. Channel size: 0
[       OK ] CodecTest.EmptySourceId (1 ms)
[----------] 1 test from CodecTest (1 ms total)

[----------] Global test environment tear-down
[==========] 1 test from 1 test suite ran. (1 ms total)
[  PASSED  ] 1 test.
<end of output>
Test time =   0.01 sec
----------------------------------------------------------
Test Passed.
"CodecTest.EmptySourceId" end time: Jan 23 00:04 UTC
"CodecTest.EmptySourceId" time elapsed: 00:00:00
----------------------------------------------------------

End testing: Jan 23 00:04 UTC
