Start testing: Jan 23 17:54 UTC
----------------------------------------------------------
1/28 Testing: CryptoStreamTest.BasicStreamOperation
1/28 Test: CryptoStreamTest.BasicStreamOperation
Command: "/home/runner/workspace/build/crypto_tests" "--gtest_filter=CryptoStreamTest.BasicStreamOperation" "--gtest_also_run_disabled_tests"
Directory: /home/runner/workspace/build
"CryptoStreamTest.BasicStreamOperation" start time: Jan 23 17:54 UTC
Output:
----------------------------------------------------------
Running main() from /build/source/googletest/src/gtest_main.cc
Note: Google Test filter = CryptoStreamTest.BasicStreamOperation
[==========] Running 1 test from 1 test suite.
[----------] Global test environment set-up.
[----------] 1 test from CryptoStreamTest
[ RUN      ] CryptoStreamTest.BasicStreamOperation
[2025-01-23 17:54:14.563829] [0x00007f709eed4b80] [info]    Initializing CryptoStream
[2025-01-23 17:54:14.563950] [0x00007f709eed4b80] [debug]   CryptoStream initialization complete
[2025-01-23 17:54:14.563960] [0x00007f709eed4b80] [info]    Initializing crypto parameters
[2025-01-23 17:54:14.563963] [0x00007f709eed4b80] [debug]   Crypto parameters initialized successfully
[2025-01-23 17:54:14.563968] [0x00007f709eed4b80] [info]    Starting stream encryption
[2025-01-23 17:54:14.563974] [0x00007f709eed4b80] [debug]   Initializing cipher for encryption
[2025-01-23 17:54:14.565553] [0x00007f709eed4b80] [debug]   Cipher initialization complete
[2025-01-23 17:54:14.565567] [0x00007f709eed4b80] [info]    Starting stream decryption
[2025-01-23 17:54:14.565570] [0x00007f709eed4b80] [debug]   Initializing cipher for decryption
[2025-01-23 17:54:14.565573] [0x00007f709eed4b80] [debug]   Cipher initialization complete
[2025-01-23 17:54:14.565578] [0x00007f709eed4b80] [debug]   Cleaning up CryptoStream resources
[       OK ] CryptoStreamTest.BasicStreamOperation (1 ms)
[----------] 1 test from CryptoStreamTest (1 ms total)

[----------] Global test environment tear-down
[==========] 1 test from 1 test suite ran. (1 ms total)
[  PASSED  ] 1 test.
<end of output>
Test time =   0.02 sec
----------------------------------------------------------
Test Passed.
"CryptoStreamTest.BasicStreamOperation" end time: Jan 23 17:54 UTC
"CryptoStreamTest.BasicStreamOperation" time elapsed: 00:00:00
----------------------------------------------------------

2/28 Testing: CryptoStreamTest.UninitializedError
2/28 Test: CryptoStreamTest.UninitializedError
Command: "/home/runner/workspace/build/crypto_tests" "--gtest_filter=CryptoStreamTest.UninitializedError" "--gtest_also_run_disabled_tests"
Directory: /home/runner/workspace/build
"CryptoStreamTest.UninitializedError" start time: Jan 23 17:54 UTC
Output:
----------------------------------------------------------
Running main() from /build/source/googletest/src/gtest_main.cc
Note: Google Test filter = CryptoStreamTest.UninitializedError
[==========] Running 1 test from 1 test suite.
[----------] Global test environment set-up.
[----------] 1 test from CryptoStreamTest
[ RUN      ] CryptoStreamTest.UninitializedError
[2025-01-23 17:54:14.581540] [0x00007f33fbccfb80] [info]    Initializing CryptoStream
[2025-01-23 17:54:14.581661] [0x00007f33fbccfb80] [debug]   CryptoStream initialization complete
[2025-01-23 17:54:14.581668] [0x00007f33fbccfb80] [info]    Initializing crypto parameters
[2025-01-23 17:54:14.581671] [0x00007f33fbccfb80] [debug]   Crypto parameters initialized successfully
[2025-01-23 17:54:14.581673] [0x00007f33fbccfb80] [info]    Initializing CryptoStream
[2025-01-23 17:54:14.581674] [0x00007f33fbccfb80] [debug]   CryptoStream initialization complete
[2025-01-23 17:54:14.581679] [0x00007f33fbccfb80] [info]    Starting stream encryption
[2025-01-23 17:54:14.581683] [0x00007f33fbccfb80] [debug]   Initializing cipher for encryption
[2025-01-23 17:54:14.581684] [0x00007f33fbccfb80] [error]   Attempted to use uninitialized CryptoStream
[2025-01-23 17:54:14.581709] [0x00007f33fbccfb80] [error]   Stream processing failed: Initialization error: CryptoStream not initialized
[2025-01-23 17:54:14.581720] [0x00007f33fbccfb80] [debug]   Cleaning up CryptoStream resources
[2025-01-23 17:54:14.581727] [0x00007f33fbccfb80] [debug]   Cleaning up CryptoStream resources
[       OK ] CryptoStreamTest.UninitializedError (0 ms)
[----------] 1 test from CryptoStreamTest (0 ms total)

[----------] Global test environment tear-down
[==========] 1 test from 1 test suite ran. (0 ms total)
[  PASSED  ] 1 test.
<end of output>
Test time =   0.02 sec
----------------------------------------------------------
Test Passed.
"CryptoStreamTest.UninitializedError" end time: Jan 23 17:54 UTC
"CryptoStreamTest.UninitializedError" time elapsed: 00:00:00
----------------------------------------------------------

3/28 Testing: CryptoStreamTest.EmptyStream
3/28 Test: CryptoStreamTest.EmptyStream
Command: "/home/runner/workspace/build/crypto_tests" "--gtest_filter=CryptoStreamTest.EmptyStream" "--gtest_also_run_disabled_tests"
Directory: /home/runner/workspace/build
"CryptoStreamTest.EmptyStream" start time: Jan 23 17:54 UTC
Output:
----------------------------------------------------------
Running main() from /build/source/googletest/src/gtest_main.cc
Note: Google Test filter = CryptoStreamTest.EmptyStream
[==========] Running 1 test from 1 test suite.
[----------] Global test environment set-up.
[----------] 1 test from CryptoStreamTest
[ RUN      ] CryptoStreamTest.EmptyStream
[2025-01-23 17:54:14.596020] [0x00007f65f6639b80] [info]    Initializing CryptoStream
[2025-01-23 17:54:14.596271] [0x00007f65f6639b80] [debug]   CryptoStream initialization complete
[2025-01-23 17:54:14.596283] [0x00007f65f6639b80] [info]    Initializing crypto parameters
[2025-01-23 17:54:14.596287] [0x00007f65f6639b80] [debug]   Crypto parameters initialized successfully
[2025-01-23 17:54:14.596295] [0x00007f65f6639b80] [info]    Starting stream encryption
[2025-01-23 17:54:14.596299] [0x00007f65f6639b80] [debug]   Initializing cipher for encryption
[2025-01-23 17:54:14.598180] [0x00007f65f6639b80] [debug]   Cipher initialization complete
[2025-01-23 17:54:14.598217] [0x00007f65f6639b80] [info]    Starting stream decryption
[2025-01-23 17:54:14.598222] [0x00007f65f6639b80] [debug]   Initializing cipher for decryption
[2025-01-23 17:54:14.598229] [0x00007f65f6639b80] [debug]   Cipher initialization complete
[2025-01-23 17:54:14.598234] [0x00007f65f6639b80] [debug]   Cleaning up CryptoStream resources
[       OK ] CryptoStreamTest.EmptyStream (2 ms)
[----------] 1 test from CryptoStreamTest (2 ms total)

[----------] Global test environment tear-down
[==========] 1 test from 1 test suite ran. (2 ms total)
[  PASSED  ] 1 test.
<end of output>
Test time =   0.02 sec
----------------------------------------------------------
Test Passed.
"CryptoStreamTest.EmptyStream" end time: Jan 23 17:54 UTC
"CryptoStreamTest.EmptyStream" time elapsed: 00:00:00
----------------------------------------------------------

4/28 Testing: CryptoStreamTest.LargeStream
4/28 Test: CryptoStreamTest.LargeStream
Command: "/home/runner/workspace/build/crypto_tests" "--gtest_filter=CryptoStreamTest.LargeStream" "--gtest_also_run_disabled_tests"
Directory: /home/runner/workspace/build
"CryptoStreamTest.LargeStream" start time: Jan 23 17:54 UTC
Output:
----------------------------------------------------------
Running main() from /build/source/googletest/src/gtest_main.cc
Note: Google Test filter = CryptoStreamTest.LargeStream
[==========] Running 1 test from 1 test suite.
[----------] Global test environment set-up.
[----------] 1 test from CryptoStreamTest
[ RUN      ] CryptoStreamTest.LargeStream
[2025-01-23 17:54:14.612763] [0x00007f6708d2bb80] [info]    Initializing CryptoStream
[2025-01-23 17:54:14.612899] [0x00007f6708d2bb80] [debug]   CryptoStream initialization complete
[2025-01-23 17:54:14.612908] [0x00007f6708d2bb80] [info]    Initializing crypto parameters
[2025-01-23 17:54:14.612911] [0x00007f6708d2bb80] [debug]   Crypto parameters initialized successfully
[2025-01-23 17:54:14.623445] [0x00007f6708d2bb80] [info]    Starting stream encryption
[2025-01-23 17:54:14.623467] [0x00007f6708d2bb80] [debug]   Initializing cipher for encryption
[2025-01-23 17:54:14.625572] [0x00007f6708d2bb80] [debug]   Cipher initialization complete
[2025-01-23 17:54:14.628343] [0x00007f6708d2bb80] [info]    Starting stream decryption
[2025-01-23 17:54:14.628359] [0x00007f6708d2bb80] [debug]   Initializing cipher for decryption
[2025-01-23 17:54:14.628370] [0x00007f6708d2bb80] [debug]   Cipher initialization complete
[2025-01-23 17:54:14.629754] [0x00007f6708d2bb80] [debug]   Cleaning up CryptoStream resources
[       OK ] CryptoStreamTest.LargeStream (17 ms)
[----------] 1 test from CryptoStreamTest (17 ms total)

[----------] Global test environment tear-down
[==========] 1 test from 1 test suite ran. (17 ms total)
[  PASSED  ] 1 test.
<end of output>
Test time =   0.03 sec
----------------------------------------------------------
Test Passed.
"CryptoStreamTest.LargeStream" end time: Jan 23 17:54 UTC
"CryptoStreamTest.LargeStream" time elapsed: 00:00:00
----------------------------------------------------------

5/28 Testing: CryptoStreamTest.InvalidStreamState
5/28 Test: CryptoStreamTest.InvalidStreamState
Command: "/home/runner/workspace/build/crypto_tests" "--gtest_filter=CryptoStreamTest.InvalidStreamState" "--gtest_also_run_disabled_tests"
Directory: /home/runner/workspace/build
"CryptoStreamTest.InvalidStreamState" start time: Jan 23 17:54 UTC
Output:
----------------------------------------------------------
Running main() from /build/source/googletest/src/gtest_main.cc
Note: Google Test filter = CryptoStreamTest.InvalidStreamState
[==========] Running 1 test from 1 test suite.
[----------] Global test environment set-up.
[----------] 1 test from CryptoStreamTest
[ RUN      ] CryptoStreamTest.InvalidStreamState
[2025-01-23 17:54:14.651312] [0x00007f78e415ab80] [info]    Initializing CryptoStream
[2025-01-23 17:54:14.651476] [0x00007f78e415ab80] [debug]   CryptoStream initialization complete
[2025-01-23 17:54:14.651490] [0x00007f78e415ab80] [info]    Initializing crypto parameters
[2025-01-23 17:54:14.651493] [0x00007f78e415ab80] [debug]   Crypto parameters initialized successfully
[2025-01-23 17:54:14.651502] [0x00007f78e415ab80] [info]    Starting stream encryption
[2025-01-23 17:54:14.651505] [0x00007f78e415ab80] [error]   Invalid stream state detected
[2025-01-23 17:54:14.651538] [0x00007f78e415ab80] [info]    Starting stream encryption
[2025-01-23 17:54:14.651546] [0x00007f78e415ab80] [error]   Invalid stream state detected
[2025-01-23 17:54:14.651555] [0x00007f78e415ab80] [debug]   Cleaning up CryptoStream resources
[       OK ] CryptoStreamTest.InvalidStreamState (0 ms)
[----------] 1 test from CryptoStreamTest (0 ms total)

[----------] Global test environment tear-down
[==========] 1 test from 1 test suite ran. (0 ms total)
[  PASSED  ] 1 test.
<end of output>
Test time =   0.02 sec
----------------------------------------------------------
Test Passed.
"CryptoStreamTest.InvalidStreamState" end time: Jan 23 17:54 UTC
"CryptoStreamTest.InvalidStreamState" time elapsed: 00:00:00
----------------------------------------------------------

6/28 Testing: CryptoStreamTest.BlockAlignment
6/28 Test: CryptoStreamTest.BlockAlignment
Command: "/home/runner/workspace/build/crypto_tests" "--gtest_filter=CryptoStreamTest.BlockAlignment" "--gtest_also_run_disabled_tests"
Directory: /home/runner/workspace/build
"CryptoStreamTest.BlockAlignment" start time: Jan 23 17:54 UTC
Output:
----------------------------------------------------------
Running main() from /build/source/googletest/src/gtest_main.cc
Note: Google Test filter = CryptoStreamTest.BlockAlignment
[==========] Running 1 test from 1 test suite.
[----------] Global test environment set-up.
[----------] 1 test from CryptoStreamTest
[ RUN      ] CryptoStreamTest.BlockAlignment
[2025-01-23 17:54:14.671277] [0x00007f5616622b80] [info]    Initializing CryptoStream
[2025-01-23 17:54:14.671431] [0x00007f5616622b80] [debug]   CryptoStream initialization complete
[2025-01-23 17:54:14.671437] [0x00007f5616622b80] [info]    Initializing crypto parameters
[2025-01-23 17:54:14.671439] [0x00007f5616622b80] [debug]   Crypto parameters initialized successfully
[2025-01-23 17:54:14.671444] [0x00007f5616622b80] [info]    Starting stream encryption
[2025-01-23 17:54:14.671447] [0x00007f5616622b80] [debug]   Initializing cipher for encryption
[2025-01-23 17:54:14.674512] [0x00007f5616622b80] [debug]   Cipher initialization complete
[2025-01-23 17:54:14.674529] [0x00007f5616622b80] [info]    Starting stream decryption
[2025-01-23 17:54:14.674532] [0x00007f5616622b80] [debug]   Initializing cipher for decryption
[2025-01-23 17:54:14.674536] [0x00007f5616622b80] [debug]   Cipher initialization complete
[2025-01-23 17:54:14.674544] [0x00007f5616622b80] [info]    Starting stream encryption
[2025-01-23 17:54:14.674546] [0x00007f5616622b80] [debug]   Initializing cipher for encryption
[2025-01-23 17:54:14.674549] [0x00007f5616622b80] [debug]   Cipher initialization complete
[2025-01-23 17:54:14.674551] [0x00007f5616622b80] [info]    Starting stream decryption
[2025-01-23 17:54:14.674552] [0x00007f5616622b80] [debug]   Initializing cipher for decryption
[2025-01-23 17:54:14.674555] [0x00007f5616622b80] [debug]   Cipher initialization complete
[2025-01-23 17:54:14.674560] [0x00007f5616622b80] [info]    Starting stream encryption
[2025-01-23 17:54:14.674563] [0x00007f5616622b80] [debug]   Initializing cipher for encryption
[2025-01-23 17:54:14.674567] [0x00007f5616622b80] [debug]   Cipher initialization complete
[2025-01-23 17:54:14.674574] [0x00007f5616622b80] [info]    Starting stream decryption
[2025-01-23 17:54:14.674577] [0x00007f5616622b80] [debug]   Initializing cipher for decryption
[2025-01-23 17:54:14.674581] [0x00007f5616622b80] [debug]   Cipher initialization complete
[2025-01-23 17:54:14.674586] [0x00007f5616622b80] [info]    Starting stream encryption
[2025-01-23 17:54:14.674589] [0x00007f5616622b80] [debug]   Initializing cipher for encryption
[2025-01-23 17:54:14.674592] [0x00007f5616622b80] [debug]   Cipher initialization complete
[2025-01-23 17:54:14.674593] [0x00007f5616622b80] [info]    Starting stream decryption
[2025-01-23 17:54:14.674595] [0x00007f5616622b80] [debug]   Initializing cipher for decryption
[2025-01-23 17:54:14.674597] [0x00007f5616622b80] [debug]   Cipher initialization complete
[2025-01-23 17:54:14.674600] [0x00007f5616622b80] [info]    Starting stream encryption
[2025-01-23 17:54:14.674601] [0x00007f5616622b80] [debug]   Initializing cipher for encryption
[2025-01-23 17:54:14.674603] [0x00007f5616622b80] [debug]   Cipher initialization complete
[2025-01-23 17:54:14.674607] [0x00007f5616622b80] [info]    Starting stream decryption
[2025-01-23 17:54:14.674608] [0x00007f5616622b80] [debug]   Initializing cipher for decryption
[2025-01-23 17:54:14.674611] [0x00007f5616622b80] [debug]   Cipher initialization complete
[2025-01-23 17:54:14.674614] [0x00007f5616622b80] [info]    Starting stream encryption
[2025-01-23 17:54:14.674615] [0x00007f5616622b80] [debug]   Initializing cipher for encryption
[2025-01-23 17:54:14.674620] [0x00007f5616622b80] [debug]   Cipher initialization complete
[2025-01-23 17:54:14.674626] [0x00007f5616622b80] [info]    Starting stream decryption
[2025-01-23 17:54:14.674629] [0x00007f5616622b80] [debug]   Initializing cipher for decryption
[2025-01-23 17:54:14.674633] [0x00007f5616622b80] [debug]   Cipher initialization complete
[2025-01-23 17:54:14.674641] [0x00007f5616622b80] [debug]   Cleaning up CryptoStream resources
[       OK ] CryptoStreamTest.BlockAlignment (3 ms)
[----------] 1 test from CryptoStreamTest (3 ms total)

[----------] Global test environment tear-down
[==========] 1 test from 1 test suite ran. (3 ms total)
[  PASSED  ] 1 test.
<end of output>
Test time =   0.02 sec
----------------------------------------------------------
Test Passed.
"CryptoStreamTest.BlockAlignment" end time: Jan 23 17:54 UTC
"CryptoStreamTest.BlockAlignment" time elapsed: 00:00:00
----------------------------------------------------------

7/28 Testing: CryptoStreamTest.StreamOperators
7/28 Test: CryptoStreamTest.StreamOperators
Command: "/home/runner/workspace/build/crypto_tests" "--gtest_filter=CryptoStreamTest.StreamOperators" "--gtest_also_run_disabled_tests"
Directory: /home/runner/workspace/build
"CryptoStreamTest.StreamOperators" start time: Jan 23 17:54 UTC
Output:
----------------------------------------------------------
Running main() from /build/source/googletest/src/gtest_main.cc
Note: Google Test filter = CryptoStreamTest.StreamOperators
[==========] Running 1 test from 1 test suite.
[----------] Global test environment set-up.
[----------] 1 test from CryptoStreamTest
[ RUN      ] CryptoStreamTest.StreamOperators
[2025-01-23 17:54:14.698766] [0x00007efee085db80] [info]    Initializing CryptoStream
[2025-01-23 17:54:14.698901] [0x00007efee085db80] [debug]   CryptoStream initialization complete
[2025-01-23 17:54:14.698909] [0x00007efee085db80] [info]    Initializing crypto parameters
[2025-01-23 17:54:14.698911] [0x00007efee085db80] [debug]   Crypto parameters initialized successfully
[2025-01-23 17:54:14.698914] [0x00007efee085db80] [debug]   Stream operator<< called, storing input stream for processing
[2025-01-23 17:54:14.698916] [0x00007efee085db80] [debug]   Stream operator>> called in encryption mode
[2025-01-23 17:54:14.698920] [0x00007efee085db80] [info]    Starting stream encryption
[2025-01-23 17:54:14.698926] [0x00007efee085db80] [debug]   Initializing cipher for encryption
[2025-01-23 17:54:14.700391] [0x00007efee085db80] [debug]   Cipher initialization complete
[2025-01-23 17:54:14.700407] [0x00007efee085db80] [debug]   Stream processing complete
[2025-01-23 17:54:14.700412] [0x00007efee085db80] [debug]   Stream operator<< called, storing input stream for processing
[2025-01-23 17:54:14.700415] [0x00007efee085db80] [debug]   Stream operator>> called in decryption mode
[2025-01-23 17:54:14.700418] [0x00007efee085db80] [info]    Starting stream decryption
[2025-01-23 17:54:14.700422] [0x00007efee085db80] [debug]   Initializing cipher for decryption
[2025-01-23 17:54:14.700427] [0x00007efee085db80] [debug]   Cipher initialization complete
[2025-01-23 17:54:14.700436] [0x00007efee085db80] [debug]   Stream processing complete
[2025-01-23 17:54:14.700440] [0x00007efee085db80] [debug]   Stream operator>> called in decryption mode
[2025-01-23 17:54:14.700443] [0x00007efee085db80] [error]   Stream operator>> called without prior input stream
[2025-01-23 17:54:14.700473] [0x00007efee085db80] [debug]   Cleaning up CryptoStream resources
[       OK ] CryptoStreamTest.StreamOperators (1 ms)
[----------] 1 test from CryptoStreamTest (1 ms total)

[----------] Global test environment tear-down
[==========] 1 test from 1 test suite ran. (1 ms total)
[  PASSED  ] 1 test.
<end of output>
Test time =   0.03 sec
----------------------------------------------------------
Test Passed.
"CryptoStreamTest.StreamOperators" end time: Jan 23 17:54 UTC
"CryptoStreamTest.StreamOperators" time elapsed: 00:00:00
----------------------------------------------------------

8/28 Testing: CryptoStreamTest.IVGeneration
8/28 Test: CryptoStreamTest.IVGeneration
Command: "/home/runner/workspace/build/crypto_tests" "--gtest_filter=CryptoStreamTest.IVGeneration" "--gtest_also_run_disabled_tests"
Directory: /home/runner/workspace/build
"CryptoStreamTest.IVGeneration" start time: Jan 23 17:54 UTC
Output:
----------------------------------------------------------
Running main() from /build/source/googletest/src/gtest_main.cc
Note: Google Test filter = CryptoStreamTest.IVGeneration
[==========] Running 1 test from 1 test suite.
[----------] Global test environment set-up.
[----------] 1 test from CryptoStreamTest
[ RUN      ] CryptoStreamTest.IVGeneration
[2025-01-23 17:54:14.714072] [0x00007f66e11bbb80] [info]    Initializing CryptoStream
[2025-01-23 17:54:14.714208] [0x00007f66e11bbb80] [debug]   CryptoStream initialization complete
[2025-01-23 17:54:14.714220] [0x00007f66e11bbb80] [info]    Initializing crypto parameters
[2025-01-23 17:54:14.714223] [0x00007f66e11bbb80] [debug]   Crypto parameters initialized successfully
[2025-01-23 17:54:14.714225] [0x00007f66e11bbb80] [info]    Initializing CryptoStream
[2025-01-23 17:54:14.714227] [0x00007f66e11bbb80] [debug]   CryptoStream initialization complete
[2025-01-23 17:54:14.714228] [0x00007f66e11bbb80] [debug]   Generating initialization vector
[2025-01-23 17:54:14.715902] [0x00007f66e11bbb80] [debug]   Successfully generated initialization vector
[2025-01-23 17:54:14.715912] [0x00007f66e11bbb80] [debug]   Generating initialization vector
[2025-01-23 17:54:14.715919] [0x00007f66e11bbb80] [debug]   Successfully generated initialization vector
[2025-01-23 17:54:14.715922] [0x00007f66e11bbb80] [info]    Initializing crypto parameters
[2025-01-23 17:54:14.715925] [0x00007f66e11bbb80] [debug]   Crypto parameters initialized successfully
[2025-01-23 17:54:14.715934] [0x00007f66e11bbb80] [info]    Starting stream encryption
[2025-01-23 17:54:14.715952] [0x00007f66e11bbb80] [debug]   Initializing cipher for encryption
[2025-01-23 17:54:14.715959] [0x00007f66e11bbb80] [debug]   Cipher initialization complete
[2025-01-23 17:54:14.715967] [0x00007f66e11bbb80] [info]    Starting stream decryption
[2025-01-23 17:54:14.715969] [0x00007f66e11bbb80] [debug]   Initializing cipher for decryption
[2025-01-23 17:54:14.715971] [0x00007f66e11bbb80] [debug]   Cipher initialization complete
[2025-01-23 17:54:14.715975] [0x00007f66e11bbb80] [debug]   Cleaning up CryptoStream resources
[2025-01-23 17:54:14.715977] [0x00007f66e11bbb80] [debug]   Cleaning up CryptoStream resources
[       OK ] CryptoStreamTest.IVGeneration (1 ms)
[----------] 1 test from CryptoStreamTest (1 ms total)

[----------] Global test environment tear-down
[==========] 1 test from 1 test suite ran. (1 ms total)
[  PASSED  ] 1 test.
<end of output>
Test time =   0.01 sec
----------------------------------------------------------
Test Passed.
"CryptoStreamTest.IVGeneration" end time: Jan 23 17:54 UTC
"CryptoStreamTest.IVGeneration" time elapsed: 00:00:00
----------------------------------------------------------

9/28 Testing: StoreTest.BasicStoreAndRetrieve
9/28 Test: StoreTest.BasicStoreAndRetrieve
Command: "/home/runner/workspace/build/store_tests" "--gtest_filter=StoreTest.BasicStoreAndRetrieve" "--gtest_also_run_disabled_tests"
Directory: /home/runner/workspace/build
"StoreTest.BasicStoreAndRetrieve" start time: Jan 23 17:54 UTC
Output:
----------------------------------------------------------
Running main() from /build/source/googletest/src/gtest_main.cc
Note: Google Test filter = StoreTest.BasicStoreAndRetrieve
[==========] Running 1 test from 1 test suite.
[----------] Global test environment set-up.
[----------] 1 test from StoreTest
[ RUN      ] StoreTest.BasicStoreAndRetrieve
[2025-01-23 17:54:14.733279] [0x00007f65a7e2fb80] [info]    Initializing Store with base path: /tmp/store_test_1737654854733110009
[2025-01-23 17:54:14.733290] [0x00007f65a7e2fb80] [debug]   Store directory created/verified at: /tmp/store_test_1737654854733110009
[2025-01-23 17:54:14.733297] [0x00007f65a7e2fb80] [info]    Storing data with key: test_key
[2025-01-23 17:54:14.733304] [0x00007f65a7e2fb80] [debug]   Generating hash for key: test_key
[2025-01-23 17:54:14.735251] [0x00007f65a7e2fb80] [debug]   Generated hash: 92488e1e3eeecdf99f3ed2ce59233efb4b4fb612d5655c0ce9ea52b5a502e655
[2025-01-23 17:54:14.735265] [0x00007f65a7e2fb80] [debug]   Calculated path: /tmp/store_test_1737654854733110009/92/48/8e/1e3eeecdf99f3ed2ce59233efb4b4fb612d5655c0ce9ea52b5a502e655
[2025-01-23 17:54:14.735318] [0x00007f65a7e2fb80] [debug]   Calculated file path: /tmp/store_test_1737654854733110009/92/48/8e/1e3eeecdf99f3ed2ce59233efb4b4fb612d5655c0ce9ea52b5a502e655
[2025-01-23 17:54:14.735362] [0x00007f65a7e2fb80] [info]    Successfully stored 13 bytes with key: test_key
[2025-01-23 17:54:14.735368] [0x00007f65a7e2fb80] [debug]   Checking existence of key: test_key
[2025-01-23 17:54:14.735370] [0x00007f65a7e2fb80] [debug]   Generating hash for key: test_key
[2025-01-23 17:54:14.735376] [0x00007f65a7e2fb80] [debug]   Generated hash: 92488e1e3eeecdf99f3ed2ce59233efb4b4fb612d5655c0ce9ea52b5a502e655
[2025-01-23 17:54:14.735379] [0x00007f65a7e2fb80] [debug]   Calculated path: /tmp/store_test_1737654854733110009/92/48/8e/1e3eeecdf99f3ed2ce59233efb4b4fb612d5655c0ce9ea52b5a502e655
[2025-01-23 17:54:14.735384] [0x00007f65a7e2fb80] [debug]   Key test_key exists at path: /tmp/store_test_1737654854733110009/92/48/8e/1e3eeecdf99f3ed2ce59233efb4b4fb612d5655c0ce9ea52b5a502e655
[2025-01-23 17:54:14.735389] [0x00007f65a7e2fb80] [info]    Retrieving data for key: test_key
[2025-01-23 17:54:14.735390] [0x00007f65a7e2fb80] [debug]   Generating hash for key: test_key
[2025-01-23 17:54:14.735394] [0x00007f65a7e2fb80] [debug]   Generated hash: 92488e1e3eeecdf99f3ed2ce59233efb4b4fb612d5655c0ce9ea52b5a502e655
[2025-01-23 17:54:14.735396] [0x00007f65a7e2fb80] [debug]   Calculated path: /tmp/store_test_1737654854733110009/92/48/8e/1e3eeecdf99f3ed2ce59233efb4b4fb612d5655c0ce9ea52b5a502e655
[2025-01-23 17:54:14.735407] [0x00007f65a7e2fb80] [info]    Successfully streamed 13 bytes for key: test_key
[2025-01-23 17:54:14.735415] [0x00007f65a7e2fb80] [info]    Clearing entire store at: "/tmp/store_test_1737654854733110009"
[2025-01-23 17:54:14.735593] [0x00007f65a7e2fb80] [info]    Store cleared successfully
[       OK ] StoreTest.BasicStoreAndRetrieve (2 ms)
[----------] 1 test from StoreTest (2 ms total)

[----------] Global test environment tear-down
[==========] 1 test from 1 test suite ran. (2 ms total)
[  PASSED  ] 1 test.
<end of output>
Test time =   0.02 sec
----------------------------------------------------------
Test Passed.
"StoreTest.BasicStoreAndRetrieve" end time: Jan 23 17:54 UTC
"StoreTest.BasicStoreAndRetrieve" time elapsed: 00:00:00
----------------------------------------------------------

10/28 Testing: StoreTest.EmptyInput
10/28 Test: StoreTest.EmptyInput
Command: "/home/runner/workspace/build/store_tests" "--gtest_filter=StoreTest.EmptyInput" "--gtest_also_run_disabled_tests"
Directory: /home/runner/workspace/build
"StoreTest.EmptyInput" start time: Jan 23 17:54 UTC
Output:
----------------------------------------------------------
Running main() from /build/source/googletest/src/gtest_main.cc
Note: Google Test filter = StoreTest.EmptyInput
[==========] Running 1 test from 1 test suite.
[----------] Global test environment set-up.
[----------] 1 test from StoreTest
[ RUN      ] StoreTest.EmptyInput
[2025-01-23 17:54:14.758247] [0x00007f4f8f30bb80] [info]    Initializing Store with base path: /tmp/store_test_1737654854758053883
[2025-01-23 17:54:14.758283] [0x00007f4f8f30bb80] [debug]   Store directory created/verified at: /tmp/store_test_1737654854758053883
[2025-01-23 17:54:14.758306] [0x00007f4f8f30bb80] [info]    Storing data with key: empty_test
[2025-01-23 17:54:14.758322] [0x00007f4f8f30bb80] [debug]   Generating hash for key: empty_test
[2025-01-23 17:54:14.760655] [0x00007f4f8f30bb80] [debug]   Generated hash: f1b6800e9ca01dac557744adec3477366cbe3888d44fcabefb3078c4c069f3a8
[2025-01-23 17:54:14.760674] [0x00007f4f8f30bb80] [debug]   Calculated path: /tmp/store_test_1737654854758053883/f1/b6/80/0e9ca01dac557744adec3477366cbe3888d44fcabefb3078c4c069f3a8
[2025-01-23 17:54:14.760756] [0x00007f4f8f30bb80] [debug]   Calculated file path: /tmp/store_test_1737654854758053883/f1/b6/80/0e9ca01dac557744adec3477366cbe3888d44fcabefb3078c4c069f3a8
[2025-01-23 17:54:14.760796] [0x00007f4f8f30bb80] [debug]   Storing empty content for key: empty_test
[2025-01-23 17:54:14.760809] [0x00007f4f8f30bb80] [info]    Successfully stored 0 bytes with key: empty_test
[2025-01-23 17:54:14.760817] [0x00007f4f8f30bb80] [debug]   Checking existence of key: empty_test
[2025-01-23 17:54:14.760820] [0x00007f4f8f30bb80] [debug]   Generating hash for key: empty_test
[2025-01-23 17:54:14.760830] [0x00007f4f8f30bb80] [debug]   Generated hash: f1b6800e9ca01dac557744adec3477366cbe3888d44fcabefb3078c4c069f3a8
[2025-01-23 17:54:14.760840] [0x00007f4f8f30bb80] [debug]   Calculated path: /tmp/store_test_1737654854758053883/f1/b6/80/0e9ca01dac557744adec3477366cbe3888d44fcabefb3078c4c069f3a8
[2025-01-23 17:54:14.760849] [0x00007f4f8f30bb80] [debug]   Key empty_test exists at path: /tmp/store_test_1737654854758053883/f1/b6/80/0e9ca01dac557744adec3477366cbe3888d44fcabefb3078c4c069f3a8
[2025-01-23 17:54:14.760861] [0x00007f4f8f30bb80] [info]    Retrieving data for key: empty_test
[2025-01-23 17:54:14.760864] [0x00007f4f8f30bb80] [debug]   Generating hash for key: empty_test
[2025-01-23 17:54:14.760871] [0x00007f4f8f30bb80] [debug]   Generated hash: f1b6800e9ca01dac557744adec3477366cbe3888d44fcabefb3078c4c069f3a8
[2025-01-23 17:54:14.760878] [0x00007f4f8f30bb80] [debug]   Calculated path: /tmp/store_test_1737654854758053883/f1/b6/80/0e9ca01dac557744adec3477366cbe3888d44fcabefb3078c4c069f3a8
[2025-01-23 17:54:14.760887] [0x00007f4f8f30bb80] [debug]   Retrieved empty content for key: empty_test
[2025-01-23 17:54:14.760895] [0x00007f4f8f30bb80] [info]    Clearing entire store at: "/tmp/store_test_1737654854758053883"
[2025-01-23 17:54:14.761139] [0x00007f4f8f30bb80] [info]    Store cleared successfully
[       OK ] StoreTest.EmptyInput (3 ms)
[----------] 1 test from StoreTest (3 ms total)

[----------] Global test environment tear-down
[==========] 1 test from 1 test suite ran. (3 ms total)
[  PASSED  ] 1 test.
<end of output>
Test time =   0.03 sec
----------------------------------------------------------
Test Passed.
"StoreTest.EmptyInput" end time: Jan 23 17:54 UTC
"StoreTest.EmptyInput" time elapsed: 00:00:00
----------------------------------------------------------

11/28 Testing: StoreTest.MultipleFiles
11/28 Test: StoreTest.MultipleFiles
Command: "/home/runner/workspace/build/store_tests" "--gtest_filter=StoreTest.MultipleFiles" "--gtest_also_run_disabled_tests"
Directory: /home/runner/workspace/build
"StoreTest.MultipleFiles" start time: Jan 23 17:54 UTC
Output:
----------------------------------------------------------
Running main() from /build/source/googletest/src/gtest_main.cc
Note: Google Test filter = StoreTest.MultipleFiles
[==========] Running 1 test from 1 test suite.
[----------] Global test environment set-up.
[----------] 1 test from StoreTest
[ RUN      ] StoreTest.MultipleFiles
[2025-01-23 17:54:14.776468] [0x00007f7718bd0b80] [info]    Initializing Store with base path: /tmp/store_test_1737654854775834006
[2025-01-23 17:54:14.776479] [0x00007f7718bd0b80] [debug]   Store directory created/verified at: /tmp/store_test_1737654854775834006
[2025-01-23 17:54:14.776488] [0x00007f7718bd0b80] [info]    Storing data with key: key1
[2025-01-23 17:54:14.776495] [0x00007f7718bd0b80] [debug]   Generating hash for key: key1
[2025-01-23 17:54:14.778299] [0x00007f7718bd0b80] [debug]   Generated hash: 8174099687a26621f4e2cdd7cc03b3dacedb3fb962255b1aafd033cabe831530
[2025-01-23 17:54:14.778311] [0x00007f7718bd0b80] [debug]   Calculated path: /tmp/store_test_1737654854775834006/81/74/09/9687a26621f4e2cdd7cc03b3dacedb3fb962255b1aafd033cabe831530
[2025-01-23 17:54:14.778360] [0x00007f7718bd0b80] [debug]   Calculated file path: /tmp/store_test_1737654854775834006/81/74/09/9687a26621f4e2cdd7cc03b3dacedb3fb962255b1aafd033cabe831530
[2025-01-23 17:54:14.778400] [0x00007f7718bd0b80] [info]    Successfully stored 18 bytes with key: key1
[2025-01-23 17:54:14.778403] [0x00007f7718bd0b80] [debug]   Checking existence of key: key1
[2025-01-23 17:54:14.778405] [0x00007f7718bd0b80] [debug]   Generating hash for key: key1
[2025-01-23 17:54:14.778411] [0x00007f7718bd0b80] [debug]   Generated hash: 8174099687a26621f4e2cdd7cc03b3dacedb3fb962255b1aafd033cabe831530
[2025-01-23 17:54:14.778414] [0x00007f7718bd0b80] [debug]   Calculated path: /tmp/store_test_1737654854775834006/81/74/09/9687a26621f4e2cdd7cc03b3dacedb3fb962255b1aafd033cabe831530
[2025-01-23 17:54:14.778828] [0x00007f7718bd0b80] [debug]   Key key1 exists at path: /tmp/store_test_1737654854775834006/81/74/09/9687a26621f4e2cdd7cc03b3dacedb3fb962255b1aafd033cabe831530
[2025-01-23 17:54:14.778834] [0x00007f7718bd0b80] [info]    Storing data with key: key2
[2025-01-23 17:54:14.778836] [0x00007f7718bd0b80] [debug]   Generating hash for key: key2
[2025-01-23 17:54:14.778843] [0x00007f7718bd0b80] [debug]   Generated hash: b10253764c8b233fb37542e23401c7b450e5a6f9751f3b5a014f6f67e8bc999d
[2025-01-23 17:54:14.778852] [0x00007f7718bd0b80] [debug]   Calculated path: /tmp/store_test_1737654854775834006/b1/02/53/764c8b233fb37542e23401c7b450e5a6f9751f3b5a014f6f67e8bc999d
[2025-01-23 17:54:14.778916] [0x00007f7718bd0b80] [debug]   Calculated file path: /tmp/store_test_1737654854775834006/b1/02/53/764c8b233fb37542e23401c7b450e5a6f9751f3b5a014f6f67e8bc999d
[2025-01-23 17:54:14.778950] [0x00007f7718bd0b80] [info]    Successfully stored 19 bytes with key: key2
[2025-01-23 17:54:14.778955] [0x00007f7718bd0b80] [debug]   Checking existence of key: key2
[2025-01-23 17:54:14.778958] [0x00007f7718bd0b80] [debug]   Generating hash for key: key2
[2025-01-23 17:54:14.778967] [0x00007f7718bd0b80] [debug]   Generated hash: b10253764c8b233fb37542e23401c7b450e5a6f9751f3b5a014f6f67e8bc999d
[2025-01-23 17:54:14.778972] [0x00007f7718bd0b80] [debug]   Calculated path: /tmp/store_test_1737654854775834006/b1/02/53/764c8b233fb37542e23401c7b450e5a6f9751f3b5a014f6f67e8bc999d
[2025-01-23 17:54:14.778979] [0x00007f7718bd0b80] [debug]   Key key2 exists at path: /tmp/store_test_1737654854775834006/b1/02/53/764c8b233fb37542e23401c7b450e5a6f9751f3b5a014f6f67e8bc999d
[2025-01-23 17:54:14.778983] [0x00007f7718bd0b80] [info]    Storing data with key: key3
[2025-01-23 17:54:14.778986] [0x00007f7718bd0b80] [debug]   Generating hash for key: key3
[2025-01-23 17:54:14.778993] [0x00007f7718bd0b80] [debug]   Generated hash: f576104eebeab09651d83acffc77c8b8c6eaa4b767aeab24d7da80f83f51d865
[2025-01-23 17:54:14.778997] [0x00007f7718bd0b80] [debug]   Calculated path: /tmp/store_test_1737654854775834006/f5/76/10/4eebeab09651d83acffc77c8b8c6eaa4b767aeab24d7da80f83f51d865
[2025-01-23 17:54:14.779093] [0x00007f7718bd0b80] [debug]   Calculated file path: /tmp/store_test_1737654854775834006/f5/76/10/4eebeab09651d83acffc77c8b8c6eaa4b767aeab24d7da80f83f51d865
[2025-01-23 17:54:14.779310] [0x00007f7718bd0b80] [info]    Successfully stored 18 bytes with key: key3
[2025-01-23 17:54:14.779318] [0x00007f7718bd0b80] [debug]   Checking existence of key: key3
[2025-01-23 17:54:14.779321] [0x00007f7718bd0b80] [debug]   Generating hash for key: key3
[2025-01-23 17:54:14.779330] [0x00007f7718bd0b80] [debug]   Generated hash: f576104eebeab09651d83acffc77c8b8c6eaa4b767aeab24d7da80f83f51d865
[2025-01-23 17:54:14.779336] [0x00007f7718bd0b80] [debug]   Calculated path: /tmp/store_test_1737654854775834006/f5/76/10/4eebeab09651d83acffc77c8b8c6eaa4b767aeab24d7da80f83f51d865
[2025-01-23 17:54:14.779345] [0x00007f7718bd0b80] [debug]   Key key3 exists at path: /tmp/store_test_1737654854775834006/f5/76/10/4eebeab09651d83acffc77c8b8c6eaa4b767aeab24d7da80f83f51d865
[2025-01-23 17:54:14.779348] [0x00007f7718bd0b80] [debug]   Checking existence of key: key1
[2025-01-23 17:54:14.779350] [0x00007f7718bd0b80] [debug]   Generating hash for key: key1
[2025-01-23 17:54:14.779354] [0x00007f7718bd0b80] [debug]   Generated hash: 8174099687a26621f4e2cdd7cc03b3dacedb3fb962255b1aafd033cabe831530
[2025-01-23 17:54:14.779357] [0x00007f7718bd0b80] [debug]   Calculated path: /tmp/store_test_1737654854775834006/81/74/09/9687a26621f4e2cdd7cc03b3dacedb3fb962255b1aafd033cabe831530
[2025-01-23 17:54:14.779360] [0x00007f7718bd0b80] [debug]   Key key1 exists at path: /tmp/store_test_1737654854775834006/81/74/09/9687a26621f4e2cdd7cc03b3dacedb3fb962255b1aafd033cabe831530
[2025-01-23 17:54:14.779363] [0x00007f7718bd0b80] [info]    Retrieving data for key: key1
[2025-01-23 17:54:14.779364] [0x00007f7718bd0b80] [debug]   Generating hash for key: key1
[2025-01-23 17:54:14.779367] [0x00007f7718bd0b80] [debug]   Generated hash: 8174099687a26621f4e2cdd7cc03b3dacedb3fb962255b1aafd033cabe831530
[2025-01-23 17:54:14.779370] [0x00007f7718bd0b80] [debug]   Calculated path: /tmp/store_test_1737654854775834006/81/74/09/9687a26621f4e2cdd7cc03b3dacedb3fb962255b1aafd033cabe831530
[2025-01-23 17:54:14.779382] [0x00007f7718bd0b80] [info]    Successfully streamed 18 bytes for key: key1
[2025-01-23 17:54:14.779410] [0x00007f7718bd0b80] [debug]   Checking existence of key: key2
[2025-01-23 17:54:14.779424] [0x00007f7718bd0b80] [debug]   Generating hash for key: key2
[2025-01-23 17:54:14.779439] [0x00007f7718bd0b80] [debug]   Generated hash: b10253764c8b233fb37542e23401c7b450e5a6f9751f3b5a014f6f67e8bc999d
[2025-01-23 17:54:14.779446] [0x00007f7718bd0b80] [debug]   Calculated path: /tmp/store_test_1737654854775834006/b1/02/53/764c8b233fb37542e23401c7b450e5a6f9751f3b5a014f6f67e8bc999d
[2025-01-23 17:54:14.779451] [0x00007f7718bd0b80] [debug]   Key key2 exists at path: /tmp/store_test_1737654854775834006/b1/02/53/764c8b233fb37542e23401c7b450e5a6f9751f3b5a014f6f67e8bc999d
[2025-01-23 17:54:14.779455] [0x00007f7718bd0b80] [info]    Retrieving data for key: key2
[2025-01-23 17:54:14.779458] [0x00007f7718bd0b80] [debug]   Generating hash for key: key2
[2025-01-23 17:54:14.779465] [0x00007f7718bd0b80] [debug]   Generated hash: b10253764c8b233fb37542e23401c7b450e5a6f9751f3b5a014f6f67e8bc999d
[2025-01-23 17:54:14.779468] [0x00007f7718bd0b80] [debug]   Calculated path: /tmp/store_test_1737654854775834006/b1/02/53/764c8b233fb37542e23401c7b450e5a6f9751f3b5a014f6f67e8bc999d
[2025-01-23 17:54:14.779480] [0x00007f7718bd0b80] [info]    Successfully streamed 19 bytes for key: key2
[2025-01-23 17:54:14.779486] [0x00007f7718bd0b80] [debug]   Checking existence of key: key3
[2025-01-23 17:54:14.779488] [0x00007f7718bd0b80] [debug]   Generating hash for key: key3
[2025-01-23 17:54:14.779491] [0x00007f7718bd0b80] [debug]   Generated hash: f576104eebeab09651d83acffc77c8b8c6eaa4b767aeab24d7da80f83f51d865
[2025-01-23 17:54:14.779494] [0x00007f7718bd0b80] [debug]   Calculated path: /tmp/store_test_1737654854775834006/f5/76/10/4eebeab09651d83acffc77c8b8c6eaa4b767aeab24d7da80f83f51d865
[2025-01-23 17:54:14.779497] [0x00007f7718bd0b80] [debug]   Key key3 exists at path: /tmp/store_test_1737654854775834006/f5/76/10/4eebeab09651d83acffc77c8b8c6eaa4b767aeab24d7da80f83f51d865
[2025-01-23 17:54:14.779501] [0x00007f7718bd0b80] [info]    Retrieving data for key: key3
[2025-01-23 17:54:14.779504] [0x00007f7718bd0b80] [debug]   Generating hash for key: key3
[2025-01-23 17:54:14.779510] [0x00007f7718bd0b80] [debug]   Generated hash: f576104eebeab09651d83acffc77c8b8c6eaa4b767aeab24d7da80f83f51d865
[2025-01-23 17:54:14.779517] [0x00007f7718bd0b80] [debug]   Calculated path: /tmp/store_test_1737654854775834006/f5/76/10/4eebeab09651d83acffc77c8b8c6eaa4b767aeab24d7da80f83f51d865
[2025-01-23 17:54:14.779529] [0x00007f7718bd0b80] [info]    Successfully streamed 18 bytes for key: key3
[2025-01-23 17:54:14.779536] [0x00007f7718bd0b80] [info]    Clearing entire store at: "/tmp/store_test_1737654854775834006"
[2025-01-23 17:54:14.779895] [0x00007f7718bd0b80] [info]    Store cleared successfully
[       OK ] StoreTest.MultipleFiles (4 ms)
[----------] 1 test from StoreTest (4 ms total)

[----------] Global test environment tear-down
[==========] 1 test from 1 test suite ran. (4 ms total)
[  PASSED  ] 1 test.
<end of output>
Test time =   0.02 sec
----------------------------------------------------------
Test Passed.
"StoreTest.MultipleFiles" end time: Jan 23 17:54 UTC
"StoreTest.MultipleFiles" time elapsed: 00:00:00
----------------------------------------------------------

12/28 Testing: StoreTest.ErrorHandling
12/28 Test: StoreTest.ErrorHandling
Command: "/home/runner/workspace/build/store_tests" "--gtest_filter=StoreTest.ErrorHandling" "--gtest_also_run_disabled_tests"
Directory: /home/runner/workspace/build
"StoreTest.ErrorHandling" start time: Jan 23 17:54 UTC
Output:
----------------------------------------------------------
Running main() from /build/source/googletest/src/gtest_main.cc
Note: Google Test filter = StoreTest.ErrorHandling
[==========] Running 1 test from 1 test suite.
[----------] Global test environment set-up.
[----------] 1 test from StoreTest
[ RUN      ] StoreTest.ErrorHandling
[2025-01-23 17:54:14.798280] [0x00007f8503affb80] [info]    Initializing Store with base path: /tmp/store_test_1737654854798071999
[2025-01-23 17:54:14.798295] [0x00007f8503affb80] [debug]   Store directory created/verified at: /tmp/store_test_1737654854798071999
[2025-01-23 17:54:14.798301] [0x00007f8503affb80] [debug]   Checking existence of key: error_key
[2025-01-23 17:54:14.798304] [0x00007f8503affb80] [debug]   Generating hash for key: error_key
[2025-01-23 17:54:14.800159] [0x00007f8503affb80] [debug]   Generated hash: 7a0a1ce4f1c58ba0fb867426e1bbf7c475cf4a6fb6902cf56852bd2b980d900b
[2025-01-23 17:54:14.800177] [0x00007f8503affb80] [debug]   Calculated path: /tmp/store_test_1737654854798071999/7a/0a/1c/e4f1c58ba0fb867426e1bbf7c475cf4a6fb6902cf56852bd2b980d900b
[2025-01-23 17:54:14.800219] [0x00007f8503affb80] [debug]   Key error_key not found at path: /tmp/store_test_1737654854798071999/7a/0a/1c/e4f1c58ba0fb867426e1bbf7c475cf4a6fb6902cf56852bd2b980d900b
[2025-01-23 17:54:14.800230] [0x00007f8503affb80] [info]    Retrieving data for key: error_key
[2025-01-23 17:54:14.800238] [0x00007f8503affb80] [debug]   Generating hash for key: error_key
[2025-01-23 17:54:14.800247] [0x00007f8503affb80] [debug]   Generated hash: 7a0a1ce4f1c58ba0fb867426e1bbf7c475cf4a6fb6902cf56852bd2b980d900b
[2025-01-23 17:54:14.800262] [0x00007f8503affb80] [debug]   Calculated path: /tmp/store_test_1737654854798071999/7a/0a/1c/e4f1c58ba0fb867426e1bbf7c475cf4a6fb6902cf56852bd2b980d900b
[2025-01-23 17:54:14.800270] [0x00007f8503affb80] [error]   File not found: /tmp/store_test_1737654854798071999/7a/0a/1c/e4f1c58ba0fb867426e1bbf7c475cf4a6fb6902cf56852bd2b980d900b
[2025-01-23 17:54:14.800312] [0x00007f8503affb80] [info]    Storing data with key: error_key
[2025-01-23 17:54:14.800319] [0x00007f8503affb80] [error]   Invalid input stream provided for key: error_key
[2025-01-23 17:54:14.800331] [0x00007f8503affb80] [info]    Clearing entire store at: "/tmp/store_test_1737654854798071999"
[2025-01-23 17:54:14.800434] [0x00007f8503affb80] [info]    Store cleared successfully
[       OK ] StoreTest.ErrorHandling (2 ms)
[----------] 1 test from StoreTest (2 ms total)

[----------] Global test environment tear-down
[==========] 1 test from 1 test suite ran. (2 ms total)
[  PASSED  ] 1 test.
<end of output>
Test time =   0.02 sec
----------------------------------------------------------
Test Passed.
"StoreTest.ErrorHandling" end time: Jan 23 17:54 UTC
"StoreTest.ErrorHandling" time elapsed: 00:00:00
----------------------------------------------------------

13/28 Testing: StoreTest.Clear
13/28 Test: StoreTest.Clear
Command: "/home/runner/workspace/build/store_tests" "--gtest_filter=StoreTest.Clear" "--gtest_also_run_disabled_tests"
Directory: /home/runner/workspace/build
"StoreTest.Clear" start time: Jan 23 17:54 UTC
Output:
----------------------------------------------------------
Running main() from /build/source/googletest/src/gtest_main.cc
Note: Google Test filter = StoreTest.Clear
[==========] Running 1 test from 1 test suite.
[----------] Global test environment set-up.
[----------] 1 test from StoreTest
[ RUN      ] StoreTest.Clear
[2025-01-23 17:54:14.815179] [0x00007ff0c81ccb80] [info]    Initializing Store with base path: /tmp/store_test_1737654854815050092
[2025-01-23 17:54:14.815208] [0x00007ff0c81ccb80] [debug]   Store directory created/verified at: /tmp/store_test_1737654854815050092
[2025-01-23 17:54:14.815220] [0x00007ff0c81ccb80] [info]    Storing data with key: key1
[2025-01-23 17:54:14.815224] [0x00007ff0c81ccb80] [debug]   Generating hash for key: key1
[2025-01-23 17:54:14.816874] [0x00007ff0c81ccb80] [debug]   Generated hash: 8174099687a26621f4e2cdd7cc03b3dacedb3fb962255b1aafd033cabe831530
[2025-01-23 17:54:14.816890] [0x00007ff0c81ccb80] [debug]   Calculated path: /tmp/store_test_1737654854815050092/81/74/09/9687a26621f4e2cdd7cc03b3dacedb3fb962255b1aafd033cabe831530
[2025-01-23 17:54:14.816955] [0x00007ff0c81ccb80] [debug]   Calculated file path: /tmp/store_test_1737654854815050092/81/74/09/9687a26621f4e2cdd7cc03b3dacedb3fb962255b1aafd033cabe831530
[2025-01-23 17:54:14.817005] [0x00007ff0c81ccb80] [info]    Successfully stored 9 bytes with key: key1
[2025-01-23 17:54:14.817009] [0x00007ff0c81ccb80] [debug]   Checking existence of key: key1
[2025-01-23 17:54:14.817012] [0x00007ff0c81ccb80] [debug]   Generating hash for key: key1
[2025-01-23 17:54:14.817020] [0x00007ff0c81ccb80] [debug]   Generated hash: 8174099687a26621f4e2cdd7cc03b3dacedb3fb962255b1aafd033cabe831530
[2025-01-23 17:54:14.817024] [0x00007ff0c81ccb80] [debug]   Calculated path: /tmp/store_test_1737654854815050092/81/74/09/9687a26621f4e2cdd7cc03b3dacedb3fb962255b1aafd033cabe831530
[2025-01-23 17:54:14.817030] [0x00007ff0c81ccb80] [debug]   Key key1 exists at path: /tmp/store_test_1737654854815050092/81/74/09/9687a26621f4e2cdd7cc03b3dacedb3fb962255b1aafd033cabe831530
[2025-01-23 17:54:14.817034] [0x00007ff0c81ccb80] [info]    Storing data with key: key2
[2025-01-23 17:54:14.817037] [0x00007ff0c81ccb80] [debug]   Generating hash for key: key2
[2025-01-23 17:54:14.817042] [0x00007ff0c81ccb80] [debug]   Generated hash: b10253764c8b233fb37542e23401c7b450e5a6f9751f3b5a014f6f67e8bc999d
[2025-01-23 17:54:14.817046] [0x00007ff0c81ccb80] [debug]   Calculated path: /tmp/store_test_1737654854815050092/b1/02/53/764c8b233fb37542e23401c7b450e5a6f9751f3b5a014f6f67e8bc999d
[2025-01-23 17:54:14.817094] [0x00007ff0c81ccb80] [debug]   Calculated file path: /tmp/store_test_1737654854815050092/b1/02/53/764c8b233fb37542e23401c7b450e5a6f9751f3b5a014f6f67e8bc999d
[2025-01-23 17:54:14.817127] [0x00007ff0c81ccb80] [info]    Successfully stored 9 bytes with key: key2
[2025-01-23 17:54:14.817131] [0x00007ff0c81ccb80] [debug]   Checking existence of key: key2
[2025-01-23 17:54:14.817134] [0x00007ff0c81ccb80] [debug]   Generating hash for key: key2
[2025-01-23 17:54:14.817141] [0x00007ff0c81ccb80] [debug]   Generated hash: b10253764c8b233fb37542e23401c7b450e5a6f9751f3b5a014f6f67e8bc999d
[2025-01-23 17:54:14.817145] [0x00007ff0c81ccb80] [debug]   Calculated path: /tmp/store_test_1737654854815050092/b1/02/53/764c8b233fb37542e23401c7b450e5a6f9751f3b5a014f6f67e8bc999d
[2025-01-23 17:54:14.817152] [0x00007ff0c81ccb80] [debug]   Key key2 exists at path: /tmp/store_test_1737654854815050092/b1/02/53/764c8b233fb37542e23401c7b450e5a6f9751f3b5a014f6f67e8bc999d
[2025-01-23 17:54:14.817155] [0x00007ff0c81ccb80] [info]    Storing data with key: key3
[2025-01-23 17:54:14.817157] [0x00007ff0c81ccb80] [debug]   Generating hash for key: key3
[2025-01-23 17:54:14.817163] [0x00007ff0c81ccb80] [debug]   Generated hash: f576104eebeab09651d83acffc77c8b8c6eaa4b767aeab24d7da80f83f51d865
[2025-01-23 17:54:14.817166] [0x00007ff0c81ccb80] [debug]   Calculated path: /tmp/store_test_1737654854815050092/f5/76/10/4eebeab09651d83acffc77c8b8c6eaa4b767aeab24d7da80f83f51d865
[2025-01-23 17:54:14.817237] [0x00007ff0c81ccb80] [debug]   Calculated file path: /tmp/store_test_1737654854815050092/f5/76/10/4eebeab09651d83acffc77c8b8c6eaa4b767aeab24d7da80f83f51d865
[2025-01-23 17:54:14.817300] [0x00007ff0c81ccb80] [info]    Successfully stored 9 bytes with key: key3
[2025-01-23 17:54:14.817315] [0x00007ff0c81ccb80] [debug]   Checking existence of key: key3
[2025-01-23 17:54:14.817318] [0x00007ff0c81ccb80] [debug]   Generating hash for key: key3
[2025-01-23 17:54:14.817326] [0x00007ff0c81ccb80] [debug]   Generated hash: f576104eebeab09651d83acffc77c8b8c6eaa4b767aeab24d7da80f83f51d865
[2025-01-23 17:54:14.817330] [0x00007ff0c81ccb80] [debug]   Calculated path: /tmp/store_test_1737654854815050092/f5/76/10/4eebeab09651d83acffc77c8b8c6eaa4b767aeab24d7da80f83f51d865
[2025-01-23 17:54:14.817342] [0x00007ff0c81ccb80] [debug]   Key key3 exists at path: /tmp/store_test_1737654854815050092/f5/76/10/4eebeab09651d83acffc77c8b8c6eaa4b767aeab24d7da80f83f51d865
[2025-01-23 17:54:14.817347] [0x00007ff0c81ccb80] [info]    Clearing entire store at: "/tmp/store_test_1737654854815050092"
[2025-01-23 17:54:14.817837] [0x00007ff0c81ccb80] [info]    Store cleared successfully
[2025-01-23 17:54:14.817847] [0x00007ff0c81ccb80] [debug]   Checking existence of key: key1
[2025-01-23 17:54:14.817855] [0x00007ff0c81ccb80] [debug]   Generating hash for key: key1
[2025-01-23 17:54:14.817865] [0x00007ff0c81ccb80] [debug]   Generated hash: 8174099687a26621f4e2cdd7cc03b3dacedb3fb962255b1aafd033cabe831530
[2025-01-23 17:54:14.817872] [0x00007ff0c81ccb80] [debug]   Calculated path: /tmp/store_test_1737654854815050092/81/74/09/9687a26621f4e2cdd7cc03b3dacedb3fb962255b1aafd033cabe831530
[2025-01-23 17:54:14.817883] [0x00007ff0c81ccb80] [debug]   Key key1 not found at path: /tmp/store_test_1737654854815050092/81/74/09/9687a26621f4e2cdd7cc03b3dacedb3fb962255b1aafd033cabe831530
[2025-01-23 17:54:14.817887] [0x00007ff0c81ccb80] [info]    Retrieving data for key: key1
[2025-01-23 17:54:14.817889] [0x00007ff0c81ccb80] [debug]   Generating hash for key: key1
[2025-01-23 17:54:14.817895] [0x00007ff0c81ccb80] [debug]   Generated hash: 8174099687a26621f4e2cdd7cc03b3dacedb3fb962255b1aafd033cabe831530
[2025-01-23 17:54:14.817899] [0x00007ff0c81ccb80] [debug]   Calculated path: /tmp/store_test_1737654854815050092/81/74/09/9687a26621f4e2cdd7cc03b3dacedb3fb962255b1aafd033cabe831530
[2025-01-23 17:54:14.817903] [0x00007ff0c81ccb80] [error]   File not found: /tmp/store_test_1737654854815050092/81/74/09/9687a26621f4e2cdd7cc03b3dacedb3fb962255b1aafd033cabe831530
[2025-01-23 17:54:14.817935] [0x00007ff0c81ccb80] [debug]   Checking existence of key: key2
[2025-01-23 17:54:14.817937] [0x00007ff0c81ccb80] [debug]   Generating hash for key: key2
[2025-01-23 17:54:14.817943] [0x00007ff0c81ccb80] [debug]   Generated hash: b10253764c8b233fb37542e23401c7b450e5a6f9751f3b5a014f6f67e8bc999d
[2025-01-23 17:54:14.817947] [0x00007ff0c81ccb80] [debug]   Calculated path: /tmp/store_test_1737654854815050092/b1/02/53/764c8b233fb37542e23401c7b450e5a6f9751f3b5a014f6f67e8bc999d
[2025-01-23 17:54:14.817954] [0x00007ff0c81ccb80] [debug]   Key key2 not found at path: /tmp/store_test_1737654854815050092/b1/02/53/764c8b233fb37542e23401c7b450e5a6f9751f3b5a014f6f67e8bc999d
[2025-01-23 17:54:14.817957] [0x00007ff0c81ccb80] [info]    Retrieving data for key: key2
[2025-01-23 17:54:14.817960] [0x00007ff0c81ccb80] [debug]   Generating hash for key: key2
[2025-01-23 17:54:14.817966] [0x00007ff0c81ccb80] [debug]   Generated hash: b10253764c8b233fb37542e23401c7b450e5a6f9751f3b5a014f6f67e8bc999d
[2025-01-23 17:54:14.817971] [0x00007ff0c81ccb80] [debug]   Calculated path: /tmp/store_test_1737654854815050092/b1/02/53/764c8b233fb37542e23401c7b450e5a6f9751f3b5a014f6f67e8bc999d
[2025-01-23 17:54:14.817975] [0x00007ff0c81ccb80] [error]   File not found: /tmp/store_test_1737654854815050092/b1/02/53/764c8b233fb37542e23401c7b450e5a6f9751f3b5a014f6f67e8bc999d
[2025-01-23 17:54:14.817984] [0x00007ff0c81ccb80] [debug]   Checking existence of key: key3
[2025-01-23 17:54:14.817987] [0x00007ff0c81ccb80] [debug]   Generating hash for key: key3
[2025-01-23 17:54:14.817992] [0x00007ff0c81ccb80] [debug]   Generated hash: f576104eebeab09651d83acffc77c8b8c6eaa4b767aeab24d7da80f83f51d865
[2025-01-23 17:54:14.817997] [0x00007ff0c81ccb80] [debug]   Calculated path: /tmp/store_test_1737654854815050092/f5/76/10/4eebeab09651d83acffc77c8b8c6eaa4b767aeab24d7da80f83f51d865
[2025-01-23 17:54:14.818004] [0x00007ff0c81ccb80] [debug]   Key key3 not found at path: /tmp/store_test_1737654854815050092/f5/76/10/4eebeab09651d83acffc77c8b8c6eaa4b767aeab24d7da80f83f51d865
[2025-01-23 17:54:14.818007] [0x00007ff0c81ccb80] [info]    Retrieving data for key: key3
[2025-01-23 17:54:14.818009] [0x00007ff0c81ccb80] [debug]   Generating hash for key: key3
[2025-01-23 17:54:14.818014] [0x00007ff0c81ccb80] [debug]   Generated hash: f576104eebeab09651d83acffc77c8b8c6eaa4b767aeab24d7da80f83f51d865
[2025-01-23 17:54:14.818018] [0x00007ff0c81ccb80] [debug]   Calculated path: /tmp/store_test_1737654854815050092/f5/76/10/4eebeab09651d83acffc77c8b8c6eaa4b767aeab24d7da80f83f51d865
[2025-01-23 17:54:14.818022] [0x00007ff0c81ccb80] [error]   File not found: /tmp/store_test_1737654854815050092/f5/76/10/4eebeab09651d83acffc77c8b8c6eaa4b767aeab24d7da80f83f51d865
[2025-01-23 17:54:14.818033] [0x00007ff0c81ccb80] [info]    Clearing entire store at: "/tmp/store_test_1737654854815050092"
[2025-01-23 17:54:14.818099] [0x00007ff0c81ccb80] [info]    Store cleared successfully
[       OK ] StoreTest.Clear (3 ms)
[----------] 1 test from StoreTest (3 ms total)

[----------] Global test environment tear-down
[==========] 1 test from 1 test suite ran. (3 ms total)
[  PASSED  ] 1 test.
<end of output>
Test time =   0.02 sec
----------------------------------------------------------
Test Passed.
"StoreTest.Clear" end time: Jan 23 17:54 UTC
"StoreTest.Clear" time elapsed: 00:00:00
----------------------------------------------------------

14/28 Testing: StoreTest.LargeFileHandling
14/28 Test: StoreTest.LargeFileHandling
Command: "/home/runner/workspace/build/store_tests" "--gtest_filter=StoreTest.LargeFileHandling" "--gtest_also_run_disabled_tests"
Directory: /home/runner/workspace/build
"StoreTest.LargeFileHandling" start time: Jan 23 17:54 UTC
Output:
----------------------------------------------------------
Running main() from /build/source/googletest/src/gtest_main.cc
Note: Google Test filter = StoreTest.LargeFileHandling
[==========] Running 1 test from 1 test suite.
[----------] Global test environment set-up.
[----------] 1 test from StoreTest
[ RUN      ] StoreTest.LargeFileHandling
[2025-01-23 17:54:14.835894] [0x00007fcf6c5ebb80] [info]    Initializing Store with base path: /tmp/store_test_1737654854835698645
[2025-01-23 17:54:14.835911] [0x00007fcf6c5ebb80] [debug]   Store directory created/verified at: /tmp/store_test_1737654854835698645
[2025-01-23 17:54:14.853566] [0x00007fcf6c5ebb80] [info]    Storing data with key: large_file
[2025-01-23 17:54:14.853587] [0x00007fcf6c5ebb80] [debug]   Generating hash for key: large_file
[2025-01-23 17:54:14.855045] [0x00007fcf6c5ebb80] [debug]   Generated hash: df1fbde40271055bb026eaa5094faa107c4a4987061ed6c7def9df06f885f2f3
[2025-01-23 17:54:14.855098] [0x00007fcf6c5ebb80] [debug]   Calculated path: /tmp/store_test_1737654854835698645/df/1f/bd/e40271055bb026eaa5094faa107c4a4987061ed6c7def9df06f885f2f3
[2025-01-23 17:54:14.855216] [0x00007fcf6c5ebb80] [debug]   Calculated file path: /tmp/store_test_1737654854835698645/df/1f/bd/e40271055bb026eaa5094faa107c4a4987061ed6c7def9df06f885f2f3
[2025-01-23 17:54:14.863979] [0x00007fcf6c5ebb80] [info]    Successfully stored 10485760 bytes with key: large_file
[2025-01-23 17:54:14.864084] [0x00007fcf6c5ebb80] [debug]   Checking existence of key: large_file
[2025-01-23 17:54:14.864103] [0x00007fcf6c5ebb80] [debug]   Generating hash for key: large_file
[2025-01-23 17:54:14.864145] [0x00007fcf6c5ebb80] [debug]   Generated hash: df1fbde40271055bb026eaa5094faa107c4a4987061ed6c7def9df06f885f2f3
[2025-01-23 17:54:14.864166] [0x00007fcf6c5ebb80] [debug]   Calculated path: /tmp/store_test_1737654854835698645/df/1f/bd/e40271055bb026eaa5094faa107c4a4987061ed6c7def9df06f885f2f3
[2025-01-23 17:54:14.864205] [0x00007fcf6c5ebb80] [debug]   Key large_file exists at path: /tmp/store_test_1737654854835698645/df/1f/bd/e40271055bb026eaa5094faa107c4a4987061ed6c7def9df06f885f2f3
[2025-01-23 17:54:14.864227] [0x00007fcf6c5ebb80] [info]    Retrieving data for key: large_file
[2025-01-23 17:54:14.864241] [0x00007fcf6c5ebb80] [debug]   Generating hash for key: large_file
[2025-01-23 17:54:14.864259] [0x00007fcf6c5ebb80] [debug]   Generated hash: df1fbde40271055bb026eaa5094faa107c4a4987061ed6c7def9df06f885f2f3
[2025-01-23 17:54:14.864275] [0x00007fcf6c5ebb80] [debug]   Calculated path: /tmp/store_test_1737654854835698645/df/1f/bd/e40271055bb026eaa5094faa107c4a4987061ed6c7def9df06f885f2f3
[2025-01-23 17:54:14.880701] [0x00007fcf6c5ebb80] [info]    Successfully streamed 10485760 bytes for key: large_file
[2025-01-23 17:54:14.890186] [0x00007fcf6c5ebb80] [info]    Clearing entire store at: "/tmp/store_test_1737654854835698645"
[2025-01-23 17:54:14.892706] [0x00007fcf6c5ebb80] [info]    Store cleared successfully
[       OK ] StoreTest.LargeFileHandling (57 ms)
[----------] 1 test from StoreTest (57 ms total)

[----------] Global test environment tear-down
[==========] 1 test from 1 test suite ran. (57 ms total)
[  PASSED  ] 1 test.
<end of output>
Test time =   0.07 sec
----------------------------------------------------------
Test Passed.
"StoreTest.LargeFileHandling" end time: Jan 23 17:54 UTC
"StoreTest.LargeFileHandling" time elapsed: 00:00:00
----------------------------------------------------------

15/28 Testing: StoreTest.OverwriteBehavior
15/28 Test: StoreTest.OverwriteBehavior
Command: "/home/runner/workspace/build/store_tests" "--gtest_filter=StoreTest.OverwriteBehavior" "--gtest_also_run_disabled_tests"
Directory: /home/runner/workspace/build
"StoreTest.OverwriteBehavior" start time: Jan 23 17:54 UTC
Output:
----------------------------------------------------------
Running main() from /build/source/googletest/src/gtest_main.cc
Note: Google Test filter = StoreTest.OverwriteBehavior
[==========] Running 1 test from 1 test suite.
[----------] Global test environment set-up.
[----------] 1 test from StoreTest
[ RUN      ] StoreTest.OverwriteBehavior
[2025-01-23 17:54:14.909063] [0x00007fd5cb961b80] [info]    Initializing Store with base path: /tmp/store_test_1737654854908917066
[2025-01-23 17:54:14.909079] [0x00007fd5cb961b80] [debug]   Store directory created/verified at: /tmp/store_test_1737654854908917066
[2025-01-23 17:54:14.909088] [0x00007fd5cb961b80] [info]    Storing data with key: overwrite_test
[2025-01-23 17:54:14.909091] [0x00007fd5cb961b80] [debug]   Generating hash for key: overwrite_test
[2025-01-23 17:54:14.910721] [0x00007fd5cb961b80] [debug]   Generated hash: 30952b659b529afe6343c608ec6d8a565347d89ad4d22eec203b90234d48b36e
[2025-01-23 17:54:14.910734] [0x00007fd5cb961b80] [debug]   Calculated path: /tmp/store_test_1737654854908917066/30/95/2b/659b529afe6343c608ec6d8a565347d89ad4d22eec203b90234d48b36e
[2025-01-23 17:54:14.910808] [0x00007fd5cb961b80] [debug]   Calculated file path: /tmp/store_test_1737654854908917066/30/95/2b/659b529afe6343c608ec6d8a565347d89ad4d22eec203b90234d48b36e
[2025-01-23 17:54:14.910870] [0x00007fd5cb961b80] [info]    Successfully stored 15 bytes with key: overwrite_test
[2025-01-23 17:54:14.910879] [0x00007fd5cb961b80] [debug]   Checking existence of key: overwrite_test
[2025-01-23 17:54:14.910882] [0x00007fd5cb961b80] [debug]   Generating hash for key: overwrite_test
[2025-01-23 17:54:14.910890] [0x00007fd5cb961b80] [debug]   Generated hash: 30952b659b529afe6343c608ec6d8a565347d89ad4d22eec203b90234d48b36e
[2025-01-23 17:54:14.910895] [0x00007fd5cb961b80] [debug]   Calculated path: /tmp/store_test_1737654854908917066/30/95/2b/659b529afe6343c608ec6d8a565347d89ad4d22eec203b90234d48b36e
[2025-01-23 17:54:14.910903] [0x00007fd5cb961b80] [debug]   Key overwrite_test exists at path: /tmp/store_test_1737654854908917066/30/95/2b/659b529afe6343c608ec6d8a565347d89ad4d22eec203b90234d48b36e
[2025-01-23 17:54:14.910907] [0x00007fd5cb961b80] [info]    Retrieving data for key: overwrite_test
[2025-01-23 17:54:14.910910] [0x00007fd5cb961b80] [debug]   Generating hash for key: overwrite_test
[2025-01-23 17:54:14.910916] [0x00007fd5cb961b80] [debug]   Generated hash: 30952b659b529afe6343c608ec6d8a565347d89ad4d22eec203b90234d48b36e
[2025-01-23 17:54:14.910924] [0x00007fd5cb961b80] [debug]   Calculated path: /tmp/store_test_1737654854908917066/30/95/2b/659b529afe6343c608ec6d8a565347d89ad4d22eec203b90234d48b36e
[2025-01-23 17:54:14.910940] [0x00007fd5cb961b80] [info]    Successfully streamed 15 bytes for key: overwrite_test
[2025-01-23 17:54:14.910951] [0x00007fd5cb961b80] [info]    Storing data with key: overwrite_test
[2025-01-23 17:54:14.910954] [0x00007fd5cb961b80] [debug]   Generating hash for key: overwrite_test
[2025-01-23 17:54:14.910961] [0x00007fd5cb961b80] [debug]   Generated hash: 30952b659b529afe6343c608ec6d8a565347d89ad4d22eec203b90234d48b36e
[2025-01-23 17:54:14.910968] [0x00007fd5cb961b80] [debug]   Calculated path: /tmp/store_test_1737654854908917066/30/95/2b/659b529afe6343c608ec6d8a565347d89ad4d22eec203b90234d48b36e
[2025-01-23 17:54:14.910975] [0x00007fd5cb961b80] [debug]   Calculated file path: /tmp/store_test_1737654854908917066/30/95/2b/659b529afe6343c608ec6d8a565347d89ad4d22eec203b90234d48b36e
[2025-01-23 17:54:14.911030] [0x00007fd5cb961b80] [info]    Successfully stored 15 bytes with key: overwrite_test
[2025-01-23 17:54:14.911038] [0x00007fd5cb961b80] [info]    Retrieving data for key: overwrite_test
[2025-01-23 17:54:14.911041] [0x00007fd5cb961b80] [debug]   Generating hash for key: overwrite_test
[2025-01-23 17:54:14.911049] [0x00007fd5cb961b80] [debug]   Generated hash: 30952b659b529afe6343c608ec6d8a565347d89ad4d22eec203b90234d48b36e
[2025-01-23 17:54:14.911056] [0x00007fd5cb961b80] [debug]   Calculated path: /tmp/store_test_1737654854908917066/30/95/2b/659b529afe6343c608ec6d8a565347d89ad4d22eec203b90234d48b36e
[2025-01-23 17:54:14.911071] [0x00007fd5cb961b80] [info]    Successfully streamed 15 bytes for key: overwrite_test
[2025-01-23 17:54:14.911082] [0x00007fd5cb961b80] [info]    Clearing entire store at: "/tmp/store_test_1737654854908917066"
[2025-01-23 17:54:14.911341] [0x00007fd5cb961b80] [info]    Store cleared successfully
[       OK ] StoreTest.OverwriteBehavior (2 ms)
[----------] 1 test from StoreTest (2 ms total)

[----------] Global test environment tear-down
[==========] 1 test from 1 test suite ran. (2 ms total)
[  PASSED  ] 1 test.
<end of output>
Test time =   0.02 sec
----------------------------------------------------------
Test Passed.
"StoreTest.OverwriteBehavior" end time: Jan 23 17:54 UTC
"StoreTest.OverwriteBehavior" time elapsed: 00:00:00
----------------------------------------------------------

16/28 Testing: StoreTest.StreamStatePreservation
16/28 Test: StoreTest.StreamStatePreservation
Command: "/home/runner/workspace/build/store_tests" "--gtest_filter=StoreTest.StreamStatePreservation" "--gtest_also_run_disabled_tests"
Directory: /home/runner/workspace/build
"StoreTest.StreamStatePreservation" start time: Jan 23 17:54 UTC
Output:
----------------------------------------------------------
Running main() from /build/source/googletest/src/gtest_main.cc
Note: Google Test filter = StoreTest.StreamStatePreservation
[==========] Running 1 test from 1 test suite.
[----------] Global test environment set-up.
[----------] 1 test from StoreTest
[ RUN      ] StoreTest.StreamStatePreservation
[2025-01-23 17:54:14.928638] [0x00007f8b77d83b80] [info]    Initializing Store with base path: /tmp/store_test_1737654854928500760
[2025-01-23 17:54:14.928649] [0x00007f8b77d83b80] [debug]   Store directory created/verified at: /tmp/store_test_1737654854928500760
[2025-01-23 17:54:14.928656] [0x00007f8b77d83b80] [info]    Storing data with key: stream_state_test
[2025-01-23 17:54:14.928659] [0x00007f8b77d83b80] [debug]   Generating hash for key: stream_state_test
[2025-01-23 17:54:14.930607] [0x00007f8b77d83b80] [debug]   Generated hash: a9e413f31ab1fd98797abd4d4d50fc4ccfbf9abaec049f8d5f9e9c5b294d61c8
[2025-01-23 17:54:14.930623] [0x00007f8b77d83b80] [debug]   Calculated path: /tmp/store_test_1737654854928500760/a9/e4/13/f31ab1fd98797abd4d4d50fc4ccfbf9abaec049f8d5f9e9c5b294d61c8
[2025-01-23 17:54:14.930688] [0x00007f8b77d83b80] [debug]   Calculated file path: /tmp/store_test_1737654854928500760/a9/e4/13/f31ab1fd98797abd4d4d50fc4ccfbf9abaec049f8d5f9e9c5b294d61c8
[2025-01-23 17:54:14.930800] [0x00007f8b77d83b80] [info]    Successfully stored 26 bytes with key: stream_state_test
[2025-01-23 17:54:14.930811] [0x00007f8b77d83b80] [info]    Retrieving data for key: stream_state_test
[2025-01-23 17:54:14.930814] [0x00007f8b77d83b80] [debug]   Generating hash for key: stream_state_test
[2025-01-23 17:54:14.930823] [0x00007f8b77d83b80] [debug]   Generated hash: a9e413f31ab1fd98797abd4d4d50fc4ccfbf9abaec049f8d5f9e9c5b294d61c8
[2025-01-23 17:54:14.930828] [0x00007f8b77d83b80] [debug]   Calculated path: /tmp/store_test_1737654854928500760/a9/e4/13/f31ab1fd98797abd4d4d50fc4ccfbf9abaec049f8d5f9e9c5b294d61c8
[2025-01-23 17:54:14.930847] [0x00007f8b77d83b80] [info]    Successfully streamed 26 bytes for key: stream_state_test
[2025-01-23 17:54:14.930860] [0x00007f8b77d83b80] [info]    Clearing entire store at: "/tmp/store_test_1737654854928500760"
[2025-01-23 17:54:14.931084] [0x00007f8b77d83b80] [info]    Store cleared successfully
[       OK ] StoreTest.StreamStatePreservation (2 ms)
[----------] 1 test from StoreTest (2 ms total)

[----------] Global test environment tear-down
[==========] 1 test from 1 test suite ran. (2 ms total)
[  PASSED  ] 1 test.
<end of output>
Test time =   0.02 sec
----------------------------------------------------------
Test Passed.
"StoreTest.StreamStatePreservation" end time: Jan 23 17:54 UTC
"StoreTest.StreamStatePreservation" time elapsed: 00:00:00
----------------------------------------------------------

17/28 Testing: StoreTest.FileSizeRetrieval
17/28 Test: StoreTest.FileSizeRetrieval
Command: "/home/runner/workspace/build/store_tests" "--gtest_filter=StoreTest.FileSizeRetrieval" "--gtest_also_run_disabled_tests"
Directory: /home/runner/workspace/build
"StoreTest.FileSizeRetrieval" start time: Jan 23 17:54 UTC
Output:
----------------------------------------------------------
Running main() from /build/source/googletest/src/gtest_main.cc
Note: Google Test filter = StoreTest.FileSizeRetrieval
[==========] Running 1 test from 1 test suite.
[----------] Global test environment set-up.
[----------] 1 test from StoreTest
[ RUN      ] StoreTest.FileSizeRetrieval
[2025-01-23 17:54:14.946426] [0x00007f1c4319db80] [info]    Initializing Store with base path: /tmp/store_test_1737654854946295192
[2025-01-23 17:54:14.946440] [0x00007f1c4319db80] [debug]   Store directory created/verified at: /tmp/store_test_1737654854946295192
[2025-01-23 17:54:14.946447] [0x00007f1c4319db80] [info]    Storing data with key: size_test
[2025-01-23 17:54:14.946455] [0x00007f1c4319db80] [debug]   Generating hash for key: size_test
[2025-01-23 17:54:14.948096] [0x00007f1c4319db80] [debug]   Generated hash: d2283af70f36b068be549fdee1255a41540b931c457a992112d4cab9c89de74e
[2025-01-23 17:54:14.948120] [0x00007f1c4319db80] [debug]   Calculated path: /tmp/store_test_1737654854946295192/d2/28/3a/f70f36b068be549fdee1255a41540b931c457a992112d4cab9c89de74e
[2025-01-23 17:54:14.948221] [0x00007f1c4319db80] [debug]   Calculated file path: /tmp/store_test_1737654854946295192/d2/28/3a/f70f36b068be549fdee1255a41540b931c457a992112d4cab9c89de74e
[2025-01-23 17:54:14.948319] [0x00007f1c4319db80] [info]    Successfully stored 13 bytes with key: size_test
[2025-01-23 17:54:14.948324] [0x00007f1c4319db80] [debug]   Getting file size for key: size_test
[2025-01-23 17:54:14.948327] [0x00007f1c4319db80] [debug]   Generating hash for key: size_test
[2025-01-23 17:54:14.948336] [0x00007f1c4319db80] [debug]   Generated hash: d2283af70f36b068be549fdee1255a41540b931c457a992112d4cab9c89de74e
[2025-01-23 17:54:14.948341] [0x00007f1c4319db80] [debug]   Calculated path: /tmp/store_test_1737654854946295192/d2/28/3a/f70f36b068be549fdee1255a41540b931c457a992112d4cab9c89de74e
[2025-01-23 17:54:14.948351] [0x00007f1c4319db80] [debug]   File size for key size_test: 13 bytes
[2025-01-23 17:54:14.948354] [0x00007f1c4319db80] [info]    Storing data with key: empty_test
[2025-01-23 17:54:14.948357] [0x00007f1c4319db80] [debug]   Generating hash for key: empty_test
[2025-01-23 17:54:14.948363] [0x00007f1c4319db80] [debug]   Generated hash: f1b6800e9ca01dac557744adec3477366cbe3888d44fcabefb3078c4c069f3a8
[2025-01-23 17:54:14.948367] [0x00007f1c4319db80] [debug]   Calculated path: /tmp/store_test_1737654854946295192/f1/b6/80/0e9ca01dac557744adec3477366cbe3888d44fcabefb3078c4c069f3a8
[2025-01-23 17:54:14.948418] [0x00007f1c4319db80] [debug]   Calculated file path: /tmp/store_test_1737654854946295192/f1/b6/80/0e9ca01dac557744adec3477366cbe3888d44fcabefb3078c4c069f3a8
[2025-01-23 17:54:14.948445] [0x00007f1c4319db80] [debug]   Storing empty content for key: empty_test
[2025-01-23 17:54:14.948453] [0x00007f1c4319db80] [info]    Successfully stored 0 bytes with key: empty_test
[2025-01-23 17:54:14.948456] [0x00007f1c4319db80] [debug]   Getting file size for key: empty_test
[2025-01-23 17:54:14.948469] [0x00007f1c4319db80] [debug]   Generating hash for key: empty_test
[2025-01-23 17:54:14.948476] [0x00007f1c4319db80] [debug]   Generated hash: f1b6800e9ca01dac557744adec3477366cbe3888d44fcabefb3078c4c069f3a8
[2025-01-23 17:54:14.948481] [0x00007f1c4319db80] [debug]   Calculated path: /tmp/store_test_1737654854946295192/f1/b6/80/0e9ca01dac557744adec3477366cbe3888d44fcabefb3078c4c069f3a8
[2025-01-23 17:54:14.948490] [0x00007f1c4319db80] [debug]   File size for key empty_test: 0 bytes
[2025-01-23 17:54:14.948493] [0x00007f1c4319db80] [debug]   Getting file size for key: nonexistent_key
[2025-01-23 17:54:14.948496] [0x00007f1c4319db80] [debug]   Generating hash for key: nonexistent_key
[2025-01-23 17:54:14.948505] [0x00007f1c4319db80] [debug]   Generated hash: 5fbaf0fb39a2369c07d1aa653dd2386202abdff0c69ceb6060083b29af61fd2f
[2025-01-23 17:54:14.948512] [0x00007f1c4319db80] [debug]   Calculated path: /tmp/store_test_1737654854946295192/5f/ba/f0/fb39a2369c07d1aa653dd2386202abdff0c69ceb6060083b29af61fd2f
[2025-01-23 17:54:14.948521] [0x00007f1c4319db80] [error]   File not found: /tmp/store_test_1737654854946295192/5f/ba/f0/fb39a2369c07d1aa653dd2386202abdff0c69ceb6060083b29af61fd2f
[2025-01-23 17:54:14.948557] [0x00007f1c4319db80] [info]    Clearing entire store at: "/tmp/store_test_1737654854946295192"
[2025-01-23 17:54:14.948871] [0x00007f1c4319db80] [info]    Store cleared successfully
[       OK ] StoreTest.FileSizeRetrieval (2 ms)
[----------] 1 test from StoreTest (2 ms total)

[----------] Global test environment tear-down
[==========] 1 test from 1 test suite ran. (2 ms total)
[  PASSED  ] 1 test.
<end of output>
Test time =   0.02 sec
----------------------------------------------------------
Test Passed.
"StoreTest.FileSizeRetrieval" end time: Jan 23 17:54 UTC
"StoreTest.FileSizeRetrieval" time elapsed: 00:00:00
----------------------------------------------------------

18/28 Testing: ChannelTest.InitialState
18/28 Test: ChannelTest.InitialState
Command: "/home/runner/workspace/build/channel_tests" "--gtest_filter=ChannelTest.InitialState" "--gtest_also_run_disabled_tests"
Directory: /home/runner/workspace/build
"ChannelTest.InitialState" start time: Jan 23 17:54 UTC
Output:
----------------------------------------------------------
Running main() from /build/source/googletest/src/gtest_main.cc
Note: Google Test filter = ChannelTest.InitialState
[==========] Running 1 test from 1 test suite.
[----------] Global test environment set-up.
[----------] 1 test from ChannelTest
[ RUN      ] ChannelTest.InitialState
[       OK ] ChannelTest.InitialState (0 ms)
[----------] 1 test from ChannelTest (0 ms total)

[----------] Global test environment tear-down
[==========] 1 test from 1 test suite ran. (0 ms total)
[  PASSED  ] 1 test.
<end of output>
Test time =   0.01 sec
----------------------------------------------------------
Test Passed.
"ChannelTest.InitialState" end time: Jan 23 17:54 UTC
"ChannelTest.InitialState" time elapsed: 00:00:00
----------------------------------------------------------

19/28 Testing: ChannelTest.SingleProduceConsume
19/28 Test: ChannelTest.SingleProduceConsume
Command: "/home/runner/workspace/build/channel_tests" "--gtest_filter=ChannelTest.SingleProduceConsume" "--gtest_also_run_disabled_tests"
Directory: /home/runner/workspace/build
"ChannelTest.SingleProduceConsume" start time: Jan 23 17:54 UTC
Output:
----------------------------------------------------------
Running main() from /build/source/googletest/src/gtest_main.cc
Note: Google Test filter = ChannelTest.SingleProduceConsume
[==========] Running 1 test from 1 test suite.
[----------] Global test environment set-up.
[----------] 1 test from ChannelTest
[ RUN      ] ChannelTest.SingleProduceConsume
[2025-01-23 17:54:14.981665] [0x00007f947eb61c40] [debug]   Added message frame to channel. Channel size: 1
[2025-01-23 17:54:14.981674] [0x00007f947eb61c40] [debug]   Retrieved message frame from channel. Channel size: 0
[       OK ] ChannelTest.SingleProduceConsume (0 ms)
[----------] 1 test from ChannelTest (0 ms total)

[----------] Global test environment tear-down
[==========] 1 test from 1 test suite ran. (0 ms total)
[  PASSED  ] 1 test.
<end of output>
Test time =   0.02 sec
----------------------------------------------------------
Test Passed.
"ChannelTest.SingleProduceConsume" end time: Jan 23 17:54 UTC
"ChannelTest.SingleProduceConsume" time elapsed: 00:00:00
----------------------------------------------------------

20/28 Testing: ChannelTest.MultipleMessages
20/28 Test: ChannelTest.MultipleMessages
Command: "/home/runner/workspace/build/channel_tests" "--gtest_filter=ChannelTest.MultipleMessages" "--gtest_also_run_disabled_tests"
Directory: /home/runner/workspace/build
"ChannelTest.MultipleMessages" start time: Jan 23 17:54 UTC
Output:
----------------------------------------------------------
Running main() from /build/source/googletest/src/gtest_main.cc
Note: Google Test filter = ChannelTest.MultipleMessages
[==========] Running 1 test from 1 test suite.
[----------] Global test environment set-up.
[----------] 1 test from ChannelTest
[ RUN      ] ChannelTest.MultipleMessages
[2025-01-23 17:54:14.997465] [0x00007fbb3cf17c40] [debug]   Added message frame to channel. Channel size: 1
[2025-01-23 17:54:14.997472] [0x00007fbb3cf17c40] [debug]   Added message frame to channel. Channel size: 2
[2025-01-23 17:54:14.997474] [0x00007fbb3cf17c40] [debug]   Added message frame to channel. Channel size: 3
[2025-01-23 17:54:14.997476] [0x00007fbb3cf17c40] [debug]   Added message frame to channel. Channel size: 4
[2025-01-23 17:54:14.997477] [0x00007fbb3cf17c40] [debug]   Added message frame to channel. Channel size: 5
[2025-01-23 17:54:14.997480] [0x00007fbb3cf17c40] [debug]   Retrieved message frame from channel. Channel size: 4
[2025-01-23 17:54:14.997482] [0x00007fbb3cf17c40] [debug]   Retrieved message frame from channel. Channel size: 3
[2025-01-23 17:54:14.997483] [0x00007fbb3cf17c40] [debug]   Retrieved message frame from channel. Channel size: 2
[2025-01-23 17:54:14.997485] [0x00007fbb3cf17c40] [debug]   Retrieved message frame from channel. Channel size: 1
[2025-01-23 17:54:14.997486] [0x00007fbb3cf17c40] [debug]   Retrieved message frame from channel. Channel size: 0
[       OK ] ChannelTest.MultipleMessages (0 ms)
[----------] 1 test from ChannelTest (0 ms total)

[----------] Global test environment tear-down
[==========] 1 test from 1 test suite ran. (0 ms total)
[  PASSED  ] 1 test.
<end of output>
Test time =   0.01 sec
----------------------------------------------------------
Test Passed.
"ChannelTest.MultipleMessages" end time: Jan 23 17:54 UTC
"ChannelTest.MultipleMessages" time elapsed: 00:00:00
----------------------------------------------------------

21/28 Testing: ChannelTest.ConsumeEmptyChannel
21/28 Test: ChannelTest.ConsumeEmptyChannel
Command: "/home/runner/workspace/build/channel_tests" "--gtest_filter=ChannelTest.ConsumeEmptyChannel" "--gtest_also_run_disabled_tests"
Directory: /home/runner/workspace/build
"ChannelTest.ConsumeEmptyChannel" start time: Jan 23 17:54 UTC
Output:
----------------------------------------------------------
Running main() from /build/source/googletest/src/gtest_main.cc
Note: Google Test filter = ChannelTest.ConsumeEmptyChannel
[==========] Running 1 test from 1 test suite.
[----------] Global test environment set-up.
[----------] 1 test from ChannelTest
[ RUN      ] ChannelTest.ConsumeEmptyChannel
[       OK ] ChannelTest.ConsumeEmptyChannel (0 ms)
[----------] 1 test from ChannelTest (0 ms total)

[----------] Global test environment tear-down
[==========] 1 test from 1 test suite ran. (0 ms total)
[  PASSED  ] 1 test.
<end of output>
Test time =   0.01 sec
----------------------------------------------------------
Test Passed.
"ChannelTest.ConsumeEmptyChannel" end time: Jan 23 17:54 UTC
"ChannelTest.ConsumeEmptyChannel" time elapsed: 00:00:00
----------------------------------------------------------

22/28 Testing: ChannelTest.ConcurrentProducersConsumers
22/28 Test: ChannelTest.ConcurrentProducersConsumers
Command: "/home/runner/workspace/build/channel_tests" "--gtest_filter=ChannelTest.ConcurrentProducersConsumers" "--gtest_also_run_disabled_tests"
Directory: /home/runner/workspace/build
"ChannelTest.ConcurrentProducersConsumers" start time: Jan 23 17:54 UTC
Output:
----------------------------------------------------------
Running main() from /build/source/googletest/src/gtest_main.cc
Note: Google Test filter = ChannelTest.ConcurrentProducersConsumers
[==========] Running 1 test from 1 test suite.
[----------] Global test environment set-up.
[----------] 1 test from ChannelTest
[ RUN      ] ChannelTest.ConcurrentProducersConsumers
[2025-01-23 17:54:15.024143] [0x00007f8915b2f6c0] [debug]   Added message frame to channel. Channel size: 1
[2025-01-23 17:54:15.024177] [0x00007f8914b2d6c0] [debug]   Added message frame to channel. Channel size: 2
[2025-01-23 17:54:15.024262] [0x00007f891532e6c0] [debug]   Added message frame to channel. Channel size: 3
[2025-01-23 17:54:15.024330] [0x00007f890ffff6c0] [debug]   Retrieved message frame from channel. Channel size: 2
[2025-01-23 17:54:15.024378] [0x00007f890f7fe6c0] [debug]   Retrieved message frame from channel. Channel size: 1
[2025-01-23 17:54:15.024391] [0x00007f890ffff6c0] [debug]   Retrieved message frame from channel. Channel size: 0
[2025-01-23 17:54:15.024406] [0x00007f8915b2f6c0] [debug]   Added message frame to channel. Channel size: 1
[2025-01-23 17:54:15.024425] [0x00007f891532e6c0] [debug]   Added message frame to channel. Channel size: 2
[2025-01-23 17:54:15.024441] [0x00007f8914b2d6c0] [debug]   Added message frame to channel. Channel size: 3
[2025-01-23 17:54:15.024466] [0x00007f890f7fe6c0] [debug]   Retrieved message frame from channel. Channel size: 2
[2025-01-23 17:54:15.024476] [0x00007f890f7fe6c0] [debug]   Retrieved message frame from channel. Channel size: 1
[2025-01-23 17:54:15.024480] [0x00007f890f7fe6c0] [debug]   Retrieved message frame from channel. Channel size: 0
[2025-01-23 17:54:15.024556] [0x00007f8915b2f6c0] [debug]   Added message frame to channel. Channel size: 1
[2025-01-23 17:54:15.024570] [0x00007f890f7fe6c0] [debug]   Retrieved message frame from channel. Channel size: 0
[2025-01-23 17:54:15.024596] [0x00007f891532e6c0] [debug]   Added message frame to channel. Channel size: 1
[2025-01-23 17:54:15.024612] [0x00007f890ffff6c0] [debug]   Retrieved message frame from channel. Channel size: 0
[2025-01-23 17:54:15.024668] [0x00007f8914b2d6c0] [debug]   Added message frame to channel. Channel size: 1
[2025-01-23 17:54:15.024688] [0x00007f890ffff6c0] [debug]   Retrieved message frame from channel. Channel size: 0
[...]
[2025-01-23 17:54:15.080304] [0x00007f38756afc40] [debug] Writing source id: 1
[2025-01-23 17:54:15.080306] [0x00007f38756afc40] [debug] Writing payload size: 0
[2025-01-23 17:54:15.080313] [0x00007f38756afc40] [info] Starting stream encryption
[2025-01-23 17:54:15.080319] [0x00007f38756afc40] [debug] Initializing cipher for encryption
[2025-01-23 17:54:15.082893] [0x00007f38756afc40] [debug] Cipher initialization complete
[2025-01-23 17:54:15.082911] [0x00007f38756afc40] [debug] Writing encrypted filename length
[2025-01-23 17:54:15.082915] [0x00007f38756afc40] [info] Encrypted message frame serialization complete. Total bytes written: 42
[2025-01-23 17:54:15.082919] [0x00007f38756afc40] [debug] Cleaning up CryptoStream resources
[2025-01-23 17:54:15.082928] [0x00007f38756afc40] [info] Initializing CryptoStream
[2025-01-23 17:54:15.082931] [0x00007f38756afc40] [debug] CryptoStream initialization complete
[2025-01-23 17:54:15.082934] [0x00007f38756afc40] [info] Starting message frame deserialization
[2025-01-23 17:54:15.082937] [0x00007f38756afc40] [debug] Reading IV
[2025-01-23 17:54:15.082940] [0x00007f38756afc40] [info] Initializing crypto parameters
[2025-01-23 17:54:15.082959] [0x00007f38756afc40] [debug] Crypto parameters initialized successfully
[2025-01-23 17:54:15.082963] [0x00007f38756afc40] [debug] Read message type: 0
[2025-01-23 17:54:15.082966] [0x00007f38756afc40] [debug] Read source id: 1
[2025-01-23 17:54:15.082969] [0x00007f38756afc40] [debug] Read payload size: 0
[2025-01-23 17:54:15.082973] [0x00007f38756afc40] [info] Starting stream decryption
[2025-01-23 17:54:15.082976] [0x00007f38756afc40] [debug] Initializing cipher for decryption
[2025-01-23 17:54:15.082982] [0x00007f38756afc40] [debug] Cipher initialization complete
[2025-01-23 17:54:15.082987] [0x00007f38756afc40] [debug] Read decrypted filename length: 8188928
[2025-01-23 17:54:15.082990] [0x00007f38756afc40] [debug] Added message frame to channel. Channel size: 1
[2025-01-23 17:54:15.082994] [0x00007f38756afc40] [debug] New frame added to channel
[2025-01-23 17:54:15.082996] [0x00007f38756afc40] [info] Message frame deserialization complete. Total bytes read: 42
[2025-01-23 17:54:15.083000] [0x00007f38756afc40] [debug] Cleaning up CryptoStream resources
[2025-01-23 17:54:15.083003] [0x00007f38756afc40] [debug] Retrieved message frame from channel. Channel size: 0
[       OK ] CodecTest.MinimalFrameSerializeDeserialize (3 ms)
[----------] 1 test from CodecTest (3 ms total)

[----------] Global test environment tear-down
[==========] 1 test from 1 test suite ran. (3 ms total)
[  PASSED  ] 1 test.
<end of output>
Test time =   0.02 sec
----------------------------------------------------------
Test Passed.
"CodecTest.MinimalFrameSerializeDeserialize" end time: Jan 23 17:54 UTC
"CodecTest.MinimalFrameSerializeDeserialize" time elapsed: 00:00:00
----------------------------------------------------------

25/28 Testing: CodecTest.BasicSerializeDeserialize
25/28 Test: CodecTest.BasicSerializeDeserialize
Command: "/home/runner/workspace/build/codec_tests" "--gtest_filter=CodecTest.BasicSerializeDeserialize" "--gtest_also_run_disabled_tests"
Directory: /home/runner/workspace/build
"CodecTest.BasicSerializeDeserialize" start time: Jan 23 17:54 UTC
Output:
----------------------------------------------------------
Running main() from /build/source/googletest/src/gtest_main.cc
Note: Google Test filter = CodecTest.BasicSerializeDeserialize
[==========] Running 1 test from 1 test suite.
[----------] Global test environment set-up.
[----------] 1 test from CodecTest
[ RUN      ] CodecTest.BasicSerializeDeserialize
[2025-01-23 17:54:15.098014] [0x00007fa678525c40] [info]    Initializing Codec with key of size: 32
[2025-01-23 17:54:15.098062] [0x00007fa678525c40] [info] Initializing CryptoStream
[2025-01-23 17:54:15.098285] [0x00007fa678525c40] [debug] CryptoStream initialization complete
[2025-01-23 17:54:15.098294] [0x00007fa678525c40] [info] Initializing crypto parameters
[2025-01-23 17:54:15.098298] [0x00007fa678525c40] [debug] Crypto parameters initialized successfully
[2025-01-23 17:54:15.098301] [0x00007fa678525c40] [info] Starting message frame serialization
[2025-01-23 17:54:15.098305] [0x00007fa678525c40] [debug] Writing IV of size: 16
[2025-01-23 17:54:15.098309] [0x00007fa678525c40] [debug] Writing message type: 0
[2025-01-23 17:54:15.098312] [0x00007fa678525c40] [debug] Writing source id: 2
[2025-01-23 17:54:15.098315] [0x00007fa678525c40] [debug] Writing payload size: 11
[2025-01-23 17:54:15.098322] [0x00007fa678525c40] [info] Starting stream encryption
[2025-01-23 17:54:15.098329] [0x00007fa678525c40] [debug] Initializing cipher for encryption
[2025-01-23 17:54:15.100560] [0x00007fa678525c40] [debug] Cipher initialization complete
[2025-01-23 17:54:15.100578] [0x00007fa678525c40] [debug] Writing encrypted filename length
[2025-01-23 17:54:15.100583] [0x00007fa678525c40] [debug] Encrypting and writing payload of size: 11
[2025-01-23 17:54:15.100587] [0x00007fa678525c40] [info] Starting stream encryption
[2025-01-23 17:54:15.100591] [0x00007fa678525c40] [debug] Initializing cipher for encryption
[2025-01-23 17:54:15.100597] [0x00007fa678525c40] [debug] Cipher initialization complete
[2025-01-23 17:54:15.100600] [0x00007fa678525c40] [info] Encrypted message frame serialization complete. Total bytes written: 53
[2025-01-23 17:54:15.100604] [0x00007fa678525c40] [debug] Cleaning up CryptoStream resources
[2025-01-23 17:54:15.100607] [0x00007fa678525c40] [info] Initializing CryptoStream
[2025-01-23 17:54:15.100610] [0x00007fa678525c40] [debug] CryptoStream initialization complete
[2025-01-23 17:54:15.100613] [0x00007fa678525c40] [info] Starting message frame deserialization
[2025-01-23 17:54:15.100617] [0x00007fa678525c40] [debug] Reading IV
[2025-01-23 17:54:15.100619] [0x00007fa678525c40] [info] Initializing crypto parameters
[2025-01-23 17:54:15.100622] [0x00007fa678525c40] [debug] Crypto parameters initialized successfully
[2025-01-23 17:54:15.100625] [0x00007fa678525c40] [debug] Read message type: 0
[2025-01-23 17:54:15.100628] [0x00007fa678525c40] [debug] Read source id: 2
[2025-01-23 17:54:15.100630] [0x00007fa678525c40] [debug] Read payload size: 11
[2025-01-23 17:54:15.100634] [0x00007fa678525c40] [info] Starting stream decryption
[2025-01-23 17:54:15.100637] [0x00007fa678525c40] [debug] Initializing cipher for decryption
[2025-01-23 17:54:15.100642] [0x00007fa678525c40] [debug] Cipher initialization complete
[2025-01-23 17:54:15.100645] [0x00007fa678525c40] [debug] Read decrypted filename length: 8
[2025-01-23 17:54:15.100649] [0x00007fa678525c40] [debug] Added message frame to channel. Channel size: 1
[2025-01-23 17:54:15.100652] [0x00007fa678525c40] [debug] New frame added to channel
[2025-01-23 17:54:15.100655] [0x00007fa678525c40] [debug] Decrypting payload of size: 11
[2025-01-23 17:54:15.100658] [0x00007fa678525c40] [info] Starting stream decryption
[2025-01-23 17:54:15.100661] [0x00007fa678525c40] [debug] Initializing cipher for decryption
[2025-01-23 17:54:15.100666] [0x00007fa678525c40] [debug] Cipher initialization complete
[2025-01-23 17:54:15.100669] [0x00007fa678525c40] [info] Message frame deserialization complete. Total bytes read: 53
[2025-01-23 17:54:15.100673] [0x00007fa678525c40] [debug] Cleaning up CryptoStream resources
[2025-01-23 17:54:15.100676] [0x00007fa678525c40] [debug] Retrieved message frame from channel. Channel size: 0
[       OK ] CodecTest.BasicSerializeDeserialize (2 ms)
[----------] 1 test from CodecTest (2 ms total)

[----------] Global test environment tear-down
[==========] 1 test from 1 test suite ran. (2 ms total)
[  PASSED  ] 1 test.
<end of output>
Test time =   0.02 sec
----------------------------------------------------------
Test Passed.
"CodecTest.BasicSerializeDeserialize" end time: Jan 23 17:54 UTC
"CodecTest.BasicSerializeDeserialize" time elapsed: 00:00:00
----------------------------------------------------------

26/28 Testing: CodecTest.LargePayloadChunkedProcessing
26/28 Test: CodecTest.LargePayloadChunkedProcessing
Command: "/home/runner/workspace/build/codec_tests" "--gtest_filter=CodecTest.LargePayloadChunkedProcessing" "--gtest_also_run_disabled_tests"
Directory: /home/runner/workspace/build
"CodecTest.LargePayloadChunkedProcessing" start time: Jan 23 17:54 UTC
Output:
----------------------------------------------------------
Running main() from /build/source/googletest/src/gtest_main.cc
Note: Google Test filter = CodecTest.LargePayloadChunkedProcessing
[==========] Running 1 test from 1 test suite.
[----------] Global test environment set-up.
[----------] 1 test from CodecTest
[ RUN      ] CodecTest.LargePayloadChunkedProcessing
[2025-01-23 17:54:15.115936] [0x00007f01155a2c40] [info]    Initializing Codec with key of size: 32
[2025-01-23 17:54:15.230525] [0x00007f01155a2c40] [info] Initializing CryptoStream
[2025-01-23 17:54:15.230760] [0x00007f01155a2c40] [debug] CryptoStream initialization complete
[2025-01-23 17:54:15.230768] [0x00007f01155a2c40] [info] Initializing crypto parameters
[2025-01-23 17:54:15.230772] [0x00007f01155a2c40] [debug] Crypto parameters initialized successfully
[2025-01-23 17:54:15.230775] [0x00007f01155a2c40] [info] Starting message frame serialization
[2025-01-23 17:54:15.230778] [0x00007f01155a2c40] [debug] Writing IV of size: 16
[2025-01-23 17:54:15.230785] [0x00007f01155a2c40] [debug] Writing message type: 0
[2025-01-23 17:54:15.230788] [0x00007f01155a2c40] [debug] Writing source id: 3
[2025-01-23 17:54:15.230791] [0x00007f01155a2c40] [debug] Writing payload size: 10485760
[2025-01-23 17:54:15.230798] [0x00007f01155a2c40] [info] Starting stream encryption
[2025-01-23 17:54:15.230801] [0x00007f01155a2c40] [debug] Initializing cipher for encryption
[2025-01-23 17:54:15.232927] [0x00007f01155a2c40] [debug] Cipher initialization complete
[2025-01-23 17:54:15.232946] [0x00007f01155a2c40] [debug] Writing encrypted filename length
[2025-01-23 17:54:15.232951] [0x00007f01155a2c40] [debug] Encrypting and writing payload of size: 10485760
[2025-01-23 17:54:15.232956] [0x00007f01155a2c40] [info] Starting stream encryption
[2025-01-23 17:54:15.232959] [0x00007f01155a2c40] [debug] Initializing cipher for encryption
[2025-01-23 17:54:15.232966] [0x00007f01155a2c40] [debug] Cipher initialization complete
[2025-01-23 17:54:15.256168] [0x00007f01155a2c40] [info] Encrypted message frame serialization complete. Total bytes written: 10485802
[2025-01-23 17:54:15.256210] [0x00007f01155a2c40] [debug] Cleaning up CryptoStream resources
[2025-01-23 17:54:15.256221] [0x00007f01155a2c40] [info] Initializing CryptoStream
[2025-01-23 17:54:15.256225] [0x00007f01155a2c40] [debug] CryptoStream initialization complete
[2025-01-23 17:54:15.256228] [0x00007f01155a2c40] [info] Starting message frame deserialization
[2025-01-23 17:54:15.256231] [0x00007f01155a2c40] [debug] Reading IV
[2025-01-23 17:54:15.256233] [0x00007f01155a2c40] [info] Initializing crypto parameters
[2025-01-23 17:54:15.256236] [0x00007f01155a2c40] [debug] Crypto parameters initialized successfully
[2025-01-23 17:54:15.256239] [0x00007f01155a2c40] [debug] Read message type: 0
[2025-01-23 17:54:15.256242] [0x00007f01155a2c40] [debug] Read source id: 3
[2025-01-23 17:54:15.256244] [0x00007f01155a2c40] [debug] Read payload size: 10485760
[2025-01-23 17:54:15.256249] [0x00007f01155a2c40] [info] Starting stream decryption
[2025-01-23 17:54:15.256253] [0x00007f01155a2c40] [debug] Initializing cipher for decryption
[2025-01-23 17:54:15.256266] [0x00007f01155a2c40] [debug] Cipher initialization complete
[2025-01-23 17:54:15.256268] [0x00007f01155a2c40] [debug] Read decrypted filename length: 12
[2025-01-23 17:54:15.256271] [0x00007f01155a2c40] [debug] Added message frame to channel. Channel size: 1
[2025-01-23 17:54:15.256273] [0x00007f01155a2c40] [debug] New frame added to channel
[2025-01-23 17:54:15.256274] [0x00007f01155a2c40] [debug] Decrypting payload of size: 10485760
[2025-01-23 17:54:15.256276] [0x00007f01155a2c40] [info] Starting stream decryption
[2025-01-23 17:54:15.256277] [0x00007f01155a2c40] [debug] Initializing cipher for decryption
[2025-01-23 17:54:15.256280] [0x00007f01155a2c40] [debug] Cipher initialization complete
[2025-01-23 17:54:15.269787] [0x00007f01155a2c40] [info] Message frame deserialization complete. Total bytes read: 10485802
[2025-01-23 17:54:15.269814] [0x00007f01155a2c40] [debug] Cleaning up CryptoStream resources
[2025-01-23 17:54:15.269819] [0x00007f01155a2c40] [debug] Retrieved message frame from channel. Channel size: 0
[       OK ] CodecTest.LargePayloadChunkedProcessing (300 ms)
[----------] 1 test from CodecTest (300 ms total)

[----------] Global test environment tear-down
[==========] 1 test from 1 test suite ran. (300 ms total)
[  PASSED  ] 1 test.
<end of output>
Test time =   0.32 sec
----------------------------------------------------------
Test Passed.
"CodecTest.LargePayloadChunkedProcessing" end time: Jan 23 17:54 UTC
"CodecTest.LargePayloadChunkedProcessing" time elapsed: 00:00:00
----------------------------------------------------------

27/28 Testing: CodecTest.MalformedInputHandling
27/28 Test: CodecTest.MalformedInputHandling
Command: "/home/runner/workspace/build/codec_tests" "--gtest_filter=CodecTest.MalformedInputHandling" "--gtest_also_run_disabled_tests"
Directory: /home/runner/workspace/build
"CodecTest.MalformedInputHandling" start time: Jan 23 17:54 UTC
Output:
----------------------------------------------------------
Running main() from /build/source/googletest/src/gtest_main.cc
Note: Google Test filter = CodecTest.MalformedInputHandling
[==========] Running 1 test from 1 test suite.
[----------] Global test environment set-up.
[----------] 1 test from CodecTest
[ RUN      ] CodecTest.MalformedInputHandling
[2025-01-23 17:54:15.449351] [0x00007f395fcf6c40] [info]    Initializing Codec with key of size: 32
[2025-01-23 17:54:15.449402] [0x00007f395fcf6c40] [info] Initializing CryptoStream
[2025-01-23 17:54:15.449618] [0x00007f395fcf6c40] [debug] CryptoStream initialization complete
[2025-01-23 17:54:15.449628] [0x00007f395fcf6c40] [info] Starting message frame deserialization
[2025-01-23 17:54:15.449632] [0x00007f395fcf6c40] [debug] Reading IV
[2025-01-23 17:54:15.449635] [0x00007f395fcf6c40] [error] Failed to read 16 bytes from input stream
[2025-01-23 17:54:15.449669] [0x00007f395fcf6c40] [error] Error during deserialization: Failed to read from input stream
[2025-01-23 17:54:15.449678] [0x00007f395fcf6c40] [debug] Cleaning up CryptoStream resources
[2025-01-23 17:54:15.449690] [0x00007f395fcf6c40] [error] Invalid input stream state
[2025-01-23 17:54:15.449697] [0x00007f395fcf6c40] [info] Initializing CryptoStream
[2025-01-23 17:54:15.449700] [0x00007f395fcf6c40] [debug] CryptoStream initialization complete
[2025-01-23 17:54:15.449703] [0x00007f395fcf6c40] [info] Initializing crypto parameters
[2025-01-23 17:54:15.449706] [0x00007f395fcf6c40] [error] Invalid IV size: 15 bytes (expected 16 bytes)
[2025-01-23 17:54:15.449716] [0x00007f395fcf6c40] [debug] Cleaning up CryptoStream resources
[       OK ] CodecTest.MalformedInputHandling (0 ms)
[----------] 1 test from CodecTest (0 ms total)

[----------] Global test environment tear-down
[==========] 1 test from 1 test suite ran. (0 ms total)
[  PASSED  ] 1 test.
<end of output>
Test time =   0.03 sec
----------------------------------------------------------
Test Passed.
"CodecTest.MalformedInputHandling" end time: Jan 23 17:54 UTC
"CodecTest.MalformedInputHandling" time elapsed: 00:00:00
----------------------------------------------------------

28/28 Testing: CodecTest.EmptySourceId
28/28 Test: CodecTest.EmptySourceId
Command: "/home/runner/workspace/build/codec_tests" "--gtest_filter=CodecTest.EmptySourceId" "--gtest_also_run_disabled_tests"
Directory: /home/runner/workspace/build
"CodecTest.EmptySourceId" start time: Jan 23 17:54 UTC
Output:
----------------------------------------------------------
Running main() from /build/source/googletest/src/gtest_main.cc
Note: Google Test filter = CodecTest.EmptySourceId
[==========] Running 1 test from 1 test suite.
[----------] Global test environment set-up.
[----------] 1 test from CodecTest
[ RUN      ] CodecTest.EmptySourceId
[2025-01-23 17:54:15.469512] [0x00007f3c17c56c40] [info]    Initializing Codec with key of size: 32
[2025-01-23 17:54:15.469549] [0x00007f3c17c56c40] [info] Initializing CryptoStream
[2025-01-23 17:54:15.469737] [0x00007f3c17c56c40] [debug] CryptoStream initialization complete
[2025-01-23 17:54:15.469744] [0x00007f3c17c56c40] [info] Initializing crypto parameters
[2025-01-23 17:54:15.469747] [0x00007f3c17c56c40] [debug] Crypto parameters initialized successfully
[2025-01-23 17:54:15.469750] [0x00007f3c17c56c40] [info] Starting message frame serialization
[2025-01-23 17:54:15.469753] [0x00007f3c17c56c40] [debug] Writing IV of size: 16
[2025-01-23 17:54:15.469757] [0x00007f3c17c56c40] [debug] Writing message type: 0
[2025-01-23 17:54:15.469760] [0x00007f3c17c56c40] [debug] Writing source id: 0
[2025-01-23 17:54:15.469762] [0x00007f3c17c56c40] [debug] Writing payload size: 0
[2025-01-23 17:54:15.469768] [0x00007f3c17c56c40] [info] Starting stream encryption
[2025-01-23 17:54:15.469772] [0x00007f3c17c56c40] [debug] Initializing cipher for encryption
[2025-01-23 17:54:15.471833] [0x00007f3c17c56c40] [debug] Cipher initialization complete
[2025-01-23 17:54:15.471848] [0x00007f3c17c56c40] [debug] Writing encrypted filename length
[2025-01-23 17:54:15.471852] [0x00007f3c17c56c40] [info] Encrypted message frame serialization complete. Total bytes written: 42
[2025-01-23 17:54:15.471856] [0x00007f3c17c56c40] [debug] Cleaning up CryptoStream resources
[2025-01-23 17:54:15.471860] [0x00007f3c17c56c40] [info] Initializing CryptoStream
[2025-01-23 17:54:15.471862] [0x00007f3c17c56c40] [debug] CryptoStream initialization complete
[2025-01-23 17:54:15.471865] [0x00007f3c17c56c40] [info] Starting message frame deserialization
[2025-01-23 17:54:15.471869] [0x00007f3c17c56c40] [debug] Reading IV
[2025-01-23 17:54:15.471872] [0x00007f3c17c56c40] [info] Initializing crypto parameters
[2025-01-23 17:54:15.471875] [0x00007f3c17c56c40] [debug] Crypto parameters initialized successfully
[2025-01-23 17:54:15.471879] [0x00007f3c17c56c40] [debug] Read message type: 0
[2025-01-23 17:54:15.471881] [0x00007f3c17c56c40] [debug] Read source id: 0
[2025-01-23 17:54:15.471884] [0x00007f3c17c56c40] [debug] Read payload size: 0
[2025-01-23 17:54:15.471887] [0x00007f3c17c56c40] [info] Starting stream decryption
[2025-01-23 17:54:15.471890] [0x00007f3c17c56c40] [debug] Initializing cipher for decryption
[2025-01-23 17:54:15.471896] [0x00007f3c17c56c40] [debug] Cipher initialization complete
[2025-01-23 17:54:15.471900] [0x00007f3c17c56c40] [debug] Read decrypted filename length: 0
[2025-01-23 17:54:15.471903] [0x00007f3c17c56c40] [debug] Added message frame to channel. Channel size: 1
[2025-01-23 17:54:15.471906] [0x00007f3c17c56c40] [debug] New frame added to channel
[2025-01-23 17:54:15.471909] [0x00007f3c17c56c40] [info] Message frame deserialization complete. Total bytes read: 42
[2025-01-23 17:54:15.471912] [0x00007f3c17c56c40] [debug] Cleaning up CryptoStream resources
[2025-01-23 17:54:15.471916] [0x00007f3c17c56c40] [debug] Retrieved message frame from channel. Channel size: 0
[       OK ] CodecTest.EmptySourceId (2 ms)
[----------] 1 test from CodecTest (2 ms total)

[----------] Global test environment tear-down
[==========] 1 test from 1 test suite ran. (2 ms total)
[  PASSED  ] 1 test.
<end of output>
Test time =   0.02 sec
----------------------------------------------------------
Test Passed.
"CodecTest.EmptySourceId" end time: Jan 23 17:54 UTC
"CodecTest.EmptySourceId" time elapsed: 00:00:00
----------------------------------------------------------

End testing: Jan 23 17:54 UTC
