Start testing: Jan 22 23:18 UTC
----------------------------------------------------------
1/8 Testing: CryptoStreamTest.BasicStreamOperation
1/8 Test: CryptoStreamTest.BasicStreamOperation
Command: "/home/runner/workspace/build/crypto_tests" "--gtest_filter=CryptoStreamTest.BasicStreamOperation" "--gtest_also_run_disabled_tests"
Directory: /home/runner/workspace/build
"CryptoStreamTest.BasicStreamOperation" start time: Jan 22 23:18 UTC
Output:
----------------------------------------------------------
Running main() from /build/source/googletest/src/gtest_main.cc
Note: Google Test filter = CryptoStreamTest.BasicStreamOperation
[==========] Running 1 test from 1 test suite.
[----------] Global test environment set-up.
[----------] 1 test from CryptoStreamTest
[ RUN      ] CryptoStreamTest.BasicStreamOperation
[2025-01-22 23:18:58.138674] [0x00007fec9777bb80] [info]    Initializing CryptoStream
[2025-01-22 23:18:58.138796] [0x00007fec9777bb80] [debug]   CryptoStream initialization complete
[2025-01-22 23:18:58.138803] [0x00007fec9777bb80] [info]    Initializing crypto parameters
[2025-01-22 23:18:58.138805] [0x00007fec9777bb80] [debug]   Crypto parameters initialized successfully
[2025-01-22 23:18:58.138809] [0x00007fec9777bb80] [info]    Starting stream encryption
[2025-01-22 23:18:58.138812] [0x00007fec9777bb80] [debug]   Initializing cipher for encryption
[2025-01-22 23:18:58.140298] [0x00007fec9777bb80] [debug]   Cipher initialization complete
[2025-01-22 23:18:58.140311] [0x00007fec9777bb80] [info]    Starting stream decryption
[2025-01-22 23:18:58.140314] [0x00007fec9777bb80] [debug]   Initializing cipher for decryption
[2025-01-22 23:18:58.140318] [0x00007fec9777bb80] [debug]   Cipher initialization complete
[2025-01-22 23:18:58.140322] [0x00007fec9777bb80] [debug]   Cleaning up CryptoStream resources
[       OK ] CryptoStreamTest.BasicStreamOperation (1 ms)
[----------] 1 test from CryptoStreamTest (1 ms total)

[----------] Global test environment tear-down
[==========] 1 test from 1 test suite ran. (1 ms total)
[  PASSED  ] 1 test.
<end of output>
Test time =   0.01 sec
----------------------------------------------------------
Test Passed.
"CryptoStreamTest.BasicStreamOperation" end time: Jan 22 23:18 UTC
"CryptoStreamTest.BasicStreamOperation" time elapsed: 00:00:00
----------------------------------------------------------

2/8 Testing: CryptoStreamTest.UninitializedError
2/8 Test: CryptoStreamTest.UninitializedError
Command: "/home/runner/workspace/build/crypto_tests" "--gtest_filter=CryptoStreamTest.UninitializedError" "--gtest_also_run_disabled_tests"
Directory: /home/runner/workspace/build
"CryptoStreamTest.UninitializedError" start time: Jan 22 23:18 UTC
Output:
----------------------------------------------------------
Running main() from /build/source/googletest/src/gtest_main.cc
Note: Google Test filter = CryptoStreamTest.UninitializedError
[==========] Running 1 test from 1 test suite.
[----------] Global test environment set-up.
[----------] 1 test from CryptoStreamTest
[ RUN      ] CryptoStreamTest.UninitializedError
[2025-01-22 23:18:58.152473] [0x00007f0699828b80] [info]    Initializing CryptoStream
[2025-01-22 23:18:58.152587] [0x00007f0699828b80] [debug]   CryptoStream initialization complete
[2025-01-22 23:18:58.152595] [0x00007f0699828b80] [info]    Initializing crypto parameters
[2025-01-22 23:18:58.152597] [0x00007f0699828b80] [debug]   Crypto parameters initialized successfully
[2025-01-22 23:18:58.152599] [0x00007f0699828b80] [info]    Initializing CryptoStream
[2025-01-22 23:18:58.152601] [0x00007f0699828b80] [debug]   CryptoStream initialization complete
[2025-01-22 23:18:58.152604] [0x00007f0699828b80] [info]    Starting stream encryption
[2025-01-22 23:18:58.152609] [0x00007f0699828b80] [debug]   Initializing cipher for encryption
[2025-01-22 23:18:58.152611] [0x00007f0699828b80] [error]   Attempted to use uninitialized CryptoStream
[2025-01-22 23:18:58.152638] [0x00007f0699828b80] [error]   Stream processing failed: Initialization error: CryptoStream not initialized
[2025-01-22 23:18:58.152653] [0x00007f0699828b80] [debug]   Cleaning up CryptoStream resources
[2025-01-22 23:18:58.152661] [0x00007f0699828b80] [debug]   Cleaning up CryptoStream resources
[       OK ] CryptoStreamTest.UninitializedError (0 ms)
[----------] 1 test from CryptoStreamTest (0 ms total)

[----------] Global test environment tear-down
[==========] 1 test from 1 test suite ran. (0 ms total)
[  PASSED  ] 1 test.
<end of output>
Test time =   0.01 sec
----------------------------------------------------------
Test Passed.
"CryptoStreamTest.UninitializedError" end time: Jan 22 23:18 UTC
"CryptoStreamTest.UninitializedError" time elapsed: 00:00:00
----------------------------------------------------------

3/8 Testing: CryptoStreamTest.EmptyStream
3/8 Test: CryptoStreamTest.EmptyStream
Command: "/home/runner/workspace/build/crypto_tests" "--gtest_filter=CryptoStreamTest.EmptyStream" "--gtest_also_run_disabled_tests"
Directory: /home/runner/workspace/build
"CryptoStreamTest.EmptyStream" start time: Jan 22 23:18 UTC
Output:
----------------------------------------------------------
Running main() from /build/source/googletest/src/gtest_main.cc
Note: Google Test filter = CryptoStreamTest.EmptyStream
[==========] Running 1 test from 1 test suite.
[----------] Global test environment set-up.
[----------] 1 test from CryptoStreamTest
[ RUN      ] CryptoStreamTest.EmptyStream
[2025-01-22 23:18:58.164092] [0x00007fbafc701b80] [info]    Initializing CryptoStream
[2025-01-22 23:18:58.164198] [0x00007fbafc701b80] [debug]   CryptoStream initialization complete
[2025-01-22 23:18:58.164205] [0x00007fbafc701b80] [info]    Initializing crypto parameters
[2025-01-22 23:18:58.164207] [0x00007fbafc701b80] [debug]   Crypto parameters initialized successfully
[2025-01-22 23:18:58.164211] [0x00007fbafc701b80] [info]    Starting stream encryption
[2025-01-22 23:18:58.164216] [0x00007fbafc701b80] [debug]   Initializing cipher for encryption
[2025-01-22 23:18:58.165758] [0x00007fbafc701b80] [debug]   Cipher initialization complete
[2025-01-22 23:18:58.165771] [0x00007fbafc701b80] [info]    Starting stream decryption
[2025-01-22 23:18:58.165774] [0x00007fbafc701b80] [debug]   Initializing cipher for decryption
[2025-01-22 23:18:58.165778] [0x00007fbafc701b80] [debug]   Cipher initialization complete
[2025-01-22 23:18:58.165781] [0x00007fbafc701b80] [debug]   Cleaning up CryptoStream resources
[       OK ] CryptoStreamTest.EmptyStream (1 ms)
[----------] 1 test from CryptoStreamTest (1 ms total)

[----------] Global test environment tear-down
[==========] 1 test from 1 test suite ran. (1 ms total)
[  PASSED  ] 1 test.
<end of output>
Test time =   0.01 sec
----------------------------------------------------------
Test Passed.
"CryptoStreamTest.EmptyStream" end time: Jan 22 23:18 UTC
"CryptoStreamTest.EmptyStream" time elapsed: 00:00:00
----------------------------------------------------------

4/8 Testing: CryptoStreamTest.LargeStream
4/8 Test: CryptoStreamTest.LargeStream
Command: "/home/runner/workspace/build/crypto_tests" "--gtest_filter=CryptoStreamTest.LargeStream" "--gtest_also_run_disabled_tests"
Directory: /home/runner/workspace/build
"CryptoStreamTest.LargeStream" start time: Jan 22 23:18 UTC
Output:
----------------------------------------------------------
Running main() from /build/source/googletest/src/gtest_main.cc
Note: Google Test filter = CryptoStreamTest.LargeStream
[==========] Running 1 test from 1 test suite.
[----------] Global test environment set-up.
[----------] 1 test from CryptoStreamTest
[ RUN      ] CryptoStreamTest.LargeStream
[2025-01-22 23:18:58.176869] [0x00007f5022091b80] [info]    Initializing CryptoStream
[2025-01-22 23:18:58.176986] [0x00007f5022091b80] [debug]   CryptoStream initialization complete
[2025-01-22 23:18:58.176993] [0x00007f5022091b80] [info]    Initializing crypto parameters
[2025-01-22 23:18:58.176995] [0x00007f5022091b80] [debug]   Crypto parameters initialized successfully
[2025-01-22 23:18:58.183353] [0x00007f5022091b80] [info]    Starting stream encryption
[2025-01-22 23:18:58.183362] [0x00007f5022091b80] [debug]   Initializing cipher for encryption
[2025-01-22 23:18:58.184961] [0x00007f5022091b80] [debug]   Cipher initialization complete
[2025-01-22 23:18:58.188666] [0x00007f5022091b80] [info]    Starting stream decryption
[2025-01-22 23:18:58.188676] [0x00007f5022091b80] [debug]   Initializing cipher for decryption
[2025-01-22 23:18:58.188682] [0x00007f5022091b80] [debug]   Cipher initialization complete
[2025-01-22 23:18:58.189705] [0x00007f5022091b80] [debug]   Cleaning up CryptoStream resources
[       OK ] CryptoStreamTest.LargeStream (12 ms)
[----------] 1 test from CryptoStreamTest (12 ms total)

[----------] Global test environment tear-down
[==========] 1 test from 1 test suite ran. (12 ms total)
[  PASSED  ] 1 test.
<end of output>
Test time =   0.02 sec
----------------------------------------------------------
Test Passed.
"CryptoStreamTest.LargeStream" end time: Jan 22 23:18 UTC
"CryptoStreamTest.LargeStream" time elapsed: 00:00:00
----------------------------------------------------------

5/8 Testing: CryptoStreamTest.InvalidStreamState
5/8 Test: CryptoStreamTest.InvalidStreamState
Command: "/home/runner/workspace/build/crypto_tests" "--gtest_filter=CryptoStreamTest.InvalidStreamState" "--gtest_also_run_disabled_tests"
Directory: /home/runner/workspace/build
"CryptoStreamTest.InvalidStreamState" start time: Jan 22 23:18 UTC
Output:
----------------------------------------------------------
Running main() from /build/source/googletest/src/gtest_main.cc
Note: Google Test filter = CryptoStreamTest.InvalidStreamState
[==========] Running 1 test from 1 test suite.
[----------] Global test environment set-up.
[----------] 1 test from CryptoStreamTest
[ RUN      ] CryptoStreamTest.InvalidStreamState
[2025-01-22 23:18:58.202799] [0x00007ff537ba4b80] [info]    Initializing CryptoStream
[2025-01-22 23:18:58.202921] [0x00007ff537ba4b80] [debug]   CryptoStream initialization complete
[2025-01-22 23:18:58.202927] [0x00007ff537ba4b80] [info]    Initializing crypto parameters
[2025-01-22 23:18:58.202929] [0x00007ff537ba4b80] [debug]   Crypto parameters initialized successfully
[2025-01-22 23:18:58.202935] [0x00007ff537ba4b80] [info]    Starting stream encryption
[2025-01-22 23:18:58.202938] [0x00007ff537ba4b80] [error]   Invalid stream state detected
[2025-01-22 23:18:58.202962] [0x00007ff537ba4b80] [info]    Starting stream encryption
[2025-01-22 23:18:58.202966] [0x00007ff537ba4b80] [error]   Invalid stream state detected
[2025-01-22 23:18:58.202972] [0x00007ff537ba4b80] [debug]   Cleaning up CryptoStream resources
[       OK ] CryptoStreamTest.InvalidStreamState (0 ms)
[----------] 1 test from CryptoStreamTest (0 ms total)

[----------] Global test environment tear-down
[==========] 1 test from 1 test suite ran. (0 ms total)
[  PASSED  ] 1 test.
<end of output>
Test time =   0.01 sec
----------------------------------------------------------
Test Passed.
"CryptoStreamTest.InvalidStreamState" end time: Jan 22 23:18 UTC
"CryptoStreamTest.InvalidStreamState" time elapsed: 00:00:00
----------------------------------------------------------

6/8 Testing: CryptoStreamTest.BlockAlignment
6/8 Test: CryptoStreamTest.BlockAlignment
Command: "/home/runner/workspace/build/crypto_tests" "--gtest_filter=CryptoStreamTest.BlockAlignment" "--gtest_also_run_disabled_tests"
Directory: /home/runner/workspace/build
"CryptoStreamTest.BlockAlignment" start time: Jan 22 23:18 UTC
Output:
----------------------------------------------------------
Running main() from /build/source/googletest/src/gtest_main.cc
Note: Google Test filter = CryptoStreamTest.BlockAlignment
[==========] Running 1 test from 1 test suite.
[----------] Global test environment set-up.
[----------] 1 test from CryptoStreamTest
[ RUN      ] CryptoStreamTest.BlockAlignment
[2025-01-22 23:18:58.216497] [0x00007f0d6d976b80] [info]    Initializing CryptoStream
[2025-01-22 23:18:58.216632] [0x00007f0d6d976b80] [debug]   CryptoStream initialization complete
[2025-01-22 23:18:58.216641] [0x00007f0d6d976b80] [info]    Initializing crypto parameters
[2025-01-22 23:18:58.216643] [0x00007f0d6d976b80] [debug]   Crypto parameters initialized successfully
[2025-01-22 23:18:58.216651] [0x00007f0d6d976b80] [info]    Starting stream encryption
[2025-01-22 23:18:58.216655] [0x00007f0d6d976b80] [debug]   Initializing cipher for encryption
[2025-01-22 23:18:58.218139] [0x00007f0d6d976b80] [debug]   Cipher initialization complete
[2025-01-22 23:18:58.218154] [0x00007f0d6d976b80] [info]    Starting stream decryption
[2025-01-22 23:18:58.218158] [0x00007f0d6d976b80] [debug]   Initializing cipher for decryption
[2025-01-22 23:18:58.218163] [0x00007f0d6d976b80] [debug]   Cipher initialization complete
[2025-01-22 23:18:58.218183] [0x00007f0d6d976b80] [info]    Starting stream encryption
[2025-01-22 23:18:58.218188] [0x00007f0d6d976b80] [debug]   Initializing cipher for encryption
[2025-01-22 23:18:58.218191] [0x00007f0d6d976b80] [debug]   Cipher initialization complete
[2025-01-22 23:18:58.218193] [0x00007f0d6d976b80] [info]    Starting stream decryption
[2025-01-22 23:18:58.218195] [0x00007f0d6d976b80] [debug]   Initializing cipher for decryption
[2025-01-22 23:18:58.218197] [0x00007f0d6d976b80] [debug]   Cipher initialization complete
[2025-01-22 23:18:58.218202] [0x00007f0d6d976b80] [info]    Starting stream encryption
[2025-01-22 23:18:58.218204] [0x00007f0d6d976b80] [debug]   Initializing cipher for encryption
[2025-01-22 23:18:58.218206] [0x00007f0d6d976b80] [debug]   Cipher initialization complete
[2025-01-22 23:18:58.218208] [0x00007f0d6d976b80] [info]    Starting stream decryption
[2025-01-22 23:18:58.218210] [0x00007f0d6d976b80] [debug]   Initializing cipher for decryption
[2025-01-22 23:18:58.218211] [0x00007f0d6d976b80] [debug]   Cipher initialization complete
[2025-01-22 23:18:58.218216] [0x00007f0d6d976b80] [info]    Starting stream encryption
[2025-01-22 23:18:58.218217] [0x00007f0d6d976b80] [debug]   Initializing cipher for encryption
[2025-01-22 23:18:58.218219] [0x00007f0d6d976b80] [debug]   Cipher initialization complete
[2025-01-22 23:18:58.218222] [0x00007f0d6d976b80] [info]    Starting stream decryption
[2025-01-22 23:18:58.218224] [0x00007f0d6d976b80] [debug]   Initializing cipher for decryption
[2025-01-22 23:18:58.218226] [0x00007f0d6d976b80] [debug]   Cipher initialization complete
[2025-01-22 23:18:58.218228] [0x00007f0d6d976b80] [info]    Starting stream encryption
[2025-01-22 23:18:58.218232] [0x00007f0d6d976b80] [debug]   Initializing cipher for encryption
[2025-01-22 23:18:58.218234] [0x00007f0d6d976b80] [debug]   Cipher initialization complete
[2025-01-22 23:18:58.218236] [0x00007f0d6d976b80] [info]    Starting stream decryption
[2025-01-22 23:18:58.218237] [0x00007f0d6d976b80] [debug]   Initializing cipher for decryption
[2025-01-22 23:18:58.218239] [0x00007f0d6d976b80] [debug]   Cipher initialization complete
[2025-01-22 23:18:58.218242] [0x00007f0d6d976b80] [info]    Starting stream encryption
[2025-01-22 23:18:58.218244] [0x00007f0d6d976b80] [debug]   Initializing cipher for encryption
[2025-01-22 23:18:58.218246] [0x00007f0d6d976b80] [debug]   Cipher initialization complete
[2025-01-22 23:18:58.218248] [0x00007f0d6d976b80] [info]    Starting stream decryption
[2025-01-22 23:18:58.218249] [0x00007f0d6d976b80] [debug]   Initializing cipher for decryption
[2025-01-22 23:18:58.218251] [0x00007f0d6d976b80] [debug]   Cipher initialization complete
[2025-01-22 23:18:58.218256] [0x00007f0d6d976b80] [debug]   Cleaning up CryptoStream resources
[       OK ] CryptoStreamTest.BlockAlignment (1 ms)
[----------] 1 test from CryptoStreamTest (1 ms total)

[----------] Global test environment tear-down
[==========] 1 test from 1 test suite ran. (1 ms total)
[  PASSED  ] 1 test.
<end of output>
Test time =   0.02 sec
----------------------------------------------------------
Test Passed.
"CryptoStreamTest.BlockAlignment" end time: Jan 22 23:18 UTC
"CryptoStreamTest.BlockAlignment" time elapsed: 00:00:00
----------------------------------------------------------

7/8 Testing: CryptoStreamTest.StreamOperators
7/8 Test: CryptoStreamTest.StreamOperators
Command: "/home/runner/workspace/build/crypto_tests" "--gtest_filter=CryptoStreamTest.StreamOperators" "--gtest_also_run_disabled_tests"
Directory: /home/runner/workspace/build
"CryptoStreamTest.StreamOperators" start time: Jan 22 23:18 UTC
Output:
----------------------------------------------------------
Running main() from /build/source/googletest/src/gtest_main.cc
Note: Google Test filter = CryptoStreamTest.StreamOperators
[==========] Running 1 test from 1 test suite.
[----------] Global test environment set-up.
[----------] 1 test from CryptoStreamTest
[ RUN      ] CryptoStreamTest.StreamOperators
[2025-01-22 23:18:58.231224] [0x00007fc549a0cb80] [info]    Initializing CryptoStream
[2025-01-22 23:18:58.231357] [0x00007fc549a0cb80] [debug]   CryptoStream initialization complete
[2025-01-22 23:18:58.231364] [0x00007fc549a0cb80] [info]    Initializing crypto parameters
[2025-01-22 23:18:58.231366] [0x00007fc549a0cb80] [debug]   Crypto parameters initialized successfully
[2025-01-22 23:18:58.231369] [0x00007fc549a0cb80] [debug]   Stream operator<< called, storing input stream for processing
[2025-01-22 23:18:58.231371] [0x00007fc549a0cb80] [debug]   Stream operator>> called in encryption mode
[2025-01-22 23:18:58.231375] [0x00007fc549a0cb80] [info]    Starting stream encryption
[2025-01-22 23:18:58.231379] [0x00007fc549a0cb80] [debug]   Initializing cipher for encryption
[2025-01-22 23:18:58.232864] [0x00007fc549a0cb80] [debug]   Cipher initialization complete
[2025-01-22 23:18:58.232877] [0x00007fc549a0cb80] [debug]   Stream processing complete
[2025-01-22 23:18:58.232880] [0x00007fc549a0cb80] [debug]   Stream operator<< called, storing input stream for processing
[2025-01-22 23:18:58.232882] [0x00007fc549a0cb80] [debug]   Stream operator>> called in decryption mode
[2025-01-22 23:18:58.232884] [0x00007fc549a0cb80] [info]    Starting stream decryption
[2025-01-22 23:18:58.232886] [0x00007fc549a0cb80] [debug]   Initializing cipher for decryption
[2025-01-22 23:18:58.232891] [0x00007fc549a0cb80] [debug]   Cipher initialization complete
[2025-01-22 23:18:58.232897] [0x00007fc549a0cb80] [debug]   Stream processing complete
[2025-01-22 23:18:58.232901] [0x00007fc549a0cb80] [debug]   Stream operator>> called in decryption mode
[2025-01-22 23:18:58.232906] [0x00007fc549a0cb80] [error]   Stream operator>> called without prior input stream
[2025-01-22 23:18:58.232935] [0x00007fc549a0cb80] [debug]   Cleaning up CryptoStream resources
[       OK ] CryptoStreamTest.StreamOperators (1 ms)
[----------] 1 test from CryptoStreamTest (1 ms total)

[----------] Global test environment tear-down
[==========] 1 test from 1 test suite ran. (1 ms total)
[  PASSED  ] 1 test.
<end of output>
Test time =   0.01 sec
----------------------------------------------------------
Test Passed.
"CryptoStreamTest.StreamOperators" end time: Jan 22 23:18 UTC
"CryptoStreamTest.StreamOperators" time elapsed: 00:00:00
----------------------------------------------------------

8/8 Testing: CryptoStreamTest.IVGeneration
8/8 Test: CryptoStreamTest.IVGeneration
Command: "/home/runner/workspace/build/crypto_tests" "--gtest_filter=CryptoStreamTest.IVGeneration" "--gtest_also_run_disabled_tests"
Directory: /home/runner/workspace/build
"CryptoStreamTest.IVGeneration" start time: Jan 22 23:18 UTC
Output:
----------------------------------------------------------
Running main() from /build/source/googletest/src/gtest_main.cc
Note: Google Test filter = CryptoStreamTest.IVGeneration
[==========] Running 1 test from 1 test suite.
[----------] Global test environment set-up.
[----------] 1 test from CryptoStreamTest
[ RUN      ] CryptoStreamTest.IVGeneration
[2025-01-22 23:18:58.245134] [0x00007f2e14f32b80] [info]    Initializing CryptoStream
[2025-01-22 23:18:58.245256] [0x00007f2e14f32b80] [debug]   CryptoStream initialization complete
[2025-01-22 23:18:58.245262] [0x00007f2e14f32b80] [info]    Initializing crypto parameters
[2025-01-22 23:18:58.245264] [0x00007f2e14f32b80] [debug]   Crypto parameters initialized successfully
[2025-01-22 23:18:58.245266] [0x00007f2e14f32b80] [info]    Initializing CryptoStream
[2025-01-22 23:18:58.245267] [0x00007f2e14f32b80] [debug]   CryptoStream initialization complete
[2025-01-22 23:18:58.245269] [0x00007f2e14f32b80] [debug]   Generating initialization vector
[2025-01-22 23:18:58.246820] [0x00007f2e14f32b80] [debug]   Successfully generated initialization vector
[2025-01-22 23:18:58.246829] [0x00007f2e14f32b80] [debug]   Generating initialization vector
[2025-01-22 23:18:58.246833] [0x00007f2e14f32b80] [debug]   Successfully generated initialization vector
[2025-01-22 23:18:58.246834] [0x00007f2e14f32b80] [info]    Initializing crypto parameters
[2025-01-22 23:18:58.246836] [0x00007f2e14f32b80] [debug]   Crypto parameters initialized successfully
[2025-01-22 23:18:58.246843] [0x00007f2e14f32b80] [info]    Starting stream encryption
[2025-01-22 23:18:58.246845] [0x00007f2e14f32b80] [debug]   Initializing cipher for encryption
[2025-01-22 23:18:58.246850] [0x00007f2e14f32b80] [debug]   Cipher initialization complete
[2025-01-22 23:18:58.246855] [0x00007f2e14f32b80] [info]    Starting stream decryption
[2025-01-22 23:18:58.246859] [0x00007f2e14f32b80] [debug]   Initializing cipher for decryption
[2025-01-22 23:18:58.246862] [0x00007f2e14f32b80] [debug]   Cipher initialization complete
[2025-01-22 23:18:58.246865] [0x00007f2e14f32b80] [debug]   Cleaning up CryptoStream resources
[2025-01-22 23:18:58.246867] [0x00007f2e14f32b80] [debug]   Cleaning up CryptoStream resources
[       OK ] CryptoStreamTest.IVGeneration (1 ms)
[----------] 1 test from CryptoStreamTest (1 ms total)

[----------] Global test environment tear-down
[==========] 1 test from 1 test suite ran. (1 ms total)
[  PASSED  ] 1 test.
<end of output>
Test time =   0.01 sec
----------------------------------------------------------
Test Passed.
"CryptoStreamTest.IVGeneration" end time: Jan 22 23:18 UTC
"CryptoStreamTest.IVGeneration" time elapsed: 00:00:00
----------------------------------------------------------

End testing: Jan 22 23:18 UTC
