Start testing: Jan 27 18:46 UTC
----------------------------------------------------------
1/30 Testing: CryptoStreamTest.BasicStreamOperation
1/30 Test: CryptoStreamTest.BasicStreamOperation
Command: "/home/runner/workspace/build/crypto_tests" "--gtest_filter=CryptoStreamTest.BasicStreamOperation" "--gtest_also_run_disabled_tests"
Directory: /home/runner/workspace/build
"CryptoStreamTest.BasicStreamOperation" start time: Jan 27 18:46 UTC
Output:
----------------------------------------------------------
Running main() from /build/source/googletest/src/gtest_main.cc
Note: Google Test filter = CryptoStreamTest.BasicStreamOperation
[==========] Running 1 test from 1 test suite.
[----------] Global test environment set-up.
[----------] 1 test from CryptoStreamTest
[ RUN      ] CryptoStreamTest.BasicStreamOperation
[2025-01-27 18:46:22.300823] [0x00007f07e4ebeb80] [info]    Initializing CryptoStream
[2025-01-27 18:46:22.300971] [0x00007f07e4ebeb80] [debug]   CryptoStream initialization complete
[2025-01-27 18:46:22.300982] [0x00007f07e4ebeb80] [info]    Initializing crypto parameters
[2025-01-27 18:46:22.300985] [0x00007f07e4ebeb80] [debug]   Crypto parameters initialized successfully
[2025-01-27 18:46:22.300993] [0x00007f07e4ebeb80] [info]    Starting stream encryption
[2025-01-27 18:46:22.300997] [0x00007f07e4ebeb80] [debug]   Initializing cipher for encryption
[2025-01-27 18:46:22.306030] [0x00007f07e4ebeb80] [debug]   Cipher initialization complete
[2025-01-27 18:46:22.306052] [0x00007f07e4ebeb80] [info]    Starting stream decryption
[2025-01-27 18:46:22.306056] [0x00007f07e4ebeb80] [debug]   Initializing cipher for decryption
[2025-01-27 18:46:22.306061] [0x00007f07e4ebeb80] [debug]   Cipher initialization complete
[2025-01-27 18:46:22.306068] [0x00007f07e4ebeb80] [debug]   Cleaning up CryptoStream resources
[       OK ] CryptoStreamTest.BasicStreamOperation (5 ms)
[----------] 1 test from CryptoStreamTest (5 ms total)

[----------] Global test environment tear-down
[==========] 1 test from 1 test suite ran. (5 ms total)
[  PASSED  ] 1 test.
<end of output>
Test time =   0.03 sec
----------------------------------------------------------
Test Passed.
"CryptoStreamTest.BasicStreamOperation" end time: Jan 27 18:46 UTC
"CryptoStreamTest.BasicStreamOperation" time elapsed: 00:00:00
----------------------------------------------------------

2/30 Testing: CryptoStreamTest.UninitializedError
2/30 Test: CryptoStreamTest.UninitializedError
Command: "/home/runner/workspace/build/crypto_tests" "--gtest_filter=CryptoStreamTest.UninitializedError" "--gtest_also_run_disabled_tests"
Directory: /home/runner/workspace/build
"CryptoStreamTest.UninitializedError" start time: Jan 27 18:46 UTC
Output:
----------------------------------------------------------
Running main() from /build/source/googletest/src/gtest_main.cc
Note: Google Test filter = CryptoStreamTest.UninitializedError
[==========] Running 1 test from 1 test suite.
[----------] Global test environment set-up.
[----------] 1 test from CryptoStreamTest
[ RUN      ] CryptoStreamTest.UninitializedError
[2025-01-27 18:46:22.336912] [0x00007fbfdc3a4b80] [info]    Initializing CryptoStream
[2025-01-27 18:46:22.337215] [0x00007fbfdc3a4b80] [debug]   CryptoStream initialization complete
[2025-01-27 18:46:22.337240] [0x00007fbfdc3a4b80] [info]    Initializing crypto parameters
[2025-01-27 18:46:22.337254] [0x00007fbfdc3a4b80] [debug]   Crypto parameters initialized successfully
[2025-01-27 18:46:22.337266] [0x00007fbfdc3a4b80] [info]    Initializing CryptoStream
[2025-01-27 18:46:22.337277] [0x00007fbfdc3a4b80] [debug]   CryptoStream initialization complete
[2025-01-27 18:46:22.337292] [0x00007fbfdc3a4b80] [info]    Starting stream encryption
[2025-01-27 18:46:22.337305] [0x00007fbfdc3a4b80] [debug]   Initializing cipher for encryption
[2025-01-27 18:46:22.337316] [0x00007fbfdc3a4b80] [error]   Attempted to use uninitialized CryptoStream
[2025-01-27 18:46:22.337364] [0x00007fbfdc3a4b80] [error]   Stream processing failed: Initialization error: CryptoStream not initialized
[2025-01-27 18:46:22.337389] [0x00007fbfdc3a4b80] [debug]   Cleaning up CryptoStream resources
[2025-01-27 18:46:22.337409] [0x00007fbfdc3a4b80] [debug]   Cleaning up CryptoStream resources
[       OK ] CryptoStreamTest.UninitializedError (0 ms)
[----------] 1 test from CryptoStreamTest (0 ms total)

[----------] Global test environment tear-down
[==========] 1 test from 1 test suite ran. (0 ms total)
[  PASSED  ] 1 test.
<end of output>
Test time =   0.03 sec
----------------------------------------------------------
Test Passed.
"CryptoStreamTest.UninitializedError" end time: Jan 27 18:46 UTC
"CryptoStreamTest.UninitializedError" time elapsed: 00:00:00
----------------------------------------------------------

3/30 Testing: CryptoStreamTest.EmptyStream
3/30 Test: CryptoStreamTest.EmptyStream
Command: "/home/runner/workspace/build/crypto_tests" "--gtest_filter=CryptoStreamTest.EmptyStream" "--gtest_also_run_disabled_tests"
Directory: /home/runner/workspace/build
"CryptoStreamTest.EmptyStream" start time: Jan 27 18:46 UTC
Output:
----------------------------------------------------------
Running main() from /build/source/googletest/src/gtest_main.cc
Note: Google Test filter = CryptoStreamTest.EmptyStream
[==========] Running 1 test from 1 test suite.
[----------] Global test environment set-up.
[----------] 1 test from CryptoStreamTest
[ RUN      ] CryptoStreamTest.EmptyStream
[2025-01-27 18:46:22.359810] [0x00007fbdcabedb80] [info]    Initializing CryptoStream
[2025-01-27 18:46:22.360006] [0x00007fbdcabedb80] [debug]   CryptoStream initialization complete
[2025-01-27 18:46:22.360030] [0x00007fbdcabedb80] [info]    Initializing crypto parameters
[2025-01-27 18:46:22.360047] [0x00007fbdcabedb80] [debug]   Crypto parameters initialized successfully
[2025-01-27 18:46:22.360061] [0x00007fbdcabedb80] [info]    Starting stream encryption
[2025-01-27 18:46:22.360070] [0x00007fbdcabedb80] [debug]   Initializing cipher for encryption
[2025-01-27 18:46:22.364191] [0x00007fbdcabedb80] [debug]   Cipher initialization complete
[2025-01-27 18:46:22.364235] [0x00007fbdcabedb80] [info]    Starting stream decryption
[2025-01-27 18:46:22.364250] [0x00007fbdcabedb80] [debug]   Initializing cipher for decryption
[2025-01-27 18:46:22.364267] [0x00007fbdcabedb80] [debug]   Cipher initialization complete
[2025-01-27 18:46:22.364280] [0x00007fbdcabedb80] [debug]   Cleaning up CryptoStream resources
[       OK ] CryptoStreamTest.EmptyStream (4 ms)
[----------] 1 test from CryptoStreamTest (4 ms total)

[----------] Global test environment tear-down
[==========] 1 test from 1 test suite ran. (4 ms total)
[  PASSED  ] 1 test.
<end of output>
Test time =   0.03 sec
----------------------------------------------------------
Test Passed.
"CryptoStreamTest.EmptyStream" end time: Jan 27 18:46 UTC
"CryptoStreamTest.EmptyStream" time elapsed: 00:00:00
----------------------------------------------------------

4/30 Testing: CryptoStreamTest.LargeStream
4/30 Test: CryptoStreamTest.LargeStream
Command: "/home/runner/workspace/build/crypto_tests" "--gtest_filter=CryptoStreamTest.LargeStream" "--gtest_also_run_disabled_tests"
Directory: /home/runner/workspace/build
"CryptoStreamTest.LargeStream" start time: Jan 27 18:46 UTC
Output:
----------------------------------------------------------
Running main() from /build/source/googletest/src/gtest_main.cc
Note: Google Test filter = CryptoStreamTest.LargeStream
[==========] Running 1 test from 1 test suite.
[----------] Global test environment set-up.
[----------] 1 test from CryptoStreamTest
[ RUN      ] CryptoStreamTest.LargeStream
[2025-01-27 18:46:22.387029] [0x00007fb4ffd2ab80] [info]    Initializing CryptoStream
[2025-01-27 18:46:22.387318] [0x00007fb4ffd2ab80] [debug]   CryptoStream initialization complete
[2025-01-27 18:46:22.387369] [0x00007fb4ffd2ab80] [info]    Initializing crypto parameters
[2025-01-27 18:46:22.387388] [0x00007fb4ffd2ab80] [debug]   Crypto parameters initialized successfully
[2025-01-27 18:46:22.403416] [0x00007fb4ffd2ab80] [info]    Starting stream encryption
[2025-01-27 18:46:22.403473] [0x00007fb4ffd2ab80] [debug]   Initializing cipher for encryption
[2025-01-27 18:46:22.405648] [0x00007fb4ffd2ab80] [debug]   Cipher initialization complete
[2025-01-27 18:46:22.408631] [0x00007fb4ffd2ab80] [info]    Starting stream decryption
[2025-01-27 18:46:22.408666] [0x00007fb4ffd2ab80] [debug]   Initializing cipher for decryption
[2025-01-27 18:46:22.408685] [0x00007fb4ffd2ab80] [debug]   Cipher initialization complete
[2025-01-27 18:46:22.411118] [0x00007fb4ffd2ab80] [debug]   Cleaning up CryptoStream resources
[       OK ] CryptoStreamTest.LargeStream (24 ms)
[----------] 1 test from CryptoStreamTest (24 ms total)

[----------] Global test environment tear-down
[==========] 1 test from 1 test suite ran. (24 ms total)
[  PASSED  ] 1 test.
<end of output>
Test time =   0.04 sec
----------------------------------------------------------
Test Passed.
"CryptoStreamTest.LargeStream" end time: Jan 27 18:46 UTC
"CryptoStreamTest.LargeStream" time elapsed: 00:00:00
----------------------------------------------------------

5/30 Testing: CryptoStreamTest.InvalidStreamState
5/30 Test: CryptoStreamTest.InvalidStreamState
Command: "/home/runner/workspace/build/crypto_tests" "--gtest_filter=CryptoStreamTest.InvalidStreamState" "--gtest_also_run_disabled_tests"
Directory: /home/runner/workspace/build
"CryptoStreamTest.InvalidStreamState" start time: Jan 27 18:46 UTC
Output:
----------------------------------------------------------
Running main() from /build/source/googletest/src/gtest_main.cc
Note: Google Test filter = CryptoStreamTest.InvalidStreamState
[==========] Running 1 test from 1 test suite.
[----------] Global test environment set-up.
[----------] 1 test from CryptoStreamTest
[ RUN      ] CryptoStreamTest.InvalidStreamState
[2025-01-27 18:46:22.433374] [0x00007f5c0ece7b80] [info]    Initializing CryptoStream
[2025-01-27 18:46:22.433530] [0x00007f5c0ece7b80] [debug]   CryptoStream initialization complete
[2025-01-27 18:46:22.433536] [0x00007f5c0ece7b80] [info]    Initializing crypto parameters
[2025-01-27 18:46:22.433538] [0x00007f5c0ece7b80] [debug]   Crypto parameters initialized successfully
[2025-01-27 18:46:22.433543] [0x00007f5c0ece7b80] [info]    Starting stream encryption
[2025-01-27 18:46:22.433544] [0x00007f5c0ece7b80] [error]   Invalid stream state detected
[2025-01-27 18:46:22.433573] [0x00007f5c0ece7b80] [info]    Starting stream encryption
[2025-01-27 18:46:22.433576] [0x00007f5c0ece7b80] [error]   Invalid stream state detected
[2025-01-27 18:46:22.433586] [0x00007f5c0ece7b80] [debug]   Cleaning up CryptoStream resources
[       OK ] CryptoStreamTest.InvalidStreamState (0 ms)
[----------] 1 test from CryptoStreamTest (0 ms total)

[----------] Global test environment tear-down
[==========] 1 test from 1 test suite ran. (0 ms total)
[  PASSED  ] 1 test.
<end of output>
Test time =   0.02 sec
----------------------------------------------------------
Test Passed.
"CryptoStreamTest.InvalidStreamState" end time: Jan 27 18:46 UTC
"CryptoStreamTest.InvalidStreamState" time elapsed: 00:00:00
----------------------------------------------------------

6/30 Testing: CryptoStreamTest.BlockAlignment
6/30 Test: CryptoStreamTest.BlockAlignment
Command: "/home/runner/workspace/build/crypto_tests" "--gtest_filter=CryptoStreamTest.BlockAlignment" "--gtest_also_run_disabled_tests"
Directory: /home/runner/workspace/build
"CryptoStreamTest.BlockAlignment" start time: Jan 27 18:46 UTC
Output:
----------------------------------------------------------
Running main() from /build/source/googletest/src/gtest_main.cc
Note: Google Test filter = CryptoStreamTest.BlockAlignment
[==========] Running 1 test from 1 test suite.
[----------] Global test environment set-up.
[----------] 1 test from CryptoStreamTest
[ RUN      ] CryptoStreamTest.BlockAlignment
[2025-01-27 18:46:22.453924] [0x00007fe9998fcb80] [info]    Initializing CryptoStream
[2025-01-27 18:46:22.454124] [0x00007fe9998fcb80] [debug]   CryptoStream initialization complete
[2025-01-27 18:46:22.454156] [0x00007fe9998fcb80] [info]    Initializing crypto parameters
[2025-01-27 18:46:22.454167] [0x00007fe9998fcb80] [debug]   Crypto parameters initialized successfully
[2025-01-27 18:46:22.454178] [0x00007fe9998fcb80] [info]    Starting stream encryption
[2025-01-27 18:46:22.454194] [0x00007fe9998fcb80] [debug]   Initializing cipher for encryption
[2025-01-27 18:46:22.456172] [0x00007fe9998fcb80] [debug]   Cipher initialization complete
[2025-01-27 18:46:22.456223] [0x00007fe9998fcb80] [info]    Starting stream decryption
[2025-01-27 18:46:22.456241] [0x00007fe9998fcb80] [debug]   Initializing cipher for decryption
[2025-01-27 18:46:22.456257] [0x00007fe9998fcb80] [debug]   Cipher initialization complete
[2025-01-27 18:46:22.456281] [0x00007fe9998fcb80] [info]    Starting stream encryption
[2025-01-27 18:46:22.456317] [0x00007fe9998fcb80] [debug]   Initializing cipher for encryption
[2025-01-27 18:46:22.456337] [0x00007fe9998fcb80] [debug]   Cipher initialization complete
[2025-01-27 18:46:22.456353] [0x00007fe9998fcb80] [info]    Starting stream decryption
[2025-01-27 18:46:22.456366] [0x00007fe9998fcb80] [debug]   Initializing cipher for decryption
[2025-01-27 18:46:22.456381] [0x00007fe9998fcb80] [debug]   Cipher initialization complete
[2025-01-27 18:46:22.456397] [0x00007fe9998fcb80] [info]    Starting stream encryption
[2025-01-27 18:46:22.456422] [0x00007fe9998fcb80] [debug]   Initializing cipher for encryption
[2025-01-27 18:46:22.456436] [0x00007fe9998fcb80] [debug]   Cipher initialization complete
[2025-01-27 18:46:22.456448] [0x00007fe9998fcb80] [info]    Starting stream decryption
[2025-01-27 18:46:22.456460] [0x00007fe9998fcb80] [debug]   Initializing cipher for decryption
[2025-01-27 18:46:22.456473] [0x00007fe9998fcb80] [debug]   Cipher initialization complete
[2025-01-27 18:46:22.456503] [0x00007fe9998fcb80] [info]    Starting stream encryption
[2025-01-27 18:46:22.456514] [0x00007fe9998fcb80] [debug]   Initializing cipher for encryption
[2025-01-27 18:46:22.456522] [0x00007fe9998fcb80] [debug]   Cipher initialization complete
[2025-01-27 18:46:22.456530] [0x00007fe9998fcb80] [info]    Starting stream decryption
[2025-01-27 18:46:22.456537] [0x00007fe9998fcb80] [debug]   Initializing cipher for decryption
[2025-01-27 18:46:22.456544] [0x00007fe9998fcb80] [debug]   Cipher initialization complete
[2025-01-27 18:46:22.456552] [0x00007fe9998fcb80] [info]    Starting stream encryption
[2025-01-27 18:46:22.456565] [0x00007fe9998fcb80] [debug]   Initializing cipher for encryption
[2025-01-27 18:46:22.456579] [0x00007fe9998fcb80] [debug]   Cipher initialization complete
[2025-01-27 18:46:22.456593] [0x00007fe9998fcb80] [info]    Starting stream decryption
[2025-01-27 18:46:22.456600] [0x00007fe9998fcb80] [debug]   Initializing cipher for decryption
[2025-01-27 18:46:22.456608] [0x00007fe9998fcb80] [debug]   Cipher initialization complete
[2025-01-27 18:46:22.456617] [0x00007fe9998fcb80] [info]    Starting stream encryption
[2025-01-27 18:46:22.456623] [0x00007fe9998fcb80] [debug]   Initializing cipher for encryption
[2025-01-27 18:46:22.456631] [0x00007fe9998fcb80] [debug]   Cipher initialization complete
[2025-01-27 18:46:22.456638] [0x00007fe9998fcb80] [info]    Starting stream decryption
[2025-01-27 18:46:22.456644] [0x00007fe9998fcb80] [debug]   Initializing cipher for decryption
[2025-01-27 18:46:22.456704] [0x00007fe9998fcb80] [debug]   Cipher initialization complete
[2025-01-27 18:46:22.456718] [0x00007fe9998fcb80] [debug]   Cleaning up CryptoStream resources
[       OK ] CryptoStreamTest.BlockAlignment (2 ms)
[----------] 1 test from CryptoStreamTest (2 ms total)

[----------] Global test environment tear-down
[==========] 1 test from 1 test suite ran. (3 ms total)
[  PASSED  ] 1 test.
<end of output>
Test time =   0.02 sec
----------------------------------------------------------
Test Passed.
"CryptoStreamTest.BlockAlignment" end time: Jan 27 18:46 UTC
"CryptoStreamTest.BlockAlignment" time elapsed: 00:00:00
----------------------------------------------------------

7/30 Testing: CryptoStreamTest.StreamOperators
7/30 Test: CryptoStreamTest.StreamOperators
Command: "/home/runner/workspace/build/crypto_tests" "--gtest_filter=CryptoStreamTest.StreamOperators" "--gtest_also_run_disabled_tests"
Directory: /home/runner/workspace/build
"CryptoStreamTest.StreamOperators" start time: Jan 27 18:46 UTC
Output:
----------------------------------------------------------
Running main() from /build/source/googletest/src/gtest_main.cc
Note: Google Test filter = CryptoStreamTest.StreamOperators
[==========] Running 1 test from 1 test suite.
[----------] Global test environment set-up.
[----------] 1 test from CryptoStreamTest
[ RUN      ] CryptoStreamTest.StreamOperators
[2025-01-27 18:46:22.479377] [0x00007f352854ab80] [info]    Initializing CryptoStream
[2025-01-27 18:46:22.479731] [0x00007f352854ab80] [debug]   CryptoStream initialization complete
[2025-01-27 18:46:22.479765] [0x00007f352854ab80] [info]    Initializing crypto parameters
[2025-01-27 18:46:22.479813] [0x00007f352854ab80] [debug]   Crypto parameters initialized successfully
[2025-01-27 18:46:22.479829] [0x00007f352854ab80] [debug]   Stream operator<< called, storing input stream for processing
[2025-01-27 18:46:22.479842] [0x00007f352854ab80] [debug]   Stream operator>> called in encryption mode
[2025-01-27 18:46:22.479856] [0x00007f352854ab80] [info]    Starting stream encryption
[2025-01-27 18:46:22.479888] [0x00007f352854ab80] [debug]   Initializing cipher for encryption
[2025-01-27 18:46:22.483476] [0x00007f352854ab80] [debug]   Cipher initialization complete
[2025-01-27 18:46:22.483520] [0x00007f352854ab80] [debug]   Stream processing complete
[2025-01-27 18:46:22.483536] [0x00007f352854ab80] [debug]   Stream operator<< called, storing input stream for processing
[2025-01-27 18:46:22.483549] [0x00007f352854ab80] [debug]   Stream operator>> called in decryption mode
[2025-01-27 18:46:22.483562] [0x00007f352854ab80] [info]    Starting stream decryption
[2025-01-27 18:46:22.483582] [0x00007f352854ab80] [debug]   Initializing cipher for decryption
[2025-01-27 18:46:22.483597] [0x00007f352854ab80] [debug]   Cipher initialization complete
[2025-01-27 18:46:22.483612] [0x00007f352854ab80] [debug]   Stream processing complete
[2025-01-27 18:46:22.483624] [0x00007f352854ab80] [debug]   Stream operator>> called in decryption mode
[2025-01-27 18:46:22.483635] [0x00007f352854ab80] [error]   Stream operator>> called without prior input stream
[2025-01-27 18:46:22.483686] [0x00007f352854ab80] [debug]   Cleaning up CryptoStream resources
[       OK ] CryptoStreamTest.StreamOperators (4 ms)
[----------] 1 test from CryptoStreamTest (4 ms total)

[----------] Global test environment tear-down
[==========] 1 test from 1 test suite ran. (4 ms total)
[  PASSED  ] 1 test.
<end of output>
Test time =   0.03 sec
----------------------------------------------------------
Test Passed.
"CryptoStreamTest.StreamOperators" end time: Jan 27 18:46 UTC
"CryptoStreamTest.StreamOperators" time elapsed: 00:00:00
----------------------------------------------------------

8/30 Testing: CryptoStreamTest.IVGeneration
8/30 Test: CryptoStreamTest.IVGeneration
Command: "/home/runner/workspace/build/crypto_tests" "--gtest_filter=CryptoStreamTest.IVGeneration" "--gtest_also_run_disabled_tests"
Directory: /home/runner/workspace/build
"CryptoStreamTest.IVGeneration" start time: Jan 27 18:46 UTC
Output:
----------------------------------------------------------
Running main() from /build/source/googletest/src/gtest_main.cc
Note: Google Test filter = CryptoStreamTest.IVGeneration
[==========] Running 1 test from 1 test suite.
[----------] Global test environment set-up.
[----------] 1 test from CryptoStreamTest
[ RUN      ] CryptoStreamTest.IVGeneration
[2025-01-27 18:46:22.529548] [0x00007fc650b9db80] [info]    Initializing CryptoStream
[2025-01-27 18:46:22.529744] [0x00007fc650b9db80] [debug]   CryptoStream initialization complete
[2025-01-27 18:46:22.529762] [0x00007fc650b9db80] [info]    Initializing crypto parameters
[2025-01-27 18:46:22.529776] [0x00007fc650b9db80] [debug]   Crypto parameters initialized successfully
[2025-01-27 18:46:22.529788] [0x00007fc650b9db80] [info]    Initializing CryptoStream
[2025-01-27 18:46:22.529799] [0x00007fc650b9db80] [debug]   CryptoStream initialization complete
[2025-01-27 18:46:22.529812] [0x00007fc650b9db80] [debug]   Generating initialization vector
[2025-01-27 18:46:22.532377] [0x00007fc650b9db80] [debug]   Successfully generated initialization vector
[2025-01-27 18:46:22.532389] [0x00007fc650b9db80] [debug]   Generating initialization vector
[2025-01-27 18:46:22.532394] [0x00007fc650b9db80] [debug]   Successfully generated initialization vector
[2025-01-27 18:46:22.532397] [0x00007fc650b9db80] [info]    Initializing crypto parameters
[2025-01-27 18:46:22.532400] [0x00007fc650b9db80] [debug]   Crypto parameters initialized successfully
[2025-01-27 18:46:22.532409] [0x00007fc650b9db80] [info]    Starting stream encryption
[2025-01-27 18:46:22.532414] [0x00007fc650b9db80] [debug]   Initializing cipher for encryption
[2025-01-27 18:46:22.532421] [0x00007fc650b9db80] [debug]   Cipher initialization complete
[2025-01-27 18:46:22.532429] [0x00007fc650b9db80] [info]    Starting stream decryption
[2025-01-27 18:46:22.532453] [0x00007fc650b9db80] [debug]   Initializing cipher for decryption
[2025-01-27 18:46:22.532470] [0x00007fc650b9db80] [debug]   Cipher initialization complete
[2025-01-27 18:46:22.532481] [0x00007fc650b9db80] [debug]   Cleaning up CryptoStream resources
[2025-01-27 18:46:22.532486] [0x00007fc650b9db80] [debug]   Cleaning up CryptoStream resources
[       OK ] CryptoStreamTest.IVGeneration (3 ms)
[----------] 1 test from CryptoStreamTest (3 ms total)

[----------] Global test environment tear-down
[==========] 1 test from 1 test suite ran. (3 ms total)
[  PASSED  ] 1 test.
<end of output>
Test time =   0.05 sec
----------------------------------------------------------
Test Passed.
"CryptoStreamTest.IVGeneration" end time: Jan 27 18:46 UTC
"CryptoStreamTest.IVGeneration" time elapsed: 00:00:00
----------------------------------------------------------

9/30 Testing: StoreTest.BasicStoreAndRetrieve
9/30 Test: StoreTest.BasicStoreAndRetrieve
Command: "/home/runner/workspace/build/store_tests" "--gtest_filter=StoreTest.BasicStoreAndRetrieve" "--gtest_also_run_disabled_tests"
Directory: /home/runner/workspace/build
"StoreTest.BasicStoreAndRetrieve" start time: Jan 27 18:46 UTC
Output:
----------------------------------------------------------
Running main() from /build/source/googletest/src/gtest_main.cc
Note: Google Test filter = StoreTest.BasicStoreAndRetrieve
[==========] Running 1 test from 1 test suite.
[----------] Global test environment set-up.
[----------] 1 test from StoreTest
[ RUN      ] StoreTest.BasicStoreAndRetrieve
[2025-01-27 18:46:22.559551] [0x00007fec527afb80] [info]    Initializing Store with base path: /tmp/store_test_1738003582559397064
[2025-01-27 18:46:22.559563] [0x00007fec527afb80] [debug]   Store directory created/verified at: /tmp/store_test_1738003582559397064
[2025-01-27 18:46:22.559580] [0x00007fec527afb80] [info]    Storing data with key: test_key
[2025-01-27 18:46:22.559584] [0x00007fec527afb80] [debug]   Generating hash for key: test_key
[2025-01-27 18:46:22.561546] [0x00007fec527afb80] [debug]   Generated hash: 92488e1e3eeecdf99f3ed2ce59233efb4b4fb612d5655c0ce9ea52b5a502e655
[2025-01-27 18:46:22.561562] [0x00007fec527afb80] [debug]   Calculated path: /tmp/store_test_1738003582559397064/92/48/8e/1e3eeecdf99f3ed2ce59233efb4b4fb612d5655c0ce9ea52b5a502e655
[2025-01-27 18:46:22.561680] [0x00007fec527afb80] [debug]   Calculated file path: /tmp/store_test_1738003582559397064/92/48/8e/1e3eeecdf99f3ed2ce59233efb4b4fb612d5655c0ce9ea52b5a502e655
[2025-01-27 18:46:22.561748] [0x00007fec527afb80] [info]    Successfully stored 13 bytes with key: test_key
[2025-01-27 18:46:22.561757] [0x00007fec527afb80] [debug]   Checking existence of key: test_key
[2025-01-27 18:46:22.561760] [0x00007fec527afb80] [debug]   Generating hash for key: test_key
[2025-01-27 18:46:22.561768] [0x00007fec527afb80] [debug]   Generated hash: 92488e1e3eeecdf99f3ed2ce59233efb4b4fb612d5655c0ce9ea52b5a502e655
[2025-01-27 18:46:22.561773] [0x00007fec527afb80] [debug]   Calculated path: /tmp/store_test_1738003582559397064/92/48/8e/1e3eeecdf99f3ed2ce59233efb4b4fb612d5655c0ce9ea52b5a502e655
[2025-01-27 18:46:22.561782] [0x00007fec527afb80] [debug]   Key test_key exists at path: /tmp/store_test_1738003582559397064/92/48/8e/1e3eeecdf99f3ed2ce59233efb4b4fb612d5655c0ce9ea52b5a502e655
[2025-01-27 18:46:22.561786] [0x00007fec527afb80] [info]    Retrieving data for key: test_key
[2025-01-27 18:46:22.561789] [0x00007fec527afb80] [debug]   Generating hash for key: test_key
[2025-01-27 18:46:22.561794] [0x00007fec527afb80] [debug]   Generated hash: 92488e1e3eeecdf99f3ed2ce59233efb4b4fb612d5655c0ce9ea52b5a502e655
[2025-01-27 18:46:22.561815] [0x00007fec527afb80] [debug]   Calculated path: /tmp/store_test_1738003582559397064/92/48/8e/1e3eeecdf99f3ed2ce59233efb4b4fb612d5655c0ce9ea52b5a502e655
[2025-01-27 18:46:22.561831] [0x00007fec527afb80] [info]    Successfully streamed 13 bytes for key: test_key
[2025-01-27 18:46:22.561838] [0x00007fec527afb80] [info]    Clearing entire store at: "/tmp/store_test_1738003582559397064"
[2025-01-27 18:46:22.562041] [0x00007fec527afb80] [info]    Store cleared successfully
[       OK ] StoreTest.BasicStoreAndRetrieve (2 ms)
[----------] 1 test from StoreTest (2 ms total)

[----------] Global test environment tear-down
[==========] 1 test from 1 test suite ran. (2 ms total)
[  PASSED  ] 1 test.
<end of output>
Test time =   0.02 sec
----------------------------------------------------------
Test Passed.
"StoreTest.BasicStoreAndRetrieve" end time: Jan 27 18:46 UTC
"StoreTest.BasicStoreAndRetrieve" time elapsed: 00:00:00
----------------------------------------------------------

10/30 Testing: StoreTest.EmptyInput
10/30 Test: StoreTest.EmptyInput
Command: "/home/runner/workspace/build/store_tests" "--gtest_filter=StoreTest.EmptyInput" "--gtest_also_run_disabled_tests"
Directory: /home/runner/workspace/build
"StoreTest.EmptyInput" start time: Jan 27 18:46 UTC
Output:
----------------------------------------------------------
Running main() from /build/source/googletest/src/gtest_main.cc
Note: Google Test filter = StoreTest.EmptyInput
[==========] Running 1 test from 1 test suite.
[----------] Global test environment set-up.
[----------] 1 test from StoreTest
[ RUN      ] StoreTest.EmptyInput
[2025-01-27 18:46:22.593575] [0x00007f0b04930b80] [info]    Initializing Store with base path: /tmp/store_test_1738003582593415451
[2025-01-27 18:46:22.593605] [0x00007f0b04930b80] [debug]   Store directory created/verified at: /tmp/store_test_1738003582593415451
[2025-01-27 18:46:22.593621] [0x00007f0b04930b80] [info]    Storing data with key: empty_test
[2025-01-27 18:46:22.593635] [0x00007f0b04930b80] [debug]   Generating hash for key: empty_test
[2025-01-27 18:46:22.595270] [0x00007f0b04930b80] [debug]   Generated hash: f1b6800e9ca01dac557744adec3477366cbe3888d44fcabefb3078c4c069f3a8
[2025-01-27 18:46:22.595301] [0x00007f0b04930b80] [debug]   Calculated path: /tmp/store_test_1738003582593415451/f1/b6/80/0e9ca01dac557744adec3477366cbe3888d44fcabefb3078c4c069f3a8
[2025-01-27 18:46:22.595394] [0x00007f0b04930b80] [debug]   Calculated file path: /tmp/store_test_1738003582593415451/f1/b6/80/0e9ca01dac557744adec3477366cbe3888d44fcabefb3078c4c069f3a8
[2025-01-27 18:46:22.595445] [0x00007f0b04930b80] [debug]   Storing empty content for key: empty_test
[2025-01-27 18:46:22.595467] [0x00007f0b04930b80] [info]    Successfully stored 0 bytes with key: empty_test
[2025-01-27 18:46:22.595480] [0x00007f0b04930b80] [debug]   Checking existence of key: empty_test
[2025-01-27 18:46:22.595491] [0x00007f0b04930b80] [debug]   Generating hash for key: empty_test
[2025-01-27 18:46:22.595506] [0x00007f0b04930b80] [debug]   Generated hash: f1b6800e9ca01dac557744adec3477366cbe3888d44fcabefb3078c4c069f3a8
[2025-01-27 18:46:22.595519] [0x00007f0b04930b80] [debug]   Calculated path: /tmp/store_test_1738003582593415451/f1/b6/80/0e9ca01dac557744adec3477366cbe3888d44fcabefb3078c4c069f3a8
[2025-01-27 18:46:22.595535] [0x00007f0b04930b80] [debug]   Key empty_test exists at path: /tmp/store_test_1738003582593415451/f1/b6/80/0e9ca01dac557744adec3477366cbe3888d44fcabefb3078c4c069f3a8
[2025-01-27 18:46:22.595549] [0x00007f0b04930b80] [info]    Retrieving data for key: empty_test
[2025-01-27 18:46:22.595559] [0x00007f0b04930b80] [debug]   Generating hash for key: empty_test
[2025-01-27 18:46:22.595579] [0x00007f0b04930b80] [debug]   Generated hash: f1b6800e9ca01dac557744adec3477366cbe3888d44fcabefb3078c4c069f3a8
[2025-01-27 18:46:22.595592] [0x00007f0b04930b80] [debug]   Calculated path: /tmp/store_test_1738003582593415451/f1/b6/80/0e9ca01dac557744adec3477366cbe3888d44fcabefb3078c4c069f3a8
[2025-01-27 18:46:22.595609] [0x00007f0b04930b80] [debug]   Retrieved empty content for key: empty_test
[2025-01-27 18:46:22.595622] [0x00007f0b04930b80] [info]    Clearing entire store at: "/tmp/store_test_1738003582593415451"
[2025-01-27 18:46:22.595868] [0x00007f0b04930b80] [info]    Store cleared successfully
[       OK ] StoreTest.EmptyInput (2 ms)
[----------] 1 test from StoreTest (2 ms total)

[----------] Global test environment tear-down
[==========] 1 test from 1 test suite ran. (2 ms total)
[  PASSED  ] 1 test.
<end of output>
Test time =   0.03 sec
----------------------------------------------------------
Test Passed.
"StoreTest.EmptyInput" end time: Jan 27 18:46 UTC
"StoreTest.EmptyInput" time elapsed: 00:00:00
----------------------------------------------------------

11/30 Testing: StoreTest.MultipleFiles
11/30 Test: StoreTest.MultipleFiles
Command: "/home/runner/workspace/build/store_tests" "--gtest_filter=StoreTest.MultipleFiles" "--gtest_also_run_disabled_tests"
Directory: /home/runner/workspace/build
"StoreTest.MultipleFiles" start time: Jan 27 18:46 UTC
Output:
----------------------------------------------------------
Running main() from /build/source/googletest/src/gtest_main.cc
Note: Google Test filter = StoreTest.MultipleFiles
[==========] Running 1 test from 1 test suite.
[----------] Global test environment set-up.
[----------] 1 test from StoreTest
[ RUN      ] StoreTest.MultipleFiles
[2025-01-27 18:46:22.623935] [0x00007fbe88a94b80] [info]    Initializing Store with base path: /tmp/store_test_1738003582623696308
[2025-01-27 18:46:22.623963] [0x00007fbe88a94b80] [debug]   Store directory created/verified at: /tmp/store_test_1738003582623696308
[2025-01-27 18:46:22.624002] [0x00007fbe88a94b80] [info]    Storing data with key: key1
[2025-01-27 18:46:22.624023] [0x00007fbe88a94b80] [debug]   Generating hash for key: key1
[2025-01-27 18:46:22.626227] [0x00007fbe88a94b80] [debug]   Generated hash: 8174099687a26621f4e2cdd7cc03b3dacedb3fb962255b1aafd033cabe831530
[2025-01-27 18:46:22.626278] [0x00007fbe88a94b80] [debug]   Calculated path: /tmp/store_test_1738003582623696308/81/74/09/9687a26621f4e2cdd7cc03b3dacedb3fb962255b1aafd033cabe831530
[2025-01-27 18:46:22.626422] [0x00007fbe88a94b80] [debug]   Calculated file path: /tmp/store_test_1738003582623696308/81/74/09/9687a26621f4e2cdd7cc03b3dacedb3fb962255b1aafd033cabe831530
[2025-01-27 18:46:22.626488] [0x00007fbe88a94b80] [info]    Successfully stored 18 bytes with key: key1
[2025-01-27 18:46:22.626507] [0x00007fbe88a94b80] [debug]   Checking existence of key: key1
[2025-01-27 18:46:22.626519] [0x00007fbe88a94b80] [debug]   Generating hash for key: key1
[2025-01-27 18:46:22.626537] [0x00007fbe88a94b80] [debug]   Generated hash: 8174099687a26621f4e2cdd7cc03b3dacedb3fb962255b1aafd033cabe831530
[2025-01-27 18:46:22.626552] [0x00007fbe88a94b80] [debug]   Calculated path: /tmp/store_test_1738003582623696308/81/74/09/9687a26621f4e2cdd7cc03b3dacedb3fb962255b1aafd033cabe831530
[2025-01-27 18:46:22.626574] [0x00007fbe88a94b80] [debug]   Key key1 exists at path: /tmp/store_test_1738003582623696308/81/74/09/9687a26621f4e2cdd7cc03b3dacedb3fb962255b1aafd033cabe831530
[2025-01-27 18:46:22.626588] [0x00007fbe88a94b80] [info]    Storing data with key: key2
[2025-01-27 18:46:22.626599] [0x00007fbe88a94b80] [debug]   Generating hash for key: key2
[2025-01-27 18:46:22.626613] [0x00007fbe88a94b80] [debug]   Generated hash: b10253764c8b233fb37542e23401c7b450e5a6f9751f3b5a014f6f67e8bc999d
[2025-01-27 18:46:22.626625] [0x00007fbe88a94b80] [debug]   Calculated path: /tmp/store_test_1738003582623696308/b1/02/53/764c8b233fb37542e23401c7b450e5a6f9751f3b5a014f6f67e8bc999d
[2025-01-27 18:46:22.626685] [0x00007fbe88a94b80] [debug]   Calculated file path: /tmp/store_test_1738003582623696308/b1/02/53/764c8b233fb37542e23401c7b450e5a6f9751f3b5a014f6f67e8bc999d
[2025-01-27 18:46:22.626732] [0x00007fbe88a94b80] [info]    Successfully stored 19 bytes with key: key2
[2025-01-27 18:46:22.626748] [0x00007fbe88a94b80] [debug]   Checking existence of key: key2
[2025-01-27 18:46:22.626758] [0x00007fbe88a94b80] [debug]   Generating hash for key: key2
[2025-01-27 18:46:22.626773] [0x00007fbe88a94b80] [debug]   Generated hash: b10253764c8b233fb37542e23401c7b450e5a6f9751f3b5a014f6f67e8bc999d
[2025-01-27 18:46:22.626785] [0x00007fbe88a94b80] [debug]   Calculated path: /tmp/store_test_1738003582623696308/b1/02/53/764c8b233fb37542e23401c7b450e5a6f9751f3b5a014f6f67e8bc999d
[2025-01-27 18:46:22.626813] [0x00007fbe88a94b80] [debug]   Key key2 exists at path: /tmp/store_test_1738003582623696308/b1/02/53/764c8b233fb37542e23401c7b450e5a6f9751f3b5a014f6f67e8bc999d
[2025-01-27 18:46:22.626826] [0x00007fbe88a94b80] [info]    Storing data with key: key3
[2025-01-27 18:46:22.626836] [0x00007fbe88a94b80] [debug]   Generating hash for key: key3
[2025-01-27 18:46:22.626850] [0x00007fbe88a94b80] [debug]   Generated hash: f576104eebeab09651d83acffc77c8b8c6eaa4b767aeab24d7da80f83f51d865
[2025-01-27 18:46:22.626861] [0x00007fbe88a94b80] [debug]   Calculated path: /tmp/store_test_1738003582623696308/f5/76/10/4eebeab09651d83acffc77c8b8c6eaa4b767aeab24d7da80f83f51d865
[2025-01-27 18:46:22.626925] [0x00007fbe88a94b80] [debug]   Calculated file path: /tmp/store_test_1738003582623696308/f5/76/10/4eebeab09651d83acffc77c8b8c6eaa4b767aeab24d7da80f83f51d865
[2025-01-27 18:46:22.626971] [0x00007fbe88a94b80] [info]    Successfully stored 18 bytes with key: key3
[2025-01-27 18:46:22.627013] [0x00007fbe88a94b80] [debug]   Checking existence of key: key3
[2025-01-27 18:46:22.627024] [0x00007fbe88a94b80] [debug]   Generating hash for key: key3
[2025-01-27 18:46:22.627039] [0x00007fbe88a94b80] [debug]   Generated hash: f576104eebeab09651d83acffc77c8b8c6eaa4b767aeab24d7da80f83f51d865
[2025-01-27 18:46:22.627052] [0x00007fbe88a94b80] [debug]   Calculated path: /tmp/store_test_1738003582623696308/f5/76/10/4eebeab09651d83acffc77c8b8c6eaa4b767aeab24d7da80f83f51d865
[2025-01-27 18:46:22.627069] [0x00007fbe88a94b80] [debug]   Key key3 exists at path: /tmp/store_test_1738003582623696308/f5/76/10/4eebeab09651d83acffc77c8b8c6eaa4b767aeab24d7da80f83f51d865
[2025-01-27 18:46:22.627084] [0x00007fbe88a94b80] [debug]   Checking existence of key: key1
[2025-01-27 18:46:22.627098] [0x00007fbe88a94b80] [debug]   Generating hash for key: key1
[2025-01-27 18:46:22.627112] [0x00007fbe88a94b80] [debug]   Generated hash: 8174099687a26621f4e2cdd7cc03b3dacedb3fb962255b1aafd033cabe831530
[2025-01-27 18:46:22.627124] [0x00007fbe88a94b80] [debug]   Calculated path: /tmp/store_test_1738003582623696308/81/74/09/9687a26621f4e2cdd7cc03b3dacedb3fb962255b1aafd033cabe831530
[2025-01-27 18:46:22.627169] [0x00007fbe88a94b80] [debug]   Key key1 exists at path: /tmp/store_test_1738003582623696308/81/74/09/9687a26621f4e2cdd7cc03b3dacedb3fb962255b1aafd033cabe831530
[2025-01-27 18:46:22.627182] [0x00007fbe88a94b80] [info]    Retrieving data for key: key1
[2025-01-27 18:46:22.627192] [0x00007fbe88a94b80] [debug]   Generating hash for key: key1
[2025-01-27 18:46:22.627207] [0x00007fbe88a94b80] [debug]   Generated hash: 8174099687a26621f4e2cdd7cc03b3dacedb3fb962255b1aafd033cabe831530
[2025-01-27 18:46:22.627220] [0x00007fbe88a94b80] [debug]   Calculated path: /tmp/store_test_1738003582623696308/81/74/09/9687a26621f4e2cdd7cc03b3dacedb3fb962255b1aafd033cabe831530
[2025-01-27 18:46:22.627246] [0x00007fbe88a94b80] [info]    Successfully streamed 18 bytes for key: key1
[2025-01-27 18:46:22.627261] [0x00007fbe88a94b80] [debug]   Checking existence of key: key2
[2025-01-27 18:46:22.627272] [0x00007fbe88a94b80] [debug]   Generating hash for key: key2
[2025-01-27 18:46:22.627285] [0x00007fbe88a94b80] [debug]   Generated hash: b10253764c8b233fb37542e23401c7b450e5a6f9751f3b5a014f6f67e8bc999d
[2025-01-27 18:46:22.627298] [0x00007fbe88a94b80] [debug]   Calculated path: /tmp/store_test_1738003582623696308/b1/02/53/764c8b233fb37542e23401c7b450e5a6f9751f3b5a014f6f67e8bc999d
[2025-01-27 18:46:22.627313] [0x00007fbe88a94b80] [debug]   Key key2 exists at path: /tmp/store_test_1738003582623696308/b1/02/53/764c8b233fb37542e23401c7b450e5a6f9751f3b5a014f6f67e8bc999d
[2025-01-27 18:46:22.627326] [0x00007fbe88a94b80] [info]    Retrieving data for key: key2
[2025-01-27 18:46:22.627336] [0x00007fbe88a94b80] [debug]   Generating hash for key: key2
[2025-01-27 18:46:22.627350] [0x00007fbe88a94b80] [debug]   Generated hash: b10253764c8b233fb37542e23401c7b450e5a6f9751f3b5a014f6f67e8bc999d
[2025-01-27 18:46:22.627363] [0x00007fbe88a94b80] [debug]   Calculated path: /tmp/store_test_1738003582623696308/b1/02/53/764c8b233fb37542e23401c7b450e5a6f9751f3b5a014f6f67e8bc999d
[2025-01-27 18:46:22.627385] [0x00007fbe88a94b80] [info]    Successfully streamed 19 bytes for key: key2
[2025-01-27 18:46:22.627398] [0x00007fbe88a94b80] [debug]   Checking existence of key: key3
[2025-01-27 18:46:22.627409] [0x00007fbe88a94b80] [debug]   Generating hash for key: key3
[2025-01-27 18:46:22.627423] [0x00007fbe88a94b80] [debug]   Generated hash: f576104eebeab09651d83acffc77c8b8c6eaa4b767aeab24d7da80f83f51d865
[2025-01-27 18:46:22.627435] [0x00007fbe88a94b80] [debug]   Calculated path: /tmp/store_test_1738003582623696308/f5/76/10/4eebeab09651d83acffc77c8b8c6eaa4b767aeab24d7da80f83f51d865
[2025-01-27 18:46:22.627466] [0x00007fbe88a94b80] [debug]   Key key3 exists at path: /tmp/store_test_1738003582623696308/f5/76/10/4eebeab09651d83acffc77c8b8c6eaa4b767aeab24d7da80f83f51d865
[2025-01-27 18:46:22.627478] [0x00007fbe88a94b80] [info]    Retrieving data for key: key3
[2025-01-27 18:46:22.627488] [0x00007fbe88a94b80] [debug]   Generating hash for key: key3
[2025-01-27 18:46:22.627502] [0x00007fbe88a94b80] [debug]   Generated hash: f576104eebeab09651d83acffc77c8b8c6eaa4b767aeab24d7da80f83f51d865
[2025-01-27 18:46:22.627514] [0x00007fbe88a94b80] [debug]   Calculated path: /tmp/store_test_1738003582623696308/f5/76/10/4eebeab09651d83acffc77c8b8c6eaa4b767aeab24d7da80f83f51d865
[2025-01-27 18:46:22.627536] [0x00007fbe88a94b80] [info]    Successfully streamed 18 bytes for key: key3
[2025-01-27 18:46:22.627552] [0x00007fbe88a94b80] [info]    Clearing entire store at: "/tmp/store_test_1738003582623696308"
[2025-01-27 18:46:22.627969] [0x00007fbe88a94b80] [info]    Store cleared successfully
[       OK ] StoreTest.MultipleFiles (4 ms)
[----------] 1 test from StoreTest (4 ms total)

[----------] Global test environment tear-down
[==========] 1 test from 1 test suite ran. (4 ms total)
[  PASSED  ] 1 test.
<end of output>
Test time =   0.03 sec
----------------------------------------------------------
Test Passed.
"StoreTest.MultipleFiles" end time: Jan 27 18:46 UTC
"StoreTest.MultipleFiles" time elapsed: 00:00:00
----------------------------------------------------------

12/30 Testing: StoreTest.ErrorHandling
12/30 Test: StoreTest.ErrorHandling
Command: "/home/runner/workspace/build/store_tests" "--gtest_filter=StoreTest.ErrorHandling" "--gtest_also_run_disabled_tests"
Directory: /home/runner/workspace/build
"StoreTest.ErrorHandling" start time: Jan 27 18:46 UTC
Output:
----------------------------------------------------------
Running main() from /build/source/googletest/src/gtest_main.cc
Note: Google Test filter = StoreTest.ErrorHandling
[==========] Running 1 test from 1 test suite.
[----------] Global test environment set-up.
[----------] 1 test from StoreTest
[ RUN      ] StoreTest.ErrorHandling
[2025-01-27 18:46:22.650380] [0x00007f6b00041b80] [info]    Initializing Store with base path: /tmp/store_test_1738003582650263425
[2025-01-27 18:46:22.650403] [0x00007f6b00041b80] [debug]   Store directory created/verified at: /tmp/store_test_1738003582650263425
[2025-01-27 18:46:22.650413] [0x00007f6b00041b80] [debug]   Checking existence of key: error_key
[2025-01-27 18:46:22.650420] [0x00007f6b00041b80] [debug]   Generating hash for key: error_key
[2025-01-27 18:46:22.651838] [0x00007f6b00041b80] [debug]   Generated hash: 7a0a1ce4f1c58ba0fb867426e1bbf7c475cf4a6fb6902cf56852bd2b980d900b
[2025-01-27 18:46:22.651865] [0x00007f6b00041b80] [debug]   Calculated path: /tmp/store_test_1738003582650263425/7a/0a/1c/e4f1c58ba0fb867426e1bbf7c475cf4a6fb6902cf56852bd2b980d900b
[2025-01-27 18:46:22.651897] [0x00007f6b00041b80] [debug]   Key error_key not found at path: /tmp/store_test_1738003582650263425/7a/0a/1c/e4f1c58ba0fb867426e1bbf7c475cf4a6fb6902cf56852bd2b980d900b
[2025-01-27 18:46:22.651906] [0x00007f6b00041b80] [info]    Retrieving data for key: error_key
[2025-01-27 18:46:22.651917] [0x00007f6b00041b80] [debug]   Generating hash for key: error_key
[2025-01-27 18:46:22.651928] [0x00007f6b00041b80] [debug]   Generated hash: 7a0a1ce4f1c58ba0fb867426e1bbf7c475cf4a6fb6902cf56852bd2b980d900b
[2025-01-27 18:46:22.651940] [0x00007f6b00041b80] [debug]   Calculated path: /tmp/store_test_1738003582650263425/7a/0a/1c/e4f1c58ba0fb867426e1bbf7c475cf4a6fb6902cf56852bd2b980d900b
[2025-01-27 18:46:22.651955] [0x00007f6b00041b80] [error]   File not found: /tmp/store_test_1738003582650263425/7a/0a/1c/e4f1c58ba0fb867426e1bbf7c475cf4a6fb6902cf56852bd2b980d900b
[2025-01-27 18:46:22.651995] [0x00007f6b00041b80] [info]    Storing data with key: error_key
[2025-01-27 18:46:22.652007] [0x00007f6b00041b80] [error]   Invalid input stream provided for key: error_key
[2025-01-27 18:46:22.652022] [0x00007f6b00041b80] [info]    Clearing entire store at: "/tmp/store_test_1738003582650263425"
[2025-01-27 18:46:22.652120] [0x00007f6b00041b80] [info]    Store cleared successfully
[       OK ] StoreTest.ErrorHandling (1 ms)
[----------] 1 test from StoreTest (1 ms total)

[----------] Global test environment tear-down
[==========] 1 test from 1 test suite ran. (2 ms total)
[  PASSED  ] 1 test.
<end of output>
Test time =   0.02 sec
----------------------------------------------------------
Test Passed.
"StoreTest.ErrorHandling" end time: Jan 27 18:46 UTC
"StoreTest.ErrorHandling" time elapsed: 00:00:00
----------------------------------------------------------

13/30 Testing: StoreTest.Clear
13/30 Test: StoreTest.Clear
Command: "/home/runner/workspace/build/store_tests" "--gtest_filter=StoreTest.Clear" "--gtest_also_run_disabled_tests"
Directory: /home/runner/workspace/build
"StoreTest.Clear" start time: Jan 27 18:46 UTC
Output:
----------------------------------------------------------
Running main() from /build/source/googletest/src/gtest_main.cc
Note: Google Test filter = StoreTest.Clear
[==========] Running 1 test from 1 test suite.
[----------] Global test environment set-up.
[----------] 1 test from StoreTest
[ RUN      ] StoreTest.Clear
[2025-01-27 18:46:22.684697] [0x00007f2e1c6e9b80] [info]    Initializing Store with base path: /tmp/store_test_1738003582684568592
[2025-01-27 18:46:22.684711] [0x00007f2e1c6e9b80] [debug]   Store directory created/verified at: /tmp/store_test_1738003582684568592
[2025-01-27 18:46:22.684718] [0x00007f2e1c6e9b80] [info]    Storing data with key: key1
[2025-01-27 18:46:22.684723] [0x00007f2e1c6e9b80] [debug]   Generating hash for key: key1
[2025-01-27 18:46:22.686883] [0x00007f2e1c6e9b80] [debug]   Generated hash: 8174099687a26621f4e2cdd7cc03b3dacedb3fb962255b1aafd033cabe831530
[2025-01-27 18:46:22.687156] [0x00007f2e1c6e9b80] [debug]   Calculated path: /tmp/store_test_1738003582684568592/81/74/09/9687a26621f4e2cdd7cc03b3dacedb3fb962255b1aafd033cabe831530
[2025-01-27 18:46:22.687248] [0x00007f2e1c6e9b80] [debug]   Calculated file path: /tmp/store_test_1738003582684568592/81/74/09/9687a26621f4e2cdd7cc03b3dacedb3fb962255b1aafd033cabe831530
[2025-01-27 18:46:22.687299] [0x00007f2e1c6e9b80] [info]    Successfully stored 9 bytes with key: key1
[2025-01-27 18:46:22.687318] [0x00007f2e1c6e9b80] [debug]   Checking existence of key: key1
[2025-01-27 18:46:22.687332] [0x00007f2e1c6e9b80] [debug]   Generating hash for key: key1
[2025-01-27 18:46:22.687346] [0x00007f2e1c6e9b80] [debug]   Generated hash: 8174099687a26621f4e2cdd7cc03b3dacedb3fb962255b1aafd033cabe831530
[2025-01-27 18:46:22.687355] [0x00007f2e1c6e9b80] [debug]   Calculated path: /tmp/store_test_1738003582684568592/81/74/09/9687a26621f4e2cdd7cc03b3dacedb3fb962255b1aafd033cabe831530
[2025-01-27 18:46:22.687366] [0x00007f2e1c6e9b80] [debug]   Key key1 exists at path: /tmp/store_test_1738003582684568592/81/74/09/9687a26621f4e2cdd7cc03b3dacedb3fb962255b1aafd033cabe831530
[2025-01-27 18:46:22.687378] [0x00007f2e1c6e9b80] [info]    Storing data with key: key2
[2025-01-27 18:46:22.687385] [0x00007f2e1c6e9b80] [debug]   Generating hash for key: key2
[2025-01-27 18:46:22.687394] [0x00007f2e1c6e9b80] [debug]   Generated hash: b10253764c8b233fb37542e23401c7b450e5a6f9751f3b5a014f6f67e8bc999d
[2025-01-27 18:46:22.687407] [0x00007f2e1c6e9b80] [debug]   Calculated path: /tmp/store_test_1738003582684568592/b1/02/53/764c8b233fb37542e23401c7b450e5a6f9751f3b5a014f6f67e8bc999d
[2025-01-27 18:46:22.687454] [0x00007f2e1c6e9b80] [debug]   Calculated file path: /tmp/store_test_1738003582684568592/b1/02/53/764c8b233fb37542e23401c7b450e5a6f9751f3b5a014f6f67e8bc999d
[2025-01-27 18:46:22.687494] [0x00007f2e1c6e9b80] [info]    Successfully stored 9 bytes with key: key2
[2025-01-27 18:46:22.687512] [0x00007f2e1c6e9b80] [debug]   Checking existence of key: key2
[2025-01-27 18:46:22.687521] [0x00007f2e1c6e9b80] [debug]   Generating hash for key: key2
[2025-01-27 18:46:22.687533] [0x00007f2e1c6e9b80] [debug]   Generated hash: b10253764c8b233fb37542e23401c7b450e5a6f9751f3b5a014f6f67e8bc999d
[2025-01-27 18:46:22.687541] [0x00007f2e1c6e9b80] [debug]   Calculated path: /tmp/store_test_1738003582684568592/b1/02/53/764c8b233fb37542e23401c7b450e5a6f9751f3b5a014f6f67e8bc999d
[2025-01-27 18:46:22.687552] [0x00007f2e1c6e9b80] [debug]   Key key2 exists at path: /tmp/store_test_1738003582684568592/b1/02/53/764c8b233fb37542e23401c7b450e5a6f9751f3b5a014f6f67e8bc999d
[2025-01-27 18:46:22.687565] [0x00007f2e1c6e9b80] [info]    Storing data with key: key3
[2025-01-27 18:46:22.687572] [0x00007f2e1c6e9b80] [debug]   Generating hash for key: key3
[2025-01-27 18:46:22.687580] [0x00007f2e1c6e9b80] [debug]   Generated hash: f576104eebeab09651d83acffc77c8b8c6eaa4b767aeab24d7da80f83f51d865
[2025-01-27 18:46:22.687594] [0x00007f2e1c6e9b80] [debug]   Calculated path: /tmp/store_test_1738003582684568592/f5/76/10/4eebeab09651d83acffc77c8b8c6eaa4b767aeab24d7da80f83f51d865
[2025-01-27 18:46:22.687652] [0x00007f2e1c6e9b80] [debug]   Calculated file path: /tmp/store_test_1738003582684568592/f5/76/10/4eebeab09651d83acffc77c8b8c6eaa4b767aeab24d7da80f83f51d865
[2025-01-27 18:46:22.687696] [0x00007f2e1c6e9b80] [info]    Successfully stored 9 bytes with key: key3
[2025-01-27 18:46:22.687717] [0x00007f2e1c6e9b80] [debug]   Checking existence of key: key3
[2025-01-27 18:46:22.687730] [0x00007f2e1c6e9b80] [debug]   Generating hash for key: key3
[2025-01-27 18:46:22.687741] [0x00007f2e1c6e9b80] [debug]   Generated hash: f576104eebeab09651d83acffc77c8b8c6eaa4b767aeab24d7da80f83f51d865
[2025-01-27 18:46:22.687750] [0x00007f2e1c6e9b80] [debug]   Calculated path: /tmp/store_test_1738003582684568592/f5/76/10/4eebeab09651d83acffc77c8b8c6eaa4b767aeab24d7da80f83f51d865
[2025-01-27 18:46:22.687761] [0x00007f2e1c6e9b80] [debug]   Key key3 exists at path: /tmp/store_test_1738003582684568592/f5/76/10/4eebeab09651d83acffc77c8b8c6eaa4b767aeab24d7da80f83f51d865
[2025-01-27 18:46:22.687769] [0x00007f2e1c6e9b80] [info]    Clearing entire store at: "/tmp/store_test_1738003582684568592"
[2025-01-27 18:46:22.688087] [0x00007f2e1c6e9b80] [info]    Store cleared successfully
[2025-01-27 18:46:22.688437] [0x00007f2e1c6e9b80] [debug]   Checking existence of key: key1
[2025-01-27 18:46:22.688464] [0x00007f2e1c6e9b80] [debug]   Generating hash for key: key1
[2025-01-27 18:46:22.688484] [0x00007f2e1c6e9b80] [debug]   Generated hash: 8174099687a26621f4e2cdd7cc03b3dacedb3fb962255b1aafd033cabe831530
[2025-01-27 18:46:22.688495] [0x00007f2e1c6e9b80] [debug]   Calculated path: /tmp/store_test_1738003582684568592/81/74/09/9687a26621f4e2cdd7cc03b3dacedb3fb962255b1aafd033cabe831530
[2025-01-27 18:46:22.688512] [0x00007f2e1c6e9b80] [debug]   Key key1 not found at path: /tmp/store_test_1738003582684568592/81/74/09/9687a26621f4e2cdd7cc03b3dacedb3fb962255b1aafd033cabe831530
[2025-01-27 18:46:22.688520] [0x00007f2e1c6e9b80] [info]    Retrieving data for key: key1
[2025-01-27 18:46:22.688527] [0x00007f2e1c6e9b80] [debug]   Generating hash for key: key1
[2025-01-27 18:46:22.688543] [0x00007f2e1c6e9b80] [debug]   Generated hash: 8174099687a26621f4e2cdd7cc03b3dacedb3fb962255b1aafd033cabe831530
[2025-01-27 18:46:22.688564] [0x00007f2e1c6e9b80] [debug]   Calculated path: /tmp/store_test_1738003582684568592/81/74/09/9687a26621f4e2cdd7cc03b3dacedb3fb962255b1aafd033cabe831530
[2025-01-27 18:46:22.688581] [0x00007f2e1c6e9b80] [error]   File not found: /tmp/store_test_1738003582684568592/81/74/09/9687a26621f4e2cdd7cc03b3dacedb3fb962255b1aafd033cabe831530
[2025-01-27 18:46:22.688631] [0x00007f2e1c6e9b80] [debug]   Checking existence of key: key2
[2025-01-27 18:46:22.688641] [0x00007f2e1c6e9b80] [debug]   Generating hash for key: key2
[2025-01-27 18:46:22.688652] [0x00007f2e1c6e9b80] [debug]   Generated hash: b10253764c8b233fb37542e23401c7b450e5a6f9751f3b5a014f6f67e8bc999d
[2025-01-27 18:46:22.688660] [0x00007f2e1c6e9b80] [debug]   Calculated path: /tmp/store_test_1738003582684568592/b1/02/53/764c8b233fb37542e23401c7b450e5a6f9751f3b5a014f6f67e8bc999d
[2025-01-27 18:46:22.688672] [0x00007f2e1c6e9b80] [debug]   Key key2 not found at path: /tmp/store_test_1738003582684568592/b1/02/53/764c8b233fb37542e23401c7b450e5a6f9751f3b5a014f6f67e8bc999d
[2025-01-27 18:46:22.688680] [0x00007f2e1c6e9b80] [info]    Retrieving data for key: key2
[2025-01-27 18:46:22.688686] [0x00007f2e1c6e9b80] [debug]   Generating hash for key: key2
[2025-01-27 18:46:22.688701] [0x00007f2e1c6e9b80] [debug]   Generated hash: b10253764c8b233fb37542e23401c7b450e5a6f9751f3b5a014f6f67e8bc999d
[2025-01-27 18:46:22.688713] [0x00007f2e1c6e9b80] [debug]   Calculated path: /tmp/store_test_1738003582684568592/b1/02/53/764c8b233fb37542e23401c7b450e5a6f9751f3b5a014f6f67e8bc999d
[2025-01-27 18:46:22.688722] [0x00007f2e1c6e9b80] [error]   File not found: /tmp/store_test_1738003582684568592/b1/02/53/764c8b233fb37542e23401c7b450e5a6f9751f3b5a014f6f67e8bc999d
[2025-01-27 18:46:22.688741] [0x00007f2e1c6e9b80] [debug]   Checking existence of key: key3
[2025-01-27 18:46:22.688748] [0x00007f2e1c6e9b80] [debug]   Generating hash for key: key3
[2025-01-27 18:46:22.688757] [0x00007f2e1c6e9b80] [debug]   Generated hash: f576104eebeab09651d83acffc77c8b8c6eaa4b767aeab24d7da80f83f51d865
[2025-01-27 18:46:22.688765] [0x00007f2e1c6e9b80] [debug]   Calculated path: /tmp/store_test_1738003582684568592/f5/76/10/4eebeab09651d83acffc77c8b8c6eaa4b767aeab24d7da80f83f51d865
[2025-01-27 18:46:22.688778] [0x00007f2e1c6e9b80] [debug]   Key key3 not found at path: /tmp/store_test_1738003582684568592/f5/76/10/4eebeab09651d83acffc77c8b8c6eaa4b767aeab24d7da80f83f51d865
[2025-01-27 18:46:22.688792] [0x00007f2e1c6e9b80] [info]    Retrieving data for key: key3
[2025-01-27 18:46:22.688799] [0x00007f2e1c6e9b80] [debug]   Generating hash for key: key3
[2025-01-27 18:46:22.688809] [0x00007f2e1c6e9b80] [debug]   Generated hash: f576104eebeab09651d83acffc77c8b8c6eaa4b767aeab24d7da80f83f51d865
[2025-01-27 18:46:22.688817] [0x00007f2e1c6e9b80] [debug]   Calculated path: /tmp/store_test_1738003582684568592/f5/76/10/4eebeab09651d83acffc77c8b8c6eaa4b767aeab24d7da80f83f51d865
[2025-01-27 18:46:22.688825] [0x00007f2e1c6e9b80] [error]   File not found: /tmp/store_test_1738003582684568592/f5/76/10/4eebeab09651d83acffc77c8b8c6eaa4b767aeab24d7da80f83f51d865
[2025-01-27 18:46:22.688838] [0x00007f2e1c6e9b80] [info]    Clearing entire store at: "/tmp/store_test_1738003582684568592"
[2025-01-27 18:46:22.688901] [0x00007f2e1c6e9b80] [info]    Store cleared successfully
[       OK ] StoreTest.Clear (4 ms)
[----------] 1 test from StoreTest (4 ms total)

[----------] Global test environment tear-down
[==========] 1 test from 1 test suite ran. (4 ms total)
[  PASSED  ] 1 test.
<end of output>
Test time =   0.04 sec
----------------------------------------------------------
Test Passed.
"StoreTest.Clear" end time: Jan 27 18:46 UTC
"StoreTest.Clear" time elapsed: 00:00:00
----------------------------------------------------------

14/30 Testing: StoreTest.LargeFileHandling
14/30 Test: StoreTest.LargeFileHandling
Command: "/home/runner/workspace/build/store_tests" "--gtest_filter=StoreTest.LargeFileHandling" "--gtest_also_run_disabled_tests"
Directory: /home/runner/workspace/build
"StoreTest.LargeFileHandling" start time: Jan 27 18:46 UTC
Output:
----------------------------------------------------------
Running main() from /build/source/googletest/src/gtest_main.cc
Note: Google Test filter = StoreTest.LargeFileHandling
[==========] Running 1 test from 1 test suite.
[----------] Global test environment set-up.
[----------] 1 test from StoreTest
[ RUN      ] StoreTest.LargeFileHandling
[2025-01-27 18:46:22.721815] [0x00007f6eebc33b80] [info]    Initializing Store with base path: /tmp/store_test_1738003582721679379
[2025-01-27 18:46:22.721839] [0x00007f6eebc33b80] [debug]   Store directory created/verified at: /tmp/store_test_1738003582721679379
[2025-01-27 18:46:22.748716] [0x00007f6eebc33b80] [info]    Storing data with key: large_file
[2025-01-27 18:46:22.748774] [0x00007f6eebc33b80] [debug]   Generating hash for key: large_file
[2025-01-27 18:46:22.751087] [0x00007f6eebc33b80] [debug]   Generated hash: df1fbde40271055bb026eaa5094faa107c4a4987061ed6c7def9df06f885f2f3
[2025-01-27 18:46:22.751121] [0x00007f6eebc33b80] [debug]   Calculated path: /tmp/store_test_1738003582721679379/df/1f/bd/e40271055bb026eaa5094faa107c4a4987061ed6c7def9df06f885f2f3
[2025-01-27 18:46:22.751241] [0x00007f6eebc33b80] [debug]   Calculated file path: /tmp/store_test_1738003582721679379/df/1f/bd/e40271055bb026eaa5094faa107c4a4987061ed6c7def9df06f885f2f3
[2025-01-27 18:46:22.760989] [0x00007f6eebc33b80] [info]    Successfully stored 10485760 bytes with key: large_file
[2025-01-27 18:46:22.761039] [0x00007f6eebc33b80] [debug]   Checking existence of key: large_file
[2025-01-27 18:46:22.761050] [0x00007f6eebc33b80] [debug]   Generating hash for key: large_file
[2025-01-27 18:46:22.761073] [0x00007f6eebc33b80] [debug]   Generated hash: df1fbde40271055bb026eaa5094faa107c4a4987061ed6c7def9df06f885f2f3
[2025-01-27 18:46:22.761146] [0x00007f6eebc33b80] [debug]   Calculated path: /tmp/store_test_1738003582721679379/df/1f/bd/e40271055bb026eaa5094faa107c4a4987061ed6c7def9df06f885f2f3
[2025-01-27 18:46:22.761173] [0x00007f6eebc33b80] [debug]   Key large_file exists at path: /tmp/store_test_1738003582721679379/df/1f/bd/e40271055bb026eaa5094faa107c4a4987061ed6c7def9df06f885f2f3
[2025-01-27 18:46:22.761187] [0x00007f6eebc33b80] [info]    Retrieving data for key: large_file
[2025-01-27 18:46:22.761198] [0x00007f6eebc33b80] [debug]   Generating hash for key: large_file
[2025-01-27 18:46:22.761216] [0x00007f6eebc33b80] [debug]   Generated hash: df1fbde40271055bb026eaa5094faa107c4a4987061ed6c7def9df06f885f2f3
[2025-01-27 18:46:22.761232] [0x00007f6eebc33b80] [debug]   Calculated path: /tmp/store_test_1738003582721679379/df/1f/bd/e40271055bb026eaa5094faa107c4a4987061ed6c7def9df06f885f2f3
[2025-01-27 18:46:22.780929] [0x00007f6eebc33b80] [info]    Successfully streamed 10485760 bytes for key: large_file
[2025-01-27 18:46:22.792281] [0x00007f6eebc33b80] [info]    Clearing entire store at: "/tmp/store_test_1738003582721679379"
[2025-01-27 18:46:22.794770] [0x00007f6eebc33b80] [info]    Store cleared successfully
[       OK ] StoreTest.LargeFileHandling (73 ms)
[----------] 1 test from StoreTest (73 ms total)

[----------] Global test environment tear-down
[==========] 1 test from 1 test suite ran. (73 ms total)
[  PASSED  ] 1 test.
<end of output>
Test time =   0.11 sec
----------------------------------------------------------
Test Passed.
"StoreTest.LargeFileHandling" end time: Jan 27 18:46 UTC
"StoreTest.LargeFileHandling" time elapsed: 00:00:00
----------------------------------------------------------

15/30 Testing: StoreTest.OverwriteBehavior
15/30 Test: StoreTest.OverwriteBehavior
Command: "/home/runner/workspace/build/store_tests" "--gtest_filter=StoreTest.OverwriteBehavior" "--gtest_also_run_disabled_tests"
Directory: /home/runner/workspace/build
"StoreTest.OverwriteBehavior" start time: Jan 27 18:46 UTC
Output:
----------------------------------------------------------
Running main() from /build/source/googletest/src/gtest_main.cc
Note: Google Test filter = StoreTest.OverwriteBehavior
[==========] Running 1 test from 1 test suite.
[----------] Global test environment set-up.
[----------] 1 test from StoreTest
[ RUN      ] StoreTest.OverwriteBehavior
[2025-01-27 18:46:22.828432] [0x00007fd0645e5b80] [info]    Initializing Store with base path: /tmp/store_test_1738003582828260809
[2025-01-27 18:46:22.828456] [0x00007fd0645e5b80] [debug]   Store directory created/verified at: /tmp/store_test_1738003582828260809
[2025-01-27 18:46:22.828474] [0x00007fd0645e5b80] [info]    Storing data with key: overwrite_test
[2025-01-27 18:46:22.828491] [0x00007fd0645e5b80] [debug]   Generating hash for key: overwrite_test
[2025-01-27 18:46:22.838316] [0x00007fd0645e5b80] [debug]   Generated hash: 30952b659b529afe6343c608ec6d8a565347d89ad4d22eec203b90234d48b36e
[2025-01-27 18:46:22.838347] [0x00007fd0645e5b80] [debug]   Calculated path: /tmp/store_test_1738003582828260809/30/95/2b/659b529afe6343c608ec6d8a565347d89ad4d22eec203b90234d48b36e
[2025-01-27 18:46:22.838429] [0x00007fd0645e5b80] [debug]   Calculated file path: /tmp/store_test_1738003582828260809/30/95/2b/659b529afe6343c608ec6d8a565347d89ad4d22eec203b90234d48b36e
[2025-01-27 18:46:22.838499] [0x00007fd0645e5b80] [info]    Successfully stored 15 bytes with key: overwrite_test
[2025-01-27 18:46:22.838506] [0x00007fd0645e5b80] [debug]   Checking existence of key: overwrite_test
[2025-01-27 18:46:22.838509] [0x00007fd0645e5b80] [debug]   Generating hash for key: overwrite_test
[2025-01-27 18:46:22.838568] [0x00007fd0645e5b80] [debug]   Generated hash: 30952b659b529afe6343c608ec6d8a565347d89ad4d22eec203b90234d48b36e
[2025-01-27 18:46:22.838576] [0x00007fd0645e5b80] [debug]   Calculated path: /tmp/store_test_1738003582828260809/30/95/2b/659b529afe6343c608ec6d8a565347d89ad4d22eec203b90234d48b36e
[2025-01-27 18:46:22.838585] [0x00007fd0645e5b80] [debug]   Key overwrite_test exists at path: /tmp/store_test_1738003582828260809/30/95/2b/659b529afe6343c608ec6d8a565347d89ad4d22eec203b90234d48b36e
[2025-01-27 18:46:22.838589] [0x00007fd0645e5b80] [info]    Retrieving data for key: overwrite_test
[2025-01-27 18:46:22.838592] [0x00007fd0645e5b80] [debug]   Generating hash for key: overwrite_test
[2025-01-27 18:46:22.838599] [0x00007fd0645e5b80] [debug]   Generated hash: 30952b659b529afe6343c608ec6d8a565347d89ad4d22eec203b90234d48b36e
[2025-01-27 18:46:22.838604] [0x00007fd0645e5b80] [debug]   Calculated path: /tmp/store_test_1738003582828260809/30/95/2b/659b529afe6343c608ec6d8a565347d89ad4d22eec203b90234d48b36e
[2025-01-27 18:46:22.838623] [0x00007fd0645e5b80] [info]    Successfully streamed 15 bytes for key: overwrite_test
[2025-01-27 18:46:22.838631] [0x00007fd0645e5b80] [info]    Storing data with key: overwrite_test
[2025-01-27 18:46:22.838633] [0x00007fd0645e5b80] [debug]   Generating hash for key: overwrite_test
[2025-01-27 18:46:22.838641] [0x00007fd0645e5b80] [debug]   Generated hash: 30952b659b529afe6343c608ec6d8a565347d89ad4d22eec203b90234d48b36e
[2025-01-27 18:46:22.838645] [0x00007fd0645e5b80] [debug]   Calculated path: /tmp/store_test_1738003582828260809/30/95/2b/659b529afe6343c608ec6d8a565347d89ad4d22eec203b90234d48b36e
[2025-01-27 18:46:22.838652] [0x00007fd0645e5b80] [debug]   Calculated file path: /tmp/store_test_1738003582828260809/30/95/2b/659b529afe6343c608ec6d8a565347d89ad4d22eec203b90234d48b36e
[2025-01-27 18:46:22.838711] [0x00007fd0645e5b80] [info]    Successfully stored 15 bytes with key: overwrite_test
[2025-01-27 18:46:22.838717] [0x00007fd0645e5b80] [info]    Retrieving data for key: overwrite_test
[2025-01-27 18:46:22.838720] [0x00007fd0645e5b80] [debug]   Generating hash for key: overwrite_test
[2025-01-27 18:46:22.838727] [0x00007fd0645e5b80] [debug]   Generated hash: 30952b659b529afe6343c608ec6d8a565347d89ad4d22eec203b90234d48b36e
[2025-01-27 18:46:22.838732] [0x00007fd0645e5b80] [debug]   Calculated path: /tmp/store_test_1738003582828260809/30/95/2b/659b529afe6343c608ec6d8a565347d89ad4d22eec203b90234d48b36e
[2025-01-27 18:46:22.838750] [0x00007fd0645e5b80] [info]    Successfully streamed 15 bytes for key: overwrite_test
[2025-01-27 18:46:22.838758] [0x00007fd0645e5b80] [info]    Clearing entire store at: "/tmp/store_test_1738003582828260809"
[2025-01-27 18:46:22.838983] [0x00007fd0645e5b80] [info]    Store cleared successfully
[       OK ] StoreTest.OverwriteBehavior (10 ms)
[----------] 1 test from StoreTest (10 ms total)

[----------] Global test environment tear-down
[==========] 1 test from 1 test suite ran. (10 ms total)
[  PASSED  ] 1 test.
<end of output>
Test time =   0.03 sec
----------------------------------------------------------
Test Passed.
"StoreTest.OverwriteBehavior" end time: Jan 27 18:46 UTC
"StoreTest.OverwriteBehavior" time elapsed: 00:00:00
----------------------------------------------------------

16/30 Testing: StoreTest.StreamStatePreservation
16/30 Test: StoreTest.StreamStatePreservation
Command: "/home/runner/workspace/build/store_tests" "--gtest_filter=StoreTest.StreamStatePreservation" "--gtest_also_run_disabled_tests"
Directory: /home/runner/workspace/build
"StoreTest.StreamStatePreservation" start time: Jan 27 18:46 UTC
Output:
----------------------------------------------------------
Running main() from /build/source/googletest/src/gtest_main.cc
Note: Google Test filter = StoreTest.StreamStatePreservation
[==========] Running 1 test from 1 test suite.
[----------] Global test environment set-up.
[----------] 1 test from StoreTest
[ RUN      ] StoreTest.StreamStatePreservation
[2025-01-27 18:46:22.864155] [0x00007f15cafceb80] [info]    Initializing Store with base path: /tmp/store_test_1738003582864025816
[2025-01-27 18:46:22.864164] [0x00007f15cafceb80] [debug]   Store directory created/verified at: /tmp/store_test_1738003582864025816
[2025-01-27 18:46:22.864171] [0x00007f15cafceb80] [info]    Storing data with key: stream_state_test
[2025-01-27 18:46:22.864173] [0x00007f15cafceb80] [debug]   Generating hash for key: stream_state_test
[2025-01-27 18:46:22.865980] [0x00007f15cafceb80] [debug]   Generated hash: a9e413f31ab1fd98797abd4d4d50fc4ccfbf9abaec049f8d5f9e9c5b294d61c8
[2025-01-27 18:46:22.866000] [0x00007f15cafceb80] [debug]   Calculated path: /tmp/store_test_1738003582864025816/a9/e4/13/f31ab1fd98797abd4d4d50fc4ccfbf9abaec049f8d5f9e9c5b294d61c8
[2025-01-27 18:46:22.866204] [0x00007f15cafceb80] [debug]   Calculated file path: /tmp/store_test_1738003582864025816/a9/e4/13/f31ab1fd98797abd4d4d50fc4ccfbf9abaec049f8d5f9e9c5b294d61c8
[2025-01-27 18:46:22.866297] [0x00007f15cafceb80] [info]    Successfully stored 26 bytes with key: stream_state_test
[2025-01-27 18:46:22.866322] [0x00007f15cafceb80] [info]    Retrieving data for key: stream_state_test
[2025-01-27 18:46:22.866336] [0x00007f15cafceb80] [debug]   Generating hash for key: stream_state_test
[2025-01-27 18:46:22.866355] [0x00007f15cafceb80] [debug]   Generated hash: a9e413f31ab1fd98797abd4d4d50fc4ccfbf9abaec049f8d5f9e9c5b294d61c8
[2025-01-27 18:46:22.866369] [0x00007f15cafceb80] [debug]   Calculated path: /tmp/store_test_1738003582864025816/a9/e4/13/f31ab1fd98797abd4d4d50fc4ccfbf9abaec049f8d5f9e9c5b294d61c8
[2025-01-27 18:46:22.866397] [0x00007f15cafceb80] [info]    Successfully streamed 26 bytes for key: stream_state_test
[2025-01-27 18:46:22.866421] [0x00007f15cafceb80] [info]    Clearing entire store at: "/tmp/store_test_1738003582864025816"
[2025-01-27 18:46:22.866787] [0x00007f15cafceb80] [info]    Store cleared successfully
[       OK ] StoreTest.StreamStatePreservation (2 ms)
[----------] 1 test from StoreTest (2 ms total)

[----------] Global test environment tear-down
[==========] 1 test from 1 test suite ran. (2 ms total)
[  PASSED  ] 1 test.
<end of output>
Test time =   0.02 sec
----------------------------------------------------------
Test Passed.
"StoreTest.StreamStatePreservation" end time: Jan 27 18:46 UTC
"StoreTest.StreamStatePreservation" time elapsed: 00:00:00
----------------------------------------------------------

17/30 Testing: StoreTest.FileSizeRetrieval
17/30 Test: StoreTest.FileSizeRetrieval
Command: "/home/runner/workspace/build/store_tests" "--gtest_filter=StoreTest.FileSizeRetrieval" "--gtest_also_run_disabled_tests"
Directory: /home/runner/workspace/build
"StoreTest.FileSizeRetrieval" start time: Jan 27 18:46 UTC
Output:
----------------------------------------------------------
Running main() from /build/source/googletest/src/gtest_main.cc
Note: Google Test filter = StoreTest.FileSizeRetrieval
[==========] Running 1 test from 1 test suite.
[----------] Global test environment set-up.
[----------] 1 test from StoreTest
[ RUN      ] StoreTest.FileSizeRetrieval
[2025-01-27 18:46:22.890748] [0x00007fe77b4b7b80] [info]    Initializing Store with base path: /tmp/store_test_1738003582890603483
[2025-01-27 18:46:22.890785] [0x00007fe77b4b7b80] [debug]   Store directory created/verified at: /tmp/store_test_1738003582890603483
[2025-01-27 18:46:22.890796] [0x00007fe77b4b7b80] [info]    Storing data with key: size_test
[2025-01-27 18:46:22.890803] [0x00007fe77b4b7b80] [debug]   Generating hash for key: size_test
[2025-01-27 18:46:22.892671] [0x00007fe77b4b7b80] [debug]   Generated hash: d2283af70f36b068be549fdee1255a41540b931c457a992112d4cab9c89de74e
[2025-01-27 18:46:22.892728] [0x00007fe77b4b7b80] [debug]   Calculated path: /tmp/store_test_1738003582890603483/d2/28/3a/f70f36b068be549fdee1255a41540b931c457a992112d4cab9c89de74e
[2025-01-27 18:46:22.892810] [0x00007fe77b4b7b80] [debug]   Calculated file path: /tmp/store_test_1738003582890603483/d2/28/3a/f70f36b068be549fdee1255a41540b931c457a992112d4cab9c89de74e
[2025-01-27 18:46:22.892870] [0x00007fe77b4b7b80] [info]    Successfully stored 13 bytes with key: size_test
[2025-01-27 18:46:22.892878] [0x00007fe77b4b7b80] [debug]   Getting file size for key: size_test
[2025-01-27 18:46:22.892881] [0x00007fe77b4b7b80] [debug]   Generating hash for key: size_test
[2025-01-27 18:46:22.892888] [0x00007fe77b4b7b80] [debug]   Generated hash: d2283af70f36b068be549fdee1255a41540b931c457a992112d4cab9c89de74e
[2025-01-27 18:46:22.892894] [0x00007fe77b4b7b80] [debug]   Calculated path: /tmp/store_test_1738003582890603483/d2/28/3a/f70f36b068be549fdee1255a41540b931c457a992112d4cab9c89de74e
[2025-01-27 18:46:22.892901] [0x00007fe77b4b7b80] [debug]   File size for key size_test: 13 bytes
[2025-01-27 18:46:22.892906] [0x00007fe77b4b7b80] [info]    Storing data with key: empty_test
[2025-01-27 18:46:22.892907] [0x00007fe77b4b7b80] [debug]   Generating hash for key: empty_test
[2025-01-27 18:46:22.892911] [0x00007fe77b4b7b80] [debug]   Generated hash: f1b6800e9ca01dac557744adec3477366cbe3888d44fcabefb3078c4c069f3a8
[2025-01-27 18:46:22.892913] [0x00007fe77b4b7b80] [debug]   Calculated path: /tmp/store_test_1738003582890603483/f1/b6/80/0e9ca01dac557744adec3477366cbe3888d44fcabefb3078c4c069f3a8
[2025-01-27 18:46:22.892947] [0x00007fe77b4b7b80] [debug]   Calculated file path: /tmp/store_test_1738003582890603483/f1/b6/80/0e9ca01dac557744adec3477366cbe3888d44fcabefb3078c4c069f3a8
[2025-01-27 18:46:22.892981] [0x00007fe77b4b7b80] [debug]   Storing empty content for key: empty_test
[2025-01-27 18:46:22.892988] [0x00007fe77b4b7b80] [info]    Successfully stored 0 bytes with key: empty_test
[2025-01-27 18:46:22.892992] [0x00007fe77b4b7b80] [debug]   Getting file size for key: empty_test
[2025-01-27 18:46:22.892995] [0x00007fe77b4b7b80] [debug]   Generating hash for key: empty_test
[2025-01-27 18:46:22.893004] [0x00007fe77b4b7b80] [debug]   Generated hash: f1b6800e9ca01dac557744adec3477366cbe3888d44fcabefb3078c4c069f3a8
[2025-01-27 18:46:22.893009] [0x00007fe77b4b7b80] [debug]   Calculated path: /tmp/store_test_1738003582890603483/f1/b6/80/0e9ca01dac557744adec3477366cbe3888d44fcabefb3078c4c069f3a8
[2025-01-27 18:46:22.893044] [0x00007fe77b4b7b80] [debug]   File size for key empty_test: 0 bytes
[2025-01-27 18:46:22.893050] [0x00007fe77b4b7b80] [debug]   Getting file size for key: nonexistent_key
[2025-01-27 18:46:22.893053] [0x00007fe77b4b7b80] [debug]   Generating hash for key: nonexistent_key
[2025-01-27 18:46:22.893062] [0x00007fe77b4b7b80] [debug]   Generated hash: 5fbaf0fb39a2369c07d1aa653dd2386202abdff0c69ceb6060083b29af61fd2f
[2025-01-27 18:46:22.893068] [0x00007fe77b4b7b80] [debug]   Calculated path: /tmp/store_test_1738003582890603483/5f/ba/f0/fb39a2369c07d1aa653dd2386202abdff0c69ceb6060083b29af61fd2f
[2025-01-27 18:46:22.893085] [0x00007fe77b4b7b80] [error]   File not found: /tmp/store_test_1738003582890603483/5f/ba/f0/fb39a2369c07d1aa653dd2386202abdff0c69ceb6060083b29af61fd2f
[2025-01-27 18:46:22.893126] [0x00007fe77b4b7b80] [info]    Clearing entire store at: "/tmp/store_test_1738003582890603483"
[2025-01-27 18:46:22.893621] [0x00007fe77b4b7b80] [info]    Store cleared successfully
[       OK ] StoreTest.FileSizeRetrieval (3 ms)
[----------] 1 test from StoreTest (3 ms total)

[----------] Global test environment tear-down
[==========] 1 test from 1 test suite ran. (3 ms total)
[  PASSED  ] 1 test.
<end of output>
Test time =   0.02 sec
----------------------------------------------------------
Test Passed.
"StoreTest.FileSizeRetrieval" end time: Jan 27 18:46 UTC
"StoreTest.FileSizeRetrieval" time elapsed: 00:00:00
----------------------------------------------------------

18/30 Testing: ChannelTest.InitialState
18/30 Test: ChannelTest.InitialState
Command: "/home/runner/workspace/build/channel_tests" "--gtest_filter=ChannelTest.InitialState" "--gtest_also_run_disabled_tests"
Directory: /home/runner/workspace/build
"ChannelTest.InitialState" start time: Jan 27 18:46 UTC
Output:
----------------------------------------------------------
Running main() from /build/source/googletest/src/gtest_main.cc
Note: Google Test filter = ChannelTest.InitialState
[==========] Running 1 test from 1 test suite.
[----------] Global test environment set-up.
[----------] 1 test from ChannelTest
[ RUN      ] ChannelTest.InitialState
[       OK ] ChannelTest.InitialState (0 ms)
[----------] 1 test from ChannelTest (0 ms total)

[----------] Global test environment tear-down
[==========] 1 test from 1 test suite ran. (0 ms total)
[  PASSED  ] 1 test.
<end of output>
Test time =   0.03 sec
----------------------------------------------------------
Test Passed.
"ChannelTest.InitialState" end time: Jan 27 18:46 UTC
"ChannelTest.InitialState" time elapsed: 00:00:00
----------------------------------------------------------

19/30 Testing: ChannelTest.SingleProduceConsume
19/30 Test: ChannelTest.SingleProduceConsume
Command: "/home/runner/workspace/build/channel_tests" "--gtest_filter=ChannelTest.SingleProduceConsume" "--gtest_also_run_disabled_tests"
Directory: /home/runner/workspace/build
"ChannelTest.SingleProduceConsume" start time: Jan 27 18:46 UTC
Output:
----------------------------------------------------------
Running main() from /build/source/googletest/src/gtest_main.cc
Note: Google Test filter = ChannelTest.SingleProduceConsume
[==========] Running 1 test from 1 test suite.
[----------] Global test environment set-up.
[----------] 1 test from ChannelTest
[ RUN      ] ChannelTest.SingleProduceConsume
[2025-01-27 18:46:22.953986] [0x00007f9a32ad4c40] [debug]   Added message frame to channel. Channel size: 1
[2025-01-27 18:46:22.953993] [0x00007f9a32ad4c40] [debug]   Retrieved message frame from channel. Channel size: 0
[       OK ] ChannelTest.SingleProduceConsume (0 ms)
[----------] 1 test from ChannelTest (0 ms total)

[----------] Global test environment tear-down
[==========] 1 test from 1 test suite ran. (0 ms total)
[  PASSED  ] 1 test.
<end of output>
Test time =   0.02 sec
----------------------------------------------------------
Test Passed.
"ChannelTest.SingleProduceConsume" end time: Jan 27 18:46 UTC
"ChannelTest.SingleProduceConsume" time elapsed: 00:00:00
----------------------------------------------------------

20/30 Testing: ChannelTest.MultipleMessages
20/30 Test: ChannelTest.MultipleMessages
Command: "/home/runner/workspace/build/channel_tests" "--gtest_filter=ChannelTest.MultipleMessages" "--gtest_also_run_disabled_tests"
Directory: /home/runner/workspace/build
"ChannelTest.MultipleMessages" start time: Jan 27 18:46 UTC
Output:
----------------------------------------------------------
Running main() from /build/source/googletest/src/gtest_main.cc
Note: Google Test filter = ChannelTest.MultipleMessages
[==========] Running 1 test from 1 test suite.
[----------] Global test environment set-up.
[----------] 1 test from ChannelTest
[ RUN      ] ChannelTest.MultipleMessages
[2025-01-27 18:46:22.988546] [0x00007f5cb2e4ec40] [debug]   Added message frame to channel. Channel size: 1
[2025-01-27 18:46:22.988555] [0x00007f5cb2e4ec40] [debug]   Added message frame to channel. Channel size: 2
[2025-01-27 18:46:22.988559] [0x00007f5cb2e4ec40] [debug]   Added message frame to channel. Channel size: 3
[2025-01-27 18:46:22.988644] [0x00007f5cb2e4ec40] [debug]   Added message frame to channel. Channel size: 4
[2025-01-27 18:46:22.988655] [0x00007f5cb2e4ec40] [debug]   Added message frame to channel. Channel size: 5
[2025-01-27 18:46:22.988660] [0x00007f5cb2e4ec40] [debug]   Retrieved message frame from channel. Channel size: 4
[2025-01-27 18:46:22.988663] [0x00007f5cb2e4ec40] [debug]   Retrieved message frame from channel. Channel size: 3
[2025-01-27 18:46:22.988665] [0x00007f5cb2e4ec40] [debug]   Retrieved message frame from channel. Channel size: 2
[2025-01-27 18:46:22.988667] [0x00007f5cb2e4ec40] [debug]   Retrieved message frame from channel. Channel size: 1
[2025-01-27 18:46:22.988670] [0x00007f5cb2e4ec40] [debug]   Retrieved message frame from channel. Channel size: 0
[       OK ] ChannelTest.MultipleMessages (0 ms)
[----------] 1 test from ChannelTest (0 ms total)

[----------] Global test environment tear-down
[==========] 1 test from 1 test suite ran. (0 ms total)
[  PASSED  ] 1 test.
<end of output>
Test time =   0.03 sec
----------------------------------------------------------
Test Passed.
"ChannelTest.MultipleMessages" end time: Jan 27 18:46 UTC
"ChannelTest.MultipleMessages" time elapsed: 00:00:00
----------------------------------------------------------

21/30 Testing: ChannelTest.ConsumeEmptyChannel
21/30 Test: ChannelTest.ConsumeEmptyChannel
Command: "/home/runner/workspace/build/channel_tests" "--gtest_filter=ChannelTest.ConsumeEmptyChannel" "--gtest_also_run_disabled_tests"
Directory: /home/runner/workspace/build
"ChannelTest.ConsumeEmptyChannel" start time: Jan 27 18:46 UTC
Output:
----------------------------------------------------------
Running main() from /build/source/googletest/src/gtest_main.cc
Note: Google Test filter = ChannelTest.ConsumeEmptyChannel
[==========] Running 1 test from 1 test suite.
[----------] Global test environment set-up.
[----------] 1 test from ChannelTest
[ RUN      ] ChannelTest.ConsumeEmptyChannel
[       OK ] ChannelTest.ConsumeEmptyChannel (0 ms)
[----------] 1 test from ChannelTest (0 ms total)

[----------] Global test environment tear-down
[==========] 1 test from 1 test suite ran. (0 ms total)
[  PASSED  ] 1 test.
<end of output>
Test time =   0.02 sec
----------------------------------------------------------
Test Passed.
"ChannelTest.ConsumeEmptyChannel" end time: Jan 27 18:46 UTC
"ChannelTest.ConsumeEmptyChannel" time elapsed: 00:00:00
----------------------------------------------------------

22/30 Testing: ChannelTest.ConcurrentProducersConsumers
22/30 Test: ChannelTest.ConcurrentProducersConsumers
Command: "/home/runner/workspace/build/channel_tests" "--gtest_filter=ChannelTest.ConcurrentProducersConsumers" "--gtest_also_run_disabled_tests"
Directory: /home/runner/workspace/build
"ChannelTest.ConcurrentProducersConsumers" start time: Jan 27 18:46 UTC
Output:
----------------------------------------------------------
Running main() from /build/source/googletest/src/gtest_main.cc
Note: Google Test filter = ChannelTest.ConcurrentProducersConsumers
[==========] Running 1 test from 1 test suite.
[----------] Global test environment set-up.
[----------] 1 test from ChannelTest
[ RUN      ] ChannelTest.ConcurrentProducersConsumers
[2025-01-27 18:46:23.034274] [0x00007ffb4b8096c0] [debug]   Added message frame to channel. Channel size: 1
[2025-01-27 18:46:23.034556] [0x00007ffb488036c0] [debug]   Retrieved message frame from channel. Channel size: 0
[2025-01-27 18:46:23.034630] [0x00007ffb4b8096c0] [debug]   Added message frame to channel. Channel size: 1
[2025-01-27 18:46:23.034647] [0x00007ffb488036c0] [debug]   Retrieved message frame from channel. Channel size: 0
[2025-01-27 18:46:23.034713] [0x00007ffb4b8096c0] [debug]   Added message frame to channel. Channel size: 1
[2025-01-27 18:46:23.034723] [0x00007ffb488036c0] [debug]   Retrieved message frame from channel. Channel size: 0
[2025-01-27 18:46:23.034862] [0x00007ffb4b8096c0] [debug]   Added message frame to channel. Channel size: 1
[2025-01-27 18:46:23.034916] [0x00007ffb43fff6c0] [debug]   Retrieved message frame from channel. Channel size: 0
[2025-01-27 18:46:23.034991] [0x00007ffb4b8096c0] [debug]   Added message frame to channel. Channel size: 1
[2025-01-27 18:46:23.035008] [0x00007ffb488036c0] [debug]   Retrieved message frame from channel. Channel size: 0
[2025-01-27 18:46:23.035115] [0x00007ffb4b8096c0] [debug]   Added message frame to channel. Channel size: 1
[2025-01-27 18:46:23.035245] [0x00007ffb43fff6c0] [debug]   Retrieved message frame from channel. Channel size: 0
[2025-01-27 18:46:23.035327] [0x00007ffb4b8096c0] [debug]   Added message frame to channel. Channel size: 1
[2025-01-27 18:46:23.035375] [0x00007ffb498056c0] [debug]   Retrieved message frame from channel. Channel size: 0
[2025-01-27 18:46:23.035500] [0x00007ffb4b8096c0] [debug]   Added message frame to channel. Channel size: 1
[2025-01-27 18:46:23.035523] [0x00007ffb488036c0] [debug]   Retrieved message frame from channel. Channel size: 0
[2025-01-27 18:46:23.035637] [0x00007ffb4b8096c0] [debug]   Added message frame to channel. Channel size: 1
[2025-01-27 18:46:23.035661] [0x00007ffb4a0066c0] [debug]   Added message frame to channel. Channel size: 2
[...]
[2025-01-27 18:46:24.531958] [0x00007f9d7ff836c0] [debug]   Handshake complete for peer: 2
[2025-01-27 18:46:24.531977] [0x00007f9d7ff836c0] [debug]   Creating new socket for incoming connection
[2025-01-27 18:46:24.531999] [0x00007f9d7f7826c0] [info]    Initializing Codec with key of size: 32
[2025-01-27 18:46:24.532008] [0x00007f9d7f7826c0] [debug]   Constructing TCP_Peer
[2025-01-27 18:46:24.532012] [0x00007f9d7f7826c0] [debug]   Input stream initialized
[2025-01-27 18:46:24.532015] [0x00007f9d7f7826c0] [info]    TCP_Peer instance created successfully
[2025-01-27 18:46:24.532019] [0x00007f9d7f7826c0] [info]    Added peer with ID: 1
[2025-01-27 18:46:24.532022] [0x00007f9d7f7826c0] [debug]   Setting stream processor
[2025-01-27 18:46:24.532024] [0x00007f9d7f7826c0] [debug]   Stream processor configured
[2025-01-27 18:46:24.532027] [0x00007f9d7f7826c0] [debug]   Attempting to start stream processing
[2025-01-27 18:46:24.532076] [0x00007f9d7f7826c0] [info]    Stream processing started successfully
[2025-01-27 18:46:24.532086] [0x00007f9d7f7826c0] [info]    Accepted and initialized new connection from peer: 1
[2025-01-27 18:46:24.532090] [0x00007f9d7f7826c0] [debug]   Creating new socket for incoming connection
[2025-01-27 18:46:24.532094] [0x00007f9d7f7826c0] [info]    Bootstrap program: Bootstrap successfully started
[2025-01-27 18:46:24.533549] [0x00007f9d7df7f6c0] [debug]   Setting up stream processing
[2025-01-27 18:46:24.533563] [0x00007f9d7df7f6c0] [trace]   Setting up next async read
[2025-01-27 18:46:25.530943] [0x00007f9d8078ad80] [info]    Bootstrap program: Initiating shutdown sequence
[2025-01-27 18:46:25.531015] [0x00007f9d8078ad80] [debug]   Bootstrap program: Shutting down File Server
[2025-01-27 18:46:25.531022] [0x00007f9d8078ad80] [debug]   Bootstrap program: Shutting down Peer Manager
[2025-01-27 18:46:25.531026] [0x00007f9d8078ad80] [info]    Initiating PeerManager shutdown
[2025-01-27 18:46:25.531029] [0x00007f9d8078ad80] [debug]   Stopping stream processing
[2025-01-27 18:46:25.531064] [0x00007f9d7df7f6c0] [info]    Stream processing stopped
[2025-01-27 18:46:25.531145] [0x00007f9d8078ad80] [debug]   Processing thread joined
[2025-01-27 18:46:25.531167] [0x00007f9d8078ad80] [info]    Stream processing stopped
[2025-01-27 18:46:25.531245] [0x00007f9d8078ad80] [info]    Successfully disconnected peer: 1
[2025-01-27 18:46:25.531256] [0x00007f9d8078ad80] [debug]   Disconnected peer: 
[2025-01-27 18:46:25.531259] [0x00007f9d8078ad80] [info]    PeerManager shutdown complete
[2025-01-27 18:46:25.531261] [0x00007f9d8078ad80] [debug]   Bootstrap program: Shutting down TCP Server
[2025-01-27 18:46:25.531265] [0x00007f9d8078ad80] [info]    Initiating server shutdown
[2025-01-27 18:46:25.531272] [0x00007f9d7ff836c0] [error]   Read error: End of file
[2025-01-27 18:46:25.531284] [0x00007f9d7ff836c0] [trace]   Setting up next async read
[2025-01-27 18:46:25.531292] [0x00007f9d7ef816c0] [error]   Accept error: Operation canceled
[2025-01-27 18:46:25.531304] [0x00007f9d7ef816c0] [error]   Accept error: Operation canceled
[2025-01-27 18:46:25.531357] [0x00007f9d8078ad80] [info]    Server shutdown complete
[2025-01-27 18:46:25.531380] [0x00007f9d8078ad80] [debug]   Bootstrap program: Shutting down Channel
[2025-01-27 18:46:25.531385] [0x00007f9d8078ad80] [info]    Bootstrap program: Shutdown complete
[2025-01-27 18:46:25.531388] [0x00007f9d8078ad80] [info]    Bootstrap program: Initiating shutdown sequence
[2025-01-27 18:46:25.531391] [0x00007f9d8078ad80] [debug]   Bootstrap program: Shutting down File Server
[2025-01-27 18:46:25.531393] [0x00007f9d8078ad80] [debug]   Bootstrap program: Shutting down Peer Manager
[2025-01-27 18:46:25.531396] [0x00007f9d8078ad80] [info]    Initiating PeerManager shutdown
[2025-01-27 18:46:25.531399] [0x00007f9d8078ad80] [debug]   Stopping stream processing
[2025-01-27 18:46:25.531420] [0x00007f9d7e7806c0] [info]    Stream processing stopped
[2025-01-27 18:46:25.531468] [0x00007f9d8078ad80] [debug]   Processing thread joined
[2025-01-27 18:46:25.531474] [0x00007f9d8078ad80] [info]    Stream processing stopped
[2025-01-27 18:46:25.531511] [0x00007f9d8078ad80] [info]    Successfully disconnected peer: 2
[2025-01-27 18:46:25.531518] [0x00007f9d8078ad80] [debug]   Disconnected peer: 
[2025-01-27 18:46:25.531521] [0x00007f9d8078ad80] [info]    PeerManager shutdown complete
[2025-01-27 18:46:25.531524] [0x00007f9d8078ad80] [debug]   Bootstrap program: Shutting down TCP Server
[2025-01-27 18:46:25.531527] [0x00007f9d8078ad80] [info]    Initiating server shutdown
[2025-01-27 18:46:25.531546] [0x00007f9d7ff836c0] [error]   Accept error: Operation canceled
[2025-01-27 18:46:25.531609] [0x00007f9d8078ad80] [info]    Server shutdown complete
[2025-01-27 18:46:25.531628] [0x00007f9d8078ad80] [debug]   Bootstrap program: Shutting down Channel
[2025-01-27 18:46:25.531634] [0x00007f9d8078ad80] [info]    Bootstrap program: Shutdown complete
[       OK ] BootstrapTest.PeerConnection (2002 ms)
[----------] 1 test from BootstrapTest (2002 ms total)

[----------] Global test environment tear-down
[==========] 1 test from 1 test suite ran. (2002 ms total)
[  PASSED  ] 1 test.
<end of output>
Test time =   2.03 sec
----------------------------------------------------------
Test Passed.
"BootstrapTest.PeerConnection" end time: Jan 27 18:46 UTC
"BootstrapTest.PeerConnection" time elapsed: 00:00:02
----------------------------------------------------------

30/30 Testing: BootstrapTest.DuplicatePeerConnection
30/30 Test: BootstrapTest.DuplicatePeerConnection
Command: "/home/runner/workspace/build/bootstrap_tests" "--gtest_filter=BootstrapTest.DuplicatePeerConnection" "--gtest_also_run_disabled_tests"
Directory: /home/runner/workspace/build
"BootstrapTest.DuplicatePeerConnection" start time: Jan 27 18:46 UTC
Output:
----------------------------------------------------------
Running main() from /build/source/googletest/src/gtest_main.cc
Note: Google Test filter = BootstrapTest.DuplicatePeerConnection
[==========] Running 1 test from 1 test suite.
[----------] Global test environment set-up.
[----------] 1 test from BootstrapTest
[ RUN      ] BootstrapTest.DuplicatePeerConnection
[2025-01-27 18:46:25.551672] [0x00007f8182a73d80] [info]    Initializing Bootstrap with ID: 1
[2025-01-27 18:46:25.551696] [0x00007f8182a73d80] [debug]   Bootstrap program: Channel created successfully
[2025-01-27 18:46:25.551710] [0x00007f8182a73d80] [info]    Initializing TCP server  on 127.0.0.1:3001
[2025-01-27 18:46:25.551722] [0x00007f8182a73d80] [debug]   Bootstrap program: TCP Server created successfully
[2025-01-27 18:46:25.551739] [0x00007f8182a73d80] [info]    PeerManager initialized with key size: 32 bytes
[2025-01-27 18:46:25.551750] [0x00007f8182a73d80] [debug]   Bootstrap program: Peer Manager created successfully
[2025-01-27 18:46:25.551760] [0x00007f8182a73d80] [info]    PeerManager set for TCP server 
[2025-01-27 18:46:25.551778] [0x00007f8182a73d80] [info]    Initializing FileServer with ID: 1
[2025-01-27 18:46:25.551809] [0x00007f8182a73d80] [info]    Initializing Store with base path: fileserver_1
[2025-01-27 18:46:25.551829] [0x00007f8182a73d80] [debug]   Store directory created/verified at: fileserver_1
[2025-01-27 18:46:25.551844] [0x00007f8182a73d80] [info]    Initializing Codec with key of size: 32
[2025-01-27 18:46:25.551857] [0x00007f8182a73d80] [info]    FileServer initialization complete
[2025-01-27 18:46:25.551867] [0x00007f8182a73d80] [debug]   Bootstrap program: File Server created successfully
[2025-01-27 18:46:25.551879] [0x00007f8182a73d80] [info]    Bootstrap program: Successfully created all components
[2025-01-27 18:46:25.551892] [0x00007f8182a73d80] [info]    Initializing Bootstrap with ID: 2
[2025-01-27 18:46:25.551905] [0x00007f8182a73d80] [debug]   Bootstrap program: Channel created successfully
[2025-01-27 18:46:25.551919] [0x00007f8182a73d80] [info]    Initializing TCP server  on 127.0.0.1:3002
[2025-01-27 18:46:25.551937] [0x00007f8182a73d80] [debug]   Bootstrap program: TCP Server created successfully
[2025-01-27 18:46:25.551952] [0x00007f8182a73d80] [info]    PeerManager initialized with key size: 32 bytes
[2025-01-27 18:46:25.551965] [0x00007f8182a73d80] [debug]   Bootstrap program: Peer Manager created successfully
[2025-01-27 18:46:25.551995] [0x00007f8182a73d80] [info]    PeerManager set for TCP server 
[2025-01-27 18:46:25.551999] [0x00007f8182a73d80] [info]    Initializing FileServer with ID: 2
[2025-01-27 18:46:25.552003] [0x00007f8182a73d80] [info]    Initializing Store with base path: fileserver_2
[2025-01-27 18:46:25.552009] [0x00007f8182a73d80] [debug]   Store directory created/verified at: fileserver_2
[2025-01-27 18:46:25.552013] [0x00007f8182a73d80] [info]    Initializing Codec with key of size: 32
[2025-01-27 18:46:25.552017] [0x00007f8182a73d80] [info]    FileServer initialization complete
[2025-01-27 18:46:25.552020] [0x00007f8182a73d80] [debug]   Bootstrap program: File Server created successfully
[2025-01-27 18:46:25.552022] [0x00007f8182a73d80] [info]    Bootstrap program: Successfully created all components
[2025-01-27 18:46:25.552148] [0x00007f8182a6d6c0] [debug]   Endpoint created
[2025-01-27 18:46:25.552164] [0x00007f8182a6d6c0] [debug]   Acceptor created
[2025-01-27 18:46:25.553545] [0x00007f8182a6d6c0] [debug]   Starting to accept connections
[2025-01-27 18:46:25.553558] [0x00007f8182a6d6c0] [debug]   Creating new socket for incoming connection
[2025-01-27 18:46:25.553572] [0x00007f8182a6d6c0] [debug]   Starting IO context
[2025-01-27 18:46:25.553633] [0x00007f8182a6d6c0] [info]    Server started successfully on 127.0.0.1:3001
[2025-01-27 18:46:25.553640] [0x00007f8182a6d6c0] [info]    Bootstrap program: Bootstrap successfully started
[2025-01-27 18:46:26.553138] [0x00007f8181a6b6c0] [debug]   Endpoint created
[2025-01-27 18:46:26.553158] [0x00007f8181a6b6c0] [debug]   Acceptor created
[2025-01-27 18:46:26.554185] [0x00007f8181a6b6c0] [debug]   Starting to accept connections
[2025-01-27 18:46:26.554198] [0x00007f8181a6b6c0] [debug]   Creating new socket for incoming connection
[2025-01-27 18:46:26.554290] [0x00007f8181a6b6c0] [debug]   Starting IO context
[2025-01-27 18:46:26.554350] [0x00007f8181a6b6c0] [info]    Server started successfully on 127.0.0.1:3002
[2025-01-27 18:46:26.554361] [0x00007f8181a6b6c0] [info]    Bootstrap program: Connecting to bootstrap nodes...
[2025-01-27 18:46:26.554366] [0x00007f8181a6b6c0] [info]    Resolving address to endpoints
[2025-01-27 18:46:26.554387] [0x00007f8181a6b6c0] [info]    Attempting to connect to 127.0.0.1:3001
[2025-01-27 18:46:26.554471] [0x00007f8181a6b6c0] [info]    Successfully connected to 127.0.0.1:3001
[2025-01-27 18:46:26.554488] [0x00007f8181a6b6c0] [debug]   Initiating handshake request
[2025-01-27 18:46:26.554492] [0x00007f8181a6b6c0] [debug]   Starting to send ID
[2025-01-27 18:46:26.554516] [0x00007f8181a6b6c0] [info]    Sent ID: 2
[2025-01-27 18:46:26.554529] [0x00007f8181a6b6c0] [debug]   Starting to read ID
[2025-01-27 18:46:26.554601] [0x00007f818226c6c0] [debug]   Calling receive_handshake for incoming connection
[2025-01-27 18:46:26.554626] [0x00007f818226c6c0] [debug]   Receiving handshake request
[2025-01-27 18:46:26.554634] [0x00007f818226c6c0] [debug]   Starting to read ID
[2025-01-27 18:46:26.554657] [0x00007f818226c6c0] [info]    Received ID: 2
[2025-01-27 18:46:26.554673] [0x00007f818226c6c0] [debug]   Preparing to send ID back to peer: 1
[2025-01-27 18:46:26.554684] [0x00007f818226c6c0] [debug]   Starting to send ID
[2025-01-27 18:46:26.554719] [0x00007f818226c6c0] [info]    Sent ID: 1
[2025-01-27 18:46:26.554738] [0x00007f818226c6c0] [debug]   Successfully sent ID back to peer
[2025-01-27 18:46:26.554748] [0x00007f8181a6b6c0] [info]    Received ID: 1
[2025-01-27 18:46:26.554767] [0x00007f8181a6b6c0] [debug]   Creating new peer with ID: 1
[2025-01-27 18:46:26.554789] [0x00007f8181a6b6c0] [info]    Initializing Codec with key of size: 32
[2025-01-27 18:46:26.554793] [0x00007f8181a6b6c0] [debug]   Constructing TCP_Peer
[2025-01-27 18:46:26.554796] [0x00007f8181a6b6c0] [debug]   Input stream initialized
[2025-01-27 18:46:26.554799] [0x00007f8181a6b6c0] [info]    TCP_Peer instance created successfully
[2025-01-27 18:46:26.554803] [0x00007f8181a6b6c0] [info]    Added peer with ID: 1
[2025-01-27 18:46:26.554807] [0x00007f8181a6b6c0] [debug]   Setting stream processor
[2025-01-27 18:46:26.554809] [0x00007f8181a6b6c0] [debug]   Stream processor configured
[2025-01-27 18:46:26.554812] [0x00007f8181a6b6c0] [debug]   Attempting to start stream processing
[2025-01-27 18:46:26.554873] [0x00007f8181a6b6c0] [info]    Stream processing started successfully
[2025-01-27 18:46:26.554878] [0x00007f8181a6b6c0] [info]    Accepted and initialized new connection from peer: 1
[2025-01-27 18:46:26.554881] [0x00007f8181a6b6c0] [debug]   Creating new socket for incoming connection
[2025-01-27 18:46:26.554885] [0x00007f8181a6b6c0] [info]    Bootstrap program: Bootstrap successfully started
[2025-01-27 18:46:26.555086] [0x00007f818226c6c0] [debug]   Creating new peer with ID: 2
[2025-01-27 18:46:26.555115] [0x00007f818226c6c0] [info]    Initializing Codec with key of size: 32
[2025-01-27 18:46:26.555121] [0x00007f818226c6c0] [debug]   Constructing TCP_Peer
[2025-01-27 18:46:26.555123] [0x00007f818226c6c0] [debug]   Input stream initialized
[2025-01-27 18:46:26.555125] [0x00007f818226c6c0] [info]    TCP_Peer instance created successfully
[2025-01-27 18:46:26.555156] [0x00007f8180a696c0] [debug]   Setting up stream processing
[2025-01-27 18:46:26.555164] [0x00007f8180a696c0] [trace]   Setting up next async read
[2025-01-27 18:46:26.555210] [0x00007f818226c6c0] [info]    Added peer with ID: 2
[2025-01-27 18:46:26.555214] [0x00007f818226c6c0] [debug]   Setting stream processor
[2025-01-27 18:46:26.555215] [0x00007f818226c6c0] [debug]   Stream processor configured
[2025-01-27 18:46:26.555217] [0x00007f818226c6c0] [debug]   Attempting to start stream processing
[2025-01-27 18:46:26.555264] [0x00007f818226c6c0] [info]    Stream processing started successfully
[2025-01-27 18:46:26.555267] [0x00007f818226c6c0] [info]    Accepted and initialized new connection from peer: 2
[2025-01-27 18:46:26.555269] [0x00007f818226c6c0] [debug]   Creating new socket for incoming connection
[2025-01-27 18:46:26.555279] [0x00007f818226c6c0] [debug]   Handshake complete for peer: 2
[2025-01-27 18:46:26.555282] [0x00007f818226c6c0] [debug]   Creating new socket for incoming connection
[2025-01-27 18:46:26.555328] [0x00007f817bfff6c0] [debug]   Setting up stream processing
[2025-01-27 18:46:26.555353] [0x00007f817bfff6c0] [trace]   Setting up next async read
[2025-01-27 18:46:27.553141] [0x00007f8182a73d80] [info]    Bootstrap program: Connecting to bootstrap nodes...
[2025-01-27 18:46:27.553163] [0x00007f8182a73d80] [info]    Resolving address to endpoints
[2025-01-27 18:46:27.553173] [0x00007f8182a73d80] [info]    Attempting to connect to 127.0.0.1:3001
[2025-01-27 18:46:27.553263] [0x00007f8182a73d80] [info]    Successfully connected to 127.0.0.1:3001
[2025-01-27 18:46:27.553268] [0x00007f8182a73d80] [debug]   Initiating handshake request
[2025-01-27 18:46:27.553270] [0x00007f8182a73d80] [debug]   Starting to send ID
[2025-01-27 18:46:27.553284] [0x00007f8182a73d80] [info]    Sent ID: 2
[2025-01-27 18:46:27.553289] [0x00007f8182a73d80] [debug]   Starting to read ID
[2025-01-27 18:46:27.553312] [0x00007f818226c6c0] [debug]   Calling receive_handshake for incoming connection
[2025-01-27 18:46:27.553321] [0x00007f818226c6c0] [debug]   Receiving handshake request
[2025-01-27 18:46:27.553323] [0x00007f818226c6c0] [debug]   Starting to read ID
[2025-01-27 18:46:27.553328] [0x00007f818226c6c0] [info]    Received ID: 2
[2025-01-27 18:46:27.553330] [0x00007f818226c6c0] [warning] Peer 2 already exists
[2025-01-27 18:46:27.553352] [0x00007f818226c6c0] [debug]   Creating new socket for incoming connection
[2025-01-27 18:46:27.553412] [0x00007f8182a73d80] [error]   Failed to read ID: read: End of file [asio.misc:2]
[2025-01-27 18:46:27.553426] [0x00007f8182a73d80] [error]   Handshake failed: read: End of file [asio.misc:2]
[2025-01-27 18:46:27.553454] [0x00007f8182a73d80] [info]    Bootstrap program: Initiating shutdown sequence
[2025-01-27 18:46:27.553459] [0x00007f8182a73d80] [debug]   Bootstrap program: Shutting down File Server
[2025-01-27 18:46:27.553461] [0x00007f8182a73d80] [debug]   Bootstrap program: Shutting down Peer Manager
[2025-01-27 18:46:27.553463] [0x00007f8182a73d80] [info]    Initiating PeerManager shutdown
[2025-01-27 18:46:27.553465] [0x00007f8182a73d80] [debug]   Stopping stream processing
[2025-01-27 18:46:27.553482] [0x00007f8180a696c0] [info]    Stream processing stopped
[2025-01-27 18:46:27.553530] [0x00007f8182a73d80] [debug]   Processing thread joined
[2025-01-27 18:46:27.553539] [0x00007f8182a73d80] [info]    Stream processing stopped
[2025-01-27 18:46:27.553575] [0x00007f818226c6c0] [error]   Read error: End of file
[2025-01-27 18:46:27.553585] [0x00007f818226c6c0] [trace]   Setting up next async read
[2025-01-27 18:46:27.553593] [0x00007f8182a73d80] [info]    Successfully disconnected peer: 1
[2025-01-27 18:46:27.553601] [0x00007f8182a73d80] [debug]   Disconnected peer: 
[2025-01-27 18:46:27.553604] [0x00007f8182a73d80] [info]    PeerManager shutdown complete
[2025-01-27 18:46:27.553607] [0x00007f8182a73d80] [debug]   Bootstrap program: Shutting down TCP Server
[2025-01-27 18:46:27.553610] [0x00007f8182a73d80] [info]    Initiating server shutdown
[2025-01-27 18:46:27.553650] [0x00007f8182a73d80] [info]    Server shutdown complete
[2025-01-27 18:46:27.553677] [0x00007f8182a73d80] [debug]   Bootstrap program: Shutting down Channel
[2025-01-27 18:46:27.553682] [0x00007f8182a73d80] [info]    Bootstrap program: Shutdown complete
[2025-01-27 18:46:27.553685] [0x00007f8182a73d80] [info]    Bootstrap program: Initiating shutdown sequence
[2025-01-27 18:46:27.553687] [0x00007f8182a73d80] [debug]   Bootstrap program: Shutting down File Server
[2025-01-27 18:46:27.553690] [0x00007f8182a73d80] [debug]   Bootstrap program: Shutting down Peer Manager
[2025-01-27 18:46:27.553692] [0x00007f8182a73d80] [info]    Initiating PeerManager shutdown
[2025-01-27 18:46:27.553695] [0x00007f8182a73d80] [debug]   Stopping stream processing
[2025-01-27 18:46:27.553724] [0x00007f817bfff6c0] [info]    Stream processing stopped
[2025-01-27 18:46:27.553785] [0x00007f8182a73d80] [debug]   Processing thread joined
[2025-01-27 18:46:27.553791] [0x00007f8182a73d80] [info]    Stream processing stopped
[2025-01-27 18:46:27.553831] [0x00007f8182a73d80] [info]    Successfully disconnected peer: 2
[2025-01-27 18:46:27.553837] [0x00007f8182a73d80] [debug]   Disconnected peer: 
[2025-01-27 18:46:27.553840] [0x00007f8182a73d80] [info]    PeerManager shutdown complete
[2025-01-27 18:46:27.553842] [0x00007f8182a73d80] [debug]   Bootstrap program: Shutting down TCP Server
[2025-01-27 18:46:27.553845] [0x00007f8182a73d80] [info]    Initiating server shutdown
[2025-01-27 18:46:27.553898] [0x00007f8182a73d80] [info]    Server shutdown complete
[2025-01-27 18:46:27.553915] [0x00007f8182a73d80] [debug]   Bootstrap program: Shutting down Channel
[2025-01-27 18:46:27.553920] [0x00007f8182a73d80] [info]    Bootstrap program: Shutdown complete
[       OK ] BootstrapTest.DuplicatePeerConnection (2002 ms)
[----------] 1 test from BootstrapTest (2002 ms total)

[----------] Global test environment tear-down
[==========] 1 test from 1 test suite ran. (2002 ms total)
[  PASSED  ] 1 test.
<end of output>
Test time =   2.02 sec
----------------------------------------------------------
Test Passed.
"BootstrapTest.DuplicatePeerConnection" end time: Jan 27 18:46 UTC
"BootstrapTest.DuplicatePeerConnection" time elapsed: 00:00:02
----------------------------------------------------------

End testing: Jan 27 18:46 UTC
