Start testing: Jan 29 18:30 UTC
----------------------------------------------------------
1/31 Testing: CryptoStreamTest.BasicStreamOperation
1/31 Test: CryptoStreamTest.BasicStreamOperation
Command: "/home/runner/workspace/build/crypto_tests" "--gtest_filter=CryptoStreamTest.BasicStreamOperation" "--gtest_also_run_disabled_tests"
Directory: /home/runner/workspace/build
"CryptoStreamTest.BasicStreamOperation" start time: Jan 29 18:30 UTC
Output:
----------------------------------------------------------
Running main() from /build/source/googletest/src/gtest_main.cc
Note: Google Test filter = CryptoStreamTest.BasicStreamOperation
[==========] Running 1 test from 1 test suite.
[----------] Global test environment set-up.
[----------] 1 test from CryptoStreamTest
[ RUN      ] CryptoStreamTest.BasicStreamOperation
[2025-01-29 18:30:50.260216] [0x00007f6edf184b80] [info]    Initializing CryptoStream
[2025-01-29 18:30:50.260338] [0x00007f6edf184b80] [debug]   CryptoStream initialization complete
[2025-01-29 18:30:50.260347] [0x00007f6edf184b80] [info]    Initializing crypto parameters
[2025-01-29 18:30:50.260349] [0x00007f6edf184b80] [debug]   Crypto parameters initialized successfully
[2025-01-29 18:30:50.260354] [0x00007f6edf184b80] [info]    Starting stream encryption
[2025-01-29 18:30:50.260357] [0x00007f6edf184b80] [debug]   Initializing cipher for encryption
[2025-01-29 18:30:50.262218] [0x00007f6edf184b80] [debug]   Cipher initialization complete
[2025-01-29 18:30:50.262234] [0x00007f6edf184b80] [debug]   Processing block 0: Read 50 bytes (total processed so far: 0)
[2025-01-29 18:30:50.262238] [0x00007f6edf184b80] [trace]   Encrypting block 0 of size 50
[2025-01-29 18:30:50.262245] [0x00007f6edf184b80] [debug]   Encrypted block 0 produced 48 bytes
[2025-01-29 18:30:50.262250] [0x00007f6edf184b80] [debug]   Finalizing encryption after 1 blocks
[2025-01-29 18:30:50.262254] [0x00007f6edf184b80] [debug]   Writing final block of size 16
[2025-01-29 18:30:50.262257] [0x00007f6edf184b80] [info]    Completed encryption: Processed 64 bytes in 1 blocks
[2025-01-29 18:30:50.262261] [0x00007f6edf184b80] [info]    Starting stream decryption
[2025-01-29 18:30:50.262280] [0x00007f6edf184b80] [debug]   Initializing cipher for decryption
[2025-01-29 18:30:50.262286] [0x00007f6edf184b80] [debug]   Cipher initialization complete
[2025-01-29 18:30:50.262290] [0x00007f6edf184b80] [debug]   Processing block 0: Read 64 bytes (total processed so far: 0)
[2025-01-29 18:30:50.262294] [0x00007f6edf184b80] [trace]   Decrypting block 0 of size 64
[2025-01-29 18:30:50.262299] [0x00007f6edf184b80] [debug]   Decrypted block 0 produced 48 bytes
[2025-01-29 18:30:50.262306] [0x00007f6edf184b80] [debug]   Finalizing decryption after 1 blocks
[2025-01-29 18:30:50.262310] [0x00007f6edf184b80] [debug]   Writing final block of size 2
[2025-01-29 18:30:50.262313] [0x00007f6edf184b80] [info]    Completed decryption: Processed 50 bytes in 1 blocks
[2025-01-29 18:30:50.262319] [0x00007f6edf184b80] [debug]   Cleaning up CryptoStream resources
[       OK ] CryptoStreamTest.BasicStreamOperation (2 ms)
[----------] 1 test from CryptoStreamTest (2 ms total)

[----------] Global test environment tear-down
[==========] 1 test from 1 test suite ran. (2 ms total)
[  PASSED  ] 1 test.
<end of output>
Test time =   0.02 sec
----------------------------------------------------------
Test Passed.
"CryptoStreamTest.BasicStreamOperation" end time: Jan 29 18:30 UTC
"CryptoStreamTest.BasicStreamOperation" time elapsed: 00:00:00
----------------------------------------------------------

2/31 Testing: CryptoStreamTest.UninitializedError
2/31 Test: CryptoStreamTest.UninitializedError
Command: "/home/runner/workspace/build/crypto_tests" "--gtest_filter=CryptoStreamTest.UninitializedError" "--gtest_also_run_disabled_tests"
Directory: /home/runner/workspace/build
"CryptoStreamTest.UninitializedError" start time: Jan 29 18:30 UTC
Output:
----------------------------------------------------------
Running main() from /build/source/googletest/src/gtest_main.cc
Note: Google Test filter = CryptoStreamTest.UninitializedError
[==========] Running 1 test from 1 test suite.
[----------] Global test environment set-up.
[----------] 1 test from CryptoStreamTest
[ RUN      ] CryptoStreamTest.UninitializedError
[2025-01-29 18:30:50.279562] [0x00007f788e6fcb80] [info]    Initializing CryptoStream
[2025-01-29 18:30:50.279775] [0x00007f788e6fcb80] [debug]   CryptoStream initialization complete
[2025-01-29 18:30:50.279782] [0x00007f788e6fcb80] [info]    Initializing crypto parameters
[2025-01-29 18:30:50.279785] [0x00007f788e6fcb80] [debug]   Crypto parameters initialized successfully
[2025-01-29 18:30:50.279788] [0x00007f788e6fcb80] [info]    Initializing CryptoStream
[2025-01-29 18:30:50.279790] [0x00007f788e6fcb80] [debug]   CryptoStream initialization complete
[2025-01-29 18:30:50.279796] [0x00007f788e6fcb80] [info]    Starting stream encryption
[2025-01-29 18:30:50.279802] [0x00007f788e6fcb80] [debug]   Initializing cipher for encryption
[2025-01-29 18:30:50.279804] [0x00007f788e6fcb80] [error]   Attempted to use uninitialized CryptoStream
[2025-01-29 18:30:50.279833] [0x00007f788e6fcb80] [error]   Stream processing failed: Initialization error: CryptoStream not initialized
[2025-01-29 18:30:50.279844] [0x00007f788e6fcb80] [debug]   Cleaning up CryptoStream resources
[2025-01-29 18:30:50.279847] [0x00007f788e6fcb80] [debug]   Cleaning up CryptoStream resources
[       OK ] CryptoStreamTest.UninitializedError (0 ms)
[----------] 1 test from CryptoStreamTest (0 ms total)

[----------] Global test environment tear-down
[==========] 1 test from 1 test suite ran. (0 ms total)
[  PASSED  ] 1 test.
<end of output>
Test time =   0.02 sec
----------------------------------------------------------
Test Passed.
"CryptoStreamTest.UninitializedError" end time: Jan 29 18:30 UTC
"CryptoStreamTest.UninitializedError" time elapsed: 00:00:00
----------------------------------------------------------

3/31 Testing: CryptoStreamTest.EmptyStream
3/31 Test: CryptoStreamTest.EmptyStream
Command: "/home/runner/workspace/build/crypto_tests" "--gtest_filter=CryptoStreamTest.EmptyStream" "--gtest_also_run_disabled_tests"
Directory: /home/runner/workspace/build
"CryptoStreamTest.EmptyStream" start time: Jan 29 18:30 UTC
Output:
----------------------------------------------------------
Running main() from /build/source/googletest/src/gtest_main.cc
Note: Google Test filter = CryptoStreamTest.EmptyStream
[==========] Running 1 test from 1 test suite.
[----------] Global test environment set-up.
[----------] 1 test from CryptoStreamTest
[ RUN      ] CryptoStreamTest.EmptyStream
[2025-01-29 18:30:50.304117] [0x00007f779a252b80] [info]    Initializing CryptoStream
[2025-01-29 18:30:50.304287] [0x00007f779a252b80] [debug]   CryptoStream initialization complete
[2025-01-29 18:30:50.304298] [0x00007f779a252b80] [info]    Initializing crypto parameters
[2025-01-29 18:30:50.304302] [0x00007f779a252b80] [debug]   Crypto parameters initialized successfully
[2025-01-29 18:30:50.304309] [0x00007f779a252b80] [info]    Starting stream encryption
[2025-01-29 18:30:50.304313] [0x00007f779a252b80] [debug]   Initializing cipher for encryption
[2025-01-29 18:30:50.305932] [0x00007f779a252b80] [debug]   Cipher initialization complete
[2025-01-29 18:30:50.305944] [0x00007f779a252b80] [debug]   Processing block 0: Read 0 bytes (total processed so far: 0)
[2025-01-29 18:30:50.305948] [0x00007f779a252b80] [debug]   Reached end of input stream after 0 blocks
[2025-01-29 18:30:50.305951] [0x00007f779a252b80] [debug]   Finalizing encryption after 0 blocks
[2025-01-29 18:30:50.305958] [0x00007f779a252b80] [debug]   Writing final block of size 16
[2025-01-29 18:30:50.305962] [0x00007f779a252b80] [info]    Completed encryption: Processed 16 bytes in 0 blocks
[2025-01-29 18:30:50.305966] [0x00007f779a252b80] [info]    Starting stream decryption
[2025-01-29 18:30:50.305970] [0x00007f779a252b80] [debug]   Initializing cipher for decryption
[2025-01-29 18:30:50.305976] [0x00007f779a252b80] [debug]   Cipher initialization complete
[2025-01-29 18:30:50.305982] [0x00007f779a252b80] [debug]   Processing block 0: Read 16 bytes (total processed so far: 0)
[2025-01-29 18:30:50.305985] [0x00007f779a252b80] [trace]   Decrypting block 0 of size 16
[2025-01-29 18:30:50.305989] [0x00007f779a252b80] [debug]   Finalizing decryption after 1 blocks
[2025-01-29 18:30:50.305992] [0x00007f779a252b80] [info]    Completed decryption: Processed 0 bytes in 1 blocks
[2025-01-29 18:30:50.305996] [0x00007f779a252b80] [debug]   Cleaning up CryptoStream resources
[       OK ] CryptoStreamTest.EmptyStream (1 ms)
[----------] 1 test from CryptoStreamTest (1 ms total)

[----------] Global test environment tear-down
[==========] 1 test from 1 test suite ran. (1 ms total)
[  PASSED  ] 1 test.
<end of output>
Test time =   0.02 sec
----------------------------------------------------------
Test Passed.
"CryptoStreamTest.EmptyStream" end time: Jan 29 18:30 UTC
"CryptoStreamTest.EmptyStream" time elapsed: 00:00:00
----------------------------------------------------------

4/31 Testing: CryptoStreamTest.LargeStream
4/31 Test: CryptoStreamTest.LargeStream
Command: "/home/runner/workspace/build/crypto_tests" "--gtest_filter=CryptoStreamTest.LargeStream" "--gtest_also_run_disabled_tests"
Directory: /home/runner/workspace/build
"CryptoStreamTest.LargeStream" start time: Jan 29 18:30 UTC
Output:
----------------------------------------------------------
Running main() from /build/source/googletest/src/gtest_main.cc
Note: Google Test filter = CryptoStreamTest.LargeStream
[==========] Running 1 test from 1 test suite.
[----------] Global test environment set-up.
[----------] 1 test from CryptoStreamTest
[ RUN      ] CryptoStreamTest.LargeStream
[2025-01-29 18:30:50.320596] [0x00007f8e9d6b7b80] [info]    Initializing CryptoStream
[2025-01-29 18:30:50.320773] [0x00007f8e9d6b7b80] [debug]   CryptoStream initialization complete
[2025-01-29 18:30:50.320787] [0x00007f8e9d6b7b80] [info]    Initializing crypto parameters
[2025-01-29 18:30:50.320790] [0x00007f8e9d6b7b80] [debug]   Crypto parameters initialized successfully
[2025-01-29 18:30:50.327909] [0x00007f8e9d6b7b80] [info]    Starting stream encryption
[2025-01-29 18:30:50.327920] [0x00007f8e9d6b7b80] [debug]   Initializing cipher for encryption
[2025-01-29 18:30:50.329460] [0x00007f8e9d6b7b80] [debug]   Cipher initialization complete
[2025-01-29 18:30:50.329479] [0x00007f8e9d6b7b80] [debug]   Processing block 0: Read 8192 bytes (total processed so far: 0)
[2025-01-29 18:30:50.329483] [0x00007f8e9d6b7b80] [trace]   Encrypting block 0 of size 8192
[2025-01-29 18:30:50.329494] [0x00007f8e9d6b7b80] [debug]   Encrypted block 0 produced 8192 bytes
[2025-01-29 18:30:50.329505] [0x00007f8e9d6b7b80] [debug]   Processing block 1: Read 8192 bytes (total processed so far: 8192)
[2025-01-29 18:30:50.329507] [0x00007f8e9d6b7b80] [trace]   Encrypting block 1 of size 8192
[2025-01-29 18:30:50.329519] [0x00007f8e9d6b7b80] [debug]   Encrypted block 1 produced 8192 bytes
[2025-01-29 18:30:50.329534] [0x00007f8e9d6b7b80] [debug]   Processing block 2: Read 8192 bytes (total processed so far: 16384)
[2025-01-29 18:30:50.329536] [0x00007f8e9d6b7b80] [trace]   Encrypting block 2 of size 8192
[2025-01-29 18:30:50.329546] [0x00007f8e9d6b7b80] [debug]   Encrypted block 2 produced 8192 bytes
[2025-01-29 18:30:50.329559] [0x00007f8e9d6b7b80] [debug]   Processing block 3: Read 8192 bytes (total processed so far: 24576)
[2025-01-29 18:30:50.329563] [0x00007f8e9d6b7b80] [trace]   Encrypting block 3 of size 8192
[2025-01-29 18:30:50.329573] [0x00007f8e9d6b7b80] [debug]   Encrypted block 3 produced 8192 bytes
[2025-01-29 18:30:50.329580] [0x00007f8e9d6b7b80] [debug]   Processing block 4: Read 8192 bytes (total processed so far: 32768)
[2025-01-29 18:30:50.329581] [0x00007f8e9d6b7b80] [trace]   Encrypting block 4 of size 8192
[2025-01-29 18:30:50.329591] [0x00007f8e9d6b7b80] [debug]   Encrypted block 4 produced 8192 bytes
[2025-01-29 18:30:50.329608] [0x00007f8e9d6b7b80] [debug]   Processing block 5: Read 8192 bytes (total processed so far: 40960)
[2025-01-29 18:30:50.329613] [0x00007f8e9d6b7b80] [trace]   Encrypting block 5 of size 8192
[2025-01-29 18:30:50.329623] [0x00007f8e9d6b7b80] [debug]   Encrypted block 5 produced 8192 bytes
[2025-01-29 18:30:50.329640] [0x00007f8e9d6b7b80] [debug]   Processing block 6: Read 8192 bytes (total processed so far: 49152)
[2025-01-29 18:30:50.329647] [0x00007f8e9d6b7b80] [trace]   Encrypting block 6 of size 8192
[2025-01-29 18:30:50.329658] [0x00007f8e9d6b7b80] [debug]   Encrypted block 6 produced 8192 bytes
[2025-01-29 18:30:50.329665] [0x00007f8e9d6b7b80] [debug]   Processing block 7: Read 8192 bytes (total processed so far: 57344)
[2025-01-29 18:30:50.329667] [0x00007f8e9d6b7b80] [trace]   Encrypting block 7 of size 8192
[2025-01-29 18:30:50.329677] [0x00007f8e9d6b7b80] [debug]   Encrypted block 7 produced 8192 bytes
[2025-01-29 18:30:50.329683] [0x00007f8e9d6b7b80] [debug]   Processing block 8: Read 8192 bytes (total processed so far: 65536)
[2025-01-29 18:30:50.329685] [0x00007f8e9d6b7b80] [trace]   Encrypting block 8 of size 8192
[2025-01-29 18:30:50.329695] [0x00007f8e9d6b7b80] [debug]   Encrypted block 8 produced 8192 bytes
[2025-01-29 18:30:50.329723] [0x00007f8e9d6b7b80] [debug]   Processing block 9: Read 8192 bytes (total processed so far: 73728)
[2025-01-29 18:30:50.329728] [0x00007f8e9d6b7b80] [trace]   Encrypting block 9 of size 8192
[2025-01-29 18:30:50.329738] [0x00007f8e9d6b7b80] [debug]   Encrypted block 9 produced 8192 bytes
[2025-01-29 18:30:50.329746] [0x00007f8e9d6b7b80] [debug]   Processing block 10: Read 8192 bytes (total processed so far: 81920)
[2025-01-29 18:30:50.329748] [0x00007f8e9d6b7b80] [trace]   Encrypting block 10 of size 8192
[2025-01-29 18:30:50.329759] [0x00007f8e9d6b7b80] [debug]   Encrypted block 10 produced 8192 bytes
[2025-01-29 18:30:50.329766] [0x00007f8e9d6b7b80] [debug]   Processing block 11: Read 8192 bytes (total processed so far: 90112)
[2025-01-29 18:30:50.329767] [0x00007f8e9d6b7b80] [trace]   Encrypting block 11 of size 8192
[2025-01-29 18:30:50.329779] [0x00007f8e9d6b7b80] [debug]   Encrypted block 11 produced 8192 bytes
[2025-01-29 18:30:50.329788] [0x00007f8e9d6b7b80] [debug]   Processing block 12: Read 8192 bytes (total processed so far: 98304)
[2025-01-29 18:30:50.329790] [0x00007f8e9d6b7b80] [trace]   Encrypting block 12 of size 8192
[2025-01-29 18:30:50.329801] [0x00007f8e9d6b7b80] [debug]   Encrypted block 12 produced 8192 bytes
[2025-01-29 18:30:50.329808] [0x00007f8e9d6b7b80] [debug]   Processing block 13: Read 8192 bytes (total processed so far: 106496)
[2025-01-29 18:30:50.329810] [0x00007f8e9d6b7b80] [trace]   Encrypting block 13 of size 8192
[2025-01-29 18:30:50.329820] [0x00007f8e9d6b7b80] [debug]   Encrypted block 13 produced 8192 bytes
[2025-01-29 18:30:50.329827] [0x00007f8e9d6b7b80] [debug]   Processing block 14: Read 8192 bytes (total processed so far: 114688)
[2025-01-29 18:30:50.329829] [0x00007f8e9d6b7b80] [trace]   Encrypting block 14 of size 8192
[2025-01-29 18:30:50.329839] [0x00007f8e9d6b7b80] [debug]   Encrypted block 14 produced 8192 bytes
[2025-01-29 18:30:50.329848] [0x00007f8e9d6b7b80] [debug]   Processing block 15: Read 8192 bytes (total processed so far: 122880)
[2025-01-29 18:30:50.329852] [0x00007f8e9d6b7b80] [trace]   Encrypting block 15 of size 8192
[2025-01-29 18:30:50.329864] [0x00007f8e9d6b7b80] [debug]   Encrypted block 15 produced 8192 bytes
[2025-01-29 18:30:50.329874] [0x00007f8e9d6b7b80] [debug]   Processing block 16: Read 8192 bytes (total processed so far: 131072)
[2025-01-29 18:30:50.329877] [0x00007f8e9d6b7b80] [trace]   Encrypting block 16 of size 8192
[2025-01-29 18:30:50.329888] [0x00007f8e9d6b7b80] [debug]   Encrypted block 16 produced 8192 bytes
[2025-01-29 18:30:50.329942] [0x00007f8e9d6b7b80] [debug]   Processing block 17: Read 8192 bytes (total processed so far: 139264)
[2025-01-29 18:30:50.329947] [0x00007f8e9d6b7b80] [trace]   Encrypting block 17 of size 8192
[2025-01-29 18:30:50.329958] [0x00007f8e9d6b7b80] [debug]   Encrypted block 17 produced 8192 bytes
[2025-01-29 18:30:50.329965] [0x00007f8e9d6b7b80] [debug]   Processing block 18: Read 8192 bytes (total processed so far: 147456)
[2025-01-29 18:30:50.329966] [0x00007f8e9d6b7b80] [trace]   Encrypting block 18 of size 8192
[2025-01-29 18:30:50.329976] [0x00007f8e9d6b7b80] [debug]   Encrypted block 18 produced 8192 bytes
[2025-01-29 18:30:50.329984] [0x00007f8e9d6b7b80] [debug]   Processing block 19: Read 8192 bytes (total processed so far: 155648)
[2025-01-29 18:30:50.329985] [0x00007f8e9d6b7b80] [trace]   Encrypting block 19 of size 8192
[2025-01-29 18:30:50.329996] [0x00007f8e9d6b7b80] [debug]   Encrypted block 19 produced 8192 bytes
[2025-01-29 18:30:50.330007] [0x00007f8e9d6b7b80] [debug]   Processing block 20: Read 8192 bytes (total processed so far: 163840)
[2025-01-29 18:30:50.330010] [0x00007f8e9d6b7b80] [trace]   Encrypting block 20 of size 8192
[2025-01-29 18:30:50.330022] [0x00007f8e9d6b7b80] [debug]   Encrypted block 20 produced 8192 bytes
[2025-01-29 18:30:50.330033] [0x00007f8e9d6b7b80] [debug]   Processing block 21: Read 8192 bytes (total processed so far: 172032)
[2025-01-29 18:30:50.330037] [0x00007f8e9d6b7b80] [trace]   Encrypting block 21 of size 8192
[2025-01-29 18:30:50.330053] [0x00007f8e9d6b7b80] [debug]   Encrypted block 21 produced 8192 bytes
[2025-01-29 18:30:50.330065] [0x00007f8e9d6b7b80] [debug]   Processing block 22: Read 8192 bytes (total processed so far: 180224)
[2025-01-29 18:30:50.330069] [0x00007f8e9d6b7b80] [trace]   Encrypting block 22 of size 8192
[2025-01-29 18:30:50.330081] [0x00007f8e9d6b7b80] [debug]   Encrypted block 22 produced 8192 bytes
[2025-01-29 18:30:50.330091] [0x00007f8e9d6b7b80] [debug]   Processing block 23: Read 8192 bytes (total processed so far: 188416)
[2025-01-29 18:30:50.330099] [0x00007f8e9d6b7b80] [trace]   Encrypting block 23 of size 8192
[2025-01-29 18:30:50.330110] [0x00007f8e9d6b7b80] [debug]   Encrypted block 23 produced 8192 bytes
[2025-01-29 18:30:50.330118] [0x00007f8e9d6b7b80] [debug]   Processing block 24: Read 8192 bytes (total processed so far: 196608)
[2025-01-29 18:30:50.330121] [0x00007f8e9d6b7b80] [trace]   Encrypting block 24 of size 8192
[2025-01-29 18:30:50.330131] [0x00007f8e9d6b7b80] [debug]   Encrypted block 24 produced 8192 bytes
[2025-01-29 18:30:50.330140] [0x00007f8e9d6b7b80] [debug]   Processing block 25: Read 8192 bytes (total processed so far: 204800)
[2025-01-29 18:30:50.330143] [0x00007f8e9d6b7b80] [trace]   Encrypting block 25 of size 8192
[2025-01-29 18:30:50.330155] [0x00007f8e9d6b7b80] [debug]   Encrypted block 25 produced 8192 bytes
[2025-01-29 18:30:50.330167] [0x00007f8e9d6b7b80] [debug]   Processing block 26: Read 8192 bytes (total processed so far: 212992)
[2025-01-29 18:30:50.330171] [0x00007f8e9d6b7b80] [trace]   Encrypting block 26 of size 8192
[2025-01-29 18:30:50.330182] [0x00007f8e9d6b7b80] [debug]   Encrypted block 26 produced 8192 bytes
[2025-01-29 18:30:50.330212] [0x00007f8e9d6b7b80] [debug]   Processing block 27: Read 8192 bytes (total processed so far: 221184)
[2025-01-29 18:30:50.330216] [0x00007f8e9d6b7b80] [trace]   Encrypting block 27 of size 8192
[2025-01-29 18:30:50.330228] [0x00007f8e9d6b7b80] [debug]   Encrypted block 27 produced 8192 bytes
[2025-01-29 18:30:50.330236] [0x00007f8e9d6b7b80] [debug]   Processing block 28: Read 8192 bytes (total processed so far: 229376)
[2025-01-29 18:30:50.330240] [0x00007f8e9d6b7b80] [trace]   Encrypting block 28 of size 8192
[2025-01-29 18:30:50.330251] [0x00007f8e9d6b7b80] [debug]   Encrypted block 28 produced 8192 bytes
[2025-01-29 18:30:50.330258] [0x00007f8e9d6b7b80] [debug]   Processing block 29: Read 8192 bytes (total processed so far: 237568)
[2025-01-29 18:30:50.330261] [0x00007f8e9d6b7b80] [trace]   Encrypting block 29 of size 8192
[2025-01-29 18:30:50.330279] [0x00007f8e9d6b7b80] [debug]   Encrypted block 29 produced 8192 bytes
[2025-01-29 18:30:50.330285] [0x00007f8e9d6b7b80] [debug]   Processing block 30: Read 8192 bytes (total processed so far: 245760)
[2025-01-29 18:30:50.330286] [0x00007f8e9d6b7b80] [trace]   Encrypting block 30 of size 8192
[2025-01-29 18:30:50.330296] [0x00007f8e9d6b7b80] [debug]   Encrypted block 30 produced 8192 bytes
[2025-01-29 18:30:50.330308] [0x00007f8e9d6b7b80] [debug]   Processing block 31: Read 8192 bytes (total processed so far: 253952)
[2025-01-29 18:30:50.330310] [0x00007f8e9d6b7b80] [trace]   Encrypting block 31 of size 8192
[2025-01-29 18:30:50.330321] [0x00007f8e9d6b7b80] [debug]   Encrypted block 31 produced 8192 bytes
[2025-01-29 18:30:50.330327] [0x00007f8e9d6b7b80] [debug]   Processing block 32: Read 8192 bytes (total processed so far: 262144)
[2025-01-29 18:30:50.330328] [0x00007f8e9d6b7b80] [trace]   Encrypting block 32 of size 8192
[2025-01-29 18:30:50.330338] [0x00007f8e9d6b7b80] [debug]   Encrypted block 32 produced 8192 bytes
[2025-01-29 18:30:50.330442] [0x00007f8e9d6b7b80] [debug]   Processing block 33: Read 8192 bytes (total processed so far: 270336)
[2025-01-29 18:30:50.330465] [0x00007f8e9d6b7b80] [trace]   Encrypting block 33 of size 8192
[2025-01-29 18:30:50.330476] [0x00007f8e9d6b7b80] [debug]   Encrypted block 33 produced 8192 bytes
[2025-01-29 18:30:50.330481] [0x00007f8e9d6b7b80] [debug]   Processing block 34: Read 8192 bytes (total processed so far: 278528)
[2025-01-29 18:30:50.330483] [0x00007f8e9d6b7b80] [trace]   Encrypting block 34 of size 8192
[2025-01-29 18:30:50.330493] [0x00007f8e9d6b7b80] [debug]   Encrypted block 34 produced 8192 bytes
[2025-01-29 18:30:50.330517] [0x00007f8e9d6b7b80] [debug]   Processing block 35: Read 8192 bytes (total processed so far: 286720)
[2025-01-29 18:30:50.330521] [0x00007f8e9d6b7b80] [trace]   Encrypting block 35 of size 8192
[2025-01-29 18:30:50.330531] [0x00007f8e9d6b7b80] [debug]   Encrypted block 35 produced 8192 bytes
[2025-01-29 18:30:50.330546] [0x00007f8e9d6b7b80] [debug]   Processing block 36: Read 8192 bytes (total processed so far: 294912)
[2025-01-29 18:30:50.330548] [0x00007f8e9d6b7b80] [trace]   Encrypting block 36 of size 8192
[2025-01-29 18:30:50.330558] [0x00007f8e9d6b7b80] [debug]   Encrypted block 36 produced 8192 bytes
[2025-01-29 18:30:50.330563] [0x00007f8e9d6b7b80] [debug]   Processing block 37: Read 8192 bytes (total processed so far: 303104)
[2025-01-29 18:30:50.330568] [0x00007f8e9d6b7b80] [trace]   Encrypting block 37 of size 8192
[2025-01-29 18:30:50.330578] [0x00007f8e9d6b7b80] [debug]   Encrypted block 37 produced 8192 bytes
[2025-01-29 18:30:50.330585] [0x00007f8e9d6b7b80] [debug]   Processing block 38: Read 8192 bytes (total processed so far: 311296)
[2025-01-29 18:30:50.330587] [0x00007f8e9d6b7b80] [trace]   Encrypting block 38 of size 8192
[2025-01-29 18:30:50.330598] [0x00007f8e9d6b7b80] [debug]   Encrypted block 38 produced 8192 bytes
[2025-01-29 18:30:50.330608] [0x00007f8e9d6b7b80] [debug]   Processing block 39: Read 8192 bytes (total processed so far: 319488)
[2025-01-29 18:30:50.330612] [0x00007f8e9d6b7b80] [trace]   Encrypting block 39 of size 8192
[2025-01-29 18:30:50.330627] [0x00007f8e9d6b7b80] [debug]   Encrypted block 39 produced 8192 bytes
[2025-01-29 18:30:50.330638] [0x00007f8e9d6b7b80] [debug]   Processing block 40: Read 8192 bytes (total processed so far: 327680)
[2025-01-29 18:30:50.330642] [0x00007f8e9d6b7b80] [trace]   Encrypting block 40 of size 8192
[2025-01-29 18:30:50.330654] [0x00007f8e9d6b7b80] [debug]   Encrypted block 40 produced 8192 bytes
[2025-01-29 18:30:50.330667] [0x00007f8e9d6b7b80] [debug]   Processing block 41: Read 8192 bytes (total processed so far: 335872)
[2025-01-29 18:30:50.330671] [0x00007f8e9d6b7b80] [trace]   Encrypting block 41 of size 8192
[2025-01-29 18:30:50.330686] [0x00007f8e9d6b7b80] [debug]   Encrypted block 41 produced 8192 bytes
[2025-01-29 18:30:50.330693] [0x00007f8e9d6b7b80] [debug]   Processing block 42: Read 8192 bytes (total processed so far: 344064)
[2025-01-29 18:30:50.330696] [0x00007f8e9d6b7b80] [trace]   Encrypting block 42 of size 8192
[2025-01-29 18:30:50.330708] [0x00007f8e9d6b7b80] [debug]   Encrypted block 42 produced 8192 bytes
[2025-01-29 18:30:50.330720] [0x00007f8e9d6b7b80] [debug]   Processing block 43: Read 8192 bytes (total processed so far: 352256)
[2025-01-29 18:30:50.330722] [0x00007f8e9d6b7b80] [trace]   Encrypting block 43 of size 8192
[2025-01-29 18:30:50.330732] [0x00007f8e9d6b7b80] [debug]   Encrypted block 43 produced 8192 bytes
[2025-01-29 18:30:50.330748] [0x00007f8e9d6b7b80] [debug]   Processing block 44: Read 8192 bytes (total processed so far: 360448)
[2025-01-29 18:30:50.330752] [0x00007f8e9d6b7b80] [trace]   Encrypting block 44 of size 8192
[2025-01-29 18:30:50.330762] [0x00007f8e9d6b7b80] [debug]   Encrypted block 44 produced 8192 bytes
[2025-01-29 18:30:50.330769] [0x00007f8e9d6b7b80] [debug]   Processing block 45: Read 8192 bytes (total processed so far: 368640)
[2025-01-29 18:30:50.330771] [0x00007f8e9d6b7b80] [trace]   Encrypting block 45 of size 8192
[2025-01-29 18:30:50.330781] [0x00007f8e9d6b7b80] [debug]   Encrypted block 45 produced 8192 bytes
[2025-01-29 18:30:50.330788] [0x00007f8e9d6b7b80] [debug]   Processing block 46: Read 8192 bytes (total processed so far: 376832)
[2025-01-29 18:30:50.330790] [0x00007f8e9d6b7b80] [trace]   Encrypting block 46 of size 8192
[2025-01-29 18:30:50.330800] [0x00007f8e9d6b7b80] [debug]   Encrypted block 46 produced 8192 bytes
[2025-01-29 18:30:50.330805] [0x00007f8e9d6b7b80] [debug]   Processing block 47: Read 8192 bytes (total processed so far: 385024)
[2025-01-29 18:30:50.330806] [0x00007f8e9d6b7b80] [trace]   Encrypting block 47 of size 8192
[2025-01-29 18:30:50.330818] [0x00007f8e9d6b7b80] [debug]   Encrypted block 47 produced 8192 bytes
[2025-01-29 18:30:50.330829] [0x00007f8e9d6b7b80] [debug]   Processing block 48: Read 8192 bytes (total processed so far: 393216)
[2025-01-29 18:30:50.330831] [0x00007f8e9d6b7b80] [trace]   Encrypting block 48 of size 8192
[2025-01-29 18:30:50.330841] [0x00007f8e9d6b7b80] [debug]   Encrypted block 48 produced 8192 bytes
[2025-01-29 18:30:50.330848] [0x00007f8e9d6b7b80] [debug]   Processing block 49: Read 8192 bytes (total processed so far: 401408)
[2025-01-29 18:30:50.330850] [0x00007f8e9d6b7b80] [trace]   Encrypting block 49 of size 8192
[2025-01-29 18:30:50.330860] [0x00007f8e9d6b7b80] [debug]   Encrypted block 49 produced 8192 bytes
[2025-01-29 18:30:50.330868] [0x00007f8e9d6b7b80] [debug]   Processing block 50: Read 8192 bytes (total processed so far: 409600)
[2025-01-29 18:30:50.330869] [0x00007f8e9d6b7b80] [trace]   Encrypting block 50 of size 8192
[2025-01-29 18:30:50.330880] [0x00007f8e9d6b7b80] [debug]   Encrypted block 50 produced 8192 bytes
[2025-01-29 18:30:50.330888] [0x00007f8e9d6b7b80] [debug]   Processing block 51: Read 8192 bytes (total processed so far: 417792)
[2025-01-29 18:30:50.330890] [0x00007f8e9d6b7b80] [trace]   Encrypting block 51 of size 8192
[2025-01-29 18:30:50.330901] [0x00007f8e9d6b7b80] [debug]   Encrypted block 51 produced 8192 bytes
[2025-01-29 18:30:50.330908] [0x00007f8e9d6b7b80] [debug]   Processing block 52: Read 8192 bytes (total processed so far: 425984)
[2025-01-29 18:30:50.330910] [0x00007f8e9d6b7b80] [trace]   Encrypting block 52 of size 8192
[2025-01-29 18:30:50.330920] [0x00007f8e9d6b7b80] [debug]   Encrypted block 52 produced 8192 bytes
[2025-01-29 18:30:50.330928] [0x00007f8e9d6b7b80] [debug]   Processing block 53: Read 8192 bytes (total processed so far: 434176)
[2025-01-29 18:30:50.330929] [0x00007f8e9d6b7b80] [trace]   Encrypting block 53 of size 8192
[2025-01-29 18:30:50.330940] [0x00007f8e9d6b7b80] [debug]   Encrypted block 53 produced 8192 bytes
[2025-01-29 18:30:50.330944] [0x00007f8e9d6b7b80] [debug]   Processing block 54: Read 8192 bytes (total processed so far: 442368)
[2025-01-29 18:30:50.330948] [0x00007f8e9d6b7b80] [trace]   Encrypting block 54 of size 8192
[2025-01-29 18:30:50.330958] [0x00007f8e9d6b7b80] [debug]   Encrypted block 54 produced 8192 bytes
[2025-01-29 18:30:50.330965] [0x00007f8e9d6b7b80] [debug]   Processing block 55: Read 8192 bytes (total processed so far: 450560)
[2025-01-29 18:30:50.330967] [0x00007f8e9d6b7b80] [trace]   Encrypting block 55 of size 8192
[2025-01-29 18:30:50.330977] [0x00007f8e9d6b7b80] [debug]   Encrypted block 55 produced 8192 bytes
[2025-01-29 18:30:50.330984] [0x00007f8e9d6b7b80] [debug]   Processing block 56: Read 8192 bytes (total processed so far: 458752)
[2025-01-29 18:30:50.330986] [0x00007f8e9d6b7b80] [trace]   Encrypting block 56 of size 8192
[2025-01-29 18:30:50.330996] [0x00007f8e9d6b7b80] [debug]   Encrypted block 56 produced 8192 bytes
[2025-01-29 18:30:50.331003] [0x00007f8e9d6b7b80] [debug]   Processing block 57: Read 8192 bytes (total processed so far: 466944)
[2025-01-29 18:30:50.331005] [0x00007f8e9d6b7b80] [trace]   Encrypting block 57 of size 8192
[2025-01-29 18:30:50.331015] [0x00007f8e9d6b7b80] [debug]   Encrypted block 57 produced 8192 bytes
[2025-01-29 18:30:50.331023] [0x00007f8e9d6b7b80] [debug]   Processing block 58: Read 8192 bytes (total processed so far: 475136)
[2025-01-29 18:30:50.331025] [0x00007f8e9d6b7b80] [trace]   Encrypting block 58 of size 8192
[2025-01-29 18:30:50.331036] [0x00007f8e9d6b7b80] [debug]   Encrypted block 58 produced 8192 bytes
[2025-01-29 18:30:50.331044] [0x00007f8e9d6b7b80] [debug]   Processing block 59: Read 8192 bytes (total processed so far: 483328)
[2025-01-29 18:30:50.331046] [0x00007f8e9d6b7b80] [trace]   Encrypting block 59 of size 8192
[2025-01-29 18:30:50.331056] [0x00007f8e9d6b7b80] [debug]   Encrypted block 59 produced 8192 bytes
[2025-01-29 18:30:50.331063] [0x00007f8e9d6b7b80] [debug]   Processing block 60: Read 8192 bytes (total processed so far: 491520)
[2025-01-29 18:30:50.331065] [0x00007f8e9d6b7b80] [trace]   Encrypting block 60 of size 8192
[2025-01-29 18:30:50.331075] [0x00007f8e9d6b7b80] [debug]   Encrypted block 60 produced 8192 bytes
[2025-01-29 18:30:50.331082] [0x00007f8e9d6b7b80] [debug]   Processing block 61: Read 8192 bytes (total processed so far: 499712)
[2025-01-29 18:30:50.331084] [0x00007f8e9d6b7b80] [trace]   Encrypting block 61 of size 8192
[2025-01-29 18:30:50.331094] [0x00007f8e9d6b7b80] [debug]   Encrypted block 61 produced 8192 bytes
[2025-01-29 18:30:50.331101] [0x00007f8e9d6b7b80] [debug]   Processing block 62: Read 8192 bytes (total processed so far: 507904)
[2025-01-29 18:30:50.331103] [0x00007f8e9d6b7b80] [trace]   Encrypting block 62 of size 8192
[2025-01-29 18:30:50.331113] [0x00007f8e9d6b7b80] [debug]   Encrypted block 62 produced 8192 bytes
[2025-01-29 18:30:50.331121] [0x00007f8e9d6b7b80] [debug]   Processing block 63: Read 8192 bytes (total processed so far: 516096)
[2025-01-29 18:30:50.331122] [0x00007f8e9d6b7b80] [trace]   Encrypting block 63 of size 8192
[2025-01-29 18:30:50.331133] [0x00007f8e9d6b7b80] [debug]   Encrypted block 63 produced 8192 bytes
[2025-01-29 18:30:50.331139] [0x00007f8e9d6b7b80] [debug]   Processing block 64: Read 8192 bytes (total processed so far: 524288)
[2025-01-29 18:30:50.331140] [0x00007f8e9d6b7b80] [trace]   Encrypting block 64 of size 8192
[2025-01-29 18:30:50.331151] [0x00007f8e9d6b7b80] [debug]   Encrypted block 64 produced 8192 bytes
[2025-01-29 18:30:50.331428] [0x00007f8e9d6b7b80] [debug]   Processing block 65: Read 8192 bytes (total processed so far: 532480)
[2025-01-29 18:30:50.331437] [0x00007f8e9d6b7b80] [trace]   Encrypting block 65 of size 8192
[2025-01-29 18:30:50.331447] [0x00007f8e9d6b7b80] [debug]   Encrypted block 65 produced 8192 bytes
[2025-01-29 18:30:50.331455] [0x00007f8e9d6b7b80] [debug]   Processing block 66: Read 8192 bytes (total processed so far: 540672)
[2025-01-29 18:30:50.331456] [0x00007f8e9d6b7b80] [trace]   Encrypting block 66 of size 8192
[2025-01-29 18:30:50.331467] [0x00007f8e9d6b7b80] [debug]   Encrypted block 66 produced 8192 bytes
[2025-01-29 18:30:50.331473] [0x00007f8e9d6b7b80] [debug]   Processing block 67: Read 8192 bytes (total processed so far: 548864)
[2025-01-29 18:30:50.331475] [0x00007f8e9d6b7b80] [trace]   Encrypting block 67 of size 8192
[2025-01-29 18:30:50.331485] [0x00007f8e9d6b7b80] [debug]   Encrypted block 67 produced 8192 bytes
[2025-01-29 18:30:50.331492] [0x00007f8e9d6b7b80] [debug]   Processing block 68: Read 8192 bytes (total processed so far: 557056)
[2025-01-29 18:30:50.331493] [0x00007f8e9d6b7b80] [trace]   Encrypting block 68 of size 8192
[2025-01-29 18:30:50.331504] [0x00007f8e9d6b7b80] [debug]   Encrypted block 68 produced 8192 bytes
[2025-01-29 18:30:50.331511] [0x00007f8e9d6b7b80] [debug]   Processing block 69: Read 8192 bytes (total processed so far: 565248)
[2025-01-29 18:30:50.331512] [0x00007f8e9d6b7b80] [trace]   Encrypting block 69 of size 8192
[2025-01-29 18:30:50.331524] [0x00007f8e9d6b7b80] [debug]   Encrypted block 69 produced 8192 bytes
[2025-01-29 18:30:50.331531] [0x00007f8e9d6b7b80] [debug]   Processing block 70: Read 8192 bytes (total processed so far: 573440)
[2025-01-29 18:30:50.331532] [0x00007f8e9d6b7b80] [trace]   Encrypting block 70 of size 8192
[2025-01-29 18:30:50.331542] [0x00007f8e9d6b7b80] [debug]   Encrypted block 70 produced 8192 bytes
[2025-01-29 18:30:50.331549] [0x00007f8e9d6b7b80] [debug]   Processing block 71: Read 8192 bytes (total processed so far: 581632)
[2025-01-29 18:30:50.331551] [0x00007f8e9d6b7b80] [trace]   Encrypting block 71 of size 8192
[2025-01-29 18:30:50.331561] [0x00007f8e9d6b7b80] [debug]   Encrypted block 71 produced 8192 bytes
[2025-01-29 18:30:50.331568] [0x00007f8e9d6b7b80] [debug]   Processing block 72: Read 8192 bytes (total processed so far: 589824)
[2025-01-29 18:30:50.331570] [0x00007f8e9d6b7b80] [trace]   Encrypting block 72 of size 8192
[2025-01-29 18:30:50.331581] [0x00007f8e9d6b7b80] [debug]   Encrypted block 72 produced 8192 bytes
[2025-01-29 18:30:50.331588] [0x00007f8e9d6b7b80] [debug]   Processing block 73: Read 8192 bytes (total processed so far: 598016)
[2025-01-29 18:30:50.331589] [0x00007f8e9d6b7b80] [trace]   Encrypting block 73 of size 8192
[2025-01-29 18:30:50.331600] [0x00007f8e9d6b7b80] [debug]   Encrypted block 73 produced 8192 bytes
[2025-01-29 18:30:50.331606] [0x00007f8e9d6b7b80] [debug]   Processing block 74: Read 8192 bytes (total processed so far: 606208)
[2025-01-29 18:30:50.331608] [0x00007f8e9d6b7b80] [trace]   Encrypting block 74 of size 8192
[2025-01-29 18:30:50.331619] [0x00007f8e9d6b7b80] [debug]   Encrypted block 74 produced 8192 bytes
[2025-01-29 18:30:50.331629] [0x00007f8e9d6b7b80] [debug]   Processing block 75: Read 8192 bytes (total processed so far: 614400)
[2025-01-29 18:30:50.331633] [0x00007f8e9d6b7b80] [trace]   Encrypting block 75 of size 8192
[2025-01-29 18:30:50.331645] [0x00007f8e9d6b7b80] [debug]   Encrypted block 75 produced 8192 bytes
[2025-01-29 18:30:50.331654] [0x00007f8e9d6b7b80] [debug]   Processing block 76: Read 8192 bytes (total processed so far: 622592)
[2025-01-29 18:30:50.331655] [0x00007f8e9d6b7b80] [trace]   Encrypting block 76 of size 8192
[2025-01-29 18:30:50.331666] [0x00007f8e9d6b7b80] [debug]   Encrypted block 76 produced 8192 bytes
[2025-01-29 18:30:50.331672] [0x00007f8e9d6b7b80] [debug]   Processing block 77: Read 8192 bytes (total processed so far: 630784)
[2025-01-29 18:30:50.331674] [0x00007f8e9d6b7b80] [trace]   Encrypting block 77 of size 8192
[2025-01-29 18:30:50.331685] [0x00007f8e9d6b7b80] [debug]   Encrypted block 77 produced 8192 bytes
[2025-01-29 18:30:50.331695] [0x00007f8e9d6b7b80] [debug]   Processing block 78: Read 8192 bytes (total processed so far: 638976)
[2025-01-29 18:30:50.331698] [0x00007f8e9d6b7b80] [trace]   Encrypting block 78 of size 8192
[2025-01-29 18:30:50.331710] [0x00007f8e9d6b7b80] [debug]   Encrypted block 78 produced 8192 bytes
[2025-01-29 18:30:50.331719] [0x00007f8e9d6b7b80] [debug]   Processing block 79: Read 8192 bytes (total processed so far: 647168)
[2025-01-29 18:30:50.331721] [0x00007f8e9d6b7b80] [trace]   Encrypting block 79 of size 8192
[2025-01-29 18:30:50.331731] [0x00007f8e9d6b7b80] [debug]   Encrypted block 79 produced 8192 bytes
[2025-01-29 18:30:50.331737] [0x00007f8e9d6b7b80] [debug]   Processing block 80: Read 8192 bytes (total processed so far: 655360)
[2025-01-29 18:30:50.331739] [0x00007f8e9d6b7b80] [trace]   Encrypting block 80 of size 8192
[2025-01-29 18:30:50.331749] [0x00007f8e9d6b7b80] [debug]   Encrypted block 80 produced 8192 bytes
[2025-01-29 18:30:50.331756] [0x00007f8e9d6b7b80] [debug]   Processing block 81: Read 8192 bytes (total processed so far: 663552)
[2025-01-29 18:30:50.331757] [0x00007f8e9d6b7b80] [trace]   Encrypting block 81 of size 8192
[2025-01-29 18:30:50.331768] [0x00007f8e9d6b7b80] [debug]   Encrypted block 81 produced 8192 bytes
[2025-01-29 18:30:50.331774] [0x00007f8e9d6b7b80] [debug]   Processing block 82: Read 8192 bytes (total processed so far: 671744)
[2025-01-29 18:30:50.331776] [0x00007f8e9d6b7b80] [trace]   Encrypting block 82 of size 8192
[2025-01-29 18:30:50.331786] [0x00007f8e9d6b7b80] [debug]   Encrypted block 82 produced 8192 bytes
[2025-01-29 18:30:50.331792] [0x00007f8e9d6b7b80] [debug]   Processing block 83: Read 8192 bytes (total processed so far: 679936)
[2025-01-29 18:30:50.331794] [0x00007f8e9d6b7b80] [trace]   Encrypting block 83 of size 8192
[2025-01-29 18:30:50.331805] [0x00007f8e9d6b7b80] [debug]   Encrypted block 83 produced 8192 bytes
[2025-01-29 18:30:50.331811] [0x00007f8e9d6b7b80] [debug]   Processing block 84: Read 8192 bytes (total processed so far: 688128)
[2025-01-29 18:30:50.331813] [0x00007f8e9d6b7b80] [trace]   Encrypting block 84 of size 8192
[2025-01-29 18:30:50.331824] [0x00007f8e9d6b7b80] [debug]   Encrypted block 84 produced 8192 bytes
[2025-01-29 18:30:50.331830] [0x00007f8e9d6b7b80] [debug]   Processing block 85: Read 8192 bytes (total processed so far: 696320)
[2025-01-29 18:30:50.331832] [0x00007f8e9d6b7b80] [trace]   Encrypting block 85 of size 8192
[2025-01-29 18:30:50.331842] [0x00007f8e9d6b7b80] [debug]   Encrypted block 85 produced 8192 bytes
[2025-01-29 18:30:50.331849] [0x00007f8e9d6b7b80] [debug]   Processing block 86: Read 8192 bytes (total processed so far: 704512)
[2025-01-29 18:30:50.331850] [0x00007f8e9d6b7b80] [trace]   Encrypting block 86 of size 8192
[2025-01-29 18:30:50.331861] [0x00007f8e9d6b7b80] [debug]   Encrypted block 86 produced 8192 bytes
[2025-01-29 18:30:50.331868] [0x00007f8e9d6b7b80] [debug]   Processing block 87: Read 8192 bytes (total processed so far: 712704)
[2025-01-29 18:30:50.331870] [0x00007f8e9d6b7b80] [trace]   Encrypting block 87 of size 8192
[2025-01-29 18:30:50.331882] [0x00007f8e9d6b7b80] [debug]   Encrypted block 87 produced 8192 bytes
[2025-01-29 18:30:50.331893] [0x00007f8e9d6b7b80] [debug]   Processing block 88: Read 8192 bytes (total processed so far: 720896)
[2025-01-29 18:30:50.331897] [0x00007f8e9d6b7b80] [trace]   Encrypting block 88 of size 8192
[2025-01-29 18:30:50.331912] [0x00007f8e9d6b7b80] [debug]   Encrypted block 88 produced 8192 bytes
[2025-01-29 18:30:50.331924] [0x00007f8e9d6b7b80] [debug]   Processing block 89: Read 8192 bytes (total processed so far: 729088)
[2025-01-29 18:30:50.331931] [0x00007f8e9d6b7b80] [trace]   Encrypting block 89 of size 8192
[2025-01-29 18:30:50.331943] [0x00007f8e9d6b7b80] [debug]   Encrypted block 89 produced 8192 bytes
[2025-01-29 18:30:50.331955] [0x00007f8e9d6b7b80] [debug]   Processing block 90: Read 8192 bytes (total processed so far: 737280)
[2025-01-29 18:30:50.331958] [0x00007f8e9d6b7b80] [trace]   Encrypting block 90 of size 8192
[2025-01-29 18:30:50.331975] [0x00007f8e9d6b7b80] [debug]   Encrypted block 90 produced 8192 bytes
[2025-01-29 18:30:50.331985] [0x00007f8e9d6b7b80] [debug]   Processing block 91: Read 8192 bytes (total processed so far: 745472)
[2025-01-29 18:30:50.331988] [0x00007f8e9d6b7b80] [trace]   Encrypting block 91 of size 8192
[2025-01-29 18:30:50.332004] [0x00007f8e9d6b7b80] [debug]   Encrypted block 91 produced 8192 bytes
[2025-01-29 18:30:50.332014] [0x00007f8e9d6b7b80] [debug]   Processing block 92: Read 8192 bytes (total processed so far: 753664)
[2025-01-29 18:30:50.332018] [0x00007f8e9d6b7b80] [trace]   Encrypting block 92 of size 8192
[2025-01-29 18:30:50.332034] [0x00007f8e9d6b7b80] [debug]   Encrypted block 92 produced 8192 bytes
[2025-01-29 18:30:50.332044] [0x00007f8e9d6b7b80] [debug]   Processing block 93: Read 8192 bytes (total processed so far: 761856)
[2025-01-29 18:30:50.332047] [0x00007f8e9d6b7b80] [trace]   Encrypting block 93 of size 8192
[2025-01-29 18:30:50.332059] [0x00007f8e9d6b7b80] [debug]   Encrypted block 93 produced 8192 bytes
[2025-01-29 18:30:50.332071] [0x00007f8e9d6b7b80] [debug]   Processing block 94: Read 8192 bytes (total processed so far: 770048)
[2025-01-29 18:30:50.332077] [0x00007f8e9d6b7b80] [trace]   Encrypting block 94 of size 8192
[2025-01-29 18:30:50.332089] [0x00007f8e9d6b7b80] [debug]   Encrypted block 94 produced 8192 bytes
[2025-01-29 18:30:50.332098] [0x00007f8e9d6b7b80] [debug]   Processing block 95: Read 8192 bytes (total processed so far: 778240)
[2025-01-29 18:30:50.332101] [0x00007f8e9d6b7b80] [trace]   Encrypting block 95 of size 8192
[2025-01-29 18:30:50.332117] [0x00007f8e9d6b7b80] [debug]   Encrypted block 95 produced 8192 bytes
[2025-01-29 18:30:50.332127] [0x00007f8e9d6b7b80] [debug]   Processing block 96: Read 8192 bytes (total processed so far: 786432)
[2025-01-29 18:30:50.332130] [0x00007f8e9d6b7b80] [trace]   Encrypting block 96 of size 8192
[2025-01-29 18:30:50.332141] [0x00007f8e9d6b7b80] [debug]   Encrypted block 96 produced 8192 bytes
[2025-01-29 18:30:50.332147] [0x00007f8e9d6b7b80] [debug]   Processing block 97: Read 8192 bytes (total processed so far: 794624)
[2025-01-29 18:30:50.332150] [0x00007f8e9d6b7b80] [trace]   Encrypting block 97 of size 8192
[2025-01-29 18:30:50.332162] [0x00007f8e9d6b7b80] [debug]   Encrypted block 97 produced 8192 bytes
[2025-01-29 18:30:50.332171] [0x00007f8e9d6b7b80] [debug]   Processing block 98: Read 8192 bytes (total processed so far: 802816)
[2025-01-29 18:30:50.332178] [0x00007f8e9d6b7b80] [trace]   Encrypting block 98 of size 8192
[2025-01-29 18:30:50.332210] [0x00007f8e9d6b7b80] [debug]   Encrypted block 98 produced 8192 bytes
[2025-01-29 18:30:50.332224] [0x00007f8e9d6b7b80] [debug]   Processing block 99: Read 8192 bytes (total processed so far: 811008)
[2025-01-29 18:30:50.332227] [0x00007f8e9d6b7b80] [trace]   Encrypting block 99 of size 8192
[2025-01-29 18:30:50.332239] [0x00007f8e9d6b7b80] [debug]   Encrypted block 99 produced 8192 bytes
[2025-01-29 18:30:50.332246] [0x00007f8e9d6b7b80] [debug]   Processing block 100: Read 8192 bytes (total processed so far: 819200)
[2025-01-29 18:30:50.332252] [0x00007f8e9d6b7b80] [trace]   Encrypting block 100 of size 8192
[2025-01-29 18:30:50.332270] [0x00007f8e9d6b7b80] [debug]   Encrypted block 100 produced 8192 bytes
[2025-01-29 18:30:50.332281] [0x00007f8e9d6b7b80] [debug]   Processing block 101: Read 8192 bytes (total processed so far: 827392)
[2025-01-29 18:30:50.332285] [0x00007f8e9d6b7b80] [trace]   Encrypting block 101 of size 8192
[2025-01-29 18:30:50.332297] [0x00007f8e9d6b7b80] [debug]   Encrypted block 101 produced 8192 bytes
[2025-01-29 18:30:50.332310] [0x00007f8e9d6b7b80] [debug]   Processing block 102: Read 8192 bytes (total processed so far: 835584)
[2025-01-29 18:30:50.332315] [0x00007f8e9d6b7b80] [trace]   Encrypting block 102 of size 8192
[2025-01-29 18:30:50.332332] [0x00007f8e9d6b7b80] [debug]   Encrypted block 102 produced 8192 bytes
[2025-01-29 18:30:50.332344] [0x00007f8e9d6b7b80] [debug]   Processing block 103: Read 8192 bytes (total processed so far: 843776)
[2025-01-29 18:30:50.332347] [0x00007f8e9d6b7b80] [trace]   Encrypting block 103 of size 8192
[2025-01-29 18:30:50.332360] [0x00007f8e9d6b7b80] [debug]   Encrypted block 103 produced 8192 bytes
[2025-01-29 18:30:50.332372] [0x00007f8e9d6b7b80] [debug]   Processing block 104: Read 8192 bytes (total processed so far: 851968)
[2025-01-29 18:30:50.332376] [0x00007f8e9d6b7b80] [trace]   Encrypting block 104 of size 8192
[2025-01-29 18:30:50.332388] [0x00007f8e9d6b7b80] [debug]   Encrypted block 104 produced 8192 bytes
[2025-01-29 18:30:50.332400] [0x00007f8e9d6b7b80] [debug]   Processing block 105: Read 8192 bytes (total processed so far: 860160)
[2025-01-29 18:30:50.332403] [0x00007f8e9d6b7b80] [trace]   Encrypting block 105 of size 8192
[2025-01-29 18:30:50.332420] [0x00007f8e9d6b7b80] [debug]   Encrypted block 105 produced 8192 bytes
[2025-01-29 18:30:50.332429] [0x00007f8e9d6b7b80] [debug]   Processing block 106: Read 8192 bytes (total processed so far: 868352)
[2025-01-29 18:30:50.332430] [0x00007f8e9d6b7b80] [trace]   Encrypting block 106 of size 8192
[2025-01-29 18:30:50.332440] [0x00007f8e9d6b7b80] [debug]   Encrypted block 106 produced 8192 bytes
[2025-01-29 18:30:50.332445] [0x00007f8e9d6b7b80] [debug]   Processing block 107: Read 8192 bytes (total processed so far: 876544)
[2025-01-29 18:30:50.332447] [0x00007f8e9d6b7b80] [trace]   Encrypting block 107 of size 8192
[2025-01-29 18:30:50.332458] [0x00007f8e9d6b7b80] [debug]   Encrypted block 107 produced 8192 bytes
[2025-01-29 18:30:50.332465] [0x00007f8e9d6b7b80] [debug]   Processing block 108: Read 8192 bytes (total processed so far: 884736)
[2025-01-29 18:30:50.332466] [0x00007f8e9d6b7b80] [trace]   Encrypting block 108 of size 8192
[2025-01-29 18:30:50.332476] [0x00007f8e9d6b7b80] [debug]   Encrypted block 108 produced 8192 bytes
[2025-01-29 18:30:50.332484] [0x00007f8e9d6b7b80] [debug]   Processing block 109: Read 8192 bytes (total processed so far: 892928)
[2025-01-29 18:30:50.332486] [0x00007f8e9d6b7b80] [trace]   Encrypting block 109 of size 8192
[2025-01-29 18:30:50.332497] [0x00007f8e9d6b7b80] [debug]   Encrypted block 109 produced 8192 bytes
[2025-01-29 18:30:50.332508] [0x00007f8e9d6b7b80] [debug]   Processing block 110: Read 8192 bytes (total processed so far: 901120)
[2025-01-29 18:30:50.332512] [0x00007f8e9d6b7b80] [trace]   Encrypting block 110 of size 8192
[2025-01-29 18:30:50.332528] [0x00007f8e9d6b7b80] [debug]   Encrypted block 110 produced 8192 bytes
[2025-01-29 18:30:50.332536] [0x00007f8e9d6b7b80] [debug]   Processing block 111: Read 8192 bytes (total processed so far: 909312)
[2025-01-29 18:30:50.332537] [0x00007f8e9d6b7b80] [trace]   Encrypting block 111 of size 8192
[2025-01-29 18:30:50.332548] [0x00007f8e9d6b7b80] [debug]   Encrypted block 111 produced 8192 bytes
[2025-01-29 18:30:50.332554] [0x00007f8e9d6b7b80] [debug]   Processing block 112: Read 8192 bytes (total processed so far: 917504)
[2025-01-29 18:30:50.332556] [0x00007f8e9d6b7b80] [trace]   Encrypting block 112 of size 8192
[2025-01-29 18:30:50.332567] [0x00007f8e9d6b7b80] [debug]   Encrypted block 112 produced 8192 bytes
[2025-01-29 18:30:50.332573] [0x00007f8e9d6b7b80] [debug]   Processing block 113: Read 8192 bytes (total processed so far: 925696)
[2025-01-29 18:30:50.332575] [0x00007f8e9d6b7b80] [trace]   Encrypting block 113 of size 8192
[2025-01-29 18:30:50.332585] [0x00007f8e9d6b7b80] [debug]   Encrypted block 113 produced 8192 bytes
[2025-01-29 18:30:50.332592] [0x00007f8e9d6b7b80] [debug]   Processing block 114: Read 8192 bytes (total processed so far: 933888)
[2025-01-29 18:30:50.332593] [0x00007f8e9d6b7b80] [trace]   Encrypting block 114 of size 8192
[2025-01-29 18:30:50.332604] [0x00007f8e9d6b7b80] [debug]   Encrypted block 114 produced 8192 bytes
[2025-01-29 18:30:50.332610] [0x00007f8e9d6b7b80] [debug]   Processing block 115: Read 8192 bytes (total processed so far: 942080)
[2025-01-29 18:30:50.332612] [0x00007f8e9d6b7b80] [trace]   Encrypting block 115 of size 8192
[2025-01-29 18:30:50.332622] [0x00007f8e9d6b7b80] [debug]   Encrypted block 115 produced 8192 bytes
[2025-01-29 18:30:50.332628] [0x00007f8e9d6b7b80] [debug]   Processing block 116: Read 8192 bytes (total processed so far: 950272)
[2025-01-29 18:30:50.332630] [0x00007f8e9d6b7b80] [trace]   Encrypting block 116 of size 8192
[2025-01-29 18:30:50.332641] [0x00007f8e9d6b7b80] [debug]   Encrypted block 116 produced 8192 bytes
[2025-01-29 18:30:50.332685] [0x00007f8e9d6b7b80] [debug]   Processing block 117: Read 8192 bytes (total processed so far: 958464)
[2025-01-29 18:30:50.332693] [0x00007f8e9d6b7b80] [trace]   Encrypting block 117 of size 8192
[2025-01-29 18:30:50.332706] [0x00007f8e9d6b7b80] [debug]   Encrypted block 117 produced 8192 bytes
[2025-01-29 18:30:50.332717] [0x00007f8e9d6b7b80] [debug]   Processing block 118: Read 8192 bytes (total processed so far: 966656)
[2025-01-29 18:30:50.332720] [0x00007f8e9d6b7b80] [trace]   Encrypting block 118 of size 8192
[2025-01-29 18:30:50.332731] [0x00007f8e9d6b7b80] [debug]   Encrypted block 118 produced 8192 bytes
[2025-01-29 18:30:50.332741] [0x00007f8e9d6b7b80] [debug]   Processing block 119: Read 8192 bytes (total processed so far: 974848)
[2025-01-29 18:30:50.332743] [0x00007f8e9d6b7b80] [trace]   Encrypting block 119 of size 8192
[2025-01-29 18:30:50.332753] [0x00007f8e9d6b7b80] [debug]   Encrypted block 119 produced 8192 bytes
[2025-01-29 18:30:50.332760] [0x00007f8e9d6b7b80] [debug]   Processing block 120: Read 8192 bytes (total processed so far: 983040)
[2025-01-29 18:30:50.332762] [0x00007f8e9d6b7b80] [trace]   Encrypting block 120 of size 8192
[2025-01-29 18:30:50.332772] [0x00007f8e9d6b7b80] [debug]   Encrypted block 120 produced 8192 bytes
[2025-01-29 18:30:50.332780] [0x00007f8e9d6b7b80] [debug]   Processing block 121: Read 8192 bytes (total processed so far: 991232)
[2025-01-29 18:30:50.332781] [0x00007f8e9d6b7b80] [trace]   Encrypting block 121 of size 8192
[2025-01-29 18:30:50.332791] [0x00007f8e9d6b7b80] [debug]   Encrypted block 121 produced 8192 bytes
[2025-01-29 18:30:50.332800] [0x00007f8e9d6b7b80] [debug]   Processing block 122: Read 8192 bytes (total processed so far: 999424)
[2025-01-29 18:30:50.332802] [0x00007f8e9d6b7b80] [trace]   Encrypting block 122 of size 8192
[2025-01-29 18:30:50.332812] [0x00007f8e9d6b7b80] [debug]   Encrypted block 122 produced 8192 bytes
[2025-01-29 18:30:50.332819] [0x00007f8e9d6b7b80] [debug]   Processing block 123: Read 8192 bytes (total processed so far: 1007616)
[2025-01-29 18:30:50.332820] [0x00007f8e9d6b7b80] [trace]   Encrypting block 123 of size 8192
[2025-01-29 18:30:50.332830] [0x00007f8e9d6b7b80] [debug]   Encrypted block 123 produced 8192 bytes
[2025-01-29 18:30:50.332838] [0x00007f8e9d6b7b80] [debug]   Processing block 124: Read 8192 bytes (total processed so far: 1015808)
[2025-01-29 18:30:50.332840] [0x00007f8e9d6b7b80] [trace]   Encrypting block 124 of size 8192
[2025-01-29 18:30:50.332850] [0x00007f8e9d6b7b80] [debug]   Encrypted block 124 produced 8192 bytes
[2025-01-29 18:30:50.332857] [0x00007f8e9d6b7b80] [debug]   Processing block 125: Read 8192 bytes (total processed so far: 1024000)
[2025-01-29 18:30:50.332859] [0x00007f8e9d6b7b80] [trace]   Encrypting block 125 of size 8192
[2025-01-29 18:30:50.332869] [0x00007f8e9d6b7b80] [debug]   Encrypted block 125 produced 8192 bytes
[2025-01-29 18:30:50.332876] [0x00007f8e9d6b7b80] [debug]   Processing block 126: Read 8192 bytes (total processed so far: 1032192)
[2025-01-29 18:30:50.332877] [0x00007f8e9d6b7b80] [trace]   Encrypting block 126 of size 8192
[2025-01-29 18:30:50.332888] [0x00007f8e9d6b7b80] [debug]   Encrypted block 126 produced 8192 bytes
[2025-01-29 18:30:50.332894] [0x00007f8e9d6b7b80] [debug]   Processing block 127: Read 8192 bytes (total processed so far: 1040384)
[2025-01-29 18:30:50.332896] [0x00007f8e9d6b7b80] [trace]   Encrypting block 127 of size 8192
[2025-01-29 18:30:50.332906] [0x00007f8e9d6b7b80] [debug]   Encrypted block 127 produced 8192 bytes
[2025-01-29 18:30:50.332913] [0x00007f8e9d6b7b80] [debug]   Processing block 128: Read 0 bytes (total processed so far: 1048576)
[2025-01-29 18:30:50.332915] [0x00007f8e9d6b7b80] [debug]   Reached end of input stream after 128 blocks
[2025-01-29 18:30:50.332917] [0x00007f8e9d6b7b80] [debug]   Finalizing encryption after 128 blocks
[2025-01-29 18:30:50.332919] [0x00007f8e9d6b7b80] [debug]   Writing final block of size 16
[2025-01-29 18:30:50.333314] [0x00007f8e9d6b7b80] [info]    Completed encryption: Processed 1048592 bytes in 128 blocks
[2025-01-29 18:30:50.333322] [0x00007f8e9d6b7b80] [info]    Starting stream decryption
[2025-01-29 18:30:50.333324] [0x00007f8e9d6b7b80] [debug]   Initializing cipher for decryption
[2025-01-29 18:30:50.333330] [0x00007f8e9d6b7b80] [debug]   Cipher initialization complete
[2025-01-29 18:30:50.333333] [0x00007f8e9d6b7b80] [debug]   Processing block 0: Read 8192 bytes (total processed so far: 0)
[2025-01-29 18:30:50.333335] [0x00007f8e9d6b7b80] [trace]   Decrypting block 0 of size 8192
[2025-01-29 18:30:50.333339] [0x00007f8e9d6b7b80] [debug]   Decrypted block 0 produced 8176 bytes
[2025-01-29 18:30:50.333346] [0x00007f8e9d6b7b80] [debug]   Processing block 1: Read 8192 bytes (total processed so far: 8176)
[2025-01-29 18:30:50.333347] [0x00007f8e9d6b7b80] [trace]   Decrypting block 1 of size 8192
[2025-01-29 18:30:50.333351] [0x00007f8e9d6b7b80] [debug]   Decrypted block 1 produced 8192 bytes
[2025-01-29 18:30:50.333358] [0x00007f8e9d6b7b80] [debug]   Processing block 2: Read 8192 bytes (total processed so far: 16368)
[2025-01-29 18:30:50.333360] [0x00007f8e9d6b7b80] [trace]   Decrypting block 2 of size 8192
[2025-01-29 18:30:50.333362] [0x00007f8e9d6b7b80] [debug]   Decrypted block 2 produced 8192 bytes
[2025-01-29 18:30:50.333366] [0x00007f8e9d6b7b80] [debug]   Processing block 3: Read 8192 bytes (total processed so far: 24560)
[2025-01-29 18:30:50.333370] [0x00007f8e9d6b7b80] [trace]   Decrypting block 3 of size 8192
[2025-01-29 18:30:50.333373] [0x00007f8e9d6b7b80] [debug]   Decrypted block 3 produced 8192 bytes
[2025-01-29 18:30:50.333375] [0x00007f8e9d6b7b80] [debug]   Processing block 4: Read 8192 bytes (total processed so far: 32752)
[2025-01-29 18:30:50.333377] [0x00007f8e9d6b7b80] [trace]   Decrypting block 4 of size 8192
[2025-01-29 18:30:50.333380] [0x00007f8e9d6b7b80] [debug]   Decrypted block 4 produced 8192 bytes
[2025-01-29 18:30:50.333384] [0x00007f8e9d6b7b80] [debug]   Processing block 5: Read 8192 bytes (total processed so far: 40944)
[2025-01-29 18:30:50.333388] [0x00007f8e9d6b7b80] [trace]   Decrypting block 5 of size 8192
[2025-01-29 18:30:50.333391] [0x00007f8e9d6b7b80] [debug]   Decrypted block 5 produced 8192 bytes
[2025-01-29 18:30:50.333393] [0x00007f8e9d6b7b80] [debug]   Processing block 6: Read 8192 bytes (total processed so far: 49136)
[2025-01-29 18:30:50.333395] [0x00007f8e9d6b7b80] [trace]   Decrypting block 6 of size 8192
[2025-01-29 18:30:50.333397] [0x00007f8e9d6b7b80] [debug]   Decrypted block 6 produced 8192 bytes
[2025-01-29 18:30:50.333403] [0x00007f8e9d6b7b80] [debug]   Processing block 7: Read 8192 bytes (total processed so far: 57328)
[2025-01-29 18:30:50.333404] [0x00007f8e9d6b7b80] [trace]   Decrypting block 7 of size 8192
[2025-01-29 18:30:50.333407] [0x00007f8e9d6b7b80] [debug]   Decrypted block 7 produced 8192 bytes
[2025-01-29 18:30:50.333409] [0x00007f8e9d6b7b80] [debug]   Processing block 8: Read 8192 bytes (total processed so far: 65520)
[2025-01-29 18:30:50.333411] [0x00007f8e9d6b7b80] [trace]   Decrypting block 8 of size 8192
[2025-01-29 18:30:50.333414] [0x00007f8e9d6b7b80] [debug]   Decrypted block 8 produced 8192 bytes
[2025-01-29 18:30:50.333440] [0x00007f8e9d6b7b80] [debug]   Processing block 9: Read 8192 bytes (total processed so far: 73712)
[2025-01-29 18:30:50.333445] [0x00007f8e9d6b7b80] [trace]   Decrypting block 9 of size 8192
[2025-01-29 18:30:50.333448] [0x00007f8e9d6b7b80] [debug]   Decrypted block 9 produced 8192 bytes
[2025-01-29 18:30:50.333451] [0x00007f8e9d6b7b80] [debug]   Processing block 10: Read 8192 bytes (total processed so far: 81904)
[2025-01-29 18:30:50.333453] [0x00007f8e9d6b7b80] [trace]   Decrypting block 10 of size 8192
[2025-01-29 18:30:50.333456] [0x00007f8e9d6b7b80] [debug]   Decrypted block 10 produced 8192 bytes
[2025-01-29 18:30:50.333463] [0x00007f8e9d6b7b80] [debug]   Processing block 11: Read 8192 bytes (total processed so far: 90096)
[2025-01-29 18:30:50.333465] [0x00007f8e9d6b7b80] [trace]   Decrypting block 11 of size 8192
[2025-01-29 18:30:50.333467] [0x00007f8e9d6b7b80] [debug]   Decrypted block 11 produced 8192 bytes
[2025-01-29 18:30:50.333471] [0x00007f8e9d6b7b80] [debug]   Processing block 12: Read 8192 bytes (total processed so far: 98288)
[2025-01-29 18:30:50.333476] [0x00007f8e9d6b7b80] [trace]   Decrypting block 12 of size 8192
[2025-01-29 18:30:50.333478] [0x00007f8e9d6b7b80] [debug]   Decrypted block 12 produced 8192 bytes
[2025-01-29 18:30:50.333482] [0x00007f8e9d6b7b80] [debug]   Processing block 13: Read 8192 bytes (total processed so far: 106480)
[2025-01-29 18:30:50.333484] [0x00007f8e9d6b7b80] [trace]   Decrypting block 13 of size 8192
[2025-01-29 18:30:50.333487] [0x00007f8e9d6b7b80] [debug]   Decrypted block 13 produced 8192 bytes
[2025-01-29 18:30:50.333493] [0x00007f8e9d6b7b80] [debug]   Processing block 14: Read 8192 bytes (total processed so far: 114672)
[2025-01-29 18:30:50.333495] [0x00007f8e9d6b7b80] [trace]   Decrypting block 14 of size 8192
[2025-01-29 18:30:50.333498] [0x00007f8e9d6b7b80] [debug]   Decrypted block 14 produced 8192 bytes
[2025-01-29 18:30:50.333506] [0x00007f8e9d6b7b80] [debug]   Processing block 15: Read 8192 bytes (total processed so far: 122864)
[2025-01-29 18:30:50.333513] [0x00007f8e9d6b7b80] [trace]   Decrypting block 15 of size 8192
[2025-01-29 18:30:50.333518] [0x00007f8e9d6b7b80] [debug]   Decrypted block 15 produced 8192 bytes
[2025-01-29 18:30:50.333524] [0x00007f8e9d6b7b80] [debug]   Processing block 16: Read 8192 bytes (total processed so far: 131056)
[2025-01-29 18:30:50.333531] [0x00007f8e9d6b7b80] [trace]   Decrypting block 16 of size 8192
[2025-01-29 18:30:50.333535] [0x00007f8e9d6b7b80] [debug]   Decrypted block 16 produced 8192 bytes
[2025-01-29 18:30:50.333572] [0x00007f8e9d6b7b80] [debug]   Processing block 17: Read 8192 bytes (total processed so far: 139248)
[2025-01-29 18:30:50.333578] [0x00007f8e9d6b7b80] [trace]   Decrypting block 17 of size 8192
[2025-01-29 18:30:50.333580] [0x00007f8e9d6b7b80] [debug]   Decrypted block 17 produced 8192 bytes
[2025-01-29 18:30:50.333584] [0x00007f8e9d6b7b80] [debug]   Processing block 18: Read 8192 bytes (total processed so far: 147440)
[2025-01-29 18:30:50.333586] [0x00007f8e9d6b7b80] [trace]   Decrypting block 18 of size 8192
[2025-01-29 18:30:50.333589] [0x00007f8e9d6b7b80] [debug]   Decrypted block 18 produced 8192 bytes
[2025-01-29 18:30:50.333596] [0x00007f8e9d6b7b80] [debug]   Processing block 19: Read 8192 bytes (total processed so far: 155632)
[2025-01-29 18:30:50.333598] [0x00007f8e9d6b7b80] [trace]   Decrypting block 19 of size 8192
[2025-01-29 18:30:50.333601] [0x00007f8e9d6b7b80] [debug]   Decrypted block 19 produced 8192 bytes
[2025-01-29 18:30:50.333605] [0x00007f8e9d6b7b80] [debug]   Processing block 20: Read 8192 bytes (total processed so far: 163824)
[2025-01-29 18:30:50.333609] [0x00007f8e9d6b7b80] [trace]   Decrypting block 20 of size 8192
[2025-01-29 18:30:50.333612] [0x00007f8e9d6b7b80] [debug]   Decrypted block 20 produced 8192 bytes
[2025-01-29 18:30:50.333616] [0x00007f8e9d6b7b80] [debug]   Processing block 21: Read 8192 bytes (total processed so far: 172016)
[2025-01-29 18:30:50.333621] [0x00007f8e9d6b7b80] [trace]   Decrypting block 21 of size 8192
[2025-01-29 18:30:50.333623] [0x00007f8e9d6b7b80] [debug]   Decrypted block 21 produced 8192 bytes
[2025-01-29 18:30:50.333627] [0x00007f8e9d6b7b80] [debug]   Processing block 22: Read 8192 bytes (total processed so far: 180208)
[2025-01-29 18:30:50.333629] [0x00007f8e9d6b7b80] [trace]   Decrypting block 22 of size 8192
[2025-01-29 18:30:50.333632] [0x00007f8e9d6b7b80] [debug]   Decrypted block 22 produced 8192 bytes
[2025-01-29 18:30:50.333639] [0x00007f8e9d6b7b80] [debug]   Processing block 23: Read 8192 bytes (total processed so far: 188400)
[2025-01-29 18:30:50.333640] [0x00007f8e9d6b7b80] [trace]   Decrypting block 23 of size 8192
[2025-01-29 18:30:50.333644] [0x00007f8e9d6b7b80] [debug]   Decrypted block 23 produced 8192 bytes
[2025-01-29 18:30:50.333648] [0x00007f8e9d6b7b80] [debug]   Processing block 24: Read 8192 bytes (total processed so far: 196592)
[2025-01-29 18:30:50.333652] [0x00007f8e9d6b7b80] [trace]   Decrypting block 24 of size 8192
[2025-01-29 18:30:50.333655] [0x00007f8e9d6b7b80] [debug]   Decrypted block 24 produced 8192 bytes
[2025-01-29 18:30:50.333658] [0x00007f8e9d6b7b80] [debug]   Processing block 25: Read 8192 bytes (total processed so far: 204784)
[2025-01-29 18:30:50.333660] [0x00007f8e9d6b7b80] [trace]   Decrypting block 25 of size 8192
[2025-01-29 18:30:50.333663] [0x00007f8e9d6b7b80] [debug]   Decrypted block 25 produced 8192 bytes
[2025-01-29 18:30:50.333667] [0x00007f8e9d6b7b80] [debug]   Processing block 26: Read 8192 bytes (total processed so far: 212976)
[2025-01-29 18:30:50.333668] [0x00007f8e9d6b7b80] [trace]   Decrypting block 26 of size 8192
[2025-01-29 18:30:50.333671] [0x00007f8e9d6b7b80] [debug]   Decrypted block 26 produced 8192 bytes
[2025-01-29 18:30:50.333676] [0x00007f8e9d6b7b80] [debug]   Processing block 27: Read 8192 bytes (total processed so far: 221168)
[2025-01-29 18:30:50.333680] [0x00007f8e9d6b7b80] [trace]   Decrypting block 27 of size 8192
[2025-01-29 18:30:50.333683] [0x00007f8e9d6b7b80] [debug]   Decrypted block 27 produced 8192 bytes
[2025-01-29 18:30:50.333686] [0x00007f8e9d6b7b80] [debug]   Processing block 28: Read 8192 bytes (total processed so far: 229360)
[2025-01-29 18:30:50.333688] [0x00007f8e9d6b7b80] [trace]   Decrypting block 28 of size 8192
[2025-01-29 18:30:50.333691] [0x00007f8e9d6b7b80] [debug]   Decrypted block 28 produced 8192 bytes
[2025-01-29 18:30:50.333696] [0x00007f8e9d6b7b80] [debug]   Processing block 29: Read 8192 bytes (total processed so far: 237552)
[2025-01-29 18:30:50.333701] [0x00007f8e9d6b7b80] [trace]   Decrypting block 29 of size 8192
[2025-01-29 18:30:50.333704] [0x00007f8e9d6b7b80] [debug]   Decrypted block 29 produced 8192 bytes
[2025-01-29 18:30:50.333711] [0x00007f8e9d6b7b80] [debug]   Processing block 30: Read 8192 bytes (total processed so far: 245744)
[2025-01-29 18:30:50.333715] [0x00007f8e9d6b7b80] [trace]   Decrypting block 30 of size 8192
[2025-01-29 18:30:50.333718] [0x00007f8e9d6b7b80] [debug]   Decrypted block 30 produced 8192 bytes
[2025-01-29 18:30:50.333737] [0x00007f8e9d6b7b80] [debug]   Processing block 31: Read 8192 bytes (total processed so far: 253936)
[2025-01-29 18:30:50.333739] [0x00007f8e9d6b7b80] [trace]   Decrypting block 31 of size 8192
[2025-01-29 18:30:50.333742] [0x00007f8e9d6b7b80] [debug]   Decrypted block 31 produced 8192 bytes
[2025-01-29 18:30:50.333745] [0x00007f8e9d6b7b80] [debug]   Processing block 32: Read 8192 bytes (total processed so far: 262128)
[2025-01-29 18:30:50.333746] [0x00007f8e9d6b7b80] [trace]   Decrypting block 32 of size 8192
[2025-01-29 18:30:50.333749] [0x00007f8e9d6b7b80] [debug]   Decrypted block 32 produced 8192 bytes
[2025-01-29 18:30:50.333811] [0x00007f8e9d6b7b80] [debug]   Processing block 33: Read 8192 bytes (total processed so far: 270320)
[2025-01-29 18:30:50.333817] [0x00007f8e9d6b7b80] [trace]   Decrypting block 33 of size 8192
[2025-01-29 18:30:50.333820] [0x00007f8e9d6b7b80] [debug]   Decrypted block 33 produced 8192 bytes
[2025-01-29 18:30:50.333824] [0x00007f8e9d6b7b80] [debug]   Processing block 34: Read 8192 bytes (total processed so far: 278512)
[2025-01-29 18:30:50.333826] [0x00007f8e9d6b7b80] [trace]   Decrypting block 34 of size 8192
[2025-01-29 18:30:50.333830] [0x00007f8e9d6b7b80] [debug]   Decrypted block 34 produced 8192 bytes
[2025-01-29 18:30:50.333834] [0x00007f8e9d6b7b80] [debug]   Processing block 35: Read 8192 bytes (total processed so far: 286704)
[2025-01-29 18:30:50.333836] [0x00007f8e9d6b7b80] [trace]   Decrypting block 35 of size 8192
[2025-01-29 18:30:50.333840] [0x00007f8e9d6b7b80] [debug]   Decrypted block 35 produced 8192 bytes
[2025-01-29 18:30:50.333846] [0x00007f8e9d6b7b80] [debug]   Processing block 36: Read 8192 bytes (total processed so far: 294896)
[2025-01-29 18:30:50.333848] [0x00007f8e9d6b7b80] [trace]   Decrypting block 36 of size 8192
[2025-01-29 18:30:50.333851] [0x00007f8e9d6b7b80] [debug]   Decrypted block 36 produced 8192 bytes
[2025-01-29 18:30:50.333855] [0x00007f8e9d6b7b80] [debug]   Processing block 37: Read 8192 bytes (total processed so far: 303088)
[2025-01-29 18:30:50.333859] [0x00007f8e9d6b7b80] [trace]   Decrypting block 37 of size 8192
[2025-01-29 18:30:50.333862] [0x00007f8e9d6b7b80] [debug]   Decrypted block 37 produced 8192 bytes
[2025-01-29 18:30:50.333865] [0x00007f8e9d6b7b80] [debug]   Processing block 38: Read 8192 bytes (total processed so far: 311280)
[2025-01-29 18:30:50.333867] [0x00007f8e9d6b7b80] [trace]   Decrypting block 38 of size 8192
[2025-01-29 18:30:50.333870] [0x00007f8e9d6b7b80] [debug]   Decrypted block 38 produced 8192 bytes
[2025-01-29 18:30:50.333877] [0x00007f8e9d6b7b80] [debug]   Processing block 39: Read 8192 bytes (total processed so far: 319472)
[2025-01-29 18:30:50.333878] [0x00007f8e9d6b7b80] [trace]   Decrypting block 39 of size 8192
[2025-01-29 18:30:50.333881] [0x00007f8e9d6b7b80] [debug]   Decrypted block 39 produced 8192 bytes
[2025-01-29 18:30:50.333885] [0x00007f8e9d6b7b80] [debug]   Processing block 40: Read 8192 bytes (total processed so far: 327664)
[2025-01-29 18:30:50.333889] [0x00007f8e9d6b7b80] [trace]   Decrypting block 40 of size 8192
[2025-01-29 18:30:50.333892] [0x00007f8e9d6b7b80] [debug]   Decrypted block 40 produced 8192 bytes
[2025-01-29 18:30:50.333896] [0x00007f8e9d6b7b80] [debug]   Processing block 41: Read 8192 bytes (total processed so far: 335856)
[2025-01-29 18:30:50.333897] [0x00007f8e9d6b7b80] [trace]   Decrypting block 41 of size 8192
[2025-01-29 18:30:50.333901] [0x00007f8e9d6b7b80] [debug]   Decrypted block 41 produced 8192 bytes
[2025-01-29 18:30:50.333908] [0x00007f8e9d6b7b80] [debug]   Processing block 42: Read 8192 bytes (total processed so far: 344048)
[2025-01-29 18:30:50.333910] [0x00007f8e9d6b7b80] [trace]   Decrypting block 42 of size 8192
[2025-01-29 18:30:50.333913] [0x00007f8e9d6b7b80] [debug]   Decrypted block 42 produced 8192 bytes
[2025-01-29 18:30:50.333916] [0x00007f8e9d6b7b80] [debug]   Processing block 43: Read 8192 bytes (total processed so far: 352240)
[2025-01-29 18:30:50.333918] [0x00007f8e9d6b7b80] [trace]   Decrypting block 43 of size 8192
[2025-01-29 18:30:50.333922] [0x00007f8e9d6b7b80] [debug]   Decrypted block 43 produced 8192 bytes
[2025-01-29 18:30:50.333926] [0x00007f8e9d6b7b80] [debug]   Processing block 44: Read 8192 bytes (total processed so far: 360432)
[2025-01-29 18:30:50.333928] [0x00007f8e9d6b7b80] [trace]   Decrypting block 44 of size 8192
[2025-01-29 18:30:50.333931] [0x00007f8e9d6b7b80] [debug]   Decrypted block 44 produced 8192 bytes
[2025-01-29 18:30:50.333935] [0x00007f8e9d6b7b80] [debug]   Processing block 45: Read 8192 bytes (total processed so far: 368624)
[2025-01-29 18:30:50.333937] [0x00007f8e9d6b7b80] [trace]   Decrypting block 45 of size 8192
[2025-01-29 18:30:50.333940] [0x00007f8e9d6b7b80] [debug]   Decrypted block 45 produced 8192 bytes
[2025-01-29 18:30:50.333944] [0x00007f8e9d6b7b80] [debug]   Processing block 46: Read 8192 bytes (total processed so far: 376816)
[2025-01-29 18:30:50.333949] [0x00007f8e9d6b7b80] [trace]   Decrypting block 46 of size 8192
[2025-01-29 18:30:50.333952] [0x00007f8e9d6b7b80] [debug]   Decrypted block 46 produced 8192 bytes
[2025-01-29 18:30:50.333955] [0x00007f8e9d6b7b80] [debug]   Processing block 47: Read 8192 bytes (total processed so far: 385008)
[2025-01-29 18:30:50.333957] [0x00007f8e9d6b7b80] [trace]   Decrypting block 47 of size 8192
[2025-01-29 18:30:50.333960] [0x00007f8e9d6b7b80] [debug]   Decrypted block 47 produced 8192 bytes
[2025-01-29 18:30:50.333967] [0x00007f8e9d6b7b80] [debug]   Processing block 48: Read 8192 bytes (total processed so far: 393200)
[2025-01-29 18:30:50.333968] [0x00007f8e9d6b7b80] [trace]   Decrypting block 48 of size 8192
[2025-01-29 18:30:50.333971] [0x00007f8e9d6b7b80] [debug]   Decrypted block 48 produced 8192 bytes
[2025-01-29 18:30:50.333976] [0x00007f8e9d6b7b80] [debug]   Processing block 49: Read 8192 bytes (total processed so far: 401392)
[2025-01-29 18:30:50.333981] [0x00007f8e9d6b7b80] [trace]   Decrypting block 49 of size 8192
[2025-01-29 18:30:50.333983] [0x00007f8e9d6b7b80] [debug]   Decrypted block 49 produced 8192 bytes
[2025-01-29 18:30:50.333987] [0x00007f8e9d6b7b80] [debug]   Processing block 50: Read 8192 bytes (total processed so far: 409584)
[2025-01-29 18:30:50.333989] [0x00007f8e9d6b7b80] [trace]   Decrypting block 50 of size 8192
[2025-01-29 18:30:50.333992] [0x00007f8e9d6b7b80] [debug]   Decrypted block 50 produced 8192 bytes
[2025-01-29 18:30:50.333996] [0x00007f8e9d6b7b80] [debug]   Processing block 51: Read 8192 bytes (total processed so far: 417776)
[2025-01-29 18:30:50.334003] [0x00007f8e9d6b7b80] [trace]   Decrypting block 51 of size 8192
[2025-01-29 18:30:50.334006] [0x00007f8e9d6b7b80] [debug]   Decrypted block 51 produced 8192 bytes
[2025-01-29 18:30:50.334009] [0x00007f8e9d6b7b80] [debug]   Processing block 52: Read 8192 bytes (total processed so far: 425968)
[2025-01-29 18:30:50.334011] [0x00007f8e9d6b7b80] [trace]   Decrypting block 52 of size 8192
[2025-01-29 18:30:50.334014] [0x00007f8e9d6b7b80] [debug]   Decrypted block 52 produced 8192 bytes
[2025-01-29 18:30:50.334017] [0x00007f8e9d6b7b80] [debug]   Processing block 53: Read 8192 bytes (total processed so far: 434160)
[2025-01-29 18:30:50.334019] [0x00007f8e9d6b7b80] [trace]   Decrypting block 53 of size 8192
[2025-01-29 18:30:50.334022] [0x00007f8e9d6b7b80] [debug]   Decrypted block 53 produced 8192 bytes
[2025-01-29 18:30:50.334030] [0x00007f8e9d6b7b80] [debug]   Processing block 54: Read 8192 bytes (total processed so far: 442352)
[2025-01-29 18:30:50.334032] [0x00007f8e9d6b7b80] [trace]   Decrypting block 54 of size 8192
[2025-01-29 18:30:50.334034] [0x00007f8e9d6b7b80] [debug]   Decrypted block 54 produced 8192 bytes
[2025-01-29 18:30:50.334038] [0x00007f8e9d6b7b80] [debug]   Processing block 55: Read 8192 bytes (total processed so far: 450544)
[2025-01-29 18:30:50.334045] [0x00007f8e9d6b7b80] [trace]   Decrypting block 55 of size 8192
[2025-01-29 18:30:50.334049] [0x00007f8e9d6b7b80] [debug]   Decrypted block 55 produced 8192 bytes
[2025-01-29 18:30:50.334057] [0x00007f8e9d6b7b80] [debug]   Processing block 56: Read 8192 bytes (total processed so far: 458736)
[2025-01-29 18:30:50.334063] [0x00007f8e9d6b7b80] [trace]   Decrypting block 56 of size 8192
[2025-01-29 18:30:50.334065] [0x00007f8e9d6b7b80] [debug]   Decrypted block 56 produced 8192 bytes
[2025-01-29 18:30:50.334070] [0x00007f8e9d6b7b80] [debug]   Processing block 57: Read 8192 bytes (total processed so far: 466928)
[2025-01-29 18:30:50.334075] [0x00007f8e9d6b7b80] [trace]   Decrypting block 57 of size 8192
[2025-01-29 18:30:50.334077] [0x00007f8e9d6b7b80] [debug]   Decrypted block 57 produced 8192 bytes
[2025-01-29 18:30:50.334081] [0x00007f8e9d6b7b80] [debug]   Processing block 58: Read 8192 bytes (total processed so far: 475120)
[2025-01-29 18:30:50.334083] [0x00007f8e9d6b7b80] [trace]   Decrypting block 58 of size 8192
[2025-01-29 18:30:50.334086] [0x00007f8e9d6b7b80] [debug]   Decrypted block 58 produced 8192 bytes
[2025-01-29 18:30:50.334092] [0x00007f8e9d6b7b80] [debug]   Processing block 59: Read 8192 bytes (total processed so far: 483312)
[2025-01-29 18:30:50.334094] [0x00007f8e9d6b7b80] [trace]   Decrypting block 59 of size 8192
[2025-01-29 18:30:50.334097] [0x00007f8e9d6b7b80] [debug]   Decrypted block 59 produced 8192 bytes
[2025-01-29 18:30:50.334101] [0x00007f8e9d6b7b80] [debug]   Processing block 60: Read 8192 bytes (total processed so far: 491504)
[2025-01-29 18:30:50.334105] [0x00007f8e9d6b7b80] [trace]   Decrypting block 60 of size 8192
[2025-01-29 18:30:50.334108] [0x00007f8e9d6b7b80] [debug]   Decrypted block 60 produced 8192 bytes
[2025-01-29 18:30:50.334112] [0x00007f8e9d6b7b80] [debug]   Processing block 61: Read 8192 bytes (total processed so far: 499696)
[2025-01-29 18:30:50.334114] [0x00007f8e9d6b7b80] [trace]   Decrypting block 61 of size 8192
[2025-01-29 18:30:50.334117] [0x00007f8e9d6b7b80] [debug]   Decrypted block 61 produced 8192 bytes
[2025-01-29 18:30:50.334124] [0x00007f8e9d6b7b80] [debug]   Processing block 62: Read 8192 bytes (total processed so far: 507888)
[2025-01-29 18:30:50.334125] [0x00007f8e9d6b7b80] [trace]   Decrypting block 62 of size 8192
[2025-01-29 18:30:50.334129] [0x00007f8e9d6b7b80] [debug]   Decrypted block 62 produced 8192 bytes
[2025-01-29 18:30:50.334132] [0x00007f8e9d6b7b80] [debug]   Processing block 63: Read 8192 bytes (total processed so far: 516080)
[2025-01-29 18:30:50.334137] [0x00007f8e9d6b7b80] [trace]   Decrypting block 63 of size 8192
[2025-01-29 18:30:50.334139] [0x00007f8e9d6b7b80] [debug]   Decrypted block 63 produced 8192 bytes
[2025-01-29 18:30:50.334142] [0x00007f8e9d6b7b80] [debug]   Processing block 64: Read 8192 bytes (total processed so far: 524272)
[2025-01-29 18:30:50.334146] [0x00007f8e9d6b7b80] [trace]   Decrypting block 64 of size 8192
[2025-01-29 18:30:50.334150] [0x00007f8e9d6b7b80] [debug]   Decrypted block 64 produced 8192 bytes
[2025-01-29 18:30:50.334341] [0x00007f8e9d6b7b80] [debug]   Processing block 65: Read 8192 bytes (total processed so far: 532464)
[2025-01-29 18:30:50.334348] [0x00007f8e9d6b7b80] [trace]   Decrypting block 65 of size 8192
[2025-01-29 18:30:50.334351] [0x00007f8e9d6b7b80] [debug]   Decrypted block 65 produced 8192 bytes
[2025-01-29 18:30:50.334356] [0x00007f8e9d6b7b80] [debug]   Processing block 66: Read 8192 bytes (total processed so far: 540656)
[2025-01-29 18:30:50.334358] [0x00007f8e9d6b7b80] [trace]   Decrypting block 66 of size 8192
[2025-01-29 18:30:50.334361] [0x00007f8e9d6b7b80] [debug]   Decrypted block 66 produced 8192 bytes
[2025-01-29 18:30:50.334368] [0x00007f8e9d6b7b80] [debug]   Processing block 67: Read 8192 bytes (total processed so far: 548848)
[2025-01-29 18:30:50.334369] [0x00007f8e9d6b7b80] [trace]   Decrypting block 67 of size 8192
[2025-01-29 18:30:50.334372] [0x00007f8e9d6b7b80] [debug]   Decrypted block 67 produced 8192 bytes
[2025-01-29 18:30:50.334378] [0x00007f8e9d6b7b80] [debug]   Processing block 68: Read 8192 bytes (total processed so far: 557040)
[2025-01-29 18:30:50.334382] [0x00007f8e9d6b7b80] [trace]   Decrypting block 68 of size 8192
[2025-01-29 18:30:50.334385] [0x00007f8e9d6b7b80] [debug]   Decrypted block 68 produced 8192 bytes
[2025-01-29 18:30:50.334389] [0x00007f8e9d6b7b80] [debug]   Processing block 69: Read 8192 bytes (total processed so far: 565232)
[2025-01-29 18:30:50.334396] [0x00007f8e9d6b7b80] [trace]   Decrypting block 69 of size 8192
[2025-01-29 18:30:50.334401] [0x00007f8e9d6b7b80] [debug]   Decrypted block 69 produced 8192 bytes
[2025-01-29 18:30:50.334407] [0x00007f8e9d6b7b80] [debug]   Processing block 70: Read 8192 bytes (total processed so far: 573424)
[2025-01-29 18:30:50.334411] [0x00007f8e9d6b7b80] [trace]   Decrypting block 70 of size 8192
[2025-01-29 18:30:50.334414] [0x00007f8e9d6b7b80] [debug]   Decrypted block 70 produced 8192 bytes
[2025-01-29 18:30:50.334419] [0x00007f8e9d6b7b80] [debug]   Processing block 71: Read 8192 bytes (total processed so far: 581616)
[2025-01-29 18:30:50.334423] [0x00007f8e9d6b7b80] [trace]   Decrypting block 71 of size 8192
[2025-01-29 18:30:50.334426] [0x00007f8e9d6b7b80] [debug]   Decrypted block 71 produced 8192 bytes
[2025-01-29 18:30:50.334437] [0x00007f8e9d6b7b80] [debug]   Processing block 72: Read 8192 bytes (total processed so far: 589808)
[2025-01-29 18:30:50.334441] [0x00007f8e9d6b7b80] [trace]   Decrypting block 72 of size 8192
[2025-01-29 18:30:50.334444] [0x00007f8e9d6b7b80] [debug]   Decrypted block 72 produced 8192 bytes
[2025-01-29 18:30:50.334448] [0x00007f8e9d6b7b80] [debug]   Processing block 73: Read 8192 bytes (total processed so far: 598000)
[2025-01-29 18:30:50.334450] [0x00007f8e9d6b7b80] [trace]   Decrypting block 73 of size 8192
[2025-01-29 18:30:50.334453] [0x00007f8e9d6b7b80] [debug]   Decrypted block 73 produced 8192 bytes
[2025-01-29 18:30:50.334460] [0x00007f8e9d6b7b80] [debug]   Processing block 74: Read 8192 bytes (total processed so far: 606192)
[2025-01-29 18:30:50.334462] [0x00007f8e9d6b7b80] [trace]   Decrypting block 74 of size 8192
[2025-01-29 18:30:50.334465] [0x00007f8e9d6b7b80] [debug]   Decrypted block 74 produced 8192 bytes
[2025-01-29 18:30:50.334470] [0x00007f8e9d6b7b80] [debug]   Processing block 75: Read 8192 bytes (total processed so far: 614384)
[2025-01-29 18:30:50.334475] [0x00007f8e9d6b7b80] [trace]   Decrypting block 75 of size 8192
[2025-01-29 18:30:50.334477] [0x00007f8e9d6b7b80] [debug]   Decrypted block 75 produced 8192 bytes
[2025-01-29 18:30:50.334482] [0x00007f8e9d6b7b80] [debug]   Processing block 76: Read 8192 bytes (total processed so far: 622576)
[2025-01-29 18:30:50.334483] [0x00007f8e9d6b7b80] [trace]   Decrypting block 76 of size 8192
[2025-01-29 18:30:50.334486] [0x00007f8e9d6b7b80] [debug]   Decrypted block 76 produced 8192 bytes
[2025-01-29 18:30:50.334490] [0x00007f8e9d6b7b80] [debug]   Processing block 77: Read 8192 bytes (total processed so far: 630768)
[2025-01-29 18:30:50.334498] [0x00007f8e9d6b7b80] [trace]   Decrypting block 77 of size 8192
[2025-01-29 18:30:50.334500] [0x00007f8e9d6b7b80] [debug]   Decrypted block 77 produced 8192 bytes
[2025-01-29 18:30:50.334505] [0x00007f8e9d6b7b80] [debug]   Processing block 78: Read 8192 bytes (total processed so far: 638960)
[2025-01-29 18:30:50.334507] [0x00007f8e9d6b7b80] [trace]   Decrypting block 78 of size 8192
[2025-01-29 18:30:50.334510] [0x00007f8e9d6b7b80] [debug]   Decrypted block 78 produced 8192 bytes
[2025-01-29 18:30:50.334520] [0x00007f8e9d6b7b80] [debug]   Processing block 79: Read 8192 bytes (total processed so far: 647152)
[2025-01-29 18:30:50.334523] [0x00007f8e9d6b7b80] [trace]   Decrypting block 79 of size 8192
[2025-01-29 18:30:50.334526] [0x00007f8e9d6b7b80] [debug]   Decrypted block 79 produced 8192 bytes
[2025-01-29 18:30:50.334536] [0x00007f8e9d6b7b80] [debug]   Processing block 80: Read 8192 bytes (total processed so far: 655344)
[2025-01-29 18:30:50.334538] [0x00007f8e9d6b7b80] [trace]   Decrypting block 80 of size 8192
[2025-01-29 18:30:50.334540] [0x00007f8e9d6b7b80] [debug]   Decrypted block 80 produced 8192 bytes
[2025-01-29 18:30:50.334545] [0x00007f8e9d6b7b80] [debug]   Processing block 81: Read 8192 bytes (total processed so far: 663536)
[2025-01-29 18:30:50.334551] [0x00007f8e9d6b7b80] [trace]   Decrypting block 81 of size 8192
[2025-01-29 18:30:50.334556] [0x00007f8e9d6b7b80] [debug]   Decrypted block 81 produced 8192 bytes
[2025-01-29 18:30:50.334563] [0x00007f8e9d6b7b80] [debug]   Processing block 82: Read 8192 bytes (total processed so far: 671728)
[2025-01-29 18:30:50.334570] [0x00007f8e9d6b7b80] [trace]   Decrypting block 82 of size 8192
[2025-01-29 18:30:50.334574] [0x00007f8e9d6b7b80] [debug]   Decrypted block 82 produced 8192 bytes
[2025-01-29 18:30:50.334582] [0x00007f8e9d6b7b80] [debug]   Processing block 83: Read 8192 bytes (total processed so far: 679920)
[2025-01-29 18:30:50.334586] [0x00007f8e9d6b7b80] [trace]   Decrypting block 83 of size 8192
[2025-01-29 18:30:50.334589] [0x00007f8e9d6b7b80] [debug]   Decrypted block 83 produced 8192 bytes
[2025-01-29 18:30:50.334593] [0x00007f8e9d6b7b80] [debug]   Processing block 84: Read 8192 bytes (total processed so far: 688112)
[2025-01-29 18:30:50.334598] [0x00007f8e9d6b7b80] [trace]   Decrypting block 84 of size 8192
[2025-01-29 18:30:50.334600] [0x00007f8e9d6b7b80] [debug]   Decrypted block 84 produced 8192 bytes
[...]
[2025-01-29 18:30:56.203369] [0x00007f351102a6c0] [debug]   Stream processor configured
[2025-01-29 18:30:56.203372] [0x00007f351102a6c0] [debug]   Attempting to start stream processing
[2025-01-29 18:30:56.203426] [0x00007f351102a6c0] [info]    Stream processing started successfully
[2025-01-29 18:30:56.203433] [0x00007f351102a6c0] [info]    Accepted and initialized new connection from peer: 2
[2025-01-29 18:30:56.203436] [0x00007f351102a6c0] [debug]   Creating new socket for incoming connection
[2025-01-29 18:30:56.203447] [0x00007f351102a6c0] [debug]   Handshake complete for peer: 2
[2025-01-29 18:30:56.203450] [0x00007f351102a6c0] [debug]   Creating new socket for incoming connection
[2025-01-29 18:30:56.203462] [0x00007f35108296c0] [info]    Received ID: 1
[2025-01-29 18:30:56.203465] [0x00007f35108296c0] [debug]   Creating new peer with ID: 1
[2025-01-29 18:30:56.203479] [0x00007f35108296c0] [info]    Initializing Codec with key of size: 32
[2025-01-29 18:30:56.203482] [0x00007f35108296c0] [debug]   Constructing TCP_Peer
[2025-01-29 18:30:56.203485] [0x00007f35108296c0] [debug]   Input stream initialized
[2025-01-29 18:30:56.203488] [0x00007f35037fe6c0] [debug]   Setting up stream processing
[2025-01-29 18:30:56.203500] [0x00007f35037fe6c0] [trace]   Setting up next async read
[2025-01-29 18:30:56.203509] [0x00007f35108296c0] [info]    TCP_Peer instance created successfully
[2025-01-29 18:30:56.203512] [0x00007f35108296c0] [info]    Added peer with ID: 1
[2025-01-29 18:30:56.203515] [0x00007f35108296c0] [debug]   Setting stream processor
[2025-01-29 18:30:56.203519] [0x00007f35108296c0] [debug]   Stream processor configured
[2025-01-29 18:30:56.203521] [0x00007f35108296c0] [debug]   Attempting to start stream processing
[2025-01-29 18:30:56.203557] [0x00007f35108296c0] [info]    Stream processing started successfully
[2025-01-29 18:30:56.203561] [0x00007f35108296c0] [info]    Accepted and initialized new connection from peer: 1
[2025-01-29 18:30:56.203563] [0x00007f35108296c0] [debug]   Creating new socket for incoming connection
[2025-01-29 18:30:56.203565] [0x00007f35108296c0] [info]    Bootstrap program: Bootstrap successfully started
[2025-01-29 18:30:56.203846] [0x00007f3502ffd6c0] [debug]   Setting up stream processing
[2025-01-29 18:30:56.203860] [0x00007f3502ffd6c0] [trace]   Setting up next async read
[2025-01-29 18:31:00.201805] [0x00007f3512833d80] [info]    Storing file with filename: test.txt
[2025-01-29 18:31:00.201873] [0x00007f3512833d80] [info]    Storing data with key: test.txt
[2025-01-29 18:31:00.201882] [0x00007f3512833d80] [debug]   Generating hash for key: test.txt
[2025-01-29 18:31:00.203830] [0x00007f3512833d80] [debug]   Generated hash: a6ed0c785d4590bc95c216bcf514384eee6765b1c2b732d0b0a1ad7e14d3204a
[2025-01-29 18:31:00.203849] [0x00007f3512833d80] [debug]   Calculated path: fileserver_1/a6/ed/0c/785d4590bc95c216bcf514384eee6765b1c2b732d0b0a1ad7e14d3204a
[2025-01-29 18:31:00.203859] [0x00007f3512833d80] [debug]   Calculated file path: fileserver_1/a6/ed/0c/785d4590bc95c216bcf514384eee6765b1c2b732d0b0a1ad7e14d3204a
[2025-01-29 18:31:00.203999] [0x00007f3512833d80] [info]    Successfully stored 17 bytes with key: test.txt
[2025-01-29 18:31:00.204017] [0x00007f3512833d80] [info]    Preparing file: test.txt for broadcast with message type: 0
[2025-01-29 18:31:00.204021] [0x00007f3512833d80] [info]    Initializing CryptoStream
[2025-01-29 18:31:00.204025] [0x00007f3512833d80] [debug]   CryptoStream initialization complete
[2025-01-29 18:31:00.204028] [0x00007f3512833d80] [debug]   Generating initialization vector
[2025-01-29 18:31:00.204699] [0x00007f3512833d80] [debug]   Successfully generated initialization vector
[2025-01-29 18:31:00.204712] [0x00007f3512833d80] [info]    Retrieving data for key: test.txt
[2025-01-29 18:31:00.204715] [0x00007f3512833d80] [debug]   Generating hash for key: test.txt
[2025-01-29 18:31:00.204723] [0x00007f3512833d80] [debug]   Generated hash: a6ed0c785d4590bc95c216bcf514384eee6765b1c2b732d0b0a1ad7e14d3204a
[2025-01-29 18:31:00.204729] [0x00007f3512833d80] [debug]   Calculated path: fileserver_1/a6/ed/0c/785d4590bc95c216bcf514384eee6765b1c2b732d0b0a1ad7e14d3204a
[2025-01-29 18:31:00.204749] [0x00007f3512833d80] [info]    Successfully streamed 17 bytes for key: test.txt
[2025-01-29 18:31:00.204769] [0x00007f3512833d80] [info]    Initializing CryptoStream
[2025-01-29 18:31:00.204774] [0x00007f3512833d80] [debug]   CryptoStream initialization complete
[2025-01-29 18:31:00.204776] [0x00007f3512833d80] [info]    Initializing CryptoStream
[2025-01-29 18:31:00.204777] [0x00007f3512833d80] [debug]   CryptoStream initialization complete
[2025-01-29 18:31:00.204779] [0x00007f3512833d80] [info]    Initializing crypto parameters
[2025-01-29 18:31:00.204782] [0x00007f3512833d80] [debug]   Crypto parameters initialized successfully
[2025-01-29 18:31:00.204785] [0x00007f3512833d80] [info]    Initializing crypto parameters
[2025-01-29 18:31:00.204789] [0x00007f3512833d80] [debug]   Crypto parameters initialized successfully
[2025-01-29 18:31:00.204793] [0x00007f3512833d80] [info]    Starting message frame serialization
[2025-01-29 18:31:00.204801] [0x00007f3512833d80] [debug]   Writing IV of size: 16
[2025-01-29 18:31:00.204803] [0x00007f3512833d80] [debug]   Writing message type: 0
[2025-01-29 18:31:00.204805] [0x00007f3512833d80] [debug]   Writing source id: 1
[2025-01-29 18:31:00.204807] [0x00007f3512833d80] [debug]   Writing payload size: 25
[2025-01-29 18:31:00.204808] [0x00007f3512833d80] [debug]   Writing filename length: 8
[2025-01-29 18:31:00.204815] [0x00007f3512833d80] [info]    Starting stream encryption
[2025-01-29 18:31:00.204820] [0x00007f3512833d80] [debug]   Initializing cipher for encryption
[2025-01-29 18:31:00.204826] [0x00007f3512833d80] [debug]   Cipher initialization complete
[2025-01-29 18:31:00.204834] [0x00007f3512833d80] [debug]   Processing block 0: Read 4 bytes (total processed so far: 0)
[2025-01-29 18:31:00.204836] [0x00007f3512833d80] [trace]   Encrypting block 0 of size 4
[2025-01-29 18:31:00.204838] [0x00007f3512833d80] [debug]   Finalizing encryption after 1 blocks
[2025-01-29 18:31:00.204841] [0x00007f3512833d80] [debug]   Writing final block of size 16
[2025-01-29 18:31:00.204844] [0x00007f3512833d80] [info]    Completed encryption: Processed 16 bytes in 1 blocks
[2025-01-29 18:31:00.204846] [0x00007f3512833d80] [debug]   Writing encrypted filename length
[2025-01-29 18:31:00.204848] [0x00007f3512833d80] [debug]   Encrypting and writing payload of size: 25
[2025-01-29 18:31:00.204850] [0x00007f3512833d80] [info]    Starting stream encryption
[2025-01-29 18:31:00.204852] [0x00007f3512833d80] [debug]   Initializing cipher for encryption
[2025-01-29 18:31:00.204856] [0x00007f3512833d80] [debug]   Cipher initialization complete
[2025-01-29 18:31:00.204861] [0x00007f3512833d80] [debug]   Processing block 0: Read 25 bytes (total processed so far: 0)
[2025-01-29 18:31:00.204862] [0x00007f3512833d80] [trace]   Encrypting block 0 of size 25
[2025-01-29 18:31:00.204864] [0x00007f3512833d80] [debug]   Encrypted block 0 produced 16 bytes
[2025-01-29 18:31:00.204866] [0x00007f3512833d80] [debug]   Finalizing encryption after 1 blocks
[2025-01-29 18:31:00.204867] [0x00007f3512833d80] [debug]   Writing final block of size 16
[2025-01-29 18:31:00.204869] [0x00007f3512833d80] [info]    Completed encryption: Processed 32 bytes in 1 blocks
[2025-01-29 18:31:00.204871] [0x00007f3512833d80] [info]    Encrypted message frame serialization complete. Total bytes written: 67
[2025-01-29 18:31:00.204873] [0x00007f3512833d80] [debug]   Cleaning up CryptoStream resources
[2025-01-29 18:31:00.204875] [0x00007f3512833d80] [debug]   Cleaning up CryptoStream resources
[2025-01-29 18:31:00.204878] [0x00007f3512833d80] [debug]   Broadcasting file to all peers
[2025-01-29 18:31:00.204884] [0x00007f3512833d80] [debug]   Peer 2 starting to read and send data chunks
[2025-01-29 18:31:00.204891] [0x00007f3512833d80] [debug]   Peer 2 read 74 bytes from stream
[2025-01-29 18:31:00.204927] [0x00007f3512833d80] [debug]   Sent 74 bytes from stream
[2025-01-29 18:31:00.204941] [0x00007f3512833d80] [debug]   Sent message delimiter
[2025-01-29 18:31:00.204947] [0x00007f3512833d80] [debug]   Successfully broadcast to peer: 2
[2025-01-29 18:31:00.204949] [0x00007f3512833d80] [info]    Broadcast completed. Successfully sent to 1 out of 1 peers
[2025-01-29 18:31:00.204951] [0x00007f3512833d80] [info]    Successfully prepared and sent file: test.txt
[2025-01-29 18:31:00.204954] [0x00007f3512833d80] [debug]   Cleaning up CryptoStream resources
[2025-01-29 18:31:00.204956] [0x00007f3512833d80] [info]    Successfully stored and broadcasted file: test.txt
[2025-01-29 18:31:00.205005] [0x00007f3503fff6c0] [debug]   Read callback triggered
[2025-01-29 18:31:00.205020] [0x00007f3503fff6c0] [debug]   Read from buffer - got 74 bytes of data
[2025-01-29 18:31:00.205024] [0x00007f3503fff6c0] [debug]   Receiving data
[2025-01-29 18:31:00.205033] [0x00007f3503fff6c0] [debug]   Processing data from 127.0.0.1:3001
[2025-01-29 18:31:00.205036] [0x00007f3503fff6c0] [info]    Initializing CryptoStream
[2025-01-29 18:31:00.205040] [0x00007f3503fff6c0] [debug]   CryptoStream initialization complete
[2025-01-29 18:31:00.205047] [0x00007f3503fff6c0] [info]    Initializing CryptoStream
[2025-01-29 18:31:00.205051] [0x00007f3503fff6c0] [debug]   CryptoStream initialization complete
[2025-01-29 18:31:00.205053] [0x00007f3503fff6c0] [info]    Starting message frame deserialization
[2025-01-29 18:31:00.205057] [0x00007f3503fff6c0] [debug]   Reading IV
[2025-01-29 18:31:00.205060] [0x00007f3503fff6c0] [info]    Initializing crypto parameters
[2025-01-29 18:31:00.205063] [0x00007f3503fff6c0] [debug]   Crypto parameters initialized successfully
[2025-01-29 18:31:00.205065] [0x00007f3503fff6c0] [info]    Initializing crypto parameters
[2025-01-29 18:31:00.205068] [0x00007f3503fff6c0] [debug]   Crypto parameters initialized successfully
[2025-01-29 18:31:00.205071] [0x00007f3503fff6c0] [debug]   Read message type: 0
[2025-01-29 18:31:00.205077] [0x00007f3503fff6c0] [debug]   Read source id: 1
[2025-01-29 18:31:00.205080] [0x00007f3503fff6c0] [debug]   Read payload size: 25
[2025-01-29 18:31:00.205088] [0x00007f3503fff6c0] [info]    Starting stream decryption
[2025-01-29 18:31:00.205095] [0x00007f3503fff6c0] [debug]   Initializing cipher for decryption
[2025-01-29 18:31:00.205108] [0x00007f3503fff6c0] [debug]   Cipher initialization complete
[2025-01-29 18:31:00.205114] [0x00007f3503fff6c0] [debug]   Processing block 0: Read 16 bytes (total processed so far: 0)
[2025-01-29 18:31:00.205117] [0x00007f3503fff6c0] [trace]   Decrypting block 0 of size 16
[2025-01-29 18:31:00.205120] [0x00007f3503fff6c0] [debug]   Finalizing decryption after 1 blocks
[2025-01-29 18:31:00.205129] [0x00007f3503fff6c0] [debug]   Writing final block of size 4
[2025-01-29 18:31:00.205135] [0x00007f3503fff6c0] [info]    Completed decryption: Processed 4 bytes in 1 blocks
[2025-01-29 18:31:00.205139] [0x00007f3503fff6c0] [debug]   Read decrypted filename length: 8
[2025-01-29 18:31:00.205142] [0x00007f3503fff6c0] [debug]   Added message frame to channel. Channel size: 1
[2025-01-29 18:31:00.205144] [0x00007f3503fff6c0] [debug]   New frame added to channel
[2025-01-29 18:31:00.205146] [0x00007f3503fff6c0] [debug]   Decrypting payload of size: 25
[2025-01-29 18:31:00.205147] [0x00007f3503fff6c0] [info]    Starting stream decryption
[2025-01-29 18:31:00.205149] [0x00007f3503fff6c0] [debug]   Initializing cipher for decryption
[2025-01-29 18:31:00.205153] [0x00007f3503fff6c0] [debug]   Cipher initialization complete
[2025-01-29 18:31:00.205170] [0x00007f3503fff6c0] [debug]   Processing block 0: Read 32 bytes (total processed so far: 0)
[2025-01-29 18:31:00.205177] [0x00007f3503fff6c0] [trace]   Decrypting block 0 of size 32
[2025-01-29 18:31:00.205180] [0x00007f3503fff6c0] [debug]   Decrypted block 0 produced 16 bytes
[2025-01-29 18:31:00.205184] [0x00007f3503fff6c0] [debug]   Finalizing decryption after 1 blocks
[2025-01-29 18:31:00.205204] [0x00007f3503fff6c0] [debug]   Writing final block of size 9
[2025-01-29 18:31:00.205208] [0x00007f3503fff6c0] [info]    Completed decryption: Processed 25 bytes in 1 blocks
[2025-01-29 18:31:00.205212] [0x00007f3503fff6c0] [info]    Message frame deserialization complete. Total bytes read: 67
[2025-01-29 18:31:00.205215] [0x00007f3503fff6c0] [debug]   Cleaning up CryptoStream resources
[2025-01-29 18:31:00.205218] [0x00007f3503fff6c0] [debug]   Cleaning up CryptoStream resources
[2025-01-29 18:31:00.205222] [0x00007f3503fff6c0] [trace]   Setting up next async read
[2025-01-29 18:31:00.211930] [0x00007f351202c6c0] [debug]   Retrieved message frame from channel. Channel size: 0
[2025-01-29 18:31:00.211938] [0x00007f351202c6c0] [debug]   Retrieved message from channel, type: 0
[2025-01-29 18:31:00.211941] [0x00007f351202c6c0] [info]    Handling message of type: 0
[2025-01-29 18:31:00.211943] [0x00007f351202c6c0] [debug]   Forwarding to handle_store
[2025-01-29 18:31:00.211944] [0x00007f351202c6c0] [info]    Handling store message frame
[2025-01-29 18:31:00.211948] [0x00007f351202c6c0] [debug]   Successfully extracted filename: test.txt
[2025-01-29 18:31:00.211955] [0x00007f351202c6c0] [info]    Storing data with key: test.txt
[2025-01-29 18:31:00.211959] [0x00007f351202c6c0] [debug]   Generating hash for key: test.txt
[2025-01-29 18:31:00.211967] [0x00007f351202c6c0] [debug]   Generated hash: a6ed0c785d4590bc95c216bcf514384eee6765b1c2b732d0b0a1ad7e14d3204a
[2025-01-29 18:31:00.211975] [0x00007f351202c6c0] [debug]   Calculated path: fileserver_2/a6/ed/0c/785d4590bc95c216bcf514384eee6765b1c2b732d0b0a1ad7e14d3204a
[2025-01-29 18:31:00.211981] [0x00007f351202c6c0] [debug]   Calculated file path: fileserver_2/a6/ed/0c/785d4590bc95c216bcf514384eee6765b1c2b732d0b0a1ad7e14d3204a
[2025-01-29 18:31:00.212094] [0x00007f351202c6c0] [info]    Successfully stored 17 bytes with key: test.txt
[2025-01-29 18:31:00.212106] [0x00007f351202c6c0] [info]    Successfully stored file: test.txt
[2025-01-29 18:31:02.205057] [0x00007f3512833d80] [debug]   Checking existence of key: test.txt
[2025-01-29 18:31:02.205078] [0x00007f3512833d80] [debug]   Generating hash for key: test.txt
[2025-01-29 18:31:02.205104] [0x00007f3512833d80] [debug]   Generated hash: a6ed0c785d4590bc95c216bcf514384eee6765b1c2b732d0b0a1ad7e14d3204a
[2025-01-29 18:31:02.205113] [0x00007f3512833d80] [debug]   Calculated path: fileserver_1/a6/ed/0c/785d4590bc95c216bcf514384eee6765b1c2b732d0b0a1ad7e14d3204a
[2025-01-29 18:31:02.205125] [0x00007f3512833d80] [debug]   Key test.txt exists at path: fileserver_1/a6/ed/0c/785d4590bc95c216bcf514384eee6765b1c2b732d0b0a1ad7e14d3204a
[2025-01-29 18:31:02.205127] [0x00007f3512833d80] [debug]   Checking existence of key: test.txt
[2025-01-29 18:31:02.205129] [0x00007f3512833d80] [debug]   Generating hash for key: test.txt
[2025-01-29 18:31:02.205133] [0x00007f3512833d80] [debug]   Generated hash: a6ed0c785d4590bc95c216bcf514384eee6765b1c2b732d0b0a1ad7e14d3204a
[2025-01-29 18:31:02.205136] [0x00007f3512833d80] [debug]   Calculated path: fileserver_2/a6/ed/0c/785d4590bc95c216bcf514384eee6765b1c2b732d0b0a1ad7e14d3204a
[2025-01-29 18:31:02.205141] [0x00007f3512833d80] [debug]   Key test.txt exists at path: fileserver_2/a6/ed/0c/785d4590bc95c216bcf514384eee6765b1c2b732d0b0a1ad7e14d3204a
[2025-01-29 18:31:02.205144] [0x00007f3512833d80] [info]    Retrieving data for key: test.txt
[2025-01-29 18:31:02.205146] [0x00007f3512833d80] [debug]   Generating hash for key: test.txt
[2025-01-29 18:31:02.205149] [0x00007f3512833d80] [debug]   Generated hash: a6ed0c785d4590bc95c216bcf514384eee6765b1c2b732d0b0a1ad7e14d3204a
[2025-01-29 18:31:02.205152] [0x00007f3512833d80] [debug]   Calculated path: fileserver_2/a6/ed/0c/785d4590bc95c216bcf514384eee6765b1c2b732d0b0a1ad7e14d3204a
[2025-01-29 18:31:02.205176] [0x00007f3512833d80] [info]    Successfully streamed 17 bytes for key: test.txt
[2025-01-29 18:31:02.205257] [0x00007f3512833d80] [info]    Bootstrap program: Initiating shutdown sequence
[2025-01-29 18:31:02.205266] [0x00007f3512833d80] [debug]   Bootstrap program: Shutting down File Server
[2025-01-29 18:31:02.208866] [0x00007f3512833d80] [debug]   Bootstrap program: Shutting down Peer Manager
[2025-01-29 18:31:02.208879] [0x00007f3512833d80] [info]    Initiating PeerManager shutdown
[2025-01-29 18:31:02.208883] [0x00007f3512833d80] [debug]   Stopping stream processing
[2025-01-29 18:31:02.208909] [0x00007f3502ffd6c0] [info]    Stream processing stopped
[2025-01-29 18:31:02.208945] [0x00007f3512833d80] [debug]   Processing thread joined
[2025-01-29 18:31:02.208955] [0x00007f3512833d80] [info]    Stream processing stopped
[2025-01-29 18:31:02.209006] [0x00007f3512833d80] [info]    Successfully disconnected peer: 1
[2025-01-29 18:31:02.209022] [0x00007f3512833d80] [debug]   Disconnected peer: 
[2025-01-29 18:31:02.209026] [0x00007f3512833d80] [info]    PeerManager shutdown complete
[2025-01-29 18:31:02.209029] [0x00007f3512833d80] [debug]   Bootstrap program: Shutting down TCP Server
[2025-01-29 18:31:02.209033] [0x00007f3512833d80] [info]    Initiating server shutdown
[2025-01-29 18:31:02.209074] [0x00007f351102a6c0] [debug]   Read callback triggered
[2025-01-29 18:31:02.209094] [0x00007f351102a6c0] [error]   Read error: End of file
[2025-01-29 18:31:02.209108] [0x00007f351102a6c0] [trace]   Setting up next async read
[2025-01-29 18:31:02.209214] [0x00007f3512833d80] [info]    Server shutdown complete
[2025-01-29 18:31:02.209240] [0x00007f3512833d80] [debug]   Bootstrap program: Shutting down Channel
[2025-01-29 18:31:02.209247] [0x00007f3512833d80] [info]    Bootstrap program: Shutdown complete
[2025-01-29 18:31:02.209251] [0x00007f3512833d80] [info]    Bootstrap program: Initiating shutdown sequence
[2025-01-29 18:31:02.209254] [0x00007f3512833d80] [debug]   Bootstrap program: Shutting down File Server
[2025-01-29 18:31:02.212253] [0x00007f3512833d80] [debug]   Bootstrap program: Shutting down Peer Manager
[2025-01-29 18:31:02.212286] [0x00007f3512833d80] [info]    Initiating PeerManager shutdown
[2025-01-29 18:31:02.212302] [0x00007f3512833d80] [debug]   Stopping stream processing
[2025-01-29 18:31:02.212330] [0x00007f351102a6c0] [debug]   Read callback triggered
[2025-01-29 18:31:02.212370] [0x00007f35037fe6c0] [info]    Stream processing stopped
[2025-01-29 18:31:02.212420] [0x00007f3512833d80] [debug]   Processing thread joined
[2025-01-29 18:31:02.212427] [0x00007f3512833d80] [info]    Stream processing stopped
[2025-01-29 18:31:02.212485] [0x00007f3512833d80] [info]    Successfully disconnected peer: 2
[2025-01-29 18:31:02.212495] [0x00007f3512833d80] [debug]   Disconnected peer: 
[2025-01-29 18:31:02.212498] [0x00007f3512833d80] [info]    PeerManager shutdown complete
[2025-01-29 18:31:02.212501] [0x00007f3512833d80] [debug]   Bootstrap program: Shutting down TCP Server
[2025-01-29 18:31:02.212504] [0x00007f3512833d80] [info]    Initiating server shutdown
[2025-01-29 18:31:02.212565] [0x00007f3512833d80] [info]    Server shutdown complete
[2025-01-29 18:31:02.212584] [0x00007f3512833d80] [debug]   Bootstrap program: Shutting down Channel
[2025-01-29 18:31:02.212589] [0x00007f3512833d80] [info]    Bootstrap program: Shutdown complete
[       OK ] BootstrapTest.FileSharing (7011 ms)
[----------] 1 test from BootstrapTest (7011 ms total)

[----------] Global test environment tear-down
[==========] 1 test from 1 test suite ran. (7011 ms total)
[  PASSED  ] 1 test.
<end of output>
Test time =   7.03 sec
----------------------------------------------------------
Test Passed.
"BootstrapTest.FileSharing" end time: Jan 29 18:31 UTC
"BootstrapTest.FileSharing" time elapsed: 00:00:07
----------------------------------------------------------

End testing: Jan 29 18:31 UTC
