Start testing: Dec 21 03:16 UTC
----------------------------------------------------------
1/31 Testing: CryptoStreamTest.BasicStreamOperation
1/31 Test: CryptoStreamTest.BasicStreamOperation
Command: "/home/runner/StreamCryptoDFS/build/crypto_tests" "--gtest_filter=CryptoStreamTest.BasicStreamOperation" "--gtest_also_run_disabled_tests"
Directory: /home/runner/StreamCryptoDFS/build
"CryptoStreamTest.BasicStreamOperation" start time: Dec 21 03:16 UTC
Output:
----------------------------------------------------------
Running main() from /build/source/googletest/src/gtest_main.cc
Note: Google Test filter = CryptoStreamTest.BasicStreamOperation
[==========] Running 1 test from 1 test suite.
[----------] Global test environment set-up.
[----------] 1 test from CryptoStreamTest
[ RUN      ] CryptoStreamTest.BasicStreamOperation
[2024-12-21 03:16:46.740105] [0x00007fbf95907b80] [info]    Initializing CryptoStream
[2024-12-21 03:16:46.740281] [0x00007fbf95907b80] [debug]   CryptoStream initialization complete
[2024-12-21 03:16:46.740292] [0x00007fbf95907b80] [info]    Initializing crypto parameters
[2024-12-21 03:16:46.740294] [0x00007fbf95907b80] [debug]   Crypto parameters initialized successfully
[2024-12-21 03:16:46.740299] [0x00007fbf95907b80] [info]    Starting stream encryption
[2024-12-21 03:16:46.740301] [0x00007fbf95907b80] [debug]   Initializing cipher for encryption
[2024-12-21 03:16:46.741695] [0x00007fbf95907b80] [debug]   Cipher initialization complete
[2024-12-21 03:16:46.741708] [0x00007fbf95907b80] [info]    Starting stream decryption
[2024-12-21 03:16:46.741710] [0x00007fbf95907b80] [debug]   Initializing cipher for decryption
[2024-12-21 03:16:46.741714] [0x00007fbf95907b80] [debug]   Cipher initialization complete
[2024-12-21 03:16:46.741718] [0x00007fbf95907b80] [debug]   Cleaning up CryptoStream resources
[       OK ] CryptoStreamTest.BasicStreamOperation (1 ms)
[----------] 1 test from CryptoStreamTest (1 ms total)

[----------] Global test environment tear-down
[==========] 1 test from 1 test suite ran. (1 ms total)
[  PASSED  ] 1 test.
<end of output>
Test time =   0.01 sec
----------------------------------------------------------
Test Passed.
"CryptoStreamTest.BasicStreamOperation" end time: Dec 21 03:16 UTC
"CryptoStreamTest.BasicStreamOperation" time elapsed: 00:00:00
----------------------------------------------------------

2/31 Testing: CryptoStreamTest.UninitializedError
2/31 Test: CryptoStreamTest.UninitializedError
Command: "/home/runner/StreamCryptoDFS/build/crypto_tests" "--gtest_filter=CryptoStreamTest.UninitializedError" "--gtest_also_run_disabled_tests"
Directory: /home/runner/StreamCryptoDFS/build
"CryptoStreamTest.UninitializedError" start time: Dec 21 03:16 UTC
Output:
----------------------------------------------------------
Running main() from /build/source/googletest/src/gtest_main.cc
Note: Google Test filter = CryptoStreamTest.UninitializedError
[==========] Running 1 test from 1 test suite.
[----------] Global test environment set-up.
[----------] 1 test from CryptoStreamTest
[ RUN      ] CryptoStreamTest.UninitializedError
[2024-12-21 03:16:46.747419] [0x00007fac2bed8b80] [info]    Initializing CryptoStream
[2024-12-21 03:16:46.747527] [0x00007fac2bed8b80] [debug]   CryptoStream initialization complete
[2024-12-21 03:16:46.747533] [0x00007fac2bed8b80] [info]    Initializing crypto parameters
[2024-12-21 03:16:46.747535] [0x00007fac2bed8b80] [debug]   Crypto parameters initialized successfully
[2024-12-21 03:16:46.747537] [0x00007fac2bed8b80] [info]    Initializing CryptoStream
[2024-12-21 03:16:46.747538] [0x00007fac2bed8b80] [debug]   CryptoStream initialization complete
[2024-12-21 03:16:46.747543] [0x00007fac2bed8b80] [info]    Starting stream encryption
[2024-12-21 03:16:46.747548] [0x00007fac2bed8b80] [debug]   Initializing cipher for encryption
[2024-12-21 03:16:46.747549] [0x00007fac2bed8b80] [error]   Attempted to use uninitialized CryptoStream
[2024-12-21 03:16:46.747575] [0x00007fac2bed8b80] [debug]   Cleaning up CryptoStream resources
[2024-12-21 03:16:46.747582] [0x00007fac2bed8b80] [debug]   Cleaning up CryptoStream resources
[       OK ] CryptoStreamTest.UninitializedError (0 ms)
[----------] 1 test from CryptoStreamTest (0 ms total)

[----------] Global test environment tear-down
[==========] 1 test from 1 test suite ran. (0 ms total)
[  PASSED  ] 1 test.
<end of output>
Test time =   0.01 sec
----------------------------------------------------------
Test Passed.
"CryptoStreamTest.UninitializedError" end time: Dec 21 03:16 UTC
"CryptoStreamTest.UninitializedError" time elapsed: 00:00:00
----------------------------------------------------------

3/31 Testing: CryptoStreamTest.EmptyStream
3/31 Test: CryptoStreamTest.EmptyStream
Command: "/home/runner/StreamCryptoDFS/build/crypto_tests" "--gtest_filter=CryptoStreamTest.EmptyStream" "--gtest_also_run_disabled_tests"
Directory: /home/runner/StreamCryptoDFS/build
"CryptoStreamTest.EmptyStream" start time: Dec 21 03:16 UTC
Output:
----------------------------------------------------------
Running main() from /build/source/googletest/src/gtest_main.cc
Note: Google Test filter = CryptoStreamTest.EmptyStream
[==========] Running 1 test from 1 test suite.
[----------] Global test environment set-up.
[----------] 1 test from CryptoStreamTest
[ RUN      ] CryptoStreamTest.EmptyStream
[2024-12-21 03:16:46.753005] [0x00007f33c1f49b80] [info]    Initializing CryptoStream
[2024-12-21 03:16:46.753104] [0x00007f33c1f49b80] [debug]   CryptoStream initialization complete
[2024-12-21 03:16:46.753108] [0x00007f33c1f49b80] [info]    Initializing crypto parameters
[2024-12-21 03:16:46.753112] [0x00007f33c1f49b80] [debug]   Crypto parameters initialized successfully
[2024-12-21 03:16:46.753118] [0x00007f33c1f49b80] [info]    Starting stream encryption
[2024-12-21 03:16:46.753120] [0x00007f33c1f49b80] [debug]   Initializing cipher for encryption
[2024-12-21 03:16:46.754207] [0x00007f33c1f49b80] [debug]   Cipher initialization complete
[2024-12-21 03:16:46.754216] [0x00007f33c1f49b80] [info]    Starting stream decryption
[2024-12-21 03:16:46.754218] [0x00007f33c1f49b80] [debug]   Initializing cipher for decryption
[2024-12-21 03:16:46.754221] [0x00007f33c1f49b80] [debug]   Cipher initialization complete
[2024-12-21 03:16:46.754225] [0x00007f33c1f49b80] [debug]   Cleaning up CryptoStream resources
[       OK ] CryptoStreamTest.EmptyStream (1 ms)
[----------] 1 test from CryptoStreamTest (1 ms total)

[----------] Global test environment tear-down
[==========] 1 test from 1 test suite ran. (1 ms total)
[  PASSED  ] 1 test.
<end of output>
Test time =   0.01 sec
----------------------------------------------------------
Test Passed.
"CryptoStreamTest.EmptyStream" end time: Dec 21 03:16 UTC
"CryptoStreamTest.EmptyStream" time elapsed: 00:00:00
----------------------------------------------------------

4/31 Testing: CryptoStreamTest.LargeStream
4/31 Test: CryptoStreamTest.LargeStream
Command: "/home/runner/StreamCryptoDFS/build/crypto_tests" "--gtest_filter=CryptoStreamTest.LargeStream" "--gtest_also_run_disabled_tests"
Directory: /home/runner/StreamCryptoDFS/build
"CryptoStreamTest.LargeStream" start time: Dec 21 03:16 UTC
Output:
----------------------------------------------------------
Running main() from /build/source/googletest/src/gtest_main.cc
Note: Google Test filter = CryptoStreamTest.LargeStream
[==========] Running 1 test from 1 test suite.
[----------] Global test environment set-up.
[----------] 1 test from CryptoStreamTest
[ RUN      ] CryptoStreamTest.LargeStream
[2024-12-21 03:16:46.760151] [0x00007f53d479fb80] [info]    Initializing CryptoStream
[2024-12-21 03:16:46.760296] [0x00007f53d479fb80] [debug]   CryptoStream initialization complete
[2024-12-21 03:16:46.760306] [0x00007f53d479fb80] [info]    Initializing crypto parameters
[2024-12-21 03:16:46.760308] [0x00007f53d479fb80] [debug]   Crypto parameters initialized successfully
[2024-12-21 03:16:46.767003] [0x00007f53d479fb80] [info]    Starting stream encryption
[2024-12-21 03:16:46.767018] [0x00007f53d479fb80] [debug]   Initializing cipher for encryption
[2024-12-21 03:16:46.768258] [0x00007f53d479fb80] [debug]   Cipher initialization complete
[2024-12-21 03:16:46.770530] [0x00007f53d479fb80] [info]    Starting stream decryption
[2024-12-21 03:16:46.770540] [0x00007f53d479fb80] [debug]   Initializing cipher for decryption
[2024-12-21 03:16:46.770548] [0x00007f53d479fb80] [debug]   Cipher initialization complete
[2024-12-21 03:16:46.771591] [0x00007f53d479fb80] [debug]   Cleaning up CryptoStream resources
[       OK ] CryptoStreamTest.LargeStream (11 ms)
[----------] 1 test from CryptoStreamTest (11 ms total)

[----------] Global test environment tear-down
[==========] 1 test from 1 test suite ran. (11 ms total)
[  PASSED  ] 1 test.
<end of output>
Test time =   0.02 sec
----------------------------------------------------------
Test Passed.
"CryptoStreamTest.LargeStream" end time: Dec 21 03:16 UTC
"CryptoStreamTest.LargeStream" time elapsed: 00:00:00
----------------------------------------------------------

5/31 Testing: CryptoStreamTest.InvalidStreamState
5/31 Test: CryptoStreamTest.InvalidStreamState
Command: "/home/runner/StreamCryptoDFS/build/crypto_tests" "--gtest_filter=CryptoStreamTest.InvalidStreamState" "--gtest_also_run_disabled_tests"
Directory: /home/runner/StreamCryptoDFS/build
"CryptoStreamTest.InvalidStreamState" start time: Dec 21 03:16 UTC
Output:
----------------------------------------------------------
Running main() from /build/source/googletest/src/gtest_main.cc
Note: Google Test filter = CryptoStreamTest.InvalidStreamState
[==========] Running 1 test from 1 test suite.
[----------] Global test environment set-up.
[----------] 1 test from CryptoStreamTest
[ RUN      ] CryptoStreamTest.InvalidStreamState
[2024-12-21 03:16:46.777427] [0x00007fd81738cb80] [info]    Initializing CryptoStream
[2024-12-21 03:16:46.777521] [0x00007fd81738cb80] [debug]   CryptoStream initialization complete
[2024-12-21 03:16:46.777528] [0x00007fd81738cb80] [info]    Initializing crypto parameters
[2024-12-21 03:16:46.777530] [0x00007fd81738cb80] [debug]   Crypto parameters initialized successfully
[2024-12-21 03:16:46.777534] [0x00007fd81738cb80] [info]    Starting stream encryption
[2024-12-21 03:16:46.777537] [0x00007fd81738cb80] [error]   Invalid stream state detected
[2024-12-21 03:16:46.777558] [0x00007fd81738cb80] [info]    Starting stream encryption
[2024-12-21 03:16:46.777562] [0x00007fd81738cb80] [error]   Invalid stream state detected
[2024-12-21 03:16:46.777568] [0x00007fd81738cb80] [debug]   Cleaning up CryptoStream resources
[       OK ] CryptoStreamTest.InvalidStreamState (0 ms)
[----------] 1 test from CryptoStreamTest (0 ms total)

[----------] Global test environment tear-down
[==========] 1 test from 1 test suite ran. (0 ms total)
[  PASSED  ] 1 test.
<end of output>
Test time =   0.00 sec
----------------------------------------------------------
Test Passed.
"CryptoStreamTest.InvalidStreamState" end time: Dec 21 03:16 UTC
"CryptoStreamTest.InvalidStreamState" time elapsed: 00:00:00
----------------------------------------------------------

6/31 Testing: CryptoStreamTest.BlockAlignment
6/31 Test: CryptoStreamTest.BlockAlignment
Command: "/home/runner/StreamCryptoDFS/build/crypto_tests" "--gtest_filter=CryptoStreamTest.BlockAlignment" "--gtest_also_run_disabled_tests"
Directory: /home/runner/StreamCryptoDFS/build
"CryptoStreamTest.BlockAlignment" start time: Dec 21 03:16 UTC
Output:
----------------------------------------------------------
Running main() from /build/source/googletest/src/gtest_main.cc
Note: Google Test filter = CryptoStreamTest.BlockAlignment
[==========] Running 1 test from 1 test suite.
[----------] Global test environment set-up.
[----------] 1 test from CryptoStreamTest
[ RUN      ] CryptoStreamTest.BlockAlignment
[2024-12-21 03:16:46.784402] [0x00007f1cb847db80] [info]    Initializing CryptoStream
[2024-12-21 03:16:46.784513] [0x00007f1cb847db80] [debug]   CryptoStream initialization complete
[2024-12-21 03:16:46.784521] [0x00007f1cb847db80] [info]    Initializing crypto parameters
[2024-12-21 03:16:46.784523] [0x00007f1cb847db80] [debug]   Crypto parameters initialized successfully
[2024-12-21 03:16:46.784529] [0x00007f1cb847db80] [info]    Starting stream encryption
[2024-12-21 03:16:46.784531] [0x00007f1cb847db80] [debug]   Initializing cipher for encryption
[2024-12-21 03:16:46.785836] [0x00007f1cb847db80] [debug]   Cipher initialization complete
[2024-12-21 03:16:46.785849] [0x00007f1cb847db80] [info]    Starting stream decryption
[2024-12-21 03:16:46.785851] [0x00007f1cb847db80] [debug]   Initializing cipher for decryption
[2024-12-21 03:16:46.785855] [0x00007f1cb847db80] [debug]   Cipher initialization complete
[2024-12-21 03:16:46.785864] [0x00007f1cb847db80] [info]    Starting stream encryption
[2024-12-21 03:16:46.785870] [0x00007f1cb847db80] [debug]   Initializing cipher for encryption
[2024-12-21 03:16:46.785873] [0x00007f1cb847db80] [debug]   Cipher initialization complete
[2024-12-21 03:16:46.785875] [0x00007f1cb847db80] [info]    Starting stream decryption
[2024-12-21 03:16:46.785876] [0x00007f1cb847db80] [debug]   Initializing cipher for decryption
[2024-12-21 03:16:46.785879] [0x00007f1cb847db80] [debug]   Cipher initialization complete
[2024-12-21 03:16:46.785883] [0x00007f1cb847db80] [info]    Starting stream encryption
[2024-12-21 03:16:46.785888] [0x00007f1cb847db80] [debug]   Initializing cipher for encryption
[2024-12-21 03:16:46.785890] [0x00007f1cb847db80] [debug]   Cipher initialization complete
[2024-12-21 03:16:46.785892] [0x00007f1cb847db80] [info]    Starting stream decryption
[2024-12-21 03:16:46.785893] [0x00007f1cb847db80] [debug]   Initializing cipher for decryption
[2024-12-21 03:16:46.785896] [0x00007f1cb847db80] [debug]   Cipher initialization complete
[2024-12-21 03:16:46.785899] [0x00007f1cb847db80] [info]    Starting stream encryption
[2024-12-21 03:16:46.785904] [0x00007f1cb847db80] [debug]   Initializing cipher for encryption
[2024-12-21 03:16:46.785906] [0x00007f1cb847db80] [debug]   Cipher initialization complete
[2024-12-21 03:16:46.785908] [0x00007f1cb847db80] [info]    Starting stream decryption
[2024-12-21 03:16:46.785910] [0x00007f1cb847db80] [debug]   Initializing cipher for decryption
[2024-12-21 03:16:46.785912] [0x00007f1cb847db80] [debug]   Cipher initialization complete
[2024-12-21 03:16:46.785915] [0x00007f1cb847db80] [info]    Starting stream encryption
[2024-12-21 03:16:46.785919] [0x00007f1cb847db80] [debug]   Initializing cipher for encryption
[2024-12-21 03:16:46.785921] [0x00007f1cb847db80] [debug]   Cipher initialization complete
[2024-12-21 03:16:46.785923] [0x00007f1cb847db80] [info]    Starting stream decryption
[2024-12-21 03:16:46.785924] [0x00007f1cb847db80] [debug]   Initializing cipher for decryption
[2024-12-21 03:16:46.785927] [0x00007f1cb847db80] [debug]   Cipher initialization complete
[2024-12-21 03:16:46.785930] [0x00007f1cb847db80] [info]    Starting stream encryption
[2024-12-21 03:16:46.785935] [0x00007f1cb847db80] [debug]   Initializing cipher for encryption
[2024-12-21 03:16:46.785937] [0x00007f1cb847db80] [debug]   Cipher initialization complete
[2024-12-21 03:16:46.785939] [0x00007f1cb847db80] [info]    Starting stream decryption
[2024-12-21 03:16:46.785940] [0x00007f1cb847db80] [debug]   Initializing cipher for decryption
[2024-12-21 03:16:46.785943] [0x00007f1cb847db80] [debug]   Cipher initialization complete
[2024-12-21 03:16:46.785946] [0x00007f1cb847db80] [debug]   Cleaning up CryptoStream resources
[       OK ] CryptoStreamTest.BlockAlignment (1 ms)
[----------] 1 test from CryptoStreamTest (1 ms total)

[----------] Global test environment tear-down
[==========] 1 test from 1 test suite ran. (1 ms total)
[  PASSED  ] 1 test.
<end of output>
Test time =   0.01 sec
----------------------------------------------------------
Test Passed.
"CryptoStreamTest.BlockAlignment" end time: Dec 21 03:16 UTC
"CryptoStreamTest.BlockAlignment" time elapsed: 00:00:00
----------------------------------------------------------

7/31 Testing: CryptoStreamTest.StreamOperators
7/31 Test: CryptoStreamTest.StreamOperators
Command: "/home/runner/StreamCryptoDFS/build/crypto_tests" "--gtest_filter=CryptoStreamTest.StreamOperators" "--gtest_also_run_disabled_tests"
Directory: /home/runner/StreamCryptoDFS/build
"CryptoStreamTest.StreamOperators" start time: Dec 21 03:16 UTC
Output:
----------------------------------------------------------
Running main() from /build/source/googletest/src/gtest_main.cc
Note: Google Test filter = CryptoStreamTest.StreamOperators
[==========] Running 1 test from 1 test suite.
[----------] Global test environment set-up.
[----------] 1 test from CryptoStreamTest
[ RUN      ] CryptoStreamTest.StreamOperators
[2024-12-21 03:16:46.791070] [0x00007f397148eb80] [info]    Initializing CryptoStream
[2024-12-21 03:16:46.791163] [0x00007f397148eb80] [debug]   CryptoStream initialization complete
[2024-12-21 03:16:46.791172] [0x00007f397148eb80] [info]    Initializing crypto parameters
[2024-12-21 03:16:46.791175] [0x00007f397148eb80] [debug]   Crypto parameters initialized successfully
[2024-12-21 03:16:46.791179] [0x00007f397148eb80] [debug]   Stream operator<< called, storing input stream for processing
[2024-12-21 03:16:46.791197] [0x00007f397148eb80] [debug]   Stream operator>> called in encryption mode
[2024-12-21 03:16:46.791204] [0x00007f397148eb80] [info]    Starting stream encryption
[2024-12-21 03:16:46.791206] [0x00007f397148eb80] [debug]   Initializing cipher for encryption
[2024-12-21 03:16:46.792341] [0x00007f397148eb80] [debug]   Cipher initialization complete
[2024-12-21 03:16:46.792365] [0x00007f397148eb80] [debug]   Stream processing complete
[2024-12-21 03:16:46.792369] [0x00007f397148eb80] [debug]   Stream operator<< called, storing input stream for processing
[2024-12-21 03:16:46.792373] [0x00007f397148eb80] [debug]   Stream operator>> called in decryption mode
[2024-12-21 03:16:46.792376] [0x00007f397148eb80] [info]    Starting stream decryption
[2024-12-21 03:16:46.792379] [0x00007f397148eb80] [debug]   Initializing cipher for decryption
[2024-12-21 03:16:46.792385] [0x00007f397148eb80] [debug]   Cipher initialization complete
[2024-12-21 03:16:46.792391] [0x00007f397148eb80] [debug]   Stream processing complete
[2024-12-21 03:16:46.792397] [0x00007f397148eb80] [debug]   Stream operator>> called in decryption mode
[2024-12-21 03:16:46.792399] [0x00007f397148eb80] [error]   Stream operator>> called without prior input stream
[2024-12-21 03:16:46.792426] [0x00007f397148eb80] [debug]   Cleaning up CryptoStream resources
[       OK ] CryptoStreamTest.StreamOperators (1 ms)
[----------] 1 test from CryptoStreamTest (1 ms total)

[----------] Global test environment tear-down
[==========] 1 test from 1 test suite ran. (1 ms total)
[  PASSED  ] 1 test.
<end of output>
Test time =   0.01 sec
----------------------------------------------------------
Test Passed.
"CryptoStreamTest.StreamOperators" end time: Dec 21 03:16 UTC
"CryptoStreamTest.StreamOperators" time elapsed: 00:00:00
----------------------------------------------------------

8/31 Testing: StoreTest.BasicStoreAndRetrieve
8/31 Test: StoreTest.BasicStoreAndRetrieve
Command: "/home/runner/StreamCryptoDFS/build/store_tests" "--gtest_filter=StoreTest.BasicStoreAndRetrieve" "--gtest_also_run_disabled_tests"
Directory: /home/runner/StreamCryptoDFS/build
"StoreTest.BasicStoreAndRetrieve" start time: Dec 21 03:16 UTC
Output:
----------------------------------------------------------
Running main() from /build/source/googletest/src/gtest_main.cc
Note: Google Test filter = StoreTest.BasicStoreAndRetrieve
[==========] Running 1 test from 1 test suite.
[----------] Global test environment set-up.
[----------] 1 test from StoreTest
[ RUN      ] StoreTest.BasicStoreAndRetrieve
[2024-12-21 03:16:46.797763] [0x00007f58237aab80] [info]    Initializing Store with base path: /tmp/store_test_1734751006797629665
[2024-12-21 03:16:46.797770] [0x00007f58237aab80] [debug]   Store directory created/verified at: /tmp/store_test_1734751006797629665
[2024-12-21 03:16:46.797774] [0x00007f58237aab80] [info]    Storing data with key: test_key
[2024-12-21 03:16:46.797778] [0x00007f58237aab80] [debug]   Generating hash for key: test_key
[2024-12-21 03:16:46.798809] [0x00007f58237aab80] [debug]   Generated hash: 92488e1e3eeecdf99f3ed2ce59233efb4b4fb612d5655c0ce9ea52b5a502e655
[2024-12-21 03:16:46.798823] [0x00007f58237aab80] [debug]   Calculated hierarchical path: /tmp/store_test_1734751006797629665/92/48/8e/1e3eeecdf99f3ed2ce59233efb4b4fb612d5655c0ce9ea52b5a502e655
[2024-12-21 03:16:46.798880] [0x00007f58237aab80] [debug]   Calculated file path: /tmp/store_test_1734751006797629665/92/48/8e/1e3eeecdf99f3ed2ce59233efb4b4fb612d5655c0ce9ea52b5a502e655
[2024-12-21 03:16:46.798930] [0x00007f58237aab80] [info]    Successfully stored 13 bytes with key: test_key
[2024-12-21 03:16:46.798935] [0x00007f58237aab80] [debug]   Generating hash for key: test_key
[2024-12-21 03:16:46.798939] [0x00007f58237aab80] [debug]   Generating hash for key: test_key
[2024-12-21 03:16:46.798948] [0x00007f58237aab80] [debug]   Generated hash: 92488e1e3eeecdf99f3ed2ce59233efb4b4fb612d5655c0ce9ea52b5a502e655
[2024-12-21 03:16:46.798954] [0x00007f58237aab80] [debug]   Calculated hierarchical path: /tmp/store_test_1734751006797629665/92/48/8e/1e3eeecdf99f3ed2ce59233efb4b4fb612d5655c0ce9ea52b5a502e655
[2024-12-21 03:16:46.798961] [0x00007f58237aab80] [debug]   Checking existence of key: test_key at path: /tmp/store_test_1734751006797629665/92/48/8e/1e3eeecdf99f3ed2ce59233efb4b4fb612d5655c0ce9ea52b5a502e655 - exists
[2024-12-21 03:16:46.798963] [0x00007f58237aab80] [info]    Retrieving data for key: test_key
[2024-12-21 03:16:46.798964] [0x00007f58237aab80] [debug]   Generating hash for key: test_key
[2024-12-21 03:16:46.798968] [0x00007f58237aab80] [debug]   Generated hash: 92488e1e3eeecdf99f3ed2ce59233efb4b4fb612d5655c0ce9ea52b5a502e655
[2024-12-21 03:16:46.798971] [0x00007f58237aab80] [debug]   Calculated hierarchical path: /tmp/store_test_1734751006797629665/92/48/8e/1e3eeecdf99f3ed2ce59233efb4b4fb612d5655c0ce9ea52b5a502e655
[2024-12-21 03:16:46.798983] [0x00007f58237aab80] [debug]   Successfully retrieved data for key: test_key
[2024-12-21 03:16:46.798988] [0x00007f58237aab80] [info]    Clearing entire store at: "/tmp/store_test_1734751006797629665"
[2024-12-21 03:16:46.799161] [0x00007f58237aab80] [info]    Store cleared successfully
[       OK ] StoreTest.BasicStoreAndRetrieve (1 ms)
[----------] 1 test from StoreTest (1 ms total)

[----------] Global test environment tear-down
[==========] 1 test from 1 test suite ran. (1 ms total)
[  PASSED  ] 1 test.
<end of output>
Test time =   0.01 sec
----------------------------------------------------------
Test Passed.
"StoreTest.BasicStoreAndRetrieve" end time: Dec 21 03:16 UTC
"StoreTest.BasicStoreAndRetrieve" time elapsed: 00:00:00
----------------------------------------------------------

9/31 Testing: StoreTest.EmptyInput
9/31 Test: StoreTest.EmptyInput
Command: "/home/runner/StreamCryptoDFS/build/store_tests" "--gtest_filter=StoreTest.EmptyInput" "--gtest_also_run_disabled_tests"
Directory: /home/runner/StreamCryptoDFS/build
"StoreTest.EmptyInput" start time: Dec 21 03:16 UTC
Output:
----------------------------------------------------------
Running main() from /build/source/googletest/src/gtest_main.cc
Note: Google Test filter = StoreTest.EmptyInput
[==========] Running 1 test from 1 test suite.
[----------] Global test environment set-up.
[----------] 1 test from StoreTest
[ RUN      ] StoreTest.EmptyInput
[2024-12-21 03:16:46.804827] [0x00007f4e46280b80] [info]    Initializing Store with base path: /tmp/store_test_1734751006804755784
[2024-12-21 03:16:46.804837] [0x00007f4e46280b80] [debug]   Store directory created/verified at: /tmp/store_test_1734751006804755784
[2024-12-21 03:16:46.804841] [0x00007f4e46280b80] [info]    Storing data with key: empty_test
[2024-12-21 03:16:46.804845] [0x00007f4e46280b80] [debug]   Generating hash for key: empty_test
[2024-12-21 03:16:46.805660] [0x00007f4e46280b80] [debug]   Generated hash: f1b6800e9ca01dac557744adec3477366cbe3888d44fcabefb3078c4c069f3a8
[2024-12-21 03:16:46.805673] [0x00007f4e46280b80] [debug]   Calculated hierarchical path: /tmp/store_test_1734751006804755784/f1/b6/80/0e9ca01dac557744adec3477366cbe3888d44fcabefb3078c4c069f3a8
[2024-12-21 03:16:46.805720] [0x00007f4e46280b80] [debug]   Calculated file path: /tmp/store_test_1734751006804755784/f1/b6/80/0e9ca01dac557744adec3477366cbe3888d44fcabefb3078c4c069f3a8
[2024-12-21 03:16:46.805744] [0x00007f4e46280b80] [debug]   Storing empty content for key: empty_test
[2024-12-21 03:16:46.805753] [0x00007f4e46280b80] [info]    Successfully stored 0 bytes with key: empty_test
[2024-12-21 03:16:46.805755] [0x00007f4e46280b80] [debug]   Generating hash for key: empty_test
[2024-12-21 03:16:46.805757] [0x00007f4e46280b80] [debug]   Generating hash for key: empty_test
[2024-12-21 03:16:46.805764] [0x00007f4e46280b80] [debug]   Generated hash: f1b6800e9ca01dac557744adec3477366cbe3888d44fcabefb3078c4c069f3a8
[2024-12-21 03:16:46.805774] [0x00007f4e46280b80] [debug]   Calculated hierarchical path: /tmp/store_test_1734751006804755784/f1/b6/80/0e9ca01dac557744adec3477366cbe3888d44fcabefb3078c4c069f3a8
[2024-12-21 03:16:46.805783] [0x00007f4e46280b80] [debug]   Checking existence of key: empty_test at path: /tmp/store_test_1734751006804755784/f1/b6/80/0e9ca01dac557744adec3477366cbe3888d44fcabefb3078c4c069f3a8 - exists
[2024-12-21 03:16:46.805789] [0x00007f4e46280b80] [info]    Retrieving data for key: empty_test
[2024-12-21 03:16:46.805791] [0x00007f4e46280b80] [debug]   Generating hash for key: empty_test
[2024-12-21 03:16:46.805795] [0x00007f4e46280b80] [debug]   Generated hash: f1b6800e9ca01dac557744adec3477366cbe3888d44fcabefb3078c4c069f3a8
[2024-12-21 03:16:46.805798] [0x00007f4e46280b80] [debug]   Calculated hierarchical path: /tmp/store_test_1734751006804755784/f1/b6/80/0e9ca01dac557744adec3477366cbe3888d44fcabefb3078c4c069f3a8
[2024-12-21 03:16:46.805803] [0x00007f4e46280b80] [debug]   Retrieved empty content for key: empty_test
[2024-12-21 03:16:46.805810] [0x00007f4e46280b80] [info]    Clearing entire store at: "/tmp/store_test_1734751006804755784"
[2024-12-21 03:16:46.805946] [0x00007f4e46280b80] [info]    Store cleared successfully
[       OK ] StoreTest.EmptyInput (1 ms)
[----------] 1 test from StoreTest (1 ms total)

[----------] Global test environment tear-down
[==========] 1 test from 1 test suite ran. (1 ms total)
[  PASSED  ] 1 test.
<end of output>
Test time =   0.01 sec
----------------------------------------------------------
Test Passed.
"StoreTest.EmptyInput" end time: Dec 21 03:16 UTC
"StoreTest.EmptyInput" time elapsed: 00:00:00
----------------------------------------------------------

10/31 Testing: StoreTest.MultipleFiles
10/31 Test: StoreTest.MultipleFiles
Command: "/home/runner/StreamCryptoDFS/build/store_tests" "--gtest_filter=StoreTest.MultipleFiles" "--gtest_also_run_disabled_tests"
Directory: /home/runner/StreamCryptoDFS/build
"StoreTest.MultipleFiles" start time: Dec 21 03:16 UTC
Output:
----------------------------------------------------------
Running main() from /build/source/googletest/src/gtest_main.cc
Note: Google Test filter = StoreTest.MultipleFiles
[==========] Running 1 test from 1 test suite.
[----------] Global test environment set-up.
[----------] 1 test from StoreTest
[ RUN      ] StoreTest.MultipleFiles
[2024-12-21 03:16:46.811135] [0x00007f32d3010b80] [info]    Initializing Store with base path: /tmp/store_test_1734751006811057772
[2024-12-21 03:16:46.811144] [0x00007f32d3010b80] [debug]   Store directory created/verified at: /tmp/store_test_1734751006811057772
[2024-12-21 03:16:46.811151] [0x00007f32d3010b80] [info]    Storing data with key: key1
[2024-12-21 03:16:46.811155] [0x00007f32d3010b80] [debug]   Generating hash for key: key1
[2024-12-21 03:16:46.811948] [0x00007f32d3010b80] [debug]   Generated hash: 8174099687a26621f4e2cdd7cc03b3dacedb3fb962255b1aafd033cabe831530
[2024-12-21 03:16:46.811958] [0x00007f32d3010b80] [debug]   Calculated hierarchical path: /tmp/store_test_1734751006811057772/81/74/09/9687a26621f4e2cdd7cc03b3dacedb3fb962255b1aafd033cabe831530
[2024-12-21 03:16:46.812006] [0x00007f32d3010b80] [debug]   Calculated file path: /tmp/store_test_1734751006811057772/81/74/09/9687a26621f4e2cdd7cc03b3dacedb3fb962255b1aafd033cabe831530
[2024-12-21 03:16:46.812043] [0x00007f32d3010b80] [info]    Successfully stored 18 bytes with key: key1
[2024-12-21 03:16:46.812052] [0x00007f32d3010b80] [debug]   Generating hash for key: key1
[2024-12-21 03:16:46.812055] [0x00007f32d3010b80] [debug]   Generating hash for key: key1
[2024-12-21 03:16:46.812068] [0x00007f32d3010b80] [debug]   Generated hash: 8174099687a26621f4e2cdd7cc03b3dacedb3fb962255b1aafd033cabe831530
[2024-12-21 03:16:46.812076] [0x00007f32d3010b80] [debug]   Calculated hierarchical path: /tmp/store_test_1734751006811057772/81/74/09/9687a26621f4e2cdd7cc03b3dacedb3fb962255b1aafd033cabe831530
[2024-12-21 03:16:46.812084] [0x00007f32d3010b80] [debug]   Checking existence of key: key1 at path: /tmp/store_test_1734751006811057772/81/74/09/9687a26621f4e2cdd7cc03b3dacedb3fb962255b1aafd033cabe831530 - exists
[2024-12-21 03:16:46.812094] [0x00007f32d3010b80] [info]    Storing data with key: key2
[2024-12-21 03:16:46.812095] [0x00007f32d3010b80] [debug]   Generating hash for key: key2
[2024-12-21 03:16:46.812100] [0x00007f32d3010b80] [debug]   Generated hash: b10253764c8b233fb37542e23401c7b450e5a6f9751f3b5a014f6f67e8bc999d
[2024-12-21 03:16:46.812102] [0x00007f32d3010b80] [debug]   Calculated hierarchical path: /tmp/store_test_1734751006811057772/b1/02/53/764c8b233fb37542e23401c7b450e5a6f9751f3b5a014f6f67e8bc999d
[2024-12-21 03:16:46.812139] [0x00007f32d3010b80] [debug]   Calculated file path: /tmp/store_test_1734751006811057772/b1/02/53/764c8b233fb37542e23401c7b450e5a6f9751f3b5a014f6f67e8bc999d
[2024-12-21 03:16:46.812170] [0x00007f32d3010b80] [info]    Successfully stored 19 bytes with key: key2
[2024-12-21 03:16:46.812175] [0x00007f32d3010b80] [debug]   Generating hash for key: key2
[2024-12-21 03:16:46.812177] [0x00007f32d3010b80] [debug]   Generating hash for key: key2
[2024-12-21 03:16:46.812201] [0x00007f32d3010b80] [debug]   Generated hash: b10253764c8b233fb37542e23401c7b450e5a6f9751f3b5a014f6f67e8bc999d
[2024-12-21 03:16:46.812208] [0x00007f32d3010b80] [debug]   Calculated hierarchical path: /tmp/store_test_1734751006811057772/b1/02/53/764c8b233fb37542e23401c7b450e5a6f9751f3b5a014f6f67e8bc999d
[2024-12-21 03:16:46.812216] [0x00007f32d3010b80] [debug]   Checking existence of key: key2 at path: /tmp/store_test_1734751006811057772/b1/02/53/764c8b233fb37542e23401c7b450e5a6f9751f3b5a014f6f67e8bc999d - exists
[2024-12-21 03:16:46.812219] [0x00007f32d3010b80] [info]    Storing data with key: key3
[2024-12-21 03:16:46.812220] [0x00007f32d3010b80] [debug]   Generating hash for key: key3
[2024-12-21 03:16:46.812224] [0x00007f32d3010b80] [debug]   Generated hash: f576104eebeab09651d83acffc77c8b8c6eaa4b767aeab24d7da80f83f51d865
[2024-12-21 03:16:46.812226] [0x00007f32d3010b80] [debug]   Calculated hierarchical path: /tmp/store_test_1734751006811057772/f5/76/10/4eebeab09651d83acffc77c8b8c6eaa4b767aeab24d7da80f83f51d865
[2024-12-21 03:16:46.812262] [0x00007f32d3010b80] [debug]   Calculated file path: /tmp/store_test_1734751006811057772/f5/76/10/4eebeab09651d83acffc77c8b8c6eaa4b767aeab24d7da80f83f51d865
[2024-12-21 03:16:46.812305] [0x00007f32d3010b80] [info]    Successfully stored 18 bytes with key: key3
[2024-12-21 03:16:46.812311] [0x00007f32d3010b80] [debug]   Generating hash for key: key3
[2024-12-21 03:16:46.812313] [0x00007f32d3010b80] [debug]   Generating hash for key: key3
[2024-12-21 03:16:46.812319] [0x00007f32d3010b80] [debug]   Generated hash: f576104eebeab09651d83acffc77c8b8c6eaa4b767aeab24d7da80f83f51d865
[2024-12-21 03:16:46.812324] [0x00007f32d3010b80] [debug]   Calculated hierarchical path: /tmp/store_test_1734751006811057772/f5/76/10/4eebeab09651d83acffc77c8b8c6eaa4b767aeab24d7da80f83f51d865
[2024-12-21 03:16:46.812330] [0x00007f32d3010b80] [debug]   Checking existence of key: key3 at path: /tmp/store_test_1734751006811057772/f5/76/10/4eebeab09651d83acffc77c8b8c6eaa4b767aeab24d7da80f83f51d865 - exists
[2024-12-21 03:16:46.812334] [0x00007f32d3010b80] [debug]   Generating hash for key: key1
[2024-12-21 03:16:46.812335] [0x00007f32d3010b80] [debug]   Generating hash for key: key1
[2024-12-21 03:16:46.812338] [0x00007f32d3010b80] [debug]   Generated hash: 8174099687a26621f4e2cdd7cc03b3dacedb3fb962255b1aafd033cabe831530
[2024-12-21 03:16:46.812344] [0x00007f32d3010b80] [debug]   Calculated hierarchical path: /tmp/store_test_1734751006811057772/81/74/09/9687a26621f4e2cdd7cc03b3dacedb3fb962255b1aafd033cabe831530
[2024-12-21 03:16:46.812351] [0x00007f32d3010b80] [debug]   Checking existence of key: key1 at path: /tmp/store_test_1734751006811057772/81/74/09/9687a26621f4e2cdd7cc03b3dacedb3fb962255b1aafd033cabe831530 - exists
[2024-12-21 03:16:46.812353] [0x00007f32d3010b80] [info]    Retrieving data for key: key1
[2024-12-21 03:16:46.812354] [0x00007f32d3010b80] [debug]   Generating hash for key: key1
[2024-12-21 03:16:46.812358] [0x00007f32d3010b80] [debug]   Generated hash: 8174099687a26621f4e2cdd7cc03b3dacedb3fb962255b1aafd033cabe831530
[2024-12-21 03:16:46.812363] [0x00007f32d3010b80] [debug]   Calculated hierarchical path: /tmp/store_test_1734751006811057772/81/74/09/9687a26621f4e2cdd7cc03b3dacedb3fb962255b1aafd033cabe831530
[2024-12-21 03:16:46.812374] [0x00007f32d3010b80] [debug]   Successfully retrieved data for key: key1
[2024-12-21 03:16:46.812381] [0x00007f32d3010b80] [debug]   Generating hash for key: key2
[2024-12-21 03:16:46.812382] [0x00007f32d3010b80] [debug]   Generating hash for key: key2
[2024-12-21 03:16:46.812386] [0x00007f32d3010b80] [debug]   Generated hash: b10253764c8b233fb37542e23401c7b450e5a6f9751f3b5a014f6f67e8bc999d
[2024-12-21 03:16:46.812388] [0x00007f32d3010b80] [debug]   Calculated hierarchical path: /tmp/store_test_1734751006811057772/b1/02/53/764c8b233fb37542e23401c7b450e5a6f9751f3b5a014f6f67e8bc999d
[2024-12-21 03:16:46.812392] [0x00007f32d3010b80] [debug]   Checking existence of key: key2 at path: /tmp/store_test_1734751006811057772/b1/02/53/764c8b233fb37542e23401c7b450e5a6f9751f3b5a014f6f67e8bc999d - exists
[2024-12-21 03:16:46.812396] [0x00007f32d3010b80] [info]    Retrieving data for key: key2
[2024-12-21 03:16:46.812397] [0x00007f32d3010b80] [debug]   Generating hash for key: key2
[2024-12-21 03:16:46.812400] [0x00007f32d3010b80] [debug]   Generated hash: b10253764c8b233fb37542e23401c7b450e5a6f9751f3b5a014f6f67e8bc999d
[2024-12-21 03:16:46.812402] [0x00007f32d3010b80] [debug]   Calculated hierarchical path: /tmp/store_test_1734751006811057772/b1/02/53/764c8b233fb37542e23401c7b450e5a6f9751f3b5a014f6f67e8bc999d
[2024-12-21 03:16:46.812411] [0x00007f32d3010b80] [debug]   Successfully retrieved data for key: key2
[2024-12-21 03:16:46.812416] [0x00007f32d3010b80] [debug]   Generating hash for key: key3
[2024-12-21 03:16:46.812417] [0x00007f32d3010b80] [debug]   Generating hash for key: key3
[2024-12-21 03:16:46.812420] [0x00007f32d3010b80] [debug]   Generated hash: f576104eebeab09651d83acffc77c8b8c6eaa4b767aeab24d7da80f83f51d865
[2024-12-21 03:16:46.812423] [0x00007f32d3010b80] [debug]   Calculated hierarchical path: /tmp/store_test_1734751006811057772/f5/76/10/4eebeab09651d83acffc77c8b8c6eaa4b767aeab24d7da80f83f51d865
[2024-12-21 03:16:46.812426] [0x00007f32d3010b80] [debug]   Checking existence of key: key3 at path: /tmp/store_test_1734751006811057772/f5/76/10/4eebeab09651d83acffc77c8b8c6eaa4b767aeab24d7da80f83f51d865 - exists
[2024-12-21 03:16:46.812430] [0x00007f32d3010b80] [info]    Retrieving data for key: key3
[2024-12-21 03:16:46.812431] [0x00007f32d3010b80] [debug]   Generating hash for key: key3
[2024-12-21 03:16:46.812434] [0x00007f32d3010b80] [debug]   Generated hash: f576104eebeab09651d83acffc77c8b8c6eaa4b767aeab24d7da80f83f51d865
[2024-12-21 03:16:46.812436] [0x00007f32d3010b80] [debug]   Calculated hierarchical path: /tmp/store_test_1734751006811057772/f5/76/10/4eebeab09651d83acffc77c8b8c6eaa4b767aeab24d7da80f83f51d865
[2024-12-21 03:16:46.812444] [0x00007f32d3010b80] [debug]   Successfully retrieved data for key: key3
[2024-12-21 03:16:46.812450] [0x00007f32d3010b80] [info]    Clearing entire store at: "/tmp/store_test_1734751006811057772"
[2024-12-21 03:16:46.812756] [0x00007f32d3010b80] [info]    Store cleared successfully
[       OK ] StoreTest.MultipleFiles (1 ms)
[----------] 1 test from StoreTest (1 ms total)

[----------] Global test environment tear-down
[==========] 1 test from 1 test suite ran. (1 ms total)
[  PASSED  ] 1 test.
<end of output>
Test time =   0.01 sec
----------------------------------------------------------
Test Passed.
"StoreTest.MultipleFiles" end time: Dec 21 03:16 UTC
"StoreTest.MultipleFiles" time elapsed: 00:00:00
----------------------------------------------------------

11/31 Testing: StoreTest.ErrorHandling
11/31 Test: StoreTest.ErrorHandling
Command: "/home/runner/StreamCryptoDFS/build/store_tests" "--gtest_filter=StoreTest.ErrorHandling" "--gtest_also_run_disabled_tests"
Directory: /home/runner/StreamCryptoDFS/build
"StoreTest.ErrorHandling" start time: Dec 21 03:16 UTC
Output:
----------------------------------------------------------
Running main() from /build/source/googletest/src/gtest_main.cc
Note: Google Test filter = StoreTest.ErrorHandling
[==========] Running 1 test from 1 test suite.
[----------] Global test environment set-up.
[----------] 1 test from StoreTest
[ RUN      ] StoreTest.ErrorHandling
[2024-12-21 03:16:46.818551] [0x00007f24978feb80] [info]    Initializing Store with base path: /tmp/store_test_1734751006818456391
[2024-12-21 03:16:46.818562] [0x00007f24978feb80] [debug]   Store directory created/verified at: /tmp/store_test_1734751006818456391
[2024-12-21 03:16:46.818565] [0x00007f24978feb80] [debug]   Generating hash for key: error_key
[2024-12-21 03:16:46.818567] [0x00007f24978feb80] [debug]   Generating hash for key: error_key
[2024-12-21 03:16:46.819514] [0x00007f24978feb80] [debug]   Generated hash: 7a0a1ce4f1c58ba0fb867426e1bbf7c475cf4a6fb6902cf56852bd2b980d900b
[2024-12-21 03:16:46.819526] [0x00007f24978feb80] [debug]   Calculated hierarchical path: /tmp/store_test_1734751006818456391/7a/0a/1c/e4f1c58ba0fb867426e1bbf7c475cf4a6fb6902cf56852bd2b980d900b
[2024-12-21 03:16:46.819536] [0x00007f24978feb80] [debug]   Checking existence of key: error_key at path: /tmp/store_test_1734751006818456391/7a/0a/1c/e4f1c58ba0fb867426e1bbf7c475cf4a6fb6902cf56852bd2b980d900b - not found
[2024-12-21 03:16:46.819542] [0x00007f24978feb80] [info]    Retrieving data for key: error_key
[2024-12-21 03:16:46.819544] [0x00007f24978feb80] [debug]   Generating hash for key: error_key
[2024-12-21 03:16:46.819549] [0x00007f24978feb80] [debug]   Generated hash: 7a0a1ce4f1c58ba0fb867426e1bbf7c475cf4a6fb6902cf56852bd2b980d900b
[2024-12-21 03:16:46.819552] [0x00007f24978feb80] [debug]   Calculated hierarchical path: /tmp/store_test_1734751006818456391/7a/0a/1c/e4f1c58ba0fb867426e1bbf7c475cf4a6fb6902cf56852bd2b980d900b
[2024-12-21 03:16:46.819555] [0x00007f24978feb80] [error]   File not found: /tmp/store_test_1734751006818456391/7a/0a/1c/e4f1c58ba0fb867426e1bbf7c475cf4a6fb6902cf56852bd2b980d900b
[2024-12-21 03:16:46.819584] [0x00007f24978feb80] [info]    Storing data with key: error_key
[2024-12-21 03:16:46.819589] [0x00007f24978feb80] [error]   Invalid input stream provided for key: error_key
[2024-12-21 03:16:46.819595] [0x00007f24978feb80] [info]    Clearing entire store at: "/tmp/store_test_1734751006818456391"
[2024-12-21 03:16:46.819667] [0x00007f24978feb80] [info]    Store cleared successfully
[       OK ] StoreTest.ErrorHandling (1 ms)
[----------] 1 test from StoreTest (1 ms total)

[----------] Global test environment tear-down
[==========] 1 test from 1 test suite ran. (1 ms total)
[  PASSED  ] 1 test.
<end of output>
Test time =   0.01 sec
----------------------------------------------------------
Test Passed.
"StoreTest.ErrorHandling" end time: Dec 21 03:16 UTC
"StoreTest.ErrorHandling" time elapsed: 00:00:00
----------------------------------------------------------

12/31 Testing: StoreTest.Clear
12/31 Test: StoreTest.Clear
Command: "/home/runner/StreamCryptoDFS/build/store_tests" "--gtest_filter=StoreTest.Clear" "--gtest_also_run_disabled_tests"
Directory: /home/runner/StreamCryptoDFS/build
"StoreTest.Clear" start time: Dec 21 03:16 UTC
Output:
----------------------------------------------------------
Running main() from /build/source/googletest/src/gtest_main.cc
Note: Google Test filter = StoreTest.Clear
[==========] Running 1 test from 1 test suite.
[----------] Global test environment set-up.
[----------] 1 test from StoreTest
[ RUN      ] StoreTest.Clear
[2024-12-21 03:16:46.825405] [0x00007fda7b7f7b80] [info]    Initializing Store with base path: /tmp/store_test_1734751006825294059
[2024-12-21 03:16:46.825414] [0x00007fda7b7f7b80] [debug]   Store directory created/verified at: /tmp/store_test_1734751006825294059
[2024-12-21 03:16:46.825421] [0x00007fda7b7f7b80] [info]    Storing data with key: key1
[2024-12-21 03:16:46.825423] [0x00007fda7b7f7b80] [debug]   Generating hash for key: key1
[2024-12-21 03:16:46.827119] [0x00007fda7b7f7b80] [debug]   Generated hash: 8174099687a26621f4e2cdd7cc03b3dacedb3fb962255b1aafd033cabe831530
[2024-12-21 03:16:46.827141] [0x00007fda7b7f7b80] [debug]   Calculated hierarchical path: /tmp/store_test_1734751006825294059/81/74/09/9687a26621f4e2cdd7cc03b3dacedb3fb962255b1aafd033cabe831530
[2024-12-21 03:16:46.827231] [0x00007fda7b7f7b80] [debug]   Calculated file path: /tmp/store_test_1734751006825294059/81/74/09/9687a26621f4e2cdd7cc03b3dacedb3fb962255b1aafd033cabe831530
[2024-12-21 03:16:46.827286] [0x00007fda7b7f7b80] [info]    Successfully stored 9 bytes with key: key1
[2024-12-21 03:16:46.827296] [0x00007fda7b7f7b80] [debug]   Generating hash for key: key1
[2024-12-21 03:16:46.827299] [0x00007fda7b7f7b80] [debug]   Generating hash for key: key1
[2024-12-21 03:16:46.827309] [0x00007fda7b7f7b80] [debug]   Generated hash: 8174099687a26621f4e2cdd7cc03b3dacedb3fb962255b1aafd033cabe831530
[2024-12-21 03:16:46.827318] [0x00007fda7b7f7b80] [debug]   Calculated hierarchical path: /tmp/store_test_1734751006825294059/81/74/09/9687a26621f4e2cdd7cc03b3dacedb3fb962255b1aafd033cabe831530
[2024-12-21 03:16:46.827326] [0x00007fda7b7f7b80] [debug]   Checking existence of key: key1 at path: /tmp/store_test_1734751006825294059/81/74/09/9687a26621f4e2cdd7cc03b3dacedb3fb962255b1aafd033cabe831530 - exists
[2024-12-21 03:16:46.827334] [0x00007fda7b7f7b80] [info]    Storing data with key: key2
[2024-12-21 03:16:46.827337] [0x00007fda7b7f7b80] [debug]   Generating hash for key: key2
[2024-12-21 03:16:46.827344] [0x00007fda7b7f7b80] [debug]   Generated hash: b10253764c8b233fb37542e23401c7b450e5a6f9751f3b5a014f6f67e8bc999d
[2024-12-21 03:16:46.827347] [0x00007fda7b7f7b80] [debug]   Calculated hierarchical path: /tmp/store_test_1734751006825294059/b1/02/53/764c8b233fb37542e23401c7b450e5a6f9751f3b5a014f6f67e8bc999d
[2024-12-21 03:16:46.827385] [0x00007fda7b7f7b80] [debug]   Calculated file path: /tmp/store_test_1734751006825294059/b1/02/53/764c8b233fb37542e23401c7b450e5a6f9751f3b5a014f6f67e8bc999d
[2024-12-21 03:16:46.827414] [0x00007fda7b7f7b80] [info]    Successfully stored 9 bytes with key: key2
[2024-12-21 03:16:46.827420] [0x00007fda7b7f7b80] [debug]   Generating hash for key: key2
[2024-12-21 03:16:46.827422] [0x00007fda7b7f7b80] [debug]   Generating hash for key: key2
[2024-12-21 03:16:46.827427] [0x00007fda7b7f7b80] [debug]   Generated hash: b10253764c8b233fb37542e23401c7b450e5a6f9751f3b5a014f6f67e8bc999d
[2024-12-21 03:16:46.827430] [0x00007fda7b7f7b80] [debug]   Calculated hierarchical path: /tmp/store_test_1734751006825294059/b1/02/53/764c8b233fb37542e23401c7b450e5a6f9751f3b5a014f6f67e8bc999d
[2024-12-21 03:16:46.827436] [0x00007fda7b7f7b80] [debug]   Checking existence of key: key2 at path: /tmp/store_test_1734751006825294059/b1/02/53/764c8b233fb37542e23401c7b450e5a6f9751f3b5a014f6f67e8bc999d - exists
[2024-12-21 03:16:46.827439] [0x00007fda7b7f7b80] [info]    Storing data with key: key3
[2024-12-21 03:16:46.827441] [0x00007fda7b7f7b80] [debug]   Generating hash for key: key3
[2024-12-21 03:16:46.827444] [0x00007fda7b7f7b80] [debug]   Generated hash: f576104eebeab09651d83acffc77c8b8c6eaa4b767aeab24d7da80f83f51d865
[2024-12-21 03:16:46.827447] [0x00007fda7b7f7b80] [debug]   Calculated hierarchical path: /tmp/store_test_1734751006825294059/f5/76/10/4eebeab09651d83acffc77c8b8c6eaa4b767aeab24d7da80f83f51d865
[2024-12-21 03:16:46.827487] [0x00007fda7b7f7b80] [debug]   Calculated file path: /tmp/store_test_1734751006825294059/f5/76/10/4eebeab09651d83acffc77c8b8c6eaa4b767aeab24d7da80f83f51d865
[2024-12-21 03:16:46.827524] [0x00007fda7b7f7b80] [info]    Successfully stored 9 bytes with key: key3
[2024-12-21 03:16:46.827530] [0x00007fda7b7f7b80] [debug]   Generating hash for key: key3
[2024-12-21 03:16:46.827533] [0x00007fda7b7f7b80] [debug]   Generating hash for key: key3
[2024-12-21 03:16:46.827541] [0x00007fda7b7f7b80] [debug]   Generated hash: f576104eebeab09651d83acffc77c8b8c6eaa4b767aeab24d7da80f83f51d865
[2024-12-21 03:16:46.827547] [0x00007fda7b7f7b80] [debug]   Calculated hierarchical path: /tmp/store_test_1734751006825294059/f5/76/10/4eebeab09651d83acffc77c8b8c6eaa4b767aeab24d7da80f83f51d865
[2024-12-21 03:16:46.827554] [0x00007fda7b7f7b80] [debug]   Checking existence of key: key3 at path: /tmp/store_test_1734751006825294059/f5/76/10/4eebeab09651d83acffc77c8b8c6eaa4b767aeab24d7da80f83f51d865 - exists
[2024-12-21 03:16:46.827558] [0x00007fda7b7f7b80] [info]    Clearing entire store at: "/tmp/store_test_1734751006825294059"
[2024-12-21 03:16:46.827907] [0x00007fda7b7f7b80] [info]    Store cleared successfully
[2024-12-21 03:16:46.827915] [0x00007fda7b7f7b80] [debug]   Generating hash for key: key1
[2024-12-21 03:16:46.827920] [0x00007fda7b7f7b80] [debug]   Generating hash for key: key1
[2024-12-21 03:16:46.827931] [0x00007fda7b7f7b80] [debug]   Generated hash: 8174099687a26621f4e2cdd7cc03b3dacedb3fb962255b1aafd033cabe831530
[2024-12-21 03:16:46.827937] [0x00007fda7b7f7b80] [debug]   Calculated hierarchical path: /tmp/store_test_1734751006825294059/81/74/09/9687a26621f4e2cdd7cc03b3dacedb3fb962255b1aafd033cabe831530
[2024-12-21 03:16:46.827948] [0x00007fda7b7f7b80] [debug]   Checking existence of key: key1 at path: /tmp/store_test_1734751006825294059/81/74/09/9687a26621f4e2cdd7cc03b3dacedb3fb962255b1aafd033cabe831530 - not found
[2024-12-21 03:16:46.827954] [0x00007fda7b7f7b80] [info]    Retrieving data for key: key1
[2024-12-21 03:16:46.827957] [0x00007fda7b7f7b80] [debug]   Generating hash for key: key1
[2024-12-21 03:16:46.827962] [0x00007fda7b7f7b80] [debug]   Generated hash: 8174099687a26621f4e2cdd7cc03b3dacedb3fb962255b1aafd033cabe831530
[2024-12-21 03:16:46.827965] [0x00007fda7b7f7b80] [debug]   Calculated hierarchical path: /tmp/store_test_1734751006825294059/81/74/09/9687a26621f4e2cdd7cc03b3dacedb3fb962255b1aafd033cabe831530
[2024-12-21 03:16:46.827970] [0x00007fda7b7f7b80] [error]   File not found: /tmp/store_test_1734751006825294059/81/74/09/9687a26621f4e2cdd7cc03b3dacedb3fb962255b1aafd033cabe831530
[2024-12-21 03:16:46.828000] [0x00007fda7b7f7b80] [debug]   Generating hash for key: key2
[2024-12-21 03:16:46.828004] [0x00007fda7b7f7b80] [debug]   Generating hash for key: key2
[2024-12-21 03:16:46.828007] [0x00007fda7b7f7b80] [debug]   Generated hash: b10253764c8b233fb37542e23401c7b450e5a6f9751f3b5a014f6f67e8bc999d
[2024-12-21 03:16:46.828010] [0x00007fda7b7f7b80] [debug]   Calculated hierarchical path: /tmp/store_test_1734751006825294059/b1/02/53/764c8b233fb37542e23401c7b450e5a6f9751f3b5a014f6f67e8bc999d
[2024-12-21 03:16:46.828015] [0x00007fda7b7f7b80] [debug]   Checking existence of key: key2 at path: /tmp/store_test_1734751006825294059/b1/02/53/764c8b233fb37542e23401c7b450e5a6f9751f3b5a014f6f67e8bc999d - not found
[2024-12-21 03:16:46.828017] [0x00007fda7b7f7b80] [info]    Retrieving data for key: key2
[2024-12-21 03:16:46.828018] [0x00007fda7b7f7b80] [debug]   Generating hash for key: key2
[2024-12-21 03:16:46.828022] [0x00007fda7b7f7b80] [debug]   Generated hash: b10253764c8b233fb37542e23401c7b450e5a6f9751f3b5a014f6f67e8bc999d
[2024-12-21 03:16:46.828026] [0x00007fda7b7f7b80] [debug]   Calculated hierarchical path: /tmp/store_test_1734751006825294059/b1/02/53/764c8b233fb37542e23401c7b450e5a6f9751f3b5a014f6f67e8bc999d
[2024-12-21 03:16:46.828028] [0x00007fda7b7f7b80] [error]   File not found: /tmp/store_test_1734751006825294059/b1/02/53/764c8b233fb37542e23401c7b450e5a6f9751f3b5a014f6f67e8bc999d
[2024-12-21 03:16:46.828034] [0x00007fda7b7f7b80] [debug]   Generating hash for key: key3
[2024-12-21 03:16:46.828035] [0x00007fda7b7f7b80] [debug]   Generating hash for key: key3
[2024-12-21 03:16:46.828038] [0x00007fda7b7f7b80] [debug]   Generated hash: f576104eebeab09651d83acffc77c8b8c6eaa4b767aeab24d7da80f83f51d865
[2024-12-21 03:16:46.828040] [0x00007fda7b7f7b80] [debug]   Calculated hierarchical path: /tmp/store_test_1734751006825294059/f5/76/10/4eebeab09651d83acffc77c8b8c6eaa4b767aeab24d7da80f83f51d865
[2024-12-21 03:16:46.828044] [0x00007fda7b7f7b80] [debug]   Checking existence of key: key3 at path: /tmp/store_test_1734751006825294059/f5/76/10/4eebeab09651d83acffc77c8b8c6eaa4b767aeab24d7da80f83f51d865 - not found
[2024-12-21 03:16:46.828048] [0x00007fda7b7f7b80] [info]    Retrieving data for key: key3
[2024-12-21 03:16:46.828050] [0x00007fda7b7f7b80] [debug]   Generating hash for key: key3
[2024-12-21 03:16:46.828053] [0x00007fda7b7f7b80] [debug]   Generated hash: f576104eebeab09651d83acffc77c8b8c6eaa4b767aeab24d7da80f83f51d865
[2024-12-21 03:16:46.828055] [0x00007fda7b7f7b80] [debug]   Calculated hierarchical path: /tmp/store_test_1734751006825294059/f5/76/10/4eebeab09651d83acffc77c8b8c6eaa4b767aeab24d7da80f83f51d865
[2024-12-21 03:16:46.828057] [0x00007fda7b7f7b80] [error]   File not found: /tmp/store_test_1734751006825294059/f5/76/10/4eebeab09651d83acffc77c8b8c6eaa4b767aeab24d7da80f83f51d865
[2024-12-21 03:16:46.828063] [0x00007fda7b7f7b80] [info]    Clearing entire store at: "/tmp/store_test_1734751006825294059"
[2024-12-21 03:16:46.828112] [0x00007fda7b7f7b80] [info]    Store cleared successfully
[       OK ] StoreTest.Clear (2 ms)
[----------] 1 test from StoreTest (2 ms total)

[----------] Global test environment tear-down
[==========] 1 test from 1 test suite ran. (2 ms total)
[  PASSED  ] 1 test.
<end of output>
Test time =   0.01 sec
----------------------------------------------------------
Test Passed.
"StoreTest.Clear" end time: Dec 21 03:16 UTC
"StoreTest.Clear" time elapsed: 00:00:00
----------------------------------------------------------

13/31 Testing: StoreTest.LargeFileHandling
13/31 Test: StoreTest.LargeFileHandling
Command: "/home/runner/StreamCryptoDFS/build/store_tests" "--gtest_filter=StoreTest.LargeFileHandling" "--gtest_also_run_disabled_tests"
Directory: /home/runner/StreamCryptoDFS/build
"StoreTest.LargeFileHandling" start time: Dec 21 03:16 UTC
Output:
----------------------------------------------------------
Running main() from /build/source/googletest/src/gtest_main.cc
Note: Google Test filter = StoreTest.LargeFileHandling
[==========] Running 1 test from 1 test suite.
[----------] Global test environment set-up.
[----------] 1 test from StoreTest
[ RUN      ] StoreTest.LargeFileHandling
[2024-12-21 03:16:46.834612] [0x00007fef41ca6b80] [info]    Initializing Store with base path: /tmp/store_test_1734751006834492197
[2024-12-21 03:16:46.834623] [0x00007fef41ca6b80] [debug]   Store directory created/verified at: /tmp/store_test_1734751006834492197
[2024-12-21 03:16:46.861721] [0x00007fef41ca6b80] [info]    Storing data with key: large_file
[2024-12-21 03:16:46.861746] [0x00007fef41ca6b80] [debug]   Generating hash for key: large_file
[2024-12-21 03:16:46.862882] [0x00007fef41ca6b80] [debug]   Generated hash: df1fbde40271055bb026eaa5094faa107c4a4987061ed6c7def9df06f885f2f3
[2024-12-21 03:16:46.862896] [0x00007fef41ca6b80] [debug]   Calculated hierarchical path: /tmp/store_test_1734751006834492197/df/1f/bd/e40271055bb026eaa5094faa107c4a4987061ed6c7def9df06f885f2f3
[2024-12-21 03:16:46.862962] [0x00007fef41ca6b80] [debug]   Calculated file path: /tmp/store_test_1734751006834492197/df/1f/bd/e40271055bb026eaa5094faa107c4a4987061ed6c7def9df06f885f2f3
[2024-12-21 03:16:46.869317] [0x00007fef41ca6b80] [info]    Successfully stored 10485760 bytes with key: large_file
[2024-12-21 03:16:46.869327] [0x00007fef41ca6b80] [debug]   Generating hash for key: large_file
[2024-12-21 03:16:46.869330] [0x00007fef41ca6b80] [debug]   Generating hash for key: large_file
[2024-12-21 03:16:46.869338] [0x00007fef41ca6b80] [debug]   Generated hash: df1fbde40271055bb026eaa5094faa107c4a4987061ed6c7def9df06f885f2f3
[2024-12-21 03:16:46.869342] [0x00007fef41ca6b80] [debug]   Calculated hierarchical path: /tmp/store_test_1734751006834492197/df/1f/bd/e40271055bb026eaa5094faa107c4a4987061ed6c7def9df06f885f2f3
[2024-12-21 03:16:46.869350] [0x00007fef41ca6b80] [debug]   Checking existence of key: large_file at path: /tmp/store_test_1734751006834492197/df/1f/bd/e40271055bb026eaa5094faa107c4a4987061ed6c7def9df06f885f2f3 - exists
[2024-12-21 03:16:46.869353] [0x00007fef41ca6b80] [info]    Retrieving data for key: large_file
[2024-12-21 03:16:46.869356] [0x00007fef41ca6b80] [debug]   Generating hash for key: large_file
[2024-12-21 03:16:46.869369] [0x00007fef41ca6b80] [debug]   Generated hash: df1fbde40271055bb026eaa5094faa107c4a4987061ed6c7def9df06f885f2f3
[2024-12-21 03:16:46.869374] [0x00007fef41ca6b80] [debug]   Calculated hierarchical path: /tmp/store_test_1734751006834492197/df/1f/bd/e40271055bb026eaa5094faa107c4a4987061ed6c7def9df06f885f2f3
[2024-12-21 03:16:46.883011] [0x00007fef41ca6b80] [debug]   Successfully retrieved data for key: large_file
[2024-12-21 03:16:46.899782] [0x00007fef41ca6b80] [info]    Clearing entire store at: "/tmp/store_test_1734751006834492197"
[2024-12-21 03:16:46.902352] [0x00007fef41ca6b80] [info]    Store cleared successfully
[       OK ] StoreTest.LargeFileHandling (67 ms)
[----------] 1 test from StoreTest (67 ms total)

[----------] Global test environment tear-down
[==========] 1 test from 1 test suite ran. (67 ms total)
[  PASSED  ] 1 test.
<end of output>
Test time =   0.07 sec
----------------------------------------------------------
Test Passed.
"StoreTest.LargeFileHandling" end time: Dec 21 03:16 UTC
"StoreTest.LargeFileHandling" time elapsed: 00:00:00
----------------------------------------------------------

14/31 Testing: StoreTest.OverwriteBehavior
14/31 Test: StoreTest.OverwriteBehavior
Command: "/home/runner/StreamCryptoDFS/build/store_tests" "--gtest_filter=StoreTest.OverwriteBehavior" "--gtest_also_run_disabled_tests"
Directory: /home/runner/StreamCryptoDFS/build
"StoreTest.OverwriteBehavior" start time: Dec 21 03:16 UTC
Output:
----------------------------------------------------------
Running main() from /build/source/googletest/src/gtest_main.cc
Note: Google Test filter = StoreTest.OverwriteBehavior
[==========] Running 1 test from 1 test suite.
[----------] Global test environment set-up.
[----------] 1 test from StoreTest
[ RUN      ] StoreTest.OverwriteBehavior
[2024-12-21 03:16:46.908580] [0x00007f6337accb80] [info]    Initializing Store with base path: /tmp/store_test_1734751006908496621
[2024-12-21 03:16:46.908591] [0x00007f6337accb80] [debug]   Store directory created/verified at: /tmp/store_test_1734751006908496621
[2024-12-21 03:16:46.908595] [0x00007f6337accb80] [info]    Storing data with key: overwrite_test
[2024-12-21 03:16:46.908598] [0x00007f6337accb80] [debug]   Generating hash for key: overwrite_test
[2024-12-21 03:16:46.909559] [0x00007f6337accb80] [debug]   Generated hash: 30952b659b529afe6343c608ec6d8a565347d89ad4d22eec203b90234d48b36e
[2024-12-21 03:16:46.909575] [0x00007f6337accb80] [debug]   Calculated hierarchical path: /tmp/store_test_1734751006908496621/30/95/2b/659b529afe6343c608ec6d8a565347d89ad4d22eec203b90234d48b36e
[2024-12-21 03:16:46.909636] [0x00007f6337accb80] [debug]   Calculated file path: /tmp/store_test_1734751006908496621/30/95/2b/659b529afe6343c608ec6d8a565347d89ad4d22eec203b90234d48b36e
[2024-12-21 03:16:46.909723] [0x00007f6337accb80] [info]    Successfully stored 15 bytes with key: overwrite_test
[2024-12-21 03:16:46.909731] [0x00007f6337accb80] [debug]   Generating hash for key: overwrite_test
[2024-12-21 03:16:46.909733] [0x00007f6337accb80] [debug]   Generating hash for key: overwrite_test
[2024-12-21 03:16:46.909740] [0x00007f6337accb80] [debug]   Generated hash: 30952b659b529afe6343c608ec6d8a565347d89ad4d22eec203b90234d48b36e
[2024-12-21 03:16:46.909746] [0x00007f6337accb80] [debug]   Calculated hierarchical path: /tmp/store_test_1734751006908496621/30/95/2b/659b529afe6343c608ec6d8a565347d89ad4d22eec203b90234d48b36e
[2024-12-21 03:16:46.909752] [0x00007f6337accb80] [debug]   Checking existence of key: overwrite_test at path: /tmp/store_test_1734751006908496621/30/95/2b/659b529afe6343c608ec6d8a565347d89ad4d22eec203b90234d48b36e - exists
[2024-12-21 03:16:46.909757] [0x00007f6337accb80] [info]    Retrieving data for key: overwrite_test
[2024-12-21 03:16:46.909760] [0x00007f6337accb80] [debug]   Generating hash for key: overwrite_test
[2024-12-21 03:16:46.909767] [0x00007f6337accb80] [debug]   Generated hash: 30952b659b529afe6343c608ec6d8a565347d89ad4d22eec203b90234d48b36e
[2024-12-21 03:16:46.909772] [0x00007f6337accb80] [debug]   Calculated hierarchical path: /tmp/store_test_1734751006908496621/30/95/2b/659b529afe6343c608ec6d8a565347d89ad4d22eec203b90234d48b36e
[2024-12-21 03:16:46.909789] [0x00007f6337accb80] [debug]   Successfully retrieved data for key: overwrite_test
[2024-12-21 03:16:46.909798] [0x00007f6337accb80] [info]    Storing data with key: overwrite_test
[2024-12-21 03:16:46.909800] [0x00007f6337accb80] [debug]   Generating hash for key: overwrite_test
[2024-12-21 03:16:46.909805] [0x00007f6337accb80] [debug]   Generated hash: 30952b659b529afe6343c608ec6d8a565347d89ad4d22eec203b90234d48b36e
[2024-12-21 03:16:46.909813] [0x00007f6337accb80] [debug]   Calculated hierarchical path: /tmp/store_test_1734751006908496621/30/95/2b/659b529afe6343c608ec6d8a565347d89ad4d22eec203b90234d48b36e
[2024-12-21 03:16:46.909820] [0x00007f6337accb80] [debug]   Calculated file path: /tmp/store_test_1734751006908496621/30/95/2b/659b529afe6343c608ec6d8a565347d89ad4d22eec203b90234d48b36e
[2024-12-21 03:16:46.909879] [0x00007f6337accb80] [info]    Successfully stored 15 bytes with key: overwrite_test
[2024-12-21 03:16:46.909892] [0x00007f6337accb80] [info]    Retrieving data for key: overwrite_test
[2024-12-21 03:16:46.909894] [0x00007f6337accb80] [debug]   Generating hash for key: overwrite_test
[2024-12-21 03:16:46.909903] [0x00007f6337accb80] [debug]   Generated hash: 30952b659b529afe6343c608ec6d8a565347d89ad4d22eec203b90234d48b36e
[2024-12-21 03:16:46.909908] [0x00007f6337accb80] [debug]   Calculated hierarchical path: /tmp/store_test_1734751006908496621/30/95/2b/659b529afe6343c608ec6d8a565347d89ad4d22eec203b90234d48b36e
[2024-12-21 03:16:46.909925] [0x00007f6337accb80] [debug]   Successfully retrieved data for key: overwrite_test
[2024-12-21 03:16:46.909934] [0x00007f6337accb80] [info]    Clearing entire store at: "/tmp/store_test_1734751006908496621"
[2024-12-21 03:16:46.910125] [0x00007f6337accb80] [info]    Store cleared successfully
[       OK ] StoreTest.OverwriteBehavior (1 ms)
[----------] 1 test from StoreTest (1 ms total)

[----------] Global test environment tear-down
[==========] 1 test from 1 test suite ran. (1 ms total)
[  PASSED  ] 1 test.
<end of output>
Test time =   0.01 sec
----------------------------------------------------------
Test Passed.
"StoreTest.OverwriteBehavior" end time: Dec 21 03:16 UTC
"StoreTest.OverwriteBehavior" time elapsed: 00:00:00
----------------------------------------------------------

15/31 Testing: StoreTest.StreamStatePreservation
15/31 Test: StoreTest.StreamStatePreservation
Command: "/home/runner/StreamCryptoDFS/build/store_tests" "--gtest_filter=StoreTest.StreamStatePreservation" "--gtest_also_run_disabled_tests"
Directory: /home/runner/StreamCryptoDFS/build
"StoreTest.StreamStatePreservation" start time: Dec 21 03:16 UTC
Output:
----------------------------------------------------------
Running main() from /build/source/googletest/src/gtest_main.cc
Note: Google Test filter = StoreTest.StreamStatePreservation
[==========] Running 1 test from 1 test suite.
[----------] Global test environment set-up.
[----------] 1 test from StoreTest
[ RUN      ] StoreTest.StreamStatePreservation
[2024-12-21 03:16:46.915549] [0x00007f2926e18b80] [info]    Initializing Store with base path: /tmp/store_test_1734751006915460679
[2024-12-21 03:16:46.915558] [0x00007f2926e18b80] [debug]   Store directory created/verified at: /tmp/store_test_1734751006915460679
[2024-12-21 03:16:46.915565] [0x00007f2926e18b80] [info]    Storing data with key: stream_state_test
[2024-12-21 03:16:46.915570] [0x00007f2926e18b80] [debug]   Generating hash for key: stream_state_test
[2024-12-21 03:16:46.916580] [0x00007f2926e18b80] [debug]   Generated hash: a9e413f31ab1fd98797abd4d4d50fc4ccfbf9abaec049f8d5f9e9c5b294d61c8
[2024-12-21 03:16:46.916623] [0x00007f2926e18b80] [debug]   Calculated hierarchical path: /tmp/store_test_1734751006915460679/a9/e4/13/f31ab1fd98797abd4d4d50fc4ccfbf9abaec049f8d5f9e9c5b294d61c8
[2024-12-21 03:16:46.916697] [0x00007f2926e18b80] [debug]   Calculated file path: /tmp/store_test_1734751006915460679/a9/e4/13/f31ab1fd98797abd4d4d50fc4ccfbf9abaec049f8d5f9e9c5b294d61c8
[2024-12-21 03:16:46.916859] [0x00007f2926e18b80] [info]    Successfully stored 26 bytes with key: stream_state_test
[2024-12-21 03:16:46.916883] [0x00007f2926e18b80] [info]    Retrieving data for key: stream_state_test
[2024-12-21 03:16:46.916896] [0x00007f2926e18b80] [debug]   Generating hash for key: stream_state_test
[2024-12-21 03:16:46.916914] [0x00007f2926e18b80] [debug]   Generated hash: a9e413f31ab1fd98797abd4d4d50fc4ccfbf9abaec049f8d5f9e9c5b294d61c8
[2024-12-21 03:16:46.916929] [0x00007f2926e18b80] [debug]   Calculated hierarchical path: /tmp/store_test_1734751006915460679/a9/e4/13/f31ab1fd98797abd4d4d50fc4ccfbf9abaec049f8d5f9e9c5b294d61c8
[2024-12-21 03:16:46.916957] [0x00007f2926e18b80] [debug]   Successfully retrieved data for key: stream_state_test
[2024-12-21 03:16:46.916982] [0x00007f2926e18b80] [info]    Clearing entire store at: "/tmp/store_test_1734751006915460679"
[2024-12-21 03:16:46.917275] [0x00007f2926e18b80] [info]    Store cleared successfully
[       OK ] StoreTest.StreamStatePreservation (1 ms)
[----------] 1 test from StoreTest (1 ms total)

[----------] Global test environment tear-down
[==========] 1 test from 1 test suite ran. (1 ms total)
[  PASSED  ] 1 test.
<end of output>
Test time =   0.01 sec
----------------------------------------------------------
Test Passed.
"StoreTest.StreamStatePreservation" end time: Dec 21 03:16 UTC
"StoreTest.StreamStatePreservation" time elapsed: 00:00:00
----------------------------------------------------------

16/31 Testing: StoreTest.FileSizeRetrieval
16/31 Test: StoreTest.FileSizeRetrieval
Command: "/home/runner/StreamCryptoDFS/build/store_tests" "--gtest_filter=StoreTest.FileSizeRetrieval" "--gtest_also_run_disabled_tests"
Directory: /home/runner/StreamCryptoDFS/build
"StoreTest.FileSizeRetrieval" start time: Dec 21 03:16 UTC
Output:
----------------------------------------------------------
Running main() from /build/source/googletest/src/gtest_main.cc
Note: Google Test filter = StoreTest.FileSizeRetrieval
[==========] Running 1 test from 1 test suite.
[----------] Global test environment set-up.
[----------] 1 test from StoreTest
[ RUN      ] StoreTest.FileSizeRetrieval
[2024-12-21 03:16:46.922940] [0x00007f4f786a7b80] [info]    Initializing Store with base path: /tmp/store_test_1734751006922870677
[2024-12-21 03:16:46.922951] [0x00007f4f786a7b80] [debug]   Store directory created/verified at: /tmp/store_test_1734751006922870677
[2024-12-21 03:16:46.922954] [0x00007f4f786a7b80] [info]    Storing data with key: size_test
[2024-12-21 03:16:46.922958] [0x00007f4f786a7b80] [debug]   Generating hash for key: size_test
[2024-12-21 03:16:46.923780] [0x00007f4f786a7b80] [debug]   Generated hash: d2283af70f36b068be549fdee1255a41540b931c457a992112d4cab9c89de74e
[2024-12-21 03:16:46.923793] [0x00007f4f786a7b80] [debug]   Calculated hierarchical path: /tmp/store_test_1734751006922870677/d2/28/3a/f70f36b068be549fdee1255a41540b931c457a992112d4cab9c89de74e
[2024-12-21 03:16:46.923848] [0x00007f4f786a7b80] [debug]   Calculated file path: /tmp/store_test_1734751006922870677/d2/28/3a/f70f36b068be549fdee1255a41540b931c457a992112d4cab9c89de74e
[2024-12-21 03:16:46.924050] [0x00007f4f786a7b80] [info]    Successfully stored 13 bytes with key: size_test
[2024-12-21 03:16:46.924060] [0x00007f4f786a7b80] [debug]   Getting file size for key: size_test
[2024-12-21 03:16:46.924064] [0x00007f4f786a7b80] [debug]   Generating hash for key: size_test
[2024-12-21 03:16:46.924073] [0x00007f4f786a7b80] [debug]   Generated hash: d2283af70f36b068be549fdee1255a41540b931c457a992112d4cab9c89de74e
[2024-12-21 03:16:46.924078] [0x00007f4f786a7b80] [debug]   Calculated hierarchical path: /tmp/store_test_1734751006922870677/d2/28/3a/f70f36b068be549fdee1255a41540b931c457a992112d4cab9c89de74e
[2024-12-21 03:16:46.924087] [0x00007f4f786a7b80] [debug]   File size for key size_test: 13 bytes
[2024-12-21 03:16:46.924091] [0x00007f4f786a7b80] [info]    Storing data with key: empty_test
[2024-12-21 03:16:46.924094] [0x00007f4f786a7b80] [debug]   Generating hash for key: empty_test
[2024-12-21 03:16:46.924101] [0x00007f4f786a7b80] [debug]   Generated hash: f1b6800e9ca01dac557744adec3477366cbe3888d44fcabefb3078c4c069f3a8
[2024-12-21 03:16:46.924110] [0x00007f4f786a7b80] [debug]   Calculated hierarchical path: /tmp/store_test_1734751006922870677/f1/b6/80/0e9ca01dac557744adec3477366cbe3888d44fcabefb3078c4c069f3a8
[2024-12-21 03:16:46.924162] [0x00007f4f786a7b80] [debug]   Calculated file path: /tmp/store_test_1734751006922870677/f1/b6/80/0e9ca01dac557744adec3477366cbe3888d44fcabefb3078c4c069f3a8
[2024-12-21 03:16:46.924201] [0x00007f4f786a7b80] [debug]   Storing empty content for key: empty_test
[2024-12-21 03:16:46.924212] [0x00007f4f786a7b80] [info]    Successfully stored 0 bytes with key: empty_test
[2024-12-21 03:16:46.924215] [0x00007f4f786a7b80] [debug]   Getting file size for key: empty_test
[2024-12-21 03:16:46.924218] [0x00007f4f786a7b80] [debug]   Generating hash for key: empty_test
[2024-12-21 03:16:46.924226] [0x00007f4f786a7b80] [debug]   Generated hash: f1b6800e9ca01dac557744adec3477366cbe3888d44fcabefb3078c4c069f3a8
[2024-12-21 03:16:46.924231] [0x00007f4f786a7b80] [debug]   Calculated hierarchical path: /tmp/store_test_1734751006922870677/f1/b6/80/0e9ca01dac557744adec3477366cbe3888d44fcabefb3078c4c069f3a8
[2024-12-21 03:16:46.924237] [0x00007f4f786a7b80] [debug]   File size for key empty_test: 0 bytes
[2024-12-21 03:16:46.924240] [0x00007f4f786a7b80] [debug]   Getting file size for key: nonexistent_key
[2024-12-21 03:16:46.924241] [0x00007f4f786a7b80] [debug]   Generating hash for key: nonexistent_key
[2024-12-21 03:16:46.924245] [0x00007f4f786a7b80] [debug]   Generated hash: 5fbaf0fb39a2369c07d1aa653dd2386202abdff0c69ceb6060083b29af61fd2f
[2024-12-21 03:16:46.924247] [0x00007f4f786a7b80] [debug]   Calculated hierarchical path: /tmp/store_test_1734751006922870677/5f/ba/f0/fb39a2369c07d1aa653dd2386202abdff0c69ceb6060083b29af61fd2f
[2024-12-21 03:16:46.924253] [0x00007f4f786a7b80] [error]   File not found: /tmp/store_test_1734751006922870677/5f/ba/f0/fb39a2369c07d1aa653dd2386202abdff0c69ceb6060083b29af61fd2f
[2024-12-21 03:16:46.924278] [0x00007f4f786a7b80] [info]    Clearing entire store at: "/tmp/store_test_1734751006922870677"
[2024-12-21 03:16:46.924483] [0x00007f4f786a7b80] [info]    Store cleared successfully
[       OK ] StoreTest.FileSizeRetrieval (1 ms)
[----------] 1 test from StoreTest (1 ms total)

[----------] Global test environment tear-down
[==========] 1 test from 1 test suite ran. (1 ms total)
[  PASSED  ] 1 test.
<end of output>
Test time =   0.01 sec
----------------------------------------------------------
Test Passed.
"StoreTest.FileSizeRetrieval" end time: Dec 21 03:16 UTC
"StoreTest.FileSizeRetrieval" time elapsed: 00:00:00
----------------------------------------------------------

17/31 Testing: TCPPeerTest.ConnectionTest
17/31 Test: TCPPeerTest.ConnectionTest
Command: "/home/runner/StreamCryptoDFS/build/network_tests" "--gtest_filter=TCPPeerTest.ConnectionTest" "--gtest_also_run_disabled_tests"
Directory: /home/runner/StreamCryptoDFS/build
"TCPPeerTest.ConnectionTest" start time: Dec 21 03:16 UTC
Output:
----------------------------------------------------------
Running main() from /build/source/googletest/src/gtest_main.cc
Note: Google Test filter = TCPPeerTest.ConnectionTest
[==========] Running 1 test from 1 test suite.
[----------] Global test environment set-up.
[----------] 1 test from TCPPeerTest
[ RUN      ] TCPPeerTest.ConnectionTest
[       OK ] TCPPeerTest.ConnectionTest (2 ms)
[----------] 1 test from TCPPeerTest (2 ms total)

[----------] Global test environment tear-down
[==========] 1 test from 1 test suite ran. (2 ms total)
[  PASSED  ] 1 test.
<end of output>
Test time =   0.01 sec
----------------------------------------------------------
Test Passed.
"TCPPeerTest.ConnectionTest" end time: Dec 21 03:16 UTC
"TCPPeerTest.ConnectionTest" time elapsed: 00:00:00
----------------------------------------------------------

18/31 Testing: TCPPeerTest.DisconnectionTest
18/31 Test: TCPPeerTest.DisconnectionTest
Command: "/home/runner/StreamCryptoDFS/build/network_tests" "--gtest_filter=TCPPeerTest.DisconnectionTest" "--gtest_also_run_disabled_tests"
Directory: /home/runner/StreamCryptoDFS/build
"TCPPeerTest.DisconnectionTest" start time: Dec 21 03:16 UTC
Output:
----------------------------------------------------------
Running main() from /build/source/googletest/src/gtest_main.cc
Note: Google Test filter = TCPPeerTest.DisconnectionTest
[==========] Running 1 test from 1 test suite.
[----------] Global test environment set-up.
[----------] 1 test from TCPPeerTest
[ RUN      ] TCPPeerTest.DisconnectionTest
[       OK ] TCPPeerTest.DisconnectionTest (2 ms)
[----------] 1 test from TCPPeerTest (2 ms total)

[----------] Global test environment tear-down
[==========] 1 test from 1 test suite ran. (2 ms total)
[  PASSED  ] 1 test.
<end of output>
Test time =   0.01 sec
----------------------------------------------------------
Test Passed.
"TCPPeerTest.DisconnectionTest" end time: Dec 21 03:16 UTC
"TCPPeerTest.DisconnectionTest" time elapsed: 00:00:00
----------------------------------------------------------

19/31 Testing: TCPPeerTest.SendStreamTest
19/31 Test: TCPPeerTest.SendStreamTest
Command: "/home/runner/StreamCryptoDFS/build/network_tests" "--gtest_filter=TCPPeerTest.SendStreamTest" "--gtest_also_run_disabled_tests"
Directory: /home/runner/StreamCryptoDFS/build
"TCPPeerTest.SendStreamTest" start time: Dec 21 03:16 UTC
Output:
----------------------------------------------------------
Running main() from /build/source/googletest/src/gtest_main.cc
Note: Google Test filter = TCPPeerTest.SendStreamTest
[==========] Running 1 test from 1 test suite.
[----------] Global test environment set-up.
[----------] 1 test from TCPPeerTest
[ RUN      ] TCPPeerTest.SendStreamTest
[       OK ] TCPPeerTest.SendStreamTest (2 ms)
[----------] 1 test from TCPPeerTest (2 ms total)

[----------] Global test environment tear-down
[==========] 1 test from 1 test suite ran. (2 ms total)
[  PASSED  ] 1 test.
<end of output>
Test time =   0.01 sec
----------------------------------------------------------
Test Passed.
"TCPPeerTest.SendStreamTest" end time: Dec 21 03:16 UTC
"TCPPeerTest.SendStreamTest" time elapsed: 00:00:00
----------------------------------------------------------

20/31 Testing: TCPPeerTest.ReceiveStreamTest
20/31 Test: TCPPeerTest.ReceiveStreamTest
Command: "/home/runner/StreamCryptoDFS/build/network_tests" "--gtest_filter=TCPPeerTest.ReceiveStreamTest" "--gtest_also_run_disabled_tests"
Directory: /home/runner/StreamCryptoDFS/build
"TCPPeerTest.ReceiveStreamTest" start time: Dec 21 03:16 UTC
Output:
----------------------------------------------------------
Running main() from /build/source/googletest/src/gtest_main.cc
Note: Google Test filter = TCPPeerTest.ReceiveStreamTest
[==========] Running 1 test from 1 test suite.
[----------] Global test environment set-up.
[----------] 1 test from TCPPeerTest
[ RUN      ] TCPPeerTest.ReceiveStreamTest
[       OK ] TCPPeerTest.ReceiveStreamTest (2 ms)
[----------] 1 test from TCPPeerTest (2 ms total)

[----------] Global test environment tear-down
[==========] 1 test from 1 test suite ran. (2 ms total)
[  PASSED  ] 1 test.
<end of output>
Test time =   0.01 sec
----------------------------------------------------------
Test Passed.
"TCPPeerTest.ReceiveStreamTest" end time: Dec 21 03:16 UTC
"TCPPeerTest.ReceiveStreamTest" time elapsed: 00:00:00
----------------------------------------------------------

21/31 Testing: TCPPeerTest.MultipleMessagesTest
21/31 Test: TCPPeerTest.MultipleMessagesTest
Command: "/home/runner/StreamCryptoDFS/build/network_tests" "--gtest_filter=TCPPeerTest.MultipleMessagesTest" "--gtest_also_run_disabled_tests"
Directory: /home/runner/StreamCryptoDFS/build
"TCPPeerTest.MultipleMessagesTest" start time: Dec 21 03:16 UTC
Output:
----------------------------------------------------------
Running main() from /build/source/googletest/src/gtest_main.cc
Note: Google Test filter = TCPPeerTest.MultipleMessagesTest
[==========] Running 1 test from 1 test suite.
[----------] Global test environment set-up.
[----------] 1 test from TCPPeerTest
[ RUN      ] TCPPeerTest.MultipleMessagesTest
[       OK ] TCPPeerTest.MultipleMessagesTest (33 ms)
[----------] 1 test from TCPPeerTest (33 ms total)

[----------] Global test environment tear-down
[==========] 1 test from 1 test suite ran. (33 ms total)
[  PASSED  ] 1 test.
<end of output>
Test time =   0.04 sec
----------------------------------------------------------
Test Passed.
"TCPPeerTest.MultipleMessagesTest" end time: Dec 21 03:16 UTC
"TCPPeerTest.MultipleMessagesTest" time elapsed: 00:00:00
----------------------------------------------------------

22/31 Testing: TCPPeerTest.EdgeCasesTest
22/31 Test: TCPPeerTest.EdgeCasesTest
Command: "/home/runner/StreamCryptoDFS/build/network_tests" "--gtest_filter=TCPPeerTest.EdgeCasesTest" "--gtest_also_run_disabled_tests"
Directory: /home/runner/StreamCryptoDFS/build
"TCPPeerTest.EdgeCasesTest" start time: Dec 21 03:16 UTC
Output:
----------------------------------------------------------
Running main() from /build/source/googletest/src/gtest_main.cc
Note: Google Test filter = TCPPeerTest.EdgeCasesTest
[==========] Running 1 test from 1 test suite.
[----------] Global test environment set-up.
[----------] 1 test from TCPPeerTest
[ RUN      ] TCPPeerTest.EdgeCasesTest
[2024-12-21 03:16:47.011139] [0x00007fa87842ed80] [error]   [test_peer] Connection failed: Connection refused
[2024-12-21 03:16:47.011157] [0x00007fa87842ed80] [error]   [test_peer] Socket shutdown error: Transport endpoint is not connected
[2024-12-21 03:16:47.011170] [0x00007fa87842ed80] [error]   [test_peer] Cannot send stream - socket not connected
[       OK ] TCPPeerTest.EdgeCasesTest (3 ms)
[----------] 1 test from TCPPeerTest (3 ms total)

[----------] Global test environment tear-down
[==========] 1 test from 1 test suite ran. (3 ms total)
[  PASSED  ] 1 test.
<end of output>
Test time =   0.01 sec
----------------------------------------------------------
Test Passed.
"TCPPeerTest.EdgeCasesTest" end time: Dec 21 03:16 UTC
"TCPPeerTest.EdgeCasesTest" time elapsed: 00:00:00
----------------------------------------------------------

23/31 Testing: PeerManagerTest.InitializationTest
23/31 Test: PeerManagerTest.InitializationTest
Command: "/home/runner/StreamCryptoDFS/build/network_tests" "--gtest_filter=PeerManagerTest.InitializationTest" "--gtest_also_run_disabled_tests"
Directory: /home/runner/StreamCryptoDFS/build
"PeerManagerTest.InitializationTest" start time: Dec 21 03:16 UTC
Output:
----------------------------------------------------------
Running main() from /build/source/googletest/src/gtest_main.cc
Note: Google Test filter = PeerManagerTest.InitializationTest
[==========] Running 1 test from 1 test suite.
[----------] Global test environment set-up.
[----------] 1 test from PeerManagerTest
[ RUN      ] PeerManagerTest.InitializationTest
[       OK ] PeerManagerTest.InitializationTest (0 ms)
[----------] 1 test from PeerManagerTest (0 ms total)

[----------] Global test environment tear-down
[==========] 1 test from 1 test suite ran. (0 ms total)
[  PASSED  ] 1 test.
<end of output>
Test time =   0.01 sec
----------------------------------------------------------
Test Passed.
"PeerManagerTest.InitializationTest" end time: Dec 21 03:16 UTC
"PeerManagerTest.InitializationTest" time elapsed: 00:00:00
----------------------------------------------------------

24/31 Testing: PeerManagerTest.AddValidPeerTest
24/31 Test: PeerManagerTest.AddValidPeerTest
Command: "/home/runner/StreamCryptoDFS/build/network_tests" "--gtest_filter=PeerManagerTest.AddValidPeerTest" "--gtest_also_run_disabled_tests"
Directory: /home/runner/StreamCryptoDFS/build
"PeerManagerTest.AddValidPeerTest" start time: Dec 21 03:16 UTC
Output:
----------------------------------------------------------
Running main() from /build/source/googletest/src/gtest_main.cc
Note: Google Test filter = PeerManagerTest.AddValidPeerTest
[==========] Running 1 test from 1 test suite.
[----------] Global test environment set-up.
[----------] 1 test from PeerManagerTest
[ RUN      ] PeerManagerTest.AddValidPeerTest
[       OK ] PeerManagerTest.AddValidPeerTest (0 ms)
[----------] 1 test from PeerManagerTest (0 ms total)

[----------] Global test environment tear-down
[==========] 1 test from 1 test suite ran. (0 ms total)
[  PASSED  ] 1 test.
<end of output>
Test time =   0.01 sec
----------------------------------------------------------
Test Passed.
"PeerManagerTest.AddValidPeerTest" end time: Dec 21 03:16 UTC
"PeerManagerTest.AddValidPeerTest" time elapsed: 00:00:00
----------------------------------------------------------

25/31 Testing: PeerManagerTest.AddNullPeerTest
25/31 Test: PeerManagerTest.AddNullPeerTest
Command: "/home/runner/StreamCryptoDFS/build/network_tests" "--gtest_filter=PeerManagerTest.AddNullPeerTest" "--gtest_also_run_disabled_tests"
Directory: /home/runner/StreamCryptoDFS/build
"PeerManagerTest.AddNullPeerTest" start time: Dec 21 03:16 UTC
Output:
----------------------------------------------------------
Running main() from /build/source/googletest/src/gtest_main.cc
Note: Google Test filter = PeerManagerTest.AddNullPeerTest
[==========] Running 1 test from 1 test suite.
[----------] Global test environment set-up.
[----------] 1 test from PeerManagerTest
[ RUN      ] PeerManagerTest.AddNullPeerTest
[2024-12-21 03:16:47.036074] [0x00007f420cfbad80] [error]   Attempted to add null peer
[       OK ] PeerManagerTest.AddNullPeerTest (0 ms)
[----------] 1 test from PeerManagerTest (0 ms total)

[----------] Global test environment tear-down
[==========] 1 test from 1 test suite ran. (0 ms total)
[  PASSED  ] 1 test.
<end of output>
Test time =   0.01 sec
----------------------------------------------------------
Test Passed.
"PeerManagerTest.AddNullPeerTest" end time: Dec 21 03:16 UTC
"PeerManagerTest.AddNullPeerTest" time elapsed: 00:00:00
----------------------------------------------------------

26/31 Testing: PeerManagerTest.AddDuplicatePeerTest
26/31 Test: PeerManagerTest.AddDuplicatePeerTest
Command: "/home/runner/StreamCryptoDFS/build/network_tests" "--gtest_filter=PeerManagerTest.AddDuplicatePeerTest" "--gtest_also_run_disabled_tests"
Directory: /home/runner/StreamCryptoDFS/build
"PeerManagerTest.AddDuplicatePeerTest" start time: Dec 21 03:16 UTC
Output:
----------------------------------------------------------
Running main() from /build/source/googletest/src/gtest_main.cc
Note: Google Test filter = PeerManagerTest.AddDuplicatePeerTest
[==========] Running 1 test from 1 test suite.
[----------] Global test environment set-up.
[----------] 1 test from PeerManagerTest
[ RUN      ] PeerManagerTest.AddDuplicatePeerTest
[       OK ] PeerManagerTest.AddDuplicatePeerTest (0 ms)
[----------] 1 test from PeerManagerTest (0 ms total)

[----------] Global test environment tear-down
[==========] 1 test from 1 test suite ran. (0 ms total)
[  PASSED  ] 1 test.
<end of output>
Test time =   0.01 sec
----------------------------------------------------------
Test Passed.
"PeerManagerTest.AddDuplicatePeerTest" end time: Dec 21 03:16 UTC
"PeerManagerTest.AddDuplicatePeerTest" time elapsed: 00:00:00
----------------------------------------------------------

27/31 Testing: PeerManagerTest.RemoveExistingPeerTest
27/31 Test: PeerManagerTest.RemoveExistingPeerTest
Command: "/home/runner/StreamCryptoDFS/build/network_tests" "--gtest_filter=PeerManagerTest.RemoveExistingPeerTest" "--gtest_also_run_disabled_tests"
Directory: /home/runner/StreamCryptoDFS/build
"PeerManagerTest.RemoveExistingPeerTest" start time: Dec 21 03:16 UTC
Output:
----------------------------------------------------------
Running main() from /build/source/googletest/src/gtest_main.cc
Note: Google Test filter = PeerManagerTest.RemoveExistingPeerTest
[==========] Running 1 test from 1 test suite.
[----------] Global test environment set-up.
[----------] 1 test from PeerManagerTest
[ RUN      ] PeerManagerTest.RemoveExistingPeerTest
[       OK ] PeerManagerTest.RemoveExistingPeerTest (0 ms)
[----------] 1 test from PeerManagerTest (0 ms total)

[----------] Global test environment tear-down
[==========] 1 test from 1 test suite ran. (0 ms total)
[  PASSED  ] 1 test.
<end of output>
Test time =   0.00 sec
----------------------------------------------------------
Test Passed.
"PeerManagerTest.RemoveExistingPeerTest" end time: Dec 21 03:16 UTC
"PeerManagerTest.RemoveExistingPeerTest" time elapsed: 00:00:00
----------------------------------------------------------

28/31 Testing: PeerManagerTest.RemoveNonExistentPeerTest
28/31 Test: PeerManagerTest.RemoveNonExistentPeerTest
Command: "/home/runner/StreamCryptoDFS/build/network_tests" "--gtest_filter=PeerManagerTest.RemoveNonExistentPeerTest" "--gtest_also_run_disabled_tests"
Directory: /home/runner/StreamCryptoDFS/build
"PeerManagerTest.RemoveNonExistentPeerTest" start time: Dec 21 03:16 UTC
Output:
----------------------------------------------------------
Running main() from /build/source/googletest/src/gtest_main.cc
Note: Google Test filter = PeerManagerTest.RemoveNonExistentPeerTest
[==========] Running 1 test from 1 test suite.
[----------] Global test environment set-up.
[----------] 1 test from PeerManagerTest
[ RUN      ] PeerManagerTest.RemoveNonExistentPeerTest
[       OK ] PeerManagerTest.RemoveNonExistentPeerTest (0 ms)
[----------] 1 test from PeerManagerTest (0 ms total)

[----------] Global test environment tear-down
[==========] 1 test from 1 test suite ran. (0 ms total)
[  PASSED  ] 1 test.
<end of output>
Test time =   0.01 sec
----------------------------------------------------------
Test Passed.
"PeerManagerTest.RemoveNonExistentPeerTest" end time: Dec 21 03:16 UTC
"PeerManagerTest.RemoveNonExistentPeerTest" time elapsed: 00:00:00
----------------------------------------------------------

29/31 Testing: PeerManagerTest.GetNonExistentPeerTest
29/31 Test: PeerManagerTest.GetNonExistentPeerTest
Command: "/home/runner/StreamCryptoDFS/build/network_tests" "--gtest_filter=PeerManagerTest.GetNonExistentPeerTest" "--gtest_also_run_disabled_tests"
Directory: /home/runner/StreamCryptoDFS/build
"PeerManagerTest.GetNonExistentPeerTest" start time: Dec 21 03:16 UTC
Output:
----------------------------------------------------------
Running main() from /build/source/googletest/src/gtest_main.cc
Note: Google Test filter = PeerManagerTest.GetNonExistentPeerTest
[==========] Running 1 test from 1 test suite.
[----------] Global test environment set-up.
[----------] 1 test from PeerManagerTest
[ RUN      ] PeerManagerTest.GetNonExistentPeerTest
[       OK ] PeerManagerTest.GetNonExistentPeerTest (0 ms)
[----------] 1 test from PeerManagerTest (0 ms total)

[----------] Global test environment tear-down
[==========] 1 test from 1 test suite ran. (0 ms total)
[  PASSED  ] 1 test.
<end of output>
Test time =   0.00 sec
----------------------------------------------------------
Test Passed.
"PeerManagerTest.GetNonExistentPeerTest" end time: Dec 21 03:16 UTC
"PeerManagerTest.GetNonExistentPeerTest" time elapsed: 00:00:00
----------------------------------------------------------

30/31 Testing: PeerManagerTest.ThreadSafetyTest
30/31 Test: PeerManagerTest.ThreadSafetyTest
Command: "/home/runner/StreamCryptoDFS/build/network_tests" "--gtest_filter=PeerManagerTest.ThreadSafetyTest" "--gtest_also_run_disabled_tests"
Directory: /home/runner/StreamCryptoDFS/build
"PeerManagerTest.ThreadSafetyTest" start time: Dec 21 03:16 UTC
Output:
----------------------------------------------------------
Running main() from /build/source/googletest/src/gtest_main.cc
Note: Google Test filter = PeerManagerTest.ThreadSafetyTest
[==========] Running 1 test from 1 test suite.
[----------] Global test environment set-up.
[----------] 1 test from PeerManagerTest
[ RUN      ] PeerManagerTest.ThreadSafetyTest
[       OK ] PeerManagerTest.ThreadSafetyTest (5 ms)
[----------] 1 test from PeerManagerTest (5 ms total)

[----------] Global test environment tear-down
[==========] 1 test from 1 test suite ran. (5 ms total)
[  PASSED  ] 1 test.
<end of output>
Test time =   0.01 sec
----------------------------------------------------------
Test Passed.
"PeerManagerTest.ThreadSafetyTest" end time: Dec 21 03:16 UTC
"PeerManagerTest.ThreadSafetyTest" time elapsed: 00:00:00
----------------------------------------------------------

31/31 Testing: PeerManagerTest.ShutdownTest
31/31 Test: PeerManagerTest.ShutdownTest
Command: "/home/runner/StreamCryptoDFS/build/network_tests" "--gtest_filter=PeerManagerTest.ShutdownTest" "--gtest_also_run_disabled_tests"
Directory: /home/runner/StreamCryptoDFS/build
"PeerManagerTest.ShutdownTest" start time: Dec 21 03:16 UTC
Output:
----------------------------------------------------------
Running main() from /build/source/googletest/src/gtest_main.cc
Note: Google Test filter = PeerManagerTest.ShutdownTest
[==========] Running 1 test from 1 test suite.
[----------] Global test environment set-up.
[----------] 1 test from PeerManagerTest
[ RUN      ] PeerManagerTest.ShutdownTest
[       OK ] PeerManagerTest.ShutdownTest (0 ms)
[----------] 1 test from PeerManagerTest (0 ms total)

[----------] Global test environment tear-down
[==========] 1 test from 1 test suite ran. (0 ms total)
[  PASSED  ] 1 test.
<end of output>
Test time =   0.01 sec
----------------------------------------------------------
Test Passed.
"PeerManagerTest.ShutdownTest" end time: Dec 21 03:16 UTC
"PeerManagerTest.ShutdownTest" time elapsed: 00:00:00
----------------------------------------------------------

End testing: Dec 21 03:16 UTC
