Start testing: Jan 23 18:52 UTC
----------------------------------------------------------
1/28 Testing: CryptoStreamTest.BasicStreamOperation
1/28 Test: CryptoStreamTest.BasicStreamOperation
Command: "/home/runner/workspace/build/crypto_tests" "--gtest_filter=CryptoStreamTest.BasicStreamOperation" "--gtest_also_run_disabled_tests"
Directory: /home/runner/workspace/build
"CryptoStreamTest.BasicStreamOperation" start time: Jan 23 18:52 UTC
Output:
----------------------------------------------------------
Running main() from /build/source/googletest/src/gtest_main.cc
Note: Google Test filter = CryptoStreamTest.BasicStreamOperation
[==========] Running 1 test from 1 test suite.
[----------] Global test environment set-up.
[----------] 1 test from CryptoStreamTest
[ RUN      ] CryptoStreamTest.BasicStreamOperation
[2025-01-23 18:52:53.835502] [0x00007f68bc47cb80] [info]    Initializing CryptoStream
[2025-01-23 18:52:53.835610] [0x00007f68bc47cb80] [debug]   CryptoStream initialization complete
[2025-01-23 18:52:53.835617] [0x00007f68bc47cb80] [info]    Initializing crypto parameters
[2025-01-23 18:52:53.835619] [0x00007f68bc47cb80] [debug]   Crypto parameters initialized successfully
[2025-01-23 18:52:53.835624] [0x00007f68bc47cb80] [info]    Starting stream encryption
[2025-01-23 18:52:53.835627] [0x00007f68bc47cb80] [debug]   Initializing cipher for encryption
[2025-01-23 18:52:53.837066] [0x00007f68bc47cb80] [debug]   Cipher initialization complete
[2025-01-23 18:52:53.837080] [0x00007f68bc47cb80] [info]    Starting stream decryption
[2025-01-23 18:52:53.837083] [0x00007f68bc47cb80] [debug]   Initializing cipher for decryption
[2025-01-23 18:52:53.837091] [0x00007f68bc47cb80] [debug]   Cipher initialization complete
[2025-01-23 18:52:53.837097] [0x00007f68bc47cb80] [debug]   Cleaning up CryptoStream resources
[       OK ] CryptoStreamTest.BasicStreamOperation (1 ms)
[----------] 1 test from CryptoStreamTest (1 ms total)

[----------] Global test environment tear-down
[==========] 1 test from 1 test suite ran. (1 ms total)
[  PASSED  ] 1 test.
<end of output>
Test time =   0.01 sec
----------------------------------------------------------
Test Passed.
"CryptoStreamTest.BasicStreamOperation" end time: Jan 23 18:52 UTC
"CryptoStreamTest.BasicStreamOperation" time elapsed: 00:00:00
----------------------------------------------------------

2/28 Testing: CryptoStreamTest.UninitializedError
2/28 Test: CryptoStreamTest.UninitializedError
Command: "/home/runner/workspace/build/crypto_tests" "--gtest_filter=CryptoStreamTest.UninitializedError" "--gtest_also_run_disabled_tests"
Directory: /home/runner/workspace/build
"CryptoStreamTest.UninitializedError" start time: Jan 23 18:52 UTC
Output:
----------------------------------------------------------
Running main() from /build/source/googletest/src/gtest_main.cc
Note: Google Test filter = CryptoStreamTest.UninitializedError
[==========] Running 1 test from 1 test suite.
[----------] Global test environment set-up.
[----------] 1 test from CryptoStreamTest
[ RUN      ] CryptoStreamTest.UninitializedError
[2025-01-23 18:52:53.848782] [0x00007fca569acb80] [info]    Initializing CryptoStream
[2025-01-23 18:52:53.848909] [0x00007fca569acb80] [debug]   CryptoStream initialization complete
[2025-01-23 18:52:53.848918] [0x00007fca569acb80] [info]    Initializing crypto parameters
[2025-01-23 18:52:53.848920] [0x00007fca569acb80] [debug]   Crypto parameters initialized successfully
[2025-01-23 18:52:53.848921] [0x00007fca569acb80] [info]    Initializing CryptoStream
[2025-01-23 18:52:53.848923] [0x00007fca569acb80] [debug]   CryptoStream initialization complete
[2025-01-23 18:52:53.848927] [0x00007fca569acb80] [info]    Starting stream encryption
[2025-01-23 18:52:53.848929] [0x00007fca569acb80] [debug]   Initializing cipher for encryption
[2025-01-23 18:52:53.848932] [0x00007fca569acb80] [error]   Attempted to use uninitialized CryptoStream
[2025-01-23 18:52:53.848955] [0x00007fca569acb80] [error]   Stream processing failed: Initialization error: CryptoStream not initialized
[2025-01-23 18:52:53.848968] [0x00007fca569acb80] [debug]   Cleaning up CryptoStream resources
[2025-01-23 18:52:53.848974] [0x00007fca569acb80] [debug]   Cleaning up CryptoStream resources
[       OK ] CryptoStreamTest.UninitializedError (0 ms)
[----------] 1 test from CryptoStreamTest (0 ms total)

[----------] Global test environment tear-down
[==========] 1 test from 1 test suite ran. (0 ms total)
[  PASSED  ] 1 test.
<end of output>
Test time =   0.01 sec
----------------------------------------------------------
Test Passed.
"CryptoStreamTest.UninitializedError" end time: Jan 23 18:52 UTC
"CryptoStreamTest.UninitializedError" time elapsed: 00:00:00
----------------------------------------------------------

3/28 Testing: CryptoStreamTest.EmptyStream
3/28 Test: CryptoStreamTest.EmptyStream
Command: "/home/runner/workspace/build/crypto_tests" "--gtest_filter=CryptoStreamTest.EmptyStream" "--gtest_also_run_disabled_tests"
Directory: /home/runner/workspace/build
"CryptoStreamTest.EmptyStream" start time: Jan 23 18:52 UTC
Output:
----------------------------------------------------------
Running main() from /build/source/googletest/src/gtest_main.cc
Note: Google Test filter = CryptoStreamTest.EmptyStream
[==========] Running 1 test from 1 test suite.
[----------] Global test environment set-up.
[----------] 1 test from CryptoStreamTest
[ RUN      ] CryptoStreamTest.EmptyStream
[2025-01-23 18:52:53.864645] [0x00007fb8e0fccb80] [info]    Initializing CryptoStream
[2025-01-23 18:52:53.864799] [0x00007fb8e0fccb80] [debug]   CryptoStream initialization complete
[2025-01-23 18:52:53.864810] [0x00007fb8e0fccb80] [info]    Initializing crypto parameters
[2025-01-23 18:52:53.864814] [0x00007fb8e0fccb80] [debug]   Crypto parameters initialized successfully
[2025-01-23 18:52:53.864821] [0x00007fb8e0fccb80] [info]    Starting stream encryption
[2025-01-23 18:52:53.864825] [0x00007fb8e0fccb80] [debug]   Initializing cipher for encryption
[2025-01-23 18:52:53.866564] [0x00007fb8e0fccb80] [debug]   Cipher initialization complete
[2025-01-23 18:52:53.866578] [0x00007fb8e0fccb80] [info]    Starting stream decryption
[2025-01-23 18:52:53.866581] [0x00007fb8e0fccb80] [debug]   Initializing cipher for decryption
[2025-01-23 18:52:53.866584] [0x00007fb8e0fccb80] [debug]   Cipher initialization complete
[2025-01-23 18:52:53.866588] [0x00007fb8e0fccb80] [debug]   Cleaning up CryptoStream resources
[       OK ] CryptoStreamTest.EmptyStream (1 ms)
[----------] 1 test from CryptoStreamTest (1 ms total)

[----------] Global test environment tear-down
[==========] 1 test from 1 test suite ran. (2 ms total)
[  PASSED  ] 1 test.
<end of output>
Test time =   0.02 sec
----------------------------------------------------------
Test Passed.
"CryptoStreamTest.EmptyStream" end time: Jan 23 18:52 UTC
"CryptoStreamTest.EmptyStream" time elapsed: 00:00:00
----------------------------------------------------------

4/28 Testing: CryptoStreamTest.LargeStream
4/28 Test: CryptoStreamTest.LargeStream
Command: "/home/runner/workspace/build/crypto_tests" "--gtest_filter=CryptoStreamTest.LargeStream" "--gtest_also_run_disabled_tests"
Directory: /home/runner/workspace/build
"CryptoStreamTest.LargeStream" start time: Jan 23 18:52 UTC
Output:
----------------------------------------------------------
Running main() from /build/source/googletest/src/gtest_main.cc
Note: Google Test filter = CryptoStreamTest.LargeStream
[==========] Running 1 test from 1 test suite.
[----------] Global test environment set-up.
[----------] 1 test from CryptoStreamTest
[ RUN      ] CryptoStreamTest.LargeStream
[2025-01-23 18:52:53.880250] [0x00007fdd78026b80] [info]    Initializing CryptoStream
[2025-01-23 18:52:53.880448] [0x00007fdd78026b80] [debug]   CryptoStream initialization complete
[2025-01-23 18:52:53.880457] [0x00007fdd78026b80] [info]    Initializing crypto parameters
[2025-01-23 18:52:53.880460] [0x00007fdd78026b80] [debug]   Crypto parameters initialized successfully
[2025-01-23 18:52:53.887973] [0x00007fdd78026b80] [info]    Starting stream encryption
[2025-01-23 18:52:53.887991] [0x00007fdd78026b80] [debug]   Initializing cipher for encryption
[2025-01-23 18:52:53.890031] [0x00007fdd78026b80] [debug]   Cipher initialization complete
[2025-01-23 18:52:53.892364] [0x00007fdd78026b80] [info]    Starting stream decryption
[2025-01-23 18:52:53.892376] [0x00007fdd78026b80] [debug]   Initializing cipher for decryption
[2025-01-23 18:52:53.892386] [0x00007fdd78026b80] [debug]   Cipher initialization complete
[2025-01-23 18:52:53.893528] [0x00007fdd78026b80] [debug]   Cleaning up CryptoStream resources
[       OK ] CryptoStreamTest.LargeStream (13 ms)
[----------] 1 test from CryptoStreamTest (13 ms total)

[----------] Global test environment tear-down
[==========] 1 test from 1 test suite ran. (13 ms total)
[  PASSED  ] 1 test.
<end of output>
Test time =   0.03 sec
----------------------------------------------------------
Test Passed.
"CryptoStreamTest.LargeStream" end time: Jan 23 18:52 UTC
"CryptoStreamTest.LargeStream" time elapsed: 00:00:00
----------------------------------------------------------

5/28 Testing: CryptoStreamTest.InvalidStreamState
5/28 Test: CryptoStreamTest.InvalidStreamState
Command: "/home/runner/workspace/build/crypto_tests" "--gtest_filter=CryptoStreamTest.InvalidStreamState" "--gtest_also_run_disabled_tests"
Directory: /home/runner/workspace/build
"CryptoStreamTest.InvalidStreamState" start time: Jan 23 18:52 UTC
Output:
----------------------------------------------------------
Running main() from /build/source/googletest/src/gtest_main.cc
Note: Google Test filter = CryptoStreamTest.InvalidStreamState
[==========] Running 1 test from 1 test suite.
[----------] Global test environment set-up.
[----------] 1 test from CryptoStreamTest
[ RUN      ] CryptoStreamTest.InvalidStreamState
[2025-01-23 18:52:53.908703] [0x00007f2c3f7f8b80] [info]    Initializing CryptoStream
[2025-01-23 18:52:53.908855] [0x00007f2c3f7f8b80] [debug]   CryptoStream initialization complete
[2025-01-23 18:52:53.908865] [0x00007f2c3f7f8b80] [info]    Initializing crypto parameters
[2025-01-23 18:52:53.908868] [0x00007f2c3f7f8b80] [debug]   Crypto parameters initialized successfully
[2025-01-23 18:52:53.908874] [0x00007f2c3f7f8b80] [info]    Starting stream encryption
[2025-01-23 18:52:53.908880] [0x00007f2c3f7f8b80] [error]   Invalid stream state detected
[2025-01-23 18:52:53.908925] [0x00007f2c3f7f8b80] [info]    Starting stream encryption
[2025-01-23 18:52:53.908933] [0x00007f2c3f7f8b80] [error]   Invalid stream state detected
[2025-01-23 18:52:53.908943] [0x00007f2c3f7f8b80] [debug]   Cleaning up CryptoStream resources
[       OK ] CryptoStreamTest.InvalidStreamState (0 ms)
[----------] 1 test from CryptoStreamTest (0 ms total)

[----------] Global test environment tear-down
[==========] 1 test from 1 test suite ran. (0 ms total)
[  PASSED  ] 1 test.
<end of output>
Test time =   0.01 sec
----------------------------------------------------------
Test Passed.
"CryptoStreamTest.InvalidStreamState" end time: Jan 23 18:52 UTC
"CryptoStreamTest.InvalidStreamState" time elapsed: 00:00:00
----------------------------------------------------------

6/28 Testing: CryptoStreamTest.BlockAlignment
6/28 Test: CryptoStreamTest.BlockAlignment
Command: "/home/runner/workspace/build/crypto_tests" "--gtest_filter=CryptoStreamTest.BlockAlignment" "--gtest_also_run_disabled_tests"
Directory: /home/runner/workspace/build
"CryptoStreamTest.BlockAlignment" start time: Jan 23 18:52 UTC
Output:
----------------------------------------------------------
Running main() from /build/source/googletest/src/gtest_main.cc
Note: Google Test filter = CryptoStreamTest.BlockAlignment
[==========] Running 1 test from 1 test suite.
[----------] Global test environment set-up.
[----------] 1 test from CryptoStreamTest
[ RUN      ] CryptoStreamTest.BlockAlignment
[2025-01-23 18:52:53.921658] [0x00007f754b45fb80] [info]    Initializing CryptoStream
[2025-01-23 18:52:53.921764] [0x00007f754b45fb80] [debug]   CryptoStream initialization complete
[2025-01-23 18:52:53.921770] [0x00007f754b45fb80] [info]    Initializing crypto parameters
[2025-01-23 18:52:53.921772] [0x00007f754b45fb80] [debug]   Crypto parameters initialized successfully
[2025-01-23 18:52:53.921776] [0x00007f754b45fb80] [info]    Starting stream encryption
[2025-01-23 18:52:53.921780] [0x00007f754b45fb80] [debug]   Initializing cipher for encryption
[2025-01-23 18:52:53.923261] [0x00007f754b45fb80] [debug]   Cipher initialization complete
[2025-01-23 18:52:53.923274] [0x00007f754b45fb80] [info]    Starting stream decryption
[2025-01-23 18:52:53.923277] [0x00007f754b45fb80] [debug]   Initializing cipher for decryption
[2025-01-23 18:52:53.923281] [0x00007f754b45fb80] [debug]   Cipher initialization complete
[2025-01-23 18:52:53.923290] [0x00007f754b45fb80] [info]    Starting stream encryption
[2025-01-23 18:52:53.923294] [0x00007f754b45fb80] [debug]   Initializing cipher for encryption
[2025-01-23 18:52:53.923296] [0x00007f754b45fb80] [debug]   Cipher initialization complete
[2025-01-23 18:52:53.923298] [0x00007f754b45fb80] [info]    Starting stream decryption
[2025-01-23 18:52:53.923300] [0x00007f754b45fb80] [debug]   Initializing cipher for decryption
[2025-01-23 18:52:53.923302] [0x00007f754b45fb80] [debug]   Cipher initialization complete
[2025-01-23 18:52:53.923307] [0x00007f754b45fb80] [info]    Starting stream encryption
[2025-01-23 18:52:53.923309] [0x00007f754b45fb80] [debug]   Initializing cipher for encryption
[2025-01-23 18:52:53.923311] [0x00007f754b45fb80] [debug]   Cipher initialization complete
[2025-01-23 18:52:53.923313] [0x00007f754b45fb80] [info]    Starting stream decryption
[2025-01-23 18:52:53.923314] [0x00007f754b45fb80] [debug]   Initializing cipher for decryption
[2025-01-23 18:52:53.923316] [0x00007f754b45fb80] [debug]   Cipher initialization complete
[2025-01-23 18:52:53.923320] [0x00007f754b45fb80] [info]    Starting stream encryption
[2025-01-23 18:52:53.923322] [0x00007f754b45fb80] [debug]   Initializing cipher for encryption
[2025-01-23 18:52:53.923324] [0x00007f754b45fb80] [debug]   Cipher initialization complete
[2025-01-23 18:52:53.923327] [0x00007f754b45fb80] [info]    Starting stream decryption
[2025-01-23 18:52:53.923328] [0x00007f754b45fb80] [debug]   Initializing cipher for decryption
[2025-01-23 18:52:53.923330] [0x00007f754b45fb80] [debug]   Cipher initialization complete
[2025-01-23 18:52:53.923333] [0x00007f754b45fb80] [info]    Starting stream encryption
[2025-01-23 18:52:53.923334] [0x00007f754b45fb80] [debug]   Initializing cipher for encryption
[2025-01-23 18:52:53.923336] [0x00007f754b45fb80] [debug]   Cipher initialization complete
[2025-01-23 18:52:53.923339] [0x00007f754b45fb80] [info]    Starting stream decryption
[2025-01-23 18:52:53.923340] [0x00007f754b45fb80] [debug]   Initializing cipher for decryption
[2025-01-23 18:52:53.923342] [0x00007f754b45fb80] [debug]   Cipher initialization complete
[2025-01-23 18:52:53.923348] [0x00007f754b45fb80] [info]    Starting stream encryption
[2025-01-23 18:52:53.923352] [0x00007f754b45fb80] [debug]   Initializing cipher for encryption
[2025-01-23 18:52:53.923354] [0x00007f754b45fb80] [debug]   Cipher initialization complete
[2025-01-23 18:52:53.923356] [0x00007f754b45fb80] [info]    Starting stream decryption
[2025-01-23 18:52:53.923358] [0x00007f754b45fb80] [debug]   Initializing cipher for decryption
[2025-01-23 18:52:53.923360] [0x00007f754b45fb80] [debug]   Cipher initialization complete
[2025-01-23 18:52:53.923364] [0x00007f754b45fb80] [debug]   Cleaning up CryptoStream resources
[       OK ] CryptoStreamTest.BlockAlignment (1 ms)
[----------] 1 test from CryptoStreamTest (1 ms total)

[----------] Global test environment tear-down
[==========] 1 test from 1 test suite ran. (1 ms total)
[  PASSED  ] 1 test.
<end of output>
Test time =   0.01 sec
----------------------------------------------------------
Test Passed.
"CryptoStreamTest.BlockAlignment" end time: Jan 23 18:52 UTC
"CryptoStreamTest.BlockAlignment" time elapsed: 00:00:00
----------------------------------------------------------

7/28 Testing: CryptoStreamTest.StreamOperators
7/28 Test: CryptoStreamTest.StreamOperators
Command: "/home/runner/workspace/build/crypto_tests" "--gtest_filter=CryptoStreamTest.StreamOperators" "--gtest_also_run_disabled_tests"
Directory: /home/runner/workspace/build
"CryptoStreamTest.StreamOperators" start time: Jan 23 18:52 UTC
Output:
----------------------------------------------------------
Running main() from /build/source/googletest/src/gtest_main.cc
Note: Google Test filter = CryptoStreamTest.StreamOperators
[==========] Running 1 test from 1 test suite.
[----------] Global test environment set-up.
[----------] 1 test from CryptoStreamTest
[ RUN      ] CryptoStreamTest.StreamOperators
[2025-01-23 18:52:53.937228] [0x00007f7a365b6b80] [info]    Initializing CryptoStream
[2025-01-23 18:52:53.937397] [0x00007f7a365b6b80] [debug]   CryptoStream initialization complete
[2025-01-23 18:52:53.937409] [0x00007f7a365b6b80] [info]    Initializing crypto parameters
[2025-01-23 18:52:53.937413] [0x00007f7a365b6b80] [debug]   Crypto parameters initialized successfully
[2025-01-23 18:52:53.937417] [0x00007f7a365b6b80] [debug]   Stream operator<< called, storing input stream for processing
[2025-01-23 18:52:53.937420] [0x00007f7a365b6b80] [debug]   Stream operator>> called in encryption mode
[2025-01-23 18:52:53.937426] [0x00007f7a365b6b80] [info]    Starting stream encryption
[2025-01-23 18:52:53.937436] [0x00007f7a365b6b80] [debug]   Initializing cipher for encryption
[2025-01-23 18:52:53.938938] [0x00007f7a365b6b80] [debug]   Cipher initialization complete
[2025-01-23 18:52:53.938953] [0x00007f7a365b6b80] [debug]   Stream processing complete
[2025-01-23 18:52:53.938957] [0x00007f7a365b6b80] [debug]   Stream operator<< called, storing input stream for processing
[2025-01-23 18:52:53.938961] [0x00007f7a365b6b80] [debug]   Stream operator>> called in decryption mode
[2025-01-23 18:52:53.938967] [0x00007f7a365b6b80] [info]    Starting stream decryption
[2025-01-23 18:52:53.938969] [0x00007f7a365b6b80] [debug]   Initializing cipher for decryption
[2025-01-23 18:52:53.938974] [0x00007f7a365b6b80] [debug]   Cipher initialization complete
[2025-01-23 18:52:53.938981] [0x00007f7a365b6b80] [debug]   Stream processing complete
[2025-01-23 18:52:53.938985] [0x00007f7a365b6b80] [debug]   Stream operator>> called in decryption mode
[2025-01-23 18:52:53.938990] [0x00007f7a365b6b80] [error]   Stream operator>> called without prior input stream
[2025-01-23 18:52:53.939017] [0x00007f7a365b6b80] [debug]   Cleaning up CryptoStream resources
[       OK ] CryptoStreamTest.StreamOperators (1 ms)
[----------] 1 test from CryptoStreamTest (1 ms total)

[----------] Global test environment tear-down
[==========] 1 test from 1 test suite ran. (1 ms total)
[  PASSED  ] 1 test.
<end of output>
Test time =   0.02 sec
----------------------------------------------------------
Test Passed.
"CryptoStreamTest.StreamOperators" end time: Jan 23 18:52 UTC
"CryptoStreamTest.StreamOperators" time elapsed: 00:00:00
----------------------------------------------------------

8/28 Testing: CryptoStreamTest.IVGeneration
8/28 Test: CryptoStreamTest.IVGeneration
Command: "/home/runner/workspace/build/crypto_tests" "--gtest_filter=CryptoStreamTest.IVGeneration" "--gtest_also_run_disabled_tests"
Directory: /home/runner/workspace/build
"CryptoStreamTest.IVGeneration" start time: Jan 23 18:52 UTC
Output:
----------------------------------------------------------
Running main() from /build/source/googletest/src/gtest_main.cc
Note: Google Test filter = CryptoStreamTest.IVGeneration
[==========] Running 1 test from 1 test suite.
[----------] Global test environment set-up.
[----------] 1 test from CryptoStreamTest
[ RUN      ] CryptoStreamTest.IVGeneration
[2025-01-23 18:52:53.951998] [0x00007f9696373b80] [info]    Initializing CryptoStream
[2025-01-23 18:52:53.952168] [0x00007f9696373b80] [debug]   CryptoStream initialization complete
[2025-01-23 18:52:53.952177] [0x00007f9696373b80] [info]    Initializing crypto parameters
[2025-01-23 18:52:53.952181] [0x00007f9696373b80] [debug]   Crypto parameters initialized successfully
[2025-01-23 18:52:53.952184] [0x00007f9696373b80] [info]    Initializing CryptoStream
[2025-01-23 18:52:53.952188] [0x00007f9696373b80] [debug]   CryptoStream initialization complete
[2025-01-23 18:52:53.952227] [0x00007f9696373b80] [debug]   Generating initialization vector
[2025-01-23 18:52:53.954443] [0x00007f9696373b80] [debug]   Successfully generated initialization vector
[2025-01-23 18:52:53.954455] [0x00007f9696373b80] [debug]   Generating initialization vector
[2025-01-23 18:52:53.954460] [0x00007f9696373b80] [debug]   Successfully generated initialization vector
[2025-01-23 18:52:53.954463] [0x00007f9696373b80] [info]    Initializing crypto parameters
[2025-01-23 18:52:53.954467] [0x00007f9696373b80] [debug]   Crypto parameters initialized successfully
[2025-01-23 18:52:53.954480] [0x00007f9696373b80] [info]    Starting stream encryption
[2025-01-23 18:52:53.954488] [0x00007f9696373b80] [debug]   Initializing cipher for encryption
[2025-01-23 18:52:53.954495] [0x00007f9696373b80] [debug]   Cipher initialization complete
[2025-01-23 18:52:53.954506] [0x00007f9696373b80] [info]    Starting stream decryption
[2025-01-23 18:52:53.954511] [0x00007f9696373b80] [debug]   Initializing cipher for decryption
[2025-01-23 18:52:53.954516] [0x00007f9696373b80] [debug]   Cipher initialization complete
[2025-01-23 18:52:53.954524] [0x00007f9696373b80] [debug]   Cleaning up CryptoStream resources
[2025-01-23 18:52:53.954528] [0x00007f9696373b80] [debug]   Cleaning up CryptoStream resources
[       OK ] CryptoStreamTest.IVGeneration (2 ms)
[----------] 1 test from CryptoStreamTest (2 ms total)

[----------] Global test environment tear-down
[==========] 1 test from 1 test suite ran. (2 ms total)
[  PASSED  ] 1 test.
<end of output>
Test time =   0.02 sec
----------------------------------------------------------
Test Passed.
"CryptoStreamTest.IVGeneration" end time: Jan 23 18:52 UTC
"CryptoStreamTest.IVGeneration" time elapsed: 00:00:00
----------------------------------------------------------

9/28 Testing: StoreTest.BasicStoreAndRetrieve
9/28 Test: StoreTest.BasicStoreAndRetrieve
Command: "/home/runner/workspace/build/store_tests" "--gtest_filter=StoreTest.BasicStoreAndRetrieve" "--gtest_also_run_disabled_tests"
Directory: /home/runner/workspace/build
"StoreTest.BasicStoreAndRetrieve" start time: Jan 23 18:52 UTC
Output:
----------------------------------------------------------
Running main() from /build/source/googletest/src/gtest_main.cc
Note: Google Test filter = StoreTest.BasicStoreAndRetrieve
[==========] Running 1 test from 1 test suite.
[----------] Global test environment set-up.
[----------] 1 test from StoreTest
[ RUN      ] StoreTest.BasicStoreAndRetrieve
[2025-01-23 18:52:53.966277] [0x00007f648622db80] [info]    Initializing Store with base path: /tmp/store_test_1737658373966151155
[2025-01-23 18:52:53.966290] [0x00007f648622db80] [debug]   Store directory created/verified at: /tmp/store_test_1737658373966151155
[2025-01-23 18:52:53.966300] [0x00007f648622db80] [info]    Storing data with key: test_key
[2025-01-23 18:52:53.966306] [0x00007f648622db80] [debug]   Generating hash for key: test_key
[2025-01-23 18:52:53.967683] [0x00007f648622db80] [debug]   Generated hash: 92488e1e3eeecdf99f3ed2ce59233efb4b4fb612d5655c0ce9ea52b5a502e655
[2025-01-23 18:52:53.967697] [0x00007f648622db80] [debug]   Calculated path: /tmp/store_test_1737658373966151155/92/48/8e/1e3eeecdf99f3ed2ce59233efb4b4fb612d5655c0ce9ea52b5a502e655
[2025-01-23 18:52:53.967751] [0x00007f648622db80] [debug]   Calculated file path: /tmp/store_test_1737658373966151155/92/48/8e/1e3eeecdf99f3ed2ce59233efb4b4fb612d5655c0ce9ea52b5a502e655
[2025-01-23 18:52:53.967792] [0x00007f648622db80] [info]    Successfully stored 13 bytes with key: test_key
[2025-01-23 18:52:53.967798] [0x00007f648622db80] [debug]   Checking existence of key: test_key
[2025-01-23 18:52:53.967800] [0x00007f648622db80] [debug]   Generating hash for key: test_key
[2025-01-23 18:52:53.967807] [0x00007f648622db80] [debug]   Generated hash: 92488e1e3eeecdf99f3ed2ce59233efb4b4fb612d5655c0ce9ea52b5a502e655
[2025-01-23 18:52:53.967812] [0x00007f648622db80] [debug]   Calculated path: /tmp/store_test_1737658373966151155/92/48/8e/1e3eeecdf99f3ed2ce59233efb4b4fb612d5655c0ce9ea52b5a502e655
[2025-01-23 18:52:53.967817] [0x00007f648622db80] [debug]   Key test_key exists at path: /tmp/store_test_1737658373966151155/92/48/8e/1e3eeecdf99f3ed2ce59233efb4b4fb612d5655c0ce9ea52b5a502e655
[2025-01-23 18:52:53.967822] [0x00007f648622db80] [info]    Retrieving data for key: test_key
[2025-01-23 18:52:53.967824] [0x00007f648622db80] [debug]   Generating hash for key: test_key
[2025-01-23 18:52:53.967827] [0x00007f648622db80] [debug]   Generated hash: 92488e1e3eeecdf99f3ed2ce59233efb4b4fb612d5655c0ce9ea52b5a502e655
[2025-01-23 18:52:53.967830] [0x00007f648622db80] [debug]   Calculated path: /tmp/store_test_1737658373966151155/92/48/8e/1e3eeecdf99f3ed2ce59233efb4b4fb612d5655c0ce9ea52b5a502e655
[2025-01-23 18:52:53.967841] [0x00007f648622db80] [info]    Successfully streamed 13 bytes for key: test_key
[2025-01-23 18:52:53.967849] [0x00007f648622db80] [info]    Clearing entire store at: "/tmp/store_test_1737658373966151155"
[2025-01-23 18:52:53.967990] [0x00007f648622db80] [info]    Store cleared successfully
[       OK ] StoreTest.BasicStoreAndRetrieve (1 ms)
[----------] 1 test from StoreTest (1 ms total)

[----------] Global test environment tear-down
[==========] 1 test from 1 test suite ran. (1 ms total)
[  PASSED  ] 1 test.
<end of output>
Test time =   0.01 sec
----------------------------------------------------------
Test Passed.
"StoreTest.BasicStoreAndRetrieve" end time: Jan 23 18:52 UTC
"StoreTest.BasicStoreAndRetrieve" time elapsed: 00:00:00
----------------------------------------------------------

10/28 Testing: StoreTest.EmptyInput
10/28 Test: StoreTest.EmptyInput
Command: "/home/runner/workspace/build/store_tests" "--gtest_filter=StoreTest.EmptyInput" "--gtest_also_run_disabled_tests"
Directory: /home/runner/workspace/build
"StoreTest.EmptyInput" start time: Jan 23 18:52 UTC
Output:
----------------------------------------------------------
Running main() from /build/source/googletest/src/gtest_main.cc
Note: Google Test filter = StoreTest.EmptyInput
[==========] Running 1 test from 1 test suite.
[----------] Global test environment set-up.
[----------] 1 test from StoreTest
[ RUN      ] StoreTest.EmptyInput
[2025-01-23 18:52:53.979966] [0x00007f683325ab80] [info]    Initializing Store with base path: /tmp/store_test_1737658373979860913
[2025-01-23 18:52:53.979976] [0x00007f683325ab80] [debug]   Store directory created/verified at: /tmp/store_test_1737658373979860913
[2025-01-23 18:52:53.979980] [0x00007f683325ab80] [info]    Storing data with key: empty_test
[2025-01-23 18:52:53.979987] [0x00007f683325ab80] [debug]   Generating hash for key: empty_test
[2025-01-23 18:52:53.981311] [0x00007f683325ab80] [debug]   Generated hash: f1b6800e9ca01dac557744adec3477366cbe3888d44fcabefb3078c4c069f3a8
[2025-01-23 18:52:53.981322] [0x00007f683325ab80] [debug]   Calculated path: /tmp/store_test_1737658373979860913/f1/b6/80/0e9ca01dac557744adec3477366cbe3888d44fcabefb3078c4c069f3a8
[2025-01-23 18:52:53.981381] [0x00007f683325ab80] [debug]   Calculated file path: /tmp/store_test_1737658373979860913/f1/b6/80/0e9ca01dac557744adec3477366cbe3888d44fcabefb3078c4c069f3a8
[2025-01-23 18:52:53.981405] [0x00007f683325ab80] [debug]   Storing empty content for key: empty_test
[2025-01-23 18:52:53.981412] [0x00007f683325ab80] [info]    Successfully stored 0 bytes with key: empty_test
[2025-01-23 18:52:53.981415] [0x00007f683325ab80] [debug]   Checking existence of key: empty_test
[2025-01-23 18:52:53.981416] [0x00007f683325ab80] [debug]   Generating hash for key: empty_test
[2025-01-23 18:52:53.981426] [0x00007f683325ab80] [debug]   Generated hash: f1b6800e9ca01dac557744adec3477366cbe3888d44fcabefb3078c4c069f3a8
[2025-01-23 18:52:53.981434] [0x00007f683325ab80] [debug]   Calculated path: /tmp/store_test_1737658373979860913/f1/b6/80/0e9ca01dac557744adec3477366cbe3888d44fcabefb3078c4c069f3a8
[2025-01-23 18:52:53.981442] [0x00007f683325ab80] [debug]   Key empty_test exists at path: /tmp/store_test_1737658373979860913/f1/b6/80/0e9ca01dac557744adec3477366cbe3888d44fcabefb3078c4c069f3a8
[2025-01-23 18:52:53.981446] [0x00007f683325ab80] [info]    Retrieving data for key: empty_test
[2025-01-23 18:52:53.981449] [0x00007f683325ab80] [debug]   Generating hash for key: empty_test
[2025-01-23 18:52:53.981453] [0x00007f683325ab80] [debug]   Generated hash: f1b6800e9ca01dac557744adec3477366cbe3888d44fcabefb3078c4c069f3a8
[2025-01-23 18:52:53.981458] [0x00007f683325ab80] [debug]   Calculated path: /tmp/store_test_1737658373979860913/f1/b6/80/0e9ca01dac557744adec3477366cbe3888d44fcabefb3078c4c069f3a8
[2025-01-23 18:52:53.981466] [0x00007f683325ab80] [debug]   Retrieved empty content for key: empty_test
[2025-01-23 18:52:53.981475] [0x00007f683325ab80] [info]    Clearing entire store at: "/tmp/store_test_1737658373979860913"
[2025-01-23 18:52:53.981678] [0x00007f683325ab80] [info]    Store cleared successfully
[       OK ] StoreTest.EmptyInput (1 ms)
[----------] 1 test from StoreTest (1 ms total)

[----------] Global test environment tear-down
[==========] 1 test from 1 test suite ran. (1 ms total)
[  PASSED  ] 1 test.
<end of output>
Test time =   0.01 sec
----------------------------------------------------------
Test Passed.
"StoreTest.EmptyInput" end time: Jan 23 18:52 UTC
"StoreTest.EmptyInput" time elapsed: 00:00:00
----------------------------------------------------------

11/28 Testing: StoreTest.MultipleFiles
11/28 Test: StoreTest.MultipleFiles
Command: "/home/runner/workspace/build/store_tests" "--gtest_filter=StoreTest.MultipleFiles" "--gtest_also_run_disabled_tests"
Directory: /home/runner/workspace/build
"StoreTest.MultipleFiles" start time: Jan 23 18:52 UTC
Output:
----------------------------------------------------------
Running main() from /build/source/googletest/src/gtest_main.cc
Note: Google Test filter = StoreTest.MultipleFiles
[==========] Running 1 test from 1 test suite.
[----------] Global test environment set-up.
[----------] 1 test from StoreTest
[ RUN      ] StoreTest.MultipleFiles
[2025-01-23 18:52:53.994553] [0x00007f1cd98f4b80] [info]    Initializing Store with base path: /tmp/store_test_1737658373994453021
[2025-01-23 18:52:53.994563] [0x00007f1cd98f4b80] [debug]   Store directory created/verified at: /tmp/store_test_1737658373994453021
[2025-01-23 18:52:53.994568] [0x00007f1cd98f4b80] [info]    Storing data with key: key1
[2025-01-23 18:52:53.994575] [0x00007f1cd98f4b80] [debug]   Generating hash for key: key1
[2025-01-23 18:52:53.995892] [0x00007f1cd98f4b80] [debug]   Generated hash: 8174099687a26621f4e2cdd7cc03b3dacedb3fb962255b1aafd033cabe831530
[2025-01-23 18:52:53.995904] [0x00007f1cd98f4b80] [debug]   Calculated path: /tmp/store_test_1737658373994453021/81/74/09/9687a26621f4e2cdd7cc03b3dacedb3fb962255b1aafd033cabe831530
[2025-01-23 18:52:53.995961] [0x00007f1cd98f4b80] [debug]   Calculated file path: /tmp/store_test_1737658373994453021/81/74/09/9687a26621f4e2cdd7cc03b3dacedb3fb962255b1aafd033cabe831530
[2025-01-23 18:52:53.996004] [0x00007f1cd98f4b80] [info]    Successfully stored 18 bytes with key: key1
[2025-01-23 18:52:53.996011] [0x00007f1cd98f4b80] [debug]   Checking existence of key: key1
[2025-01-23 18:52:53.996013] [0x00007f1cd98f4b80] [debug]   Generating hash for key: key1
[2025-01-23 18:52:53.996019] [0x00007f1cd98f4b80] [debug]   Generated hash: 8174099687a26621f4e2cdd7cc03b3dacedb3fb962255b1aafd033cabe831530
[2025-01-23 18:52:53.996025] [0x00007f1cd98f4b80] [debug]   Calculated path: /tmp/store_test_1737658373994453021/81/74/09/9687a26621f4e2cdd7cc03b3dacedb3fb962255b1aafd033cabe831530
[2025-01-23 18:52:53.996033] [0x00007f1cd98f4b80] [debug]   Key key1 exists at path: /tmp/store_test_1737658373994453021/81/74/09/9687a26621f4e2cdd7cc03b3dacedb3fb962255b1aafd033cabe831530
[2025-01-23 18:52:53.996038] [0x00007f1cd98f4b80] [info]    Storing data with key: key2
[2025-01-23 18:52:53.996044] [0x00007f1cd98f4b80] [debug]   Generating hash for key: key2
[2025-01-23 18:52:53.996050] [0x00007f1cd98f4b80] [debug]   Generated hash: b10253764c8b233fb37542e23401c7b450e5a6f9751f3b5a014f6f67e8bc999d
[2025-01-23 18:52:53.996055] [0x00007f1cd98f4b80] [debug]   Calculated path: /tmp/store_test_1737658373994453021/b1/02/53/764c8b233fb37542e23401c7b450e5a6f9751f3b5a014f6f67e8bc999d
[2025-01-23 18:52:53.996109] [0x00007f1cd98f4b80] [debug]   Calculated file path: /tmp/store_test_1737658373994453021/b1/02/53/764c8b233fb37542e23401c7b450e5a6f9751f3b5a014f6f67e8bc999d
[2025-01-23 18:52:53.996142] [0x00007f1cd98f4b80] [info]    Successfully stored 19 bytes with key: key2
[2025-01-23 18:52:53.996145] [0x00007f1cd98f4b80] [debug]   Checking existence of key: key2
[2025-01-23 18:52:53.996147] [0x00007f1cd98f4b80] [debug]   Generating hash for key: key2
[2025-01-23 18:52:53.996153] [0x00007f1cd98f4b80] [debug]   Generated hash: b10253764c8b233fb37542e23401c7b450e5a6f9751f3b5a014f6f67e8bc999d
[2025-01-23 18:52:53.996156] [0x00007f1cd98f4b80] [debug]   Calculated path: /tmp/store_test_1737658373994453021/b1/02/53/764c8b233fb37542e23401c7b450e5a6f9751f3b5a014f6f67e8bc999d
[2025-01-23 18:52:53.996160] [0x00007f1cd98f4b80] [debug]   Key key2 exists at path: /tmp/store_test_1737658373994453021/b1/02/53/764c8b233fb37542e23401c7b450e5a6f9751f3b5a014f6f67e8bc999d
[2025-01-23 18:52:53.996165] [0x00007f1cd98f4b80] [info]    Storing data with key: key3
[2025-01-23 18:52:53.996167] [0x00007f1cd98f4b80] [debug]   Generating hash for key: key3
[2025-01-23 18:52:53.996170] [0x00007f1cd98f4b80] [debug]   Generated hash: f576104eebeab09651d83acffc77c8b8c6eaa4b767aeab24d7da80f83f51d865
[2025-01-23 18:52:53.996172] [0x00007f1cd98f4b80] [debug]   Calculated path: /tmp/store_test_1737658373994453021/f5/76/10/4eebeab09651d83acffc77c8b8c6eaa4b767aeab24d7da80f83f51d865
[2025-01-23 18:52:53.996269] [0x00007f1cd98f4b80] [debug]   Calculated file path: /tmp/store_test_1737658373994453021/f5/76/10/4eebeab09651d83acffc77c8b8c6eaa4b767aeab24d7da80f83f51d865
[2025-01-23 18:52:53.996314] [0x00007f1cd98f4b80] [info]    Successfully stored 18 bytes with key: key3
[2025-01-23 18:52:53.996321] [0x00007f1cd98f4b80] [debug]   Checking existence of key: key3
[2025-01-23 18:52:53.996323] [0x00007f1cd98f4b80] [debug]   Generating hash for key: key3
[2025-01-23 18:52:53.996329] [0x00007f1cd98f4b80] [debug]   Generated hash: f576104eebeab09651d83acffc77c8b8c6eaa4b767aeab24d7da80f83f51d865
[2025-01-23 18:52:53.996334] [0x00007f1cd98f4b80] [debug]   Calculated path: /tmp/store_test_1737658373994453021/f5/76/10/4eebeab09651d83acffc77c8b8c6eaa4b767aeab24d7da80f83f51d865
[2025-01-23 18:52:53.996339] [0x00007f1cd98f4b80] [debug]   Key key3 exists at path: /tmp/store_test_1737658373994453021/f5/76/10/4eebeab09651d83acffc77c8b8c6eaa4b767aeab24d7da80f83f51d865
[2025-01-23 18:52:53.996343] [0x00007f1cd98f4b80] [debug]   Checking existence of key: key1
[2025-01-23 18:52:53.996344] [0x00007f1cd98f4b80] [debug]   Generating hash for key: key1
[2025-01-23 18:52:53.996349] [0x00007f1cd98f4b80] [debug]   Generated hash: 8174099687a26621f4e2cdd7cc03b3dacedb3fb962255b1aafd033cabe831530
[2025-01-23 18:52:53.996354] [0x00007f1cd98f4b80] [debug]   Calculated path: /tmp/store_test_1737658373994453021/81/74/09/9687a26621f4e2cdd7cc03b3dacedb3fb962255b1aafd033cabe831530
[2025-01-23 18:52:53.996361] [0x00007f1cd98f4b80] [debug]   Key key1 exists at path: /tmp/store_test_1737658373994453021/81/74/09/9687a26621f4e2cdd7cc03b3dacedb3fb962255b1aafd033cabe831530
[2025-01-23 18:52:53.996365] [0x00007f1cd98f4b80] [info]    Retrieving data for key: key1
[2025-01-23 18:52:53.996370] [0x00007f1cd98f4b80] [debug]   Generating hash for key: key1
[2025-01-23 18:52:53.996377] [0x00007f1cd98f4b80] [debug]   Generated hash: 8174099687a26621f4e2cdd7cc03b3dacedb3fb962255b1aafd033cabe831530
[2025-01-23 18:52:53.996384] [0x00007f1cd98f4b80] [debug]   Calculated path: /tmp/store_test_1737658373994453021/81/74/09/9687a26621f4e2cdd7cc03b3dacedb3fb962255b1aafd033cabe831530
[2025-01-23 18:52:53.996405] [0x00007f1cd98f4b80] [info]    Successfully streamed 18 bytes for key: key1
[2025-01-23 18:52:53.996411] [0x00007f1cd98f4b80] [debug]   Checking existence of key: key2
[2025-01-23 18:52:53.996413] [0x00007f1cd98f4b80] [debug]   Generating hash for key: key2
[2025-01-23 18:52:53.996417] [0x00007f1cd98f4b80] [debug]   Generated hash: b10253764c8b233fb37542e23401c7b450e5a6f9751f3b5a014f6f67e8bc999d
[2025-01-23 18:52:53.996419] [0x00007f1cd98f4b80] [debug]   Calculated path: /tmp/store_test_1737658373994453021/b1/02/53/764c8b233fb37542e23401c7b450e5a6f9751f3b5a014f6f67e8bc999d
[2025-01-23 18:52:53.996423] [0x00007f1cd98f4b80] [debug]   Key key2 exists at path: /tmp/store_test_1737658373994453021/b1/02/53/764c8b233fb37542e23401c7b450e5a6f9751f3b5a014f6f67e8bc999d
[2025-01-23 18:52:53.996426] [0x00007f1cd98f4b80] [info]    Retrieving data for key: key2
[2025-01-23 18:52:53.996428] [0x00007f1cd98f4b80] [debug]   Generating hash for key: key2
[2025-01-23 18:52:53.996431] [0x00007f1cd98f4b80] [debug]   Generated hash: b10253764c8b233fb37542e23401c7b450e5a6f9751f3b5a014f6f67e8bc999d
[2025-01-23 18:52:53.996433] [0x00007f1cd98f4b80] [debug]   Calculated path: /tmp/store_test_1737658373994453021/b1/02/53/764c8b233fb37542e23401c7b450e5a6f9751f3b5a014f6f67e8bc999d
[2025-01-23 18:52:53.996444] [0x00007f1cd98f4b80] [info]    Successfully streamed 19 bytes for key: key2
[2025-01-23 18:52:53.996449] [0x00007f1cd98f4b80] [debug]   Checking existence of key: key3
[2025-01-23 18:52:53.996450] [0x00007f1cd98f4b80] [debug]   Generating hash for key: key3
[2025-01-23 18:52:53.996453] [0x00007f1cd98f4b80] [debug]   Generated hash: f576104eebeab09651d83acffc77c8b8c6eaa4b767aeab24d7da80f83f51d865
[2025-01-23 18:52:53.996458] [0x00007f1cd98f4b80] [debug]   Calculated path: /tmp/store_test_1737658373994453021/f5/76/10/4eebeab09651d83acffc77c8b8c6eaa4b767aeab24d7da80f83f51d865
[2025-01-23 18:52:53.996461] [0x00007f1cd98f4b80] [debug]   Key key3 exists at path: /tmp/store_test_1737658373994453021/f5/76/10/4eebeab09651d83acffc77c8b8c6eaa4b767aeab24d7da80f83f51d865
[2025-01-23 18:52:53.996462] [0x00007f1cd98f4b80] [info]    Retrieving data for key: key3
[2025-01-23 18:52:53.996464] [0x00007f1cd98f4b80] [debug]   Generating hash for key: key3
[2025-01-23 18:52:53.996466] [0x00007f1cd98f4b80] [debug]   Generated hash: f576104eebeab09651d83acffc77c8b8c6eaa4b767aeab24d7da80f83f51d865
[2025-01-23 18:52:53.996469] [0x00007f1cd98f4b80] [debug]   Calculated path: /tmp/store_test_1737658373994453021/f5/76/10/4eebeab09651d83acffc77c8b8c6eaa4b767aeab24d7da80f83f51d865
[2025-01-23 18:52:53.996476] [0x00007f1cd98f4b80] [info]    Successfully streamed 18 bytes for key: key3
[2025-01-23 18:52:53.996482] [0x00007f1cd98f4b80] [info]    Clearing entire store at: "/tmp/store_test_1737658373994453021"
[2025-01-23 18:52:53.996841] [0x00007f1cd98f4b80] [info]    Store cleared successfully
[       OK ] StoreTest.MultipleFiles (2 ms)
[----------] 1 test from StoreTest (2 ms total)

[----------] Global test environment tear-down
[==========] 1 test from 1 test suite ran. (2 ms total)
[  PASSED  ] 1 test.
<end of output>
Test time =   0.01 sec
----------------------------------------------------------
Test Passed.
"StoreTest.MultipleFiles" end time: Jan 23 18:52 UTC
"StoreTest.MultipleFiles" time elapsed: 00:00:00
----------------------------------------------------------

12/28 Testing: StoreTest.ErrorHandling
12/28 Test: StoreTest.ErrorHandling
Command: "/home/runner/workspace/build/store_tests" "--gtest_filter=StoreTest.ErrorHandling" "--gtest_also_run_disabled_tests"
Directory: /home/runner/workspace/build
"StoreTest.ErrorHandling" start time: Jan 23 18:52 UTC
Output:
----------------------------------------------------------
Running main() from /build/source/googletest/src/gtest_main.cc
Note: Google Test filter = StoreTest.ErrorHandling
[==========] Running 1 test from 1 test suite.
[----------] Global test environment set-up.
[----------] 1 test from StoreTest
[ RUN      ] StoreTest.ErrorHandling
[2025-01-23 18:52:54.010036] [0x00007f44a3b0fb80] [info]    Initializing Store with base path: /tmp/store_test_1737658374009909239
[2025-01-23 18:52:54.010049] [0x00007f44a3b0fb80] [debug]   Store directory created/verified at: /tmp/store_test_1737658374009909239
[2025-01-23 18:52:54.010055] [0x00007f44a3b0fb80] [debug]   Checking existence of key: error_key
[2025-01-23 18:52:54.010058] [0x00007f44a3b0fb80] [debug]   Generating hash for key: error_key
[2025-01-23 18:52:54.011384] [0x00007f44a3b0fb80] [debug]   Generated hash: 7a0a1ce4f1c58ba0fb867426e1bbf7c475cf4a6fb6902cf56852bd2b980d900b
[2025-01-23 18:52:54.011396] [0x00007f44a3b0fb80] [debug]   Calculated path: /tmp/store_test_1737658374009909239/7a/0a/1c/e4f1c58ba0fb867426e1bbf7c475cf4a6fb6902cf56852bd2b980d900b
[2025-01-23 18:52:54.011407] [0x00007f44a3b0fb80] [debug]   Key error_key not found at path: /tmp/store_test_1737658374009909239/7a/0a/1c/e4f1c58ba0fb867426e1bbf7c475cf4a6fb6902cf56852bd2b980d900b
[2025-01-23 18:52:54.011414] [0x00007f44a3b0fb80] [info]    Retrieving data for key: error_key
[2025-01-23 18:52:54.011416] [0x00007f44a3b0fb80] [debug]   Generating hash for key: error_key
[2025-01-23 18:52:54.011423] [0x00007f44a3b0fb80] [debug]   Generated hash: 7a0a1ce4f1c58ba0fb867426e1bbf7c475cf4a6fb6902cf56852bd2b980d900b
[2025-01-23 18:52:54.011431] [0x00007f44a3b0fb80] [debug]   Calculated path: /tmp/store_test_1737658374009909239/7a/0a/1c/e4f1c58ba0fb867426e1bbf7c475cf4a6fb6902cf56852bd2b980d900b
[2025-01-23 18:52:54.011437] [0x00007f44a3b0fb80] [error]   File not found: /tmp/store_test_1737658374009909239/7a/0a/1c/e4f1c58ba0fb867426e1bbf7c475cf4a6fb6902cf56852bd2b980d900b
[2025-01-23 18:52:54.011474] [0x00007f44a3b0fb80] [info]    Storing data with key: error_key
[2025-01-23 18:52:54.011478] [0x00007f44a3b0fb80] [error]   Invalid input stream provided for key: error_key
[2025-01-23 18:52:54.011485] [0x00007f44a3b0fb80] [info]    Clearing entire store at: "/tmp/store_test_1737658374009909239"
[2025-01-23 18:52:54.011555] [0x00007f44a3b0fb80] [info]    Store cleared successfully
[       OK ] StoreTest.ErrorHandling (1 ms)
[----------] 1 test from StoreTest (1 ms total)

[----------] Global test environment tear-down
[==========] 1 test from 1 test suite ran. (1 ms total)
[  PASSED  ] 1 test.
<end of output>
Test time =   0.01 sec
----------------------------------------------------------
Test Passed.
"StoreTest.ErrorHandling" end time: Jan 23 18:52 UTC
"StoreTest.ErrorHandling" time elapsed: 00:00:00
----------------------------------------------------------

13/28 Testing: StoreTest.Clear
13/28 Test: StoreTest.Clear
Command: "/home/runner/workspace/build/store_tests" "--gtest_filter=StoreTest.Clear" "--gtest_also_run_disabled_tests"
Directory: /home/runner/workspace/build
"StoreTest.Clear" start time: Jan 23 18:52 UTC
Output:
----------------------------------------------------------
Running main() from /build/source/googletest/src/gtest_main.cc
Note: Google Test filter = StoreTest.Clear
[==========] Running 1 test from 1 test suite.
[----------] Global test environment set-up.
[----------] 1 test from StoreTest
[ RUN      ] StoreTest.Clear
[2025-01-23 18:52:54.023894] [0x00007fef6c436b80] [info]    Initializing Store with base path: /tmp/store_test_1737658374023780927
[2025-01-23 18:52:54.023905] [0x00007fef6c436b80] [debug]   Store directory created/verified at: /tmp/store_test_1737658374023780927
[2025-01-23 18:52:54.023910] [0x00007fef6c436b80] [info]    Storing data with key: key1
[2025-01-23 18:52:54.023916] [0x00007fef6c436b80] [debug]   Generating hash for key: key1
[2025-01-23 18:52:54.025167] [0x00007fef6c436b80] [debug]   Generated hash: 8174099687a26621f4e2cdd7cc03b3dacedb3fb962255b1aafd033cabe831530
[2025-01-23 18:52:54.025179] [0x00007fef6c436b80] [debug]   Calculated path: /tmp/store_test_1737658374023780927/81/74/09/9687a26621f4e2cdd7cc03b3dacedb3fb962255b1aafd033cabe831530
[2025-01-23 18:52:54.025321] [0x00007fef6c436b80] [debug]   Calculated file path: /tmp/store_test_1737658374023780927/81/74/09/9687a26621f4e2cdd7cc03b3dacedb3fb962255b1aafd033cabe831530
[2025-01-23 18:52:54.025373] [0x00007fef6c436b80] [info]    Successfully stored 9 bytes with key: key1
[2025-01-23 18:52:54.025382] [0x00007fef6c436b80] [debug]   Checking existence of key: key1
[2025-01-23 18:52:54.025385] [0x00007fef6c436b80] [debug]   Generating hash for key: key1
[2025-01-23 18:52:54.025395] [0x00007fef6c436b80] [debug]   Generated hash: 8174099687a26621f4e2cdd7cc03b3dacedb3fb962255b1aafd033cabe831530
[2025-01-23 18:52:54.025401] [0x00007fef6c436b80] [debug]   Calculated path: /tmp/store_test_1737658374023780927/81/74/09/9687a26621f4e2cdd7cc03b3dacedb3fb962255b1aafd033cabe831530
[2025-01-23 18:52:54.025406] [0x00007fef6c436b80] [debug]   Key key1 exists at path: /tmp/store_test_1737658374023780927/81/74/09/9687a26621f4e2cdd7cc03b3dacedb3fb962255b1aafd033cabe831530
[2025-01-23 18:52:54.025409] [0x00007fef6c436b80] [info]    Storing data with key: key2
[2025-01-23 18:52:54.025411] [0x00007fef6c436b80] [debug]   Generating hash for key: key2
[2025-01-23 18:52:54.025414] [0x00007fef6c436b80] [debug]   Generated hash: b10253764c8b233fb37542e23401c7b450e5a6f9751f3b5a014f6f67e8bc999d
[2025-01-23 18:52:54.025417] [0x00007fef6c436b80] [debug]   Calculated path: /tmp/store_test_1737658374023780927/b1/02/53/764c8b233fb37542e23401c7b450e5a6f9751f3b5a014f6f67e8bc999d
[2025-01-23 18:52:54.025452] [0x00007fef6c436b80] [debug]   Calculated file path: /tmp/store_test_1737658374023780927/b1/02/53/764c8b233fb37542e23401c7b450e5a6f9751f3b5a014f6f67e8bc999d
[2025-01-23 18:52:54.025485] [0x00007fef6c436b80] [info]    Successfully stored 9 bytes with key: key2
[2025-01-23 18:52:54.025492] [0x00007fef6c436b80] [debug]   Checking existence of key: key2
[2025-01-23 18:52:54.025494] [0x00007fef6c436b80] [debug]   Generating hash for key: key2
[2025-01-23 18:52:54.025499] [0x00007fef6c436b80] [debug]   Generated hash: b10253764c8b233fb37542e23401c7b450e5a6f9751f3b5a014f6f67e8bc999d
[2025-01-23 18:52:54.025505] [0x00007fef6c436b80] [debug]   Calculated path: /tmp/store_test_1737658374023780927/b1/02/53/764c8b233fb37542e23401c7b450e5a6f9751f3b5a014f6f67e8bc999d
[2025-01-23 18:52:54.025510] [0x00007fef6c436b80] [debug]   Key key2 exists at path: /tmp/store_test_1737658374023780927/b1/02/53/764c8b233fb37542e23401c7b450e5a6f9751f3b5a014f6f67e8bc999d
[2025-01-23 18:52:54.025514] [0x00007fef6c436b80] [info]    Storing data with key: key3
[2025-01-23 18:52:54.025515] [0x00007fef6c436b80] [debug]   Generating hash for key: key3
[2025-01-23 18:52:54.025518] [0x00007fef6c436b80] [debug]   Generated hash: f576104eebeab09651d83acffc77c8b8c6eaa4b767aeab24d7da80f83f51d865
[2025-01-23 18:52:54.025521] [0x00007fef6c436b80] [debug]   Calculated path: /tmp/store_test_1737658374023780927/f5/76/10/4eebeab09651d83acffc77c8b8c6eaa4b767aeab24d7da80f83f51d865
[2025-01-23 18:52:54.025576] [0x00007fef6c436b80] [debug]   Calculated file path: /tmp/store_test_1737658374023780927/f5/76/10/4eebeab09651d83acffc77c8b8c6eaa4b767aeab24d7da80f83f51d865
[2025-01-23 18:52:54.025606] [0x00007fef6c436b80] [info]    Successfully stored 9 bytes with key: key3
[2025-01-23 18:52:54.025616] [0x00007fef6c436b80] [debug]   Checking existence of key: key3
[2025-01-23 18:52:54.025619] [0x00007fef6c436b80] [debug]   Generating hash for key: key3
[2025-01-23 18:52:54.025627] [0x00007fef6c436b80] [debug]   Generated hash: f576104eebeab09651d83acffc77c8b8c6eaa4b767aeab24d7da80f83f51d865
[2025-01-23 18:52:54.025630] [0x00007fef6c436b80] [debug]   Calculated path: /tmp/store_test_1737658374023780927/f5/76/10/4eebeab09651d83acffc77c8b8c6eaa4b767aeab24d7da80f83f51d865
[2025-01-23 18:52:54.025635] [0x00007fef6c436b80] [debug]   Key key3 exists at path: /tmp/store_test_1737658374023780927/f5/76/10/4eebeab09651d83acffc77c8b8c6eaa4b767aeab24d7da80f83f51d865
[2025-01-23 18:52:54.025641] [0x00007fef6c436b80] [info]    Clearing entire store at: "/tmp/store_test_1737658374023780927"
[2025-01-23 18:52:54.025929] [0x00007fef6c436b80] [info]    Store cleared successfully
[2025-01-23 18:52:54.025938] [0x00007fef6c436b80] [debug]   Checking existence of key: key1
[2025-01-23 18:52:54.025939] [0x00007fef6c436b80] [debug]   Generating hash for key: key1
[2025-01-23 18:52:54.025946] [0x00007fef6c436b80] [debug]   Generated hash: 8174099687a26621f4e2cdd7cc03b3dacedb3fb962255b1aafd033cabe831530
[2025-01-23 18:52:54.025951] [0x00007fef6c436b80] [debug]   Calculated path: /tmp/store_test_1737658374023780927/81/74/09/9687a26621f4e2cdd7cc03b3dacedb3fb962255b1aafd033cabe831530
[2025-01-23 18:52:54.025957] [0x00007fef6c436b80] [debug]   Key key1 not found at path: /tmp/store_test_1737658374023780927/81/74/09/9687a26621f4e2cdd7cc03b3dacedb3fb962255b1aafd033cabe831530
[2025-01-23 18:52:54.025961] [0x00007fef6c436b80] [info]    Retrieving data for key: key1
[2025-01-23 18:52:54.025963] [0x00007fef6c436b80] [debug]   Generating hash for key: key1
[2025-01-23 18:52:54.025966] [0x00007fef6c436b80] [debug]   Generated hash: 8174099687a26621f4e2cdd7cc03b3dacedb3fb962255b1aafd033cabe831530
[2025-01-23 18:52:54.025968] [0x00007fef6c436b80] [debug]   Calculated path: /tmp/store_test_1737658374023780927/81/74/09/9687a26621f4e2cdd7cc03b3dacedb3fb962255b1aafd033cabe831530
[2025-01-23 18:52:54.025971] [0x00007fef6c436b80] [error]   File not found: /tmp/store_test_1737658374023780927/81/74/09/9687a26621f4e2cdd7cc03b3dacedb3fb962255b1aafd033cabe831530
[2025-01-23 18:52:54.025997] [0x00007fef6c436b80] [debug]   Checking existence of key: key2
[2025-01-23 18:52:54.026001] [0x00007fef6c436b80] [debug]   Generating hash for key: key2
[2025-01-23 18:52:54.026004] [0x00007fef6c436b80] [debug]   Generated hash: b10253764c8b233fb37542e23401c7b450e5a6f9751f3b5a014f6f67e8bc999d
[2025-01-23 18:52:54.026007] [0x00007fef6c436b80] [debug]   Calculated path: /tmp/store_test_1737658374023780927/b1/02/53/764c8b233fb37542e23401c7b450e5a6f9751f3b5a014f6f67e8bc999d
[2025-01-23 18:52:54.026013] [0x00007fef6c436b80] [debug]   Key key2 not found at path: /tmp/store_test_1737658374023780927/b1/02/53/764c8b233fb37542e23401c7b450e5a6f9751f3b5a014f6f67e8bc999d
[2025-01-23 18:52:54.026016] [0x00007fef6c436b80] [info]    Retrieving data for key: key2
[2025-01-23 18:52:54.026018] [0x00007fef6c436b80] [debug]   Generating hash for key: key2
[2025-01-23 18:52:54.026021] [0x00007fef6c436b80] [debug]   Generated hash: b10253764c8b233fb37542e23401c7b450e5a6f9751f3b5a014f6f67e8bc999d
[2025-01-23 18:52:54.026023] [0x00007fef6c436b80] [debug]   Calculated path: /tmp/store_test_1737658374023780927/b1/02/53/764c8b233fb37542e23401c7b450e5a6f9751f3b5a014f6f67e8bc999d
[2025-01-23 18:52:54.026027] [0x00007fef6c436b80] [error]   File not found: /tmp/store_test_1737658374023780927/b1/02/53/764c8b233fb37542e23401c7b450e5a6f9751f3b5a014f6f67e8bc999d
[2025-01-23 18:52:54.026032] [0x00007fef6c436b80] [debug]   Checking existence of key: key3
[2025-01-23 18:52:54.026034] [0x00007fef6c436b80] [debug]   Generating hash for key: key3
[2025-01-23 18:52:54.026037] [0x00007fef6c436b80] [debug]   Generated hash: f576104eebeab09651d83acffc77c8b8c6eaa4b767aeab24d7da80f83f51d865
[2025-01-23 18:52:54.026039] [0x00007fef6c436b80] [debug]   Calculated path: /tmp/store_test_1737658374023780927/f5/76/10/4eebeab09651d83acffc77c8b8c6eaa4b767aeab24d7da80f83f51d865
[2025-01-23 18:52:54.026044] [0x00007fef6c436b80] [debug]   Key key3 not found at path: /tmp/store_test_1737658374023780927/f5/76/10/4eebeab09651d83acffc77c8b8c6eaa4b767aeab24d7da80f83f51d865
[2025-01-23 18:52:54.026047] [0x00007fef6c436b80] [info]    Retrieving data for key: key3
[2025-01-23 18:52:54.026048] [0x00007fef6c436b80] [debug]   Generating hash for key: key3
[2025-01-23 18:52:54.026051] [0x00007fef6c436b80] [debug]   Generated hash: f576104eebeab09651d83acffc77c8b8c6eaa4b767aeab24d7da80f83f51d865
[2025-01-23 18:52:54.026055] [0x00007fef6c436b80] [debug]   Calculated path: /tmp/store_test_1737658374023780927/f5/76/10/4eebeab09651d83acffc77c8b8c6eaa4b767aeab24d7da80f83f51d865
[2025-01-23 18:52:54.026057] [0x00007fef6c436b80] [error]   File not found: /tmp/store_test_1737658374023780927/f5/76/10/4eebeab09651d83acffc77c8b8c6eaa4b767aeab24d7da80f83f51d865
[2025-01-23 18:52:54.026064] [0x00007fef6c436b80] [info]    Clearing entire store at: "/tmp/store_test_1737658374023780927"
[2025-01-23 18:52:54.026117] [0x00007fef6c436b80] [info]    Store cleared successfully
[       OK ] StoreTest.Clear (2 ms)
[----------] 1 test from StoreTest (2 ms total)

[----------] Global test environment tear-down
[==========] 1 test from 1 test suite ran. (2 ms total)
[  PASSED  ] 1 test.
<end of output>
Test time =   0.01 sec
----------------------------------------------------------
Test Passed.
"StoreTest.Clear" end time: Jan 23 18:52 UTC
"StoreTest.Clear" time elapsed: 00:00:00
----------------------------------------------------------

14/28 Testing: StoreTest.LargeFileHandling
14/28 Test: StoreTest.LargeFileHandling
Command: "/home/runner/workspace/build/store_tests" "--gtest_filter=StoreTest.LargeFileHandling" "--gtest_also_run_disabled_tests"
Directory: /home/runner/workspace/build
"StoreTest.LargeFileHandling" start time: Jan 23 18:52 UTC
Output:
----------------------------------------------------------
Running main() from /build/source/googletest/src/gtest_main.cc
Note: Google Test filter = StoreTest.LargeFileHandling
[==========] Running 1 test from 1 test suite.
[----------] Global test environment set-up.
[----------] 1 test from StoreTest
[ RUN      ] StoreTest.LargeFileHandling
[2025-01-23 18:52:54.037811] [0x00007f08fd39eb80] [info]    Initializing Store with base path: /tmp/store_test_1737658374037702895
[2025-01-23 18:52:54.037821] [0x00007f08fd39eb80] [debug]   Store directory created/verified at: /tmp/store_test_1737658374037702895
[2025-01-23 18:52:54.051118] [0x00007f08fd39eb80] [info]    Storing data with key: large_file
[2025-01-23 18:52:54.051136] [0x00007f08fd39eb80] [debug]   Generating hash for key: large_file
[2025-01-23 18:52:54.052487] [0x00007f08fd39eb80] [debug]   Generated hash: df1fbde40271055bb026eaa5094faa107c4a4987061ed6c7def9df06f885f2f3
[2025-01-23 18:52:54.052501] [0x00007f08fd39eb80] [debug]   Calculated path: /tmp/store_test_1737658374037702895/df/1f/bd/e40271055bb026eaa5094faa107c4a4987061ed6c7def9df06f885f2f3
[2025-01-23 18:52:54.052564] [0x00007f08fd39eb80] [debug]   Calculated file path: /tmp/store_test_1737658374037702895/df/1f/bd/e40271055bb026eaa5094faa107c4a4987061ed6c7def9df06f885f2f3
[2025-01-23 18:52:54.058839] [0x00007f08fd39eb80] [info]    Successfully stored 10485760 bytes with key: large_file
[2025-01-23 18:52:54.058851] [0x00007f08fd39eb80] [debug]   Checking existence of key: large_file
[2025-01-23 18:52:54.058853] [0x00007f08fd39eb80] [debug]   Generating hash for key: large_file
[2025-01-23 18:52:54.058866] [0x00007f08fd39eb80] [debug]   Generated hash: df1fbde40271055bb026eaa5094faa107c4a4987061ed6c7def9df06f885f2f3
[2025-01-23 18:52:54.058871] [0x00007f08fd39eb80] [debug]   Calculated path: /tmp/store_test_1737658374037702895/df/1f/bd/e40271055bb026eaa5094faa107c4a4987061ed6c7def9df06f885f2f3
[2025-01-23 18:52:54.058880] [0x00007f08fd39eb80] [debug]   Key large_file exists at path: /tmp/store_test_1737658374037702895/df/1f/bd/e40271055bb026eaa5094faa107c4a4987061ed6c7def9df06f885f2f3
[2025-01-23 18:52:54.058885] [0x00007f08fd39eb80] [info]    Retrieving data for key: large_file
[2025-01-23 18:52:54.058887] [0x00007f08fd39eb80] [debug]   Generating hash for key: large_file
[2025-01-23 18:52:54.058891] [0x00007f08fd39eb80] [debug]   Generated hash: df1fbde40271055bb026eaa5094faa107c4a4987061ed6c7def9df06f885f2f3
[2025-01-23 18:52:54.058894] [0x00007f08fd39eb80] [debug]   Calculated path: /tmp/store_test_1737658374037702895/df/1f/bd/e40271055bb026eaa5094faa107c4a4987061ed6c7def9df06f885f2f3
[2025-01-23 18:52:54.070509] [0x00007f08fd39eb80] [info]    Successfully streamed 10485760 bytes for key: large_file
[2025-01-23 18:52:54.077061] [0x00007f08fd39eb80] [info]    Clearing entire store at: "/tmp/store_test_1737658374037702895"
[2025-01-23 18:52:54.078859] [0x00007f08fd39eb80] [info]    Store cleared successfully
[       OK ] StoreTest.LargeFileHandling (41 ms)
[----------] 1 test from StoreTest (41 ms total)

[----------] Global test environment tear-down
[==========] 1 test from 1 test suite ran. (41 ms total)
[  PASSED  ] 1 test.
<end of output>
Test time =   0.05 sec
----------------------------------------------------------
Test Passed.
"StoreTest.LargeFileHandling" end time: Jan 23 18:52 UTC
"StoreTest.LargeFileHandling" time elapsed: 00:00:00
----------------------------------------------------------

15/28 Testing: StoreTest.OverwriteBehavior
15/28 Test: StoreTest.OverwriteBehavior
Command: "/home/runner/workspace/build/store_tests" "--gtest_filter=StoreTest.OverwriteBehavior" "--gtest_also_run_disabled_tests"
Directory: /home/runner/workspace/build
"StoreTest.OverwriteBehavior" start time: Jan 23 18:52 UTC
Output:
----------------------------------------------------------
Running main() from /build/source/googletest/src/gtest_main.cc
Note: Google Test filter = StoreTest.OverwriteBehavior
[==========] Running 1 test from 1 test suite.
[----------] Global test environment set-up.
[----------] 1 test from StoreTest
[ RUN      ] StoreTest.OverwriteBehavior
[2025-01-23 18:52:54.091404] [0x00007fcb19553b80] [info]    Initializing Store with base path: /tmp/store_test_1737658374091210537
[2025-01-23 18:52:54.091414] [0x00007fcb19553b80] [debug]   Store directory created/verified at: /tmp/store_test_1737658374091210537
[2025-01-23 18:52:54.091421] [0x00007fcb19553b80] [info]    Storing data with key: overwrite_test
[2025-01-23 18:52:54.091425] [0x00007fcb19553b80] [debug]   Generating hash for key: overwrite_test
[2025-01-23 18:52:54.092697] [0x00007fcb19553b80] [debug]   Generated hash: 30952b659b529afe6343c608ec6d8a565347d89ad4d22eec203b90234d48b36e
[2025-01-23 18:52:54.092711] [0x00007fcb19553b80] [debug]   Calculated path: /tmp/store_test_1737658374091210537/30/95/2b/659b529afe6343c608ec6d8a565347d89ad4d22eec203b90234d48b36e
[2025-01-23 18:52:54.092772] [0x00007fcb19553b80] [debug]   Calculated file path: /tmp/store_test_1737658374091210537/30/95/2b/659b529afe6343c608ec6d8a565347d89ad4d22eec203b90234d48b36e
[2025-01-23 18:52:54.092824] [0x00007fcb19553b80] [info]    Successfully stored 15 bytes with key: overwrite_test
[2025-01-23 18:52:54.092831] [0x00007fcb19553b80] [debug]   Checking existence of key: overwrite_test
[2025-01-23 18:52:54.092833] [0x00007fcb19553b80] [debug]   Generating hash for key: overwrite_test
[2025-01-23 18:52:54.092840] [0x00007fcb19553b80] [debug]   Generated hash: 30952b659b529afe6343c608ec6d8a565347d89ad4d22eec203b90234d48b36e
[2025-01-23 18:52:54.092846] [0x00007fcb19553b80] [debug]   Calculated path: /tmp/store_test_1737658374091210537/30/95/2b/659b529afe6343c608ec6d8a565347d89ad4d22eec203b90234d48b36e
[2025-01-23 18:52:54.092851] [0x00007fcb19553b80] [debug]   Key overwrite_test exists at path: /tmp/store_test_1737658374091210537/30/95/2b/659b529afe6343c608ec6d8a565347d89ad4d22eec203b90234d48b36e
[2025-01-23 18:52:54.092855] [0x00007fcb19553b80] [info]    Retrieving data for key: overwrite_test
[2025-01-23 18:52:54.092857] [0x00007fcb19553b80] [debug]   Generating hash for key: overwrite_test
[2025-01-23 18:52:54.092860] [0x00007fcb19553b80] [debug]   Generated hash: 30952b659b529afe6343c608ec6d8a565347d89ad4d22eec203b90234d48b36e
[2025-01-23 18:52:54.092863] [0x00007fcb19553b80] [debug]   Calculated path: /tmp/store_test_1737658374091210537/30/95/2b/659b529afe6343c608ec6d8a565347d89ad4d22eec203b90234d48b36e
[2025-01-23 18:52:54.092876] [0x00007fcb19553b80] [info]    Successfully streamed 15 bytes for key: overwrite_test
[2025-01-23 18:52:54.092883] [0x00007fcb19553b80] [info]    Storing data with key: overwrite_test
[2025-01-23 18:52:54.092884] [0x00007fcb19553b80] [debug]   Generating hash for key: overwrite_test
[2025-01-23 18:52:54.092888] [0x00007fcb19553b80] [debug]   Generated hash: 30952b659b529afe6343c608ec6d8a565347d89ad4d22eec203b90234d48b36e
[2025-01-23 18:52:54.092890] [0x00007fcb19553b80] [debug]   Calculated path: /tmp/store_test_1737658374091210537/30/95/2b/659b529afe6343c608ec6d8a565347d89ad4d22eec203b90234d48b36e
[2025-01-23 18:52:54.092894] [0x00007fcb19553b80] [debug]   Calculated file path: /tmp/store_test_1737658374091210537/30/95/2b/659b529afe6343c608ec6d8a565347d89ad4d22eec203b90234d48b36e
[2025-01-23 18:52:54.092937] [0x00007fcb19553b80] [info]    Successfully stored 15 bytes with key: overwrite_test
[2025-01-23 18:52:54.092944] [0x00007fcb19553b80] [info]    Retrieving data for key: overwrite_test
[2025-01-23 18:52:54.092946] [0x00007fcb19553b80] [debug]   Generating hash for key: overwrite_test
[2025-01-23 18:52:54.092951] [0x00007fcb19553b80] [debug]   Generated hash: 30952b659b529afe6343c608ec6d8a565347d89ad4d22eec203b90234d48b36e
[2025-01-23 18:52:54.092954] [0x00007fcb19553b80] [debug]   Calculated path: /tmp/store_test_1737658374091210537/30/95/2b/659b529afe6343c608ec6d8a565347d89ad4d22eec203b90234d48b36e
[2025-01-23 18:52:54.092965] [0x00007fcb19553b80] [info]    Successfully streamed 15 bytes for key: overwrite_test
[2025-01-23 18:52:54.092973] [0x00007fcb19553b80] [info]    Clearing entire store at: "/tmp/store_test_1737658374091210537"
[2025-01-23 18:52:54.093129] [0x00007fcb19553b80] [info]    Store cleared successfully
[       OK ] StoreTest.OverwriteBehavior (1 ms)
[----------] 1 test from StoreTest (1 ms total)

[----------] Global test environment tear-down
[==========] 1 test from 1 test suite ran. (2 ms total)
[  PASSED  ] 1 test.
<end of output>
Test time =   0.01 sec
----------------------------------------------------------
Test Passed.
"StoreTest.OverwriteBehavior" end time: Jan 23 18:52 UTC
"StoreTest.OverwriteBehavior" time elapsed: 00:00:00
----------------------------------------------------------

16/28 Testing: StoreTest.StreamStatePreservation
16/28 Test: StoreTest.StreamStatePreservation
Command: "/home/runner/workspace/build/store_tests" "--gtest_filter=StoreTest.StreamStatePreservation" "--gtest_also_run_disabled_tests"
Directory: /home/runner/workspace/build
"StoreTest.StreamStatePreservation" start time: Jan 23 18:52 UTC
Output:
----------------------------------------------------------
Running main() from /build/source/googletest/src/gtest_main.cc
Note: Google Test filter = StoreTest.StreamStatePreservation
[==========] Running 1 test from 1 test suite.
[----------] Global test environment set-up.
[----------] 1 test from StoreTest
[ RUN      ] StoreTest.StreamStatePreservation
[2025-01-23 18:52:54.106124] [0x00007f826b3c6b80] [info]    Initializing Store with base path: /tmp/store_test_1737658374106013425
[2025-01-23 18:52:54.106134] [0x00007f826b3c6b80] [debug]   Store directory created/verified at: /tmp/store_test_1737658374106013425
[2025-01-23 18:52:54.106139] [0x00007f826b3c6b80] [info]    Storing data with key: stream_state_test
[2025-01-23 18:52:54.106143] [0x00007f826b3c6b80] [debug]   Generating hash for key: stream_state_test
[2025-01-23 18:52:54.107332] [0x00007f826b3c6b80] [debug]   Generated hash: a9e413f31ab1fd98797abd4d4d50fc4ccfbf9abaec049f8d5f9e9c5b294d61c8
[2025-01-23 18:52:54.107348] [0x00007f826b3c6b80] [debug]   Calculated path: /tmp/store_test_1737658374106013425/a9/e4/13/f31ab1fd98797abd4d4d50fc4ccfbf9abaec049f8d5f9e9c5b294d61c8
[2025-01-23 18:52:54.107393] [0x00007f826b3c6b80] [debug]   Calculated file path: /tmp/store_test_1737658374106013425/a9/e4/13/f31ab1fd98797abd4d4d50fc4ccfbf9abaec049f8d5f9e9c5b294d61c8
[2025-01-23 18:52:54.107436] [0x00007f826b3c6b80] [info]    Successfully stored 26 bytes with key: stream_state_test
[2025-01-23 18:52:54.107442] [0x00007f826b3c6b80] [info]    Retrieving data for key: stream_state_test
[2025-01-23 18:52:54.107444] [0x00007f826b3c6b80] [debug]   Generating hash for key: stream_state_test
[2025-01-23 18:52:54.107450] [0x00007f826b3c6b80] [debug]   Generated hash: a9e413f31ab1fd98797abd4d4d50fc4ccfbf9abaec049f8d5f9e9c5b294d61c8
[2025-01-23 18:52:54.107454] [0x00007f826b3c6b80] [debug]   Calculated path: /tmp/store_test_1737658374106013425/a9/e4/13/f31ab1fd98797abd4d4d50fc4ccfbf9abaec049f8d5f9e9c5b294d61c8
[2025-01-23 18:52:54.107466] [0x00007f826b3c6b80] [info]    Successfully streamed 26 bytes for key: stream_state_test
[2025-01-23 18:52:54.107474] [0x00007f826b3c6b80] [info]    Clearing entire store at: "/tmp/store_test_1737658374106013425"
[2025-01-23 18:52:54.107619] [0x00007f826b3c6b80] [info]    Store cleared successfully
[       OK ] StoreTest.StreamStatePreservation (1 ms)
[----------] 1 test from StoreTest (1 ms total)

[----------] Global test environment tear-down
[==========] 1 test from 1 test suite ran. (1 ms total)
[  PASSED  ] 1 test.
<end of output>
Test time =   0.01 sec
----------------------------------------------------------
Test Passed.
"StoreTest.StreamStatePreservation" end time: Jan 23 18:52 UTC
"StoreTest.StreamStatePreservation" time elapsed: 00:00:00
----------------------------------------------------------

17/28 Testing: StoreTest.FileSizeRetrieval
17/28 Test: StoreTest.FileSizeRetrieval
Command: "/home/runner/workspace/build/store_tests" "--gtest_filter=StoreTest.FileSizeRetrieval" "--gtest_also_run_disabled_tests"
Directory: /home/runner/workspace/build
"StoreTest.FileSizeRetrieval" start time: Jan 23 18:52 UTC
Output:
----------------------------------------------------------
Running main() from /build/source/googletest/src/gtest_main.cc
Note: Google Test filter = StoreTest.FileSizeRetrieval
[==========] Running 1 test from 1 test suite.
[----------] Global test environment set-up.
[----------] 1 test from StoreTest
[ RUN      ] StoreTest.FileSizeRetrieval
[2025-01-23 18:52:54.119586] [0x00007f04a62f2b80] [info]    Initializing Store with base path: /tmp/store_test_1737658374119472233
[2025-01-23 18:52:54.119601] [0x00007f04a62f2b80] [debug]   Store directory created/verified at: /tmp/store_test_1737658374119472233
[2025-01-23 18:52:54.119608] [0x00007f04a62f2b80] [info]    Storing data with key: size_test
[2025-01-23 18:52:54.119610] [0x00007f04a62f2b80] [debug]   Generating hash for key: size_test
[2025-01-23 18:52:54.121303] [0x00007f04a62f2b80] [debug]   Generated hash: d2283af70f36b068be549fdee1255a41540b931c457a992112d4cab9c89de74e
[2025-01-23 18:52:54.121315] [0x00007f04a62f2b80] [debug]   Calculated path: /tmp/store_test_1737658374119472233/d2/28/3a/f70f36b068be549fdee1255a41540b931c457a992112d4cab9c89de74e
[2025-01-23 18:52:54.121380] [0x00007f04a62f2b80] [debug]   Calculated file path: /tmp/store_test_1737658374119472233/d2/28/3a/f70f36b068be549fdee1255a41540b931c457a992112d4cab9c89de74e
[2025-01-23 18:52:54.121673] [0x00007f04a62f2b80] [info]    Successfully stored 13 bytes with key: size_test
[2025-01-23 18:52:54.121682] [0x00007f04a62f2b80] [debug]   Getting file size for key: size_test
[2025-01-23 18:52:54.121684] [0x00007f04a62f2b80] [debug]   Generating hash for key: size_test
[2025-01-23 18:52:54.121691] [0x00007f04a62f2b80] [debug]   Generated hash: d2283af70f36b068be549fdee1255a41540b931c457a992112d4cab9c89de74e
[2025-01-23 18:52:54.121694] [0x00007f04a62f2b80] [debug]   Calculated path: /tmp/store_test_1737658374119472233/d2/28/3a/f70f36b068be549fdee1255a41540b931c457a992112d4cab9c89de74e
[2025-01-23 18:52:54.121701] [0x00007f04a62f2b80] [debug]   File size for key size_test: 13 bytes
[2025-01-23 18:52:54.121706] [0x00007f04a62f2b80] [info]    Storing data with key: empty_test
[2025-01-23 18:52:54.121708] [0x00007f04a62f2b80] [debug]   Generating hash for key: empty_test
[2025-01-23 18:52:54.121711] [0x00007f04a62f2b80] [debug]   Generated hash: f1b6800e9ca01dac557744adec3477366cbe3888d44fcabefb3078c4c069f3a8
[2025-01-23 18:52:54.121714] [0x00007f04a62f2b80] [debug]   Calculated path: /tmp/store_test_1737658374119472233/f1/b6/80/0e9ca01dac557744adec3477366cbe3888d44fcabefb3078c4c069f3a8
[2025-01-23 18:52:54.121759] [0x00007f04a62f2b80] [debug]   Calculated file path: /tmp/store_test_1737658374119472233/f1/b6/80/0e9ca01dac557744adec3477366cbe3888d44fcabefb3078c4c069f3a8
[2025-01-23 18:52:54.121786] [0x00007f04a62f2b80] [debug]   Storing empty content for key: empty_test
[2025-01-23 18:52:54.121797] [0x00007f04a62f2b80] [info]    Successfully stored 0 bytes with key: empty_test
[2025-01-23 18:52:54.121801] [0x00007f04a62f2b80] [debug]   Getting file size for key: empty_test
[2025-01-23 18:52:54.121804] [0x00007f04a62f2b80] [debug]   Generating hash for key: empty_test
[2025-01-23 18:52:54.121812] [0x00007f04a62f2b80] [debug]   Generated hash: f1b6800e9ca01dac557744adec3477366cbe3888d44fcabefb3078c4c069f3a8
[2025-01-23 18:52:54.121818] [0x00007f04a62f2b80] [debug]   Calculated path: /tmp/store_test_1737658374119472233/f1/b6/80/0e9ca01dac557744adec3477366cbe3888d44fcabefb3078c4c069f3a8
[2025-01-23 18:52:54.121825] [0x00007f04a62f2b80] [debug]   File size for key empty_test: 0 bytes
[2025-01-23 18:52:54.121827] [0x00007f04a62f2b80] [debug]   Getting file size for key: nonexistent_key
[2025-01-23 18:52:54.121829] [0x00007f04a62f2b80] [debug]   Generating hash for key: nonexistent_key
[2025-01-23 18:52:54.121833] [0x00007f04a62f2b80] [debug]   Generated hash: 5fbaf0fb39a2369c07d1aa653dd2386202abdff0c69ceb6060083b29af61fd2f
[2025-01-23 18:52:54.121836] [0x00007f04a62f2b80] [debug]   Calculated path: /tmp/store_test_1737658374119472233/5f/ba/f0/fb39a2369c07d1aa653dd2386202abdff0c69ceb6060083b29af61fd2f
[2025-01-23 18:52:54.121841] [0x00007f04a62f2b80] [error]   File not found: /tmp/store_test_1737658374119472233/5f/ba/f0/fb39a2369c07d1aa653dd2386202abdff0c69ceb6060083b29af61fd2f
[2025-01-23 18:52:54.121870] [0x00007f04a62f2b80] [info]    Clearing entire store at: "/tmp/store_test_1737658374119472233"
[2025-01-23 18:52:54.122131] [0x00007f04a62f2b80] [info]    Store cleared successfully
[       OK ] StoreTest.FileSizeRetrieval (2 ms)
[----------] 1 test from StoreTest (2 ms total)

[----------] Global test environment tear-down
[==========] 1 test from 1 test suite ran. (2 ms total)
[  PASSED  ] 1 test.
<end of output>
Test time =   0.01 sec
----------------------------------------------------------
Test Passed.
"StoreTest.FileSizeRetrieval" end time: Jan 23 18:52 UTC
"StoreTest.FileSizeRetrieval" time elapsed: 00:00:00
----------------------------------------------------------

18/28 Testing: ChannelTest.InitialState
18/28 Test: ChannelTest.InitialState
Command: "/home/runner/workspace/build/channel_tests" "--gtest_filter=ChannelTest.InitialState" "--gtest_also_run_disabled_tests"
Directory: /home/runner/workspace/build
"ChannelTest.InitialState" start time: Jan 23 18:52 UTC
Output:
----------------------------------------------------------
Running main() from /build/source/googletest/src/gtest_main.cc
Note: Google Test filter = ChannelTest.InitialState
[==========] Running 1 test from 1 test suite.
[----------] Global test environment set-up.
[----------] 1 test from ChannelTest
[ RUN      ] ChannelTest.InitialState
[       OK ] ChannelTest.InitialState (0 ms)
[----------] 1 test from ChannelTest (0 ms total)

[----------] Global test environment tear-down
[==========] 1 test from 1 test suite ran. (0 ms total)
[  PASSED  ] 1 test.
<end of output>
Test time =   0.01 sec
----------------------------------------------------------
Test Passed.
"ChannelTest.InitialState" end time: Jan 23 18:52 UTC
"ChannelTest.InitialState" time elapsed: 00:00:00
----------------------------------------------------------

19/28 Testing: ChannelTest.SingleProduceConsume
19/28 Test: ChannelTest.SingleProduceConsume
Command: "/home/runner/workspace/build/channel_tests" "--gtest_filter=ChannelTest.SingleProduceConsume" "--gtest_also_run_disabled_tests"
Directory: /home/runner/workspace/build
"ChannelTest.SingleProduceConsume" start time: Jan 23 18:52 UTC
Output:
----------------------------------------------------------
Running main() from /build/source/googletest/src/gtest_main.cc
Note: Google Test filter = ChannelTest.SingleProduceConsume
[==========] Running 1 test from 1 test suite.
[----------] Global test environment set-up.
[----------] 1 test from ChannelTest
[ RUN      ] ChannelTest.SingleProduceConsume
[2025-01-23 18:52:54.146920] [0x00007fc45ca46c40] [debug]   Added message frame to channel. Channel size: 1
[2025-01-23 18:52:54.146933] [0x00007fc45ca46c40] [debug]   Retrieved message frame from channel. Channel size: 0
[       OK ] ChannelTest.SingleProduceConsume (0 ms)
[----------] 1 test from ChannelTest (0 ms total)

[----------] Global test environment tear-down
[==========] 1 test from 1 test suite ran. (0 ms total)
[  PASSED  ] 1 test.
<end of output>
Test time =   0.01 sec
----------------------------------------------------------
Test Passed.
"ChannelTest.SingleProduceConsume" end time: Jan 23 18:52 UTC
"ChannelTest.SingleProduceConsume" time elapsed: 00:00:00
----------------------------------------------------------

20/28 Testing: ChannelTest.MultipleMessages
20/28 Test: ChannelTest.MultipleMessages
Command: "/home/runner/workspace/build/channel_tests" "--gtest_filter=ChannelTest.MultipleMessages" "--gtest_also_run_disabled_tests"
Directory: /home/runner/workspace/build
"ChannelTest.MultipleMessages" start time: Jan 23 18:52 UTC
Output:
----------------------------------------------------------
Running main() from /build/source/googletest/src/gtest_main.cc
Note: Google Test filter = ChannelTest.MultipleMessages
[==========] Running 1 test from 1 test suite.
[----------] Global test environment set-up.
[----------] 1 test from ChannelTest
[ RUN      ] ChannelTest.MultipleMessages
[2025-01-23 18:52:54.160449] [0x00007f290e4dcc40] [debug]   Added message frame to channel. Channel size: 1
[2025-01-23 18:52:54.160454] [0x00007f290e4dcc40] [debug]   Added message frame to channel. Channel size: 2
[2025-01-23 18:52:54.160456] [0x00007f290e4dcc40] [debug]   Added message frame to channel. Channel size: 3
[2025-01-23 18:52:54.160458] [0x00007f290e4dcc40] [debug]   Added message frame to channel. Channel size: 4
[2025-01-23 18:52:54.160460] [0x00007f290e4dcc40] [debug]   Added message frame to channel. Channel size: 5
[2025-01-23 18:52:54.160462] [0x00007f290e4dcc40] [debug]   Retrieved message frame from channel. Channel size: 4
[2025-01-23 18:52:54.160465] [0x00007f290e4dcc40] [debug]   Retrieved message frame from channel. Channel size: 3
[2025-01-23 18:52:54.160466] [0x00007f290e4dcc40] [debug]   Retrieved message frame from channel. Channel size: 2
[2025-01-23 18:52:54.160467] [0x00007f290e4dcc40] [debug]   Retrieved message frame from channel. Channel size: 1
[2025-01-23 18:52:54.160469] [0x00007f290e4dcc40] [debug]   Retrieved message frame from channel. Channel size: 0
[       OK ] ChannelTest.MultipleMessages (0 ms)
[----------] 1 test from ChannelTest (0 ms total)

[----------] Global test environment tear-down
[==========] 1 test from 1 test suite ran. (0 ms total)
[  PASSED  ] 1 test.
<end of output>
Test time =   0.01 sec
----------------------------------------------------------
Test Passed.
"ChannelTest.MultipleMessages" end time: Jan 23 18:52 UTC
"ChannelTest.MultipleMessages" time elapsed: 00:00:00
----------------------------------------------------------

21/28 Testing: ChannelTest.ConsumeEmptyChannel
21/28 Test: ChannelTest.ConsumeEmptyChannel
Command: "/home/runner/workspace/build/channel_tests" "--gtest_filter=ChannelTest.ConsumeEmptyChannel" "--gtest_also_run_disabled_tests"
Directory: /home/runner/workspace/build
"ChannelTest.ConsumeEmptyChannel" start time: Jan 23 18:52 UTC
Output:
----------------------------------------------------------
Running main() from /build/source/googletest/src/gtest_main.cc
Note: Google Test filter = ChannelTest.ConsumeEmptyChannel
[==========] Running 1 test from 1 test suite.
[----------] Global test environment set-up.
[----------] 1 test from ChannelTest
[ RUN      ] ChannelTest.ConsumeEmptyChannel
[       OK ] ChannelTest.ConsumeEmptyChannel (0 ms)
[----------] 1 test from ChannelTest (0 ms total)

[----------] Global test environment tear-down
[==========] 1 test from 1 test suite ran. (0 ms total)
[  PASSED  ] 1 test.
<end of output>
Test time =   0.01 sec
----------------------------------------------------------
Test Passed.
"ChannelTest.ConsumeEmptyChannel" end time: Jan 23 18:52 UTC
"ChannelTest.ConsumeEmptyChannel" time elapsed: 00:00:00
----------------------------------------------------------

22/28 Testing: ChannelTest.ConcurrentProducersConsumers
22/28 Test: ChannelTest.ConcurrentProducersConsumers
Command: "/home/runner/workspace/build/channel_tests" "--gtest_filter=ChannelTest.ConcurrentProducersConsumers" "--gtest_also_run_disabled_tests"
Directory: /home/runner/workspace/build
"ChannelTest.ConcurrentProducersConsumers" start time: Jan 23 18:52 UTC
Output:
----------------------------------------------------------
Running main() from /build/source/googletest/src/gtest_main.cc
Note: Google Test filter = ChannelTest.ConcurrentProducersConsumers
[==========] Running 1 test from 1 test suite.
[----------] Global test environment set-up.
[----------] 1 test from ChannelTest
[ RUN      ] ChannelTest.ConcurrentProducersConsumers
[2025-01-23 18:52:54.185395] [0x00007f9b2d8006c0] [debug]   Added message frame to channel. Channel size: 1
[2025-01-23 18:52:54.185811] [0x00007f9b2c7fe6c0] [debug]   Added message frame to channel. Channel size: 2
[2025-01-23 18:52:54.185941] [0x00007f9b2cfff6c0] [debug]   Added message frame to channel. Channel size: 3
[2025-01-23 18:52:54.186004] [0x00007f9b2b7fc6c0] [debug]   Retrieved message frame from channel. Channel size: 2
[2025-01-23 18:52:54.186020] [0x00007f9b2d8006c0] [debug]   Added message frame to channel. Channel size: 3
[2025-01-23 18:52:54.186032] [0x00007f9b2b7fc6c0] [debug]   Retrieved message frame from channel. Channel size: 2
[2025-01-23 18:52:54.186036] [0x00007f9b2b7fc6c0] [debug]   Retrieved message frame from channel. Channel size: 1
[2025-01-23 18:52:54.186040] [0x00007f9b2b7fc6c0] [debug]   Retrieved message frame from channel. Channel size: 0
[2025-01-23 18:52:54.186062] [0x00007f9b2bffd6c0] [debug]   Added message frame to channel. Channel size: 1
[2025-01-23 18:52:54.186127] [0x00007f9b2cfff6c0] [debug]   Added message frame to channel. Channel size: 2
[2025-01-23 18:52:54.186142] [0x00007f9b2bffd6c0] [debug]   Added message frame to channel. Channel size: 3
[2025-01-23 18:52:54.186329] [0x00007f9b2affb6c0] [debug]   Retrieved message frame from channel. Channel size: 2
[2025-01-23 18:52:54.186365] [0x00007f9b2affb6c0] [debug]   Retrieved message frame from channel. Channel size: 1
[2025-01-23 18:52:54.186386] [0x00007f9b2bffd6c0] [debug]   Added message frame to channel. Channel size: 2
[2025-01-23 18:52:54.186402] [0x00007f9b2cfff6c0] [debug]   Added message frame to channel. Channel size: 3
[2025-01-23 18:52:54.186431] [0x00007f9b2c7fe6c0] [debug]   Added message frame to channel. Channel size: 4
[2025-01-23 18:52:54.186453] [0x00007f9b2affb6c0] [debug]   Retrieved message frame from channel. Channel size: 3
[2025-01-23 18:52:54.186468] [0x00007f9b2affb6c0] [debug]   Retrieved message frame from channel. Channel size: 2
[...]
[2025-01-23 18:52:54.237913] [0x00007f633f722c40] [debug] Writing source id: 1
[2025-01-23 18:52:54.237916] [0x00007f633f722c40] [debug] Writing payload size: 0
[2025-01-23 18:52:54.237922] [0x00007f633f722c40] [info] Starting stream encryption
[2025-01-23 18:52:54.237928] [0x00007f633f722c40] [debug] Initializing cipher for encryption
[2025-01-23 18:52:54.240163] [0x00007f633f722c40] [debug] Cipher initialization complete
[2025-01-23 18:52:54.240182] [0x00007f633f722c40] [debug] Writing encrypted filename length
[2025-01-23 18:52:54.240186] [0x00007f633f722c40] [info] Encrypted message frame serialization complete. Total bytes written: 42
[2025-01-23 18:52:54.240246] [0x00007f633f722c40] [debug] Cleaning up CryptoStream resources
[2025-01-23 18:52:54.240257] [0x00007f633f722c40] [info] Initializing CryptoStream
[2025-01-23 18:52:54.240260] [0x00007f633f722c40] [debug] CryptoStream initialization complete
[2025-01-23 18:52:54.240263] [0x00007f633f722c40] [info] Starting message frame deserialization
[2025-01-23 18:52:54.240266] [0x00007f633f722c40] [debug] Reading IV
[2025-01-23 18:52:54.240269] [0x00007f633f722c40] [info] Initializing crypto parameters
[2025-01-23 18:52:54.240272] [0x00007f633f722c40] [debug] Crypto parameters initialized successfully
[2025-01-23 18:52:54.240274] [0x00007f633f722c40] [debug] Read message type: 0
[2025-01-23 18:52:54.240277] [0x00007f633f722c40] [debug] Read source id: 1
[2025-01-23 18:52:54.240280] [0x00007f633f722c40] [debug] Read payload size: 0
[2025-01-23 18:52:54.240284] [0x00007f633f722c40] [info] Starting stream decryption
[2025-01-23 18:52:54.240287] [0x00007f633f722c40] [debug] Initializing cipher for decryption
[2025-01-23 18:52:54.240292] [0x00007f633f722c40] [debug] Cipher initialization complete
[2025-01-23 18:52:54.240297] [0x00007f633f722c40] [debug] Read decrypted filename length: 19235840
[2025-01-23 18:52:54.240300] [0x00007f633f722c40] [debug] Added message frame to channel. Channel size: 1
[2025-01-23 18:52:54.240303] [0x00007f633f722c40] [debug] New frame added to channel
[2025-01-23 18:52:54.240306] [0x00007f633f722c40] [info] Message frame deserialization complete. Total bytes read: 42
[2025-01-23 18:52:54.240309] [0x00007f633f722c40] [debug] Cleaning up CryptoStream resources
[2025-01-23 18:52:54.240313] [0x00007f633f722c40] [debug] Retrieved message frame from channel. Channel size: 0
[       OK ] CodecTest.MinimalFrameSerializeDeserialize (2 ms)
[----------] 1 test from CodecTest (2 ms total)

[----------] Global test environment tear-down
[==========] 1 test from 1 test suite ran. (2 ms total)
[  PASSED  ] 1 test.
<end of output>
Test time =   0.02 sec
----------------------------------------------------------
Test Passed.
"CodecTest.MinimalFrameSerializeDeserialize" end time: Jan 23 18:52 UTC
"CodecTest.MinimalFrameSerializeDeserialize" time elapsed: 00:00:00
----------------------------------------------------------

25/28 Testing: CodecTest.BasicSerializeDeserialize
25/28 Test: CodecTest.BasicSerializeDeserialize
Command: "/home/runner/workspace/build/codec_tests" "--gtest_filter=CodecTest.BasicSerializeDeserialize" "--gtest_also_run_disabled_tests"
Directory: /home/runner/workspace/build
"CodecTest.BasicSerializeDeserialize" start time: Jan 23 18:52 UTC
Output:
----------------------------------------------------------
Running main() from /build/source/googletest/src/gtest_main.cc
Note: Google Test filter = CodecTest.BasicSerializeDeserialize
[==========] Running 1 test from 1 test suite.
[----------] Global test environment set-up.
[----------] 1 test from CodecTest
[ RUN      ] CodecTest.BasicSerializeDeserialize
[2025-01-23 18:52:54.254580] [0x00007f3f9a25fc40] [info]    Initializing Codec with key of size: 32
[2025-01-23 18:52:54.254617] [0x00007f3f9a25fc40] [info] Initializing CryptoStream
[2025-01-23 18:52:54.254837] [0x00007f3f9a25fc40] [debug] CryptoStream initialization complete
[2025-01-23 18:52:54.254844] [0x00007f3f9a25fc40] [info] Initializing crypto parameters
[2025-01-23 18:52:54.254847] [0x00007f3f9a25fc40] [debug] Crypto parameters initialized successfully
[2025-01-23 18:52:54.254850] [0x00007f3f9a25fc40] [info] Starting message frame serialization
[2025-01-23 18:52:54.254851] [0x00007f3f9a25fc40] [debug] Writing IV of size: 16
[2025-01-23 18:52:54.254854] [0x00007f3f9a25fc40] [debug] Writing message type: 0
[2025-01-23 18:52:54.254856] [0x00007f3f9a25fc40] [debug] Writing source id: 2
[2025-01-23 18:52:54.254857] [0x00007f3f9a25fc40] [debug] Writing payload size: 11
[2025-01-23 18:52:54.254861] [0x00007f3f9a25fc40] [info] Starting stream encryption
[2025-01-23 18:52:54.254865] [0x00007f3f9a25fc40] [debug] Initializing cipher for encryption
[2025-01-23 18:52:54.256512] [0x00007f3f9a25fc40] [debug] Cipher initialization complete
[2025-01-23 18:52:54.256525] [0x00007f3f9a25fc40] [debug] Writing encrypted filename length
[2025-01-23 18:52:54.256528] [0x00007f3f9a25fc40] [debug] Encrypting and writing payload of size: 11
[2025-01-23 18:52:54.256530] [0x00007f3f9a25fc40] [info] Starting stream encryption
[2025-01-23 18:52:54.256532] [0x00007f3f9a25fc40] [debug] Initializing cipher for encryption
[2025-01-23 18:52:54.256535] [0x00007f3f9a25fc40] [debug] Cipher initialization complete
[2025-01-23 18:52:54.256537] [0x00007f3f9a25fc40] [info] Encrypted message frame serialization complete. Total bytes written: 53
[2025-01-23 18:52:54.256539] [0x00007f3f9a25fc40] [debug] Cleaning up CryptoStream resources
[2025-01-23 18:52:54.256541] [0x00007f3f9a25fc40] [info] Initializing CryptoStream
[2025-01-23 18:52:54.256544] [0x00007f3f9a25fc40] [debug] CryptoStream initialization complete
[2025-01-23 18:52:54.256547] [0x00007f3f9a25fc40] [info] Starting message frame deserialization
[2025-01-23 18:52:54.256550] [0x00007f3f9a25fc40] [debug] Reading IV
[2025-01-23 18:52:54.256553] [0x00007f3f9a25fc40] [info] Initializing crypto parameters
[2025-01-23 18:52:54.256556] [0x00007f3f9a25fc40] [debug] Crypto parameters initialized successfully
[2025-01-23 18:52:54.256559] [0x00007f3f9a25fc40] [debug] Read message type: 0
[2025-01-23 18:52:54.256561] [0x00007f3f9a25fc40] [debug] Read source id: 2
[2025-01-23 18:52:54.256563] [0x00007f3f9a25fc40] [debug] Read payload size: 11
[2025-01-23 18:52:54.256565] [0x00007f3f9a25fc40] [info] Starting stream decryption
[2025-01-23 18:52:54.256567] [0x00007f3f9a25fc40] [debug] Initializing cipher for decryption
[2025-01-23 18:52:54.256570] [0x00007f3f9a25fc40] [debug] Cipher initialization complete
[2025-01-23 18:52:54.256572] [0x00007f3f9a25fc40] [debug] Read decrypted filename length: 8
[2025-01-23 18:52:54.256574] [0x00007f3f9a25fc40] [debug] Added message frame to channel. Channel size: 1
[2025-01-23 18:52:54.256575] [0x00007f3f9a25fc40] [debug] New frame added to channel
[2025-01-23 18:52:54.256577] [0x00007f3f9a25fc40] [debug] Decrypting payload of size: 11
[2025-01-23 18:52:54.256578] [0x00007f3f9a25fc40] [info] Starting stream decryption
[2025-01-23 18:52:54.256581] [0x00007f3f9a25fc40] [debug] Initializing cipher for decryption
[2025-01-23 18:52:54.256585] [0x00007f3f9a25fc40] [debug] Cipher initialization complete
[2025-01-23 18:52:54.256588] [0x00007f3f9a25fc40] [info] Message frame deserialization complete. Total bytes read: 53
[2025-01-23 18:52:54.256591] [0x00007f3f9a25fc40] [debug] Cleaning up CryptoStream resources
[2025-01-23 18:52:54.256594] [0x00007f3f9a25fc40] [debug] Retrieved message frame from channel. Channel size: 0
[       OK ] CodecTest.BasicSerializeDeserialize (2 ms)
[----------] 1 test from CodecTest (2 ms total)

[----------] Global test environment tear-down
[==========] 1 test from 1 test suite ran. (2 ms total)
[  PASSED  ] 1 test.
<end of output>
Test time =   0.02 sec
----------------------------------------------------------
Test Passed.
"CodecTest.BasicSerializeDeserialize" end time: Jan 23 18:52 UTC
"CodecTest.BasicSerializeDeserialize" time elapsed: 00:00:00
----------------------------------------------------------

26/28 Testing: CodecTest.LargePayloadChunkedProcessing
26/28 Test: CodecTest.LargePayloadChunkedProcessing
Command: "/home/runner/workspace/build/codec_tests" "--gtest_filter=CodecTest.LargePayloadChunkedProcessing" "--gtest_also_run_disabled_tests"
Directory: /home/runner/workspace/build
"CodecTest.LargePayloadChunkedProcessing" start time: Jan 23 18:52 UTC
Output:
----------------------------------------------------------
Running main() from /build/source/googletest/src/gtest_main.cc
Note: Google Test filter = CodecTest.LargePayloadChunkedProcessing
[==========] Running 1 test from 1 test suite.
[----------] Global test environment set-up.
[----------] 1 test from CodecTest
[ RUN      ] CodecTest.LargePayloadChunkedProcessing
[2025-01-23 18:52:54.269358] [0x00007fc717a22c40] [info]    Initializing Codec with key of size: 32
[2025-01-23 18:52:54.362411] [0x00007fc717a22c40] [info] Initializing CryptoStream
[2025-01-23 18:52:54.362587] [0x00007fc717a22c40] [debug] CryptoStream initialization complete
[2025-01-23 18:52:54.362590] [0x00007fc717a22c40] [info] Initializing crypto parameters
[2025-01-23 18:52:54.362592] [0x00007fc717a22c40] [debug] Crypto parameters initialized successfully
[2025-01-23 18:52:54.362594] [0x00007fc717a22c40] [info] Starting message frame serialization
[2025-01-23 18:52:54.362596] [0x00007fc717a22c40] [debug] Writing IV of size: 16
[2025-01-23 18:52:54.362599] [0x00007fc717a22c40] [debug] Writing message type: 0
[2025-01-23 18:52:54.362601] [0x00007fc717a22c40] [debug] Writing source id: 3
[2025-01-23 18:52:54.362603] [0x00007fc717a22c40] [debug] Writing payload size: 10485760
[2025-01-23 18:52:54.362607] [0x00007fc717a22c40] [info] Starting stream encryption
[2025-01-23 18:52:54.362610] [0x00007fc717a22c40] [debug] Initializing cipher for encryption
[2025-01-23 18:52:54.364268] [0x00007fc717a22c40] [debug] Cipher initialization complete
[2025-01-23 18:52:54.364283] [0x00007fc717a22c40] [debug] Writing encrypted filename length
[2025-01-23 18:52:54.364287] [0x00007fc717a22c40] [debug] Encrypting and writing payload of size: 10485760
[2025-01-23 18:52:54.364291] [0x00007fc717a22c40] [info] Starting stream encryption
[2025-01-23 18:52:54.364293] [0x00007fc717a22c40] [debug] Initializing cipher for encryption
[2025-01-23 18:52:54.364297] [0x00007fc717a22c40] [debug] Cipher initialization complete
[2025-01-23 18:52:54.387071] [0x00007fc717a22c40] [info] Encrypted message frame serialization complete. Total bytes written: 10485802
[2025-01-23 18:52:54.387101] [0x00007fc717a22c40] [debug] Cleaning up CryptoStream resources
[2025-01-23 18:52:54.387108] [0x00007fc717a22c40] [info] Initializing CryptoStream
[2025-01-23 18:52:54.387112] [0x00007fc717a22c40] [debug] CryptoStream initialization complete
[2025-01-23 18:52:54.387114] [0x00007fc717a22c40] [info] Starting message frame deserialization
[2025-01-23 18:52:54.387115] [0x00007fc717a22c40] [debug] Reading IV
[2025-01-23 18:52:54.387117] [0x00007fc717a22c40] [info] Initializing crypto parameters
[2025-01-23 18:52:54.387119] [0x00007fc717a22c40] [debug] Crypto parameters initialized successfully
[2025-01-23 18:52:54.387121] [0x00007fc717a22c40] [debug] Read message type: 0
[2025-01-23 18:52:54.387123] [0x00007fc717a22c40] [debug] Read source id: 3
[2025-01-23 18:52:54.387124] [0x00007fc717a22c40] [debug] Read payload size: 10485760
[2025-01-23 18:52:54.387128] [0x00007fc717a22c40] [info] Starting stream decryption
[2025-01-23 18:52:54.387130] [0x00007fc717a22c40] [debug] Initializing cipher for decryption
[2025-01-23 18:52:54.387141] [0x00007fc717a22c40] [debug] Cipher initialization complete
[2025-01-23 18:52:54.387143] [0x00007fc717a22c40] [debug] Read decrypted filename length: 12
[2025-01-23 18:52:54.387146] [0x00007fc717a22c40] [debug] Added message frame to channel. Channel size: 1
[2025-01-23 18:52:54.387149] [0x00007fc717a22c40] [debug] New frame added to channel
[2025-01-23 18:52:54.387152] [0x00007fc717a22c40] [debug] Decrypting payload of size: 10485760
[2025-01-23 18:52:54.387155] [0x00007fc717a22c40] [info] Starting stream decryption
[2025-01-23 18:52:54.387158] [0x00007fc717a22c40] [debug] Initializing cipher for decryption
[2025-01-23 18:52:54.387162] [0x00007fc717a22c40] [debug] Cipher initialization complete
[2025-01-23 18:52:54.398658] [0x00007fc717a22c40] [info] Message frame deserialization complete. Total bytes read: 10485802
[2025-01-23 18:52:54.398687] [0x00007fc717a22c40] [debug] Cleaning up CryptoStream resources
[2025-01-23 18:52:54.398692] [0x00007fc717a22c40] [debug] Retrieved message frame from channel. Channel size: 0
[       OK ] CodecTest.LargePayloadChunkedProcessing (214 ms)
[----------] 1 test from CodecTest (214 ms total)

[----------] Global test environment tear-down
[==========] 1 test from 1 test suite ran. (214 ms total)
[  PASSED  ] 1 test.
<end of output>
Test time =   0.23 sec
----------------------------------------------------------
Test Passed.
"CodecTest.LargePayloadChunkedProcessing" end time: Jan 23 18:52 UTC
"CodecTest.LargePayloadChunkedProcessing" time elapsed: 00:00:00
----------------------------------------------------------

27/28 Testing: CodecTest.MalformedInputHandling
27/28 Test: CodecTest.MalformedInputHandling
Command: "/home/runner/workspace/build/codec_tests" "--gtest_filter=CodecTest.MalformedInputHandling" "--gtest_also_run_disabled_tests"
Directory: /home/runner/workspace/build
"CodecTest.MalformedInputHandling" start time: Jan 23 18:52 UTC
Output:
----------------------------------------------------------
Running main() from /build/source/googletest/src/gtest_main.cc
Note: Google Test filter = CodecTest.MalformedInputHandling
[==========] Running 1 test from 1 test suite.
[----------] Global test environment set-up.
[----------] 1 test from CodecTest
[ RUN      ] CodecTest.MalformedInputHandling
[2025-01-23 18:52:54.497938] [0x00007ffbe5434c40] [info]    Initializing Codec with key of size: 32
[2025-01-23 18:52:54.497963] [0x00007ffbe5434c40] [info] Initializing CryptoStream
[2025-01-23 18:52:54.498099] [0x00007ffbe5434c40] [debug] CryptoStream initialization complete
[2025-01-23 18:52:54.498138] [0x00007ffbe5434c40] [info] Starting message frame deserialization
[2025-01-23 18:52:54.498141] [0x00007ffbe5434c40] [debug] Reading IV
[2025-01-23 18:52:54.498144] [0x00007ffbe5434c40] [error] Failed to read 16 bytes from input stream
[2025-01-23 18:52:54.498167] [0x00007ffbe5434c40] [error] Error during deserialization: Failed to read from input stream
[2025-01-23 18:52:54.498174] [0x00007ffbe5434c40] [debug] Cleaning up CryptoStream resources
[2025-01-23 18:52:54.498181] [0x00007ffbe5434c40] [error] Invalid input stream state
[2025-01-23 18:52:54.498186] [0x00007ffbe5434c40] [info] Initializing CryptoStream
[2025-01-23 18:52:54.498187] [0x00007ffbe5434c40] [debug] CryptoStream initialization complete
[2025-01-23 18:52:54.498189] [0x00007ffbe5434c40] [info] Initializing crypto parameters
[2025-01-23 18:52:54.498205] [0x00007ffbe5434c40] [error] Invalid IV size: 15 bytes (expected 16 bytes)
[2025-01-23 18:52:54.498215] [0x00007ffbe5434c40] [debug] Cleaning up CryptoStream resources
[       OK ] CodecTest.MalformedInputHandling (0 ms)
[----------] 1 test from CodecTest (0 ms total)

[----------] Global test environment tear-down
[==========] 1 test from 1 test suite ran. (0 ms total)
[  PASSED  ] 1 test.
<end of output>
Test time =   0.01 sec
----------------------------------------------------------
Test Passed.
"CodecTest.MalformedInputHandling" end time: Jan 23 18:52 UTC
"CodecTest.MalformedInputHandling" time elapsed: 00:00:00
----------------------------------------------------------

28/28 Testing: CodecTest.EmptySourceId
28/28 Test: CodecTest.EmptySourceId
Command: "/home/runner/workspace/build/codec_tests" "--gtest_filter=CodecTest.EmptySourceId" "--gtest_also_run_disabled_tests"
Directory: /home/runner/workspace/build
"CodecTest.EmptySourceId" start time: Jan 23 18:52 UTC
Output:
----------------------------------------------------------
Running main() from /build/source/googletest/src/gtest_main.cc
Note: Google Test filter = CodecTest.EmptySourceId
[==========] Running 1 test from 1 test suite.
[----------] Global test environment set-up.
[----------] 1 test from CodecTest
[ RUN      ] CodecTest.EmptySourceId
[2025-01-23 18:52:54.511748] [0x00007fb8bbfffc40] [info]    Initializing Codec with key of size: 32
[2025-01-23 18:52:54.511780] [0x00007fb8bbfffc40] [info] Initializing CryptoStream
[2025-01-23 18:52:54.511937] [0x00007fb8bbfffc40] [debug] CryptoStream initialization complete
[2025-01-23 18:52:54.511942] [0x00007fb8bbfffc40] [info] Initializing crypto parameters
[2025-01-23 18:52:54.511945] [0x00007fb8bbfffc40] [debug] Crypto parameters initialized successfully
[2025-01-23 18:52:54.511946] [0x00007fb8bbfffc40] [info] Starting message frame serialization
[2025-01-23 18:52:54.511948] [0x00007fb8bbfffc40] [debug] Writing IV of size: 16
[2025-01-23 18:52:54.511950] [0x00007fb8bbfffc40] [debug] Writing message type: 0
[2025-01-23 18:52:54.511952] [0x00007fb8bbfffc40] [debug] Writing source id: 0
[2025-01-23 18:52:54.511954] [0x00007fb8bbfffc40] [debug] Writing payload size: 0
[2025-01-23 18:52:54.511957] [0x00007fb8bbfffc40] [info] Starting stream encryption
[2025-01-23 18:52:54.511961] [0x00007fb8bbfffc40] [debug] Initializing cipher for encryption
[2025-01-23 18:52:54.513968] [0x00007fb8bbfffc40] [debug] Cipher initialization complete
[2025-01-23 18:52:54.513981] [0x00007fb8bbfffc40] [debug] Writing encrypted filename length
[2025-01-23 18:52:54.513984] [0x00007fb8bbfffc40] [info] Encrypted message frame serialization complete. Total bytes written: 42
[2025-01-23 18:52:54.513987] [0x00007fb8bbfffc40] [debug] Cleaning up CryptoStream resources
[2025-01-23 18:52:54.513989] [0x00007fb8bbfffc40] [info] Initializing CryptoStream
[2025-01-23 18:52:54.513990] [0x00007fb8bbfffc40] [debug] CryptoStream initialization complete
[2025-01-23 18:52:54.513993] [0x00007fb8bbfffc40] [info] Starting message frame deserialization
[2025-01-23 18:52:54.513996] [0x00007fb8bbfffc40] [debug] Reading IV
[2025-01-23 18:52:54.513999] [0x00007fb8bbfffc40] [info] Initializing crypto parameters
[2025-01-23 18:52:54.514002] [0x00007fb8bbfffc40] [debug] Crypto parameters initialized successfully
[2025-01-23 18:52:54.514004] [0x00007fb8bbfffc40] [debug] Read message type: 0
[2025-01-23 18:52:54.514008] [0x00007fb8bbfffc40] [debug] Read source id: 0
[2025-01-23 18:52:54.514010] [0x00007fb8bbfffc40] [debug] Read payload size: 0
[2025-01-23 18:52:54.514014] [0x00007fb8bbfffc40] [info] Starting stream decryption
[2025-01-23 18:52:54.514017] [0x00007fb8bbfffc40] [debug] Initializing cipher for decryption
[2025-01-23 18:52:54.514023] [0x00007fb8bbfffc40] [debug] Cipher initialization complete
[2025-01-23 18:52:54.514026] [0x00007fb8bbfffc40] [debug] Read decrypted filename length: 0
[2025-01-23 18:52:54.514030] [0x00007fb8bbfffc40] [debug] Added message frame to channel. Channel size: 1
[2025-01-23 18:52:54.514033] [0x00007fb8bbfffc40] [debug] New frame added to channel
[2025-01-23 18:52:54.514035] [0x00007fb8bbfffc40] [info] Message frame deserialization complete. Total bytes read: 42
[2025-01-23 18:52:54.514037] [0x00007fb8bbfffc40] [debug] Cleaning up CryptoStream resources
[2025-01-23 18:52:54.514038] [0x00007fb8bbfffc40] [debug] Retrieved message frame from channel. Channel size: 0
[       OK ] CodecTest.EmptySourceId (2 ms)
[----------] 1 test from CodecTest (2 ms total)

[----------] Global test environment tear-down
[==========] 1 test from 1 test suite ran. (2 ms total)
[  PASSED  ] 1 test.
<end of output>
Test time =   0.02 sec
----------------------------------------------------------
Test Passed.
"CodecTest.EmptySourceId" end time: Jan 23 18:52 UTC
"CodecTest.EmptySourceId" time elapsed: 00:00:00
----------------------------------------------------------

End testing: Jan 23 18:52 UTC
