Start testing: Jan 23 17:51 UTC
----------------------------------------------------------
1/28 Testing: CryptoStreamTest.BasicStreamOperation
1/28 Test: CryptoStreamTest.BasicStreamOperation
Command: "/home/runner/workspace/build/crypto_tests" "--gtest_filter=CryptoStreamTest.BasicStreamOperation" "--gtest_also_run_disabled_tests"
Directory: /home/runner/workspace/build
"CryptoStreamTest.BasicStreamOperation" start time: Jan 23 17:51 UTC
Output:
----------------------------------------------------------
Running main() from /build/source/googletest/src/gtest_main.cc
Note: Google Test filter = CryptoStreamTest.BasicStreamOperation
[==========] Running 1 test from 1 test suite.
[----------] Global test environment set-up.
[----------] 1 test from CryptoStreamTest
[ RUN      ] CryptoStreamTest.BasicStreamOperation
[2025-01-23 17:51:13.026954] [0x00007fb84a091b80] [info]    Initializing CryptoStream
[2025-01-23 17:51:13.027072] [0x00007fb84a091b80] [debug]   CryptoStream initialization complete
[2025-01-23 17:51:13.027078] [0x00007fb84a091b80] [info]    Initializing crypto parameters
[2025-01-23 17:51:13.027080] [0x00007fb84a091b80] [debug]   Crypto parameters initialized successfully
[2025-01-23 17:51:13.027103] [0x00007fb84a091b80] [info]    Starting stream encryption
[2025-01-23 17:51:13.027108] [0x00007fb84a091b80] [debug]   Initializing cipher for encryption
[2025-01-23 17:51:13.028859] [0x00007fb84a091b80] [debug]   Cipher initialization complete
[2025-01-23 17:51:13.028879] [0x00007fb84a091b80] [info]    Starting stream decryption
[2025-01-23 17:51:13.028881] [0x00007fb84a091b80] [debug]   Initializing cipher for decryption
[2025-01-23 17:51:13.028885] [0x00007fb84a091b80] [debug]   Cipher initialization complete
[2025-01-23 17:51:13.028890] [0x00007fb84a091b80] [debug]   Cleaning up CryptoStream resources
[       OK ] CryptoStreamTest.BasicStreamOperation (2 ms)
[----------] 1 test from CryptoStreamTest (2 ms total)

[----------] Global test environment tear-down
[==========] 1 test from 1 test suite ran. (2 ms total)
[  PASSED  ] 1 test.
<end of output>
Test time =   0.01 sec
----------------------------------------------------------
Test Passed.
"CryptoStreamTest.BasicStreamOperation" end time: Jan 23 17:51 UTC
"CryptoStreamTest.BasicStreamOperation" time elapsed: 00:00:00
----------------------------------------------------------

2/28 Testing: CryptoStreamTest.UninitializedError
2/28 Test: CryptoStreamTest.UninitializedError
Command: "/home/runner/workspace/build/crypto_tests" "--gtest_filter=CryptoStreamTest.UninitializedError" "--gtest_also_run_disabled_tests"
Directory: /home/runner/workspace/build
"CryptoStreamTest.UninitializedError" start time: Jan 23 17:51 UTC
Output:
----------------------------------------------------------
Running main() from /build/source/googletest/src/gtest_main.cc
Note: Google Test filter = CryptoStreamTest.UninitializedError
[==========] Running 1 test from 1 test suite.
[----------] Global test environment set-up.
[----------] 1 test from CryptoStreamTest
[ RUN      ] CryptoStreamTest.UninitializedError
[2025-01-23 17:51:13.040770] [0x00007f6f75a40b80] [info]    Initializing CryptoStream
[2025-01-23 17:51:13.040874] [0x00007f6f75a40b80] [debug]   CryptoStream initialization complete
[2025-01-23 17:51:13.040881] [0x00007f6f75a40b80] [info]    Initializing crypto parameters
[2025-01-23 17:51:13.040884] [0x00007f6f75a40b80] [debug]   Crypto parameters initialized successfully
[2025-01-23 17:51:13.040885] [0x00007f6f75a40b80] [info]    Initializing CryptoStream
[2025-01-23 17:51:13.040887] [0x00007f6f75a40b80] [debug]   CryptoStream initialization complete
[2025-01-23 17:51:13.040892] [0x00007f6f75a40b80] [info]    Starting stream encryption
[2025-01-23 17:51:13.040894] [0x00007f6f75a40b80] [debug]   Initializing cipher for encryption
[2025-01-23 17:51:13.040896] [0x00007f6f75a40b80] [error]   Attempted to use uninitialized CryptoStream
[2025-01-23 17:51:13.040920] [0x00007f6f75a40b80] [error]   Stream processing failed: Initialization error: CryptoStream not initialized
[2025-01-23 17:51:13.040931] [0x00007f6f75a40b80] [debug]   Cleaning up CryptoStream resources
[2025-01-23 17:51:13.040937] [0x00007f6f75a40b80] [debug]   Cleaning up CryptoStream resources
[       OK ] CryptoStreamTest.UninitializedError (0 ms)
[----------] 1 test from CryptoStreamTest (0 ms total)

[----------] Global test environment tear-down
[==========] 1 test from 1 test suite ran. (0 ms total)
[  PASSED  ] 1 test.
<end of output>
Test time =   0.01 sec
----------------------------------------------------------
Test Passed.
"CryptoStreamTest.UninitializedError" end time: Jan 23 17:51 UTC
"CryptoStreamTest.UninitializedError" time elapsed: 00:00:00
----------------------------------------------------------

3/28 Testing: CryptoStreamTest.EmptyStream
3/28 Test: CryptoStreamTest.EmptyStream
Command: "/home/runner/workspace/build/crypto_tests" "--gtest_filter=CryptoStreamTest.EmptyStream" "--gtest_also_run_disabled_tests"
Directory: /home/runner/workspace/build
"CryptoStreamTest.EmptyStream" start time: Jan 23 17:51 UTC
Output:
----------------------------------------------------------
Running main() from /build/source/googletest/src/gtest_main.cc
Note: Google Test filter = CryptoStreamTest.EmptyStream
[==========] Running 1 test from 1 test suite.
[----------] Global test environment set-up.
[----------] 1 test from CryptoStreamTest
[ RUN      ] CryptoStreamTest.EmptyStream
[2025-01-23 17:51:13.052472] [0x00007f7f53068b80] [info]    Initializing CryptoStream
[2025-01-23 17:51:13.052595] [0x00007f7f53068b80] [debug]   CryptoStream initialization complete
[2025-01-23 17:51:13.052606] [0x00007f7f53068b80] [info]    Initializing crypto parameters
[2025-01-23 17:51:13.052608] [0x00007f7f53068b80] [debug]   Crypto parameters initialized successfully
[2025-01-23 17:51:13.052614] [0x00007f7f53068b80] [info]    Starting stream encryption
[2025-01-23 17:51:13.052620] [0x00007f7f53068b80] [debug]   Initializing cipher for encryption
[2025-01-23 17:51:13.054123] [0x00007f7f53068b80] [debug]   Cipher initialization complete
[2025-01-23 17:51:13.054139] [0x00007f7f53068b80] [info]    Starting stream decryption
[2025-01-23 17:51:13.054141] [0x00007f7f53068b80] [debug]   Initializing cipher for decryption
[2025-01-23 17:51:13.054145] [0x00007f7f53068b80] [debug]   Cipher initialization complete
[2025-01-23 17:51:13.054149] [0x00007f7f53068b80] [debug]   Cleaning up CryptoStream resources
[       OK ] CryptoStreamTest.EmptyStream (1 ms)
[----------] 1 test from CryptoStreamTest (1 ms total)

[----------] Global test environment tear-down
[==========] 1 test from 1 test suite ran. (1 ms total)
[  PASSED  ] 1 test.
<end of output>
Test time =   0.01 sec
----------------------------------------------------------
Test Passed.
"CryptoStreamTest.EmptyStream" end time: Jan 23 17:51 UTC
"CryptoStreamTest.EmptyStream" time elapsed: 00:00:00
----------------------------------------------------------

4/28 Testing: CryptoStreamTest.LargeStream
4/28 Test: CryptoStreamTest.LargeStream
Command: "/home/runner/workspace/build/crypto_tests" "--gtest_filter=CryptoStreamTest.LargeStream" "--gtest_also_run_disabled_tests"
Directory: /home/runner/workspace/build
"CryptoStreamTest.LargeStream" start time: Jan 23 17:51 UTC
Output:
----------------------------------------------------------
Running main() from /build/source/googletest/src/gtest_main.cc
Note: Google Test filter = CryptoStreamTest.LargeStream
[==========] Running 1 test from 1 test suite.
[----------] Global test environment set-up.
[----------] 1 test from CryptoStreamTest
[ RUN      ] CryptoStreamTest.LargeStream
[2025-01-23 17:51:13.065911] [0x00007fb43f14ab80] [info]    Initializing CryptoStream
[2025-01-23 17:51:13.066017] [0x00007fb43f14ab80] [debug]   CryptoStream initialization complete
[2025-01-23 17:51:13.066024] [0x00007fb43f14ab80] [info]    Initializing crypto parameters
[2025-01-23 17:51:13.066026] [0x00007fb43f14ab80] [debug]   Crypto parameters initialized successfully
[2025-01-23 17:51:13.072921] [0x00007fb43f14ab80] [info]    Starting stream encryption
[2025-01-23 17:51:13.072933] [0x00007fb43f14ab80] [debug]   Initializing cipher for encryption
[2025-01-23 17:51:13.074261] [0x00007fb43f14ab80] [debug]   Cipher initialization complete
[2025-01-23 17:51:13.076803] [0x00007fb43f14ab80] [info]    Starting stream decryption
[2025-01-23 17:51:13.076815] [0x00007fb43f14ab80] [debug]   Initializing cipher for decryption
[2025-01-23 17:51:13.076823] [0x00007fb43f14ab80] [debug]   Cipher initialization complete
[2025-01-23 17:51:13.078064] [0x00007fb43f14ab80] [debug]   Cleaning up CryptoStream resources
[       OK ] CryptoStreamTest.LargeStream (12 ms)
[----------] 1 test from CryptoStreamTest (12 ms total)

[----------] Global test environment tear-down
[==========] 1 test from 1 test suite ran. (12 ms total)
[  PASSED  ] 1 test.
<end of output>
Test time =   0.02 sec
----------------------------------------------------------
Test Passed.
"CryptoStreamTest.LargeStream" end time: Jan 23 17:51 UTC
"CryptoStreamTest.LargeStream" time elapsed: 00:00:00
----------------------------------------------------------

5/28 Testing: CryptoStreamTest.InvalidStreamState
5/28 Test: CryptoStreamTest.InvalidStreamState
Command: "/home/runner/workspace/build/crypto_tests" "--gtest_filter=CryptoStreamTest.InvalidStreamState" "--gtest_also_run_disabled_tests"
Directory: /home/runner/workspace/build
"CryptoStreamTest.InvalidStreamState" start time: Jan 23 17:51 UTC
Output:
----------------------------------------------------------
Running main() from /build/source/googletest/src/gtest_main.cc
Note: Google Test filter = CryptoStreamTest.InvalidStreamState
[==========] Running 1 test from 1 test suite.
[----------] Global test environment set-up.
[----------] 1 test from CryptoStreamTest
[ RUN      ] CryptoStreamTest.InvalidStreamState
[2025-01-23 17:51:13.089987] [0x00007fac96ac7b80] [info]    Initializing CryptoStream
[2025-01-23 17:51:13.090133] [0x00007fac96ac7b80] [debug]   CryptoStream initialization complete
[2025-01-23 17:51:13.090141] [0x00007fac96ac7b80] [info]    Initializing crypto parameters
[2025-01-23 17:51:13.090143] [0x00007fac96ac7b80] [debug]   Crypto parameters initialized successfully
[2025-01-23 17:51:13.090149] [0x00007fac96ac7b80] [info]    Starting stream encryption
[2025-01-23 17:51:13.090152] [0x00007fac96ac7b80] [error]   Invalid stream state detected
[2025-01-23 17:51:13.090174] [0x00007fac96ac7b80] [info]    Starting stream encryption
[2025-01-23 17:51:13.090178] [0x00007fac96ac7b80] [error]   Invalid stream state detected
[2025-01-23 17:51:13.090184] [0x00007fac96ac7b80] [debug]   Cleaning up CryptoStream resources
[       OK ] CryptoStreamTest.InvalidStreamState (0 ms)
[----------] 1 test from CryptoStreamTest (0 ms total)

[----------] Global test environment tear-down
[==========] 1 test from 1 test suite ran. (0 ms total)
[  PASSED  ] 1 test.
<end of output>
Test time =   0.01 sec
----------------------------------------------------------
Test Passed.
"CryptoStreamTest.InvalidStreamState" end time: Jan 23 17:51 UTC
"CryptoStreamTest.InvalidStreamState" time elapsed: 00:00:00
----------------------------------------------------------

6/28 Testing: CryptoStreamTest.BlockAlignment
6/28 Test: CryptoStreamTest.BlockAlignment
Command: "/home/runner/workspace/build/crypto_tests" "--gtest_filter=CryptoStreamTest.BlockAlignment" "--gtest_also_run_disabled_tests"
Directory: /home/runner/workspace/build
"CryptoStreamTest.BlockAlignment" start time: Jan 23 17:51 UTC
Output:
----------------------------------------------------------
Running main() from /build/source/googletest/src/gtest_main.cc
Note: Google Test filter = CryptoStreamTest.BlockAlignment
[==========] Running 1 test from 1 test suite.
[----------] Global test environment set-up.
[----------] 1 test from CryptoStreamTest
[ RUN      ] CryptoStreamTest.BlockAlignment
[2025-01-23 17:51:13.101494] [0x00007ff890e1ab80] [info]    Initializing CryptoStream
[2025-01-23 17:51:13.101595] [0x00007ff890e1ab80] [debug]   CryptoStream initialization complete
[2025-01-23 17:51:13.101602] [0x00007ff890e1ab80] [info]    Initializing crypto parameters
[2025-01-23 17:51:13.101604] [0x00007ff890e1ab80] [debug]   Crypto parameters initialized successfully
[2025-01-23 17:51:13.101608] [0x00007ff890e1ab80] [info]    Starting stream encryption
[2025-01-23 17:51:13.101614] [0x00007ff890e1ab80] [debug]   Initializing cipher for encryption
[2025-01-23 17:51:13.103422] [0x00007ff890e1ab80] [debug]   Cipher initialization complete
[2025-01-23 17:51:13.103440] [0x00007ff890e1ab80] [info]    Starting stream decryption
[2025-01-23 17:51:13.103443] [0x00007ff890e1ab80] [debug]   Initializing cipher for decryption
[2025-01-23 17:51:13.103447] [0x00007ff890e1ab80] [debug]   Cipher initialization complete
[2025-01-23 17:51:13.103458] [0x00007ff890e1ab80] [info]    Starting stream encryption
[2025-01-23 17:51:13.103462] [0x00007ff890e1ab80] [debug]   Initializing cipher for encryption
[2025-01-23 17:51:13.103465] [0x00007ff890e1ab80] [debug]   Cipher initialization complete
[2025-01-23 17:51:13.103467] [0x00007ff890e1ab80] [info]    Starting stream decryption
[2025-01-23 17:51:13.103469] [0x00007ff890e1ab80] [debug]   Initializing cipher for decryption
[2025-01-23 17:51:13.103471] [0x00007ff890e1ab80] [debug]   Cipher initialization complete
[2025-01-23 17:51:13.103476] [0x00007ff890e1ab80] [info]    Starting stream encryption
[2025-01-23 17:51:13.103479] [0x00007ff890e1ab80] [debug]   Initializing cipher for encryption
[2025-01-23 17:51:13.103481] [0x00007ff890e1ab80] [debug]   Cipher initialization complete
[2025-01-23 17:51:13.103483] [0x00007ff890e1ab80] [info]    Starting stream decryption
[2025-01-23 17:51:13.103486] [0x00007ff890e1ab80] [debug]   Initializing cipher for decryption
[2025-01-23 17:51:13.103488] [0x00007ff890e1ab80] [debug]   Cipher initialization complete
[2025-01-23 17:51:13.103491] [0x00007ff890e1ab80] [info]    Starting stream encryption
[2025-01-23 17:51:13.103495] [0x00007ff890e1ab80] [debug]   Initializing cipher for encryption
[2025-01-23 17:51:13.103497] [0x00007ff890e1ab80] [debug]   Cipher initialization complete
[2025-01-23 17:51:13.103499] [0x00007ff890e1ab80] [info]    Starting stream decryption
[2025-01-23 17:51:13.103500] [0x00007ff890e1ab80] [debug]   Initializing cipher for decryption
[2025-01-23 17:51:13.103502] [0x00007ff890e1ab80] [debug]   Cipher initialization complete
[2025-01-23 17:51:13.103506] [0x00007ff890e1ab80] [info]    Starting stream encryption
[2025-01-23 17:51:13.103508] [0x00007ff890e1ab80] [debug]   Initializing cipher for encryption
[2025-01-23 17:51:13.103510] [0x00007ff890e1ab80] [debug]   Cipher initialization complete
[2025-01-23 17:51:13.103513] [0x00007ff890e1ab80] [info]    Starting stream decryption
[2025-01-23 17:51:13.103515] [0x00007ff890e1ab80] [debug]   Initializing cipher for decryption
[2025-01-23 17:51:13.103517] [0x00007ff890e1ab80] [debug]   Cipher initialization complete
[2025-01-23 17:51:13.103521] [0x00007ff890e1ab80] [info]    Starting stream encryption
[2025-01-23 17:51:13.103523] [0x00007ff890e1ab80] [debug]   Initializing cipher for encryption
[2025-01-23 17:51:13.103526] [0x00007ff890e1ab80] [debug]   Cipher initialization complete
[2025-01-23 17:51:13.103528] [0x00007ff890e1ab80] [info]    Starting stream decryption
[2025-01-23 17:51:13.103531] [0x00007ff890e1ab80] [debug]   Initializing cipher for decryption
[2025-01-23 17:51:13.103533] [0x00007ff890e1ab80] [debug]   Cipher initialization complete
[2025-01-23 17:51:13.103536] [0x00007ff890e1ab80] [debug]   Cleaning up CryptoStream resources
[       OK ] CryptoStreamTest.BlockAlignment (2 ms)
[----------] 1 test from CryptoStreamTest (2 ms total)

[----------] Global test environment tear-down
[==========] 1 test from 1 test suite ran. (2 ms total)
[  PASSED  ] 1 test.
<end of output>
Test time =   0.01 sec
----------------------------------------------------------
Test Passed.
"CryptoStreamTest.BlockAlignment" end time: Jan 23 17:51 UTC
"CryptoStreamTest.BlockAlignment" time elapsed: 00:00:00
----------------------------------------------------------

7/28 Testing: CryptoStreamTest.StreamOperators
7/28 Test: CryptoStreamTest.StreamOperators
Command: "/home/runner/workspace/build/crypto_tests" "--gtest_filter=CryptoStreamTest.StreamOperators" "--gtest_also_run_disabled_tests"
Directory: /home/runner/workspace/build
"CryptoStreamTest.StreamOperators" start time: Jan 23 17:51 UTC
Output:
----------------------------------------------------------
Running main() from /build/source/googletest/src/gtest_main.cc
Note: Google Test filter = CryptoStreamTest.StreamOperators
[==========] Running 1 test from 1 test suite.
[----------] Global test environment set-up.
[----------] 1 test from CryptoStreamTest
[ RUN      ] CryptoStreamTest.StreamOperators
[2025-01-23 17:51:13.116043] [0x00007f91391eab80] [info]    Initializing CryptoStream
[2025-01-23 17:51:13.116163] [0x00007f91391eab80] [debug]   CryptoStream initialization complete
[2025-01-23 17:51:13.116170] [0x00007f91391eab80] [info]    Initializing crypto parameters
[2025-01-23 17:51:13.116172] [0x00007f91391eab80] [debug]   Crypto parameters initialized successfully
[2025-01-23 17:51:13.116175] [0x00007f91391eab80] [debug]   Stream operator<< called, storing input stream for processing
[2025-01-23 17:51:13.116177] [0x00007f91391eab80] [debug]   Stream operator>> called in encryption mode
[2025-01-23 17:51:13.116182] [0x00007f91391eab80] [info]    Starting stream encryption
[2025-01-23 17:51:13.116201] [0x00007f91391eab80] [debug]   Initializing cipher for encryption
[2025-01-23 17:51:13.117636] [0x00007f91391eab80] [debug]   Cipher initialization complete
[2025-01-23 17:51:13.117652] [0x00007f91391eab80] [debug]   Stream processing complete
[2025-01-23 17:51:13.117655] [0x00007f91391eab80] [debug]   Stream operator<< called, storing input stream for processing
[2025-01-23 17:51:13.117657] [0x00007f91391eab80] [debug]   Stream operator>> called in decryption mode
[2025-01-23 17:51:13.117658] [0x00007f91391eab80] [info]    Starting stream decryption
[2025-01-23 17:51:13.117660] [0x00007f91391eab80] [debug]   Initializing cipher for decryption
[2025-01-23 17:51:13.117664] [0x00007f91391eab80] [debug]   Cipher initialization complete
[2025-01-23 17:51:13.117668] [0x00007f91391eab80] [debug]   Stream processing complete
[2025-01-23 17:51:13.117670] [0x00007f91391eab80] [debug]   Stream operator>> called in decryption mode
[2025-01-23 17:51:13.117673] [0x00007f91391eab80] [error]   Stream operator>> called without prior input stream
[2025-01-23 17:51:13.117695] [0x00007f91391eab80] [debug]   Cleaning up CryptoStream resources
[       OK ] CryptoStreamTest.StreamOperators (1 ms)
[----------] 1 test from CryptoStreamTest (1 ms total)

[----------] Global test environment tear-down
[==========] 1 test from 1 test suite ran. (1 ms total)
[  PASSED  ] 1 test.
<end of output>
Test time =   0.01 sec
----------------------------------------------------------
Test Passed.
"CryptoStreamTest.StreamOperators" end time: Jan 23 17:51 UTC
"CryptoStreamTest.StreamOperators" time elapsed: 00:00:00
----------------------------------------------------------

8/28 Testing: CryptoStreamTest.IVGeneration
8/28 Test: CryptoStreamTest.IVGeneration
Command: "/home/runner/workspace/build/crypto_tests" "--gtest_filter=CryptoStreamTest.IVGeneration" "--gtest_also_run_disabled_tests"
Directory: /home/runner/workspace/build
"CryptoStreamTest.IVGeneration" start time: Jan 23 17:51 UTC
Output:
----------------------------------------------------------
Running main() from /build/source/googletest/src/gtest_main.cc
Note: Google Test filter = CryptoStreamTest.IVGeneration
[==========] Running 1 test from 1 test suite.
[----------] Global test environment set-up.
[----------] 1 test from CryptoStreamTest
[ RUN      ] CryptoStreamTest.IVGeneration
[2025-01-23 17:51:13.130696] [0x00007fdc8218bb80] [info]    Initializing CryptoStream
[2025-01-23 17:51:13.130851] [0x00007fdc8218bb80] [debug]   CryptoStream initialization complete
[2025-01-23 17:51:13.130864] [0x00007fdc8218bb80] [info]    Initializing crypto parameters
[2025-01-23 17:51:13.130868] [0x00007fdc8218bb80] [debug]   Crypto parameters initialized successfully
[2025-01-23 17:51:13.130871] [0x00007fdc8218bb80] [info]    Initializing CryptoStream
[2025-01-23 17:51:13.130873] [0x00007fdc8218bb80] [debug]   CryptoStream initialization complete
[2025-01-23 17:51:13.130875] [0x00007fdc8218bb80] [debug]   Generating initialization vector
[2025-01-23 17:51:13.132493] [0x00007fdc8218bb80] [debug]   Successfully generated initialization vector
[2025-01-23 17:51:13.132501] [0x00007fdc8218bb80] [debug]   Generating initialization vector
[2025-01-23 17:51:13.132505] [0x00007fdc8218bb80] [debug]   Successfully generated initialization vector
[2025-01-23 17:51:13.132507] [0x00007fdc8218bb80] [info]    Initializing crypto parameters
[2025-01-23 17:51:13.132508] [0x00007fdc8218bb80] [debug]   Crypto parameters initialized successfully
[2025-01-23 17:51:13.132518] [0x00007fdc8218bb80] [info]    Starting stream encryption
[2025-01-23 17:51:13.132523] [0x00007fdc8218bb80] [debug]   Initializing cipher for encryption
[2025-01-23 17:51:13.132533] [0x00007fdc8218bb80] [debug]   Cipher initialization complete
[2025-01-23 17:51:13.132542] [0x00007fdc8218bb80] [info]    Starting stream decryption
[2025-01-23 17:51:13.132544] [0x00007fdc8218bb80] [debug]   Initializing cipher for decryption
[2025-01-23 17:51:13.132547] [0x00007fdc8218bb80] [debug]   Cipher initialization complete
[2025-01-23 17:51:13.132551] [0x00007fdc8218bb80] [debug]   Cleaning up CryptoStream resources
[2025-01-23 17:51:13.132553] [0x00007fdc8218bb80] [debug]   Cleaning up CryptoStream resources
[       OK ] CryptoStreamTest.IVGeneration (1 ms)
[----------] 1 test from CryptoStreamTest (1 ms total)

[----------] Global test environment tear-down
[==========] 1 test from 1 test suite ran. (1 ms total)
[  PASSED  ] 1 test.
<end of output>
Test time =   0.01 sec
----------------------------------------------------------
Test Passed.
"CryptoStreamTest.IVGeneration" end time: Jan 23 17:51 UTC
"CryptoStreamTest.IVGeneration" time elapsed: 00:00:00
----------------------------------------------------------

9/28 Testing: StoreTest.BasicStoreAndRetrieve
9/28 Test: StoreTest.BasicStoreAndRetrieve
Command: "/home/runner/workspace/build/store_tests" "--gtest_filter=StoreTest.BasicStoreAndRetrieve" "--gtest_also_run_disabled_tests"
Directory: /home/runner/workspace/build
"StoreTest.BasicStoreAndRetrieve" start time: Jan 23 17:51 UTC
Output:
----------------------------------------------------------
Running main() from /build/source/googletest/src/gtest_main.cc
Note: Google Test filter = StoreTest.BasicStoreAndRetrieve
[==========] Running 1 test from 1 test suite.
[----------] Global test environment set-up.
[----------] 1 test from StoreTest
[ RUN      ] StoreTest.BasicStoreAndRetrieve
[2025-01-23 17:51:13.145036] [0x00007f955daedb80] [info]    Initializing Store with base path: /tmp/store_test_1737654673144882318
[2025-01-23 17:51:13.145052] [0x00007f955daedb80] [debug]   Store directory created/verified at: /tmp/store_test_1737654673144882318
[2025-01-23 17:51:13.145068] [0x00007f955daedb80] [info]    Storing data with key: test_key
[2025-01-23 17:51:13.145075] [0x00007f955daedb80] [debug]   Generating hash for key: test_key
[2025-01-23 17:51:13.146592] [0x00007f955daedb80] [debug]   Generated hash: 92488e1e3eeecdf99f3ed2ce59233efb4b4fb612d5655c0ce9ea52b5a502e655
[2025-01-23 17:51:13.146607] [0x00007f955daedb80] [debug]   Calculated path: /tmp/store_test_1737654673144882318/92/48/8e/1e3eeecdf99f3ed2ce59233efb4b4fb612d5655c0ce9ea52b5a502e655
[2025-01-23 17:51:13.146671] [0x00007f955daedb80] [debug]   Calculated file path: /tmp/store_test_1737654673144882318/92/48/8e/1e3eeecdf99f3ed2ce59233efb4b4fb612d5655c0ce9ea52b5a502e655
[2025-01-23 17:51:13.146715] [0x00007f955daedb80] [info]    Successfully stored 13 bytes with key: test_key
[2025-01-23 17:51:13.146724] [0x00007f955daedb80] [debug]   Checking existence of key: test_key
[2025-01-23 17:51:13.146727] [0x00007f955daedb80] [debug]   Generating hash for key: test_key
[2025-01-23 17:51:13.146738] [0x00007f955daedb80] [debug]   Generated hash: 92488e1e3eeecdf99f3ed2ce59233efb4b4fb612d5655c0ce9ea52b5a502e655
[2025-01-23 17:51:13.146747] [0x00007f955daedb80] [debug]   Calculated path: /tmp/store_test_1737654673144882318/92/48/8e/1e3eeecdf99f3ed2ce59233efb4b4fb612d5655c0ce9ea52b5a502e655
[2025-01-23 17:51:13.146754] [0x00007f955daedb80] [debug]   Key test_key exists at path: /tmp/store_test_1737654673144882318/92/48/8e/1e3eeecdf99f3ed2ce59233efb4b4fb612d5655c0ce9ea52b5a502e655
[2025-01-23 17:51:13.146761] [0x00007f955daedb80] [info]    Retrieving data for key: test_key
[2025-01-23 17:51:13.146764] [0x00007f955daedb80] [debug]   Generating hash for key: test_key
[2025-01-23 17:51:13.146774] [0x00007f955daedb80] [debug]   Generated hash: 92488e1e3eeecdf99f3ed2ce59233efb4b4fb612d5655c0ce9ea52b5a502e655
[2025-01-23 17:51:13.146782] [0x00007f955daedb80] [debug]   Calculated path: /tmp/store_test_1737654673144882318/92/48/8e/1e3eeecdf99f3ed2ce59233efb4b4fb612d5655c0ce9ea52b5a502e655
[2025-01-23 17:51:13.146799] [0x00007f955daedb80] [info]    Successfully streamed 13 bytes for key: test_key
[2025-01-23 17:51:13.146811] [0x00007f955daedb80] [info]    Clearing entire store at: "/tmp/store_test_1737654673144882318"
[2025-01-23 17:51:13.147018] [0x00007f955daedb80] [info]    Store cleared successfully
[       OK ] StoreTest.BasicStoreAndRetrieve (2 ms)
[----------] 1 test from StoreTest (2 ms total)

[----------] Global test environment tear-down
[==========] 1 test from 1 test suite ran. (2 ms total)
[  PASSED  ] 1 test.
<end of output>
Test time =   0.01 sec
----------------------------------------------------------
Test Passed.
"StoreTest.BasicStoreAndRetrieve" end time: Jan 23 17:51 UTC
"StoreTest.BasicStoreAndRetrieve" time elapsed: 00:00:00
----------------------------------------------------------

10/28 Testing: StoreTest.EmptyInput
10/28 Test: StoreTest.EmptyInput
Command: "/home/runner/workspace/build/store_tests" "--gtest_filter=StoreTest.EmptyInput" "--gtest_also_run_disabled_tests"
Directory: /home/runner/workspace/build
"StoreTest.EmptyInput" start time: Jan 23 17:51 UTC
Output:
----------------------------------------------------------
Running main() from /build/source/googletest/src/gtest_main.cc
Note: Google Test filter = StoreTest.EmptyInput
[==========] Running 1 test from 1 test suite.
[----------] Global test environment set-up.
[----------] 1 test from StoreTest
[ RUN      ] StoreTest.EmptyInput
[2025-01-23 17:51:13.158777] [0x00007fd421701b80] [info]    Initializing Store with base path: /tmp/store_test_1737654673158646579
[2025-01-23 17:51:13.158790] [0x00007fd421701b80] [debug]   Store directory created/verified at: /tmp/store_test_1737654673158646579
[2025-01-23 17:51:13.158796] [0x00007fd421701b80] [info]    Storing data with key: empty_test
[2025-01-23 17:51:13.158800] [0x00007fd421701b80] [debug]   Generating hash for key: empty_test
[2025-01-23 17:51:13.159972] [0x00007fd421701b80] [debug]   Generated hash: f1b6800e9ca01dac557744adec3477366cbe3888d44fcabefb3078c4c069f3a8
[2025-01-23 17:51:13.159983] [0x00007fd421701b80] [debug]   Calculated path: /tmp/store_test_1737654673158646579/f1/b6/80/0e9ca01dac557744adec3477366cbe3888d44fcabefb3078c4c069f3a8
[2025-01-23 17:51:13.160030] [0x00007fd421701b80] [debug]   Calculated file path: /tmp/store_test_1737654673158646579/f1/b6/80/0e9ca01dac557744adec3477366cbe3888d44fcabefb3078c4c069f3a8
[2025-01-23 17:51:13.160053] [0x00007fd421701b80] [debug]   Storing empty content for key: empty_test
[2025-01-23 17:51:13.160063] [0x00007fd421701b80] [info]    Successfully stored 0 bytes with key: empty_test
[2025-01-23 17:51:13.160066] [0x00007fd421701b80] [debug]   Checking existence of key: empty_test
[2025-01-23 17:51:13.160070] [0x00007fd421701b80] [debug]   Generating hash for key: empty_test
[2025-01-23 17:51:13.160076] [0x00007fd421701b80] [debug]   Generated hash: f1b6800e9ca01dac557744adec3477366cbe3888d44fcabefb3078c4c069f3a8
[2025-01-23 17:51:13.160081] [0x00007fd421701b80] [debug]   Calculated path: /tmp/store_test_1737654673158646579/f1/b6/80/0e9ca01dac557744adec3477366cbe3888d44fcabefb3078c4c069f3a8
[2025-01-23 17:51:13.160086] [0x00007fd421701b80] [debug]   Key empty_test exists at path: /tmp/store_test_1737654673158646579/f1/b6/80/0e9ca01dac557744adec3477366cbe3888d44fcabefb3078c4c069f3a8
[2025-01-23 17:51:13.160090] [0x00007fd421701b80] [info]    Retrieving data for key: empty_test
[2025-01-23 17:51:13.160092] [0x00007fd421701b80] [debug]   Generating hash for key: empty_test
[2025-01-23 17:51:13.160095] [0x00007fd421701b80] [debug]   Generated hash: f1b6800e9ca01dac557744adec3477366cbe3888d44fcabefb3078c4c069f3a8
[2025-01-23 17:51:13.160098] [0x00007fd421701b80] [debug]   Calculated path: /tmp/store_test_1737654673158646579/f1/b6/80/0e9ca01dac557744adec3477366cbe3888d44fcabefb3078c4c069f3a8
[2025-01-23 17:51:13.160102] [0x00007fd421701b80] [debug]   Retrieved empty content for key: empty_test
[2025-01-23 17:51:13.160111] [0x00007fd421701b80] [info]    Clearing entire store at: "/tmp/store_test_1737654673158646579"
[2025-01-23 17:51:13.160308] [0x00007fd421701b80] [info]    Store cleared successfully
[       OK ] StoreTest.EmptyInput (1 ms)
[----------] 1 test from StoreTest (1 ms total)

[----------] Global test environment tear-down
[==========] 1 test from 1 test suite ran. (1 ms total)
[  PASSED  ] 1 test.
<end of output>
Test time =   0.01 sec
----------------------------------------------------------
Test Passed.
"StoreTest.EmptyInput" end time: Jan 23 17:51 UTC
"StoreTest.EmptyInput" time elapsed: 00:00:00
----------------------------------------------------------

11/28 Testing: StoreTest.MultipleFiles
11/28 Test: StoreTest.MultipleFiles
Command: "/home/runner/workspace/build/store_tests" "--gtest_filter=StoreTest.MultipleFiles" "--gtest_also_run_disabled_tests"
Directory: /home/runner/workspace/build
"StoreTest.MultipleFiles" start time: Jan 23 17:51 UTC
Output:
----------------------------------------------------------
Running main() from /build/source/googletest/src/gtest_main.cc
Note: Google Test filter = StoreTest.MultipleFiles
[==========] Running 1 test from 1 test suite.
[----------] Global test environment set-up.
[----------] 1 test from StoreTest
[ RUN      ] StoreTest.MultipleFiles
[2025-01-23 17:51:13.172073] [0x00007f465cca6b80] [info]    Initializing Store with base path: /tmp/store_test_1737654673171962960
[2025-01-23 17:51:13.172083] [0x00007f465cca6b80] [debug]   Store directory created/verified at: /tmp/store_test_1737654673171962960
[2025-01-23 17:51:13.172089] [0x00007f465cca6b80] [info]    Storing data with key: key1
[2025-01-23 17:51:13.172093] [0x00007f465cca6b80] [debug]   Generating hash for key: key1
[2025-01-23 17:51:13.173340] [0x00007f465cca6b80] [debug]   Generated hash: 8174099687a26621f4e2cdd7cc03b3dacedb3fb962255b1aafd033cabe831530
[2025-01-23 17:51:13.173352] [0x00007f465cca6b80] [debug]   Calculated path: /tmp/store_test_1737654673171962960/81/74/09/9687a26621f4e2cdd7cc03b3dacedb3fb962255b1aafd033cabe831530
[2025-01-23 17:51:13.173408] [0x00007f465cca6b80] [debug]   Calculated file path: /tmp/store_test_1737654673171962960/81/74/09/9687a26621f4e2cdd7cc03b3dacedb3fb962255b1aafd033cabe831530
[2025-01-23 17:51:13.173451] [0x00007f465cca6b80] [info]    Successfully stored 18 bytes with key: key1
[2025-01-23 17:51:13.173458] [0x00007f465cca6b80] [debug]   Checking existence of key: key1
[2025-01-23 17:51:13.173459] [0x00007f465cca6b80] [debug]   Generating hash for key: key1
[2025-01-23 17:51:13.173467] [0x00007f465cca6b80] [debug]   Generated hash: 8174099687a26621f4e2cdd7cc03b3dacedb3fb962255b1aafd033cabe831530
[2025-01-23 17:51:13.173476] [0x00007f465cca6b80] [debug]   Calculated path: /tmp/store_test_1737654673171962960/81/74/09/9687a26621f4e2cdd7cc03b3dacedb3fb962255b1aafd033cabe831530
[2025-01-23 17:51:13.173484] [0x00007f465cca6b80] [debug]   Key key1 exists at path: /tmp/store_test_1737654673171962960/81/74/09/9687a26621f4e2cdd7cc03b3dacedb3fb962255b1aafd033cabe831530
[2025-01-23 17:51:13.173489] [0x00007f465cca6b80] [info]    Storing data with key: key2
[2025-01-23 17:51:13.173491] [0x00007f465cca6b80] [debug]   Generating hash for key: key2
[2025-01-23 17:51:13.173495] [0x00007f465cca6b80] [debug]   Generated hash: b10253764c8b233fb37542e23401c7b450e5a6f9751f3b5a014f6f67e8bc999d
[2025-01-23 17:51:13.173497] [0x00007f465cca6b80] [debug]   Calculated path: /tmp/store_test_1737654673171962960/b1/02/53/764c8b233fb37542e23401c7b450e5a6f9751f3b5a014f6f67e8bc999d
[2025-01-23 17:51:13.173530] [0x00007f465cca6b80] [debug]   Calculated file path: /tmp/store_test_1737654673171962960/b1/02/53/764c8b233fb37542e23401c7b450e5a6f9751f3b5a014f6f67e8bc999d
[2025-01-23 17:51:13.173570] [0x00007f465cca6b80] [info]    Successfully stored 19 bytes with key: key2
[2025-01-23 17:51:13.173575] [0x00007f465cca6b80] [debug]   Checking existence of key: key2
[2025-01-23 17:51:13.173577] [0x00007f465cca6b80] [debug]   Generating hash for key: key2
[2025-01-23 17:51:13.173583] [0x00007f465cca6b80] [debug]   Generated hash: b10253764c8b233fb37542e23401c7b450e5a6f9751f3b5a014f6f67e8bc999d
[2025-01-23 17:51:13.173588] [0x00007f465cca6b80] [debug]   Calculated path: /tmp/store_test_1737654673171962960/b1/02/53/764c8b233fb37542e23401c7b450e5a6f9751f3b5a014f6f67e8bc999d
[2025-01-23 17:51:13.173592] [0x00007f465cca6b80] [debug]   Key key2 exists at path: /tmp/store_test_1737654673171962960/b1/02/53/764c8b233fb37542e23401c7b450e5a6f9751f3b5a014f6f67e8bc999d
[2025-01-23 17:51:13.173594] [0x00007f465cca6b80] [info]    Storing data with key: key3
[2025-01-23 17:51:13.173596] [0x00007f465cca6b80] [debug]   Generating hash for key: key3
[2025-01-23 17:51:13.173599] [0x00007f465cca6b80] [debug]   Generated hash: f576104eebeab09651d83acffc77c8b8c6eaa4b767aeab24d7da80f83f51d865
[2025-01-23 17:51:13.173601] [0x00007f465cca6b80] [debug]   Calculated path: /tmp/store_test_1737654673171962960/f5/76/10/4eebeab09651d83acffc77c8b8c6eaa4b767aeab24d7da80f83f51d865
[2025-01-23 17:51:13.173633] [0x00007f465cca6b80] [debug]   Calculated file path: /tmp/store_test_1737654673171962960/f5/76/10/4eebeab09651d83acffc77c8b8c6eaa4b767aeab24d7da80f83f51d865
[2025-01-23 17:51:13.173681] [0x00007f465cca6b80] [info]    Successfully stored 18 bytes with key: key3
[2025-01-23 17:51:13.173687] [0x00007f465cca6b80] [debug]   Checking existence of key: key3
[2025-01-23 17:51:13.173689] [0x00007f465cca6b80] [debug]   Generating hash for key: key3
[2025-01-23 17:51:13.173694] [0x00007f465cca6b80] [debug]   Generated hash: f576104eebeab09651d83acffc77c8b8c6eaa4b767aeab24d7da80f83f51d865
[2025-01-23 17:51:13.173697] [0x00007f465cca6b80] [debug]   Calculated path: /tmp/store_test_1737654673171962960/f5/76/10/4eebeab09651d83acffc77c8b8c6eaa4b767aeab24d7da80f83f51d865
[2025-01-23 17:51:13.173702] [0x00007f465cca6b80] [debug]   Key key3 exists at path: /tmp/store_test_1737654673171962960/f5/76/10/4eebeab09651d83acffc77c8b8c6eaa4b767aeab24d7da80f83f51d865
[2025-01-23 17:51:13.173706] [0x00007f465cca6b80] [debug]   Checking existence of key: key1
[2025-01-23 17:51:13.173708] [0x00007f465cca6b80] [debug]   Generating hash for key: key1
[2025-01-23 17:51:13.173711] [0x00007f465cca6b80] [debug]   Generated hash: 8174099687a26621f4e2cdd7cc03b3dacedb3fb962255b1aafd033cabe831530
[2025-01-23 17:51:13.173713] [0x00007f465cca6b80] [debug]   Calculated path: /tmp/store_test_1737654673171962960/81/74/09/9687a26621f4e2cdd7cc03b3dacedb3fb962255b1aafd033cabe831530
[2025-01-23 17:51:13.173717] [0x00007f465cca6b80] [debug]   Key key1 exists at path: /tmp/store_test_1737654673171962960/81/74/09/9687a26621f4e2cdd7cc03b3dacedb3fb962255b1aafd033cabe831530
[2025-01-23 17:51:13.173720] [0x00007f465cca6b80] [info]    Retrieving data for key: key1
[2025-01-23 17:51:13.173722] [0x00007f465cca6b80] [debug]   Generating hash for key: key1
[2025-01-23 17:51:13.173725] [0x00007f465cca6b80] [debug]   Generated hash: 8174099687a26621f4e2cdd7cc03b3dacedb3fb962255b1aafd033cabe831530
[2025-01-23 17:51:13.173730] [0x00007f465cca6b80] [debug]   Calculated path: /tmp/store_test_1737654673171962960/81/74/09/9687a26621f4e2cdd7cc03b3dacedb3fb962255b1aafd033cabe831530
[2025-01-23 17:51:13.173740] [0x00007f465cca6b80] [info]    Successfully streamed 18 bytes for key: key1
[2025-01-23 17:51:13.173746] [0x00007f465cca6b80] [debug]   Checking existence of key: key2
[2025-01-23 17:51:13.173747] [0x00007f465cca6b80] [debug]   Generating hash for key: key2
[2025-01-23 17:51:13.173751] [0x00007f465cca6b80] [debug]   Generated hash: b10253764c8b233fb37542e23401c7b450e5a6f9751f3b5a014f6f67e8bc999d
[2025-01-23 17:51:13.173755] [0x00007f465cca6b80] [debug]   Calculated path: /tmp/store_test_1737654673171962960/b1/02/53/764c8b233fb37542e23401c7b450e5a6f9751f3b5a014f6f67e8bc999d
[2025-01-23 17:51:13.173758] [0x00007f465cca6b80] [debug]   Key key2 exists at path: /tmp/store_test_1737654673171962960/b1/02/53/764c8b233fb37542e23401c7b450e5a6f9751f3b5a014f6f67e8bc999d
[2025-01-23 17:51:13.173760] [0x00007f465cca6b80] [info]    Retrieving data for key: key2
[2025-01-23 17:51:13.173761] [0x00007f465cca6b80] [debug]   Generating hash for key: key2
[2025-01-23 17:51:13.173765] [0x00007f465cca6b80] [debug]   Generated hash: b10253764c8b233fb37542e23401c7b450e5a6f9751f3b5a014f6f67e8bc999d
[2025-01-23 17:51:13.173767] [0x00007f465cca6b80] [debug]   Calculated path: /tmp/store_test_1737654673171962960/b1/02/53/764c8b233fb37542e23401c7b450e5a6f9751f3b5a014f6f67e8bc999d
[2025-01-23 17:51:13.173775] [0x00007f465cca6b80] [info]    Successfully streamed 19 bytes for key: key2
[2025-01-23 17:51:13.173780] [0x00007f465cca6b80] [debug]   Checking existence of key: key3
[2025-01-23 17:51:13.173781] [0x00007f465cca6b80] [debug]   Generating hash for key: key3
[2025-01-23 17:51:13.173784] [0x00007f465cca6b80] [debug]   Generated hash: f576104eebeab09651d83acffc77c8b8c6eaa4b767aeab24d7da80f83f51d865
[2025-01-23 17:51:13.173788] [0x00007f465cca6b80] [debug]   Calculated path: /tmp/store_test_1737654673171962960/f5/76/10/4eebeab09651d83acffc77c8b8c6eaa4b767aeab24d7da80f83f51d865
[2025-01-23 17:51:13.173791] [0x00007f465cca6b80] [debug]   Key key3 exists at path: /tmp/store_test_1737654673171962960/f5/76/10/4eebeab09651d83acffc77c8b8c6eaa4b767aeab24d7da80f83f51d865
[2025-01-23 17:51:13.173792] [0x00007f465cca6b80] [info]    Retrieving data for key: key3
[2025-01-23 17:51:13.173794] [0x00007f465cca6b80] [debug]   Generating hash for key: key3
[2025-01-23 17:51:13.173797] [0x00007f465cca6b80] [debug]   Generated hash: f576104eebeab09651d83acffc77c8b8c6eaa4b767aeab24d7da80f83f51d865
[2025-01-23 17:51:13.173801] [0x00007f465cca6b80] [debug]   Calculated path: /tmp/store_test_1737654673171962960/f5/76/10/4eebeab09651d83acffc77c8b8c6eaa4b767aeab24d7da80f83f51d865
[2025-01-23 17:51:13.173814] [0x00007f465cca6b80] [info]    Successfully streamed 18 bytes for key: key3
[2025-01-23 17:51:13.173821] [0x00007f465cca6b80] [info]    Clearing entire store at: "/tmp/store_test_1737654673171962960"
[2025-01-23 17:51:13.174154] [0x00007f465cca6b80] [info]    Store cleared successfully
[       OK ] StoreTest.MultipleFiles (2 ms)
[----------] 1 test from StoreTest (2 ms total)

[----------] Global test environment tear-down
[==========] 1 test from 1 test suite ran. (2 ms total)
[  PASSED  ] 1 test.
<end of output>
Test time =   0.01 sec
----------------------------------------------------------
Test Passed.
"StoreTest.MultipleFiles" end time: Jan 23 17:51 UTC
"StoreTest.MultipleFiles" time elapsed: 00:00:00
----------------------------------------------------------

12/28 Testing: StoreTest.ErrorHandling
12/28 Test: StoreTest.ErrorHandling
Command: "/home/runner/workspace/build/store_tests" "--gtest_filter=StoreTest.ErrorHandling" "--gtest_also_run_disabled_tests"
Directory: /home/runner/workspace/build
"StoreTest.ErrorHandling" start time: Jan 23 17:51 UTC
Output:
----------------------------------------------------------
Running main() from /build/source/googletest/src/gtest_main.cc
Note: Google Test filter = StoreTest.ErrorHandling
[==========] Running 1 test from 1 test suite.
[----------] Global test environment set-up.
[----------] 1 test from StoreTest
[ RUN      ] StoreTest.ErrorHandling
[2025-01-23 17:51:13.184868] [0x00007f12e73cdb80] [info]    Initializing Store with base path: /tmp/store_test_1737654673184782552
[2025-01-23 17:51:13.184878] [0x00007f12e73cdb80] [debug]   Store directory created/verified at: /tmp/store_test_1737654673184782552
[2025-01-23 17:51:13.184881] [0x00007f12e73cdb80] [debug]   Checking existence of key: error_key
[2025-01-23 17:51:13.184883] [0x00007f12e73cdb80] [debug]   Generating hash for key: error_key
[2025-01-23 17:51:13.185957] [0x00007f12e73cdb80] [debug]   Generated hash: 7a0a1ce4f1c58ba0fb867426e1bbf7c475cf4a6fb6902cf56852bd2b980d900b
[2025-01-23 17:51:13.185968] [0x00007f12e73cdb80] [debug]   Calculated path: /tmp/store_test_1737654673184782552/7a/0a/1c/e4f1c58ba0fb867426e1bbf7c475cf4a6fb6902cf56852bd2b980d900b
[2025-01-23 17:51:13.185978] [0x00007f12e73cdb80] [debug]   Key error_key not found at path: /tmp/store_test_1737654673184782552/7a/0a/1c/e4f1c58ba0fb867426e1bbf7c475cf4a6fb6902cf56852bd2b980d900b
[2025-01-23 17:51:13.185981] [0x00007f12e73cdb80] [info]    Retrieving data for key: error_key
[2025-01-23 17:51:13.185984] [0x00007f12e73cdb80] [debug]   Generating hash for key: error_key
[2025-01-23 17:51:13.185989] [0x00007f12e73cdb80] [debug]   Generated hash: 7a0a1ce4f1c58ba0fb867426e1bbf7c475cf4a6fb6902cf56852bd2b980d900b
[2025-01-23 17:51:13.185992] [0x00007f12e73cdb80] [debug]   Calculated path: /tmp/store_test_1737654673184782552/7a/0a/1c/e4f1c58ba0fb867426e1bbf7c475cf4a6fb6902cf56852bd2b980d900b
[2025-01-23 17:51:13.185995] [0x00007f12e73cdb80] [error]   File not found: /tmp/store_test_1737654673184782552/7a/0a/1c/e4f1c58ba0fb867426e1bbf7c475cf4a6fb6902cf56852bd2b980d900b
[2025-01-23 17:51:13.186019] [0x00007f12e73cdb80] [info]    Storing data with key: error_key
[2025-01-23 17:51:13.186023] [0x00007f12e73cdb80] [error]   Invalid input stream provided for key: error_key
[2025-01-23 17:51:13.186030] [0x00007f12e73cdb80] [info]    Clearing entire store at: "/tmp/store_test_1737654673184782552"
[2025-01-23 17:51:13.186091] [0x00007f12e73cdb80] [info]    Store cleared successfully
[       OK ] StoreTest.ErrorHandling (1 ms)
[----------] 1 test from StoreTest (1 ms total)

[----------] Global test environment tear-down
[==========] 1 test from 1 test suite ran. (1 ms total)
[  PASSED  ] 1 test.
<end of output>
Test time =   0.01 sec
----------------------------------------------------------
Test Passed.
"StoreTest.ErrorHandling" end time: Jan 23 17:51 UTC
"StoreTest.ErrorHandling" time elapsed: 00:00:00
----------------------------------------------------------

13/28 Testing: StoreTest.Clear
13/28 Test: StoreTest.Clear
Command: "/home/runner/workspace/build/store_tests" "--gtest_filter=StoreTest.Clear" "--gtest_also_run_disabled_tests"
Directory: /home/runner/workspace/build
"StoreTest.Clear" start time: Jan 23 17:51 UTC
Output:
----------------------------------------------------------
Running main() from /build/source/googletest/src/gtest_main.cc
Note: Google Test filter = StoreTest.Clear
[==========] Running 1 test from 1 test suite.
[----------] Global test environment set-up.
[----------] 1 test from StoreTest
[ RUN      ] StoreTest.Clear
[2025-01-23 17:51:13.196569] [0x00007f726892db80] [info]    Initializing Store with base path: /tmp/store_test_1737654673196499452
[2025-01-23 17:51:13.196578] [0x00007f726892db80] [debug]   Store directory created/verified at: /tmp/store_test_1737654673196499452
[2025-01-23 17:51:13.196584] [0x00007f726892db80] [info]    Storing data with key: key1
[2025-01-23 17:51:13.196588] [0x00007f726892db80] [debug]   Generating hash for key: key1
[2025-01-23 17:51:13.197773] [0x00007f726892db80] [debug]   Generated hash: 8174099687a26621f4e2cdd7cc03b3dacedb3fb962255b1aafd033cabe831530
[2025-01-23 17:51:13.197794] [0x00007f726892db80] [debug]   Calculated path: /tmp/store_test_1737654673196499452/81/74/09/9687a26621f4e2cdd7cc03b3dacedb3fb962255b1aafd033cabe831530
[2025-01-23 17:51:13.197845] [0x00007f726892db80] [debug]   Calculated file path: /tmp/store_test_1737654673196499452/81/74/09/9687a26621f4e2cdd7cc03b3dacedb3fb962255b1aafd033cabe831530
[2025-01-23 17:51:13.197885] [0x00007f726892db80] [info]    Successfully stored 9 bytes with key: key1
[2025-01-23 17:51:13.197891] [0x00007f726892db80] [debug]   Checking existence of key: key1
[2025-01-23 17:51:13.197893] [0x00007f726892db80] [debug]   Generating hash for key: key1
[2025-01-23 17:51:13.197899] [0x00007f726892db80] [debug]   Generated hash: 8174099687a26621f4e2cdd7cc03b3dacedb3fb962255b1aafd033cabe831530
[2025-01-23 17:51:13.197904] [0x00007f726892db80] [debug]   Calculated path: /tmp/store_test_1737654673196499452/81/74/09/9687a26621f4e2cdd7cc03b3dacedb3fb962255b1aafd033cabe831530
[2025-01-23 17:51:13.197909] [0x00007f726892db80] [debug]   Key key1 exists at path: /tmp/store_test_1737654673196499452/81/74/09/9687a26621f4e2cdd7cc03b3dacedb3fb962255b1aafd033cabe831530
[2025-01-23 17:51:13.197913] [0x00007f726892db80] [info]    Storing data with key: key2
[2025-01-23 17:51:13.197915] [0x00007f726892db80] [debug]   Generating hash for key: key2
[2025-01-23 17:51:13.197918] [0x00007f726892db80] [debug]   Generated hash: b10253764c8b233fb37542e23401c7b450e5a6f9751f3b5a014f6f67e8bc999d
[2025-01-23 17:51:13.197921] [0x00007f726892db80] [debug]   Calculated path: /tmp/store_test_1737654673196499452/b1/02/53/764c8b233fb37542e23401c7b450e5a6f9751f3b5a014f6f67e8bc999d
[2025-01-23 17:51:13.197953] [0x00007f726892db80] [debug]   Calculated file path: /tmp/store_test_1737654673196499452/b1/02/53/764c8b233fb37542e23401c7b450e5a6f9751f3b5a014f6f67e8bc999d
[2025-01-23 17:51:13.197981] [0x00007f726892db80] [info]    Successfully stored 9 bytes with key: key2
[2025-01-23 17:51:13.197986] [0x00007f726892db80] [debug]   Checking existence of key: key2
[2025-01-23 17:51:13.197987] [0x00007f726892db80] [debug]   Generating hash for key: key2
[2025-01-23 17:51:13.197993] [0x00007f726892db80] [debug]   Generated hash: b10253764c8b233fb37542e23401c7b450e5a6f9751f3b5a014f6f67e8bc999d
[2025-01-23 17:51:13.197997] [0x00007f726892db80] [debug]   Calculated path: /tmp/store_test_1737654673196499452/b1/02/53/764c8b233fb37542e23401c7b450e5a6f9751f3b5a014f6f67e8bc999d
[2025-01-23 17:51:13.198002] [0x00007f726892db80] [debug]   Key key2 exists at path: /tmp/store_test_1737654673196499452/b1/02/53/764c8b233fb37542e23401c7b450e5a6f9751f3b5a014f6f67e8bc999d
[2025-01-23 17:51:13.198006] [0x00007f726892db80] [info]    Storing data with key: key3
[2025-01-23 17:51:13.198007] [0x00007f726892db80] [debug]   Generating hash for key: key3
[2025-01-23 17:51:13.198010] [0x00007f726892db80] [debug]   Generated hash: f576104eebeab09651d83acffc77c8b8c6eaa4b767aeab24d7da80f83f51d865
[2025-01-23 17:51:13.198012] [0x00007f726892db80] [debug]   Calculated path: /tmp/store_test_1737654673196499452/f5/76/10/4eebeab09651d83acffc77c8b8c6eaa4b767aeab24d7da80f83f51d865
[2025-01-23 17:51:13.198044] [0x00007f726892db80] [debug]   Calculated file path: /tmp/store_test_1737654673196499452/f5/76/10/4eebeab09651d83acffc77c8b8c6eaa4b767aeab24d7da80f83f51d865
[2025-01-23 17:51:13.198097] [0x00007f726892db80] [info]    Successfully stored 9 bytes with key: key3
[2025-01-23 17:51:13.198103] [0x00007f726892db80] [debug]   Checking existence of key: key3
[2025-01-23 17:51:13.198105] [0x00007f726892db80] [debug]   Generating hash for key: key3
[2025-01-23 17:51:13.198110] [0x00007f726892db80] [debug]   Generated hash: f576104eebeab09651d83acffc77c8b8c6eaa4b767aeab24d7da80f83f51d865
[2025-01-23 17:51:13.198115] [0x00007f726892db80] [debug]   Calculated path: /tmp/store_test_1737654673196499452/f5/76/10/4eebeab09651d83acffc77c8b8c6eaa4b767aeab24d7da80f83f51d865
[2025-01-23 17:51:13.198120] [0x00007f726892db80] [debug]   Key key3 exists at path: /tmp/store_test_1737654673196499452/f5/76/10/4eebeab09651d83acffc77c8b8c6eaa4b767aeab24d7da80f83f51d865
[2025-01-23 17:51:13.198124] [0x00007f726892db80] [info]    Clearing entire store at: "/tmp/store_test_1737654673196499452"
[2025-01-23 17:51:13.198599] [0x00007f726892db80] [info]    Store cleared successfully
[2025-01-23 17:51:13.198609] [0x00007f726892db80] [debug]   Checking existence of key: key1
[2025-01-23 17:51:13.198612] [0x00007f726892db80] [debug]   Generating hash for key: key1
[2025-01-23 17:51:13.198622] [0x00007f726892db80] [debug]   Generated hash: 8174099687a26621f4e2cdd7cc03b3dacedb3fb962255b1aafd033cabe831530
[2025-01-23 17:51:13.198629] [0x00007f726892db80] [debug]   Calculated path: /tmp/store_test_1737654673196499452/81/74/09/9687a26621f4e2cdd7cc03b3dacedb3fb962255b1aafd033cabe831530
[2025-01-23 17:51:13.198638] [0x00007f726892db80] [debug]   Key key1 not found at path: /tmp/store_test_1737654673196499452/81/74/09/9687a26621f4e2cdd7cc03b3dacedb3fb962255b1aafd033cabe831530
[2025-01-23 17:51:13.198644] [0x00007f726892db80] [info]    Retrieving data for key: key1
[2025-01-23 17:51:13.198647] [0x00007f726892db80] [debug]   Generating hash for key: key1
[2025-01-23 17:51:13.198653] [0x00007f726892db80] [debug]   Generated hash: 8174099687a26621f4e2cdd7cc03b3dacedb3fb962255b1aafd033cabe831530
[2025-01-23 17:51:13.198660] [0x00007f726892db80] [debug]   Calculated path: /tmp/store_test_1737654673196499452/81/74/09/9687a26621f4e2cdd7cc03b3dacedb3fb962255b1aafd033cabe831530
[2025-01-23 17:51:13.198664] [0x00007f726892db80] [error]   File not found: /tmp/store_test_1737654673196499452/81/74/09/9687a26621f4e2cdd7cc03b3dacedb3fb962255b1aafd033cabe831530
[2025-01-23 17:51:13.198697] [0x00007f726892db80] [debug]   Checking existence of key: key2
[2025-01-23 17:51:13.198703] [0x00007f726892db80] [debug]   Generating hash for key: key2
[2025-01-23 17:51:13.198709] [0x00007f726892db80] [debug]   Generated hash: b10253764c8b233fb37542e23401c7b450e5a6f9751f3b5a014f6f67e8bc999d
[2025-01-23 17:51:13.198716] [0x00007f726892db80] [debug]   Calculated path: /tmp/store_test_1737654673196499452/b1/02/53/764c8b233fb37542e23401c7b450e5a6f9751f3b5a014f6f67e8bc999d
[2025-01-23 17:51:13.198724] [0x00007f726892db80] [debug]   Key key2 not found at path: /tmp/store_test_1737654673196499452/b1/02/53/764c8b233fb37542e23401c7b450e5a6f9751f3b5a014f6f67e8bc999d
[2025-01-23 17:51:13.198730] [0x00007f726892db80] [info]    Retrieving data for key: key2
[2025-01-23 17:51:13.198732] [0x00007f726892db80] [debug]   Generating hash for key: key2
[2025-01-23 17:51:13.198738] [0x00007f726892db80] [debug]   Generated hash: b10253764c8b233fb37542e23401c7b450e5a6f9751f3b5a014f6f67e8bc999d
[2025-01-23 17:51:13.198744] [0x00007f726892db80] [debug]   Calculated path: /tmp/store_test_1737654673196499452/b1/02/53/764c8b233fb37542e23401c7b450e5a6f9751f3b5a014f6f67e8bc999d
[2025-01-23 17:51:13.198749] [0x00007f726892db80] [error]   File not found: /tmp/store_test_1737654673196499452/b1/02/53/764c8b233fb37542e23401c7b450e5a6f9751f3b5a014f6f67e8bc999d
[2025-01-23 17:51:13.198760] [0x00007f726892db80] [debug]   Checking existence of key: key3
[2025-01-23 17:51:13.198764] [0x00007f726892db80] [debug]   Generating hash for key: key3
[2025-01-23 17:51:13.198770] [0x00007f726892db80] [debug]   Generated hash: f576104eebeab09651d83acffc77c8b8c6eaa4b767aeab24d7da80f83f51d865
[2025-01-23 17:51:13.198777] [0x00007f726892db80] [debug]   Calculated path: /tmp/store_test_1737654673196499452/f5/76/10/4eebeab09651d83acffc77c8b8c6eaa4b767aeab24d7da80f83f51d865
[2025-01-23 17:51:13.198784] [0x00007f726892db80] [debug]   Key key3 not found at path: /tmp/store_test_1737654673196499452/f5/76/10/4eebeab09651d83acffc77c8b8c6eaa4b767aeab24d7da80f83f51d865
[2025-01-23 17:51:13.198790] [0x00007f726892db80] [info]    Retrieving data for key: key3
[2025-01-23 17:51:13.198793] [0x00007f726892db80] [debug]   Generating hash for key: key3
[2025-01-23 17:51:13.198798] [0x00007f726892db80] [debug]   Generated hash: f576104eebeab09651d83acffc77c8b8c6eaa4b767aeab24d7da80f83f51d865
[2025-01-23 17:51:13.198804] [0x00007f726892db80] [debug]   Calculated path: /tmp/store_test_1737654673196499452/f5/76/10/4eebeab09651d83acffc77c8b8c6eaa4b767aeab24d7da80f83f51d865
[2025-01-23 17:51:13.198808] [0x00007f726892db80] [error]   File not found: /tmp/store_test_1737654673196499452/f5/76/10/4eebeab09651d83acffc77c8b8c6eaa4b767aeab24d7da80f83f51d865
[2025-01-23 17:51:13.198819] [0x00007f726892db80] [info]    Clearing entire store at: "/tmp/store_test_1737654673196499452"
[2025-01-23 17:51:13.198888] [0x00007f726892db80] [info]    Store cleared successfully
[       OK ] StoreTest.Clear (2 ms)
[----------] 1 test from StoreTest (2 ms total)

[----------] Global test environment tear-down
[==========] 1 test from 1 test suite ran. (2 ms total)
[  PASSED  ] 1 test.
<end of output>
Test time =   0.01 sec
----------------------------------------------------------
Test Passed.
"StoreTest.Clear" end time: Jan 23 17:51 UTC
"StoreTest.Clear" time elapsed: 00:00:00
----------------------------------------------------------

14/28 Testing: StoreTest.LargeFileHandling
14/28 Test: StoreTest.LargeFileHandling
Command: "/home/runner/workspace/build/store_tests" "--gtest_filter=StoreTest.LargeFileHandling" "--gtest_also_run_disabled_tests"
Directory: /home/runner/workspace/build
"StoreTest.LargeFileHandling" start time: Jan 23 17:51 UTC
Output:
----------------------------------------------------------
Running main() from /build/source/googletest/src/gtest_main.cc
Note: Google Test filter = StoreTest.LargeFileHandling
[==========] Running 1 test from 1 test suite.
[----------] Global test environment set-up.
[----------] 1 test from StoreTest
[ RUN      ] StoreTest.LargeFileHandling
[2025-01-23 17:51:13.209364] [0x00007f384e7fab80] [info]    Initializing Store with base path: /tmp/store_test_1737654673209274294
[2025-01-23 17:51:13.209373] [0x00007f384e7fab80] [debug]   Store directory created/verified at: /tmp/store_test_1737654673209274294
[2025-01-23 17:51:13.221309] [0x00007f384e7fab80] [info]    Storing data with key: large_file
[2025-01-23 17:51:13.221327] [0x00007f384e7fab80] [debug]   Generating hash for key: large_file
[2025-01-23 17:51:13.222658] [0x00007f384e7fab80] [debug]   Generated hash: df1fbde40271055bb026eaa5094faa107c4a4987061ed6c7def9df06f885f2f3
[2025-01-23 17:51:13.222674] [0x00007f384e7fab80] [debug]   Calculated path: /tmp/store_test_1737654673209274294/df/1f/bd/e40271055bb026eaa5094faa107c4a4987061ed6c7def9df06f885f2f3
[2025-01-23 17:51:13.222759] [0x00007f384e7fab80] [debug]   Calculated file path: /tmp/store_test_1737654673209274294/df/1f/bd/e40271055bb026eaa5094faa107c4a4987061ed6c7def9df06f885f2f3
[2025-01-23 17:51:13.229113] [0x00007f384e7fab80] [info]    Successfully stored 10485760 bytes with key: large_file
[2025-01-23 17:51:13.229126] [0x00007f384e7fab80] [debug]   Checking existence of key: large_file
[2025-01-23 17:51:13.229129] [0x00007f384e7fab80] [debug]   Generating hash for key: large_file
[2025-01-23 17:51:13.229142] [0x00007f384e7fab80] [debug]   Generated hash: df1fbde40271055bb026eaa5094faa107c4a4987061ed6c7def9df06f885f2f3
[2025-01-23 17:51:13.229147] [0x00007f384e7fab80] [debug]   Calculated path: /tmp/store_test_1737654673209274294/df/1f/bd/e40271055bb026eaa5094faa107c4a4987061ed6c7def9df06f885f2f3
[2025-01-23 17:51:13.229156] [0x00007f384e7fab80] [debug]   Key large_file exists at path: /tmp/store_test_1737654673209274294/df/1f/bd/e40271055bb026eaa5094faa107c4a4987061ed6c7def9df06f885f2f3
[2025-01-23 17:51:13.229162] [0x00007f384e7fab80] [info]    Retrieving data for key: large_file
[2025-01-23 17:51:13.229164] [0x00007f384e7fab80] [debug]   Generating hash for key: large_file
[2025-01-23 17:51:13.229167] [0x00007f384e7fab80] [debug]   Generated hash: df1fbde40271055bb026eaa5094faa107c4a4987061ed6c7def9df06f885f2f3
[2025-01-23 17:51:13.229170] [0x00007f384e7fab80] [debug]   Calculated path: /tmp/store_test_1737654673209274294/df/1f/bd/e40271055bb026eaa5094faa107c4a4987061ed6c7def9df06f885f2f3
[2025-01-23 17:51:13.240827] [0x00007f384e7fab80] [info]    Successfully streamed 10485760 bytes for key: large_file
[2025-01-23 17:51:13.247387] [0x00007f384e7fab80] [info]    Clearing entire store at: "/tmp/store_test_1737654673209274294"
[2025-01-23 17:51:13.249608] [0x00007f384e7fab80] [info]    Store cleared successfully
[       OK ] StoreTest.LargeFileHandling (40 ms)
[----------] 1 test from StoreTest (40 ms total)

[----------] Global test environment tear-down
[==========] 1 test from 1 test suite ran. (40 ms total)
[  PASSED  ] 1 test.
<end of output>
Test time =   0.05 sec
----------------------------------------------------------
Test Passed.
"StoreTest.LargeFileHandling" end time: Jan 23 17:51 UTC
"StoreTest.LargeFileHandling" time elapsed: 00:00:00
----------------------------------------------------------

15/28 Testing: StoreTest.OverwriteBehavior
15/28 Test: StoreTest.OverwriteBehavior
Command: "/home/runner/workspace/build/store_tests" "--gtest_filter=StoreTest.OverwriteBehavior" "--gtest_also_run_disabled_tests"
Directory: /home/runner/workspace/build
"StoreTest.OverwriteBehavior" start time: Jan 23 17:51 UTC
Output:
----------------------------------------------------------
Running main() from /build/source/googletest/src/gtest_main.cc
Note: Google Test filter = StoreTest.OverwriteBehavior
[==========] Running 1 test from 1 test suite.
[----------] Global test environment set-up.
[----------] 1 test from StoreTest
[ RUN      ] StoreTest.OverwriteBehavior
[2025-01-23 17:51:13.261905] [0x00007f23fd55eb80] [info]    Initializing Store with base path: /tmp/store_test_1737654673261805108
[2025-01-23 17:51:13.261917] [0x00007f23fd55eb80] [debug]   Store directory created/verified at: /tmp/store_test_1737654673261805108
[2025-01-23 17:51:13.261926] [0x00007f23fd55eb80] [info]    Storing data with key: overwrite_test
[2025-01-23 17:51:13.261935] [0x00007f23fd55eb80] [debug]   Generating hash for key: overwrite_test
[2025-01-23 17:51:13.263156] [0x00007f23fd55eb80] [debug]   Generated hash: 30952b659b529afe6343c608ec6d8a565347d89ad4d22eec203b90234d48b36e
[2025-01-23 17:51:13.263168] [0x00007f23fd55eb80] [debug]   Calculated path: /tmp/store_test_1737654673261805108/30/95/2b/659b529afe6343c608ec6d8a565347d89ad4d22eec203b90234d48b36e
[2025-01-23 17:51:13.263287] [0x00007f23fd55eb80] [debug]   Calculated file path: /tmp/store_test_1737654673261805108/30/95/2b/659b529afe6343c608ec6d8a565347d89ad4d22eec203b90234d48b36e
[2025-01-23 17:51:13.263346] [0x00007f23fd55eb80] [info]    Successfully stored 15 bytes with key: overwrite_test
[2025-01-23 17:51:13.263357] [0x00007f23fd55eb80] [debug]   Checking existence of key: overwrite_test
[2025-01-23 17:51:13.263360] [0x00007f23fd55eb80] [debug]   Generating hash for key: overwrite_test
[2025-01-23 17:51:13.263371] [0x00007f23fd55eb80] [debug]   Generated hash: 30952b659b529afe6343c608ec6d8a565347d89ad4d22eec203b90234d48b36e
[2025-01-23 17:51:13.263377] [0x00007f23fd55eb80] [debug]   Calculated path: /tmp/store_test_1737654673261805108/30/95/2b/659b529afe6343c608ec6d8a565347d89ad4d22eec203b90234d48b36e
[2025-01-23 17:51:13.263387] [0x00007f23fd55eb80] [debug]   Key overwrite_test exists at path: /tmp/store_test_1737654673261805108/30/95/2b/659b529afe6343c608ec6d8a565347d89ad4d22eec203b90234d48b36e
[2025-01-23 17:51:13.263395] [0x00007f23fd55eb80] [info]    Retrieving data for key: overwrite_test
[2025-01-23 17:51:13.263397] [0x00007f23fd55eb80] [debug]   Generating hash for key: overwrite_test
[2025-01-23 17:51:13.263404] [0x00007f23fd55eb80] [debug]   Generated hash: 30952b659b529afe6343c608ec6d8a565347d89ad4d22eec203b90234d48b36e
[2025-01-23 17:51:13.263412] [0x00007f23fd55eb80] [debug]   Calculated path: /tmp/store_test_1737654673261805108/30/95/2b/659b529afe6343c608ec6d8a565347d89ad4d22eec203b90234d48b36e
[2025-01-23 17:51:13.263429] [0x00007f23fd55eb80] [info]    Successfully streamed 15 bytes for key: overwrite_test
[2025-01-23 17:51:13.263440] [0x00007f23fd55eb80] [info]    Storing data with key: overwrite_test
[2025-01-23 17:51:13.263443] [0x00007f23fd55eb80] [debug]   Generating hash for key: overwrite_test
[2025-01-23 17:51:13.263450] [0x00007f23fd55eb80] [debug]   Generated hash: 30952b659b529afe6343c608ec6d8a565347d89ad4d22eec203b90234d48b36e
[2025-01-23 17:51:13.263458] [0x00007f23fd55eb80] [debug]   Calculated path: /tmp/store_test_1737654673261805108/30/95/2b/659b529afe6343c608ec6d8a565347d89ad4d22eec203b90234d48b36e
[2025-01-23 17:51:13.263465] [0x00007f23fd55eb80] [debug]   Calculated file path: /tmp/store_test_1737654673261805108/30/95/2b/659b529afe6343c608ec6d8a565347d89ad4d22eec203b90234d48b36e
[2025-01-23 17:51:13.263526] [0x00007f23fd55eb80] [info]    Successfully stored 15 bytes with key: overwrite_test
[2025-01-23 17:51:13.263537] [0x00007f23fd55eb80] [info]    Retrieving data for key: overwrite_test
[2025-01-23 17:51:13.263540] [0x00007f23fd55eb80] [debug]   Generating hash for key: overwrite_test
[2025-01-23 17:51:13.263549] [0x00007f23fd55eb80] [debug]   Generated hash: 30952b659b529afe6343c608ec6d8a565347d89ad4d22eec203b90234d48b36e
[2025-01-23 17:51:13.263557] [0x00007f23fd55eb80] [debug]   Calculated path: /tmp/store_test_1737654673261805108/30/95/2b/659b529afe6343c608ec6d8a565347d89ad4d22eec203b90234d48b36e
[2025-01-23 17:51:13.263574] [0x00007f23fd55eb80] [info]    Successfully streamed 15 bytes for key: overwrite_test
[2025-01-23 17:51:13.263585] [0x00007f23fd55eb80] [info]    Clearing entire store at: "/tmp/store_test_1737654673261805108"
[2025-01-23 17:51:13.263775] [0x00007f23fd55eb80] [info]    Store cleared successfully
[       OK ] StoreTest.OverwriteBehavior (2 ms)
[----------] 1 test from StoreTest (2 ms total)

[----------] Global test environment tear-down
[==========] 1 test from 1 test suite ran. (2 ms total)
[  PASSED  ] 1 test.
<end of output>
Test time =   0.01 sec
----------------------------------------------------------
Test Passed.
"StoreTest.OverwriteBehavior" end time: Jan 23 17:51 UTC
"StoreTest.OverwriteBehavior" time elapsed: 00:00:00
----------------------------------------------------------

16/28 Testing: StoreTest.StreamStatePreservation
16/28 Test: StoreTest.StreamStatePreservation
Command: "/home/runner/workspace/build/store_tests" "--gtest_filter=StoreTest.StreamStatePreservation" "--gtest_also_run_disabled_tests"
Directory: /home/runner/workspace/build
"StoreTest.StreamStatePreservation" start time: Jan 23 17:51 UTC
Output:
----------------------------------------------------------
Running main() from /build/source/googletest/src/gtest_main.cc
Note: Google Test filter = StoreTest.StreamStatePreservation
[==========] Running 1 test from 1 test suite.
[----------] Global test environment set-up.
[----------] 1 test from StoreTest
[ RUN      ] StoreTest.StreamStatePreservation
[2025-01-23 17:51:13.274688] [0x00007fd9833a1b80] [info]    Initializing Store with base path: /tmp/store_test_1737654673274583899
[2025-01-23 17:51:13.274700] [0x00007fd9833a1b80] [debug]   Store directory created/verified at: /tmp/store_test_1737654673274583899
[2025-01-23 17:51:13.274706] [0x00007fd9833a1b80] [info]    Storing data with key: stream_state_test
[2025-01-23 17:51:13.274712] [0x00007fd9833a1b80] [debug]   Generating hash for key: stream_state_test
[2025-01-23 17:51:13.275823] [0x00007fd9833a1b80] [debug]   Generated hash: a9e413f31ab1fd98797abd4d4d50fc4ccfbf9abaec049f8d5f9e9c5b294d61c8
[2025-01-23 17:51:13.275834] [0x00007fd9833a1b80] [debug]   Calculated path: /tmp/store_test_1737654673274583899/a9/e4/13/f31ab1fd98797abd4d4d50fc4ccfbf9abaec049f8d5f9e9c5b294d61c8
[2025-01-23 17:51:13.275889] [0x00007fd9833a1b80] [debug]   Calculated file path: /tmp/store_test_1737654673274583899/a9/e4/13/f31ab1fd98797abd4d4d50fc4ccfbf9abaec049f8d5f9e9c5b294d61c8
[2025-01-23 17:51:13.276028] [0x00007fd9833a1b80] [info]    Successfully stored 26 bytes with key: stream_state_test
[2025-01-23 17:51:13.276035] [0x00007fd9833a1b80] [info]    Retrieving data for key: stream_state_test
[2025-01-23 17:51:13.276037] [0x00007fd9833a1b80] [debug]   Generating hash for key: stream_state_test
[2025-01-23 17:51:13.276044] [0x00007fd9833a1b80] [debug]   Generated hash: a9e413f31ab1fd98797abd4d4d50fc4ccfbf9abaec049f8d5f9e9c5b294d61c8
[2025-01-23 17:51:13.276049] [0x00007fd9833a1b80] [debug]   Calculated path: /tmp/store_test_1737654673274583899/a9/e4/13/f31ab1fd98797abd4d4d50fc4ccfbf9abaec049f8d5f9e9c5b294d61c8
[2025-01-23 17:51:13.276067] [0x00007fd9833a1b80] [info]    Successfully streamed 26 bytes for key: stream_state_test
[2025-01-23 17:51:13.276074] [0x00007fd9833a1b80] [info]    Clearing entire store at: "/tmp/store_test_1737654673274583899"
[2025-01-23 17:51:13.276242] [0x00007fd9833a1b80] [info]    Store cleared successfully
[       OK ] StoreTest.StreamStatePreservation (1 ms)
[----------] 1 test from StoreTest (1 ms total)

[----------] Global test environment tear-down
[==========] 1 test from 1 test suite ran. (1 ms total)
[  PASSED  ] 1 test.
<end of output>
Test time =   0.01 sec
----------------------------------------------------------
Test Passed.
"StoreTest.StreamStatePreservation" end time: Jan 23 17:51 UTC
"StoreTest.StreamStatePreservation" time elapsed: 00:00:00
----------------------------------------------------------

17/28 Testing: StoreTest.FileSizeRetrieval
17/28 Test: StoreTest.FileSizeRetrieval
Command: "/home/runner/workspace/build/store_tests" "--gtest_filter=StoreTest.FileSizeRetrieval" "--gtest_also_run_disabled_tests"
Directory: /home/runner/workspace/build
"StoreTest.FileSizeRetrieval" start time: Jan 23 17:51 UTC
Output:
----------------------------------------------------------
Running main() from /build/source/googletest/src/gtest_main.cc
Note: Google Test filter = StoreTest.FileSizeRetrieval
[==========] Running 1 test from 1 test suite.
[----------] Global test environment set-up.
[----------] 1 test from StoreTest
[ RUN      ] StoreTest.FileSizeRetrieval
[2025-01-23 17:51:13.286739] [0x00007fdf22a30b80] [info]    Initializing Store with base path: /tmp/store_test_1737654673286645560
[2025-01-23 17:51:13.286749] [0x00007fdf22a30b80] [debug]   Store directory created/verified at: /tmp/store_test_1737654673286645560
[2025-01-23 17:51:13.286754] [0x00007fdf22a30b80] [info]    Storing data with key: size_test
[2025-01-23 17:51:13.286756] [0x00007fdf22a30b80] [debug]   Generating hash for key: size_test
[2025-01-23 17:51:13.287857] [0x00007fdf22a30b80] [debug]   Generated hash: d2283af70f36b068be549fdee1255a41540b931c457a992112d4cab9c89de74e
[2025-01-23 17:51:13.287869] [0x00007fdf22a30b80] [debug]   Calculated path: /tmp/store_test_1737654673286645560/d2/28/3a/f70f36b068be549fdee1255a41540b931c457a992112d4cab9c89de74e
[2025-01-23 17:51:13.287924] [0x00007fdf22a30b80] [debug]   Calculated file path: /tmp/store_test_1737654673286645560/d2/28/3a/f70f36b068be549fdee1255a41540b931c457a992112d4cab9c89de74e
[2025-01-23 17:51:13.287966] [0x00007fdf22a30b80] [info]    Successfully stored 13 bytes with key: size_test
[2025-01-23 17:51:13.287973] [0x00007fdf22a30b80] [debug]   Getting file size for key: size_test
[2025-01-23 17:51:13.287975] [0x00007fdf22a30b80] [debug]   Generating hash for key: size_test
[2025-01-23 17:51:13.287982] [0x00007fdf22a30b80] [debug]   Generated hash: d2283af70f36b068be549fdee1255a41540b931c457a992112d4cab9c89de74e
[2025-01-23 17:51:13.287987] [0x00007fdf22a30b80] [debug]   Calculated path: /tmp/store_test_1737654673286645560/d2/28/3a/f70f36b068be549fdee1255a41540b931c457a992112d4cab9c89de74e
[2025-01-23 17:51:13.287993] [0x00007fdf22a30b80] [debug]   File size for key size_test: 13 bytes
[2025-01-23 17:51:13.287998] [0x00007fdf22a30b80] [info]    Storing data with key: empty_test
[2025-01-23 17:51:13.287999] [0x00007fdf22a30b80] [debug]   Generating hash for key: empty_test
[2025-01-23 17:51:13.288003] [0x00007fdf22a30b80] [debug]   Generated hash: f1b6800e9ca01dac557744adec3477366cbe3888d44fcabefb3078c4c069f3a8
[2025-01-23 17:51:13.288005] [0x00007fdf22a30b80] [debug]   Calculated path: /tmp/store_test_1737654673286645560/f1/b6/80/0e9ca01dac557744adec3477366cbe3888d44fcabefb3078c4c069f3a8
[2025-01-23 17:51:13.288038] [0x00007fdf22a30b80] [debug]   Calculated file path: /tmp/store_test_1737654673286645560/f1/b6/80/0e9ca01dac557744adec3477366cbe3888d44fcabefb3078c4c069f3a8
[2025-01-23 17:51:13.288059] [0x00007fdf22a30b80] [debug]   Storing empty content for key: empty_test
[2025-01-23 17:51:13.288065] [0x00007fdf22a30b80] [info]    Successfully stored 0 bytes with key: empty_test
[2025-01-23 17:51:13.288067] [0x00007fdf22a30b80] [debug]   Getting file size for key: empty_test
[2025-01-23 17:51:13.288069] [0x00007fdf22a30b80] [debug]   Generating hash for key: empty_test
[2025-01-23 17:51:13.288073] [0x00007fdf22a30b80] [debug]   Generated hash: f1b6800e9ca01dac557744adec3477366cbe3888d44fcabefb3078c4c069f3a8
[2025-01-23 17:51:13.288078] [0x00007fdf22a30b80] [debug]   Calculated path: /tmp/store_test_1737654673286645560/f1/b6/80/0e9ca01dac557744adec3477366cbe3888d44fcabefb3078c4c069f3a8
[2025-01-23 17:51:13.288084] [0x00007fdf22a30b80] [debug]   File size for key empty_test: 0 bytes
[2025-01-23 17:51:13.288089] [0x00007fdf22a30b80] [debug]   Getting file size for key: nonexistent_key
[2025-01-23 17:51:13.288092] [0x00007fdf22a30b80] [debug]   Generating hash for key: nonexistent_key
[2025-01-23 17:51:13.288095] [0x00007fdf22a30b80] [debug]   Generated hash: 5fbaf0fb39a2369c07d1aa653dd2386202abdff0c69ceb6060083b29af61fd2f
[2025-01-23 17:51:13.288098] [0x00007fdf22a30b80] [debug]   Calculated path: /tmp/store_test_1737654673286645560/5f/ba/f0/fb39a2369c07d1aa653dd2386202abdff0c69ceb6060083b29af61fd2f
[2025-01-23 17:51:13.288103] [0x00007fdf22a30b80] [error]   File not found: /tmp/store_test_1737654673286645560/5f/ba/f0/fb39a2369c07d1aa653dd2386202abdff0c69ceb6060083b29af61fd2f
[2025-01-23 17:51:13.288131] [0x00007fdf22a30b80] [info]    Clearing entire store at: "/tmp/store_test_1737654673286645560"
[2025-01-23 17:51:13.288389] [0x00007fdf22a30b80] [info]    Store cleared successfully
[       OK ] StoreTest.FileSizeRetrieval (1 ms)
[----------] 1 test from StoreTest (1 ms total)

[----------] Global test environment tear-down
[==========] 1 test from 1 test suite ran. (1 ms total)
[  PASSED  ] 1 test.
<end of output>
Test time =   0.01 sec
----------------------------------------------------------
Test Passed.
"StoreTest.FileSizeRetrieval" end time: Jan 23 17:51 UTC
"StoreTest.FileSizeRetrieval" time elapsed: 00:00:00
----------------------------------------------------------

18/28 Testing: ChannelTest.InitialState
18/28 Test: ChannelTest.InitialState
Command: "/home/runner/workspace/build/channel_tests" "--gtest_filter=ChannelTest.InitialState" "--gtest_also_run_disabled_tests"
Directory: /home/runner/workspace/build
"ChannelTest.InitialState" start time: Jan 23 17:51 UTC
Output:
----------------------------------------------------------
Running main() from /build/source/googletest/src/gtest_main.cc
Note: Google Test filter = ChannelTest.InitialState
[==========] Running 1 test from 1 test suite.
[----------] Global test environment set-up.
[----------] 1 test from ChannelTest
[ RUN      ] ChannelTest.InitialState
[       OK ] ChannelTest.InitialState (0 ms)
[----------] 1 test from ChannelTest (0 ms total)

[----------] Global test environment tear-down
[==========] 1 test from 1 test suite ran. (0 ms total)
[  PASSED  ] 1 test.
<end of output>
Test time =   0.01 sec
----------------------------------------------------------
Test Passed.
"ChannelTest.InitialState" end time: Jan 23 17:51 UTC
"ChannelTest.InitialState" time elapsed: 00:00:00
----------------------------------------------------------

19/28 Testing: ChannelTest.SingleProduceConsume
19/28 Test: ChannelTest.SingleProduceConsume
Command: "/home/runner/workspace/build/channel_tests" "--gtest_filter=ChannelTest.SingleProduceConsume" "--gtest_also_run_disabled_tests"
Directory: /home/runner/workspace/build
"ChannelTest.SingleProduceConsume" start time: Jan 23 17:51 UTC
Output:
----------------------------------------------------------
Running main() from /build/source/googletest/src/gtest_main.cc
Note: Google Test filter = ChannelTest.SingleProduceConsume
[==========] Running 1 test from 1 test suite.
[----------] Global test environment set-up.
[----------] 1 test from ChannelTest
[ RUN      ] ChannelTest.SingleProduceConsume
[2025-01-23 17:51:13.308545] [0x00007f21b12e3c40] [debug]   Added message frame to channel. Channel size: 1
[2025-01-23 17:51:13.308553] [0x00007f21b12e3c40] [debug]   Retrieved message frame from channel. Channel size: 0
[       OK ] ChannelTest.SingleProduceConsume (0 ms)
[----------] 1 test from ChannelTest (0 ms total)

[----------] Global test environment tear-down
[==========] 1 test from 1 test suite ran. (0 ms total)
[  PASSED  ] 1 test.
<end of output>
Test time =   0.01 sec
----------------------------------------------------------
Test Passed.
"ChannelTest.SingleProduceConsume" end time: Jan 23 17:51 UTC
"ChannelTest.SingleProduceConsume" time elapsed: 00:00:00
----------------------------------------------------------

20/28 Testing: ChannelTest.MultipleMessages
20/28 Test: ChannelTest.MultipleMessages
Command: "/home/runner/workspace/build/channel_tests" "--gtest_filter=ChannelTest.MultipleMessages" "--gtest_also_run_disabled_tests"
Directory: /home/runner/workspace/build
"ChannelTest.MultipleMessages" start time: Jan 23 17:51 UTC
Output:
----------------------------------------------------------
Running main() from /build/source/googletest/src/gtest_main.cc
Note: Google Test filter = ChannelTest.MultipleMessages
[==========] Running 1 test from 1 test suite.
[----------] Global test environment set-up.
[----------] 1 test from ChannelTest
[ RUN      ] ChannelTest.MultipleMessages
[2025-01-23 17:51:13.318539] [0x00007f90a7d1dc40] [debug]   Added message frame to channel. Channel size: 1
[2025-01-23 17:51:13.318547] [0x00007f90a7d1dc40] [debug]   Added message frame to channel. Channel size: 2
[2025-01-23 17:51:13.318549] [0x00007f90a7d1dc40] [debug]   Added message frame to channel. Channel size: 3
[2025-01-23 17:51:13.318551] [0x00007f90a7d1dc40] [debug]   Added message frame to channel. Channel size: 4
[2025-01-23 17:51:13.318555] [0x00007f90a7d1dc40] [debug]   Added message frame to channel. Channel size: 5
[2025-01-23 17:51:13.318562] [0x00007f90a7d1dc40] [debug]   Retrieved message frame from channel. Channel size: 4
[2025-01-23 17:51:13.318566] [0x00007f90a7d1dc40] [debug]   Retrieved message frame from channel. Channel size: 3
[2025-01-23 17:51:13.318569] [0x00007f90a7d1dc40] [debug]   Retrieved message frame from channel. Channel size: 2
[2025-01-23 17:51:13.318572] [0x00007f90a7d1dc40] [debug]   Retrieved message frame from channel. Channel size: 1
[2025-01-23 17:51:13.318574] [0x00007f90a7d1dc40] [debug]   Retrieved message frame from channel. Channel size: 0
[       OK ] ChannelTest.MultipleMessages (0 ms)
[----------] 1 test from ChannelTest (0 ms total)

[----------] Global test environment tear-down
[==========] 1 test from 1 test suite ran. (0 ms total)
[  PASSED  ] 1 test.
<end of output>
Test time =   0.01 sec
----------------------------------------------------------
Test Passed.
"ChannelTest.MultipleMessages" end time: Jan 23 17:51 UTC
"ChannelTest.MultipleMessages" time elapsed: 00:00:00
----------------------------------------------------------

21/28 Testing: ChannelTest.ConsumeEmptyChannel
21/28 Test: ChannelTest.ConsumeEmptyChannel
Command: "/home/runner/workspace/build/channel_tests" "--gtest_filter=ChannelTest.ConsumeEmptyChannel" "--gtest_also_run_disabled_tests"
Directory: /home/runner/workspace/build
"ChannelTest.ConsumeEmptyChannel" start time: Jan 23 17:51 UTC
Output:
----------------------------------------------------------
Running main() from /build/source/googletest/src/gtest_main.cc
Note: Google Test filter = ChannelTest.ConsumeEmptyChannel
[==========] Running 1 test from 1 test suite.
[----------] Global test environment set-up.
[----------] 1 test from ChannelTest
[ RUN      ] ChannelTest.ConsumeEmptyChannel
[       OK ] ChannelTest.ConsumeEmptyChannel (0 ms)
[----------] 1 test from ChannelTest (0 ms total)

[----------] Global test environment tear-down
[==========] 1 test from 1 test suite ran. (0 ms total)
[  PASSED  ] 1 test.
<end of output>
Test time =   0.01 sec
----------------------------------------------------------
Test Passed.
"ChannelTest.ConsumeEmptyChannel" end time: Jan 23 17:51 UTC
"ChannelTest.ConsumeEmptyChannel" time elapsed: 00:00:00
----------------------------------------------------------

22/28 Testing: ChannelTest.ConcurrentProducersConsumers
22/28 Test: ChannelTest.ConcurrentProducersConsumers
Command: "/home/runner/workspace/build/channel_tests" "--gtest_filter=ChannelTest.ConcurrentProducersConsumers" "--gtest_also_run_disabled_tests"
Directory: /home/runner/workspace/build
"ChannelTest.ConcurrentProducersConsumers" start time: Jan 23 17:51 UTC
Output:
----------------------------------------------------------
Running main() from /build/source/googletest/src/gtest_main.cc
Note: Google Test filter = ChannelTest.ConcurrentProducersConsumers
[==========] Running 1 test from 1 test suite.
[----------] Global test environment set-up.
[----------] 1 test from ChannelTest
[ RUN      ] ChannelTest.ConcurrentProducersConsumers
[2025-01-23 17:51:13.340424] [0x00007f9d550896c0] [debug]   Added message frame to channel. Channel size: 1
[2025-01-23 17:51:13.340494] [0x00007f9d548886c0] [debug]   Added message frame to channel. Channel size: 2
[2025-01-23 17:51:13.340524] [0x00007f9d4c0876c0] [debug]   Added message frame to channel. Channel size: 3
[2025-01-23 17:51:13.340563] [0x00007f9d4ffff6c0] [debug]   Added message frame to channel. Channel size: 4
[2025-01-23 17:51:13.340638] [0x00007f9d4f7fe6c0] [debug]   Retrieved message frame from channel. Channel size: 3
[2025-01-23 17:51:13.340672] [0x00007f9d4dffb6c0] [debug]   Retrieved message frame from channel. Channel size: 2
[2025-01-23 17:51:13.340687] [0x00007f9d4dffb6c0] [debug]   Retrieved message frame from channel. Channel size: 1
[2025-01-23 17:51:13.340695] [0x00007f9d4dffb6c0] [debug]   Retrieved message frame from channel. Channel size: 0
[2025-01-23 17:51:13.340708] [0x00007f9d4ffff6c0] [debug]   Added message frame to channel. Channel size: 1
[2025-01-23 17:51:13.340725] [0x00007f9d550896c0] [debug]   Added message frame to channel. Channel size: 2
[2025-01-23 17:51:13.340741] [0x00007f9d548886c0] [debug]   Added message frame to channel. Channel size: 3
[2025-01-23 17:51:13.340780] [0x00007f9d4effd6c0] [debug]   Retrieved message frame from channel. Channel size: 2
[2025-01-23 17:51:13.340794] [0x00007f9d4effd6c0] [debug]   Retrieved message frame from channel. Channel size: 1
[2025-01-23 17:51:13.340801] [0x00007f9d4effd6c0] [debug]   Retrieved message frame from channel. Channel size: 0
[2025-01-23 17:51:13.340816] [0x00007f9d4c0876c0] [debug]   Added message frame to channel. Channel size: 1
[2025-01-23 17:51:13.340836] [0x00007f9d4effd6c0] [debug]   Retrieved message frame from channel. Channel size: 0
[2025-01-23 17:51:13.340910] [0x00007f9d550896c0] [debug]   Added message frame to channel. Channel size: 1
[2025-01-23 17:51:13.340948] [0x00007f9d4e7fc6c0] [debug]   Retrieved message frame from channel. Channel size: 0
[...]
[2025-01-23 17:51:13.370358] [0x00007f39a47e5c40] [debug] Writing source id: 1
[2025-01-23 17:51:13.370359] [0x00007f39a47e5c40] [debug] Writing payload size: 0
[2025-01-23 17:51:13.370362] [0x00007f39a47e5c40] [info] Starting stream encryption
[2025-01-23 17:51:13.370365] [0x00007f39a47e5c40] [debug] Initializing cipher for encryption
[2025-01-23 17:51:13.371804] [0x00007f39a47e5c40] [debug] Cipher initialization complete
[2025-01-23 17:51:13.371820] [0x00007f39a47e5c40] [debug] Writing encrypted filename length
[2025-01-23 17:51:13.371823] [0x00007f39a47e5c40] [info] Encrypted message frame serialization complete. Total bytes written: 42
[2025-01-23 17:51:13.371826] [0x00007f39a47e5c40] [debug] Cleaning up CryptoStream resources
[2025-01-23 17:51:13.371831] [0x00007f39a47e5c40] [info] Initializing CryptoStream
[2025-01-23 17:51:13.371832] [0x00007f39a47e5c40] [debug] CryptoStream initialization complete
[2025-01-23 17:51:13.371834] [0x00007f39a47e5c40] [info] Starting message frame deserialization
[2025-01-23 17:51:13.371837] [0x00007f39a47e5c40] [debug] Reading IV
[2025-01-23 17:51:13.371840] [0x00007f39a47e5c40] [info] Initializing crypto parameters
[2025-01-23 17:51:13.371843] [0x00007f39a47e5c40] [debug] Crypto parameters initialized successfully
[2025-01-23 17:51:13.371846] [0x00007f39a47e5c40] [debug] Read message type: 0
[2025-01-23 17:51:13.371849] [0x00007f39a47e5c40] [debug] Read source id: 1
[2025-01-23 17:51:13.371852] [0x00007f39a47e5c40] [debug] Read payload size: 0
[2025-01-23 17:51:13.371855] [0x00007f39a47e5c40] [info] Starting stream decryption
[2025-01-23 17:51:13.371857] [0x00007f39a47e5c40] [debug] Initializing cipher for decryption
[2025-01-23 17:51:13.371861] [0x00007f39a47e5c40] [debug] Cipher initialization complete
[2025-01-23 17:51:13.371863] [0x00007f39a47e5c40] [debug] Read decrypted filename length: 14607360
[2025-01-23 17:51:13.371865] [0x00007f39a47e5c40] [debug] Added message frame to channel. Channel size: 1
[2025-01-23 17:51:13.371867] [0x00007f39a47e5c40] [debug] New frame added to channel
[2025-01-23 17:51:13.371869] [0x00007f39a47e5c40] [info] Message frame deserialization complete. Total bytes read: 42
[2025-01-23 17:51:13.371870] [0x00007f39a47e5c40] [debug] Cleaning up CryptoStream resources
[2025-01-23 17:51:13.371872] [0x00007f39a47e5c40] [debug] Retrieved message frame from channel. Channel size: 0
[       OK ] CodecTest.MinimalFrameSerializeDeserialize (1 ms)
[----------] 1 test from CodecTest (1 ms total)

[----------] Global test environment tear-down
[==========] 1 test from 1 test suite ran. (1 ms total)
[  PASSED  ] 1 test.
<end of output>
Test time =   0.01 sec
----------------------------------------------------------
Test Passed.
"CodecTest.MinimalFrameSerializeDeserialize" end time: Jan 23 17:51 UTC
"CodecTest.MinimalFrameSerializeDeserialize" time elapsed: 00:00:00
----------------------------------------------------------

25/28 Testing: CodecTest.BasicSerializeDeserialize
25/28 Test: CodecTest.BasicSerializeDeserialize
Command: "/home/runner/workspace/build/codec_tests" "--gtest_filter=CodecTest.BasicSerializeDeserialize" "--gtest_also_run_disabled_tests"
Directory: /home/runner/workspace/build
"CodecTest.BasicSerializeDeserialize" start time: Jan 23 17:51 UTC
Output:
----------------------------------------------------------
Running main() from /build/source/googletest/src/gtest_main.cc
Note: Google Test filter = CodecTest.BasicSerializeDeserialize
[==========] Running 1 test from 1 test suite.
[----------] Global test environment set-up.
[----------] 1 test from CodecTest
[ RUN      ] CodecTest.BasicSerializeDeserialize
[2025-01-23 17:51:13.382215] [0x00007fd21681bc40] [info]    Initializing Codec with key of size: 32
[2025-01-23 17:51:13.382240] [0x00007fd21681bc40] [info] Initializing CryptoStream
[2025-01-23 17:51:13.382353] [0x00007fd21681bc40] [debug] CryptoStream initialization complete
[2025-01-23 17:51:13.382357] [0x00007fd21681bc40] [info] Initializing crypto parameters
[2025-01-23 17:51:13.382359] [0x00007fd21681bc40] [debug] Crypto parameters initialized successfully
[2025-01-23 17:51:13.382361] [0x00007fd21681bc40] [info] Starting message frame serialization
[2025-01-23 17:51:13.382363] [0x00007fd21681bc40] [debug] Writing IV of size: 16
[2025-01-23 17:51:13.382366] [0x00007fd21681bc40] [debug] Writing message type: 0
[2025-01-23 17:51:13.382370] [0x00007fd21681bc40] [debug] Writing source id: 2
[2025-01-23 17:51:13.382373] [0x00007fd21681bc40] [debug] Writing payload size: 11
[2025-01-23 17:51:13.382379] [0x00007fd21681bc40] [info] Starting stream encryption
[2025-01-23 17:51:13.382384] [0x00007fd21681bc40] [debug] Initializing cipher for encryption
[2025-01-23 17:51:13.383714] [0x00007fd21681bc40] [debug] Cipher initialization complete
[2025-01-23 17:51:13.383726] [0x00007fd21681bc40] [debug] Writing encrypted filename length
[2025-01-23 17:51:13.383729] [0x00007fd21681bc40] [debug] Encrypting and writing payload of size: 11
[2025-01-23 17:51:13.383731] [0x00007fd21681bc40] [info] Starting stream encryption
[2025-01-23 17:51:13.383733] [0x00007fd21681bc40] [debug] Initializing cipher for encryption
[2025-01-23 17:51:13.383736] [0x00007fd21681bc40] [debug] Cipher initialization complete
[2025-01-23 17:51:13.383738] [0x00007fd21681bc40] [info] Encrypted message frame serialization complete. Total bytes written: 53
[2025-01-23 17:51:13.383740] [0x00007fd21681bc40] [debug] Cleaning up CryptoStream resources
[2025-01-23 17:51:13.383742] [0x00007fd21681bc40] [info] Initializing CryptoStream
[2025-01-23 17:51:13.383744] [0x00007fd21681bc40] [debug] CryptoStream initialization complete
[2025-01-23 17:51:13.383745] [0x00007fd21681bc40] [info] Starting message frame deserialization
[2025-01-23 17:51:13.383746] [0x00007fd21681bc40] [debug] Reading IV
[2025-01-23 17:51:13.383748] [0x00007fd21681bc40] [info] Initializing crypto parameters
[2025-01-23 17:51:13.383750] [0x00007fd21681bc40] [debug] Crypto parameters initialized successfully
[2025-01-23 17:51:13.383751] [0x00007fd21681bc40] [debug] Read message type: 0
[2025-01-23 17:51:13.383753] [0x00007fd21681bc40] [debug] Read source id: 2
[2025-01-23 17:51:13.383754] [0x00007fd21681bc40] [debug] Read payload size: 11
[2025-01-23 17:51:13.383756] [0x00007fd21681bc40] [info] Starting stream decryption
[2025-01-23 17:51:13.383758] [0x00007fd21681bc40] [debug] Initializing cipher for decryption
[2025-01-23 17:51:13.383760] [0x00007fd21681bc40] [debug] Cipher initialization complete
[2025-01-23 17:51:13.383762] [0x00007fd21681bc40] [debug] Read decrypted filename length: 8
[2025-01-23 17:51:13.383764] [0x00007fd21681bc40] [debug] Added message frame to channel. Channel size: 1
[2025-01-23 17:51:13.383766] [0x00007fd21681bc40] [debug] New frame added to channel
[2025-01-23 17:51:13.383767] [0x00007fd21681bc40] [debug] Decrypting payload of size: 11
[2025-01-23 17:51:13.383769] [0x00007fd21681bc40] [info] Starting stream decryption
[2025-01-23 17:51:13.383770] [0x00007fd21681bc40] [debug] Initializing cipher for decryption
[2025-01-23 17:51:13.383772] [0x00007fd21681bc40] [debug] Cipher initialization complete
[2025-01-23 17:51:13.383774] [0x00007fd21681bc40] [info] Message frame deserialization complete. Total bytes read: 53
[2025-01-23 17:51:13.383776] [0x00007fd21681bc40] [debug] Cleaning up CryptoStream resources
[2025-01-23 17:51:13.383777] [0x00007fd21681bc40] [debug] Retrieved message frame from channel. Channel size: 0
[       OK ] CodecTest.BasicSerializeDeserialize (1 ms)
[----------] 1 test from CodecTest (1 ms total)

[----------] Global test environment tear-down
[==========] 1 test from 1 test suite ran. (1 ms total)
[  PASSED  ] 1 test.
<end of output>
Test time =   0.01 sec
----------------------------------------------------------
Test Passed.
"CodecTest.BasicSerializeDeserialize" end time: Jan 23 17:51 UTC
"CodecTest.BasicSerializeDeserialize" time elapsed: 00:00:00
----------------------------------------------------------

26/28 Testing: CodecTest.LargePayloadChunkedProcessing
26/28 Test: CodecTest.LargePayloadChunkedProcessing
Command: "/home/runner/workspace/build/codec_tests" "--gtest_filter=CodecTest.LargePayloadChunkedProcessing" "--gtest_also_run_disabled_tests"
Directory: /home/runner/workspace/build
"CodecTest.LargePayloadChunkedProcessing" start time: Jan 23 17:51 UTC
Output:
----------------------------------------------------------
Running main() from /build/source/googletest/src/gtest_main.cc
Note: Google Test filter = CodecTest.LargePayloadChunkedProcessing
[==========] Running 1 test from 1 test suite.
[----------] Global test environment set-up.
[----------] 1 test from CodecTest
[ RUN      ] CodecTest.LargePayloadChunkedProcessing
[2025-01-23 17:51:13.394402] [0x00007fd88e9fec40] [info]    Initializing Codec with key of size: 32
[2025-01-23 17:51:13.481124] [0x00007fd88e9fec40] [info] Initializing CryptoStream
[2025-01-23 17:51:13.481309] [0x00007fd88e9fec40] [debug] CryptoStream initialization complete
[2025-01-23 17:51:13.481314] [0x00007fd88e9fec40] [info] Initializing crypto parameters
[2025-01-23 17:51:13.481316] [0x00007fd88e9fec40] [debug] Crypto parameters initialized successfully
[2025-01-23 17:51:13.481318] [0x00007fd88e9fec40] [info] Starting message frame serialization
[2025-01-23 17:51:13.481319] [0x00007fd88e9fec40] [debug] Writing IV of size: 16
[2025-01-23 17:51:13.481323] [0x00007fd88e9fec40] [debug] Writing message type: 0
[2025-01-23 17:51:13.481325] [0x00007fd88e9fec40] [debug] Writing source id: 3
[2025-01-23 17:51:13.481327] [0x00007fd88e9fec40] [debug] Writing payload size: 10485760
[2025-01-23 17:51:13.481331] [0x00007fd88e9fec40] [info] Starting stream encryption
[2025-01-23 17:51:13.481333] [0x00007fd88e9fec40] [debug] Initializing cipher for encryption
[2025-01-23 17:51:13.482924] [0x00007fd88e9fec40] [debug] Cipher initialization complete
[2025-01-23 17:51:13.482936] [0x00007fd88e9fec40] [debug] Writing encrypted filename length
[2025-01-23 17:51:13.482939] [0x00007fd88e9fec40] [debug] Encrypting and writing payload of size: 10485760
[2025-01-23 17:51:13.482941] [0x00007fd88e9fec40] [info] Starting stream encryption
[2025-01-23 17:51:13.482942] [0x00007fd88e9fec40] [debug] Initializing cipher for encryption
[2025-01-23 17:51:13.482946] [0x00007fd88e9fec40] [debug] Cipher initialization complete
[2025-01-23 17:51:13.504378] [0x00007fd88e9fec40] [info] Encrypted message frame serialization complete. Total bytes written: 10485802
[2025-01-23 17:51:13.504421] [0x00007fd88e9fec40] [debug] Cleaning up CryptoStream resources
[2025-01-23 17:51:13.504426] [0x00007fd88e9fec40] [info] Initializing CryptoStream
[2025-01-23 17:51:13.504429] [0x00007fd88e9fec40] [debug] CryptoStream initialization complete
[2025-01-23 17:51:13.504431] [0x00007fd88e9fec40] [info] Starting message frame deserialization
[2025-01-23 17:51:13.504432] [0x00007fd88e9fec40] [debug] Reading IV
[2025-01-23 17:51:13.504434] [0x00007fd88e9fec40] [info] Initializing crypto parameters
[2025-01-23 17:51:13.504437] [0x00007fd88e9fec40] [debug] Crypto parameters initialized successfully
[2025-01-23 17:51:13.504440] [0x00007fd88e9fec40] [debug] Read message type: 0
[2025-01-23 17:51:13.504444] [0x00007fd88e9fec40] [debug] Read source id: 3
[2025-01-23 17:51:13.504447] [0x00007fd88e9fec40] [debug] Read payload size: 10485760
[2025-01-23 17:51:13.504452] [0x00007fd88e9fec40] [info] Starting stream decryption
[2025-01-23 17:51:13.504456] [0x00007fd88e9fec40] [debug] Initializing cipher for decryption
[2025-01-23 17:51:13.504469] [0x00007fd88e9fec40] [debug] Cipher initialization complete
[2025-01-23 17:51:13.504473] [0x00007fd88e9fec40] [debug] Read decrypted filename length: 12
[2025-01-23 17:51:13.504475] [0x00007fd88e9fec40] [debug] Added message frame to channel. Channel size: 1
[2025-01-23 17:51:13.504477] [0x00007fd88e9fec40] [debug] New frame added to channel
[2025-01-23 17:51:13.504479] [0x00007fd88e9fec40] [debug] Decrypting payload of size: 10485760
[2025-01-23 17:51:13.504480] [0x00007fd88e9fec40] [info] Starting stream decryption
[2025-01-23 17:51:13.504482] [0x00007fd88e9fec40] [debug] Initializing cipher for decryption
[2025-01-23 17:51:13.504484] [0x00007fd88e9fec40] [debug] Cipher initialization complete
[2025-01-23 17:51:13.515502] [0x00007fd88e9fec40] [info] Message frame deserialization complete. Total bytes read: 10485802
[2025-01-23 17:51:13.515532] [0x00007fd88e9fec40] [debug] Cleaning up CryptoStream resources
[2025-01-23 17:51:13.515538] [0x00007fd88e9fec40] [debug] Retrieved message frame from channel. Channel size: 0
[       OK ] CodecTest.LargePayloadChunkedProcessing (200 ms)
[----------] 1 test from CodecTest (200 ms total)

[----------] Global test environment tear-down
[==========] 1 test from 1 test suite ran. (200 ms total)
[  PASSED  ] 1 test.
<end of output>
Test time =   0.21 sec
----------------------------------------------------------
Test Passed.
"CodecTest.LargePayloadChunkedProcessing" end time: Jan 23 17:51 UTC
"CodecTest.LargePayloadChunkedProcessing" time elapsed: 00:00:00
----------------------------------------------------------

27/28 Testing: CodecTest.MalformedInputHandling
27/28 Test: CodecTest.MalformedInputHandling
Command: "/home/runner/workspace/build/codec_tests" "--gtest_filter=CodecTest.MalformedInputHandling" "--gtest_also_run_disabled_tests"
Directory: /home/runner/workspace/build
"CodecTest.MalformedInputHandling" start time: Jan 23 17:51 UTC
Output:
----------------------------------------------------------
Running main() from /build/source/googletest/src/gtest_main.cc
Note: Google Test filter = CodecTest.MalformedInputHandling
[==========] Running 1 test from 1 test suite.
[----------] Global test environment set-up.
[----------] 1 test from CodecTest
[ RUN      ] CodecTest.MalformedInputHandling
[2025-01-23 17:51:13.608507] [0x00007f01edc89c40] [info]    Initializing Codec with key of size: 32
[2025-01-23 17:51:13.608542] [0x00007f01edc89c40] [info] Initializing CryptoStream
[2025-01-23 17:51:13.608666] [0x00007f01edc89c40] [debug] CryptoStream initialization complete
[2025-01-23 17:51:13.608671] [0x00007f01edc89c40] [info] Starting message frame deserialization
[2025-01-23 17:51:13.608673] [0x00007f01edc89c40] [debug] Reading IV
[2025-01-23 17:51:13.608675] [0x00007f01edc89c40] [error] Failed to read 16 bytes from input stream
[2025-01-23 17:51:13.608699] [0x00007f01edc89c40] [error] Error during deserialization: Failed to read from input stream
[2025-01-23 17:51:13.608708] [0x00007f01edc89c40] [debug] Cleaning up CryptoStream resources
[2025-01-23 17:51:13.608717] [0x00007f01edc89c40] [error] Invalid input stream state
[2025-01-23 17:51:13.608721] [0x00007f01edc89c40] [info] Initializing CryptoStream
[2025-01-23 17:51:13.608723] [0x00007f01edc89c40] [debug] CryptoStream initialization complete
[2025-01-23 17:51:13.608724] [0x00007f01edc89c40] [info] Initializing crypto parameters
[2025-01-23 17:51:13.608726] [0x00007f01edc89c40] [error] Invalid IV size: 15 bytes (expected 16 bytes)
[2025-01-23 17:51:13.608732] [0x00007f01edc89c40] [debug] Cleaning up CryptoStream resources
[       OK ] CodecTest.MalformedInputHandling (0 ms)
[----------] 1 test from CodecTest (0 ms total)

[----------] Global test environment tear-down
[==========] 1 test from 1 test suite ran. (0 ms total)
[  PASSED  ] 1 test.
<end of output>
Test time =   0.01 sec
----------------------------------------------------------
Test Passed.
"CodecTest.MalformedInputHandling" end time: Jan 23 17:51 UTC
"CodecTest.MalformedInputHandling" time elapsed: 00:00:00
----------------------------------------------------------

28/28 Testing: CodecTest.EmptySourceId
28/28 Test: CodecTest.EmptySourceId
Command: "/home/runner/workspace/build/codec_tests" "--gtest_filter=CodecTest.EmptySourceId" "--gtest_also_run_disabled_tests"
Directory: /home/runner/workspace/build
"CodecTest.EmptySourceId" start time: Jan 23 17:51 UTC
Output:
----------------------------------------------------------
Running main() from /build/source/googletest/src/gtest_main.cc
Note: Google Test filter = CodecTest.EmptySourceId
[==========] Running 1 test from 1 test suite.
[----------] Global test environment set-up.
[----------] 1 test from CodecTest
[ RUN      ] CodecTest.EmptySourceId
[2025-01-23 17:51:13.619069] [0x00007f38ca47fc40] [info]    Initializing Codec with key of size: 32
[2025-01-23 17:51:13.619093] [0x00007f38ca47fc40] [info] Initializing CryptoStream
[2025-01-23 17:51:13.619216] [0x00007f38ca47fc40] [debug] CryptoStream initialization complete
[2025-01-23 17:51:13.619220] [0x00007f38ca47fc40] [info] Initializing crypto parameters
[2025-01-23 17:51:13.619222] [0x00007f38ca47fc40] [debug] Crypto parameters initialized successfully
[2025-01-23 17:51:13.619224] [0x00007f38ca47fc40] [info] Starting message frame serialization
[2025-01-23 17:51:13.619225] [0x00007f38ca47fc40] [debug] Writing IV of size: 16
[2025-01-23 17:51:13.619228] [0x00007f38ca47fc40] [debug] Writing message type: 0
[2025-01-23 17:51:13.619229] [0x00007f38ca47fc40] [debug] Writing source id: 0
[2025-01-23 17:51:13.619231] [0x00007f38ca47fc40] [debug] Writing payload size: 0
[2025-01-23 17:51:13.619234] [0x00007f38ca47fc40] [info] Starting stream encryption
[2025-01-23 17:51:13.619237] [0x00007f38ca47fc40] [debug] Initializing cipher for encryption
[2025-01-23 17:51:13.620681] [0x00007f38ca47fc40] [debug] Cipher initialization complete
[2025-01-23 17:51:13.620695] [0x00007f38ca47fc40] [debug] Writing encrypted filename length
[2025-01-23 17:51:13.620699] [0x00007f38ca47fc40] [info] Encrypted message frame serialization complete. Total bytes written: 42
[2025-01-23 17:51:13.620703] [0x00007f38ca47fc40] [debug] Cleaning up CryptoStream resources
[2025-01-23 17:51:13.620707] [0x00007f38ca47fc40] [info] Initializing CryptoStream
[2025-01-23 17:51:13.620710] [0x00007f38ca47fc40] [debug] CryptoStream initialization complete
[2025-01-23 17:51:13.620714] [0x00007f38ca47fc40] [info] Starting message frame deserialization
[2025-01-23 17:51:13.620716] [0x00007f38ca47fc40] [debug] Reading IV
[2025-01-23 17:51:13.620718] [0x00007f38ca47fc40] [info] Initializing crypto parameters
[2025-01-23 17:51:13.620719] [0x00007f38ca47fc40] [debug] Crypto parameters initialized successfully
[2025-01-23 17:51:13.620721] [0x00007f38ca47fc40] [debug] Read message type: 0
[2025-01-23 17:51:13.620723] [0x00007f38ca47fc40] [debug] Read source id: 0
[2025-01-23 17:51:13.620724] [0x00007f38ca47fc40] [debug] Read payload size: 0
[2025-01-23 17:51:13.620726] [0x00007f38ca47fc40] [info] Starting stream decryption
[2025-01-23 17:51:13.620728] [0x00007f38ca47fc40] [debug] Initializing cipher for decryption
[2025-01-23 17:51:13.620731] [0x00007f38ca47fc40] [debug] Cipher initialization complete
[2025-01-23 17:51:13.620734] [0x00007f38ca47fc40] [debug] Read decrypted filename length: 0
[2025-01-23 17:51:13.620736] [0x00007f38ca47fc40] [debug] Added message frame to channel. Channel size: 1
[2025-01-23 17:51:13.620737] [0x00007f38ca47fc40] [debug] New frame added to channel
[2025-01-23 17:51:13.620739] [0x00007f38ca47fc40] [info] Message frame deserialization complete. Total bytes read: 42
[2025-01-23 17:51:13.620740] [0x00007f38ca47fc40] [debug] Cleaning up CryptoStream resources
[2025-01-23 17:51:13.620742] [0x00007f38ca47fc40] [debug] Retrieved message frame from channel. Channel size: 0
[       OK ] CodecTest.EmptySourceId (1 ms)
[----------] 1 test from CodecTest (1 ms total)

[----------] Global test environment tear-down
[==========] 1 test from 1 test suite ran. (1 ms total)
[  PASSED  ] 1 test.
<end of output>
Test time =   0.01 sec
----------------------------------------------------------
Test Passed.
"CodecTest.EmptySourceId" end time: Jan 23 17:51 UTC
"CodecTest.EmptySourceId" time elapsed: 00:00:00
----------------------------------------------------------

End testing: Jan 23 17:51 UTC
