Start testing: Jan 27 18:18 UTC
----------------------------------------------------------
1/29 Testing: CryptoStreamTest.BasicStreamOperation
1/29 Test: CryptoStreamTest.BasicStreamOperation
Command: "/home/runner/workspace/build/crypto_tests" "--gtest_filter=CryptoStreamTest.BasicStreamOperation" "--gtest_also_run_disabled_tests"
Directory: /home/runner/workspace/build
"CryptoStreamTest.BasicStreamOperation" start time: Jan 27 18:18 UTC
Output:
----------------------------------------------------------
Running main() from /build/source/googletest/src/gtest_main.cc
Note: Google Test filter = CryptoStreamTest.BasicStreamOperation
[==========] Running 1 test from 1 test suite.
[----------] Global test environment set-up.
[----------] 1 test from CryptoStreamTest
[ RUN      ] CryptoStreamTest.BasicStreamOperation
[2025-01-27 18:18:23.567769] [0x00007faad8fd3b80] [info]    Initializing CryptoStream
[2025-01-27 18:18:23.567937] [0x00007faad8fd3b80] [debug]   CryptoStream initialization complete
[2025-01-27 18:18:23.567958] [0x00007faad8fd3b80] [info]    Initializing crypto parameters
[2025-01-27 18:18:23.567974] [0x00007faad8fd3b80] [debug]   Crypto parameters initialized successfully
[2025-01-27 18:18:23.567989] [0x00007faad8fd3b80] [info]    Starting stream encryption
[2025-01-27 18:18:23.567997] [0x00007faad8fd3b80] [debug]   Initializing cipher for encryption
[2025-01-27 18:18:23.570539] [0x00007faad8fd3b80] [debug]   Cipher initialization complete
[2025-01-27 18:18:23.570574] [0x00007faad8fd3b80] [info]    Starting stream decryption
[2025-01-27 18:18:23.570585] [0x00007faad8fd3b80] [debug]   Initializing cipher for decryption
[2025-01-27 18:18:23.570599] [0x00007faad8fd3b80] [debug]   Cipher initialization complete
[2025-01-27 18:18:23.570610] [0x00007faad8fd3b80] [debug]   Cleaning up CryptoStream resources
[       OK ] CryptoStreamTest.BasicStreamOperation (2 ms)
[----------] 1 test from CryptoStreamTest (2 ms total)

[----------] Global test environment tear-down
[==========] 1 test from 1 test suite ran. (3 ms total)
[  PASSED  ] 1 test.
<end of output>
Test time =   0.02 sec
----------------------------------------------------------
Test Passed.
"CryptoStreamTest.BasicStreamOperation" end time: Jan 27 18:18 UTC
"CryptoStreamTest.BasicStreamOperation" time elapsed: 00:00:00
----------------------------------------------------------

2/29 Testing: CryptoStreamTest.UninitializedError
2/29 Test: CryptoStreamTest.UninitializedError
Command: "/home/runner/workspace/build/crypto_tests" "--gtest_filter=CryptoStreamTest.UninitializedError" "--gtest_also_run_disabled_tests"
Directory: /home/runner/workspace/build
"CryptoStreamTest.UninitializedError" start time: Jan 27 18:18 UTC
Output:
----------------------------------------------------------
Running main() from /build/source/googletest/src/gtest_main.cc
Note: Google Test filter = CryptoStreamTest.UninitializedError
[==========] Running 1 test from 1 test suite.
[----------] Global test environment set-up.
[----------] 1 test from CryptoStreamTest
[ RUN      ] CryptoStreamTest.UninitializedError
[2025-01-27 18:18:23.599257] [0x00007f528cd14b80] [info]    Initializing CryptoStream
[2025-01-27 18:18:23.599619] [0x00007f528cd14b80] [debug]   CryptoStream initialization complete
[2025-01-27 18:18:23.599693] [0x00007f528cd14b80] [info]    Initializing crypto parameters
[2025-01-27 18:18:23.599811] [0x00007f528cd14b80] [debug]   Crypto parameters initialized successfully
[2025-01-27 18:18:23.599827] [0x00007f528cd14b80] [info]    Initializing CryptoStream
[2025-01-27 18:18:23.599833] [0x00007f528cd14b80] [debug]   CryptoStream initialization complete
[2025-01-27 18:18:23.599838] [0x00007f528cd14b80] [info]    Starting stream encryption
[2025-01-27 18:18:23.599841] [0x00007f528cd14b80] [debug]   Initializing cipher for encryption
[2025-01-27 18:18:23.599844] [0x00007f528cd14b80] [error]   Attempted to use uninitialized CryptoStream
[2025-01-27 18:18:23.599871] [0x00007f528cd14b80] [error]   Stream processing failed: Initialization error: CryptoStream not initialized
[2025-01-27 18:18:23.599882] [0x00007f528cd14b80] [debug]   Cleaning up CryptoStream resources
[2025-01-27 18:18:23.599891] [0x00007f528cd14b80] [debug]   Cleaning up CryptoStream resources
[       OK ] CryptoStreamTest.UninitializedError (0 ms)
[----------] 1 test from CryptoStreamTest (0 ms total)

[----------] Global test environment tear-down
[==========] 1 test from 1 test suite ran. (0 ms total)
[  PASSED  ] 1 test.
<end of output>
Test time =   0.03 sec
----------------------------------------------------------
Test Passed.
"CryptoStreamTest.UninitializedError" end time: Jan 27 18:18 UTC
"CryptoStreamTest.UninitializedError" time elapsed: 00:00:00
----------------------------------------------------------

3/29 Testing: CryptoStreamTest.EmptyStream
3/29 Test: CryptoStreamTest.EmptyStream
Command: "/home/runner/workspace/build/crypto_tests" "--gtest_filter=CryptoStreamTest.EmptyStream" "--gtest_also_run_disabled_tests"
Directory: /home/runner/workspace/build
"CryptoStreamTest.EmptyStream" start time: Jan 27 18:18 UTC
Output:
----------------------------------------------------------
Running main() from /build/source/googletest/src/gtest_main.cc
Note: Google Test filter = CryptoStreamTest.EmptyStream
[==========] Running 1 test from 1 test suite.
[----------] Global test environment set-up.
[----------] 1 test from CryptoStreamTest
[ RUN      ] CryptoStreamTest.EmptyStream
[2025-01-27 18:18:23.618092] [0x00007feabf60ab80] [info]    Initializing CryptoStream
[2025-01-27 18:18:23.618372] [0x00007feabf60ab80] [debug]   CryptoStream initialization complete
[2025-01-27 18:18:23.618384] [0x00007feabf60ab80] [info]    Initializing crypto parameters
[2025-01-27 18:18:23.618388] [0x00007feabf60ab80] [debug]   Crypto parameters initialized successfully
[2025-01-27 18:18:23.618395] [0x00007feabf60ab80] [info]    Starting stream encryption
[2025-01-27 18:18:23.618400] [0x00007feabf60ab80] [debug]   Initializing cipher for encryption
[2025-01-27 18:18:23.622944] [0x00007feabf60ab80] [debug]   Cipher initialization complete
[2025-01-27 18:18:23.622971] [0x00007feabf60ab80] [info]    Starting stream decryption
[2025-01-27 18:18:23.622975] [0x00007feabf60ab80] [debug]   Initializing cipher for decryption
[2025-01-27 18:18:23.622980] [0x00007feabf60ab80] [debug]   Cipher initialization complete
[2025-01-27 18:18:23.622986] [0x00007feabf60ab80] [debug]   Cleaning up CryptoStream resources
[       OK ] CryptoStreamTest.EmptyStream (4 ms)
[----------] 1 test from CryptoStreamTest (5 ms total)

[----------] Global test environment tear-down
[==========] 1 test from 1 test suite ran. (5 ms total)
[  PASSED  ] 1 test.
<end of output>
Test time =   0.02 sec
----------------------------------------------------------
Test Passed.
"CryptoStreamTest.EmptyStream" end time: Jan 27 18:18 UTC
"CryptoStreamTest.EmptyStream" time elapsed: 00:00:00
----------------------------------------------------------

4/29 Testing: CryptoStreamTest.LargeStream
4/29 Test: CryptoStreamTest.LargeStream
Command: "/home/runner/workspace/build/crypto_tests" "--gtest_filter=CryptoStreamTest.LargeStream" "--gtest_also_run_disabled_tests"
Directory: /home/runner/workspace/build
"CryptoStreamTest.LargeStream" start time: Jan 27 18:18 UTC
Output:
----------------------------------------------------------
Running main() from /build/source/googletest/src/gtest_main.cc
Note: Google Test filter = CryptoStreamTest.LargeStream
[==========] Running 1 test from 1 test suite.
[----------] Global test environment set-up.
[----------] 1 test from CryptoStreamTest
[ RUN      ] CryptoStreamTest.LargeStream
[2025-01-27 18:18:23.649893] [0x00007f325e495b80] [info]    Initializing CryptoStream
[2025-01-27 18:18:23.650457] [0x00007f325e495b80] [debug]   CryptoStream initialization complete
[2025-01-27 18:18:23.650486] [0x00007f325e495b80] [info]    Initializing crypto parameters
[2025-01-27 18:18:23.650503] [0x00007f325e495b80] [debug]   Crypto parameters initialized successfully
[2025-01-27 18:18:23.674151] [0x00007f325e495b80] [info]    Starting stream encryption
[2025-01-27 18:18:23.674213] [0x00007f325e495b80] [debug]   Initializing cipher for encryption
[2025-01-27 18:18:23.678695] [0x00007f325e495b80] [debug]   Cipher initialization complete
[2025-01-27 18:18:23.689380] [0x00007f325e495b80] [info]    Starting stream decryption
[2025-01-27 18:18:23.689396] [0x00007f325e495b80] [debug]   Initializing cipher for decryption
[2025-01-27 18:18:23.689414] [0x00007f325e495b80] [debug]   Cipher initialization complete
[2025-01-27 18:18:23.692356] [0x00007f325e495b80] [debug]   Cleaning up CryptoStream resources
[       OK ] CryptoStreamTest.LargeStream (42 ms)
[----------] 1 test from CryptoStreamTest (42 ms total)

[----------] Global test environment tear-down
[==========] 1 test from 1 test suite ran. (42 ms total)
[  PASSED  ] 1 test.
<end of output>
Test time =   0.07 sec
----------------------------------------------------------
Test Passed.
"CryptoStreamTest.LargeStream" end time: Jan 27 18:18 UTC
"CryptoStreamTest.LargeStream" time elapsed: 00:00:00
----------------------------------------------------------

5/29 Testing: CryptoStreamTest.InvalidStreamState
5/29 Test: CryptoStreamTest.InvalidStreamState
Command: "/home/runner/workspace/build/crypto_tests" "--gtest_filter=CryptoStreamTest.InvalidStreamState" "--gtest_also_run_disabled_tests"
Directory: /home/runner/workspace/build
"CryptoStreamTest.InvalidStreamState" start time: Jan 27 18:18 UTC
Output:
----------------------------------------------------------
Running main() from /build/source/googletest/src/gtest_main.cc
Note: Google Test filter = CryptoStreamTest.InvalidStreamState
[==========] Running 1 test from 1 test suite.
[----------] Global test environment set-up.
[----------] 1 test from CryptoStreamTest
[ RUN      ] CryptoStreamTest.InvalidStreamState
[2025-01-27 18:18:23.734631] [0x00007fa4ab81fb80] [info]    Initializing CryptoStream
[2025-01-27 18:18:23.734929] [0x00007fa4ab81fb80] [debug]   CryptoStream initialization complete
[2025-01-27 18:18:23.734956] [0x00007fa4ab81fb80] [info]    Initializing crypto parameters
[2025-01-27 18:18:23.734975] [0x00007fa4ab81fb80] [debug]   Crypto parameters initialized successfully
[2025-01-27 18:18:23.734993] [0x00007fa4ab81fb80] [info]    Starting stream encryption
[2025-01-27 18:18:23.735003] [0x00007fa4ab81fb80] [error]   Invalid stream state detected
[2025-01-27 18:18:23.735082] [0x00007fa4ab81fb80] [info]    Starting stream encryption
[2025-01-27 18:18:23.735104] [0x00007fa4ab81fb80] [error]   Invalid stream state detected
[2025-01-27 18:18:23.735126] [0x00007fa4ab81fb80] [debug]   Cleaning up CryptoStream resources
[       OK ] CryptoStreamTest.InvalidStreamState (0 ms)
[----------] 1 test from CryptoStreamTest (0 ms total)

[----------] Global test environment tear-down
[==========] 1 test from 1 test suite ran. (0 ms total)
[  PASSED  ] 1 test.
<end of output>
Test time =   0.04 sec
----------------------------------------------------------
Test Passed.
"CryptoStreamTest.InvalidStreamState" end time: Jan 27 18:18 UTC
"CryptoStreamTest.InvalidStreamState" time elapsed: 00:00:00
----------------------------------------------------------

6/29 Testing: CryptoStreamTest.BlockAlignment
6/29 Test: CryptoStreamTest.BlockAlignment
Command: "/home/runner/workspace/build/crypto_tests" "--gtest_filter=CryptoStreamTest.BlockAlignment" "--gtest_also_run_disabled_tests"
Directory: /home/runner/workspace/build
"CryptoStreamTest.BlockAlignment" start time: Jan 27 18:18 UTC
Output:
----------------------------------------------------------
Running main() from /build/source/googletest/src/gtest_main.cc
Note: Google Test filter = CryptoStreamTest.BlockAlignment
[==========] Running 1 test from 1 test suite.
[----------] Global test environment set-up.
[----------] 1 test from CryptoStreamTest
[ RUN      ] CryptoStreamTest.BlockAlignment
[2025-01-27 18:18:23.759836] [0x00007f3e60924b80] [info]    Initializing CryptoStream
[2025-01-27 18:18:23.760027] [0x00007f3e60924b80] [debug]   CryptoStream initialization complete
[2025-01-27 18:18:23.760046] [0x00007f3e60924b80] [info]    Initializing crypto parameters
[2025-01-27 18:18:23.760061] [0x00007f3e60924b80] [debug]   Crypto parameters initialized successfully
[2025-01-27 18:18:23.760079] [0x00007f3e60924b80] [info]    Starting stream encryption
[2025-01-27 18:18:23.760091] [0x00007f3e60924b80] [debug]   Initializing cipher for encryption
[2025-01-27 18:18:23.762214] [0x00007f3e60924b80] [debug]   Cipher initialization complete
[2025-01-27 18:18:23.762307] [0x00007f3e60924b80] [info]    Starting stream decryption
[2025-01-27 18:18:23.762325] [0x00007f3e60924b80] [debug]   Initializing cipher for decryption
[2025-01-27 18:18:23.762341] [0x00007f3e60924b80] [debug]   Cipher initialization complete
[2025-01-27 18:18:23.762364] [0x00007f3e60924b80] [info]    Starting stream encryption
[2025-01-27 18:18:23.762377] [0x00007f3e60924b80] [debug]   Initializing cipher for encryption
[2025-01-27 18:18:23.762390] [0x00007f3e60924b80] [debug]   Cipher initialization complete
[2025-01-27 18:18:23.762402] [0x00007f3e60924b80] [info]    Starting stream decryption
[2025-01-27 18:18:23.762412] [0x00007f3e60924b80] [debug]   Initializing cipher for decryption
[2025-01-27 18:18:23.762424] [0x00007f3e60924b80] [debug]   Cipher initialization complete
[2025-01-27 18:18:23.762438] [0x00007f3e60924b80] [info]    Starting stream encryption
[2025-01-27 18:18:23.762452] [0x00007f3e60924b80] [debug]   Initializing cipher for encryption
[2025-01-27 18:18:23.762468] [0x00007f3e60924b80] [debug]   Cipher initialization complete
[2025-01-27 18:18:23.762483] [0x00007f3e60924b80] [info]    Starting stream decryption
[2025-01-27 18:18:23.762494] [0x00007f3e60924b80] [debug]   Initializing cipher for decryption
[2025-01-27 18:18:23.762506] [0x00007f3e60924b80] [debug]   Cipher initialization complete
[2025-01-27 18:18:23.762520] [0x00007f3e60924b80] [info]    Starting stream encryption
[2025-01-27 18:18:23.762531] [0x00007f3e60924b80] [debug]   Initializing cipher for encryption
[2025-01-27 18:18:23.762542] [0x00007f3e60924b80] [debug]   Cipher initialization complete
[2025-01-27 18:18:23.762554] [0x00007f3e60924b80] [info]    Starting stream decryption
[2025-01-27 18:18:23.762570] [0x00007f3e60924b80] [debug]   Initializing cipher for decryption
[2025-01-27 18:18:23.762583] [0x00007f3e60924b80] [debug]   Cipher initialization complete
[2025-01-27 18:18:23.762597] [0x00007f3e60924b80] [info]    Starting stream encryption
[2025-01-27 18:18:23.762608] [0x00007f3e60924b80] [debug]   Initializing cipher for encryption
[2025-01-27 18:18:23.762620] [0x00007f3e60924b80] [debug]   Cipher initialization complete
[2025-01-27 18:18:23.762632] [0x00007f3e60924b80] [info]    Starting stream decryption
[2025-01-27 18:18:23.762642] [0x00007f3e60924b80] [debug]   Initializing cipher for decryption
[2025-01-27 18:18:23.762655] [0x00007f3e60924b80] [debug]   Cipher initialization complete
[2025-01-27 18:18:23.762669] [0x00007f3e60924b80] [info]    Starting stream encryption
[2025-01-27 18:18:23.762681] [0x00007f3e60924b80] [debug]   Initializing cipher for encryption
[2025-01-27 18:18:23.762694] [0x00007f3e60924b80] [debug]   Cipher initialization complete
[2025-01-27 18:18:23.762706] [0x00007f3e60924b80] [info]    Starting stream decryption
[2025-01-27 18:18:23.762717] [0x00007f3e60924b80] [debug]   Initializing cipher for decryption
[2025-01-27 18:18:23.762728] [0x00007f3e60924b80] [debug]   Cipher initialization complete
[2025-01-27 18:18:23.762742] [0x00007f3e60924b80] [debug]   Cleaning up CryptoStream resources
[       OK ] CryptoStreamTest.BlockAlignment (2 ms)
[----------] 1 test from CryptoStreamTest (3 ms total)

[----------] Global test environment tear-down
[==========] 1 test from 1 test suite ran. (3 ms total)
[  PASSED  ] 1 test.
<end of output>
Test time =   0.02 sec
----------------------------------------------------------
Test Passed.
"CryptoStreamTest.BlockAlignment" end time: Jan 27 18:18 UTC
"CryptoStreamTest.BlockAlignment" time elapsed: 00:00:00
----------------------------------------------------------

7/29 Testing: CryptoStreamTest.StreamOperators
7/29 Test: CryptoStreamTest.StreamOperators
Command: "/home/runner/workspace/build/crypto_tests" "--gtest_filter=CryptoStreamTest.StreamOperators" "--gtest_also_run_disabled_tests"
Directory: /home/runner/workspace/build
"CryptoStreamTest.StreamOperators" start time: Jan 27 18:18 UTC
Output:
----------------------------------------------------------
Running main() from /build/source/googletest/src/gtest_main.cc
Note: Google Test filter = CryptoStreamTest.StreamOperators
[==========] Running 1 test from 1 test suite.
[----------] Global test environment set-up.
[----------] 1 test from CryptoStreamTest
[ RUN      ] CryptoStreamTest.StreamOperators
[2025-01-27 18:18:23.802757] [0x00007f104369ab80] [info]    Initializing CryptoStream
[2025-01-27 18:18:23.809664] [0x00007f104369ab80] [debug]   CryptoStream initialization complete
[2025-01-27 18:18:23.809687] [0x00007f104369ab80] [info]    Initializing crypto parameters
[2025-01-27 18:18:23.809692] [0x00007f104369ab80] [debug]   Crypto parameters initialized successfully
[2025-01-27 18:18:23.809698] [0x00007f104369ab80] [debug]   Stream operator<< called, storing input stream for processing
[2025-01-27 18:18:23.809702] [0x00007f104369ab80] [debug]   Stream operator>> called in encryption mode
[2025-01-27 18:18:23.809709] [0x00007f104369ab80] [info]    Starting stream encryption
[2025-01-27 18:18:23.809713] [0x00007f104369ab80] [debug]   Initializing cipher for encryption
[2025-01-27 18:18:23.813106] [0x00007f104369ab80] [debug]   Cipher initialization complete
[2025-01-27 18:18:23.813280] [0x00007f104369ab80] [debug]   Stream processing complete
[2025-01-27 18:18:23.813285] [0x00007f104369ab80] [debug]   Stream operator<< called, storing input stream for processing
[2025-01-27 18:18:23.813287] [0x00007f104369ab80] [debug]   Stream operator>> called in decryption mode
[2025-01-27 18:18:23.813289] [0x00007f104369ab80] [info]    Starting stream decryption
[2025-01-27 18:18:23.813290] [0x00007f104369ab80] [debug]   Initializing cipher for decryption
[2025-01-27 18:18:23.813294] [0x00007f104369ab80] [debug]   Cipher initialization complete
[2025-01-27 18:18:23.813297] [0x00007f104369ab80] [debug]   Stream processing complete
[2025-01-27 18:18:23.813299] [0x00007f104369ab80] [debug]   Stream operator>> called in decryption mode
[2025-01-27 18:18:23.813301] [0x00007f104369ab80] [error]   Stream operator>> called without prior input stream
[2025-01-27 18:18:23.813341] [0x00007f104369ab80] [debug]   Cleaning up CryptoStream resources
[       OK ] CryptoStreamTest.StreamOperators (10 ms)
[----------] 1 test from CryptoStreamTest (10 ms total)

[----------] Global test environment tear-down
[==========] 1 test from 1 test suite ran. (10 ms total)
[  PASSED  ] 1 test.
<end of output>
Test time =   0.05 sec
----------------------------------------------------------
Test Passed.
"CryptoStreamTest.StreamOperators" end time: Jan 27 18:18 UTC
"CryptoStreamTest.StreamOperators" time elapsed: 00:00:00
----------------------------------------------------------

8/29 Testing: CryptoStreamTest.IVGeneration
8/29 Test: CryptoStreamTest.IVGeneration
Command: "/home/runner/workspace/build/crypto_tests" "--gtest_filter=CryptoStreamTest.IVGeneration" "--gtest_also_run_disabled_tests"
Directory: /home/runner/workspace/build
"CryptoStreamTest.IVGeneration" start time: Jan 27 18:18 UTC
Output:
----------------------------------------------------------
Running main() from /build/source/googletest/src/gtest_main.cc
Note: Google Test filter = CryptoStreamTest.IVGeneration
[==========] Running 1 test from 1 test suite.
[----------] Global test environment set-up.
[----------] 1 test from CryptoStreamTest
[ RUN      ] CryptoStreamTest.IVGeneration
[2025-01-27 18:18:23.836745] [0x00007f766ed26b80] [info]    Initializing CryptoStream
[2025-01-27 18:18:23.836978] [0x00007f766ed26b80] [debug]   CryptoStream initialization complete
[2025-01-27 18:18:23.837000] [0x00007f766ed26b80] [info]    Initializing crypto parameters
[2025-01-27 18:18:23.837016] [0x00007f766ed26b80] [debug]   Crypto parameters initialized successfully
[2025-01-27 18:18:23.837028] [0x00007f766ed26b80] [info]    Initializing CryptoStream
[2025-01-27 18:18:23.837040] [0x00007f766ed26b80] [debug]   CryptoStream initialization complete
[2025-01-27 18:18:23.837051] [0x00007f766ed26b80] [debug]   Generating initialization vector
[2025-01-27 18:18:23.839163] [0x00007f766ed26b80] [debug]   Successfully generated initialization vector
[2025-01-27 18:18:23.839189] [0x00007f766ed26b80] [debug]   Generating initialization vector
[2025-01-27 18:18:23.839200] [0x00007f766ed26b80] [debug]   Successfully generated initialization vector
[2025-01-27 18:18:23.839208] [0x00007f766ed26b80] [info]    Initializing crypto parameters
[2025-01-27 18:18:23.839215] [0x00007f766ed26b80] [debug]   Crypto parameters initialized successfully
[2025-01-27 18:18:23.839227] [0x00007f766ed26b80] [info]    Starting stream encryption
[2025-01-27 18:18:23.839235] [0x00007f766ed26b80] [debug]   Initializing cipher for encryption
[2025-01-27 18:18:23.839254] [0x00007f766ed26b80] [debug]   Cipher initialization complete
[2025-01-27 18:18:23.839268] [0x00007f766ed26b80] [info]    Starting stream decryption
[2025-01-27 18:18:23.839278] [0x00007f766ed26b80] [debug]   Initializing cipher for decryption
[2025-01-27 18:18:23.839294] [0x00007f766ed26b80] [debug]   Cipher initialization complete
[2025-01-27 18:18:23.839304] [0x00007f766ed26b80] [debug]   Cleaning up CryptoStream resources
[2025-01-27 18:18:23.839308] [0x00007f766ed26b80] [debug]   Cleaning up CryptoStream resources
[       OK ] CryptoStreamTest.IVGeneration (2 ms)
[----------] 1 test from CryptoStreamTest (2 ms total)

[----------] Global test environment tear-down
[==========] 1 test from 1 test suite ran. (2 ms total)
[  PASSED  ] 1 test.
<end of output>
Test time =   0.03 sec
----------------------------------------------------------
Test Passed.
"CryptoStreamTest.IVGeneration" end time: Jan 27 18:18 UTC
"CryptoStreamTest.IVGeneration" time elapsed: 00:00:00
----------------------------------------------------------

9/29 Testing: StoreTest.BasicStoreAndRetrieve
9/29 Test: StoreTest.BasicStoreAndRetrieve
Command: "/home/runner/workspace/build/store_tests" "--gtest_filter=StoreTest.BasicStoreAndRetrieve" "--gtest_also_run_disabled_tests"
Directory: /home/runner/workspace/build
"StoreTest.BasicStoreAndRetrieve" start time: Jan 27 18:18 UTC
Output:
----------------------------------------------------------
Running main() from /build/source/googletest/src/gtest_main.cc
Note: Google Test filter = StoreTest.BasicStoreAndRetrieve
[==========] Running 1 test from 1 test suite.
[----------] Global test environment set-up.
[----------] 1 test from StoreTest
[ RUN      ] StoreTest.BasicStoreAndRetrieve
[2025-01-27 18:18:23.866510] [0x00007fac2c1beb80] [info]    Initializing Store with base path: /tmp/store_test_1738001903866372680
[2025-01-27 18:18:23.866521] [0x00007fac2c1beb80] [debug]   Store directory created/verified at: /tmp/store_test_1738001903866372680
[2025-01-27 18:18:23.866527] [0x00007fac2c1beb80] [info]    Storing data with key: test_key
[2025-01-27 18:18:23.866533] [0x00007fac2c1beb80] [debug]   Generating hash for key: test_key
[2025-01-27 18:18:23.868360] [0x00007fac2c1beb80] [debug]   Generated hash: 92488e1e3eeecdf99f3ed2ce59233efb4b4fb612d5655c0ce9ea52b5a502e655
[2025-01-27 18:18:23.868376] [0x00007fac2c1beb80] [debug]   Calculated path: /tmp/store_test_1738001903866372680/92/48/8e/1e3eeecdf99f3ed2ce59233efb4b4fb612d5655c0ce9ea52b5a502e655
[2025-01-27 18:18:23.868443] [0x00007fac2c1beb80] [debug]   Calculated file path: /tmp/store_test_1738001903866372680/92/48/8e/1e3eeecdf99f3ed2ce59233efb4b4fb612d5655c0ce9ea52b5a502e655
[2025-01-27 18:18:23.868506] [0x00007fac2c1beb80] [info]    Successfully stored 13 bytes with key: test_key
[2025-01-27 18:18:23.868511] [0x00007fac2c1beb80] [debug]   Checking existence of key: test_key
[2025-01-27 18:18:23.868514] [0x00007fac2c1beb80] [debug]   Generating hash for key: test_key
[2025-01-27 18:18:23.868522] [0x00007fac2c1beb80] [debug]   Generated hash: 92488e1e3eeecdf99f3ed2ce59233efb4b4fb612d5655c0ce9ea52b5a502e655
[2025-01-27 18:18:23.868527] [0x00007fac2c1beb80] [debug]   Calculated path: /tmp/store_test_1738001903866372680/92/48/8e/1e3eeecdf99f3ed2ce59233efb4b4fb612d5655c0ce9ea52b5a502e655
[2025-01-27 18:18:23.868534] [0x00007fac2c1beb80] [debug]   Key test_key exists at path: /tmp/store_test_1738001903866372680/92/48/8e/1e3eeecdf99f3ed2ce59233efb4b4fb612d5655c0ce9ea52b5a502e655
[2025-01-27 18:18:23.868537] [0x00007fac2c1beb80] [info]    Retrieving data for key: test_key
[2025-01-27 18:18:23.868540] [0x00007fac2c1beb80] [debug]   Generating hash for key: test_key
[2025-01-27 18:18:23.868545] [0x00007fac2c1beb80] [debug]   Generated hash: 92488e1e3eeecdf99f3ed2ce59233efb4b4fb612d5655c0ce9ea52b5a502e655
[2025-01-27 18:18:23.868549] [0x00007fac2c1beb80] [debug]   Calculated path: /tmp/store_test_1738001903866372680/92/48/8e/1e3eeecdf99f3ed2ce59233efb4b4fb612d5655c0ce9ea52b5a502e655
[2025-01-27 18:18:23.868566] [0x00007fac2c1beb80] [info]    Successfully streamed 13 bytes for key: test_key
[2025-01-27 18:18:23.868578] [0x00007fac2c1beb80] [info]    Clearing entire store at: "/tmp/store_test_1738001903866372680"
[2025-01-27 18:18:23.868782] [0x00007fac2c1beb80] [info]    Store cleared successfully
[       OK ] StoreTest.BasicStoreAndRetrieve (2 ms)
[----------] 1 test from StoreTest (2 ms total)

[----------] Global test environment tear-down
[==========] 1 test from 1 test suite ran. (2 ms total)
[  PASSED  ] 1 test.
<end of output>
Test time =   0.03 sec
----------------------------------------------------------
Test Passed.
"StoreTest.BasicStoreAndRetrieve" end time: Jan 27 18:18 UTC
"StoreTest.BasicStoreAndRetrieve" time elapsed: 00:00:00
----------------------------------------------------------

10/29 Testing: StoreTest.EmptyInput
10/29 Test: StoreTest.EmptyInput
Command: "/home/runner/workspace/build/store_tests" "--gtest_filter=StoreTest.EmptyInput" "--gtest_also_run_disabled_tests"
Directory: /home/runner/workspace/build
"StoreTest.EmptyInput" start time: Jan 27 18:18 UTC
Output:
----------------------------------------------------------
Running main() from /build/source/googletest/src/gtest_main.cc
Note: Google Test filter = StoreTest.EmptyInput
[==========] Running 1 test from 1 test suite.
[----------] Global test environment set-up.
[----------] 1 test from StoreTest
[ RUN      ] StoreTest.EmptyInput
[2025-01-27 18:18:23.905703] [0x00007f3a7b6a8b80] [info]    Initializing Store with base path: /tmp/store_test_1738001903901383186
[2025-01-27 18:18:23.905736] [0x00007f3a7b6a8b80] [debug]   Store directory created/verified at: /tmp/store_test_1738001903901383186
[2025-01-27 18:18:23.905752] [0x00007f3a7b6a8b80] [info]    Storing data with key: empty_test
[2025-01-27 18:18:23.905760] [0x00007f3a7b6a8b80] [debug]   Generating hash for key: empty_test
[2025-01-27 18:18:23.908404] [0x00007f3a7b6a8b80] [debug]   Generated hash: f1b6800e9ca01dac557744adec3477366cbe3888d44fcabefb3078c4c069f3a8
[2025-01-27 18:18:23.908438] [0x00007f3a7b6a8b80] [debug]   Calculated path: /tmp/store_test_1738001903901383186/f1/b6/80/0e9ca01dac557744adec3477366cbe3888d44fcabefb3078c4c069f3a8
[2025-01-27 18:18:23.908520] [0x00007f3a7b6a8b80] [debug]   Calculated file path: /tmp/store_test_1738001903901383186/f1/b6/80/0e9ca01dac557744adec3477366cbe3888d44fcabefb3078c4c069f3a8
[2025-01-27 18:18:23.908559] [0x00007f3a7b6a8b80] [debug]   Storing empty content for key: empty_test
[2025-01-27 18:18:23.908590] [0x00007f3a7b6a8b80] [info]    Successfully stored 0 bytes with key: empty_test
[2025-01-27 18:18:23.908606] [0x00007f3a7b6a8b80] [debug]   Checking existence of key: empty_test
[2025-01-27 18:18:23.908619] [0x00007f3a7b6a8b80] [debug]   Generating hash for key: empty_test
[2025-01-27 18:18:23.908635] [0x00007f3a7b6a8b80] [debug]   Generated hash: f1b6800e9ca01dac557744adec3477366cbe3888d44fcabefb3078c4c069f3a8
[2025-01-27 18:18:23.908650] [0x00007f3a7b6a8b80] [debug]   Calculated path: /tmp/store_test_1738001903901383186/f1/b6/80/0e9ca01dac557744adec3477366cbe3888d44fcabefb3078c4c069f3a8
[2025-01-27 18:18:23.908667] [0x00007f3a7b6a8b80] [debug]   Key empty_test exists at path: /tmp/store_test_1738001903901383186/f1/b6/80/0e9ca01dac557744adec3477366cbe3888d44fcabefb3078c4c069f3a8
[2025-01-27 18:18:23.908684] [0x00007f3a7b6a8b80] [info]    Retrieving data for key: empty_test
[2025-01-27 18:18:23.908697] [0x00007f3a7b6a8b80] [debug]   Generating hash for key: empty_test
[2025-01-27 18:18:23.908709] [0x00007f3a7b6a8b80] [debug]   Generated hash: f1b6800e9ca01dac557744adec3477366cbe3888d44fcabefb3078c4c069f3a8
[2025-01-27 18:18:23.908722] [0x00007f3a7b6a8b80] [debug]   Calculated path: /tmp/store_test_1738001903901383186/f1/b6/80/0e9ca01dac557744adec3477366cbe3888d44fcabefb3078c4c069f3a8
[2025-01-27 18:18:23.908741] [0x00007f3a7b6a8b80] [debug]   Retrieved empty content for key: empty_test
[2025-01-27 18:18:23.908754] [0x00007f3a7b6a8b80] [info]    Clearing entire store at: "/tmp/store_test_1738001903901383186"
[2025-01-27 18:18:23.908972] [0x00007f3a7b6a8b80] [info]    Store cleared successfully
[       OK ] StoreTest.EmptyInput (7 ms)
[----------] 1 test from StoreTest (7 ms total)

[----------] Global test environment tear-down
[==========] 1 test from 1 test suite ran. (7 ms total)
[  PASSED  ] 1 test.
<end of output>
Test time =   0.04 sec
----------------------------------------------------------
Test Passed.
"StoreTest.EmptyInput" end time: Jan 27 18:18 UTC
"StoreTest.EmptyInput" time elapsed: 00:00:00
----------------------------------------------------------

11/29 Testing: StoreTest.MultipleFiles
11/29 Test: StoreTest.MultipleFiles
Command: "/home/runner/workspace/build/store_tests" "--gtest_filter=StoreTest.MultipleFiles" "--gtest_also_run_disabled_tests"
Directory: /home/runner/workspace/build
"StoreTest.MultipleFiles" start time: Jan 27 18:18 UTC
Output:
----------------------------------------------------------
Running main() from /build/source/googletest/src/gtest_main.cc
Note: Google Test filter = StoreTest.MultipleFiles
[==========] Running 1 test from 1 test suite.
[----------] Global test environment set-up.
[----------] 1 test from StoreTest
[ RUN      ] StoreTest.MultipleFiles
[2025-01-27 18:18:23.936009] [0x00007f42dbd6bb80] [info]    Initializing Store with base path: /tmp/store_test_1738001903935884023
[2025-01-27 18:18:23.936020] [0x00007f42dbd6bb80] [debug]   Store directory created/verified at: /tmp/store_test_1738001903935884023
[2025-01-27 18:18:23.936030] [0x00007f42dbd6bb80] [info]    Storing data with key: key1
[2025-01-27 18:18:23.936032] [0x00007f42dbd6bb80] [debug]   Generating hash for key: key1
[2025-01-27 18:18:23.938441] [0x00007f42dbd6bb80] [debug]   Generated hash: 8174099687a26621f4e2cdd7cc03b3dacedb3fb962255b1aafd033cabe831530
[2025-01-27 18:18:23.938453] [0x00007f42dbd6bb80] [debug]   Calculated path: /tmp/store_test_1738001903935884023/81/74/09/9687a26621f4e2cdd7cc03b3dacedb3fb962255b1aafd033cabe831530
[2025-01-27 18:18:23.938526] [0x00007f42dbd6bb80] [debug]   Calculated file path: /tmp/store_test_1738001903935884023/81/74/09/9687a26621f4e2cdd7cc03b3dacedb3fb962255b1aafd033cabe831530
[2025-01-27 18:18:23.938639] [0x00007f42dbd6bb80] [info]    Successfully stored 18 bytes with key: key1
[2025-01-27 18:18:23.938645] [0x00007f42dbd6bb80] [debug]   Checking existence of key: key1
[2025-01-27 18:18:23.938648] [0x00007f42dbd6bb80] [debug]   Generating hash for key: key1
[2025-01-27 18:18:23.938658] [0x00007f42dbd6bb80] [debug]   Generated hash: 8174099687a26621f4e2cdd7cc03b3dacedb3fb962255b1aafd033cabe831530
[2025-01-27 18:18:23.938663] [0x00007f42dbd6bb80] [debug]   Calculated path: /tmp/store_test_1738001903935884023/81/74/09/9687a26621f4e2cdd7cc03b3dacedb3fb962255b1aafd033cabe831530
[2025-01-27 18:18:23.938669] [0x00007f42dbd6bb80] [debug]   Key key1 exists at path: /tmp/store_test_1738001903935884023/81/74/09/9687a26621f4e2cdd7cc03b3dacedb3fb962255b1aafd033cabe831530
[2025-01-27 18:18:23.938672] [0x00007f42dbd6bb80] [info]    Storing data with key: key2
[2025-01-27 18:18:23.938674] [0x00007f42dbd6bb80] [debug]   Generating hash for key: key2
[2025-01-27 18:18:23.938677] [0x00007f42dbd6bb80] [debug]   Generated hash: b10253764c8b233fb37542e23401c7b450e5a6f9751f3b5a014f6f67e8bc999d
[2025-01-27 18:18:23.938680] [0x00007f42dbd6bb80] [debug]   Calculated path: /tmp/store_test_1738001903935884023/b1/02/53/764c8b233fb37542e23401c7b450e5a6f9751f3b5a014f6f67e8bc999d
[2025-01-27 18:18:23.938739] [0x00007f42dbd6bb80] [debug]   Calculated file path: /tmp/store_test_1738001903935884023/b1/02/53/764c8b233fb37542e23401c7b450e5a6f9751f3b5a014f6f67e8bc999d
[2025-01-27 18:18:23.938771] [0x00007f42dbd6bb80] [info]    Successfully stored 19 bytes with key: key2
[2025-01-27 18:18:23.938774] [0x00007f42dbd6bb80] [debug]   Checking existence of key: key2
[2025-01-27 18:18:23.938776] [0x00007f42dbd6bb80] [debug]   Generating hash for key: key2
[2025-01-27 18:18:23.938781] [0x00007f42dbd6bb80] [debug]   Generated hash: b10253764c8b233fb37542e23401c7b450e5a6f9751f3b5a014f6f67e8bc999d
[2025-01-27 18:18:23.938784] [0x00007f42dbd6bb80] [debug]   Calculated path: /tmp/store_test_1738001903935884023/b1/02/53/764c8b233fb37542e23401c7b450e5a6f9751f3b5a014f6f67e8bc999d
[2025-01-27 18:18:23.938806] [0x00007f42dbd6bb80] [debug]   Key key2 exists at path: /tmp/store_test_1738001903935884023/b1/02/53/764c8b233fb37542e23401c7b450e5a6f9751f3b5a014f6f67e8bc999d
[2025-01-27 18:18:23.938810] [0x00007f42dbd6bb80] [info]    Storing data with key: key3
[2025-01-27 18:18:23.938813] [0x00007f42dbd6bb80] [debug]   Generating hash for key: key3
[2025-01-27 18:18:23.938820] [0x00007f42dbd6bb80] [debug]   Generated hash: f576104eebeab09651d83acffc77c8b8c6eaa4b767aeab24d7da80f83f51d865
[2025-01-27 18:18:23.938825] [0x00007f42dbd6bb80] [debug]   Calculated path: /tmp/store_test_1738001903935884023/f5/76/10/4eebeab09651d83acffc77c8b8c6eaa4b767aeab24d7da80f83f51d865
[2025-01-27 18:18:23.938859] [0x00007f42dbd6bb80] [debug]   Calculated file path: /tmp/store_test_1738001903935884023/f5/76/10/4eebeab09651d83acffc77c8b8c6eaa4b767aeab24d7da80f83f51d865
[2025-01-27 18:18:23.938907] [0x00007f42dbd6bb80] [info]    Successfully stored 18 bytes with key: key3
[2025-01-27 18:18:23.938911] [0x00007f42dbd6bb80] [debug]   Checking existence of key: key3
[2025-01-27 18:18:23.938913] [0x00007f42dbd6bb80] [debug]   Generating hash for key: key3
[2025-01-27 18:18:23.938919] [0x00007f42dbd6bb80] [debug]   Generated hash: f576104eebeab09651d83acffc77c8b8c6eaa4b767aeab24d7da80f83f51d865
[2025-01-27 18:18:23.938922] [0x00007f42dbd6bb80] [debug]   Calculated path: /tmp/store_test_1738001903935884023/f5/76/10/4eebeab09651d83acffc77c8b8c6eaa4b767aeab24d7da80f83f51d865
[2025-01-27 18:18:23.938926] [0x00007f42dbd6bb80] [debug]   Key key3 exists at path: /tmp/store_test_1738001903935884023/f5/76/10/4eebeab09651d83acffc77c8b8c6eaa4b767aeab24d7da80f83f51d865
[2025-01-27 18:18:23.938929] [0x00007f42dbd6bb80] [debug]   Checking existence of key: key1
[2025-01-27 18:18:23.938931] [0x00007f42dbd6bb80] [debug]   Generating hash for key: key1
[2025-01-27 18:18:23.938934] [0x00007f42dbd6bb80] [debug]   Generated hash: 8174099687a26621f4e2cdd7cc03b3dacedb3fb962255b1aafd033cabe831530
[2025-01-27 18:18:23.938936] [0x00007f42dbd6bb80] [debug]   Calculated path: /tmp/store_test_1738001903935884023/81/74/09/9687a26621f4e2cdd7cc03b3dacedb3fb962255b1aafd033cabe831530
[2025-01-27 18:18:23.938939] [0x00007f42dbd6bb80] [debug]   Key key1 exists at path: /tmp/store_test_1738001903935884023/81/74/09/9687a26621f4e2cdd7cc03b3dacedb3fb962255b1aafd033cabe831530
[2025-01-27 18:18:23.938941] [0x00007f42dbd6bb80] [info]    Retrieving data for key: key1
[2025-01-27 18:18:23.938942] [0x00007f42dbd6bb80] [debug]   Generating hash for key: key1
[2025-01-27 18:18:23.938945] [0x00007f42dbd6bb80] [debug]   Generated hash: 8174099687a26621f4e2cdd7cc03b3dacedb3fb962255b1aafd033cabe831530
[2025-01-27 18:18:23.938947] [0x00007f42dbd6bb80] [debug]   Calculated path: /tmp/store_test_1738001903935884023/81/74/09/9687a26621f4e2cdd7cc03b3dacedb3fb962255b1aafd033cabe831530
[2025-01-27 18:18:23.938976] [0x00007f42dbd6bb80] [info]    Successfully streamed 18 bytes for key: key1
[2025-01-27 18:18:23.938983] [0x00007f42dbd6bb80] [debug]   Checking existence of key: key2
[2025-01-27 18:18:23.938986] [0x00007f42dbd6bb80] [debug]   Generating hash for key: key2
[2025-01-27 18:18:23.938992] [0x00007f42dbd6bb80] [debug]   Generated hash: b10253764c8b233fb37542e23401c7b450e5a6f9751f3b5a014f6f67e8bc999d
[2025-01-27 18:18:23.938995] [0x00007f42dbd6bb80] [debug]   Calculated path: /tmp/store_test_1738001903935884023/b1/02/53/764c8b233fb37542e23401c7b450e5a6f9751f3b5a014f6f67e8bc999d
[2025-01-27 18:18:23.938999] [0x00007f42dbd6bb80] [debug]   Key key2 exists at path: /tmp/store_test_1738001903935884023/b1/02/53/764c8b233fb37542e23401c7b450e5a6f9751f3b5a014f6f67e8bc999d
[2025-01-27 18:18:23.939001] [0x00007f42dbd6bb80] [info]    Retrieving data for key: key2
[2025-01-27 18:18:23.939002] [0x00007f42dbd6bb80] [debug]   Generating hash for key: key2
[2025-01-27 18:18:23.939005] [0x00007f42dbd6bb80] [debug]   Generated hash: b10253764c8b233fb37542e23401c7b450e5a6f9751f3b5a014f6f67e8bc999d
[2025-01-27 18:18:23.939007] [0x00007f42dbd6bb80] [debug]   Calculated path: /tmp/store_test_1738001903935884023/b1/02/53/764c8b233fb37542e23401c7b450e5a6f9751f3b5a014f6f67e8bc999d
[2025-01-27 18:18:23.939016] [0x00007f42dbd6bb80] [info]    Successfully streamed 19 bytes for key: key2
[2025-01-27 18:18:23.939018] [0x00007f42dbd6bb80] [debug]   Checking existence of key: key3
[2025-01-27 18:18:23.939020] [0x00007f42dbd6bb80] [debug]   Generating hash for key: key3
[2025-01-27 18:18:23.939023] [0x00007f42dbd6bb80] [debug]   Generated hash: f576104eebeab09651d83acffc77c8b8c6eaa4b767aeab24d7da80f83f51d865
[2025-01-27 18:18:23.939025] [0x00007f42dbd6bb80] [debug]   Calculated path: /tmp/store_test_1738001903935884023/f5/76/10/4eebeab09651d83acffc77c8b8c6eaa4b767aeab24d7da80f83f51d865
[2025-01-27 18:18:23.939028] [0x00007f42dbd6bb80] [debug]   Key key3 exists at path: /tmp/store_test_1738001903935884023/f5/76/10/4eebeab09651d83acffc77c8b8c6eaa4b767aeab24d7da80f83f51d865
[2025-01-27 18:18:23.939030] [0x00007f42dbd6bb80] [info]    Retrieving data for key: key3
[2025-01-27 18:18:23.939033] [0x00007f42dbd6bb80] [debug]   Generating hash for key: key3
[2025-01-27 18:18:23.939056] [0x00007f42dbd6bb80] [debug]   Generated hash: f576104eebeab09651d83acffc77c8b8c6eaa4b767aeab24d7da80f83f51d865
[2025-01-27 18:18:23.939061] [0x00007f42dbd6bb80] [debug]   Calculated path: /tmp/store_test_1738001903935884023/f5/76/10/4eebeab09651d83acffc77c8b8c6eaa4b767aeab24d7da80f83f51d865
[2025-01-27 18:18:23.939075] [0x00007f42dbd6bb80] [info]    Successfully streamed 18 bytes for key: key3
[2025-01-27 18:18:23.939081] [0x00007f42dbd6bb80] [info]    Clearing entire store at: "/tmp/store_test_1738001903935884023"
[2025-01-27 18:18:23.940693] [0x00007f42dbd6bb80] [info]    Store cleared successfully
[       OK ] StoreTest.MultipleFiles (4 ms)
[----------] 1 test from StoreTest (4 ms total)

[----------] Global test environment tear-down
[==========] 1 test from 1 test suite ran. (4 ms total)
[  PASSED  ] 1 test.
<end of output>
Test time =   0.03 sec
----------------------------------------------------------
Test Passed.
"StoreTest.MultipleFiles" end time: Jan 27 18:18 UTC
"StoreTest.MultipleFiles" time elapsed: 00:00:00
----------------------------------------------------------

12/29 Testing: StoreTest.ErrorHandling
12/29 Test: StoreTest.ErrorHandling
Command: "/home/runner/workspace/build/store_tests" "--gtest_filter=StoreTest.ErrorHandling" "--gtest_also_run_disabled_tests"
Directory: /home/runner/workspace/build
"StoreTest.ErrorHandling" start time: Jan 27 18:18 UTC
Output:
----------------------------------------------------------
Running main() from /build/source/googletest/src/gtest_main.cc
Note: Google Test filter = StoreTest.ErrorHandling
[==========] Running 1 test from 1 test suite.
[----------] Global test environment set-up.
[----------] 1 test from StoreTest
[ RUN      ] StoreTest.ErrorHandling
[2025-01-27 18:18:23.994994] [0x00007f988c275b80] [info]    Initializing Store with base path: /tmp/store_test_1738001903994672577
[2025-01-27 18:18:23.995009] [0x00007f988c275b80] [debug]   Store directory created/verified at: /tmp/store_test_1738001903994672577
[2025-01-27 18:18:23.995016] [0x00007f988c275b80] [debug]   Checking existence of key: error_key
[2025-01-27 18:18:23.995019] [0x00007f988c275b80] [debug]   Generating hash for key: error_key
[2025-01-27 18:18:23.997184] [0x00007f988c275b80] [debug]   Generated hash: 7a0a1ce4f1c58ba0fb867426e1bbf7c475cf4a6fb6902cf56852bd2b980d900b
[2025-01-27 18:18:23.997204] [0x00007f988c275b80] [debug]   Calculated path: /tmp/store_test_1738001903994672577/7a/0a/1c/e4f1c58ba0fb867426e1bbf7c475cf4a6fb6902cf56852bd2b980d900b
[2025-01-27 18:18:23.997219] [0x00007f988c275b80] [debug]   Key error_key not found at path: /tmp/store_test_1738001903994672577/7a/0a/1c/e4f1c58ba0fb867426e1bbf7c475cf4a6fb6902cf56852bd2b980d900b
[2025-01-27 18:18:23.998546] [0x00007f988c275b80] [info]    Retrieving data for key: error_key
[2025-01-27 18:18:23.998559] [0x00007f988c275b80] [debug]   Generating hash for key: error_key
[2025-01-27 18:18:23.998574] [0x00007f988c275b80] [debug]   Generated hash: 7a0a1ce4f1c58ba0fb867426e1bbf7c475cf4a6fb6902cf56852bd2b980d900b
[2025-01-27 18:18:23.998582] [0x00007f988c275b80] [debug]   Calculated path: /tmp/store_test_1738001903994672577/7a/0a/1c/e4f1c58ba0fb867426e1bbf7c475cf4a6fb6902cf56852bd2b980d900b
[2025-01-27 18:18:23.998588] [0x00007f988c275b80] [error]   File not found: /tmp/store_test_1738001903994672577/7a/0a/1c/e4f1c58ba0fb867426e1bbf7c475cf4a6fb6902cf56852bd2b980d900b
[2025-01-27 18:18:23.998637] [0x00007f988c275b80] [info]    Storing data with key: error_key
[2025-01-27 18:18:23.998640] [0x00007f988c275b80] [error]   Invalid input stream provided for key: error_key
[2025-01-27 18:18:23.998647] [0x00007f988c275b80] [info]    Clearing entire store at: "/tmp/store_test_1738001903994672577"
[2025-01-27 18:18:23.998743] [0x00007f988c275b80] [info]    Store cleared successfully
[       OK ] StoreTest.ErrorHandling (4 ms)
[----------] 1 test from StoreTest (4 ms total)

[----------] Global test environment tear-down
[==========] 1 test from 1 test suite ran. (4 ms total)
[  PASSED  ] 1 test.
<end of output>
Test time =   0.05 sec
----------------------------------------------------------
Test Passed.
"StoreTest.ErrorHandling" end time: Jan 27 18:18 UTC
"StoreTest.ErrorHandling" time elapsed: 00:00:00
----------------------------------------------------------

13/29 Testing: StoreTest.Clear
13/29 Test: StoreTest.Clear
Command: "/home/runner/workspace/build/store_tests" "--gtest_filter=StoreTest.Clear" "--gtest_also_run_disabled_tests"
Directory: /home/runner/workspace/build
"StoreTest.Clear" start time: Jan 27 18:18 UTC
Output:
----------------------------------------------------------
Running main() from /build/source/googletest/src/gtest_main.cc
Note: Google Test filter = StoreTest.Clear
[==========] Running 1 test from 1 test suite.
[----------] Global test environment set-up.
[----------] 1 test from StoreTest
[ RUN      ] StoreTest.Clear
[2025-01-27 18:18:24.032011] [0x00007f3c3d6f3b80] [info]    Initializing Store with base path: /tmp/store_test_1738001904031866123
[2025-01-27 18:18:24.032036] [0x00007f3c3d6f3b80] [debug]   Store directory created/verified at: /tmp/store_test_1738001904031866123
[2025-01-27 18:18:24.032055] [0x00007f3c3d6f3b80] [info]    Storing data with key: key1
[2025-01-27 18:18:24.032066] [0x00007f3c3d6f3b80] [debug]   Generating hash for key: key1
[2025-01-27 18:18:24.033729] [0x00007f3c3d6f3b80] [debug]   Generated hash: 8174099687a26621f4e2cdd7cc03b3dacedb3fb962255b1aafd033cabe831530
[2025-01-27 18:18:24.033757] [0x00007f3c3d6f3b80] [debug]   Calculated path: /tmp/store_test_1738001904031866123/81/74/09/9687a26621f4e2cdd7cc03b3dacedb3fb962255b1aafd033cabe831530
[2025-01-27 18:18:24.033836] [0x00007f3c3d6f3b80] [debug]   Calculated file path: /tmp/store_test_1738001904031866123/81/74/09/9687a26621f4e2cdd7cc03b3dacedb3fb962255b1aafd033cabe831530
[2025-01-27 18:18:24.033901] [0x00007f3c3d6f3b80] [info]    Successfully stored 9 bytes with key: key1
[2025-01-27 18:18:24.033919] [0x00007f3c3d6f3b80] [debug]   Checking existence of key: key1
[2025-01-27 18:18:24.033929] [0x00007f3c3d6f3b80] [debug]   Generating hash for key: key1
[2025-01-27 18:18:24.033945] [0x00007f3c3d6f3b80] [debug]   Generated hash: 8174099687a26621f4e2cdd7cc03b3dacedb3fb962255b1aafd033cabe831530
[2025-01-27 18:18:24.033958] [0x00007f3c3d6f3b80] [debug]   Calculated path: /tmp/store_test_1738001904031866123/81/74/09/9687a26621f4e2cdd7cc03b3dacedb3fb962255b1aafd033cabe831530
[2025-01-27 18:18:24.033975] [0x00007f3c3d6f3b80] [debug]   Key key1 exists at path: /tmp/store_test_1738001904031866123/81/74/09/9687a26621f4e2cdd7cc03b3dacedb3fb962255b1aafd033cabe831530
[2025-01-27 18:18:24.033992] [0x00007f3c3d6f3b80] [info]    Storing data with key: key2
[2025-01-27 18:18:24.034006] [0x00007f3c3d6f3b80] [debug]   Generating hash for key: key2
[2025-01-27 18:18:24.034024] [0x00007f3c3d6f3b80] [debug]   Generated hash: b10253764c8b233fb37542e23401c7b450e5a6f9751f3b5a014f6f67e8bc999d
[2025-01-27 18:18:24.034039] [0x00007f3c3d6f3b80] [debug]   Calculated path: /tmp/store_test_1738001904031866123/b1/02/53/764c8b233fb37542e23401c7b450e5a6f9751f3b5a014f6f67e8bc999d
[2025-01-27 18:18:24.034117] [0x00007f3c3d6f3b80] [debug]   Calculated file path: /tmp/store_test_1738001904031866123/b1/02/53/764c8b233fb37542e23401c7b450e5a6f9751f3b5a014f6f67e8bc999d
[2025-01-27 18:18:24.034252] [0x00007f3c3d6f3b80] [info]    Successfully stored 9 bytes with key: key2
[2025-01-27 18:18:24.034275] [0x00007f3c3d6f3b80] [debug]   Checking existence of key: key2
[2025-01-27 18:18:24.034289] [0x00007f3c3d6f3b80] [debug]   Generating hash for key: key2
[2025-01-27 18:18:24.034309] [0x00007f3c3d6f3b80] [debug]   Generated hash: b10253764c8b233fb37542e23401c7b450e5a6f9751f3b5a014f6f67e8bc999d
[2025-01-27 18:18:24.034342] [0x00007f3c3d6f3b80] [debug]   Calculated path: /tmp/store_test_1738001904031866123/b1/02/53/764c8b233fb37542e23401c7b450e5a6f9751f3b5a014f6f67e8bc999d
[2025-01-27 18:18:24.034362] [0x00007f3c3d6f3b80] [debug]   Key key2 exists at path: /tmp/store_test_1738001904031866123/b1/02/53/764c8b233fb37542e23401c7b450e5a6f9751f3b5a014f6f67e8bc999d
[2025-01-27 18:18:24.034378] [0x00007f3c3d6f3b80] [info]    Storing data with key: key3
[2025-01-27 18:18:24.034390] [0x00007f3c3d6f3b80] [debug]   Generating hash for key: key3
[2025-01-27 18:18:24.034408] [0x00007f3c3d6f3b80] [debug]   Generated hash: f576104eebeab09651d83acffc77c8b8c6eaa4b767aeab24d7da80f83f51d865
[2025-01-27 18:18:24.034423] [0x00007f3c3d6f3b80] [debug]   Calculated path: /tmp/store_test_1738001904031866123/f5/76/10/4eebeab09651d83acffc77c8b8c6eaa4b767aeab24d7da80f83f51d865
[2025-01-27 18:18:24.034506] [0x00007f3c3d6f3b80] [debug]   Calculated file path: /tmp/store_test_1738001904031866123/f5/76/10/4eebeab09651d83acffc77c8b8c6eaa4b767aeab24d7da80f83f51d865
[2025-01-27 18:18:24.034562] [0x00007f3c3d6f3b80] [info]    Successfully stored 9 bytes with key: key3
[2025-01-27 18:18:24.034582] [0x00007f3c3d6f3b80] [debug]   Checking existence of key: key3
[2025-01-27 18:18:24.034595] [0x00007f3c3d6f3b80] [debug]   Generating hash for key: key3
[2025-01-27 18:18:24.034613] [0x00007f3c3d6f3b80] [debug]   Generated hash: f576104eebeab09651d83acffc77c8b8c6eaa4b767aeab24d7da80f83f51d865
[2025-01-27 18:18:24.034626] [0x00007f3c3d6f3b80] [debug]   Calculated path: /tmp/store_test_1738001904031866123/f5/76/10/4eebeab09651d83acffc77c8b8c6eaa4b767aeab24d7da80f83f51d865
[2025-01-27 18:18:24.034641] [0x00007f3c3d6f3b80] [debug]   Key key3 exists at path: /tmp/store_test_1738001904031866123/f5/76/10/4eebeab09651d83acffc77c8b8c6eaa4b767aeab24d7da80f83f51d865
[2025-01-27 18:18:24.034654] [0x00007f3c3d6f3b80] [info]    Clearing entire store at: "/tmp/store_test_1738001904031866123"
[2025-01-27 18:18:24.035217] [0x00007f3c3d6f3b80] [info]    Store cleared successfully
[2025-01-27 18:18:24.035242] [0x00007f3c3d6f3b80] [debug]   Checking existence of key: key1
[2025-01-27 18:18:24.035254] [0x00007f3c3d6f3b80] [debug]   Generating hash for key: key1
[2025-01-27 18:18:24.035271] [0x00007f3c3d6f3b80] [debug]   Generated hash: 8174099687a26621f4e2cdd7cc03b3dacedb3fb962255b1aafd033cabe831530
[2025-01-27 18:18:24.035284] [0x00007f3c3d6f3b80] [debug]   Calculated path: /tmp/store_test_1738001904031866123/81/74/09/9687a26621f4e2cdd7cc03b3dacedb3fb962255b1aafd033cabe831530
[2025-01-27 18:18:24.035302] [0x00007f3c3d6f3b80] [debug]   Key key1 not found at path: /tmp/store_test_1738001904031866123/81/74/09/9687a26621f4e2cdd7cc03b3dacedb3fb962255b1aafd033cabe831530
[2025-01-27 18:18:24.035321] [0x00007f3c3d6f3b80] [info]    Retrieving data for key: key1
[2025-01-27 18:18:24.035332] [0x00007f3c3d6f3b80] [debug]   Generating hash for key: key1
[2025-01-27 18:18:24.035347] [0x00007f3c3d6f3b80] [debug]   Generated hash: 8174099687a26621f4e2cdd7cc03b3dacedb3fb962255b1aafd033cabe831530
[2025-01-27 18:18:24.035360] [0x00007f3c3d6f3b80] [debug]   Calculated path: /tmp/store_test_1738001904031866123/81/74/09/9687a26621f4e2cdd7cc03b3dacedb3fb962255b1aafd033cabe831530
[2025-01-27 18:18:24.035372] [0x00007f3c3d6f3b80] [error]   File not found: /tmp/store_test_1738001904031866123/81/74/09/9687a26621f4e2cdd7cc03b3dacedb3fb962255b1aafd033cabe831530
[2025-01-27 18:18:24.035419] [0x00007f3c3d6f3b80] [debug]   Checking existence of key: key2
[2025-01-27 18:18:24.035432] [0x00007f3c3d6f3b80] [debug]   Generating hash for key: key2
[2025-01-27 18:18:24.035447] [0x00007f3c3d6f3b80] [debug]   Generated hash: b10253764c8b233fb37542e23401c7b450e5a6f9751f3b5a014f6f67e8bc999d
[2025-01-27 18:18:24.035498] [0x00007f3c3d6f3b80] [debug]   Calculated path: /tmp/store_test_1738001904031866123/b1/02/53/764c8b233fb37542e23401c7b450e5a6f9751f3b5a014f6f67e8bc999d
[2025-01-27 18:18:24.035516] [0x00007f3c3d6f3b80] [debug]   Key key2 not found at path: /tmp/store_test_1738001904031866123/b1/02/53/764c8b233fb37542e23401c7b450e5a6f9751f3b5a014f6f67e8bc999d
[2025-01-27 18:18:24.035528] [0x00007f3c3d6f3b80] [info]    Retrieving data for key: key2
[2025-01-27 18:18:24.035538] [0x00007f3c3d6f3b80] [debug]   Generating hash for key: key2
[2025-01-27 18:18:24.035552] [0x00007f3c3d6f3b80] [debug]   Generated hash: b10253764c8b233fb37542e23401c7b450e5a6f9751f3b5a014f6f67e8bc999d
[2025-01-27 18:18:24.035566] [0x00007f3c3d6f3b80] [debug]   Calculated path: /tmp/store_test_1738001904031866123/b1/02/53/764c8b233fb37542e23401c7b450e5a6f9751f3b5a014f6f67e8bc999d
[2025-01-27 18:18:24.035579] [0x00007f3c3d6f3b80] [error]   File not found: /tmp/store_test_1738001904031866123/b1/02/53/764c8b233fb37542e23401c7b450e5a6f9751f3b5a014f6f67e8bc999d
[2025-01-27 18:18:24.035604] [0x00007f3c3d6f3b80] [debug]   Checking existence of key: key3
[2025-01-27 18:18:24.035614] [0x00007f3c3d6f3b80] [debug]   Generating hash for key: key3
[2025-01-27 18:18:24.035628] [0x00007f3c3d6f3b80] [debug]   Generated hash: f576104eebeab09651d83acffc77c8b8c6eaa4b767aeab24d7da80f83f51d865
[2025-01-27 18:18:24.035640] [0x00007f3c3d6f3b80] [debug]   Calculated path: /tmp/store_test_1738001904031866123/f5/76/10/4eebeab09651d83acffc77c8b8c6eaa4b767aeab24d7da80f83f51d865
[2025-01-27 18:18:24.035658] [0x00007f3c3d6f3b80] [debug]   Key key3 not found at path: /tmp/store_test_1738001904031866123/f5/76/10/4eebeab09651d83acffc77c8b8c6eaa4b767aeab24d7da80f83f51d865
[2025-01-27 18:18:24.035669] [0x00007f3c3d6f3b80] [info]    Retrieving data for key: key3
[2025-01-27 18:18:24.035680] [0x00007f3c3d6f3b80] [debug]   Generating hash for key: key3
[2025-01-27 18:18:24.035693] [0x00007f3c3d6f3b80] [debug]   Generated hash: f576104eebeab09651d83acffc77c8b8c6eaa4b767aeab24d7da80f83f51d865
[2025-01-27 18:18:24.035705] [0x00007f3c3d6f3b80] [debug]   Calculated path: /tmp/store_test_1738001904031866123/f5/76/10/4eebeab09651d83acffc77c8b8c6eaa4b767aeab24d7da80f83f51d865
[2025-01-27 18:18:24.035717] [0x00007f3c3d6f3b80] [error]   File not found: /tmp/store_test_1738001904031866123/f5/76/10/4eebeab09651d83acffc77c8b8c6eaa4b767aeab24d7da80f83f51d865
[2025-01-27 18:18:24.035737] [0x00007f3c3d6f3b80] [info]    Clearing entire store at: "/tmp/store_test_1738001904031866123"
[2025-01-27 18:18:24.035830] [0x00007f3c3d6f3b80] [info]    Store cleared successfully
[       OK ] StoreTest.Clear (4 ms)
[----------] 1 test from StoreTest (4 ms total)

[----------] Global test environment tear-down
[==========] 1 test from 1 test suite ran. (4 ms total)
[  PASSED  ] 1 test.
<end of output>
Test time =   0.03 sec
----------------------------------------------------------
Test Passed.
"StoreTest.Clear" end time: Jan 27 18:18 UTC
"StoreTest.Clear" time elapsed: 00:00:00
----------------------------------------------------------

14/29 Testing: StoreTest.LargeFileHandling
14/29 Test: StoreTest.LargeFileHandling
Command: "/home/runner/workspace/build/store_tests" "--gtest_filter=StoreTest.LargeFileHandling" "--gtest_also_run_disabled_tests"
Directory: /home/runner/workspace/build
"StoreTest.LargeFileHandling" start time: Jan 27 18:18 UTC
Output:
----------------------------------------------------------
Running main() from /build/source/googletest/src/gtest_main.cc
Note: Google Test filter = StoreTest.LargeFileHandling
[==========] Running 1 test from 1 test suite.
[----------] Global test environment set-up.
[----------] 1 test from StoreTest
[ RUN      ] StoreTest.LargeFileHandling
[2025-01-27 18:18:24.055856] [0x00007ff2ae738b80] [info]    Initializing Store with base path: /tmp/store_test_1738001904055612801
[2025-01-27 18:18:24.055885] [0x00007ff2ae738b80] [debug]   Store directory created/verified at: /tmp/store_test_1738001904055612801
[2025-01-27 18:18:24.074783] [0x00007ff2ae738b80] [info]    Storing data with key: large_file
[2025-01-27 18:18:24.074838] [0x00007ff2ae738b80] [debug]   Generating hash for key: large_file
[2025-01-27 18:18:24.076644] [0x00007ff2ae738b80] [debug]   Generated hash: df1fbde40271055bb026eaa5094faa107c4a4987061ed6c7def9df06f885f2f3
[2025-01-27 18:18:24.076721] [0x00007ff2ae738b80] [debug]   Calculated path: /tmp/store_test_1738001904055612801/df/1f/bd/e40271055bb026eaa5094faa107c4a4987061ed6c7def9df06f885f2f3
[2025-01-27 18:18:24.076813] [0x00007ff2ae738b80] [debug]   Calculated file path: /tmp/store_test_1738001904055612801/df/1f/bd/e40271055bb026eaa5094faa107c4a4987061ed6c7def9df06f885f2f3
[2025-01-27 18:18:24.086929] [0x00007ff2ae738b80] [info]    Successfully stored 10485760 bytes with key: large_file
[2025-01-27 18:18:24.086981] [0x00007ff2ae738b80] [debug]   Checking existence of key: large_file
[2025-01-27 18:18:24.086995] [0x00007ff2ae738b80] [debug]   Generating hash for key: large_file
[2025-01-27 18:18:24.087023] [0x00007ff2ae738b80] [debug]   Generated hash: df1fbde40271055bb026eaa5094faa107c4a4987061ed6c7def9df06f885f2f3
[2025-01-27 18:18:24.087038] [0x00007ff2ae738b80] [debug]   Calculated path: /tmp/store_test_1738001904055612801/df/1f/bd/e40271055bb026eaa5094faa107c4a4987061ed6c7def9df06f885f2f3
[2025-01-27 18:18:24.087059] [0x00007ff2ae738b80] [debug]   Key large_file exists at path: /tmp/store_test_1738001904055612801/df/1f/bd/e40271055bb026eaa5094faa107c4a4987061ed6c7def9df06f885f2f3
[2025-01-27 18:18:24.087076] [0x00007ff2ae738b80] [info]    Retrieving data for key: large_file
[2025-01-27 18:18:24.087087] [0x00007ff2ae738b80] [debug]   Generating hash for key: large_file
[2025-01-27 18:18:24.087101] [0x00007ff2ae738b80] [debug]   Generated hash: df1fbde40271055bb026eaa5094faa107c4a4987061ed6c7def9df06f885f2f3
[2025-01-27 18:18:24.087114] [0x00007ff2ae738b80] [debug]   Calculated path: /tmp/store_test_1738001904055612801/df/1f/bd/e40271055bb026eaa5094faa107c4a4987061ed6c7def9df06f885f2f3
[2025-01-27 18:18:24.102220] [0x00007ff2ae738b80] [info]    Successfully streamed 10485760 bytes for key: large_file
[2025-01-27 18:18:24.114342] [0x00007ff2ae738b80] [info]    Clearing entire store at: "/tmp/store_test_1738001904055612801"
[2025-01-27 18:18:24.117011] [0x00007ff2ae738b80] [info]    Store cleared successfully
[       OK ] StoreTest.LargeFileHandling (61 ms)
[----------] 1 test from StoreTest (61 ms total)

[----------] Global test environment tear-down
[==========] 1 test from 1 test suite ran. (61 ms total)
[  PASSED  ] 1 test.
<end of output>
Test time =   0.08 sec
----------------------------------------------------------
Test Passed.
"StoreTest.LargeFileHandling" end time: Jan 27 18:18 UTC
"StoreTest.LargeFileHandling" time elapsed: 00:00:00
----------------------------------------------------------

15/29 Testing: StoreTest.OverwriteBehavior
15/29 Test: StoreTest.OverwriteBehavior
Command: "/home/runner/workspace/build/store_tests" "--gtest_filter=StoreTest.OverwriteBehavior" "--gtest_also_run_disabled_tests"
Directory: /home/runner/workspace/build
"StoreTest.OverwriteBehavior" start time: Jan 27 18:18 UTC
Output:
----------------------------------------------------------
Running main() from /build/source/googletest/src/gtest_main.cc
Note: Google Test filter = StoreTest.OverwriteBehavior
[==========] Running 1 test from 1 test suite.
[----------] Global test environment set-up.
[----------] 1 test from StoreTest
[ RUN      ] StoreTest.OverwriteBehavior
[2025-01-27 18:18:24.156340] [0x00007fca8c990b80] [info]    Initializing Store with base path: /tmp/store_test_1738001904156191490
[2025-01-27 18:18:24.156350] [0x00007fca8c990b80] [debug]   Store directory created/verified at: /tmp/store_test_1738001904156191490
[2025-01-27 18:18:24.156358] [0x00007fca8c990b80] [info]    Storing data with key: overwrite_test
[2025-01-27 18:18:24.156363] [0x00007fca8c990b80] [debug]   Generating hash for key: overwrite_test
[2025-01-27 18:18:24.158337] [0x00007fca8c990b80] [debug]   Generated hash: 30952b659b529afe6343c608ec6d8a565347d89ad4d22eec203b90234d48b36e
[2025-01-27 18:18:24.158356] [0x00007fca8c990b80] [debug]   Calculated path: /tmp/store_test_1738001904156191490/30/95/2b/659b529afe6343c608ec6d8a565347d89ad4d22eec203b90234d48b36e
[2025-01-27 18:18:24.158429] [0x00007fca8c990b80] [debug]   Calculated file path: /tmp/store_test_1738001904156191490/30/95/2b/659b529afe6343c608ec6d8a565347d89ad4d22eec203b90234d48b36e
[2025-01-27 18:18:24.158527] [0x00007fca8c990b80] [info]    Successfully stored 15 bytes with key: overwrite_test
[2025-01-27 18:18:24.158541] [0x00007fca8c990b80] [debug]   Checking existence of key: overwrite_test
[2025-01-27 18:18:24.158545] [0x00007fca8c990b80] [debug]   Generating hash for key: overwrite_test
[2025-01-27 18:18:24.158591] [0x00007fca8c990b80] [debug]   Generated hash: 30952b659b529afe6343c608ec6d8a565347d89ad4d22eec203b90234d48b36e
[2025-01-27 18:18:24.158601] [0x00007fca8c990b80] [debug]   Calculated path: /tmp/store_test_1738001904156191490/30/95/2b/659b529afe6343c608ec6d8a565347d89ad4d22eec203b90234d48b36e
[2025-01-27 18:18:24.158610] [0x00007fca8c990b80] [debug]   Key overwrite_test exists at path: /tmp/store_test_1738001904156191490/30/95/2b/659b529afe6343c608ec6d8a565347d89ad4d22eec203b90234d48b36e
[2025-01-27 18:18:24.158614] [0x00007fca8c990b80] [info]    Retrieving data for key: overwrite_test
[2025-01-27 18:18:24.158617] [0x00007fca8c990b80] [debug]   Generating hash for key: overwrite_test
[2025-01-27 18:18:24.158623] [0x00007fca8c990b80] [debug]   Generated hash: 30952b659b529afe6343c608ec6d8a565347d89ad4d22eec203b90234d48b36e
[2025-01-27 18:18:24.158628] [0x00007fca8c990b80] [debug]   Calculated path: /tmp/store_test_1738001904156191490/30/95/2b/659b529afe6343c608ec6d8a565347d89ad4d22eec203b90234d48b36e
[2025-01-27 18:18:24.158692] [0x00007fca8c990b80] [info]    Successfully streamed 15 bytes for key: overwrite_test
[2025-01-27 18:18:24.158707] [0x00007fca8c990b80] [info]    Storing data with key: overwrite_test
[2025-01-27 18:18:24.158710] [0x00007fca8c990b80] [debug]   Generating hash for key: overwrite_test
[2025-01-27 18:18:24.158718] [0x00007fca8c990b80] [debug]   Generated hash: 30952b659b529afe6343c608ec6d8a565347d89ad4d22eec203b90234d48b36e
[2025-01-27 18:18:24.158726] [0x00007fca8c990b80] [debug]   Calculated path: /tmp/store_test_1738001904156191490/30/95/2b/659b529afe6343c608ec6d8a565347d89ad4d22eec203b90234d48b36e
[2025-01-27 18:18:24.158768] [0x00007fca8c990b80] [debug]   Calculated file path: /tmp/store_test_1738001904156191490/30/95/2b/659b529afe6343c608ec6d8a565347d89ad4d22eec203b90234d48b36e
[2025-01-27 18:18:24.158863] [0x00007fca8c990b80] [info]    Successfully stored 15 bytes with key: overwrite_test
[2025-01-27 18:18:24.158874] [0x00007fca8c990b80] [info]    Retrieving data for key: overwrite_test
[2025-01-27 18:18:24.158878] [0x00007fca8c990b80] [debug]   Generating hash for key: overwrite_test
[2025-01-27 18:18:24.158886] [0x00007fca8c990b80] [debug]   Generated hash: 30952b659b529afe6343c608ec6d8a565347d89ad4d22eec203b90234d48b36e
[2025-01-27 18:18:24.158899] [0x00007fca8c990b80] [debug]   Calculated path: /tmp/store_test_1738001904156191490/30/95/2b/659b529afe6343c608ec6d8a565347d89ad4d22eec203b90234d48b36e
[2025-01-27 18:18:24.158944] [0x00007fca8c990b80] [info]    Successfully streamed 15 bytes for key: overwrite_test
[2025-01-27 18:18:24.158958] [0x00007fca8c990b80] [info]    Clearing entire store at: "/tmp/store_test_1738001904156191490"
[2025-01-27 18:18:24.159659] [0x00007fca8c990b80] [info]    Store cleared successfully
[       OK ] StoreTest.OverwriteBehavior (3 ms)
[----------] 1 test from StoreTest (3 ms total)

[----------] Global test environment tear-down
[==========] 1 test from 1 test suite ran. (3 ms total)
[  PASSED  ] 1 test.
<end of output>
Test time =   0.04 sec
----------------------------------------------------------
Test Passed.
"StoreTest.OverwriteBehavior" end time: Jan 27 18:18 UTC
"StoreTest.OverwriteBehavior" time elapsed: 00:00:00
----------------------------------------------------------

16/29 Testing: StoreTest.StreamStatePreservation
16/29 Test: StoreTest.StreamStatePreservation
Command: "/home/runner/workspace/build/store_tests" "--gtest_filter=StoreTest.StreamStatePreservation" "--gtest_also_run_disabled_tests"
Directory: /home/runner/workspace/build
"StoreTest.StreamStatePreservation" start time: Jan 27 18:18 UTC
Output:
----------------------------------------------------------
Running main() from /build/source/googletest/src/gtest_main.cc
Note: Google Test filter = StoreTest.StreamStatePreservation
[==========] Running 1 test from 1 test suite.
[----------] Global test environment set-up.
[----------] 1 test from StoreTest
[ RUN      ] StoreTest.StreamStatePreservation
[2025-01-27 18:18:24.189507] [0x00007faf2f83cb80] [info]    Initializing Store with base path: /tmp/store_test_1738001904189360497
[2025-01-27 18:18:24.189534] [0x00007faf2f83cb80] [debug]   Store directory created/verified at: /tmp/store_test_1738001904189360497
[2025-01-27 18:18:24.189553] [0x00007faf2f83cb80] [info]    Storing data with key: stream_state_test
[2025-01-27 18:18:24.189570] [0x00007faf2f83cb80] [debug]   Generating hash for key: stream_state_test
[2025-01-27 18:18:24.191321] [0x00007faf2f83cb80] [debug]   Generated hash: a9e413f31ab1fd98797abd4d4d50fc4ccfbf9abaec049f8d5f9e9c5b294d61c8
[2025-01-27 18:18:24.191353] [0x00007faf2f83cb80] [debug]   Calculated path: /tmp/store_test_1738001904189360497/a9/e4/13/f31ab1fd98797abd4d4d50fc4ccfbf9abaec049f8d5f9e9c5b294d61c8
[2025-01-27 18:18:24.191430] [0x00007faf2f83cb80] [debug]   Calculated file path: /tmp/store_test_1738001904189360497/a9/e4/13/f31ab1fd98797abd4d4d50fc4ccfbf9abaec049f8d5f9e9c5b294d61c8
[2025-01-27 18:18:24.191498] [0x00007faf2f83cb80] [info]    Successfully stored 26 bytes with key: stream_state_test
[2025-01-27 18:18:24.191516] [0x00007faf2f83cb80] [info]    Retrieving data for key: stream_state_test
[2025-01-27 18:18:24.191527] [0x00007faf2f83cb80] [debug]   Generating hash for key: stream_state_test
[2025-01-27 18:18:24.191546] [0x00007faf2f83cb80] [debug]   Generated hash: a9e413f31ab1fd98797abd4d4d50fc4ccfbf9abaec049f8d5f9e9c5b294d61c8
[2025-01-27 18:18:24.191561] [0x00007faf2f83cb80] [debug]   Calculated path: /tmp/store_test_1738001904189360497/a9/e4/13/f31ab1fd98797abd4d4d50fc4ccfbf9abaec049f8d5f9e9c5b294d61c8
[2025-01-27 18:18:24.191597] [0x00007faf2f83cb80] [info]    Successfully streamed 26 bytes for key: stream_state_test
[2025-01-27 18:18:24.191618] [0x00007faf2f83cb80] [info]    Clearing entire store at: "/tmp/store_test_1738001904189360497"
[2025-01-27 18:18:24.191836] [0x00007faf2f83cb80] [info]    Store cleared successfully
[       OK ] StoreTest.StreamStatePreservation (2 ms)
[----------] 1 test from StoreTest (2 ms total)

[----------] Global test environment tear-down
[==========] 1 test from 1 test suite ran. (5 ms total)
[  PASSED  ] 1 test.
<end of output>
Test time =   0.03 sec
----------------------------------------------------------
Test Passed.
"StoreTest.StreamStatePreservation" end time: Jan 27 18:18 UTC
"StoreTest.StreamStatePreservation" time elapsed: 00:00:00
----------------------------------------------------------

17/29 Testing: StoreTest.FileSizeRetrieval
17/29 Test: StoreTest.FileSizeRetrieval
Command: "/home/runner/workspace/build/store_tests" "--gtest_filter=StoreTest.FileSizeRetrieval" "--gtest_also_run_disabled_tests"
Directory: /home/runner/workspace/build
"StoreTest.FileSizeRetrieval" start time: Jan 27 18:18 UTC
Output:
----------------------------------------------------------
Running main() from /build/source/googletest/src/gtest_main.cc
Note: Google Test filter = StoreTest.FileSizeRetrieval
[==========] Running 1 test from 1 test suite.
[----------] Global test environment set-up.
[----------] 1 test from StoreTest
[ RUN      ] StoreTest.FileSizeRetrieval
[2025-01-27 18:18:24.227892] [0x00007fe7b1696b80] [info]    Initializing Store with base path: /tmp/store_test_1738001904227749883
[2025-01-27 18:18:24.227919] [0x00007fe7b1696b80] [debug]   Store directory created/verified at: /tmp/store_test_1738001904227749883
[2025-01-27 18:18:24.227937] [0x00007fe7b1696b80] [info]    Storing data with key: size_test
[2025-01-27 18:18:24.227948] [0x00007fe7b1696b80] [debug]   Generating hash for key: size_test
[2025-01-27 18:18:24.229660] [0x00007fe7b1696b80] [debug]   Generated hash: d2283af70f36b068be549fdee1255a41540b931c457a992112d4cab9c89de74e
[2025-01-27 18:18:24.229695] [0x00007fe7b1696b80] [debug]   Calculated path: /tmp/store_test_1738001904227749883/d2/28/3a/f70f36b068be549fdee1255a41540b931c457a992112d4cab9c89de74e
[2025-01-27 18:18:24.229779] [0x00007fe7b1696b80] [debug]   Calculated file path: /tmp/store_test_1738001904227749883/d2/28/3a/f70f36b068be549fdee1255a41540b931c457a992112d4cab9c89de74e
[2025-01-27 18:18:24.229853] [0x00007fe7b1696b80] [info]    Successfully stored 13 bytes with key: size_test
[2025-01-27 18:18:24.229876] [0x00007fe7b1696b80] [debug]   Getting file size for key: size_test
[2025-01-27 18:18:24.229890] [0x00007fe7b1696b80] [debug]   Generating hash for key: size_test
[2025-01-27 18:18:24.229910] [0x00007fe7b1696b80] [debug]   Generated hash: d2283af70f36b068be549fdee1255a41540b931c457a992112d4cab9c89de74e
[2025-01-27 18:18:24.229926] [0x00007fe7b1696b80] [debug]   Calculated path: /tmp/store_test_1738001904227749883/d2/28/3a/f70f36b068be549fdee1255a41540b931c457a992112d4cab9c89de74e
[2025-01-27 18:18:24.229946] [0x00007fe7b1696b80] [debug]   File size for key size_test: 13 bytes
[2025-01-27 18:18:24.229959] [0x00007fe7b1696b80] [info]    Storing data with key: empty_test
[2025-01-27 18:18:24.229975] [0x00007fe7b1696b80] [debug]   Generating hash for key: empty_test
[2025-01-27 18:18:24.229992] [0x00007fe7b1696b80] [debug]   Generated hash: f1b6800e9ca01dac557744adec3477366cbe3888d44fcabefb3078c4c069f3a8
[2025-01-27 18:18:24.230007] [0x00007fe7b1696b80] [debug]   Calculated path: /tmp/store_test_1738001904227749883/f1/b6/80/0e9ca01dac557744adec3477366cbe3888d44fcabefb3078c4c069f3a8
[2025-01-27 18:18:24.230072] [0x00007fe7b1696b80] [debug]   Calculated file path: /tmp/store_test_1738001904227749883/f1/b6/80/0e9ca01dac557744adec3477366cbe3888d44fcabefb3078c4c069f3a8
[2025-01-27 18:18:24.230115] [0x00007fe7b1696b80] [debug]   Storing empty content for key: empty_test
[2025-01-27 18:18:24.230151] [0x00007fe7b1696b80] [info]    Successfully stored 0 bytes with key: empty_test
[2025-01-27 18:18:24.230169] [0x00007fe7b1696b80] [debug]   Getting file size for key: empty_test
[2025-01-27 18:18:24.230181] [0x00007fe7b1696b80] [debug]   Generating hash for key: empty_test
[2025-01-27 18:18:24.230199] [0x00007fe7b1696b80] [debug]   Generated hash: f1b6800e9ca01dac557744adec3477366cbe3888d44fcabefb3078c4c069f3a8
[2025-01-27 18:18:24.230214] [0x00007fe7b1696b80] [debug]   Calculated path: /tmp/store_test_1738001904227749883/f1/b6/80/0e9ca01dac557744adec3477366cbe3888d44fcabefb3078c4c069f3a8
[2025-01-27 18:18:24.230234] [0x00007fe7b1696b80] [debug]   File size for key empty_test: 0 bytes
[2025-01-27 18:18:24.230248] [0x00007fe7b1696b80] [debug]   Getting file size for key: nonexistent_key
[2025-01-27 18:18:24.230260] [0x00007fe7b1696b80] [debug]   Generating hash for key: nonexistent_key
[2025-01-27 18:18:24.230275] [0x00007fe7b1696b80] [debug]   Generated hash: 5fbaf0fb39a2369c07d1aa653dd2386202abdff0c69ceb6060083b29af61fd2f
[2025-01-27 18:18:24.230288] [0x00007fe7b1696b80] [debug]   Calculated path: /tmp/store_test_1738001904227749883/5f/ba/f0/fb39a2369c07d1aa653dd2386202abdff0c69ceb6060083b29af61fd2f
[2025-01-27 18:18:24.230312] [0x00007fe7b1696b80] [error]   File not found: /tmp/store_test_1738001904227749883/5f/ba/f0/fb39a2369c07d1aa653dd2386202abdff0c69ceb6060083b29af61fd2f
[2025-01-27 18:18:24.230371] [0x00007fe7b1696b80] [info]    Clearing entire store at: "/tmp/store_test_1738001904227749883"
[2025-01-27 18:18:24.230714] [0x00007fe7b1696b80] [info]    Store cleared successfully
[       OK ] StoreTest.FileSizeRetrieval (3 ms)
[----------] 1 test from StoreTest (3 ms total)

[----------] Global test environment tear-down
[==========] 1 test from 1 test suite ran. (3 ms total)
[  PASSED  ] 1 test.
<end of output>
Test time =   0.04 sec
----------------------------------------------------------
Test Passed.
"StoreTest.FileSizeRetrieval" end time: Jan 27 18:18 UTC
"StoreTest.FileSizeRetrieval" time elapsed: 00:00:00
----------------------------------------------------------

18/29 Testing: ChannelTest.InitialState
18/29 Test: ChannelTest.InitialState
Command: "/home/runner/workspace/build/channel_tests" "--gtest_filter=ChannelTest.InitialState" "--gtest_also_run_disabled_tests"
Directory: /home/runner/workspace/build
"ChannelTest.InitialState" start time: Jan 27 18:18 UTC
Output:
----------------------------------------------------------
Running main() from /build/source/googletest/src/gtest_main.cc
Note: Google Test filter = ChannelTest.InitialState
[==========] Running 1 test from 1 test suite.
[----------] Global test environment set-up.
[----------] 1 test from ChannelTest
[ RUN      ] ChannelTest.InitialState
[       OK ] ChannelTest.InitialState (0 ms)
[----------] 1 test from ChannelTest (0 ms total)

[----------] Global test environment tear-down
[==========] 1 test from 1 test suite ran. (0 ms total)
[  PASSED  ] 1 test.
<end of output>
Test time =   0.02 sec
----------------------------------------------------------
Test Passed.
"ChannelTest.InitialState" end time: Jan 27 18:18 UTC
"ChannelTest.InitialState" time elapsed: 00:00:00
----------------------------------------------------------

19/29 Testing: ChannelTest.SingleProduceConsume
19/29 Test: ChannelTest.SingleProduceConsume
Command: "/home/runner/workspace/build/channel_tests" "--gtest_filter=ChannelTest.SingleProduceConsume" "--gtest_also_run_disabled_tests"
Directory: /home/runner/workspace/build
"ChannelTest.SingleProduceConsume" start time: Jan 27 18:18 UTC
Output:
----------------------------------------------------------
Running main() from /build/source/googletest/src/gtest_main.cc
Note: Google Test filter = ChannelTest.SingleProduceConsume
[==========] Running 1 test from 1 test suite.
[----------] Global test environment set-up.
[----------] 1 test from ChannelTest
[ RUN      ] ChannelTest.SingleProduceConsume
[2025-01-27 18:18:24.299219] [0x00007f53be7dcc40] [debug]   Added message frame to channel. Channel size: 1
[2025-01-27 18:18:24.299243] [0x00007f53be7dcc40] [debug]   Retrieved message frame from channel. Channel size: 0
[       OK ] ChannelTest.SingleProduceConsume (0 ms)
[----------] 1 test from ChannelTest (0 ms total)

[----------] Global test environment tear-down
[==========] 1 test from 1 test suite ran. (0 ms total)
[  PASSED  ] 1 test.
<end of output>
Test time =   0.05 sec
----------------------------------------------------------
Test Passed.
"ChannelTest.SingleProduceConsume" end time: Jan 27 18:18 UTC
"ChannelTest.SingleProduceConsume" time elapsed: 00:00:00
----------------------------------------------------------

20/29 Testing: ChannelTest.MultipleMessages
20/29 Test: ChannelTest.MultipleMessages
Command: "/home/runner/workspace/build/channel_tests" "--gtest_filter=ChannelTest.MultipleMessages" "--gtest_also_run_disabled_tests"
Directory: /home/runner/workspace/build
"ChannelTest.MultipleMessages" start time: Jan 27 18:18 UTC
Output:
----------------------------------------------------------
Running main() from /build/source/googletest/src/gtest_main.cc
Note: Google Test filter = ChannelTest.MultipleMessages
[==========] Running 1 test from 1 test suite.
[----------] Global test environment set-up.
[----------] 1 test from ChannelTest
[ RUN      ] ChannelTest.MultipleMessages
[2025-01-27 18:18:24.341921] [0x00007f8f4359fc40] [debug]   Added message frame to channel. Channel size: 1
[2025-01-27 18:18:24.341944] [0x00007f8f4359fc40] [debug]   Added message frame to channel. Channel size: 2
[2025-01-27 18:18:24.341956] [0x00007f8f4359fc40] [debug]   Added message frame to channel. Channel size: 3
[2025-01-27 18:18:24.341967] [0x00007f8f4359fc40] [debug]   Added message frame to channel. Channel size: 4
[2025-01-27 18:18:24.341978] [0x00007f8f4359fc40] [debug]   Added message frame to channel. Channel size: 5
[2025-01-27 18:18:24.341990] [0x00007f8f4359fc40] [debug]   Retrieved message frame from channel. Channel size: 4
[2025-01-27 18:18:24.342000] [0x00007f8f4359fc40] [debug]   Retrieved message frame from channel. Channel size: 3
[2025-01-27 18:18:24.342013] [0x00007f8f4359fc40] [debug]   Retrieved message frame from channel. Channel size: 2
[2025-01-27 18:18:24.342024] [0x00007f8f4359fc40] [debug]   Retrieved message frame from channel. Channel size: 1
[2025-01-27 18:18:24.342035] [0x00007f8f4359fc40] [debug]   Retrieved message frame from channel. Channel size: 0
[       OK ] ChannelTest.MultipleMessages (0 ms)
[----------] 1 test from ChannelTest (0 ms total)

[----------] Global test environment tear-down
[==========] 1 test from 1 test suite ran. (0 ms total)
[  PASSED  ] 1 test.
<end of output>
Test time =   0.05 sec
----------------------------------------------------------
Test Passed.
"ChannelTest.MultipleMessages" end time: Jan 27 18:18 UTC
"ChannelTest.MultipleMessages" time elapsed: 00:00:00
----------------------------------------------------------

21/29 Testing: ChannelTest.ConsumeEmptyChannel
21/29 Test: ChannelTest.ConsumeEmptyChannel
Command: "/home/runner/workspace/build/channel_tests" "--gtest_filter=ChannelTest.ConsumeEmptyChannel" "--gtest_also_run_disabled_tests"
Directory: /home/runner/workspace/build
"ChannelTest.ConsumeEmptyChannel" start time: Jan 27 18:18 UTC
Output:
----------------------------------------------------------
Running main() from /build/source/googletest/src/gtest_main.cc
Note: Google Test filter = ChannelTest.ConsumeEmptyChannel
[==========] Running 1 test from 1 test suite.
[----------] Global test environment set-up.
[----------] 1 test from ChannelTest
[ RUN      ] ChannelTest.ConsumeEmptyChannel
[       OK ] ChannelTest.ConsumeEmptyChannel (0 ms)
[----------] 1 test from ChannelTest (0 ms total)

[----------] Global test environment tear-down
[==========] 1 test from 1 test suite ran. (0 ms total)
[  PASSED  ] 1 test.
<end of output>
Test time =   0.03 sec
----------------------------------------------------------
Test Passed.
"ChannelTest.ConsumeEmptyChannel" end time: Jan 27 18:18 UTC
"ChannelTest.ConsumeEmptyChannel" time elapsed: 00:00:00
----------------------------------------------------------

22/29 Testing: ChannelTest.ConcurrentProducersConsumers
22/29 Test: ChannelTest.ConcurrentProducersConsumers
Command: "/home/runner/workspace/build/channel_tests" "--gtest_filter=ChannelTest.ConcurrentProducersConsumers" "--gtest_also_run_disabled_tests"
Directory: /home/runner/workspace/build
"ChannelTest.ConcurrentProducersConsumers" start time: Jan 27 18:18 UTC
Output:
----------------------------------------------------------
Running main() from /build/source/googletest/src/gtest_main.cc
Note: Google Test filter = ChannelTest.ConcurrentProducersConsumers
[==========] Running 1 test from 1 test suite.
[----------] Global test environment set-up.
[----------] 1 test from ChannelTest
[ RUN      ] ChannelTest.ConcurrentProducersConsumers
[2025-01-27 18:18:24.404729] [0x00007fabe6ab46c0] [debug]   Added message frame to channel. Channel size: 1
[2025-01-27 18:18:24.404779] [0x00007fabe62b36c0] [debug]   Added message frame to channel. Channel size: 2
[2025-01-27 18:18:24.404864] [0x00007fabe62b36c0] [debug]   Added message frame to channel. Channel size: 3
[2025-01-27 18:18:24.404932] [0x00007fabe62b36c0] [debug]   Added message frame to channel. Channel size: 4
[2025-01-27 18:18:24.405045] [0x00007fabe62b36c0] [debug]   Added message frame to channel. Channel size: 5
[2025-01-27 18:18:24.405222] [0x00007fabe62b36c0] [debug]   Added message frame to channel. Channel size: 6
[2025-01-27 18:18:24.405370] [0x00007fabe62b36c0] [debug]   Added message frame to channel. Channel size: 7
[2025-01-27 18:18:24.405518] [0x00007fabe62b36c0] [debug]   Added message frame to channel. Channel size: 8
[2025-01-27 18:18:24.406166] [0x00007fabe6ab46c0] [debug]   Added message frame to channel. Channel size: 9
[2025-01-27 18:18:24.406214] [0x00007fabdffff6c0] [debug]   Added message frame to channel. Channel size: 10
[2025-01-27 18:18:24.407304] [0x00007fabe5ab26c0] [debug]   Retrieved message frame from channel. Channel size: 9
[2025-01-27 18:18:24.407369] [0x00007fabe52b16c0] [debug]   Retrieved message frame from channel. Channel size: 8
[2025-01-27 18:18:24.408303] [0x00007fabe52b16c0] [debug]   Retrieved message frame from channel. Channel size: 7
[2025-01-27 18:18:24.408338] [0x00007fabe52b16c0] [debug]   Retrieved message frame from channel. Channel size: 6
[2025-01-27 18:18:24.408352] [0x00007fabe52b16c0] [debug]   Retrieved message frame from channel. Channel size: 5
[2025-01-27 18:18:24.408364] [0x00007fabe52b16c0] [debug]   Retrieved message frame from channel. Channel size: 4
[2025-01-27 18:18:24.408405] [0x00007fabe52b16c0] [debug]   Retrieved message frame from channel. Channel size: 3
[2025-01-27 18:18:24.408462] [0x00007fabe52b16c0] [debug]   Retrieved message frame from channel. Channel size: 2
[...]
[==========] 1 test from 1 test suite ran. (713 ms total)
[  PASSED  ] 1 test.
<end of output>
Test time =   0.74 sec
----------------------------------------------------------
Test Passed.
"CodecTest.LargePayloadChunkedProcessing" end time: Jan 27 18:18 UTC
"CodecTest.LargePayloadChunkedProcessing" time elapsed: 00:00:00
----------------------------------------------------------

27/29 Testing: CodecTest.MalformedInputHandling
27/29 Test: CodecTest.MalformedInputHandling
Command: "/home/runner/workspace/build/codec_tests" "--gtest_filter=CodecTest.MalformedInputHandling" "--gtest_also_run_disabled_tests"
Directory: /home/runner/workspace/build
"CodecTest.MalformedInputHandling" start time: Jan 27 18:18 UTC
Output:
----------------------------------------------------------
Running main() from /build/source/googletest/src/gtest_main.cc
Note: Google Test filter = CodecTest.MalformedInputHandling
[==========] Running 1 test from 1 test suite.
[----------] Global test environment set-up.
[----------] 1 test from CodecTest
[ RUN      ] CodecTest.MalformedInputHandling
[2025-01-27 18:18:25.344264] [0x00007f59c97a9c40] [info]    Initializing Codec with key of size: 32
[2025-01-27 18:18:25.344318] [0x00007f59c97a9c40] [info] Initializing CryptoStream
[2025-01-27 18:18:25.344530] [0x00007f59c97a9c40] [debug] CryptoStream initialization complete
[2025-01-27 18:18:25.344539] [0x00007f59c97a9c40] [info] Starting message frame deserialization
[2025-01-27 18:18:25.344543] [0x00007f59c97a9c40] [debug] Reading IV
[2025-01-27 18:18:25.344547] [0x00007f59c97a9c40] [error] Failed to read 16 bytes from input stream
[2025-01-27 18:18:25.344588] [0x00007f59c97a9c40] [error] Error during deserialization: Failed to read from input stream
[2025-01-27 18:18:25.344598] [0x00007f59c97a9c40] [debug] Cleaning up CryptoStream resources
[2025-01-27 18:18:25.344610] [0x00007f59c97a9c40] [error] Invalid input stream state
[2025-01-27 18:18:25.344619] [0x00007f59c97a9c40] [info] Initializing CryptoStream
[2025-01-27 18:18:25.344622] [0x00007f59c97a9c40] [debug] CryptoStream initialization complete
[2025-01-27 18:18:25.344625] [0x00007f59c97a9c40] [info] Initializing crypto parameters
[2025-01-27 18:18:25.344628] [0x00007f59c97a9c40] [error] Invalid IV size: 15 bytes (expected 16 bytes)
[2025-01-27 18:18:25.344638] [0x00007f59c97a9c40] [debug] Cleaning up CryptoStream resources
[       OK ] CodecTest.MalformedInputHandling (0 ms)
[----------] 1 test from CodecTest (0 ms total)

[----------] Global test environment tear-down
[==========] 1 test from 1 test suite ran. (0 ms total)
[  PASSED  ] 1 test.
<end of output>
Test time =   0.07 sec
----------------------------------------------------------
Test Passed.
"CodecTest.MalformedInputHandling" end time: Jan 27 18:18 UTC
"CodecTest.MalformedInputHandling" time elapsed: 00:00:00
----------------------------------------------------------

28/29 Testing: CodecTest.EmptySourceId
28/29 Test: CodecTest.EmptySourceId
Command: "/home/runner/workspace/build/codec_tests" "--gtest_filter=CodecTest.EmptySourceId" "--gtest_also_run_disabled_tests"
Directory: /home/runner/workspace/build
"CodecTest.EmptySourceId" start time: Jan 27 18:18 UTC
Output:
----------------------------------------------------------
Running main() from /build/source/googletest/src/gtest_main.cc
Note: Google Test filter = CodecTest.EmptySourceId
[==========] Running 1 test from 1 test suite.
[----------] Global test environment set-up.
[----------] 1 test from CodecTest
[ RUN      ] CodecTest.EmptySourceId
[2025-01-27 18:18:25.425646] [0x00007f9ac10cfc40] [info]    Initializing Codec with key of size: 32
[2025-01-27 18:18:25.425713] [0x00007f9ac10cfc40] [info] Initializing CryptoStream
[2025-01-27 18:18:25.425964] [0x00007f9ac10cfc40] [debug] CryptoStream initialization complete
[2025-01-27 18:18:25.425971] [0x00007f9ac10cfc40] [info] Initializing crypto parameters
[2025-01-27 18:18:25.425975] [0x00007f9ac10cfc40] [debug] Crypto parameters initialized successfully
[2025-01-27 18:18:25.425978] [0x00007f9ac10cfc40] [info] Starting message frame serialization
[2025-01-27 18:18:25.425981] [0x00007f9ac10cfc40] [debug] Writing IV of size: 16
[2025-01-27 18:18:25.425984] [0x00007f9ac10cfc40] [debug] Writing message type: 0
[2025-01-27 18:18:25.425987] [0x00007f9ac10cfc40] [debug] Writing source id: 0
[2025-01-27 18:18:25.425989] [0x00007f9ac10cfc40] [debug] Writing payload size: 0
[2025-01-27 18:18:25.425995] [0x00007f9ac10cfc40] [info] Starting stream encryption
[2025-01-27 18:18:25.425998] [0x00007f9ac10cfc40] [debug] Initializing cipher for encryption
[2025-01-27 18:18:25.428489] [0x00007f9ac10cfc40] [debug] Cipher initialization complete
[2025-01-27 18:18:25.428505] [0x00007f9ac10cfc40] [debug] Writing encrypted filename length
[2025-01-27 18:18:25.428510] [0x00007f9ac10cfc40] [info] Encrypted message frame serialization complete. Total bytes written: 42
[2025-01-27 18:18:25.428514] [0x00007f9ac10cfc40] [debug] Cleaning up CryptoStream resources
[2025-01-27 18:18:25.428518] [0x00007f9ac10cfc40] [info] Initializing CryptoStream
[2025-01-27 18:18:25.428521] [0x00007f9ac10cfc40] [debug] CryptoStream initialization complete
[2025-01-27 18:18:25.428952] [0x00007f9ac10cfc40] [info] Starting message frame deserialization
[2025-01-27 18:18:25.428958] [0x00007f9ac10cfc40] [debug] Reading IV
[2025-01-27 18:18:25.428961] [0x00007f9ac10cfc40] [info] Initializing crypto parameters
[2025-01-27 18:18:25.428964] [0x00007f9ac10cfc40] [debug] Crypto parameters initialized successfully
[2025-01-27 18:18:25.428967] [0x00007f9ac10cfc40] [debug] Read message type: 0
[2025-01-27 18:18:25.428970] [0x00007f9ac10cfc40] [debug] Read source id: 0
[2025-01-27 18:18:25.428973] [0x00007f9ac10cfc40] [debug] Read payload size: 0
[2025-01-27 18:18:25.428977] [0x00007f9ac10cfc40] [info] Starting stream decryption
[2025-01-27 18:18:25.428980] [0x00007f9ac10cfc40] [debug] Initializing cipher for decryption
[2025-01-27 18:18:25.428987] [0x00007f9ac10cfc40] [debug] Cipher initialization complete
[2025-01-27 18:18:25.428992] [0x00007f9ac10cfc40] [debug] Read decrypted filename length: 0
[2025-01-27 18:18:25.428995] [0x00007f9ac10cfc40] [debug] Added message frame to channel. Channel size: 1
[2025-01-27 18:18:25.428998] [0x00007f9ac10cfc40] [debug] New frame added to channel
[2025-01-27 18:18:25.429001] [0x00007f9ac10cfc40] [info] Message frame deserialization complete. Total bytes read: 42
[2025-01-27 18:18:25.429004] [0x00007f9ac10cfc40] [debug] Cleaning up CryptoStream resources
[2025-01-27 18:18:25.429007] [0x00007f9ac10cfc40] [debug] Retrieved message frame from channel. Channel size: 0
[       OK ] CodecTest.EmptySourceId (3 ms)
[----------] 1 test from CodecTest (3 ms total)

[----------] Global test environment tear-down
[==========] 1 test from 1 test suite ran. (3 ms total)
[  PASSED  ] 1 test.
<end of output>
Test time =   0.06 sec
----------------------------------------------------------
Test Passed.
"CodecTest.EmptySourceId" end time: Jan 27 18:18 UTC
"CodecTest.EmptySourceId" time elapsed: 00:00:00
----------------------------------------------------------

29/29 Testing: BootstrapTest.PeerConnection
29/29 Test: BootstrapTest.PeerConnection
Command: "/home/runner/workspace/build/bootstrap_tests" "--gtest_filter=BootstrapTest.PeerConnection" "--gtest_also_run_disabled_tests"
Directory: /home/runner/workspace/build
"BootstrapTest.PeerConnection" start time: Jan 27 18:18 UTC
Output:
----------------------------------------------------------
Running main() from /build/source/googletest/src/gtest_main.cc
Note: Google Test filter = BootstrapTest.PeerConnection
[==========] Running 1 test from 1 test suite.
[----------] Global test environment set-up.
[----------] 1 test from BootstrapTest
[ RUN      ] BootstrapTest.PeerConnection
[2025-01-27 18:18:25.500179] [0x00007f3f55546d80] [info]    Initializing Bootstrap with ID: 1
[2025-01-27 18:18:25.500232] [0x00007f3f55546d80] [debug]   Bootstrap program: Channel created successfully
[2025-01-27 18:18:25.500257] [0x00007f3f55546d80] [info]    Initializing TCP server  on 127.0.0.1:3001
[2025-01-27 18:18:25.500272] [0x00007f3f55546d80] [debug]   Bootstrap program: TCP Server created successfully
[2025-01-27 18:18:25.500287] [0x00007f3f55546d80] [info]    PeerManager initialized with key size: 32 bytes
[2025-01-27 18:18:25.500300] [0x00007f3f55546d80] [debug]   Bootstrap program: Peer Manager created successfully
[2025-01-27 18:18:25.500311] [0x00007f3f55546d80] [info]    PeerManager set for TCP server 
[2025-01-27 18:18:25.500333] [0x00007f3f55546d80] [info]    Initializing FileServer with ID: 1
[2025-01-27 18:18:25.500358] [0x00007f3f55546d80] [info]    Initializing Store with base path: fileserver_1
[2025-01-27 18:18:25.500377] [0x00007f3f55546d80] [debug]   Store directory created/verified at: fileserver_1
[2025-01-27 18:18:25.500391] [0x00007f3f55546d80] [info]    Initializing Codec with key of size: 32
[2025-01-27 18:18:25.500403] [0x00007f3f55546d80] [info]    FileServer initialization complete
[2025-01-27 18:18:25.500415] [0x00007f3f55546d80] [debug]   Bootstrap program: File Server created successfully
[2025-01-27 18:18:25.500427] [0x00007f3f55546d80] [info]    Bootstrap program: Successfully created all components
[2025-01-27 18:18:25.500440] [0x00007f3f55546d80] [info]    Initializing Bootstrap with ID: 2
[2025-01-27 18:18:25.500452] [0x00007f3f55546d80] [debug]   Bootstrap program: Channel created successfully
[2025-01-27 18:18:25.500465] [0x00007f3f55546d80] [info]    Initializing TCP server  on 127.0.0.1:3002
[2025-01-27 18:18:25.500481] [0x00007f3f55546d80] [debug]   Bootstrap program: TCP Server created successfully
[2025-01-27 18:18:25.500495] [0x00007f3f55546d80] [info]    PeerManager initialized with key size: 32 bytes
[2025-01-27 18:18:25.500509] [0x00007f3f55546d80] [debug]   Bootstrap program: Peer Manager created successfully
[2025-01-27 18:18:25.500522] [0x00007f3f55546d80] [info]    PeerManager set for TCP server 
[2025-01-27 18:18:25.500534] [0x00007f3f55546d80] [info]    Initializing FileServer with ID: 2
[2025-01-27 18:18:25.500546] [0x00007f3f55546d80] [info]    Initializing Store with base path: fileserver_2
[2025-01-27 18:18:25.500561] [0x00007f3f55546d80] [debug]   Store directory created/verified at: fileserver_2
[2025-01-27 18:18:25.500583] [0x00007f3f55546d80] [info]    Initializing Codec with key of size: 32
[2025-01-27 18:18:25.500596] [0x00007f3f55546d80] [info]    FileServer initialization complete
[2025-01-27 18:18:25.500608] [0x00007f3f55546d80] [debug]   Bootstrap program: File Server created successfully
[2025-01-27 18:18:25.500620] [0x00007f3f55546d80] [info]    Bootstrap program: Successfully created all components
[2025-01-27 18:18:25.500761] [0x00007f3f555406c0] [debug]   Endpoint created
[2025-01-27 18:18:25.500779] [0x00007f3f555406c0] [debug]   Acceptor created
[2025-01-27 18:18:25.501704] [0x00007f3f555406c0] [debug]   Starting to accept connections
[2025-01-27 18:18:25.501715] [0x00007f3f555406c0] [debug]   Creating new socket for incoming connection
[2025-01-27 18:18:25.501735] [0x00007f3f555406c0] [debug]   Starting IO context
[2025-01-27 18:18:25.501832] [0x00007f3f555406c0] [info]    Server started successfully on 127.0.0.1:3001
[2025-01-27 18:18:25.501839] [0x00007f3f555406c0] [info]    Bootstrap program: Bootstrap successfully started
[2025-01-27 18:18:26.500917] [0x00007f3f4ffff6c0] [debug]   Endpoint created
[2025-01-27 18:18:26.500946] [0x00007f3f4ffff6c0] [debug]   Acceptor created
[2025-01-27 18:18:26.502025] [0x00007f3f4ffff6c0] [debug]   Starting to accept connections
[2025-01-27 18:18:26.502041] [0x00007f3f4ffff6c0] [debug]   Creating new socket for incoming connection
[2025-01-27 18:18:26.502061] [0x00007f3f4ffff6c0] [debug]   Starting IO context
[2025-01-27 18:18:26.502185] [0x00007f3f4ffff6c0] [info]    Server started successfully on 127.0.0.1:3002
[2025-01-27 18:18:26.502191] [0x00007f3f4ffff6c0] [info]    Bootstrap program: Connecting to bootstrap nodes...
[2025-01-27 18:18:26.502196] [0x00007f3f4ffff6c0] [info]    Resolving address to endpoints
[2025-01-27 18:18:26.502240] [0x00007f3f4ffff6c0] [info]    Attempting to connect to 127.0.0.1:3001
[2025-01-27 18:18:26.502358] [0x00007f3f4ffff6c0] [info]    Successfully connected to 127.0.0.1:3001
[2025-01-27 18:18:26.502364] [0x00007f3f4ffff6c0] [debug]   Initiating handshake request
[2025-01-27 18:18:26.502367] [0x00007f3f4ffff6c0] [debug]   Starting to send ID
[2025-01-27 18:18:26.502387] [0x00007f3f4ffff6c0] [info]    Sent ID: 2
[2025-01-27 18:18:26.502390] [0x00007f3f4ffff6c0] [debug]   Starting to read ID
[2025-01-27 18:18:26.503019] [0x00007f3f54d3f6c0] [debug]   Calling receive_handshake for incoming connection
[2025-01-27 18:18:26.503091] [0x00007f3f54d3f6c0] [debug]   Receiving handshake request
[2025-01-27 18:18:26.503109] [0x00007f3f54d3f6c0] [debug]   Starting to read ID
[2025-01-27 18:18:26.503126] [0x00007f3f54d3f6c0] [info]    Received ID: 2
[2025-01-27 18:18:26.503157] [0x00007f3f54d3f6c0] [debug]   Preparing to send ID back to peer: 1
[2025-01-27 18:18:26.503172] [0x00007f3f54d3f6c0] [debug]   Starting to send ID
[2025-01-27 18:18:26.503226] [0x00007f3f54d3f6c0] [info]    Sent ID: 1
[2025-01-27 18:18:26.503258] [0x00007f3f54d3f6c0] [debug]   Successfully sent ID back to peer
[2025-01-27 18:18:26.503273] [0x00007f3f54d3f6c0] [debug]   Creating new peer with ID: 2
[2025-01-27 18:18:26.503304] [0x00007f3f54d3f6c0] [info]    Initializing Codec with key of size: 32
[2025-01-27 18:18:26.503336] [0x00007f3f54d3f6c0] [debug]   Constructing TCP_Peer
[2025-01-27 18:18:26.503361] [0x00007f3f54d3f6c0] [debug]   Input stream initialized
[2025-01-27 18:18:26.503383] [0x00007f3f54d3f6c0] [info]    TCP_Peer instance created successfully
[2025-01-27 18:18:26.503406] [0x00007f3f54d3f6c0] [info]    Added peer with ID: 2
[2025-01-27 18:18:26.503433] [0x00007f3f54d3f6c0] [debug]   Setting stream processor
[2025-01-27 18:18:26.503454] [0x00007f3f54d3f6c0] [debug]   Stream processor configured
[2025-01-27 18:18:26.503474] [0x00007f3f54d3f6c0] [debug]   Attempting to start stream processing
[2025-01-27 18:18:26.503552] [0x00007f3f54d3f6c0] [info]    Stream processing started successfully
[2025-01-27 18:18:26.503585] [0x00007f3f54d3f6c0] [info]    Accepted and initialized new connection from peer: 2
[2025-01-27 18:18:26.503608] [0x00007f3f54d3f6c0] [debug]   Creating new socket for incoming connection
[2025-01-27 18:18:26.503643] [0x00007f3f54d3f6c0] [debug]   Handshake complete for peer: 2
[2025-01-27 18:18:26.503669] [0x00007f3f54d3f6c0] [debug]   Creating new socket for incoming connection
[2025-01-27 18:18:26.503696] [0x00007f3f4ffff6c0] [info]    Received ID: 1
[2025-01-27 18:18:26.503714] [0x00007f3f4ffff6c0] [debug]   Creating new peer with ID: 1
[2025-01-27 18:18:26.503746] [0x00007f3f4ffff6c0] [info]    Initializing Codec with key of size: 32
[2025-01-27 18:18:26.503768] [0x00007f3f4ffff6c0] [debug]   Constructing TCP_Peer
[2025-01-27 18:18:26.503783] [0x00007f3f4ffff6c0] [debug]   Input stream initialized
[2025-01-27 18:18:26.503798] [0x00007f3f4ffff6c0] [info]    TCP_Peer instance created successfully
[2025-01-27 18:18:26.503815] [0x00007f3f4ffff6c0] [info]    Added peer with ID: 1
[2025-01-27 18:18:26.503830] [0x00007f3f4ffff6c0] [debug]   Setting stream processor
[2025-01-27 18:18:26.503846] [0x00007f3f4ffff6c0] [debug]   Stream processor configured
[2025-01-27 18:18:26.503862] [0x00007f3f4ffff6c0] [debug]   Attempting to start stream processing
[2025-01-27 18:18:26.503938] [0x00007f3f4ffff6c0] [info]    Stream processing started successfully
[2025-01-27 18:18:26.503965] [0x00007f3f4ffff6c0] [info]    Accepted and initialized new connection from peer: 1
[2025-01-27 18:18:26.503981] [0x00007f3f4ffff6c0] [debug]   Creating new socket for incoming connection
[2025-01-27 18:18:26.503998] [0x00007f3f4ffff6c0] [info]    Bootstrap program: Bootstrap successfully started
[2025-01-27 18:18:26.505744] [0x00007f3f4effd6c0] [debug]   Setting up stream processing
[2025-01-27 18:18:26.505764] [0x00007f3f4effd6c0] [trace]   Setting up next async read
[2025-01-27 18:18:26.506978] [0x00007f3f4e7fc6c0] [debug]   Setting up stream processing
[2025-01-27 18:18:26.506987] [0x00007f3f4e7fc6c0] [trace]   Setting up next async read
Getting peer managersJoining threads peer managerschecking for peer existence in peers map[2025-01-27 18:18:27.500940] [0x00007f3f55546d80] [info]    Bootstrap program: Initiating shutdown sequence
[2025-01-27 18:18:27.500964] [0x00007f3f55546d80] [debug]   Bootstrap program: Shutting down File Server
[2025-01-27 18:18:27.500967] [0x00007f3f55546d80] [debug]   Bootstrap program: Shutting down Peer Manager
[2025-01-27 18:18:27.500969] [0x00007f3f55546d80] [info]    Initiating PeerManager shutdown
[2025-01-27 18:18:27.500971] [0x00007f3f55546d80] [debug]   Stopping stream processing
[2025-01-27 18:18:27.501016] [0x00007f3f4e7fc6c0] [info]    Stream processing stopped
[2025-01-27 18:18:27.501088] [0x00007f3f55546d80] [debug]   Processing thread joined
[2025-01-27 18:18:27.501110] [0x00007f3f55546d80] [info]    Stream processing stopped
[2025-01-27 18:18:27.501206] [0x00007f3f55546d80] [info]    Successfully disconnected peer: 1
[2025-01-27 18:18:27.501231] [0x00007f3f55546d80] [debug]   Disconnected peer: 
[2025-01-27 18:18:27.501247] [0x00007f3f55546d80] [info]    PeerManager shutdown complete
[2025-01-27 18:18:27.501260] [0x00007f3f55546d80] [debug]   Bootstrap program: Shutting down TCP Server
[2025-01-27 18:18:27.501274] [0x00007f3f55546d80] [info]    Initiating server shutdown
[2025-01-27 18:18:27.501340] [0x00007f3f55546d80] [info]    Server shutdown complete
[2025-01-27 18:18:27.501376] [0x00007f3f55546d80] [debug]   Bootstrap program: Shutting down Channel
[2025-01-27 18:18:27.501395] [0x00007f3f55546d80] [info]    Bootstrap program: Shutdown complete
[2025-01-27 18:18:27.501409] [0x00007f3f55546d80] [info]    Bootstrap program: Initiating shutdown sequence
[2025-01-27 18:18:27.501424] [0x00007f3f55546d80] [debug]   Bootstrap program: Shutting down File Server
[2025-01-27 18:18:27.501440] [0x00007f3f55546d80] [debug]   Bootstrap program: Shutting down Peer Manager
[2025-01-27 18:18:27.501454] [0x00007f3f55546d80] [info]    Initiating PeerManager shutdown
[2025-01-27 18:18:27.501468] [0x00007f3f55546d80] [debug]   Stopping stream processing
[2025-01-27 18:18:27.501505] [0x00007f3f4effd6c0] [info]    Stream processing stopped
[2025-01-27 18:18:27.501602] [0x00007f3f55546d80] [debug]   Processing thread joined
[2025-01-27 18:18:27.501616] [0x00007f3f55546d80] [info]    Stream processing stopped
[2025-01-27 18:18:27.501670] [0x00007f3f55546d80] [info]    Successfully disconnected peer: 2
[2025-01-27 18:18:27.501679] [0x00007f3f55546d80] [debug]   Disconnected peer: 
[2025-01-27 18:18:27.501682] [0x00007f3f55546d80] [info]    PeerManager shutdown complete
[2025-01-27 18:18:27.501686] [0x00007f3f55546d80] [debug]   Bootstrap program: Shutting down TCP Server
[2025-01-27 18:18:27.501688] [0x00007f3f55546d80] [info]    Initiating server shutdown
[2025-01-27 18:18:27.501747] [0x00007f3f55546d80] [info]    Server shutdown complete
[2025-01-27 18:18:27.501768] [0x00007f3f55546d80] [debug]   Bootstrap program: Shutting down Channel
[2025-01-27 18:18:27.501771] [0x00007f3f55546d80] [info]    Bootstrap program: Shutdown complete
[       OK ] BootstrapTest.PeerConnection (2001 ms)
[----------] 1 test from BootstrapTest (2001 ms total)

[----------] Global test environment tear-down
[==========] 1 test from 1 test suite ran. (2001 ms total)
[  PASSED  ] 1 test.
<end of output>
Test time =   2.07 sec
----------------------------------------------------------
Test Passed.
"BootstrapTest.PeerConnection" end time: Jan 27 18:18 UTC
"BootstrapTest.PeerConnection" time elapsed: 00:00:02
----------------------------------------------------------

End testing: Jan 27 18:18 UTC
