Start testing: Jan 23 18:23 UTC
----------------------------------------------------------
1/28 Testing: CryptoStreamTest.BasicStreamOperation
1/28 Test: CryptoStreamTest.BasicStreamOperation
Command: "/home/runner/workspace/build/crypto_tests" "--gtest_filter=CryptoStreamTest.BasicStreamOperation" "--gtest_also_run_disabled_tests"
Directory: /home/runner/workspace/build
"CryptoStreamTest.BasicStreamOperation" start time: Jan 23 18:23 UTC
Output:
----------------------------------------------------------
Running main() from /build/source/googletest/src/gtest_main.cc
Note: Google Test filter = CryptoStreamTest.BasicStreamOperation
[==========] Running 1 test from 1 test suite.
[----------] Global test environment set-up.
[----------] 1 test from CryptoStreamTest
[ RUN      ] CryptoStreamTest.BasicStreamOperation
[2025-01-23 18:23:49.126593] [0x00007fdefb93bb80] [info]    Initializing CryptoStream
[2025-01-23 18:23:49.126719] [0x00007fdefb93bb80] [debug]   CryptoStream initialization complete
[2025-01-23 18:23:49.126733] [0x00007fdefb93bb80] [info]    Initializing crypto parameters
[2025-01-23 18:23:49.126737] [0x00007fdefb93bb80] [debug]   Crypto parameters initialized successfully
[2025-01-23 18:23:49.126742] [0x00007fdefb93bb80] [info]    Starting stream encryption
[2025-01-23 18:23:49.126744] [0x00007fdefb93bb80] [debug]   Initializing cipher for encryption
[2025-01-23 18:23:49.128302] [0x00007fdefb93bb80] [debug]   Cipher initialization complete
[2025-01-23 18:23:49.128319] [0x00007fdefb93bb80] [info]    Starting stream decryption
[2025-01-23 18:23:49.128322] [0x00007fdefb93bb80] [debug]   Initializing cipher for decryption
[2025-01-23 18:23:49.128326] [0x00007fdefb93bb80] [debug]   Cipher initialization complete
[2025-01-23 18:23:49.128331] [0x00007fdefb93bb80] [debug]   Cleaning up CryptoStream resources
[       OK ] CryptoStreamTest.BasicStreamOperation (1 ms)
[----------] 1 test from CryptoStreamTest (1 ms total)

[----------] Global test environment tear-down
[==========] 1 test from 1 test suite ran. (1 ms total)
[  PASSED  ] 1 test.
<end of output>
Test time =   0.01 sec
----------------------------------------------------------
Test Passed.
"CryptoStreamTest.BasicStreamOperation" end time: Jan 23 18:23 UTC
"CryptoStreamTest.BasicStreamOperation" time elapsed: 00:00:00
----------------------------------------------------------

2/28 Testing: CryptoStreamTest.UninitializedError
2/28 Test: CryptoStreamTest.UninitializedError
Command: "/home/runner/workspace/build/crypto_tests" "--gtest_filter=CryptoStreamTest.UninitializedError" "--gtest_also_run_disabled_tests"
Directory: /home/runner/workspace/build
"CryptoStreamTest.UninitializedError" start time: Jan 23 18:23 UTC
Output:
----------------------------------------------------------
Running main() from /build/source/googletest/src/gtest_main.cc
Note: Google Test filter = CryptoStreamTest.UninitializedError
[==========] Running 1 test from 1 test suite.
[----------] Global test environment set-up.
[----------] 1 test from CryptoStreamTest
[ RUN      ] CryptoStreamTest.UninitializedError
[2025-01-23 18:23:49.140103] [0x00007f553016fb80] [info]    Initializing CryptoStream
[2025-01-23 18:23:49.140316] [0x00007f553016fb80] [debug]   CryptoStream initialization complete
[2025-01-23 18:23:49.140324] [0x00007f553016fb80] [info]    Initializing crypto parameters
[2025-01-23 18:23:49.140328] [0x00007f553016fb80] [debug]   Crypto parameters initialized successfully
[2025-01-23 18:23:49.140331] [0x00007f553016fb80] [info]    Initializing CryptoStream
[2025-01-23 18:23:49.140334] [0x00007f553016fb80] [debug]   CryptoStream initialization complete
[2025-01-23 18:23:49.140340] [0x00007f553016fb80] [info]    Starting stream encryption
[2025-01-23 18:23:49.140345] [0x00007f553016fb80] [debug]   Initializing cipher for encryption
[2025-01-23 18:23:49.140346] [0x00007f553016fb80] [error]   Attempted to use uninitialized CryptoStream
[2025-01-23 18:23:49.140375] [0x00007f553016fb80] [error]   Stream processing failed: Initialization error: CryptoStream not initialized
[2025-01-23 18:23:49.140388] [0x00007f553016fb80] [debug]   Cleaning up CryptoStream resources
[2025-01-23 18:23:49.140395] [0x00007f553016fb80] [debug]   Cleaning up CryptoStream resources
[       OK ] CryptoStreamTest.UninitializedError (0 ms)
[----------] 1 test from CryptoStreamTest (0 ms total)

[----------] Global test environment tear-down
[==========] 1 test from 1 test suite ran. (0 ms total)
[  PASSED  ] 1 test.
<end of output>
Test time =   0.01 sec
----------------------------------------------------------
Test Passed.
"CryptoStreamTest.UninitializedError" end time: Jan 23 18:23 UTC
"CryptoStreamTest.UninitializedError" time elapsed: 00:00:00
----------------------------------------------------------

3/28 Testing: CryptoStreamTest.EmptyStream
3/28 Test: CryptoStreamTest.EmptyStream
Command: "/home/runner/workspace/build/crypto_tests" "--gtest_filter=CryptoStreamTest.EmptyStream" "--gtest_also_run_disabled_tests"
Directory: /home/runner/workspace/build
"CryptoStreamTest.EmptyStream" start time: Jan 23 18:23 UTC
Output:
----------------------------------------------------------
Running main() from /build/source/googletest/src/gtest_main.cc
Note: Google Test filter = CryptoStreamTest.EmptyStream
[==========] Running 1 test from 1 test suite.
[----------] Global test environment set-up.
[----------] 1 test from CryptoStreamTest
[ RUN      ] CryptoStreamTest.EmptyStream
[2025-01-23 18:23:49.152335] [0x00007fec62820b80] [info]    Initializing CryptoStream
[2025-01-23 18:23:49.152470] [0x00007fec62820b80] [debug]   CryptoStream initialization complete
[2025-01-23 18:23:49.152481] [0x00007fec62820b80] [info]    Initializing crypto parameters
[2025-01-23 18:23:49.152484] [0x00007fec62820b80] [debug]   Crypto parameters initialized successfully
[2025-01-23 18:23:49.152490] [0x00007fec62820b80] [info]    Starting stream encryption
[2025-01-23 18:23:49.152492] [0x00007fec62820b80] [debug]   Initializing cipher for encryption
[2025-01-23 18:23:49.154052] [0x00007fec62820b80] [debug]   Cipher initialization complete
[2025-01-23 18:23:49.154066] [0x00007fec62820b80] [info]    Starting stream decryption
[2025-01-23 18:23:49.154068] [0x00007fec62820b80] [debug]   Initializing cipher for decryption
[2025-01-23 18:23:49.154072] [0x00007fec62820b80] [debug]   Cipher initialization complete
[2025-01-23 18:23:49.154076] [0x00007fec62820b80] [debug]   Cleaning up CryptoStream resources
[       OK ] CryptoStreamTest.EmptyStream (1 ms)
[----------] 1 test from CryptoStreamTest (1 ms total)

[----------] Global test environment tear-down
[==========] 1 test from 1 test suite ran. (1 ms total)
[  PASSED  ] 1 test.
<end of output>
Test time =   0.01 sec
----------------------------------------------------------
Test Passed.
"CryptoStreamTest.EmptyStream" end time: Jan 23 18:23 UTC
"CryptoStreamTest.EmptyStream" time elapsed: 00:00:00
----------------------------------------------------------

4/28 Testing: CryptoStreamTest.LargeStream
4/28 Test: CryptoStreamTest.LargeStream
Command: "/home/runner/workspace/build/crypto_tests" "--gtest_filter=CryptoStreamTest.LargeStream" "--gtest_also_run_disabled_tests"
Directory: /home/runner/workspace/build
"CryptoStreamTest.LargeStream" start time: Jan 23 18:23 UTC
Output:
----------------------------------------------------------
Running main() from /build/source/googletest/src/gtest_main.cc
Note: Google Test filter = CryptoStreamTest.LargeStream
[==========] Running 1 test from 1 test suite.
[----------] Global test environment set-up.
[----------] 1 test from CryptoStreamTest
[ RUN      ] CryptoStreamTest.LargeStream
[2025-01-23 18:23:49.166648] [0x00007ffa03f32b80] [info]    Initializing CryptoStream
[2025-01-23 18:23:49.166763] [0x00007ffa03f32b80] [debug]   CryptoStream initialization complete
[2025-01-23 18:23:49.166771] [0x00007ffa03f32b80] [info]    Initializing crypto parameters
[2025-01-23 18:23:49.166775] [0x00007ffa03f32b80] [debug]   Crypto parameters initialized successfully
[2025-01-23 18:23:49.173352] [0x00007ffa03f32b80] [info]    Starting stream encryption
[2025-01-23 18:23:49.173362] [0x00007ffa03f32b80] [debug]   Initializing cipher for encryption
[2025-01-23 18:23:49.174792] [0x00007ffa03f32b80] [debug]   Cipher initialization complete
[2025-01-23 18:23:49.177066] [0x00007ffa03f32b80] [info]    Starting stream decryption
[2025-01-23 18:23:49.177076] [0x00007ffa03f32b80] [debug]   Initializing cipher for decryption
[2025-01-23 18:23:49.177084] [0x00007ffa03f32b80] [debug]   Cipher initialization complete
[2025-01-23 18:23:49.178107] [0x00007ffa03f32b80] [debug]   Cleaning up CryptoStream resources
[       OK ] CryptoStreamTest.LargeStream (11 ms)
[----------] 1 test from CryptoStreamTest (11 ms total)

[----------] Global test environment tear-down
[==========] 1 test from 1 test suite ran. (11 ms total)
[  PASSED  ] 1 test.
<end of output>
Test time =   0.02 sec
----------------------------------------------------------
Test Passed.
"CryptoStreamTest.LargeStream" end time: Jan 23 18:23 UTC
"CryptoStreamTest.LargeStream" time elapsed: 00:00:00
----------------------------------------------------------

5/28 Testing: CryptoStreamTest.InvalidStreamState
5/28 Test: CryptoStreamTest.InvalidStreamState
Command: "/home/runner/workspace/build/crypto_tests" "--gtest_filter=CryptoStreamTest.InvalidStreamState" "--gtest_also_run_disabled_tests"
Directory: /home/runner/workspace/build
"CryptoStreamTest.InvalidStreamState" start time: Jan 23 18:23 UTC
Output:
----------------------------------------------------------
Running main() from /build/source/googletest/src/gtest_main.cc
Note: Google Test filter = CryptoStreamTest.InvalidStreamState
[==========] Running 1 test from 1 test suite.
[----------] Global test environment set-up.
[----------] 1 test from CryptoStreamTest
[ RUN      ] CryptoStreamTest.InvalidStreamState
[2025-01-23 18:23:49.191444] [0x00007f488ea9ab80] [info]    Initializing CryptoStream
[2025-01-23 18:23:49.191558] [0x00007f488ea9ab80] [debug]   CryptoStream initialization complete
[2025-01-23 18:23:49.191564] [0x00007f488ea9ab80] [info]    Initializing crypto parameters
[2025-01-23 18:23:49.191566] [0x00007f488ea9ab80] [debug]   Crypto parameters initialized successfully
[2025-01-23 18:23:49.191571] [0x00007f488ea9ab80] [info]    Starting stream encryption
[2025-01-23 18:23:49.191572] [0x00007f488ea9ab80] [error]   Invalid stream state detected
[2025-01-23 18:23:49.191596] [0x00007f488ea9ab80] [info]    Starting stream encryption
[2025-01-23 18:23:49.191601] [0x00007f488ea9ab80] [error]   Invalid stream state detected
[2025-01-23 18:23:49.191607] [0x00007f488ea9ab80] [debug]   Cleaning up CryptoStream resources
[       OK ] CryptoStreamTest.InvalidStreamState (0 ms)
[----------] 1 test from CryptoStreamTest (0 ms total)

[----------] Global test environment tear-down
[==========] 1 test from 1 test suite ran. (0 ms total)
[  PASSED  ] 1 test.
<end of output>
Test time =   0.01 sec
----------------------------------------------------------
Test Passed.
"CryptoStreamTest.InvalidStreamState" end time: Jan 23 18:23 UTC
"CryptoStreamTest.InvalidStreamState" time elapsed: 00:00:00
----------------------------------------------------------

6/28 Testing: CryptoStreamTest.BlockAlignment
6/28 Test: CryptoStreamTest.BlockAlignment
Command: "/home/runner/workspace/build/crypto_tests" "--gtest_filter=CryptoStreamTest.BlockAlignment" "--gtest_also_run_disabled_tests"
Directory: /home/runner/workspace/build
"CryptoStreamTest.BlockAlignment" start time: Jan 23 18:23 UTC
Output:
----------------------------------------------------------
Running main() from /build/source/googletest/src/gtest_main.cc
Note: Google Test filter = CryptoStreamTest.BlockAlignment
[==========] Running 1 test from 1 test suite.
[----------] Global test environment set-up.
[----------] 1 test from CryptoStreamTest
[ RUN      ] CryptoStreamTest.BlockAlignment
[2025-01-23 18:23:49.203890] [0x00007f4d7b017b80] [info]    Initializing CryptoStream
[2025-01-23 18:23:49.204005] [0x00007f4d7b017b80] [debug]   CryptoStream initialization complete
[2025-01-23 18:23:49.204012] [0x00007f4d7b017b80] [info]    Initializing crypto parameters
[2025-01-23 18:23:49.204014] [0x00007f4d7b017b80] [debug]   Crypto parameters initialized successfully
[2025-01-23 18:23:49.204023] [0x00007f4d7b017b80] [info]    Starting stream encryption
[2025-01-23 18:23:49.204027] [0x00007f4d7b017b80] [debug]   Initializing cipher for encryption
[2025-01-23 18:23:49.206918] [0x00007f4d7b017b80] [debug]   Cipher initialization complete
[2025-01-23 18:23:49.206932] [0x00007f4d7b017b80] [info]    Starting stream decryption
[2025-01-23 18:23:49.206935] [0x00007f4d7b017b80] [debug]   Initializing cipher for decryption
[2025-01-23 18:23:49.206939] [0x00007f4d7b017b80] [debug]   Cipher initialization complete
[2025-01-23 18:23:49.206947] [0x00007f4d7b017b80] [info]    Starting stream encryption
[2025-01-23 18:23:49.206950] [0x00007f4d7b017b80] [debug]   Initializing cipher for encryption
[2025-01-23 18:23:49.206952] [0x00007f4d7b017b80] [debug]   Cipher initialization complete
[2025-01-23 18:23:49.206956] [0x00007f4d7b017b80] [info]    Starting stream decryption
[2025-01-23 18:23:49.206957] [0x00007f4d7b017b80] [debug]   Initializing cipher for decryption
[2025-01-23 18:23:49.206959] [0x00007f4d7b017b80] [debug]   Cipher initialization complete
[2025-01-23 18:23:49.206965] [0x00007f4d7b017b80] [info]    Starting stream encryption
[2025-01-23 18:23:49.206966] [0x00007f4d7b017b80] [debug]   Initializing cipher for encryption
[2025-01-23 18:23:49.206969] [0x00007f4d7b017b80] [debug]   Cipher initialization complete
[2025-01-23 18:23:49.206971] [0x00007f4d7b017b80] [info]    Starting stream decryption
[2025-01-23 18:23:49.206972] [0x00007f4d7b017b80] [debug]   Initializing cipher for decryption
[2025-01-23 18:23:49.206975] [0x00007f4d7b017b80] [debug]   Cipher initialization complete
[2025-01-23 18:23:49.206979] [0x00007f4d7b017b80] [info]    Starting stream encryption
[2025-01-23 18:23:49.206981] [0x00007f4d7b017b80] [debug]   Initializing cipher for encryption
[2025-01-23 18:23:49.206983] [0x00007f4d7b017b80] [debug]   Cipher initialization complete
[2025-01-23 18:23:49.206985] [0x00007f4d7b017b80] [info]    Starting stream decryption
[2025-01-23 18:23:49.206986] [0x00007f4d7b017b80] [debug]   Initializing cipher for decryption
[2025-01-23 18:23:49.206991] [0x00007f4d7b017b80] [debug]   Cipher initialization complete
[2025-01-23 18:23:49.206997] [0x00007f4d7b017b80] [info]    Starting stream encryption
[2025-01-23 18:23:49.206999] [0x00007f4d7b017b80] [debug]   Initializing cipher for encryption
[2025-01-23 18:23:49.207002] [0x00007f4d7b017b80] [debug]   Cipher initialization complete
[2025-01-23 18:23:49.207005] [0x00007f4d7b017b80] [info]    Starting stream decryption
[2025-01-23 18:23:49.207008] [0x00007f4d7b017b80] [debug]   Initializing cipher for decryption
[2025-01-23 18:23:49.207012] [0x00007f4d7b017b80] [debug]   Cipher initialization complete
[2025-01-23 18:23:49.207018] [0x00007f4d7b017b80] [info]    Starting stream encryption
[2025-01-23 18:23:49.207023] [0x00007f4d7b017b80] [debug]   Initializing cipher for encryption
[2025-01-23 18:23:49.207027] [0x00007f4d7b017b80] [debug]   Cipher initialization complete
[2025-01-23 18:23:49.207029] [0x00007f4d7b017b80] [info]    Starting stream decryption
[2025-01-23 18:23:49.207033] [0x00007f4d7b017b80] [debug]   Initializing cipher for decryption
[2025-01-23 18:23:49.207035] [0x00007f4d7b017b80] [debug]   Cipher initialization complete
[2025-01-23 18:23:49.207038] [0x00007f4d7b017b80] [debug]   Cleaning up CryptoStream resources
[       OK ] CryptoStreamTest.BlockAlignment (3 ms)
[----------] 1 test from CryptoStreamTest (3 ms total)

[----------] Global test environment tear-down
[==========] 1 test from 1 test suite ran. (3 ms total)
[  PASSED  ] 1 test.
<end of output>
Test time =   0.02 sec
----------------------------------------------------------
Test Passed.
"CryptoStreamTest.BlockAlignment" end time: Jan 23 18:23 UTC
"CryptoStreamTest.BlockAlignment" time elapsed: 00:00:00
----------------------------------------------------------

7/28 Testing: CryptoStreamTest.StreamOperators
7/28 Test: CryptoStreamTest.StreamOperators
Command: "/home/runner/workspace/build/crypto_tests" "--gtest_filter=CryptoStreamTest.StreamOperators" "--gtest_also_run_disabled_tests"
Directory: /home/runner/workspace/build
"CryptoStreamTest.StreamOperators" start time: Jan 23 18:23 UTC
Output:
----------------------------------------------------------
Running main() from /build/source/googletest/src/gtest_main.cc
Note: Google Test filter = CryptoStreamTest.StreamOperators
[==========] Running 1 test from 1 test suite.
[----------] Global test environment set-up.
[----------] 1 test from CryptoStreamTest
[ RUN      ] CryptoStreamTest.StreamOperators
[2025-01-23 18:23:49.220445] [0x00007f6b7924cb80] [info]    Initializing CryptoStream
[2025-01-23 18:23:49.220566] [0x00007f6b7924cb80] [debug]   CryptoStream initialization complete
[2025-01-23 18:23:49.220573] [0x00007f6b7924cb80] [info]    Initializing crypto parameters
[2025-01-23 18:23:49.220575] [0x00007f6b7924cb80] [debug]   Crypto parameters initialized successfully
[2025-01-23 18:23:49.220578] [0x00007f6b7924cb80] [debug]   Stream operator<< called, storing input stream for processing
[2025-01-23 18:23:49.220580] [0x00007f6b7924cb80] [debug]   Stream operator>> called in encryption mode
[2025-01-23 18:23:49.220583] [0x00007f6b7924cb80] [info]    Starting stream encryption
[2025-01-23 18:23:49.220585] [0x00007f6b7924cb80] [debug]   Initializing cipher for encryption
[2025-01-23 18:23:49.222176] [0x00007f6b7924cb80] [debug]   Cipher initialization complete
[2025-01-23 18:23:49.222208] [0x00007f6b7924cb80] [debug]   Stream processing complete
[2025-01-23 18:23:49.222224] [0x00007f6b7924cb80] [debug]   Stream operator<< called, storing input stream for processing
[2025-01-23 18:23:49.222229] [0x00007f6b7924cb80] [debug]   Stream operator>> called in decryption mode
[2025-01-23 18:23:49.222232] [0x00007f6b7924cb80] [info]    Starting stream decryption
[2025-01-23 18:23:49.222236] [0x00007f6b7924cb80] [debug]   Initializing cipher for decryption
[2025-01-23 18:23:49.222244] [0x00007f6b7924cb80] [debug]   Cipher initialization complete
[2025-01-23 18:23:49.222254] [0x00007f6b7924cb80] [debug]   Stream processing complete
[2025-01-23 18:23:49.222258] [0x00007f6b7924cb80] [debug]   Stream operator>> called in decryption mode
[2025-01-23 18:23:49.222263] [0x00007f6b7924cb80] [error]   Stream operator>> called without prior input stream
[2025-01-23 18:23:49.222291] [0x00007f6b7924cb80] [debug]   Cleaning up CryptoStream resources
[       OK ] CryptoStreamTest.StreamOperators (1 ms)
[----------] 1 test from CryptoStreamTest (1 ms total)

[----------] Global test environment tear-down
[==========] 1 test from 1 test suite ran. (1 ms total)
[  PASSED  ] 1 test.
<end of output>
Test time =   0.01 sec
----------------------------------------------------------
Test Passed.
"CryptoStreamTest.StreamOperators" end time: Jan 23 18:23 UTC
"CryptoStreamTest.StreamOperators" time elapsed: 00:00:00
----------------------------------------------------------

8/28 Testing: CryptoStreamTest.IVGeneration
8/28 Test: CryptoStreamTest.IVGeneration
Command: "/home/runner/workspace/build/crypto_tests" "--gtest_filter=CryptoStreamTest.IVGeneration" "--gtest_also_run_disabled_tests"
Directory: /home/runner/workspace/build
"CryptoStreamTest.IVGeneration" start time: Jan 23 18:23 UTC
Output:
----------------------------------------------------------
Running main() from /build/source/googletest/src/gtest_main.cc
Note: Google Test filter = CryptoStreamTest.IVGeneration
[==========] Running 1 test from 1 test suite.
[----------] Global test environment set-up.
[----------] 1 test from CryptoStreamTest
[ RUN      ] CryptoStreamTest.IVGeneration
[2025-01-23 18:23:49.236063] [0x00007fe758e18b80] [info]    Initializing CryptoStream
[2025-01-23 18:23:49.236302] [0x00007fe758e18b80] [debug]   CryptoStream initialization complete
[2025-01-23 18:23:49.236311] [0x00007fe758e18b80] [info]    Initializing crypto parameters
[2025-01-23 18:23:49.236315] [0x00007fe758e18b80] [debug]   Crypto parameters initialized successfully
[2025-01-23 18:23:49.236318] [0x00007fe758e18b80] [info]    Initializing CryptoStream
[2025-01-23 18:23:49.236321] [0x00007fe758e18b80] [debug]   CryptoStream initialization complete
[2025-01-23 18:23:49.236324] [0x00007fe758e18b80] [debug]   Generating initialization vector
[2025-01-23 18:23:49.238232] [0x00007fe758e18b80] [debug]   Successfully generated initialization vector
[2025-01-23 18:23:49.238247] [0x00007fe758e18b80] [debug]   Generating initialization vector
[2025-01-23 18:23:49.238252] [0x00007fe758e18b80] [debug]   Successfully generated initialization vector
[2025-01-23 18:23:49.238255] [0x00007fe758e18b80] [info]    Initializing crypto parameters
[2025-01-23 18:23:49.238257] [0x00007fe758e18b80] [debug]   Crypto parameters initialized successfully
[2025-01-23 18:23:49.238267] [0x00007fe758e18b80] [info]    Starting stream encryption
[2025-01-23 18:23:49.238273] [0x00007fe758e18b80] [debug]   Initializing cipher for encryption
[2025-01-23 18:23:49.238279] [0x00007fe758e18b80] [debug]   Cipher initialization complete
[2025-01-23 18:23:49.238287] [0x00007fe758e18b80] [info]    Starting stream decryption
[2025-01-23 18:23:49.238289] [0x00007fe758e18b80] [debug]   Initializing cipher for decryption
[2025-01-23 18:23:49.238293] [0x00007fe758e18b80] [debug]   Cipher initialization complete
[2025-01-23 18:23:49.238298] [0x00007fe758e18b80] [debug]   Cleaning up CryptoStream resources
[2025-01-23 18:23:49.238302] [0x00007fe758e18b80] [debug]   Cleaning up CryptoStream resources
[       OK ] CryptoStreamTest.IVGeneration (2 ms)
[----------] 1 test from CryptoStreamTest (2 ms total)

[----------] Global test environment tear-down
[==========] 1 test from 1 test suite ran. (2 ms total)
[  PASSED  ] 1 test.
<end of output>
Test time =   0.02 sec
----------------------------------------------------------
Test Passed.
"CryptoStreamTest.IVGeneration" end time: Jan 23 18:23 UTC
"CryptoStreamTest.IVGeneration" time elapsed: 00:00:00
----------------------------------------------------------

9/28 Testing: StoreTest.BasicStoreAndRetrieve
9/28 Test: StoreTest.BasicStoreAndRetrieve
Command: "/home/runner/workspace/build/store_tests" "--gtest_filter=StoreTest.BasicStoreAndRetrieve" "--gtest_also_run_disabled_tests"
Directory: /home/runner/workspace/build
"StoreTest.BasicStoreAndRetrieve" start time: Jan 23 18:23 UTC
Output:
----------------------------------------------------------
Running main() from /build/source/googletest/src/gtest_main.cc
Note: Google Test filter = StoreTest.BasicStoreAndRetrieve
[==========] Running 1 test from 1 test suite.
[----------] Global test environment set-up.
[----------] 1 test from StoreTest
[ RUN      ] StoreTest.BasicStoreAndRetrieve
[2025-01-23 18:23:49.253682] [0x00007f0889009b80] [info]    Initializing Store with base path: /tmp/store_test_1737656629253570599
[2025-01-23 18:23:49.253696] [0x00007f0889009b80] [debug]   Store directory created/verified at: /tmp/store_test_1737656629253570599
[2025-01-23 18:23:49.253701] [0x00007f0889009b80] [info]    Storing data with key: test_key
[2025-01-23 18:23:49.253704] [0x00007f0889009b80] [debug]   Generating hash for key: test_key
[2025-01-23 18:23:49.255091] [0x00007f0889009b80] [debug]   Generated hash: 92488e1e3eeecdf99f3ed2ce59233efb4b4fb612d5655c0ce9ea52b5a502e655
[2025-01-23 18:23:49.255103] [0x00007f0889009b80] [debug]   Calculated path: /tmp/store_test_1737656629253570599/92/48/8e/1e3eeecdf99f3ed2ce59233efb4b4fb612d5655c0ce9ea52b5a502e655
[2025-01-23 18:23:49.255162] [0x00007f0889009b80] [debug]   Calculated file path: /tmp/store_test_1737656629253570599/92/48/8e/1e3eeecdf99f3ed2ce59233efb4b4fb612d5655c0ce9ea52b5a502e655
[2025-01-23 18:23:49.255255] [0x00007f0889009b80] [info]    Successfully stored 13 bytes with key: test_key
[2025-01-23 18:23:49.255264] [0x00007f0889009b80] [debug]   Checking existence of key: test_key
[2025-01-23 18:23:49.255267] [0x00007f0889009b80] [debug]   Generating hash for key: test_key
[2025-01-23 18:23:49.255277] [0x00007f0889009b80] [debug]   Generated hash: 92488e1e3eeecdf99f3ed2ce59233efb4b4fb612d5655c0ce9ea52b5a502e655
[2025-01-23 18:23:49.255280] [0x00007f0889009b80] [debug]   Calculated path: /tmp/store_test_1737656629253570599/92/48/8e/1e3eeecdf99f3ed2ce59233efb4b4fb612d5655c0ce9ea52b5a502e655
[2025-01-23 18:23:49.255286] [0x00007f0889009b80] [debug]   Key test_key exists at path: /tmp/store_test_1737656629253570599/92/48/8e/1e3eeecdf99f3ed2ce59233efb4b4fb612d5655c0ce9ea52b5a502e655
[2025-01-23 18:23:49.255289] [0x00007f0889009b80] [info]    Retrieving data for key: test_key
[2025-01-23 18:23:49.255291] [0x00007f0889009b80] [debug]   Generating hash for key: test_key
[2025-01-23 18:23:49.255295] [0x00007f0889009b80] [debug]   Generated hash: 92488e1e3eeecdf99f3ed2ce59233efb4b4fb612d5655c0ce9ea52b5a502e655
[2025-01-23 18:23:49.255297] [0x00007f0889009b80] [debug]   Calculated path: /tmp/store_test_1737656629253570599/92/48/8e/1e3eeecdf99f3ed2ce59233efb4b4fb612d5655c0ce9ea52b5a502e655
[2025-01-23 18:23:49.255312] [0x00007f0889009b80] [info]    Successfully streamed 13 bytes for key: test_key
[2025-01-23 18:23:49.255326] [0x00007f0889009b80] [info]    Clearing entire store at: "/tmp/store_test_1737656629253570599"
[2025-01-23 18:23:49.255512] [0x00007f0889009b80] [info]    Store cleared successfully
[       OK ] StoreTest.BasicStoreAndRetrieve (1 ms)
[----------] 1 test from StoreTest (1 ms total)

[----------] Global test environment tear-down
[==========] 1 test from 1 test suite ran. (2 ms total)
[  PASSED  ] 1 test.
<end of output>
Test time =   0.02 sec
----------------------------------------------------------
Test Passed.
"StoreTest.BasicStoreAndRetrieve" end time: Jan 23 18:23 UTC
"StoreTest.BasicStoreAndRetrieve" time elapsed: 00:00:00
----------------------------------------------------------

10/28 Testing: StoreTest.EmptyInput
10/28 Test: StoreTest.EmptyInput
Command: "/home/runner/workspace/build/store_tests" "--gtest_filter=StoreTest.EmptyInput" "--gtest_also_run_disabled_tests"
Directory: /home/runner/workspace/build
"StoreTest.EmptyInput" start time: Jan 23 18:23 UTC
Output:
----------------------------------------------------------
Running main() from /build/source/googletest/src/gtest_main.cc
Note: Google Test filter = StoreTest.EmptyInput
[==========] Running 1 test from 1 test suite.
[----------] Global test environment set-up.
[----------] 1 test from StoreTest
[ RUN      ] StoreTest.EmptyInput
[2025-01-23 18:23:49.270155] [0x00007f95d35ffb80] [info]    Initializing Store with base path: /tmp/store_test_1737656629270035806
[2025-01-23 18:23:49.270168] [0x00007f95d35ffb80] [debug]   Store directory created/verified at: /tmp/store_test_1737656629270035806
[2025-01-23 18:23:49.270349] [0x00007f95d35ffb80] [info]    Storing data with key: empty_test
[2025-01-23 18:23:49.270355] [0x00007f95d35ffb80] [debug]   Generating hash for key: empty_test
[2025-01-23 18:23:49.271911] [0x00007f95d35ffb80] [debug]   Generated hash: f1b6800e9ca01dac557744adec3477366cbe3888d44fcabefb3078c4c069f3a8
[2025-01-23 18:23:49.271982] [0x00007f95d35ffb80] [debug]   Calculated path: /tmp/store_test_1737656629270035806/f1/b6/80/0e9ca01dac557744adec3477366cbe3888d44fcabefb3078c4c069f3a8
[2025-01-23 18:23:49.272054] [0x00007f95d35ffb80] [debug]   Calculated file path: /tmp/store_test_1737656629270035806/f1/b6/80/0e9ca01dac557744adec3477366cbe3888d44fcabefb3078c4c069f3a8
[2025-01-23 18:23:49.272098] [0x00007f95d35ffb80] [debug]   Storing empty content for key: empty_test
[2025-01-23 18:23:49.272106] [0x00007f95d35ffb80] [info]    Successfully stored 0 bytes with key: empty_test
[2025-01-23 18:23:49.272110] [0x00007f95d35ffb80] [debug]   Checking existence of key: empty_test
[2025-01-23 18:23:49.272113] [0x00007f95d35ffb80] [debug]   Generating hash for key: empty_test
[2025-01-23 18:23:49.272122] [0x00007f95d35ffb80] [debug]   Generated hash: f1b6800e9ca01dac557744adec3477366cbe3888d44fcabefb3078c4c069f3a8
[2025-01-23 18:23:49.272127] [0x00007f95d35ffb80] [debug]   Calculated path: /tmp/store_test_1737656629270035806/f1/b6/80/0e9ca01dac557744adec3477366cbe3888d44fcabefb3078c4c069f3a8
[2025-01-23 18:23:49.272133] [0x00007f95d35ffb80] [debug]   Key empty_test exists at path: /tmp/store_test_1737656629270035806/f1/b6/80/0e9ca01dac557744adec3477366cbe3888d44fcabefb3078c4c069f3a8
[2025-01-23 18:23:49.272137] [0x00007f95d35ffb80] [info]    Retrieving data for key: empty_test
[2025-01-23 18:23:49.272140] [0x00007f95d35ffb80] [debug]   Generating hash for key: empty_test
[2025-01-23 18:23:49.272146] [0x00007f95d35ffb80] [debug]   Generated hash: f1b6800e9ca01dac557744adec3477366cbe3888d44fcabefb3078c4c069f3a8
[2025-01-23 18:23:49.272150] [0x00007f95d35ffb80] [debug]   Calculated path: /tmp/store_test_1737656629270035806/f1/b6/80/0e9ca01dac557744adec3477366cbe3888d44fcabefb3078c4c069f3a8
[2025-01-23 18:23:49.272157] [0x00007f95d35ffb80] [debug]   Retrieved empty content for key: empty_test
[2025-01-23 18:23:49.272163] [0x00007f95d35ffb80] [info]    Clearing entire store at: "/tmp/store_test_1737656629270035806"
[2025-01-23 18:23:49.272396] [0x00007f95d35ffb80] [info]    Store cleared successfully
[       OK ] StoreTest.EmptyInput (2 ms)
[----------] 1 test from StoreTest (2 ms total)

[----------] Global test environment tear-down
[==========] 1 test from 1 test suite ran. (2 ms total)
[  PASSED  ] 1 test.
<end of output>
Test time =   0.02 sec
----------------------------------------------------------
Test Passed.
"StoreTest.EmptyInput" end time: Jan 23 18:23 UTC
"StoreTest.EmptyInput" time elapsed: 00:00:00
----------------------------------------------------------

11/28 Testing: StoreTest.MultipleFiles
11/28 Test: StoreTest.MultipleFiles
Command: "/home/runner/workspace/build/store_tests" "--gtest_filter=StoreTest.MultipleFiles" "--gtest_also_run_disabled_tests"
Directory: /home/runner/workspace/build
"StoreTest.MultipleFiles" start time: Jan 23 18:23 UTC
Output:
----------------------------------------------------------
Running main() from /build/source/googletest/src/gtest_main.cc
Note: Google Test filter = StoreTest.MultipleFiles
[==========] Running 1 test from 1 test suite.
[----------] Global test environment set-up.
[----------] 1 test from StoreTest
[ RUN      ] StoreTest.MultipleFiles
[2025-01-23 18:23:49.286901] [0x00007fcb6980ab80] [info]    Initializing Store with base path: /tmp/store_test_1737656629286775693
[2025-01-23 18:23:49.286916] [0x00007fcb6980ab80] [debug]   Store directory created/verified at: /tmp/store_test_1737656629286775693
[2025-01-23 18:23:49.286923] [0x00007fcb6980ab80] [info]    Storing data with key: key1
[2025-01-23 18:23:49.286931] [0x00007fcb6980ab80] [debug]   Generating hash for key: key1
[2025-01-23 18:23:49.288623] [0x00007fcb6980ab80] [debug]   Generated hash: 8174099687a26621f4e2cdd7cc03b3dacedb3fb962255b1aafd033cabe831530
[2025-01-23 18:23:49.288638] [0x00007fcb6980ab80] [debug]   Calculated path: /tmp/store_test_1737656629286775693/81/74/09/9687a26621f4e2cdd7cc03b3dacedb3fb962255b1aafd033cabe831530
[2025-01-23 18:23:49.288696] [0x00007fcb6980ab80] [debug]   Calculated file path: /tmp/store_test_1737656629286775693/81/74/09/9687a26621f4e2cdd7cc03b3dacedb3fb962255b1aafd033cabe831530
[2025-01-23 18:23:49.288746] [0x00007fcb6980ab80] [info]    Successfully stored 18 bytes with key: key1
[2025-01-23 18:23:49.288755] [0x00007fcb6980ab80] [debug]   Checking existence of key: key1
[2025-01-23 18:23:49.288759] [0x00007fcb6980ab80] [debug]   Generating hash for key: key1
[2025-01-23 18:23:49.288770] [0x00007fcb6980ab80] [debug]   Generated hash: 8174099687a26621f4e2cdd7cc03b3dacedb3fb962255b1aafd033cabe831530
[2025-01-23 18:23:49.288777] [0x00007fcb6980ab80] [debug]   Calculated path: /tmp/store_test_1737656629286775693/81/74/09/9687a26621f4e2cdd7cc03b3dacedb3fb962255b1aafd033cabe831530
[2025-01-23 18:23:49.288783] [0x00007fcb6980ab80] [debug]   Key key1 exists at path: /tmp/store_test_1737656629286775693/81/74/09/9687a26621f4e2cdd7cc03b3dacedb3fb962255b1aafd033cabe831530
[2025-01-23 18:23:49.288790] [0x00007fcb6980ab80] [info]    Storing data with key: key2
[2025-01-23 18:23:49.288792] [0x00007fcb6980ab80] [debug]   Generating hash for key: key2
[2025-01-23 18:23:49.288798] [0x00007fcb6980ab80] [debug]   Generated hash: b10253764c8b233fb37542e23401c7b450e5a6f9751f3b5a014f6f67e8bc999d
[2025-01-23 18:23:49.288805] [0x00007fcb6980ab80] [debug]   Calculated path: /tmp/store_test_1737656629286775693/b1/02/53/764c8b233fb37542e23401c7b450e5a6f9751f3b5a014f6f67e8bc999d
[2025-01-23 18:23:49.288853] [0x00007fcb6980ab80] [debug]   Calculated file path: /tmp/store_test_1737656629286775693/b1/02/53/764c8b233fb37542e23401c7b450e5a6f9751f3b5a014f6f67e8bc999d
[2025-01-23 18:23:49.288890] [0x00007fcb6980ab80] [info]    Successfully stored 19 bytes with key: key2
[2025-01-23 18:23:49.288898] [0x00007fcb6980ab80] [debug]   Checking existence of key: key2
[2025-01-23 18:23:49.288901] [0x00007fcb6980ab80] [debug]   Generating hash for key: key2
[2025-01-23 18:23:49.288911] [0x00007fcb6980ab80] [debug]   Generated hash: b10253764c8b233fb37542e23401c7b450e5a6f9751f3b5a014f6f67e8bc999d
[2025-01-23 18:23:49.288935] [0x00007fcb6980ab80] [debug]   Calculated path: /tmp/store_test_1737656629286775693/b1/02/53/764c8b233fb37542e23401c7b450e5a6f9751f3b5a014f6f67e8bc999d
[2025-01-23 18:23:49.288943] [0x00007fcb6980ab80] [debug]   Key key2 exists at path: /tmp/store_test_1737656629286775693/b1/02/53/764c8b233fb37542e23401c7b450e5a6f9751f3b5a014f6f67e8bc999d
[2025-01-23 18:23:49.288947] [0x00007fcb6980ab80] [info]    Storing data with key: key3
[2025-01-23 18:23:49.288950] [0x00007fcb6980ab80] [debug]   Generating hash for key: key3
[2025-01-23 18:23:49.288961] [0x00007fcb6980ab80] [debug]   Generated hash: f576104eebeab09651d83acffc77c8b8c6eaa4b767aeab24d7da80f83f51d865
[2025-01-23 18:23:49.288968] [0x00007fcb6980ab80] [debug]   Calculated path: /tmp/store_test_1737656629286775693/f5/76/10/4eebeab09651d83acffc77c8b8c6eaa4b767aeab24d7da80f83f51d865
[2025-01-23 18:23:49.289042] [0x00007fcb6980ab80] [debug]   Calculated file path: /tmp/store_test_1737656629286775693/f5/76/10/4eebeab09651d83acffc77c8b8c6eaa4b767aeab24d7da80f83f51d865
[2025-01-23 18:23:49.289083] [0x00007fcb6980ab80] [info]    Successfully stored 18 bytes with key: key3
[2025-01-23 18:23:49.289092] [0x00007fcb6980ab80] [debug]   Checking existence of key: key3
[2025-01-23 18:23:49.289095] [0x00007fcb6980ab80] [debug]   Generating hash for key: key3
[2025-01-23 18:23:49.289103] [0x00007fcb6980ab80] [debug]   Generated hash: f576104eebeab09651d83acffc77c8b8c6eaa4b767aeab24d7da80f83f51d865
[2025-01-23 18:23:49.289110] [0x00007fcb6980ab80] [debug]   Calculated path: /tmp/store_test_1737656629286775693/f5/76/10/4eebeab09651d83acffc77c8b8c6eaa4b767aeab24d7da80f83f51d865
[2025-01-23 18:23:49.289115] [0x00007fcb6980ab80] [debug]   Key key3 exists at path: /tmp/store_test_1737656629286775693/f5/76/10/4eebeab09651d83acffc77c8b8c6eaa4b767aeab24d7da80f83f51d865
[2025-01-23 18:23:49.289119] [0x00007fcb6980ab80] [debug]   Checking existence of key: key1
[2025-01-23 18:23:49.289121] [0x00007fcb6980ab80] [debug]   Generating hash for key: key1
[2025-01-23 18:23:49.289130] [0x00007fcb6980ab80] [debug]   Generated hash: 8174099687a26621f4e2cdd7cc03b3dacedb3fb962255b1aafd033cabe831530
[2025-01-23 18:23:49.289134] [0x00007fcb6980ab80] [debug]   Calculated path: /tmp/store_test_1737656629286775693/81/74/09/9687a26621f4e2cdd7cc03b3dacedb3fb962255b1aafd033cabe831530
[2025-01-23 18:23:49.289139] [0x00007fcb6980ab80] [debug]   Key key1 exists at path: /tmp/store_test_1737656629286775693/81/74/09/9687a26621f4e2cdd7cc03b3dacedb3fb962255b1aafd033cabe831530
[2025-01-23 18:23:49.289147] [0x00007fcb6980ab80] [info]    Retrieving data for key: key1
[2025-01-23 18:23:49.289150] [0x00007fcb6980ab80] [debug]   Generating hash for key: key1
[2025-01-23 18:23:49.289156] [0x00007fcb6980ab80] [debug]   Generated hash: 8174099687a26621f4e2cdd7cc03b3dacedb3fb962255b1aafd033cabe831530
[2025-01-23 18:23:49.289160] [0x00007fcb6980ab80] [debug]   Calculated path: /tmp/store_test_1737656629286775693/81/74/09/9687a26621f4e2cdd7cc03b3dacedb3fb962255b1aafd033cabe831530
[2025-01-23 18:23:49.289179] [0x00007fcb6980ab80] [info]    Successfully streamed 18 bytes for key: key1
[2025-01-23 18:23:49.289189] [0x00007fcb6980ab80] [debug]   Checking existence of key: key2
[2025-01-23 18:23:49.289206] [0x00007fcb6980ab80] [debug]   Generating hash for key: key2
[2025-01-23 18:23:49.289214] [0x00007fcb6980ab80] [debug]   Generated hash: b10253764c8b233fb37542e23401c7b450e5a6f9751f3b5a014f6f67e8bc999d
[2025-01-23 18:23:49.289219] [0x00007fcb6980ab80] [debug]   Calculated path: /tmp/store_test_1737656629286775693/b1/02/53/764c8b233fb37542e23401c7b450e5a6f9751f3b5a014f6f67e8bc999d
[2025-01-23 18:23:49.289234] [0x00007fcb6980ab80] [debug]   Key key2 exists at path: /tmp/store_test_1737656629286775693/b1/02/53/764c8b233fb37542e23401c7b450e5a6f9751f3b5a014f6f67e8bc999d
[2025-01-23 18:23:49.289238] [0x00007fcb6980ab80] [info]    Retrieving data for key: key2
[2025-01-23 18:23:49.289241] [0x00007fcb6980ab80] [debug]   Generating hash for key: key2
[2025-01-23 18:23:49.289247] [0x00007fcb6980ab80] [debug]   Generated hash: b10253764c8b233fb37542e23401c7b450e5a6f9751f3b5a014f6f67e8bc999d
[2025-01-23 18:23:49.289251] [0x00007fcb6980ab80] [debug]   Calculated path: /tmp/store_test_1737656629286775693/b1/02/53/764c8b233fb37542e23401c7b450e5a6f9751f3b5a014f6f67e8bc999d
[2025-01-23 18:23:49.289266] [0x00007fcb6980ab80] [info]    Successfully streamed 19 bytes for key: key2
[2025-01-23 18:23:49.289271] [0x00007fcb6980ab80] [debug]   Checking existence of key: key3
[2025-01-23 18:23:49.289274] [0x00007fcb6980ab80] [debug]   Generating hash for key: key3
[2025-01-23 18:23:49.289279] [0x00007fcb6980ab80] [debug]   Generated hash: f576104eebeab09651d83acffc77c8b8c6eaa4b767aeab24d7da80f83f51d865
[2025-01-23 18:23:49.289283] [0x00007fcb6980ab80] [debug]   Calculated path: /tmp/store_test_1737656629286775693/f5/76/10/4eebeab09651d83acffc77c8b8c6eaa4b767aeab24d7da80f83f51d865
[2025-01-23 18:23:49.289288] [0x00007fcb6980ab80] [debug]   Key key3 exists at path: /tmp/store_test_1737656629286775693/f5/76/10/4eebeab09651d83acffc77c8b8c6eaa4b767aeab24d7da80f83f51d865
[2025-01-23 18:23:49.289292] [0x00007fcb6980ab80] [info]    Retrieving data for key: key3
[2025-01-23 18:23:49.289294] [0x00007fcb6980ab80] [debug]   Generating hash for key: key3
[2025-01-23 18:23:49.289300] [0x00007fcb6980ab80] [debug]   Generated hash: f576104eebeab09651d83acffc77c8b8c6eaa4b767aeab24d7da80f83f51d865
[2025-01-23 18:23:49.289304] [0x00007fcb6980ab80] [debug]   Calculated path: /tmp/store_test_1737656629286775693/f5/76/10/4eebeab09651d83acffc77c8b8c6eaa4b767aeab24d7da80f83f51d865
[2025-01-23 18:23:49.289316] [0x00007fcb6980ab80] [info]    Successfully streamed 18 bytes for key: key3
[2025-01-23 18:23:49.289323] [0x00007fcb6980ab80] [info]    Clearing entire store at: "/tmp/store_test_1737656629286775693"
[2025-01-23 18:23:49.289790] [0x00007fcb6980ab80] [info]    Store cleared successfully
[       OK ] StoreTest.MultipleFiles (3 ms)
[----------] 1 test from StoreTest (3 ms total)

[----------] Global test environment tear-down
[==========] 1 test from 1 test suite ran. (3 ms total)
[  PASSED  ] 1 test.
<end of output>
Test time =   0.02 sec
----------------------------------------------------------
Test Passed.
"StoreTest.MultipleFiles" end time: Jan 23 18:23 UTC
"StoreTest.MultipleFiles" time elapsed: 00:00:00
----------------------------------------------------------

12/28 Testing: StoreTest.ErrorHandling
12/28 Test: StoreTest.ErrorHandling
Command: "/home/runner/workspace/build/store_tests" "--gtest_filter=StoreTest.ErrorHandling" "--gtest_also_run_disabled_tests"
Directory: /home/runner/workspace/build
"StoreTest.ErrorHandling" start time: Jan 23 18:23 UTC
Output:
----------------------------------------------------------
Running main() from /build/source/googletest/src/gtest_main.cc
Note: Google Test filter = StoreTest.ErrorHandling
[==========] Running 1 test from 1 test suite.
[----------] Global test environment set-up.
[----------] 1 test from StoreTest
[ RUN      ] StoreTest.ErrorHandling
[2025-01-23 18:23:49.303107] [0x00007fdd9df73b80] [info]    Initializing Store with base path: /tmp/store_test_1737656629303003520
[2025-01-23 18:23:49.303122] [0x00007fdd9df73b80] [debug]   Store directory created/verified at: /tmp/store_test_1737656629303003520
[2025-01-23 18:23:49.303126] [0x00007fdd9df73b80] [debug]   Checking existence of key: error_key
[2025-01-23 18:23:49.303128] [0x00007fdd9df73b80] [debug]   Generating hash for key: error_key
[2025-01-23 18:23:49.304522] [0x00007fdd9df73b80] [debug]   Generated hash: 7a0a1ce4f1c58ba0fb867426e1bbf7c475cf4a6fb6902cf56852bd2b980d900b
[2025-01-23 18:23:49.304536] [0x00007fdd9df73b80] [debug]   Calculated path: /tmp/store_test_1737656629303003520/7a/0a/1c/e4f1c58ba0fb867426e1bbf7c475cf4a6fb6902cf56852bd2b980d900b
[2025-01-23 18:23:49.304549] [0x00007fdd9df73b80] [debug]   Key error_key not found at path: /tmp/store_test_1737656629303003520/7a/0a/1c/e4f1c58ba0fb867426e1bbf7c475cf4a6fb6902cf56852bd2b980d900b
[2025-01-23 18:23:49.304557] [0x00007fdd9df73b80] [info]    Retrieving data for key: error_key
[2025-01-23 18:23:49.304563] [0x00007fdd9df73b80] [debug]   Generating hash for key: error_key
[2025-01-23 18:23:49.304574] [0x00007fdd9df73b80] [debug]   Generated hash: 7a0a1ce4f1c58ba0fb867426e1bbf7c475cf4a6fb6902cf56852bd2b980d900b
[2025-01-23 18:23:49.304582] [0x00007fdd9df73b80] [debug]   Calculated path: /tmp/store_test_1737656629303003520/7a/0a/1c/e4f1c58ba0fb867426e1bbf7c475cf4a6fb6902cf56852bd2b980d900b
[2025-01-23 18:23:49.304586] [0x00007fdd9df73b80] [error]   File not found: /tmp/store_test_1737656629303003520/7a/0a/1c/e4f1c58ba0fb867426e1bbf7c475cf4a6fb6902cf56852bd2b980d900b
[2025-01-23 18:23:49.304622] [0x00007fdd9df73b80] [info]    Storing data with key: error_key
[2025-01-23 18:23:49.304629] [0x00007fdd9df73b80] [error]   Invalid input stream provided for key: error_key
[2025-01-23 18:23:49.304640] [0x00007fdd9df73b80] [info]    Clearing entire store at: "/tmp/store_test_1737656629303003520"
[2025-01-23 18:23:49.304735] [0x00007fdd9df73b80] [info]    Store cleared successfully
[       OK ] StoreTest.ErrorHandling (1 ms)
[----------] 1 test from StoreTest (1 ms total)

[----------] Global test environment tear-down
[==========] 1 test from 1 test suite ran. (1 ms total)
[  PASSED  ] 1 test.
<end of output>
Test time =   0.01 sec
----------------------------------------------------------
Test Passed.
"StoreTest.ErrorHandling" end time: Jan 23 18:23 UTC
"StoreTest.ErrorHandling" time elapsed: 00:00:00
----------------------------------------------------------

13/28 Testing: StoreTest.Clear
13/28 Test: StoreTest.Clear
Command: "/home/runner/workspace/build/store_tests" "--gtest_filter=StoreTest.Clear" "--gtest_also_run_disabled_tests"
Directory: /home/runner/workspace/build
"StoreTest.Clear" start time: Jan 23 18:23 UTC
Output:
----------------------------------------------------------
Running main() from /build/source/googletest/src/gtest_main.cc
Note: Google Test filter = StoreTest.Clear
[==========] Running 1 test from 1 test suite.
[----------] Global test environment set-up.
[----------] 1 test from StoreTest
[ RUN      ] StoreTest.Clear
[2025-01-23 18:23:49.316832] [0x00007fc3b4324b80] [info]    Initializing Store with base path: /tmp/store_test_1737656629316701408
[2025-01-23 18:23:49.316851] [0x00007fc3b4324b80] [debug]   Store directory created/verified at: /tmp/store_test_1737656629316701408
[2025-01-23 18:23:49.316865] [0x00007fc3b4324b80] [info]    Storing data with key: key1
[2025-01-23 18:23:49.316871] [0x00007fc3b4324b80] [debug]   Generating hash for key: key1
[2025-01-23 18:23:49.318415] [0x00007fc3b4324b80] [debug]   Generated hash: 8174099687a26621f4e2cdd7cc03b3dacedb3fb962255b1aafd033cabe831530
[2025-01-23 18:23:49.318429] [0x00007fc3b4324b80] [debug]   Calculated path: /tmp/store_test_1737656629316701408/81/74/09/9687a26621f4e2cdd7cc03b3dacedb3fb962255b1aafd033cabe831530
[2025-01-23 18:23:49.318488] [0x00007fc3b4324b80] [debug]   Calculated file path: /tmp/store_test_1737656629316701408/81/74/09/9687a26621f4e2cdd7cc03b3dacedb3fb962255b1aafd033cabe831530
[2025-01-23 18:23:49.318529] [0x00007fc3b4324b80] [info]    Successfully stored 9 bytes with key: key1
[2025-01-23 18:23:49.318535] [0x00007fc3b4324b80] [debug]   Checking existence of key: key1
[2025-01-23 18:23:49.318537] [0x00007fc3b4324b80] [debug]   Generating hash for key: key1
[2025-01-23 18:23:49.318543] [0x00007fc3b4324b80] [debug]   Generated hash: 8174099687a26621f4e2cdd7cc03b3dacedb3fb962255b1aafd033cabe831530
[2025-01-23 18:23:49.318547] [0x00007fc3b4324b80] [debug]   Calculated path: /tmp/store_test_1737656629316701408/81/74/09/9687a26621f4e2cdd7cc03b3dacedb3fb962255b1aafd033cabe831530
[2025-01-23 18:23:49.318553] [0x00007fc3b4324b80] [debug]   Key key1 exists at path: /tmp/store_test_1737656629316701408/81/74/09/9687a26621f4e2cdd7cc03b3dacedb3fb962255b1aafd033cabe831530
[2025-01-23 18:23:49.318558] [0x00007fc3b4324b80] [info]    Storing data with key: key2
[2025-01-23 18:23:49.318561] [0x00007fc3b4324b80] [debug]   Generating hash for key: key2
[2025-01-23 18:23:49.318568] [0x00007fc3b4324b80] [debug]   Generated hash: b10253764c8b233fb37542e23401c7b450e5a6f9751f3b5a014f6f67e8bc999d
[2025-01-23 18:23:49.318576] [0x00007fc3b4324b80] [debug]   Calculated path: /tmp/store_test_1737656629316701408/b1/02/53/764c8b233fb37542e23401c7b450e5a6f9751f3b5a014f6f67e8bc999d
[2025-01-23 18:23:49.318610] [0x00007fc3b4324b80] [debug]   Calculated file path: /tmp/store_test_1737656629316701408/b1/02/53/764c8b233fb37542e23401c7b450e5a6f9751f3b5a014f6f67e8bc999d
[2025-01-23 18:23:49.318646] [0x00007fc3b4324b80] [info]    Successfully stored 9 bytes with key: key2
[2025-01-23 18:23:49.318654] [0x00007fc3b4324b80] [debug]   Checking existence of key: key2
[2025-01-23 18:23:49.318657] [0x00007fc3b4324b80] [debug]   Generating hash for key: key2
[2025-01-23 18:23:49.318666] [0x00007fc3b4324b80] [debug]   Generated hash: b10253764c8b233fb37542e23401c7b450e5a6f9751f3b5a014f6f67e8bc999d
[2025-01-23 18:23:49.318669] [0x00007fc3b4324b80] [debug]   Calculated path: /tmp/store_test_1737656629316701408/b1/02/53/764c8b233fb37542e23401c7b450e5a6f9751f3b5a014f6f67e8bc999d
[2025-01-23 18:23:49.318674] [0x00007fc3b4324b80] [debug]   Key key2 exists at path: /tmp/store_test_1737656629316701408/b1/02/53/764c8b233fb37542e23401c7b450e5a6f9751f3b5a014f6f67e8bc999d
[2025-01-23 18:23:49.318676] [0x00007fc3b4324b80] [info]    Storing data with key: key3
[2025-01-23 18:23:49.318678] [0x00007fc3b4324b80] [debug]   Generating hash for key: key3
[2025-01-23 18:23:49.318681] [0x00007fc3b4324b80] [debug]   Generated hash: f576104eebeab09651d83acffc77c8b8c6eaa4b767aeab24d7da80f83f51d865
[2025-01-23 18:23:49.318684] [0x00007fc3b4324b80] [debug]   Calculated path: /tmp/store_test_1737656629316701408/f5/76/10/4eebeab09651d83acffc77c8b8c6eaa4b767aeab24d7da80f83f51d865
[2025-01-23 18:23:49.318736] [0x00007fc3b4324b80] [debug]   Calculated file path: /tmp/store_test_1737656629316701408/f5/76/10/4eebeab09651d83acffc77c8b8c6eaa4b767aeab24d7da80f83f51d865
[2025-01-23 18:23:49.318767] [0x00007fc3b4324b80] [info]    Successfully stored 9 bytes with key: key3
[2025-01-23 18:23:49.318772] [0x00007fc3b4324b80] [debug]   Checking existence of key: key3
[2025-01-23 18:23:49.318774] [0x00007fc3b4324b80] [debug]   Generating hash for key: key3
[2025-01-23 18:23:49.318779] [0x00007fc3b4324b80] [debug]   Generated hash: f576104eebeab09651d83acffc77c8b8c6eaa4b767aeab24d7da80f83f51d865
[2025-01-23 18:23:49.318784] [0x00007fc3b4324b80] [debug]   Calculated path: /tmp/store_test_1737656629316701408/f5/76/10/4eebeab09651d83acffc77c8b8c6eaa4b767aeab24d7da80f83f51d865
[2025-01-23 18:23:49.318788] [0x00007fc3b4324b80] [debug]   Key key3 exists at path: /tmp/store_test_1737656629316701408/f5/76/10/4eebeab09651d83acffc77c8b8c6eaa4b767aeab24d7da80f83f51d865
[2025-01-23 18:23:49.318793] [0x00007fc3b4324b80] [info]    Clearing entire store at: "/tmp/store_test_1737656629316701408"
[2025-01-23 18:23:49.319092] [0x00007fc3b4324b80] [info]    Store cleared successfully
[2025-01-23 18:23:49.319101] [0x00007fc3b4324b80] [debug]   Checking existence of key: key1
[2025-01-23 18:23:49.319103] [0x00007fc3b4324b80] [debug]   Generating hash for key: key1
[2025-01-23 18:23:49.319109] [0x00007fc3b4324b80] [debug]   Generated hash: 8174099687a26621f4e2cdd7cc03b3dacedb3fb962255b1aafd033cabe831530
[2025-01-23 18:23:49.319115] [0x00007fc3b4324b80] [debug]   Calculated path: /tmp/store_test_1737656629316701408/81/74/09/9687a26621f4e2cdd7cc03b3dacedb3fb962255b1aafd033cabe831530
[2025-01-23 18:23:49.319120] [0x00007fc3b4324b80] [debug]   Key key1 not found at path: /tmp/store_test_1737656629316701408/81/74/09/9687a26621f4e2cdd7cc03b3dacedb3fb962255b1aafd033cabe831530
[2025-01-23 18:23:49.319125] [0x00007fc3b4324b80] [info]    Retrieving data for key: key1
[2025-01-23 18:23:49.319126] [0x00007fc3b4324b80] [debug]   Generating hash for key: key1
[2025-01-23 18:23:49.319130] [0x00007fc3b4324b80] [debug]   Generated hash: 8174099687a26621f4e2cdd7cc03b3dacedb3fb962255b1aafd033cabe831530
[2025-01-23 18:23:49.319132] [0x00007fc3b4324b80] [debug]   Calculated path: /tmp/store_test_1737656629316701408/81/74/09/9687a26621f4e2cdd7cc03b3dacedb3fb962255b1aafd033cabe831530
[2025-01-23 18:23:49.319135] [0x00007fc3b4324b80] [error]   File not found: /tmp/store_test_1737656629316701408/81/74/09/9687a26621f4e2cdd7cc03b3dacedb3fb962255b1aafd033cabe831530
[2025-01-23 18:23:49.319160] [0x00007fc3b4324b80] [debug]   Checking existence of key: key2
[2025-01-23 18:23:49.319164] [0x00007fc3b4324b80] [debug]   Generating hash for key: key2
[2025-01-23 18:23:49.319167] [0x00007fc3b4324b80] [debug]   Generated hash: b10253764c8b233fb37542e23401c7b450e5a6f9751f3b5a014f6f67e8bc999d
[2025-01-23 18:23:49.319169] [0x00007fc3b4324b80] [debug]   Calculated path: /tmp/store_test_1737656629316701408/b1/02/53/764c8b233fb37542e23401c7b450e5a6f9751f3b5a014f6f67e8bc999d
[2025-01-23 18:23:49.319176] [0x00007fc3b4324b80] [debug]   Key key2 not found at path: /tmp/store_test_1737656629316701408/b1/02/53/764c8b233fb37542e23401c7b450e5a6f9751f3b5a014f6f67e8bc999d
[2025-01-23 18:23:49.319179] [0x00007fc3b4324b80] [info]    Retrieving data for key: key2
[2025-01-23 18:23:49.319181] [0x00007fc3b4324b80] [debug]   Generating hash for key: key2
[2025-01-23 18:23:49.319184] [0x00007fc3b4324b80] [debug]   Generated hash: b10253764c8b233fb37542e23401c7b450e5a6f9751f3b5a014f6f67e8bc999d
[2025-01-23 18:23:49.319186] [0x00007fc3b4324b80] [debug]   Calculated path: /tmp/store_test_1737656629316701408/b1/02/53/764c8b233fb37542e23401c7b450e5a6f9751f3b5a014f6f67e8bc999d
[2025-01-23 18:23:49.319188] [0x00007fc3b4324b80] [error]   File not found: /tmp/store_test_1737656629316701408/b1/02/53/764c8b233fb37542e23401c7b450e5a6f9751f3b5a014f6f67e8bc999d
[2025-01-23 18:23:49.319230] [0x00007fc3b4324b80] [debug]   Checking existence of key: key3
[2025-01-23 18:23:49.319235] [0x00007fc3b4324b80] [debug]   Generating hash for key: key3
[2025-01-23 18:23:49.319244] [0x00007fc3b4324b80] [debug]   Generated hash: f576104eebeab09651d83acffc77c8b8c6eaa4b767aeab24d7da80f83f51d865
[2025-01-23 18:23:49.319249] [0x00007fc3b4324b80] [debug]   Calculated path: /tmp/store_test_1737656629316701408/f5/76/10/4eebeab09651d83acffc77c8b8c6eaa4b767aeab24d7da80f83f51d865
[2025-01-23 18:23:49.319264] [0x00007fc3b4324b80] [debug]   Key key3 not found at path: /tmp/store_test_1737656629316701408/f5/76/10/4eebeab09651d83acffc77c8b8c6eaa4b767aeab24d7da80f83f51d865
[2025-01-23 18:23:49.319273] [0x00007fc3b4324b80] [info]    Retrieving data for key: key3
[2025-01-23 18:23:49.319275] [0x00007fc3b4324b80] [debug]   Generating hash for key: key3
[2025-01-23 18:23:49.319282] [0x00007fc3b4324b80] [debug]   Generated hash: f576104eebeab09651d83acffc77c8b8c6eaa4b767aeab24d7da80f83f51d865
[2025-01-23 18:23:49.319288] [0x00007fc3b4324b80] [debug]   Calculated path: /tmp/store_test_1737656629316701408/f5/76/10/4eebeab09651d83acffc77c8b8c6eaa4b767aeab24d7da80f83f51d865
[2025-01-23 18:23:49.319294] [0x00007fc3b4324b80] [error]   File not found: /tmp/store_test_1737656629316701408/f5/76/10/4eebeab09651d83acffc77c8b8c6eaa4b767aeab24d7da80f83f51d865
[2025-01-23 18:23:49.319308] [0x00007fc3b4324b80] [info]    Clearing entire store at: "/tmp/store_test_1737656629316701408"
[2025-01-23 18:23:49.319362] [0x00007fc3b4324b80] [info]    Store cleared successfully
[       OK ] StoreTest.Clear (2 ms)
[----------] 1 test from StoreTest (2 ms total)

[----------] Global test environment tear-down
[==========] 1 test from 1 test suite ran. (2 ms total)
[  PASSED  ] 1 test.
<end of output>
Test time =   0.01 sec
----------------------------------------------------------
Test Passed.
"StoreTest.Clear" end time: Jan 23 18:23 UTC
"StoreTest.Clear" time elapsed: 00:00:00
----------------------------------------------------------

14/28 Testing: StoreTest.LargeFileHandling
14/28 Test: StoreTest.LargeFileHandling
Command: "/home/runner/workspace/build/store_tests" "--gtest_filter=StoreTest.LargeFileHandling" "--gtest_also_run_disabled_tests"
Directory: /home/runner/workspace/build
"StoreTest.LargeFileHandling" start time: Jan 23 18:23 UTC
Output:
----------------------------------------------------------
Running main() from /build/source/googletest/src/gtest_main.cc
Note: Google Test filter = StoreTest.LargeFileHandling
[==========] Running 1 test from 1 test suite.
[----------] Global test environment set-up.
[----------] 1 test from StoreTest
[ RUN      ] StoreTest.LargeFileHandling
[2025-01-23 18:23:49.332318] [0x00007f1760babb80] [info]    Initializing Store with base path: /tmp/store_test_1737656629332155465
[2025-01-23 18:23:49.332331] [0x00007f1760babb80] [debug]   Store directory created/verified at: /tmp/store_test_1737656629332155465
[2025-01-23 18:23:49.346755] [0x00007f1760babb80] [info]    Storing data with key: large_file
[2025-01-23 18:23:49.346774] [0x00007f1760babb80] [debug]   Generating hash for key: large_file
[2025-01-23 18:23:49.348204] [0x00007f1760babb80] [debug]   Generated hash: df1fbde40271055bb026eaa5094faa107c4a4987061ed6c7def9df06f885f2f3
[2025-01-23 18:23:49.348234] [0x00007f1760babb80] [debug]   Calculated path: /tmp/store_test_1737656629332155465/df/1f/bd/e40271055bb026eaa5094faa107c4a4987061ed6c7def9df06f885f2f3
[2025-01-23 18:23:49.348311] [0x00007f1760babb80] [debug]   Calculated file path: /tmp/store_test_1737656629332155465/df/1f/bd/e40271055bb026eaa5094faa107c4a4987061ed6c7def9df06f885f2f3
[2025-01-23 18:23:49.354973] [0x00007f1760babb80] [info]    Successfully stored 10485760 bytes with key: large_file
[2025-01-23 18:23:49.354994] [0x00007f1760babb80] [debug]   Checking existence of key: large_file
[2025-01-23 18:23:49.354998] [0x00007f1760babb80] [debug]   Generating hash for key: large_file
[2025-01-23 18:23:49.355015] [0x00007f1760babb80] [debug]   Generated hash: df1fbde40271055bb026eaa5094faa107c4a4987061ed6c7def9df06f885f2f3
[2025-01-23 18:23:49.355026] [0x00007f1760babb80] [debug]   Calculated path: /tmp/store_test_1737656629332155465/df/1f/bd/e40271055bb026eaa5094faa107c4a4987061ed6c7def9df06f885f2f3
[2025-01-23 18:23:49.355040] [0x00007f1760babb80] [debug]   Key large_file exists at path: /tmp/store_test_1737656629332155465/df/1f/bd/e40271055bb026eaa5094faa107c4a4987061ed6c7def9df06f885f2f3
[2025-01-23 18:23:49.355047] [0x00007f1760babb80] [info]    Retrieving data for key: large_file
[2025-01-23 18:23:49.355050] [0x00007f1760babb80] [debug]   Generating hash for key: large_file
[2025-01-23 18:23:49.355058] [0x00007f1760babb80] [debug]   Generated hash: df1fbde40271055bb026eaa5094faa107c4a4987061ed6c7def9df06f885f2f3
[2025-01-23 18:23:49.355066] [0x00007f1760babb80] [debug]   Calculated path: /tmp/store_test_1737656629332155465/df/1f/bd/e40271055bb026eaa5094faa107c4a4987061ed6c7def9df06f885f2f3
[2025-01-23 18:23:49.367819] [0x00007f1760babb80] [info]    Successfully streamed 10485760 bytes for key: large_file
[2025-01-23 18:23:49.375071] [0x00007f1760babb80] [info]    Clearing entire store at: "/tmp/store_test_1737656629332155465"
[2025-01-23 18:23:49.377151] [0x00007f1760babb80] [info]    Store cleared successfully
[       OK ] StoreTest.LargeFileHandling (45 ms)
[----------] 1 test from StoreTest (45 ms total)

[----------] Global test environment tear-down
[==========] 1 test from 1 test suite ran. (45 ms total)
[  PASSED  ] 1 test.
<end of output>
Test time =   0.06 sec
----------------------------------------------------------
Test Passed.
"StoreTest.LargeFileHandling" end time: Jan 23 18:23 UTC
"StoreTest.LargeFileHandling" time elapsed: 00:00:00
----------------------------------------------------------

15/28 Testing: StoreTest.OverwriteBehavior
15/28 Test: StoreTest.OverwriteBehavior
Command: "/home/runner/workspace/build/store_tests" "--gtest_filter=StoreTest.OverwriteBehavior" "--gtest_also_run_disabled_tests"
Directory: /home/runner/workspace/build
"StoreTest.OverwriteBehavior" start time: Jan 23 18:23 UTC
Output:
----------------------------------------------------------
Running main() from /build/source/googletest/src/gtest_main.cc
Note: Google Test filter = StoreTest.OverwriteBehavior
[==========] Running 1 test from 1 test suite.
[----------] Global test environment set-up.
[----------] 1 test from StoreTest
[ RUN      ] StoreTest.OverwriteBehavior
[2025-01-23 18:23:49.391475] [0x00007f667f535b80] [info]    Initializing Store with base path: /tmp/store_test_1737656629391351945
[2025-01-23 18:23:49.391489] [0x00007f667f535b80] [debug]   Store directory created/verified at: /tmp/store_test_1737656629391351945
[2025-01-23 18:23:49.391498] [0x00007f667f535b80] [info]    Storing data with key: overwrite_test
[2025-01-23 18:23:49.391503] [0x00007f667f535b80] [debug]   Generating hash for key: overwrite_test
[2025-01-23 18:23:49.392969] [0x00007f667f535b80] [debug]   Generated hash: 30952b659b529afe6343c608ec6d8a565347d89ad4d22eec203b90234d48b36e
[2025-01-23 18:23:49.392982] [0x00007f667f535b80] [debug]   Calculated path: /tmp/store_test_1737656629391351945/30/95/2b/659b529afe6343c608ec6d8a565347d89ad4d22eec203b90234d48b36e
[2025-01-23 18:23:49.393048] [0x00007f667f535b80] [debug]   Calculated file path: /tmp/store_test_1737656629391351945/30/95/2b/659b529afe6343c608ec6d8a565347d89ad4d22eec203b90234d48b36e
[2025-01-23 18:23:49.393091] [0x00007f667f535b80] [info]    Successfully stored 15 bytes with key: overwrite_test
[2025-01-23 18:23:49.393098] [0x00007f667f535b80] [debug]   Checking existence of key: overwrite_test
[2025-01-23 18:23:49.393100] [0x00007f667f535b80] [debug]   Generating hash for key: overwrite_test
[2025-01-23 18:23:49.393106] [0x00007f667f535b80] [debug]   Generated hash: 30952b659b529afe6343c608ec6d8a565347d89ad4d22eec203b90234d48b36e
[2025-01-23 18:23:49.393111] [0x00007f667f535b80] [debug]   Calculated path: /tmp/store_test_1737656629391351945/30/95/2b/659b529afe6343c608ec6d8a565347d89ad4d22eec203b90234d48b36e
[2025-01-23 18:23:49.393116] [0x00007f667f535b80] [debug]   Key overwrite_test exists at path: /tmp/store_test_1737656629391351945/30/95/2b/659b529afe6343c608ec6d8a565347d89ad4d22eec203b90234d48b36e
[2025-01-23 18:23:49.393119] [0x00007f667f535b80] [info]    Retrieving data for key: overwrite_test
[2025-01-23 18:23:49.393120] [0x00007f667f535b80] [debug]   Generating hash for key: overwrite_test
[2025-01-23 18:23:49.393126] [0x00007f667f535b80] [debug]   Generated hash: 30952b659b529afe6343c608ec6d8a565347d89ad4d22eec203b90234d48b36e
[2025-01-23 18:23:49.393131] [0x00007f667f535b80] [debug]   Calculated path: /tmp/store_test_1737656629391351945/30/95/2b/659b529afe6343c608ec6d8a565347d89ad4d22eec203b90234d48b36e
[2025-01-23 18:23:49.393159] [0x00007f667f535b80] [info]    Successfully streamed 15 bytes for key: overwrite_test
[2025-01-23 18:23:49.393165] [0x00007f667f535b80] [info]    Storing data with key: overwrite_test
[2025-01-23 18:23:49.393167] [0x00007f667f535b80] [debug]   Generating hash for key: overwrite_test
[2025-01-23 18:23:49.393171] [0x00007f667f535b80] [debug]   Generated hash: 30952b659b529afe6343c608ec6d8a565347d89ad4d22eec203b90234d48b36e
[2025-01-23 18:23:49.393174] [0x00007f667f535b80] [debug]   Calculated path: /tmp/store_test_1737656629391351945/30/95/2b/659b529afe6343c608ec6d8a565347d89ad4d22eec203b90234d48b36e
[2025-01-23 18:23:49.393180] [0x00007f667f535b80] [debug]   Calculated file path: /tmp/store_test_1737656629391351945/30/95/2b/659b529afe6343c608ec6d8a565347d89ad4d22eec203b90234d48b36e
[2025-01-23 18:23:49.393299] [0x00007f667f535b80] [info]    Successfully stored 15 bytes with key: overwrite_test
[2025-01-23 18:23:49.393311] [0x00007f667f535b80] [info]    Retrieving data for key: overwrite_test
[2025-01-23 18:23:49.393313] [0x00007f667f535b80] [debug]   Generating hash for key: overwrite_test
[2025-01-23 18:23:49.393319] [0x00007f667f535b80] [debug]   Generated hash: 30952b659b529afe6343c608ec6d8a565347d89ad4d22eec203b90234d48b36e
[2025-01-23 18:23:49.393323] [0x00007f667f535b80] [debug]   Calculated path: /tmp/store_test_1737656629391351945/30/95/2b/659b529afe6343c608ec6d8a565347d89ad4d22eec203b90234d48b36e
[2025-01-23 18:23:49.393342] [0x00007f667f535b80] [info]    Successfully streamed 15 bytes for key: overwrite_test
[2025-01-23 18:23:49.393350] [0x00007f667f535b80] [info]    Clearing entire store at: "/tmp/store_test_1737656629391351945"
[2025-01-23 18:23:49.393551] [0x00007f667f535b80] [info]    Store cleared successfully
[       OK ] StoreTest.OverwriteBehavior (2 ms)
[----------] 1 test from StoreTest (2 ms total)

[----------] Global test environment tear-down
[==========] 1 test from 1 test suite ran. (2 ms total)
[  PASSED  ] 1 test.
<end of output>
Test time =   0.02 sec
----------------------------------------------------------
Test Passed.
"StoreTest.OverwriteBehavior" end time: Jan 23 18:23 UTC
"StoreTest.OverwriteBehavior" time elapsed: 00:00:00
----------------------------------------------------------

16/28 Testing: StoreTest.StreamStatePreservation
16/28 Test: StoreTest.StreamStatePreservation
Command: "/home/runner/workspace/build/store_tests" "--gtest_filter=StoreTest.StreamStatePreservation" "--gtest_also_run_disabled_tests"
Directory: /home/runner/workspace/build
"StoreTest.StreamStatePreservation" start time: Jan 23 18:23 UTC
Output:
----------------------------------------------------------
Running main() from /build/source/googletest/src/gtest_main.cc
Note: Google Test filter = StoreTest.StreamStatePreservation
[==========] Running 1 test from 1 test suite.
[----------] Global test environment set-up.
[----------] 1 test from StoreTest
[ RUN      ] StoreTest.StreamStatePreservation
[2025-01-23 18:23:49.407525] [0x00007f9339abeb80] [info]    Initializing Store with base path: /tmp/store_test_1737656629407383412
[2025-01-23 18:23:49.407540] [0x00007f9339abeb80] [debug]   Store directory created/verified at: /tmp/store_test_1737656629407383412
[2025-01-23 18:23:49.407547] [0x00007f9339abeb80] [info]    Storing data with key: stream_state_test
[2025-01-23 18:23:49.407556] [0x00007f9339abeb80] [debug]   Generating hash for key: stream_state_test
[2025-01-23 18:23:49.408878] [0x00007f9339abeb80] [debug]   Generated hash: a9e413f31ab1fd98797abd4d4d50fc4ccfbf9abaec049f8d5f9e9c5b294d61c8
[2025-01-23 18:23:49.408890] [0x00007f9339abeb80] [debug]   Calculated path: /tmp/store_test_1737656629407383412/a9/e4/13/f31ab1fd98797abd4d4d50fc4ccfbf9abaec049f8d5f9e9c5b294d61c8
[2025-01-23 18:23:49.408937] [0x00007f9339abeb80] [debug]   Calculated file path: /tmp/store_test_1737656629407383412/a9/e4/13/f31ab1fd98797abd4d4d50fc4ccfbf9abaec049f8d5f9e9c5b294d61c8
[2025-01-23 18:23:49.409250] [0x00007f9339abeb80] [info]    Successfully stored 26 bytes with key: stream_state_test
[2025-01-23 18:23:49.409264] [0x00007f9339abeb80] [info]    Retrieving data for key: stream_state_test
[2025-01-23 18:23:49.409267] [0x00007f9339abeb80] [debug]   Generating hash for key: stream_state_test
[2025-01-23 18:23:49.409276] [0x00007f9339abeb80] [debug]   Generated hash: a9e413f31ab1fd98797abd4d4d50fc4ccfbf9abaec049f8d5f9e9c5b294d61c8
[2025-01-23 18:23:49.409280] [0x00007f9339abeb80] [debug]   Calculated path: /tmp/store_test_1737656629407383412/a9/e4/13/f31ab1fd98797abd4d4d50fc4ccfbf9abaec049f8d5f9e9c5b294d61c8
[2025-01-23 18:23:49.409299] [0x00007f9339abeb80] [info]    Successfully streamed 26 bytes for key: stream_state_test
[2025-01-23 18:23:49.409304] [0x00007f9339abeb80] [info]    Clearing entire store at: "/tmp/store_test_1737656629407383412"
[2025-01-23 18:23:49.409516] [0x00007f9339abeb80] [info]    Store cleared successfully
[       OK ] StoreTest.StreamStatePreservation (2 ms)
[----------] 1 test from StoreTest (2 ms total)

[----------] Global test environment tear-down
[==========] 1 test from 1 test suite ran. (2 ms total)
[  PASSED  ] 1 test.
<end of output>
Test time =   0.02 sec
----------------------------------------------------------
Test Passed.
"StoreTest.StreamStatePreservation" end time: Jan 23 18:23 UTC
"StoreTest.StreamStatePreservation" time elapsed: 00:00:00
----------------------------------------------------------

17/28 Testing: StoreTest.FileSizeRetrieval
17/28 Test: StoreTest.FileSizeRetrieval
Command: "/home/runner/workspace/build/store_tests" "--gtest_filter=StoreTest.FileSizeRetrieval" "--gtest_also_run_disabled_tests"
Directory: /home/runner/workspace/build
"StoreTest.FileSizeRetrieval" start time: Jan 23 18:23 UTC
Output:
----------------------------------------------------------
Running main() from /build/source/googletest/src/gtest_main.cc
Note: Google Test filter = StoreTest.FileSizeRetrieval
[==========] Running 1 test from 1 test suite.
[----------] Global test environment set-up.
[----------] 1 test from StoreTest
[ RUN      ] StoreTest.FileSizeRetrieval
[2025-01-23 18:23:49.426554] [0x00007f2bafd71b80] [info]    Initializing Store with base path: /tmp/store_test_1737656629426424998
[2025-01-23 18:23:49.426565] [0x00007f2bafd71b80] [debug]   Store directory created/verified at: /tmp/store_test_1737656629426424998
[2025-01-23 18:23:49.426574] [0x00007f2bafd71b80] [info]    Storing data with key: size_test
[2025-01-23 18:23:49.426578] [0x00007f2bafd71b80] [debug]   Generating hash for key: size_test
[2025-01-23 18:23:49.427867] [0x00007f2bafd71b80] [debug]   Generated hash: d2283af70f36b068be549fdee1255a41540b931c457a992112d4cab9c89de74e
[2025-01-23 18:23:49.427879] [0x00007f2bafd71b80] [debug]   Calculated path: /tmp/store_test_1737656629426424998/d2/28/3a/f70f36b068be549fdee1255a41540b931c457a992112d4cab9c89de74e
[2025-01-23 18:23:49.427940] [0x00007f2bafd71b80] [debug]   Calculated file path: /tmp/store_test_1737656629426424998/d2/28/3a/f70f36b068be549fdee1255a41540b931c457a992112d4cab9c89de74e
[2025-01-23 18:23:49.427986] [0x00007f2bafd71b80] [info]    Successfully stored 13 bytes with key: size_test
[2025-01-23 18:23:49.427997] [0x00007f2bafd71b80] [debug]   Getting file size for key: size_test
[2025-01-23 18:23:49.428000] [0x00007f2bafd71b80] [debug]   Generating hash for key: size_test
[2025-01-23 18:23:49.428009] [0x00007f2bafd71b80] [debug]   Generated hash: d2283af70f36b068be549fdee1255a41540b931c457a992112d4cab9c89de74e
[2025-01-23 18:23:49.428012] [0x00007f2bafd71b80] [debug]   Calculated path: /tmp/store_test_1737656629426424998/d2/28/3a/f70f36b068be549fdee1255a41540b931c457a992112d4cab9c89de74e
[2025-01-23 18:23:49.428022] [0x00007f2bafd71b80] [debug]   File size for key size_test: 13 bytes
[2025-01-23 18:23:49.428027] [0x00007f2bafd71b80] [info]    Storing data with key: empty_test
[2025-01-23 18:23:49.428030] [0x00007f2bafd71b80] [debug]   Generating hash for key: empty_test
[2025-01-23 18:23:49.428037] [0x00007f2bafd71b80] [debug]   Generated hash: f1b6800e9ca01dac557744adec3477366cbe3888d44fcabefb3078c4c069f3a8
[2025-01-23 18:23:49.428771] [0x00007f2bafd71b80] [debug]   Calculated path: /tmp/store_test_1737656629426424998/f1/b6/80/0e9ca01dac557744adec3477366cbe3888d44fcabefb3078c4c069f3a8
[2025-01-23 18:23:49.428826] [0x00007f2bafd71b80] [debug]   Calculated file path: /tmp/store_test_1737656629426424998/f1/b6/80/0e9ca01dac557744adec3477366cbe3888d44fcabefb3078c4c069f3a8
[2025-01-23 18:23:49.428849] [0x00007f2bafd71b80] [debug]   Storing empty content for key: empty_test
[2025-01-23 18:23:49.428856] [0x00007f2bafd71b80] [info]    Successfully stored 0 bytes with key: empty_test
[2025-01-23 18:23:49.428859] [0x00007f2bafd71b80] [debug]   Getting file size for key: empty_test
[2025-01-23 18:23:49.428860] [0x00007f2bafd71b80] [debug]   Generating hash for key: empty_test
[2025-01-23 18:23:49.428868] [0x00007f2bafd71b80] [debug]   Generated hash: f1b6800e9ca01dac557744adec3477366cbe3888d44fcabefb3078c4c069f3a8
[2025-01-23 18:23:49.428873] [0x00007f2bafd71b80] [debug]   Calculated path: /tmp/store_test_1737656629426424998/f1/b6/80/0e9ca01dac557744adec3477366cbe3888d44fcabefb3078c4c069f3a8
[2025-01-23 18:23:49.428880] [0x00007f2bafd71b80] [debug]   File size for key empty_test: 0 bytes
[2025-01-23 18:23:49.428882] [0x00007f2bafd71b80] [debug]   Getting file size for key: nonexistent_key
[2025-01-23 18:23:49.428884] [0x00007f2bafd71b80] [debug]   Generating hash for key: nonexistent_key
[2025-01-23 18:23:49.428887] [0x00007f2bafd71b80] [debug]   Generated hash: 5fbaf0fb39a2369c07d1aa653dd2386202abdff0c69ceb6060083b29af61fd2f
[2025-01-23 18:23:49.428890] [0x00007f2bafd71b80] [debug]   Calculated path: /tmp/store_test_1737656629426424998/5f/ba/f0/fb39a2369c07d1aa653dd2386202abdff0c69ceb6060083b29af61fd2f
[2025-01-23 18:23:49.428896] [0x00007f2bafd71b80] [error]   File not found: /tmp/store_test_1737656629426424998/5f/ba/f0/fb39a2369c07d1aa653dd2386202abdff0c69ceb6060083b29af61fd2f
[2025-01-23 18:23:49.428932] [0x00007f2bafd71b80] [info]    Clearing entire store at: "/tmp/store_test_1737656629426424998"
[2025-01-23 18:23:49.429202] [0x00007f2bafd71b80] [info]    Store cleared successfully
[       OK ] StoreTest.FileSizeRetrieval (2 ms)
[----------] 1 test from StoreTest (2 ms total)

[----------] Global test environment tear-down
[==========] 1 test from 1 test suite ran. (2 ms total)
[  PASSED  ] 1 test.
<end of output>
Test time =   0.02 sec
----------------------------------------------------------
Test Passed.
"StoreTest.FileSizeRetrieval" end time: Jan 23 18:23 UTC
"StoreTest.FileSizeRetrieval" time elapsed: 00:00:00
----------------------------------------------------------

18/28 Testing: ChannelTest.InitialState
18/28 Test: ChannelTest.InitialState
Command: "/home/runner/workspace/build/channel_tests" "--gtest_filter=ChannelTest.InitialState" "--gtest_also_run_disabled_tests"
Directory: /home/runner/workspace/build
"ChannelTest.InitialState" start time: Jan 23 18:23 UTC
Output:
----------------------------------------------------------
Running main() from /build/source/googletest/src/gtest_main.cc
Note: Google Test filter = ChannelTest.InitialState
[==========] Running 1 test from 1 test suite.
[----------] Global test environment set-up.
[----------] 1 test from ChannelTest
[ RUN      ] ChannelTest.InitialState
[       OK ] ChannelTest.InitialState (0 ms)
[----------] 1 test from ChannelTest (0 ms total)

[----------] Global test environment tear-down
[==========] 1 test from 1 test suite ran. (0 ms total)
[  PASSED  ] 1 test.
<end of output>
Test time =   0.02 sec
----------------------------------------------------------
Test Passed.
"ChannelTest.InitialState" end time: Jan 23 18:23 UTC
"ChannelTest.InitialState" time elapsed: 00:00:00
----------------------------------------------------------

19/28 Testing: ChannelTest.SingleProduceConsume
19/28 Test: ChannelTest.SingleProduceConsume
Command: "/home/runner/workspace/build/channel_tests" "--gtest_filter=ChannelTest.SingleProduceConsume" "--gtest_also_run_disabled_tests"
Directory: /home/runner/workspace/build
"ChannelTest.SingleProduceConsume" start time: Jan 23 18:23 UTC
Output:
----------------------------------------------------------
Running main() from /build/source/googletest/src/gtest_main.cc
Note: Google Test filter = ChannelTest.SingleProduceConsume
[==========] Running 1 test from 1 test suite.
[----------] Global test environment set-up.
[----------] 1 test from ChannelTest
[ RUN      ] ChannelTest.SingleProduceConsume
[2025-01-23 18:23:49.466525] [0x00007f7323aa6c40] [debug]   Added message frame to channel. Channel size: 1
[2025-01-23 18:23:49.466531] [0x00007f7323aa6c40] [debug]   Retrieved message frame from channel. Channel size: 0
[       OK ] ChannelTest.SingleProduceConsume (0 ms)
[----------] 1 test from ChannelTest (0 ms total)

[----------] Global test environment tear-down
[==========] 1 test from 1 test suite ran. (0 ms total)
[  PASSED  ] 1 test.
<end of output>
Test time =   0.02 sec
----------------------------------------------------------
Test Passed.
"ChannelTest.SingleProduceConsume" end time: Jan 23 18:23 UTC
"ChannelTest.SingleProduceConsume" time elapsed: 00:00:00
----------------------------------------------------------

20/28 Testing: ChannelTest.MultipleMessages
20/28 Test: ChannelTest.MultipleMessages
Command: "/home/runner/workspace/build/channel_tests" "--gtest_filter=ChannelTest.MultipleMessages" "--gtest_also_run_disabled_tests"
Directory: /home/runner/workspace/build
"ChannelTest.MultipleMessages" start time: Jan 23 18:23 UTC
Output:
----------------------------------------------------------
Running main() from /build/source/googletest/src/gtest_main.cc
Note: Google Test filter = ChannelTest.MultipleMessages
[==========] Running 1 test from 1 test suite.
[----------] Global test environment set-up.
[----------] 1 test from ChannelTest
[ RUN      ] ChannelTest.MultipleMessages
[2025-01-23 18:23:49.479881] [0x00007ff4c7d3ac40] [debug]   Added message frame to channel. Channel size: 1
[2025-01-23 18:23:49.479890] [0x00007ff4c7d3ac40] [debug]   Added message frame to channel. Channel size: 2
[2025-01-23 18:23:49.479892] [0x00007ff4c7d3ac40] [debug]   Added message frame to channel. Channel size: 3
[2025-01-23 18:23:49.479894] [0x00007ff4c7d3ac40] [debug]   Added message frame to channel. Channel size: 4
[2025-01-23 18:23:49.479895] [0x00007ff4c7d3ac40] [debug]   Added message frame to channel. Channel size: 5
[2025-01-23 18:23:49.479898] [0x00007ff4c7d3ac40] [debug]   Retrieved message frame from channel. Channel size: 4
[2025-01-23 18:23:49.479900] [0x00007ff4c7d3ac40] [debug]   Retrieved message frame from channel. Channel size: 3
[2025-01-23 18:23:49.479901] [0x00007ff4c7d3ac40] [debug]   Retrieved message frame from channel. Channel size: 2
[2025-01-23 18:23:49.479902] [0x00007ff4c7d3ac40] [debug]   Retrieved message frame from channel. Channel size: 1
[2025-01-23 18:23:49.479904] [0x00007ff4c7d3ac40] [debug]   Retrieved message frame from channel. Channel size: 0
[       OK ] ChannelTest.MultipleMessages (0 ms)
[----------] 1 test from ChannelTest (0 ms total)

[----------] Global test environment tear-down
[==========] 1 test from 1 test suite ran. (0 ms total)
[  PASSED  ] 1 test.
<end of output>
Test time =   0.01 sec
----------------------------------------------------------
Test Passed.
"ChannelTest.MultipleMessages" end time: Jan 23 18:23 UTC
"ChannelTest.MultipleMessages" time elapsed: 00:00:00
----------------------------------------------------------

21/28 Testing: ChannelTest.ConsumeEmptyChannel
21/28 Test: ChannelTest.ConsumeEmptyChannel
Command: "/home/runner/workspace/build/channel_tests" "--gtest_filter=ChannelTest.ConsumeEmptyChannel" "--gtest_also_run_disabled_tests"
Directory: /home/runner/workspace/build
"ChannelTest.ConsumeEmptyChannel" start time: Jan 23 18:23 UTC
Output:
----------------------------------------------------------
Running main() from /build/source/googletest/src/gtest_main.cc
Note: Google Test filter = ChannelTest.ConsumeEmptyChannel
[==========] Running 1 test from 1 test suite.
[----------] Global test environment set-up.
[----------] 1 test from ChannelTest
[ RUN      ] ChannelTest.ConsumeEmptyChannel
[       OK ] ChannelTest.ConsumeEmptyChannel (0 ms)
[----------] 1 test from ChannelTest (0 ms total)

[----------] Global test environment tear-down
[==========] 1 test from 1 test suite ran. (0 ms total)
[  PASSED  ] 1 test.
<end of output>
Test time =   0.01 sec
----------------------------------------------------------
Test Passed.
"ChannelTest.ConsumeEmptyChannel" end time: Jan 23 18:23 UTC
"ChannelTest.ConsumeEmptyChannel" time elapsed: 00:00:00
----------------------------------------------------------

22/28 Testing: ChannelTest.ConcurrentProducersConsumers
22/28 Test: ChannelTest.ConcurrentProducersConsumers
Command: "/home/runner/workspace/build/channel_tests" "--gtest_filter=ChannelTest.ConcurrentProducersConsumers" "--gtest_also_run_disabled_tests"
Directory: /home/runner/workspace/build
"ChannelTest.ConcurrentProducersConsumers" start time: Jan 23 18:23 UTC
Output:
----------------------------------------------------------
Running main() from /build/source/googletest/src/gtest_main.cc
Note: Google Test filter = ChannelTest.ConcurrentProducersConsumers
[==========] Running 1 test from 1 test suite.
[----------] Global test environment set-up.
[----------] 1 test from ChannelTest
[ RUN      ] ChannelTest.ConcurrentProducersConsumers
[2025-01-23 18:23:49.530049] [0x00007fa5eab996c0] [debug]   Added message frame to channel. Channel size: 1
[2025-01-23 18:23:49.530082] [0x00007fa5ea3986c0] [debug]   Added message frame to channel. Channel size: 2
[2025-01-23 18:23:49.530136] [0x00007fa5e3fff6c0] [debug]   Added message frame to channel. Channel size: 3
[2025-01-23 18:23:49.530247] [0x00007fa5e9b976c0] [debug]   Added message frame to channel. Channel size: 4
[2025-01-23 18:23:49.530302] [0x00007fa5e8b956c0] [debug]   Retrieved message frame from channel. Channel size: 3
[2025-01-23 18:23:49.530335] [0x00007fa5e2ffd6c0] [debug]   Retrieved message frame from channel. Channel size: 2
[2025-01-23 18:23:49.530347] [0x00007fa5e2ffd6c0] [debug]   Retrieved message frame from channel. Channel size: 1
[2025-01-23 18:23:49.530391] [0x00007fa5e93966c0] [debug]   Retrieved message frame from channel. Channel size: 0
[2025-01-23 18:23:49.530426] [0x00007fa5eab996c0] [debug]   Added message frame to channel. Channel size: 1
[2025-01-23 18:23:49.530447] [0x00007fa5ea3986c0] [debug]   Added message frame to channel. Channel size: 2
[2025-01-23 18:23:49.530523] [0x00007fa5e37fe6c0] [debug]   Retrieved message frame from channel. Channel size: 1
[2025-01-23 18:23:49.530544] [0x00007fa5e9b976c0] [debug]   Added message frame to channel. Channel size: 2
[2025-01-23 18:23:49.530567] [0x00007fa5e2ffd6c0] [debug]   Retrieved message frame from channel. Channel size: 1
[2025-01-23 18:23:49.530578] [0x00007fa5e2ffd6c0] [debug]   Retrieved message frame from channel. Channel size: 0
[2025-01-23 18:23:49.530614] [0x00007fa5eab996c0] [debug]   Added message frame to channel. Channel size: 1
[2025-01-23 18:23:49.530624] [0x00007fa5e2ffd6c0] [debug]   Retrieved message frame from channel. Channel size: 0
[2025-01-23 18:23:49.530638] [0x00007fa5e3fff6c0] [debug]   Added message frame to channel. Channel size: 1
[2025-01-23 18:23:49.530649] [0x00007fa5e93966c0] [debug]   Retrieved message frame from channel. Channel size: 0
[...]
[2025-01-23 18:23:49.571276] [0x00007fe95fbadc40] [debug] Writing source id: 1
[2025-01-23 18:23:49.571277] [0x00007fe95fbadc40] [debug] Writing payload size: 0
[2025-01-23 18:23:49.571281] [0x00007fe95fbadc40] [info] Starting stream encryption
[2025-01-23 18:23:49.571283] [0x00007fe95fbadc40] [debug] Initializing cipher for encryption
[2025-01-23 18:23:49.572777] [0x00007fe95fbadc40] [debug] Cipher initialization complete
[2025-01-23 18:23:49.572792] [0x00007fe95fbadc40] [debug] Writing encrypted filename length
[2025-01-23 18:23:49.572797] [0x00007fe95fbadc40] [info] Encrypted message frame serialization complete. Total bytes written: 42
[2025-01-23 18:23:49.572802] [0x00007fe95fbadc40] [debug] Cleaning up CryptoStream resources
[2025-01-23 18:23:49.572810] [0x00007fe95fbadc40] [info] Initializing CryptoStream
[2025-01-23 18:23:49.572815] [0x00007fe95fbadc40] [debug] CryptoStream initialization complete
[2025-01-23 18:23:49.572818] [0x00007fe95fbadc40] [info] Starting message frame deserialization
[2025-01-23 18:23:49.572820] [0x00007fe95fbadc40] [debug] Reading IV
[2025-01-23 18:23:49.572823] [0x00007fe95fbadc40] [info] Initializing crypto parameters
[2025-01-23 18:23:49.572825] [0x00007fe95fbadc40] [debug] Crypto parameters initialized successfully
[2025-01-23 18:23:49.572827] [0x00007fe95fbadc40] [debug] Read message type: 0
[2025-01-23 18:23:49.572829] [0x00007fe95fbadc40] [debug] Read source id: 1
[2025-01-23 18:23:49.572830] [0x00007fe95fbadc40] [debug] Read payload size: 0
[2025-01-23 18:23:49.572832] [0x00007fe95fbadc40] [info] Starting stream decryption
[2025-01-23 18:23:49.572834] [0x00007fe95fbadc40] [debug] Initializing cipher for decryption
[2025-01-23 18:23:49.572838] [0x00007fe95fbadc40] [debug] Cipher initialization complete
[2025-01-23 18:23:49.572851] [0x00007fe95fbadc40] [debug] Read decrypted filename length: 23843840
[2025-01-23 18:23:49.572853] [0x00007fe95fbadc40] [debug] Added message frame to channel. Channel size: 1
[2025-01-23 18:23:49.572855] [0x00007fe95fbadc40] [debug] New frame added to channel
[2025-01-23 18:23:49.572857] [0x00007fe95fbadc40] [info] Message frame deserialization complete. Total bytes read: 42
[2025-01-23 18:23:49.572858] [0x00007fe95fbadc40] [debug] Cleaning up CryptoStream resources
[2025-01-23 18:23:49.572860] [0x00007fe95fbadc40] [debug] Retrieved message frame from channel. Channel size: 0
[       OK ] CodecTest.MinimalFrameSerializeDeserialize (1 ms)
[----------] 1 test from CodecTest (1 ms total)

[----------] Global test environment tear-down
[==========] 1 test from 1 test suite ran. (1 ms total)
[  PASSED  ] 1 test.
<end of output>
Test time =   0.02 sec
----------------------------------------------------------
Test Passed.
"CodecTest.MinimalFrameSerializeDeserialize" end time: Jan 23 18:23 UTC
"CodecTest.MinimalFrameSerializeDeserialize" time elapsed: 00:00:00
----------------------------------------------------------

25/28 Testing: CodecTest.BasicSerializeDeserialize
25/28 Test: CodecTest.BasicSerializeDeserialize
Command: "/home/runner/workspace/build/codec_tests" "--gtest_filter=CodecTest.BasicSerializeDeserialize" "--gtest_also_run_disabled_tests"
Directory: /home/runner/workspace/build
"CodecTest.BasicSerializeDeserialize" start time: Jan 23 18:23 UTC
Output:
----------------------------------------------------------
Running main() from /build/source/googletest/src/gtest_main.cc
Note: Google Test filter = CodecTest.BasicSerializeDeserialize
[==========] Running 1 test from 1 test suite.
[----------] Global test environment set-up.
[----------] 1 test from CodecTest
[ RUN      ] CodecTest.BasicSerializeDeserialize
[2025-01-23 18:23:49.587499] [0x00007f560da5cc40] [info]    Initializing Codec with key of size: 32
[2025-01-23 18:23:49.587537] [0x00007f560da5cc40] [info] Initializing CryptoStream
[2025-01-23 18:23:49.587673] [0x00007f560da5cc40] [debug] CryptoStream initialization complete
[2025-01-23 18:23:49.587679] [0x00007f560da5cc40] [info] Initializing crypto parameters
[2025-01-23 18:23:49.587685] [0x00007f560da5cc40] [debug] Crypto parameters initialized successfully
[2025-01-23 18:23:49.587688] [0x00007f560da5cc40] [info] Starting message frame serialization
[2025-01-23 18:23:49.587691] [0x00007f560da5cc40] [debug] Writing IV of size: 16
[2025-01-23 18:23:49.587694] [0x00007f560da5cc40] [debug] Writing message type: 0
[2025-01-23 18:23:49.587696] [0x00007f560da5cc40] [debug] Writing source id: 2
[2025-01-23 18:23:49.587697] [0x00007f560da5cc40] [debug] Writing payload size: 11
[2025-01-23 18:23:49.587701] [0x00007f560da5cc40] [info] Starting stream encryption
[2025-01-23 18:23:49.587705] [0x00007f560da5cc40] [debug] Initializing cipher for encryption
[2025-01-23 18:23:49.589254] [0x00007f560da5cc40] [debug] Cipher initialization complete
[2025-01-23 18:23:49.589266] [0x00007f560da5cc40] [debug] Writing encrypted filename length
[2025-01-23 18:23:49.589269] [0x00007f560da5cc40] [debug] Encrypting and writing payload of size: 11
[2025-01-23 18:23:49.589271] [0x00007f560da5cc40] [info] Starting stream encryption
[2025-01-23 18:23:49.589273] [0x00007f560da5cc40] [debug] Initializing cipher for encryption
[2025-01-23 18:23:49.589277] [0x00007f560da5cc40] [debug] Cipher initialization complete
[2025-01-23 18:23:49.589278] [0x00007f560da5cc40] [info] Encrypted message frame serialization complete. Total bytes written: 53
[2025-01-23 18:23:49.589280] [0x00007f560da5cc40] [debug] Cleaning up CryptoStream resources
[2025-01-23 18:23:49.589283] [0x00007f560da5cc40] [info] Initializing CryptoStream
[2025-01-23 18:23:49.589284] [0x00007f560da5cc40] [debug] CryptoStream initialization complete
[2025-01-23 18:23:49.589286] [0x00007f560da5cc40] [info] Starting message frame deserialization
[2025-01-23 18:23:49.589287] [0x00007f560da5cc40] [debug] Reading IV
[2025-01-23 18:23:49.589289] [0x00007f560da5cc40] [info] Initializing crypto parameters
[2025-01-23 18:23:49.589290] [0x00007f560da5cc40] [debug] Crypto parameters initialized successfully
[2025-01-23 18:23:49.589292] [0x00007f560da5cc40] [debug] Read message type: 0
[2025-01-23 18:23:49.589293] [0x00007f560da5cc40] [debug] Read source id: 2
[2025-01-23 18:23:49.589295] [0x00007f560da5cc40] [debug] Read payload size: 11
[2025-01-23 18:23:49.589297] [0x00007f560da5cc40] [info] Starting stream decryption
[2025-01-23 18:23:49.589298] [0x00007f560da5cc40] [debug] Initializing cipher for decryption
[2025-01-23 18:23:49.589301] [0x00007f560da5cc40] [debug] Cipher initialization complete
[2025-01-23 18:23:49.589303] [0x00007f560da5cc40] [debug] Read decrypted filename length: 8
[2025-01-23 18:23:49.589305] [0x00007f560da5cc40] [debug] Added message frame to channel. Channel size: 1
[2025-01-23 18:23:49.589306] [0x00007f560da5cc40] [debug] New frame added to channel
[2025-01-23 18:23:49.589309] [0x00007f560da5cc40] [debug] Decrypting payload of size: 11
[2025-01-23 18:23:49.589312] [0x00007f560da5cc40] [info] Starting stream decryption
[2025-01-23 18:23:49.589315] [0x00007f560da5cc40] [debug] Initializing cipher for decryption
[2025-01-23 18:23:49.589319] [0x00007f560da5cc40] [debug] Cipher initialization complete
[2025-01-23 18:23:49.589322] [0x00007f560da5cc40] [info] Message frame deserialization complete. Total bytes read: 53
[2025-01-23 18:23:49.589326] [0x00007f560da5cc40] [debug] Cleaning up CryptoStream resources
[2025-01-23 18:23:49.589329] [0x00007f560da5cc40] [debug] Retrieved message frame from channel. Channel size: 0
[       OK ] CodecTest.BasicSerializeDeserialize (1 ms)
[----------] 1 test from CodecTest (1 ms total)

[----------] Global test environment tear-down
[==========] 1 test from 1 test suite ran. (1 ms total)
[  PASSED  ] 1 test.
<end of output>
Test time =   0.01 sec
----------------------------------------------------------
Test Passed.
"CodecTest.BasicSerializeDeserialize" end time: Jan 23 18:23 UTC
"CodecTest.BasicSerializeDeserialize" time elapsed: 00:00:00
----------------------------------------------------------

26/28 Testing: CodecTest.LargePayloadChunkedProcessing
26/28 Test: CodecTest.LargePayloadChunkedProcessing
Command: "/home/runner/workspace/build/codec_tests" "--gtest_filter=CodecTest.LargePayloadChunkedProcessing" "--gtest_also_run_disabled_tests"
Directory: /home/runner/workspace/build
"CodecTest.LargePayloadChunkedProcessing" start time: Jan 23 18:23 UTC
Output:
----------------------------------------------------------
Running main() from /build/source/googletest/src/gtest_main.cc
Note: Google Test filter = CodecTest.LargePayloadChunkedProcessing
[==========] Running 1 test from 1 test suite.
[----------] Global test environment set-up.
[----------] 1 test from CodecTest
[ RUN      ] CodecTest.LargePayloadChunkedProcessing
[2025-01-23 18:23:49.602571] [0x00007f681e868c40] [info]    Initializing Codec with key of size: 32
[2025-01-23 18:23:49.703614] [0x00007f681e868c40] [info] Initializing CryptoStream
[2025-01-23 18:23:49.703836] [0x00007f681e868c40] [debug] CryptoStream initialization complete
[2025-01-23 18:23:49.703845] [0x00007f681e868c40] [info] Initializing crypto parameters
[2025-01-23 18:23:49.703849] [0x00007f681e868c40] [debug] Crypto parameters initialized successfully
[2025-01-23 18:23:49.703852] [0x00007f681e868c40] [info] Starting message frame serialization
[2025-01-23 18:23:49.703856] [0x00007f681e868c40] [debug] Writing IV of size: 16
[2025-01-23 18:23:49.703862] [0x00007f681e868c40] [debug] Writing message type: 0
[2025-01-23 18:23:49.703866] [0x00007f681e868c40] [debug] Writing source id: 3
[2025-01-23 18:23:49.703869] [0x00007f681e868c40] [debug] Writing payload size: 10485760
[2025-01-23 18:23:49.703877] [0x00007f681e868c40] [info] Starting stream encryption
[2025-01-23 18:23:49.703883] [0x00007f681e868c40] [debug] Initializing cipher for encryption
[2025-01-23 18:23:49.706229] [0x00007f681e868c40] [debug] Cipher initialization complete
[2025-01-23 18:23:49.706911] [0x00007f681e868c40] [debug] Writing encrypted filename length
[2025-01-23 18:23:49.706917] [0x00007f681e868c40] [debug] Encrypting and writing payload of size: 10485760
[2025-01-23 18:23:49.706922] [0x00007f681e868c40] [info] Starting stream encryption
[2025-01-23 18:23:49.706926] [0x00007f681e868c40] [debug] Initializing cipher for encryption
[2025-01-23 18:23:49.706933] [0x00007f681e868c40] [debug] Cipher initialization complete
[2025-01-23 18:23:49.732789] [0x00007f681e868c40] [info] Encrypted message frame serialization complete. Total bytes written: 10485802
[2025-01-23 18:23:49.732820] [0x00007f681e868c40] [debug] Cleaning up CryptoStream resources
[2025-01-23 18:23:49.732825] [0x00007f681e868c40] [info] Initializing CryptoStream
[2025-01-23 18:23:49.732828] [0x00007f681e868c40] [debug] CryptoStream initialization complete
[2025-01-23 18:23:49.732830] [0x00007f681e868c40] [info] Starting message frame deserialization
[2025-01-23 18:23:49.732831] [0x00007f681e868c40] [debug] Reading IV
[2025-01-23 18:23:49.732833] [0x00007f681e868c40] [info] Initializing crypto parameters
[2025-01-23 18:23:49.732835] [0x00007f681e868c40] [debug] Crypto parameters initialized successfully
[2025-01-23 18:23:49.732836] [0x00007f681e868c40] [debug] Read message type: 0
[2025-01-23 18:23:49.732839] [0x00007f681e868c40] [debug] Read source id: 3
[2025-01-23 18:23:49.732840] [0x00007f681e868c40] [debug] Read payload size: 10485760
[2025-01-23 18:23:49.732843] [0x00007f681e868c40] [info] Starting stream decryption
[2025-01-23 18:23:49.732846] [0x00007f681e868c40] [debug] Initializing cipher for decryption
[2025-01-23 18:23:49.732857] [0x00007f681e868c40] [debug] Cipher initialization complete
[2025-01-23 18:23:49.732859] [0x00007f681e868c40] [debug] Read decrypted filename length: 12
[2025-01-23 18:23:49.732861] [0x00007f681e868c40] [debug] Added message frame to channel. Channel size: 1
[2025-01-23 18:23:49.732863] [0x00007f681e868c40] [debug] New frame added to channel
[2025-01-23 18:23:49.732865] [0x00007f681e868c40] [debug] Decrypting payload of size: 10485760
[2025-01-23 18:23:49.732866] [0x00007f681e868c40] [info] Starting stream decryption
[2025-01-23 18:23:49.732869] [0x00007f681e868c40] [debug] Initializing cipher for decryption
[2025-01-23 18:23:49.732873] [0x00007f681e868c40] [debug] Cipher initialization complete
[2025-01-23 18:23:49.745439] [0x00007f681e868c40] [info] Message frame deserialization complete. Total bytes read: 10485802
[2025-01-23 18:23:49.745472] [0x00007f681e868c40] [debug] Cleaning up CryptoStream resources
[2025-01-23 18:23:49.745477] [0x00007f681e868c40] [debug] Retrieved message frame from channel. Channel size: 0
[       OK ] CodecTest.LargePayloadChunkedProcessing (262 ms)
[----------] 1 test from CodecTest (262 ms total)

[----------] Global test environment tear-down
[==========] 1 test from 1 test suite ran. (262 ms total)
[  PASSED  ] 1 test.
<end of output>
Test time =   0.28 sec
----------------------------------------------------------
Test Passed.
"CodecTest.LargePayloadChunkedProcessing" end time: Jan 23 18:23 UTC
"CodecTest.LargePayloadChunkedProcessing" time elapsed: 00:00:00
----------------------------------------------------------

27/28 Testing: CodecTest.MalformedInputHandling
27/28 Test: CodecTest.MalformedInputHandling
Command: "/home/runner/workspace/build/codec_tests" "--gtest_filter=CodecTest.MalformedInputHandling" "--gtest_also_run_disabled_tests"
Directory: /home/runner/workspace/build
"CodecTest.MalformedInputHandling" start time: Jan 23 18:23 UTC
Output:
----------------------------------------------------------
Running main() from /build/source/googletest/src/gtest_main.cc
Note: Google Test filter = CodecTest.MalformedInputHandling
[==========] Running 1 test from 1 test suite.
[----------] Global test environment set-up.
[----------] 1 test from CodecTest
[ RUN      ] CodecTest.MalformedInputHandling
[2025-01-23 18:23:49.883852] [0x00007f43c2782c40] [info]    Initializing Codec with key of size: 32
[2025-01-23 18:23:49.883891] [0x00007f43c2782c40] [info] Initializing CryptoStream
[2025-01-23 18:23:49.884034] [0x00007f43c2782c40] [debug] CryptoStream initialization complete
[2025-01-23 18:23:49.884038] [0x00007f43c2782c40] [info] Starting message frame deserialization
[2025-01-23 18:23:49.884040] [0x00007f43c2782c40] [debug] Reading IV
[2025-01-23 18:23:49.884042] [0x00007f43c2782c40] [error] Failed to read 16 bytes from input stream
[2025-01-23 18:23:49.884064] [0x00007f43c2782c40] [error] Error during deserialization: Failed to read from input stream
[2025-01-23 18:23:49.884071] [0x00007f43c2782c40] [debug] Cleaning up CryptoStream resources
[2025-01-23 18:23:49.884078] [0x00007f43c2782c40] [error] Invalid input stream state
[2025-01-23 18:23:49.884083] [0x00007f43c2782c40] [info] Initializing CryptoStream
[2025-01-23 18:23:49.884085] [0x00007f43c2782c40] [debug] CryptoStream initialization complete
[2025-01-23 18:23:49.884086] [0x00007f43c2782c40] [info] Initializing crypto parameters
[2025-01-23 18:23:49.884088] [0x00007f43c2782c40] [error] Invalid IV size: 15 bytes (expected 16 bytes)
[2025-01-23 18:23:49.884094] [0x00007f43c2782c40] [debug] Cleaning up CryptoStream resources
[       OK ] CodecTest.MalformedInputHandling (0 ms)
[----------] 1 test from CodecTest (0 ms total)

[----------] Global test environment tear-down
[==========] 1 test from 1 test suite ran. (0 ms total)
[  PASSED  ] 1 test.
<end of output>
Test time =   0.02 sec
----------------------------------------------------------
Test Passed.
"CodecTest.MalformedInputHandling" end time: Jan 23 18:23 UTC
"CodecTest.MalformedInputHandling" time elapsed: 00:00:00
----------------------------------------------------------

28/28 Testing: CodecTest.EmptySourceId
28/28 Test: CodecTest.EmptySourceId
Command: "/home/runner/workspace/build/codec_tests" "--gtest_filter=CodecTest.EmptySourceId" "--gtest_also_run_disabled_tests"
Directory: /home/runner/workspace/build
"CodecTest.EmptySourceId" start time: Jan 23 18:23 UTC
Output:
----------------------------------------------------------
Running main() from /build/source/googletest/src/gtest_main.cc
Note: Google Test filter = CodecTest.EmptySourceId
[==========] Running 1 test from 1 test suite.
[----------] Global test environment set-up.
[----------] 1 test from CodecTest
[ RUN      ] CodecTest.EmptySourceId
[2025-01-23 18:23:49.899589] [0x00007f3b232d1c40] [info]    Initializing Codec with key of size: 32
[2025-01-23 18:23:49.899626] [0x00007f3b232d1c40] [info] Initializing CryptoStream
[2025-01-23 18:23:49.899830] [0x00007f3b232d1c40] [debug] CryptoStream initialization complete
[2025-01-23 18:23:49.899837] [0x00007f3b232d1c40] [info] Initializing crypto parameters
[2025-01-23 18:23:49.899840] [0x00007f3b232d1c40] [debug] Crypto parameters initialized successfully
[2025-01-23 18:23:49.899843] [0x00007f3b232d1c40] [info] Starting message frame serialization
[2025-01-23 18:23:49.899846] [0x00007f3b232d1c40] [debug] Writing IV of size: 16
[2025-01-23 18:23:49.899849] [0x00007f3b232d1c40] [debug] Writing message type: 0
[2025-01-23 18:23:49.899852] [0x00007f3b232d1c40] [debug] Writing source id: 0
[2025-01-23 18:23:49.899854] [0x00007f3b232d1c40] [debug] Writing payload size: 0
[2025-01-23 18:23:49.899860] [0x00007f3b232d1c40] [info] Starting stream encryption
[2025-01-23 18:23:49.899863] [0x00007f3b232d1c40] [debug] Initializing cipher for encryption
[2025-01-23 18:23:49.902082] [0x00007f3b232d1c40] [debug] Cipher initialization complete
[2025-01-23 18:23:49.902099] [0x00007f3b232d1c40] [debug] Writing encrypted filename length
[2025-01-23 18:23:49.902102] [0x00007f3b232d1c40] [info] Encrypted message frame serialization complete. Total bytes written: 42
[2025-01-23 18:23:49.902106] [0x00007f3b232d1c40] [debug] Cleaning up CryptoStream resources
[2025-01-23 18:23:49.902110] [0x00007f3b232d1c40] [info] Initializing CryptoStream
[2025-01-23 18:23:49.902112] [0x00007f3b232d1c40] [debug] CryptoStream initialization complete
[2025-01-23 18:23:49.902115] [0x00007f3b232d1c40] [info] Starting message frame deserialization
[2025-01-23 18:23:49.902117] [0x00007f3b232d1c40] [debug] Reading IV
[2025-01-23 18:23:49.902120] [0x00007f3b232d1c40] [info] Initializing crypto parameters
[2025-01-23 18:23:49.902122] [0x00007f3b232d1c40] [debug] Crypto parameters initialized successfully
[2025-01-23 18:23:49.902125] [0x00007f3b232d1c40] [debug] Read message type: 0
[2025-01-23 18:23:49.902127] [0x00007f3b232d1c40] [debug] Read source id: 0
[2025-01-23 18:23:49.902130] [0x00007f3b232d1c40] [debug] Read payload size: 0
[2025-01-23 18:23:49.902133] [0x00007f3b232d1c40] [info] Starting stream decryption
[2025-01-23 18:23:49.902136] [0x00007f3b232d1c40] [debug] Initializing cipher for decryption
[2025-01-23 18:23:49.902140] [0x00007f3b232d1c40] [debug] Cipher initialization complete
[2025-01-23 18:23:49.902144] [0x00007f3b232d1c40] [debug] Read decrypted filename length: 0
[2025-01-23 18:23:49.902147] [0x00007f3b232d1c40] [debug] Added message frame to channel. Channel size: 1
[2025-01-23 18:23:49.902149] [0x00007f3b232d1c40] [debug] New frame added to channel
[2025-01-23 18:23:49.902152] [0x00007f3b232d1c40] [info] Message frame deserialization complete. Total bytes read: 42
[2025-01-23 18:23:49.902154] [0x00007f3b232d1c40] [debug] Cleaning up CryptoStream resources
[2025-01-23 18:23:49.902157] [0x00007f3b232d1c40] [debug] Retrieved message frame from channel. Channel size: 0
[       OK ] CodecTest.EmptySourceId (2 ms)
[----------] 1 test from CodecTest (2 ms total)

[----------] Global test environment tear-down
[==========] 1 test from 1 test suite ran. (2 ms total)
[  PASSED  ] 1 test.
<end of output>
Test time =   0.02 sec
----------------------------------------------------------
Test Passed.
"CodecTest.EmptySourceId" end time: Jan 23 18:23 UTC
"CodecTest.EmptySourceId" time elapsed: 00:00:00
----------------------------------------------------------

End testing: Jan 23 18:23 UTC
