Start testing: Jan 23 15:13 UTC
----------------------------------------------------------
1/30 Testing: CryptoStreamTest.BasicStreamOperation
1/30 Test: CryptoStreamTest.BasicStreamOperation
Command: "/home/runner/workspace/build/crypto_tests" "--gtest_filter=CryptoStreamTest.BasicStreamOperation" "--gtest_also_run_disabled_tests"
Directory: /home/runner/workspace/build
"CryptoStreamTest.BasicStreamOperation" start time: Jan 23 15:13 UTC
Output:
----------------------------------------------------------
Running main() from /build/source/googletest/src/gtest_main.cc
Note: Google Test filter = CryptoStreamTest.BasicStreamOperation
[==========] Running 1 test from 1 test suite.
[----------] Global test environment set-up.
[----------] 1 test from CryptoStreamTest
[ RUN      ] CryptoStreamTest.BasicStreamOperation
[2025-01-23 15:13:55.260207] [0x00007faf27f79b80] [info]    Initializing CryptoStream
[2025-01-23 15:13:55.260314] [0x00007faf27f79b80] [debug]   CryptoStream initialization complete
[2025-01-23 15:13:55.260324] [0x00007faf27f79b80] [info]    Initializing crypto parameters
[2025-01-23 15:13:55.260328] [0x00007faf27f79b80] [debug]   Crypto parameters initialized successfully
[2025-01-23 15:13:55.260335] [0x00007faf27f79b80] [info]    Starting stream encryption
[2025-01-23 15:13:55.260339] [0x00007faf27f79b80] [debug]   Initializing cipher for encryption
[2025-01-23 15:13:55.261796] [0x00007faf27f79b80] [debug]   Cipher initialization complete
[2025-01-23 15:13:55.261811] [0x00007faf27f79b80] [info]    Starting stream decryption
[2025-01-23 15:13:55.261815] [0x00007faf27f79b80] [debug]   Initializing cipher for decryption
[2025-01-23 15:13:55.261821] [0x00007faf27f79b80] [debug]   Cipher initialization complete
[2025-01-23 15:13:55.261827] [0x00007faf27f79b80] [debug]   Cleaning up CryptoStream resources
[       OK ] CryptoStreamTest.BasicStreamOperation (1 ms)
[----------] 1 test from CryptoStreamTest (1 ms total)

[----------] Global test environment tear-down
[==========] 1 test from 1 test suite ran. (1 ms total)
[  PASSED  ] 1 test.
<end of output>
Test time =   0.01 sec
----------------------------------------------------------
Test Passed.
"CryptoStreamTest.BasicStreamOperation" end time: Jan 23 15:13 UTC
"CryptoStreamTest.BasicStreamOperation" time elapsed: 00:00:00
----------------------------------------------------------

2/30 Testing: CryptoStreamTest.UninitializedError
2/30 Test: CryptoStreamTest.UninitializedError
Command: "/home/runner/workspace/build/crypto_tests" "--gtest_filter=CryptoStreamTest.UninitializedError" "--gtest_also_run_disabled_tests"
Directory: /home/runner/workspace/build
"CryptoStreamTest.UninitializedError" start time: Jan 23 15:13 UTC
Output:
----------------------------------------------------------
Running main() from /build/source/googletest/src/gtest_main.cc
Note: Google Test filter = CryptoStreamTest.UninitializedError
[==========] Running 1 test from 1 test suite.
[----------] Global test environment set-up.
[----------] 1 test from CryptoStreamTest
[ RUN      ] CryptoStreamTest.UninitializedError
[2025-01-23 15:13:55.274353] [0x00007f6c7f594b80] [info]    Initializing CryptoStream
[2025-01-23 15:13:55.274474] [0x00007f6c7f594b80] [debug]   CryptoStream initialization complete
[2025-01-23 15:13:55.274482] [0x00007f6c7f594b80] [info]    Initializing crypto parameters
[2025-01-23 15:13:55.274484] [0x00007f6c7f594b80] [debug]   Crypto parameters initialized successfully
[2025-01-23 15:13:55.274486] [0x00007f6c7f594b80] [info]    Initializing CryptoStream
[2025-01-23 15:13:55.274487] [0x00007f6c7f594b80] [debug]   CryptoStream initialization complete
[2025-01-23 15:13:55.274491] [0x00007f6c7f594b80] [info]    Starting stream encryption
[2025-01-23 15:13:55.274494] [0x00007f6c7f594b80] [debug]   Initializing cipher for encryption
[2025-01-23 15:13:55.274498] [0x00007f6c7f594b80] [error]   Attempted to use uninitialized CryptoStream
[2025-01-23 15:13:55.274518] [0x00007f6c7f594b80] [error]   Stream processing failed: Initialization error: CryptoStream not initialized
[2025-01-23 15:13:55.274529] [0x00007f6c7f594b80] [debug]   Cleaning up CryptoStream resources
[2025-01-23 15:13:55.274536] [0x00007f6c7f594b80] [debug]   Cleaning up CryptoStream resources
[       OK ] CryptoStreamTest.UninitializedError (0 ms)
[----------] 1 test from CryptoStreamTest (0 ms total)

[----------] Global test environment tear-down
[==========] 1 test from 1 test suite ran. (0 ms total)
[  PASSED  ] 1 test.
<end of output>
Test time =   0.01 sec
----------------------------------------------------------
Test Passed.
"CryptoStreamTest.UninitializedError" end time: Jan 23 15:13 UTC
"CryptoStreamTest.UninitializedError" time elapsed: 00:00:00
----------------------------------------------------------

3/30 Testing: CryptoStreamTest.EmptyStream
3/30 Test: CryptoStreamTest.EmptyStream
Command: "/home/runner/workspace/build/crypto_tests" "--gtest_filter=CryptoStreamTest.EmptyStream" "--gtest_also_run_disabled_tests"
Directory: /home/runner/workspace/build
"CryptoStreamTest.EmptyStream" start time: Jan 23 15:13 UTC
Output:
----------------------------------------------------------
Running main() from /build/source/googletest/src/gtest_main.cc
Note: Google Test filter = CryptoStreamTest.EmptyStream
[==========] Running 1 test from 1 test suite.
[----------] Global test environment set-up.
[----------] 1 test from CryptoStreamTest
[ RUN      ] CryptoStreamTest.EmptyStream
[2025-01-23 15:13:55.284630] [0x00007f6a40267b80] [info]    Initializing CryptoStream
[2025-01-23 15:13:55.284738] [0x00007f6a40267b80] [debug]   CryptoStream initialization complete
[2025-01-23 15:13:55.284744] [0x00007f6a40267b80] [info]    Initializing crypto parameters
[2025-01-23 15:13:55.284747] [0x00007f6a40267b80] [debug]   Crypto parameters initialized successfully
[2025-01-23 15:13:55.284750] [0x00007f6a40267b80] [info]    Starting stream encryption
[2025-01-23 15:13:55.284755] [0x00007f6a40267b80] [debug]   Initializing cipher for encryption
[2025-01-23 15:13:55.286227] [0x00007f6a40267b80] [debug]   Cipher initialization complete
[2025-01-23 15:13:55.286241] [0x00007f6a40267b80] [info]    Starting stream decryption
[2025-01-23 15:13:55.286243] [0x00007f6a40267b80] [debug]   Initializing cipher for decryption
[2025-01-23 15:13:55.286247] [0x00007f6a40267b80] [debug]   Cipher initialization complete
[2025-01-23 15:13:55.286250] [0x00007f6a40267b80] [debug]   Cleaning up CryptoStream resources
[       OK ] CryptoStreamTest.EmptyStream (1 ms)
[----------] 1 test from CryptoStreamTest (1 ms total)

[----------] Global test environment tear-down
[==========] 1 test from 1 test suite ran. (1 ms total)
[  PASSED  ] 1 test.
<end of output>
Test time =   0.01 sec
----------------------------------------------------------
Test Passed.
"CryptoStreamTest.EmptyStream" end time: Jan 23 15:13 UTC
"CryptoStreamTest.EmptyStream" time elapsed: 00:00:00
----------------------------------------------------------

4/30 Testing: CryptoStreamTest.LargeStream
4/30 Test: CryptoStreamTest.LargeStream
Command: "/home/runner/workspace/build/crypto_tests" "--gtest_filter=CryptoStreamTest.LargeStream" "--gtest_also_run_disabled_tests"
Directory: /home/runner/workspace/build
"CryptoStreamTest.LargeStream" start time: Jan 23 15:13 UTC
Output:
----------------------------------------------------------
Running main() from /build/source/googletest/src/gtest_main.cc
Note: Google Test filter = CryptoStreamTest.LargeStream
[==========] Running 1 test from 1 test suite.
[----------] Global test environment set-up.
[----------] 1 test from CryptoStreamTest
[ RUN      ] CryptoStreamTest.LargeStream
[2025-01-23 15:13:55.297394] [0x00007f51a03b1b80] [info]    Initializing CryptoStream
[2025-01-23 15:13:55.297489] [0x00007f51a03b1b80] [debug]   CryptoStream initialization complete
[2025-01-23 15:13:55.297497] [0x00007f51a03b1b80] [info]    Initializing crypto parameters
[2025-01-23 15:13:55.297499] [0x00007f51a03b1b80] [debug]   Crypto parameters initialized successfully
[2025-01-23 15:13:55.303525] [0x00007f51a03b1b80] [info]    Starting stream encryption
[2025-01-23 15:13:55.303534] [0x00007f51a03b1b80] [debug]   Initializing cipher for encryption
[2025-01-23 15:13:55.304911] [0x00007f51a03b1b80] [debug]   Cipher initialization complete
[2025-01-23 15:13:55.306988] [0x00007f51a03b1b80] [info]    Starting stream decryption
[2025-01-23 15:13:55.306998] [0x00007f51a03b1b80] [debug]   Initializing cipher for decryption
[2025-01-23 15:13:55.307004] [0x00007f51a03b1b80] [debug]   Cipher initialization complete
[2025-01-23 15:13:55.307817] [0x00007f51a03b1b80] [debug]   Cleaning up CryptoStream resources
[       OK ] CryptoStreamTest.LargeStream (10 ms)
[----------] 1 test from CryptoStreamTest (10 ms total)

[----------] Global test environment tear-down
[==========] 1 test from 1 test suite ran. (10 ms total)
[  PASSED  ] 1 test.
<end of output>
Test time =   0.02 sec
----------------------------------------------------------
Test Passed.
"CryptoStreamTest.LargeStream" end time: Jan 23 15:13 UTC
"CryptoStreamTest.LargeStream" time elapsed: 00:00:00
----------------------------------------------------------

5/30 Testing: CryptoStreamTest.InvalidStreamState
5/30 Test: CryptoStreamTest.InvalidStreamState
Command: "/home/runner/workspace/build/crypto_tests" "--gtest_filter=CryptoStreamTest.InvalidStreamState" "--gtest_also_run_disabled_tests"
Directory: /home/runner/workspace/build
"CryptoStreamTest.InvalidStreamState" start time: Jan 23 15:13 UTC
Output:
----------------------------------------------------------
Running main() from /build/source/googletest/src/gtest_main.cc
Note: Google Test filter = CryptoStreamTest.InvalidStreamState
[==========] Running 1 test from 1 test suite.
[----------] Global test environment set-up.
[----------] 1 test from CryptoStreamTest
[ RUN      ] CryptoStreamTest.InvalidStreamState
[2025-01-23 15:13:55.320778] [0x00007f3621eabb80] [info]    Initializing CryptoStream
[2025-01-23 15:13:55.320909] [0x00007f3621eabb80] [debug]   CryptoStream initialization complete
[2025-01-23 15:13:55.320917] [0x00007f3621eabb80] [info]    Initializing crypto parameters
[2025-01-23 15:13:55.320919] [0x00007f3621eabb80] [debug]   Crypto parameters initialized successfully
[2025-01-23 15:13:55.320923] [0x00007f3621eabb80] [info]    Starting stream encryption
[2025-01-23 15:13:55.320958] [0x00007f3621eabb80] [error]   Invalid stream state detected
[2025-01-23 15:13:55.320981] [0x00007f3621eabb80] [info]    Starting stream encryption
[2025-01-23 15:13:55.320986] [0x00007f3621eabb80] [error]   Invalid stream state detected
[2025-01-23 15:13:55.320994] [0x00007f3621eabb80] [debug]   Cleaning up CryptoStream resources
[       OK ] CryptoStreamTest.InvalidStreamState (0 ms)
[----------] 1 test from CryptoStreamTest (0 ms total)

[----------] Global test environment tear-down
[==========] 1 test from 1 test suite ran. (0 ms total)
[  PASSED  ] 1 test.
<end of output>
Test time =   0.01 sec
----------------------------------------------------------
Test Passed.
"CryptoStreamTest.InvalidStreamState" end time: Jan 23 15:13 UTC
"CryptoStreamTest.InvalidStreamState" time elapsed: 00:00:00
----------------------------------------------------------

6/30 Testing: CryptoStreamTest.BlockAlignment
6/30 Test: CryptoStreamTest.BlockAlignment
Command: "/home/runner/workspace/build/crypto_tests" "--gtest_filter=CryptoStreamTest.BlockAlignment" "--gtest_also_run_disabled_tests"
Directory: /home/runner/workspace/build
"CryptoStreamTest.BlockAlignment" start time: Jan 23 15:13 UTC
Output:
----------------------------------------------------------
Running main() from /build/source/googletest/src/gtest_main.cc
Note: Google Test filter = CryptoStreamTest.BlockAlignment
[==========] Running 1 test from 1 test suite.
[----------] Global test environment set-up.
[----------] 1 test from CryptoStreamTest
[ RUN      ] CryptoStreamTest.BlockAlignment
[2025-01-23 15:13:55.334013] [0x00007fe20742fb80] [info]    Initializing CryptoStream
[2025-01-23 15:13:55.334159] [0x00007fe20742fb80] [debug]   CryptoStream initialization complete
[2025-01-23 15:13:55.334168] [0x00007fe20742fb80] [info]    Initializing crypto parameters
[2025-01-23 15:13:55.334172] [0x00007fe20742fb80] [debug]   Crypto parameters initialized successfully
[2025-01-23 15:13:55.334178] [0x00007fe20742fb80] [info]    Starting stream encryption
[2025-01-23 15:13:55.334184] [0x00007fe20742fb80] [debug]   Initializing cipher for encryption
[2025-01-23 15:13:55.335924] [0x00007fe20742fb80] [debug]   Cipher initialization complete
[2025-01-23 15:13:55.335981] [0x00007fe20742fb80] [info]    Starting stream decryption
[2025-01-23 15:13:55.335984] [0x00007fe20742fb80] [debug]   Initializing cipher for decryption
[2025-01-23 15:13:55.335989] [0x00007fe20742fb80] [debug]   Cipher initialization complete
[2025-01-23 15:13:55.335997] [0x00007fe20742fb80] [info]    Starting stream encryption
[2025-01-23 15:13:55.336029] [0x00007fe20742fb80] [debug]   Initializing cipher for encryption
[2025-01-23 15:13:55.336032] [0x00007fe20742fb80] [debug]   Cipher initialization complete
[2025-01-23 15:13:55.336034] [0x00007fe20742fb80] [info]    Starting stream decryption
[2025-01-23 15:13:55.336035] [0x00007fe20742fb80] [debug]   Initializing cipher for decryption
[2025-01-23 15:13:55.336037] [0x00007fe20742fb80] [debug]   Cipher initialization complete
[2025-01-23 15:13:55.336040] [0x00007fe20742fb80] [info]    Starting stream encryption
[2025-01-23 15:13:55.336042] [0x00007fe20742fb80] [debug]   Initializing cipher for encryption
[2025-01-23 15:13:55.336044] [0x00007fe20742fb80] [debug]   Cipher initialization complete
[2025-01-23 15:13:55.336046] [0x00007fe20742fb80] [info]    Starting stream decryption
[2025-01-23 15:13:55.336047] [0x00007fe20742fb80] [debug]   Initializing cipher for decryption
[2025-01-23 15:13:55.336049] [0x00007fe20742fb80] [debug]   Cipher initialization complete
[2025-01-23 15:13:55.336052] [0x00007fe20742fb80] [info]    Starting stream encryption
[2025-01-23 15:13:55.336054] [0x00007fe20742fb80] [debug]   Initializing cipher for encryption
[2025-01-23 15:13:55.336056] [0x00007fe20742fb80] [debug]   Cipher initialization complete
[2025-01-23 15:13:55.336057] [0x00007fe20742fb80] [info]    Starting stream decryption
[2025-01-23 15:13:55.336059] [0x00007fe20742fb80] [debug]   Initializing cipher for decryption
[2025-01-23 15:13:55.336061] [0x00007fe20742fb80] [debug]   Cipher initialization complete
[2025-01-23 15:13:55.336064] [0x00007fe20742fb80] [info]    Starting stream encryption
[2025-01-23 15:13:55.336068] [0x00007fe20742fb80] [debug]   Initializing cipher for encryption
[2025-01-23 15:13:55.336070] [0x00007fe20742fb80] [debug]   Cipher initialization complete
[2025-01-23 15:13:55.336072] [0x00007fe20742fb80] [info]    Starting stream decryption
[2025-01-23 15:13:55.336073] [0x00007fe20742fb80] [debug]   Initializing cipher for decryption
[2025-01-23 15:13:55.336075] [0x00007fe20742fb80] [debug]   Cipher initialization complete
[2025-01-23 15:13:55.336078] [0x00007fe20742fb80] [info]    Starting stream encryption
[2025-01-23 15:13:55.336082] [0x00007fe20742fb80] [debug]   Initializing cipher for encryption
[2025-01-23 15:13:55.336084] [0x00007fe20742fb80] [debug]   Cipher initialization complete
[2025-01-23 15:13:55.336085] [0x00007fe20742fb80] [info]    Starting stream decryption
[2025-01-23 15:13:55.336087] [0x00007fe20742fb80] [debug]   Initializing cipher for decryption
[2025-01-23 15:13:55.336089] [0x00007fe20742fb80] [debug]   Cipher initialization complete
[2025-01-23 15:13:55.336092] [0x00007fe20742fb80] [debug]   Cleaning up CryptoStream resources
[       OK ] CryptoStreamTest.BlockAlignment (2 ms)
[----------] 1 test from CryptoStreamTest (2 ms total)

[----------] Global test environment tear-down
[==========] 1 test from 1 test suite ran. (2 ms total)
[  PASSED  ] 1 test.
<end of output>
Test time =   0.01 sec
----------------------------------------------------------
Test Passed.
"CryptoStreamTest.BlockAlignment" end time: Jan 23 15:13 UTC
"CryptoStreamTest.BlockAlignment" time elapsed: 00:00:00
----------------------------------------------------------

7/30 Testing: CryptoStreamTest.StreamOperators
7/30 Test: CryptoStreamTest.StreamOperators
Command: "/home/runner/workspace/build/crypto_tests" "--gtest_filter=CryptoStreamTest.StreamOperators" "--gtest_also_run_disabled_tests"
Directory: /home/runner/workspace/build
"CryptoStreamTest.StreamOperators" start time: Jan 23 15:13 UTC
Output:
----------------------------------------------------------
Running main() from /build/source/googletest/src/gtest_main.cc
Note: Google Test filter = CryptoStreamTest.StreamOperators
[==========] Running 1 test from 1 test suite.
[----------] Global test environment set-up.
[----------] 1 test from CryptoStreamTest
[ RUN      ] CryptoStreamTest.StreamOperators
[2025-01-23 15:13:55.348321] [0x00007f474a3cbb80] [info]    Initializing CryptoStream
[2025-01-23 15:13:55.348452] [0x00007f474a3cbb80] [debug]   CryptoStream initialization complete
[2025-01-23 15:13:55.348461] [0x00007f474a3cbb80] [info]    Initializing crypto parameters
[2025-01-23 15:13:55.348463] [0x00007f474a3cbb80] [debug]   Crypto parameters initialized successfully
[2025-01-23 15:13:55.348467] [0x00007f474a3cbb80] [debug]   Stream operator<< called, storing input stream for processing
[2025-01-23 15:13:55.348475] [0x00007f474a3cbb80] [debug]   Stream operator>> called in encryption mode
[2025-01-23 15:13:55.348482] [0x00007f474a3cbb80] [info]    Starting stream encryption
[2025-01-23 15:13:55.348489] [0x00007f474a3cbb80] [debug]   Initializing cipher for encryption
[2025-01-23 15:13:55.349976] [0x00007f474a3cbb80] [debug]   Cipher initialization complete
[2025-01-23 15:13:55.349990] [0x00007f474a3cbb80] [debug]   Stream processing complete
[2025-01-23 15:13:55.349993] [0x00007f474a3cbb80] [debug]   Stream operator<< called, storing input stream for processing
[2025-01-23 15:13:55.349996] [0x00007f474a3cbb80] [debug]   Stream operator>> called in decryption mode
[2025-01-23 15:13:55.349997] [0x00007f474a3cbb80] [info]    Starting stream decryption
[2025-01-23 15:13:55.350000] [0x00007f474a3cbb80] [debug]   Initializing cipher for decryption
[2025-01-23 15:13:55.350003] [0x00007f474a3cbb80] [debug]   Cipher initialization complete
[2025-01-23 15:13:55.350009] [0x00007f474a3cbb80] [debug]   Stream processing complete
[2025-01-23 15:13:55.350011] [0x00007f474a3cbb80] [debug]   Stream operator>> called in decryption mode
[2025-01-23 15:13:55.350013] [0x00007f474a3cbb80] [error]   Stream operator>> called without prior input stream
[2025-01-23 15:13:55.350034] [0x00007f474a3cbb80] [debug]   Cleaning up CryptoStream resources
[       OK ] CryptoStreamTest.StreamOperators (1 ms)
[----------] 1 test from CryptoStreamTest (1 ms total)

[----------] Global test environment tear-down
[==========] 1 test from 1 test suite ran. (1 ms total)
[  PASSED  ] 1 test.
<end of output>
Test time =   0.01 sec
----------------------------------------------------------
Test Passed.
"CryptoStreamTest.StreamOperators" end time: Jan 23 15:13 UTC
"CryptoStreamTest.StreamOperators" time elapsed: 00:00:00
----------------------------------------------------------

8/30 Testing: CryptoStreamTest.IVGeneration
8/30 Test: CryptoStreamTest.IVGeneration
Command: "/home/runner/workspace/build/crypto_tests" "--gtest_filter=CryptoStreamTest.IVGeneration" "--gtest_also_run_disabled_tests"
Directory: /home/runner/workspace/build
"CryptoStreamTest.IVGeneration" start time: Jan 23 15:13 UTC
Output:
----------------------------------------------------------
Running main() from /build/source/googletest/src/gtest_main.cc
Note: Google Test filter = CryptoStreamTest.IVGeneration
[==========] Running 1 test from 1 test suite.
[----------] Global test environment set-up.
[----------] 1 test from CryptoStreamTest
[ RUN      ] CryptoStreamTest.IVGeneration
[2025-01-23 15:13:55.362002] [0x00007f6dd8a12b80] [info]    Initializing CryptoStream
[2025-01-23 15:13:55.362108] [0x00007f6dd8a12b80] [debug]   CryptoStream initialization complete
[2025-01-23 15:13:55.362115] [0x00007f6dd8a12b80] [info]    Initializing crypto parameters
[2025-01-23 15:13:55.362117] [0x00007f6dd8a12b80] [debug]   Crypto parameters initialized successfully
[2025-01-23 15:13:55.362118] [0x00007f6dd8a12b80] [info]    Initializing CryptoStream
[2025-01-23 15:13:55.362120] [0x00007f6dd8a12b80] [debug]   CryptoStream initialization complete
[2025-01-23 15:13:55.362122] [0x00007f6dd8a12b80] [debug]   Generating initialization vector
[2025-01-23 15:13:55.363520] [0x00007f6dd8a12b80] [debug]   Successfully generated initialization vector
[2025-01-23 15:13:55.363528] [0x00007f6dd8a12b80] [debug]   Generating initialization vector
[2025-01-23 15:13:55.363532] [0x00007f6dd8a12b80] [debug]   Successfully generated initialization vector
[2025-01-23 15:13:55.363533] [0x00007f6dd8a12b80] [info]    Initializing crypto parameters
[2025-01-23 15:13:55.363535] [0x00007f6dd8a12b80] [debug]   Crypto parameters initialized successfully
[2025-01-23 15:13:55.363545] [0x00007f6dd8a12b80] [info]    Starting stream encryption
[2025-01-23 15:13:55.363550] [0x00007f6dd8a12b80] [debug]   Initializing cipher for encryption
[2025-01-23 15:13:55.363557] [0x00007f6dd8a12b80] [debug]   Cipher initialization complete
[2025-01-23 15:13:55.363568] [0x00007f6dd8a12b80] [info]    Starting stream decryption
[2025-01-23 15:13:55.363573] [0x00007f6dd8a12b80] [debug]   Initializing cipher for decryption
[2025-01-23 15:13:55.363576] [0x00007f6dd8a12b80] [debug]   Cipher initialization complete
[2025-01-23 15:13:55.363579] [0x00007f6dd8a12b80] [debug]   Cleaning up CryptoStream resources
[2025-01-23 15:13:55.363583] [0x00007f6dd8a12b80] [debug]   Cleaning up CryptoStream resources
[       OK ] CryptoStreamTest.IVGeneration (1 ms)
[----------] 1 test from CryptoStreamTest (1 ms total)

[----------] Global test environment tear-down
[==========] 1 test from 1 test suite ran. (1 ms total)
[  PASSED  ] 1 test.
<end of output>
Test time =   0.01 sec
----------------------------------------------------------
Test Passed.
"CryptoStreamTest.IVGeneration" end time: Jan 23 15:13 UTC
"CryptoStreamTest.IVGeneration" time elapsed: 00:00:00
----------------------------------------------------------

9/30 Testing: StoreTest.BasicStoreAndRetrieve
9/30 Test: StoreTest.BasicStoreAndRetrieve
Command: "/home/runner/workspace/build/store_tests" "--gtest_filter=StoreTest.BasicStoreAndRetrieve" "--gtest_also_run_disabled_tests"
Directory: /home/runner/workspace/build
"StoreTest.BasicStoreAndRetrieve" start time: Jan 23 15:13 UTC
Output:
----------------------------------------------------------
Running main() from /build/source/googletest/src/gtest_main.cc
Note: Google Test filter = StoreTest.BasicStoreAndRetrieve
[==========] Running 1 test from 1 test suite.
[----------] Global test environment set-up.
[----------] 1 test from StoreTest
[ RUN      ] StoreTest.BasicStoreAndRetrieve
[2025-01-23 15:13:55.375531] [0x00007f78a8b1bb80] [info]    Initializing Store with base path: /tmp/store_test_1737645235375421180
[2025-01-23 15:13:55.375544] [0x00007f78a8b1bb80] [debug]   Store directory created/verified at: /tmp/store_test_1737645235375421180
[2025-01-23 15:13:55.375554] [0x00007f78a8b1bb80] [info]    Storing data with key: test_key
[2025-01-23 15:13:55.375561] [0x00007f78a8b1bb80] [debug]   Generating hash for key: test_key
[2025-01-23 15:13:55.377007] [0x00007f78a8b1bb80] [debug]   Generated hash: 92488e1e3eeecdf99f3ed2ce59233efb4b4fb612d5655c0ce9ea52b5a502e655
[2025-01-23 15:13:55.377021] [0x00007f78a8b1bb80] [debug]   Calculated path: /tmp/store_test_1737645235375421180/92/48/8e/1e3eeecdf99f3ed2ce59233efb4b4fb612d5655c0ce9ea52b5a502e655
[2025-01-23 15:13:55.377078] [0x00007f78a8b1bb80] [debug]   Calculated file path: /tmp/store_test_1737645235375421180/92/48/8e/1e3eeecdf99f3ed2ce59233efb4b4fb612d5655c0ce9ea52b5a502e655
[2025-01-23 15:13:55.377131] [0x00007f78a8b1bb80] [info]    Successfully stored 13 bytes with key: test_key
[2025-01-23 15:13:55.377139] [0x00007f78a8b1bb80] [debug]   Checking existence of key: test_key
[2025-01-23 15:13:55.377143] [0x00007f78a8b1bb80] [debug]   Generating hash for key: test_key
[2025-01-23 15:13:55.377153] [0x00007f78a8b1bb80] [debug]   Generated hash: 92488e1e3eeecdf99f3ed2ce59233efb4b4fb612d5655c0ce9ea52b5a502e655
[2025-01-23 15:13:55.377160] [0x00007f78a8b1bb80] [debug]   Calculated path: /tmp/store_test_1737645235375421180/92/48/8e/1e3eeecdf99f3ed2ce59233efb4b4fb612d5655c0ce9ea52b5a502e655
[2025-01-23 15:13:55.377168] [0x00007f78a8b1bb80] [debug]   Key test_key exists at path: /tmp/store_test_1737645235375421180/92/48/8e/1e3eeecdf99f3ed2ce59233efb4b4fb612d5655c0ce9ea52b5a502e655
[2025-01-23 15:13:55.377175] [0x00007f78a8b1bb80] [info]    Retrieving data for key: test_key
[2025-01-23 15:13:55.377178] [0x00007f78a8b1bb80] [debug]   Generating hash for key: test_key
[2025-01-23 15:13:55.377185] [0x00007f78a8b1bb80] [debug]   Generated hash: 92488e1e3eeecdf99f3ed2ce59233efb4b4fb612d5655c0ce9ea52b5a502e655
[2025-01-23 15:13:55.377190] [0x00007f78a8b1bb80] [debug]   Calculated path: /tmp/store_test_1737645235375421180/92/48/8e/1e3eeecdf99f3ed2ce59233efb4b4fb612d5655c0ce9ea52b5a502e655
[2025-01-23 15:13:55.377211] [0x00007f78a8b1bb80] [info]    Successfully streamed 13 bytes for key: test_key
[2025-01-23 15:13:55.377222] [0x00007f78a8b1bb80] [info]    Clearing entire store at: "/tmp/store_test_1737645235375421180"
[2025-01-23 15:13:55.377470] [0x00007f78a8b1bb80] [info]    Store cleared successfully
[       OK ] StoreTest.BasicStoreAndRetrieve (2 ms)
[----------] 1 test from StoreTest (2 ms total)

[----------] Global test environment tear-down
[==========] 1 test from 1 test suite ran. (2 ms total)
[  PASSED  ] 1 test.
<end of output>
Test time =   0.01 sec
----------------------------------------------------------
Test Passed.
"StoreTest.BasicStoreAndRetrieve" end time: Jan 23 15:13 UTC
"StoreTest.BasicStoreAndRetrieve" time elapsed: 00:00:00
----------------------------------------------------------

10/30 Testing: StoreTest.EmptyInput
10/30 Test: StoreTest.EmptyInput
Command: "/home/runner/workspace/build/store_tests" "--gtest_filter=StoreTest.EmptyInput" "--gtest_also_run_disabled_tests"
Directory: /home/runner/workspace/build
"StoreTest.EmptyInput" start time: Jan 23 15:13 UTC
Output:
----------------------------------------------------------
Running main() from /build/source/googletest/src/gtest_main.cc
Note: Google Test filter = StoreTest.EmptyInput
[==========] Running 1 test from 1 test suite.
[----------] Global test environment set-up.
[----------] 1 test from StoreTest
[ RUN      ] StoreTest.EmptyInput
[2025-01-23 15:13:55.390275] [0x00007f5ad2787b80] [info]    Initializing Store with base path: /tmp/store_test_1737645235390166995
[2025-01-23 15:13:55.390286] [0x00007f5ad2787b80] [debug]   Store directory created/verified at: /tmp/store_test_1737645235390166995
[2025-01-23 15:13:55.390292] [0x00007f5ad2787b80] [info]    Storing data with key: empty_test
[2025-01-23 15:13:55.390296] [0x00007f5ad2787b80] [debug]   Generating hash for key: empty_test
[2025-01-23 15:13:55.391502] [0x00007f5ad2787b80] [debug]   Generated hash: f1b6800e9ca01dac557744adec3477366cbe3888d44fcabefb3078c4c069f3a8
[2025-01-23 15:13:55.391514] [0x00007f5ad2787b80] [debug]   Calculated path: /tmp/store_test_1737645235390166995/f1/b6/80/0e9ca01dac557744adec3477366cbe3888d44fcabefb3078c4c069f3a8
[2025-01-23 15:13:55.391561] [0x00007f5ad2787b80] [debug]   Calculated file path: /tmp/store_test_1737645235390166995/f1/b6/80/0e9ca01dac557744adec3477366cbe3888d44fcabefb3078c4c069f3a8
[2025-01-23 15:13:55.391584] [0x00007f5ad2787b80] [debug]   Storing empty content for key: empty_test
[2025-01-23 15:13:55.391591] [0x00007f5ad2787b80] [info]    Successfully stored 0 bytes with key: empty_test
[2025-01-23 15:13:55.391594] [0x00007f5ad2787b80] [debug]   Checking existence of key: empty_test
[2025-01-23 15:13:55.391595] [0x00007f5ad2787b80] [debug]   Generating hash for key: empty_test
[2025-01-23 15:13:55.391604] [0x00007f5ad2787b80] [debug]   Generated hash: f1b6800e9ca01dac557744adec3477366cbe3888d44fcabefb3078c4c069f3a8
[2025-01-23 15:13:55.391610] [0x00007f5ad2787b80] [debug]   Calculated path: /tmp/store_test_1737645235390166995/f1/b6/80/0e9ca01dac557744adec3477366cbe3888d44fcabefb3078c4c069f3a8
[2025-01-23 15:13:55.391615] [0x00007f5ad2787b80] [debug]   Key empty_test exists at path: /tmp/store_test_1737645235390166995/f1/b6/80/0e9ca01dac557744adec3477366cbe3888d44fcabefb3078c4c069f3a8
[2025-01-23 15:13:55.391618] [0x00007f5ad2787b80] [info]    Retrieving data for key: empty_test
[2025-01-23 15:13:55.391621] [0x00007f5ad2787b80] [debug]   Generating hash for key: empty_test
[2025-01-23 15:13:55.391628] [0x00007f5ad2787b80] [debug]   Generated hash: f1b6800e9ca01dac557744adec3477366cbe3888d44fcabefb3078c4c069f3a8
[2025-01-23 15:13:55.391636] [0x00007f5ad2787b80] [debug]   Calculated path: /tmp/store_test_1737645235390166995/f1/b6/80/0e9ca01dac557744adec3477366cbe3888d44fcabefb3078c4c069f3a8
[2025-01-23 15:13:55.391641] [0x00007f5ad2787b80] [debug]   Retrieved empty content for key: empty_test
[2025-01-23 15:13:55.391648] [0x00007f5ad2787b80] [info]    Clearing entire store at: "/tmp/store_test_1737645235390166995"
[2025-01-23 15:13:55.391782] [0x00007f5ad2787b80] [info]    Store cleared successfully
[       OK ] StoreTest.EmptyInput (1 ms)
[----------] 1 test from StoreTest (1 ms total)

[----------] Global test environment tear-down
[==========] 1 test from 1 test suite ran. (1 ms total)
[  PASSED  ] 1 test.
<end of output>
Test time =   0.01 sec
----------------------------------------------------------
Test Passed.
"StoreTest.EmptyInput" end time: Jan 23 15:13 UTC
"StoreTest.EmptyInput" time elapsed: 00:00:00
----------------------------------------------------------

11/30 Testing: StoreTest.MultipleFiles
11/30 Test: StoreTest.MultipleFiles
Command: "/home/runner/workspace/build/store_tests" "--gtest_filter=StoreTest.MultipleFiles" "--gtest_also_run_disabled_tests"
Directory: /home/runner/workspace/build
"StoreTest.MultipleFiles" start time: Jan 23 15:13 UTC
Output:
----------------------------------------------------------
Running main() from /build/source/googletest/src/gtest_main.cc
Note: Google Test filter = StoreTest.MultipleFiles
[==========] Running 1 test from 1 test suite.
[----------] Global test environment set-up.
[----------] 1 test from StoreTest
[ RUN      ] StoreTest.MultipleFiles
[2025-01-23 15:13:55.403708] [0x00007f3956fc0b80] [info]    Initializing Store with base path: /tmp/store_test_1737645235403618141
[2025-01-23 15:13:55.403718] [0x00007f3956fc0b80] [debug]   Store directory created/verified at: /tmp/store_test_1737645235403618141
[2025-01-23 15:13:55.403723] [0x00007f3956fc0b80] [info]    Storing data with key: key1
[2025-01-23 15:13:55.403729] [0x00007f3956fc0b80] [debug]   Generating hash for key: key1
[2025-01-23 15:13:55.404802] [0x00007f3956fc0b80] [debug]   Generated hash: 8174099687a26621f4e2cdd7cc03b3dacedb3fb962255b1aafd033cabe831530
[2025-01-23 15:13:55.404813] [0x00007f3956fc0b80] [debug]   Calculated path: /tmp/store_test_1737645235403618141/81/74/09/9687a26621f4e2cdd7cc03b3dacedb3fb962255b1aafd033cabe831530
[2025-01-23 15:13:55.404860] [0x00007f3956fc0b80] [debug]   Calculated file path: /tmp/store_test_1737645235403618141/81/74/09/9687a26621f4e2cdd7cc03b3dacedb3fb962255b1aafd033cabe831530
[2025-01-23 15:13:55.404899] [0x00007f3956fc0b80] [info]    Successfully stored 18 bytes with key: key1
[2025-01-23 15:13:55.404906] [0x00007f3956fc0b80] [debug]   Checking existence of key: key1
[2025-01-23 15:13:55.404908] [0x00007f3956fc0b80] [debug]   Generating hash for key: key1
[2025-01-23 15:13:55.404914] [0x00007f3956fc0b80] [debug]   Generated hash: 8174099687a26621f4e2cdd7cc03b3dacedb3fb962255b1aafd033cabe831530
[2025-01-23 15:13:55.404919] [0x00007f3956fc0b80] [debug]   Calculated path: /tmp/store_test_1737645235403618141/81/74/09/9687a26621f4e2cdd7cc03b3dacedb3fb962255b1aafd033cabe831530
[2025-01-23 15:13:55.404924] [0x00007f3956fc0b80] [debug]   Key key1 exists at path: /tmp/store_test_1737645235403618141/81/74/09/9687a26621f4e2cdd7cc03b3dacedb3fb962255b1aafd033cabe831530
[2025-01-23 15:13:55.404964] [0x00007f3956fc0b80] [info]    Storing data with key: key2
[2025-01-23 15:13:55.404968] [0x00007f3956fc0b80] [debug]   Generating hash for key: key2
[2025-01-23 15:13:55.404973] [0x00007f3956fc0b80] [debug]   Generated hash: b10253764c8b233fb37542e23401c7b450e5a6f9751f3b5a014f6f67e8bc999d
[2025-01-23 15:13:55.404975] [0x00007f3956fc0b80] [debug]   Calculated path: /tmp/store_test_1737645235403618141/b1/02/53/764c8b233fb37542e23401c7b450e5a6f9751f3b5a014f6f67e8bc999d
[2025-01-23 15:13:55.405014] [0x00007f3956fc0b80] [debug]   Calculated file path: /tmp/store_test_1737645235403618141/b1/02/53/764c8b233fb37542e23401c7b450e5a6f9751f3b5a014f6f67e8bc999d
[2025-01-23 15:13:55.405047] [0x00007f3956fc0b80] [info]    Successfully stored 19 bytes with key: key2
[2025-01-23 15:13:55.405054] [0x00007f3956fc0b80] [debug]   Checking existence of key: key2
[2025-01-23 15:13:55.405057] [0x00007f3956fc0b80] [debug]   Generating hash for key: key2
[2025-01-23 15:13:55.405065] [0x00007f3956fc0b80] [debug]   Generated hash: b10253764c8b233fb37542e23401c7b450e5a6f9751f3b5a014f6f67e8bc999d
[2025-01-23 15:13:55.405073] [0x00007f3956fc0b80] [debug]   Calculated path: /tmp/store_test_1737645235403618141/b1/02/53/764c8b233fb37542e23401c7b450e5a6f9751f3b5a014f6f67e8bc999d
[2025-01-23 15:13:55.405081] [0x00007f3956fc0b80] [debug]   Key key2 exists at path: /tmp/store_test_1737645235403618141/b1/02/53/764c8b233fb37542e23401c7b450e5a6f9751f3b5a014f6f67e8bc999d
[2025-01-23 15:13:55.405087] [0x00007f3956fc0b80] [info]    Storing data with key: key3
[2025-01-23 15:13:55.405088] [0x00007f3956fc0b80] [debug]   Generating hash for key: key3
[2025-01-23 15:13:55.405092] [0x00007f3956fc0b80] [debug]   Generated hash: f576104eebeab09651d83acffc77c8b8c6eaa4b767aeab24d7da80f83f51d865
[2025-01-23 15:13:55.405095] [0x00007f3956fc0b80] [debug]   Calculated path: /tmp/store_test_1737645235403618141/f5/76/10/4eebeab09651d83acffc77c8b8c6eaa4b767aeab24d7da80f83f51d865
[2025-01-23 15:13:55.405148] [0x00007f3956fc0b80] [debug]   Calculated file path: /tmp/store_test_1737645235403618141/f5/76/10/4eebeab09651d83acffc77c8b8c6eaa4b767aeab24d7da80f83f51d865
[2025-01-23 15:13:55.405179] [0x00007f3956fc0b80] [info]    Successfully stored 18 bytes with key: key3
[2025-01-23 15:13:55.405185] [0x00007f3956fc0b80] [debug]   Checking existence of key: key3
[2025-01-23 15:13:55.405187] [0x00007f3956fc0b80] [debug]   Generating hash for key: key3
[2025-01-23 15:13:55.405192] [0x00007f3956fc0b80] [debug]   Generated hash: f576104eebeab09651d83acffc77c8b8c6eaa4b767aeab24d7da80f83f51d865
[2025-01-23 15:13:55.405197] [0x00007f3956fc0b80] [debug]   Calculated path: /tmp/store_test_1737645235403618141/f5/76/10/4eebeab09651d83acffc77c8b8c6eaa4b767aeab24d7da80f83f51d865
[2025-01-23 15:13:55.405201] [0x00007f3956fc0b80] [debug]   Key key3 exists at path: /tmp/store_test_1737645235403618141/f5/76/10/4eebeab09651d83acffc77c8b8c6eaa4b767aeab24d7da80f83f51d865
[2025-01-23 15:13:55.405205] [0x00007f3956fc0b80] [debug]   Checking existence of key: key1
[2025-01-23 15:13:55.405206] [0x00007f3956fc0b80] [debug]   Generating hash for key: key1
[2025-01-23 15:13:55.405210] [0x00007f3956fc0b80] [debug]   Generated hash: 8174099687a26621f4e2cdd7cc03b3dacedb3fb962255b1aafd033cabe831530
[2025-01-23 15:13:55.405212] [0x00007f3956fc0b80] [debug]   Calculated path: /tmp/store_test_1737645235403618141/81/74/09/9687a26621f4e2cdd7cc03b3dacedb3fb962255b1aafd033cabe831530
[2025-01-23 15:13:55.405217] [0x00007f3956fc0b80] [debug]   Key key1 exists at path: /tmp/store_test_1737645235403618141/81/74/09/9687a26621f4e2cdd7cc03b3dacedb3fb962255b1aafd033cabe831530
[2025-01-23 15:13:55.405219] [0x00007f3956fc0b80] [info]    Retrieving data for key: key1
[2025-01-23 15:13:55.405221] [0x00007f3956fc0b80] [debug]   Generating hash for key: key1
[2025-01-23 15:13:55.405224] [0x00007f3956fc0b80] [debug]   Generated hash: 8174099687a26621f4e2cdd7cc03b3dacedb3fb962255b1aafd033cabe831530
[2025-01-23 15:13:55.405228] [0x00007f3956fc0b80] [debug]   Calculated path: /tmp/store_test_1737645235403618141/81/74/09/9687a26621f4e2cdd7cc03b3dacedb3fb962255b1aafd033cabe831530
[2025-01-23 15:13:55.405242] [0x00007f3956fc0b80] [info]    Successfully streamed 18 bytes for key: key1
[2025-01-23 15:13:55.405251] [0x00007f3956fc0b80] [debug]   Checking existence of key: key2
[2025-01-23 15:13:55.405254] [0x00007f3956fc0b80] [debug]   Generating hash for key: key2
[2025-01-23 15:13:55.405264] [0x00007f3956fc0b80] [debug]   Generated hash: b10253764c8b233fb37542e23401c7b450e5a6f9751f3b5a014f6f67e8bc999d
[2025-01-23 15:13:55.405270] [0x00007f3956fc0b80] [debug]   Calculated path: /tmp/store_test_1737645235403618141/b1/02/53/764c8b233fb37542e23401c7b450e5a6f9751f3b5a014f6f67e8bc999d
[2025-01-23 15:13:55.405275] [0x00007f3956fc0b80] [debug]   Key key2 exists at path: /tmp/store_test_1737645235403618141/b1/02/53/764c8b233fb37542e23401c7b450e5a6f9751f3b5a014f6f67e8bc999d
[2025-01-23 15:13:55.405278] [0x00007f3956fc0b80] [info]    Retrieving data for key: key2
[2025-01-23 15:13:55.405280] [0x00007f3956fc0b80] [debug]   Generating hash for key: key2
[2025-01-23 15:13:55.405283] [0x00007f3956fc0b80] [debug]   Generated hash: b10253764c8b233fb37542e23401c7b450e5a6f9751f3b5a014f6f67e8bc999d
[2025-01-23 15:13:55.405285] [0x00007f3956fc0b80] [debug]   Calculated path: /tmp/store_test_1737645235403618141/b1/02/53/764c8b233fb37542e23401c7b450e5a6f9751f3b5a014f6f67e8bc999d
[2025-01-23 15:13:55.405297] [0x00007f3956fc0b80] [info]    Successfully streamed 19 bytes for key: key2
[2025-01-23 15:13:55.405302] [0x00007f3956fc0b80] [debug]   Checking existence of key: key3
[2025-01-23 15:13:55.405303] [0x00007f3956fc0b80] [debug]   Generating hash for key: key3
[2025-01-23 15:13:55.405307] [0x00007f3956fc0b80] [debug]   Generated hash: f576104eebeab09651d83acffc77c8b8c6eaa4b767aeab24d7da80f83f51d865
[2025-01-23 15:13:55.405309] [0x00007f3956fc0b80] [debug]   Calculated path: /tmp/store_test_1737645235403618141/f5/76/10/4eebeab09651d83acffc77c8b8c6eaa4b767aeab24d7da80f83f51d865
[2025-01-23 15:13:55.405313] [0x00007f3956fc0b80] [debug]   Key key3 exists at path: /tmp/store_test_1737645235403618141/f5/76/10/4eebeab09651d83acffc77c8b8c6eaa4b767aeab24d7da80f83f51d865
[2025-01-23 15:13:55.405314] [0x00007f3956fc0b80] [info]    Retrieving data for key: key3
[2025-01-23 15:13:55.405316] [0x00007f3956fc0b80] [debug]   Generating hash for key: key3
[2025-01-23 15:13:55.405319] [0x00007f3956fc0b80] [debug]   Generated hash: f576104eebeab09651d83acffc77c8b8c6eaa4b767aeab24d7da80f83f51d865
[2025-01-23 15:13:55.405321] [0x00007f3956fc0b80] [debug]   Calculated path: /tmp/store_test_1737645235403618141/f5/76/10/4eebeab09651d83acffc77c8b8c6eaa4b767aeab24d7da80f83f51d865
[2025-01-23 15:13:55.405342] [0x00007f3956fc0b80] [info]    Successfully streamed 18 bytes for key: key3
[2025-01-23 15:13:55.405347] [0x00007f3956fc0b80] [info]    Clearing entire store at: "/tmp/store_test_1737645235403618141"
[2025-01-23 15:13:55.405624] [0x00007f3956fc0b80] [info]    Store cleared successfully
[       OK ] StoreTest.MultipleFiles (2 ms)
[----------] 1 test from StoreTest (2 ms total)

[----------] Global test environment tear-down
[==========] 1 test from 1 test suite ran. (2 ms total)
[  PASSED  ] 1 test.
<end of output>
Test time =   0.01 sec
----------------------------------------------------------
Test Passed.
"StoreTest.MultipleFiles" end time: Jan 23 15:13 UTC
"StoreTest.MultipleFiles" time elapsed: 00:00:00
----------------------------------------------------------

12/30 Testing: StoreTest.ErrorHandling
12/30 Test: StoreTest.ErrorHandling
Command: "/home/runner/workspace/build/store_tests" "--gtest_filter=StoreTest.ErrorHandling" "--gtest_also_run_disabled_tests"
Directory: /home/runner/workspace/build
"StoreTest.ErrorHandling" start time: Jan 23 15:13 UTC
Output:
----------------------------------------------------------
Running main() from /build/source/googletest/src/gtest_main.cc
Note: Google Test filter = StoreTest.ErrorHandling
[==========] Running 1 test from 1 test suite.
[----------] Global test environment set-up.
[----------] 1 test from StoreTest
[ RUN      ] StoreTest.ErrorHandling
[2025-01-23 15:13:55.417248] [0x00007f8f95de5b80] [info]    Initializing Store with base path: /tmp/store_test_1737645235417139416
[2025-01-23 15:13:55.417259] [0x00007f8f95de5b80] [debug]   Store directory created/verified at: /tmp/store_test_1737645235417139416
[2025-01-23 15:13:55.417262] [0x00007f8f95de5b80] [debug]   Checking existence of key: error_key
[2025-01-23 15:13:55.417264] [0x00007f8f95de5b80] [debug]   Generating hash for key: error_key
[2025-01-23 15:13:55.418409] [0x00007f8f95de5b80] [debug]   Generated hash: 7a0a1ce4f1c58ba0fb867426e1bbf7c475cf4a6fb6902cf56852bd2b980d900b
[2025-01-23 15:13:55.418426] [0x00007f8f95de5b80] [debug]   Calculated path: /tmp/store_test_1737645235417139416/7a/0a/1c/e4f1c58ba0fb867426e1bbf7c475cf4a6fb6902cf56852bd2b980d900b
[2025-01-23 15:13:55.418445] [0x00007f8f95de5b80] [debug]   Key error_key not found at path: /tmp/store_test_1737645235417139416/7a/0a/1c/e4f1c58ba0fb867426e1bbf7c475cf4a6fb6902cf56852bd2b980d900b
[2025-01-23 15:13:55.418460] [0x00007f8f95de5b80] [info]    Retrieving data for key: error_key
[2025-01-23 15:13:55.418464] [0x00007f8f95de5b80] [debug]   Generating hash for key: error_key
[2025-01-23 15:13:55.418473] [0x00007f8f95de5b80] [debug]   Generated hash: 7a0a1ce4f1c58ba0fb867426e1bbf7c475cf4a6fb6902cf56852bd2b980d900b
[2025-01-23 15:13:55.418481] [0x00007f8f95de5b80] [debug]   Calculated path: /tmp/store_test_1737645235417139416/7a/0a/1c/e4f1c58ba0fb867426e1bbf7c475cf4a6fb6902cf56852bd2b980d900b
[2025-01-23 15:13:55.418487] [0x00007f8f95de5b80] [error]   File not found: /tmp/store_test_1737645235417139416/7a/0a/1c/e4f1c58ba0fb867426e1bbf7c475cf4a6fb6902cf56852bd2b980d900b
[2025-01-23 15:13:55.418520] [0x00007f8f95de5b80] [info]    Storing data with key: error_key
[2025-01-23 15:13:55.418526] [0x00007f8f95de5b80] [error]   Invalid input stream provided for key: error_key
[2025-01-23 15:13:55.418537] [0x00007f8f95de5b80] [info]    Clearing entire store at: "/tmp/store_test_1737645235417139416"
[2025-01-23 15:13:55.418609] [0x00007f8f95de5b80] [info]    Store cleared successfully
[       OK ] StoreTest.ErrorHandling (1 ms)
[----------] 1 test from StoreTest (1 ms total)

[----------] Global test environment tear-down
[==========] 1 test from 1 test suite ran. (1 ms total)
[  PASSED  ] 1 test.
<end of output>
Test time =   0.01 sec
----------------------------------------------------------
Test Passed.
"StoreTest.ErrorHandling" end time: Jan 23 15:13 UTC
"StoreTest.ErrorHandling" time elapsed: 00:00:00
----------------------------------------------------------

13/30 Testing: StoreTest.Clear
13/30 Test: StoreTest.Clear
Command: "/home/runner/workspace/build/store_tests" "--gtest_filter=StoreTest.Clear" "--gtest_also_run_disabled_tests"
Directory: /home/runner/workspace/build
"StoreTest.Clear" start time: Jan 23 15:13 UTC
Output:
----------------------------------------------------------
Running main() from /build/source/googletest/src/gtest_main.cc
Note: Google Test filter = StoreTest.Clear
[==========] Running 1 test from 1 test suite.
[----------] Global test environment set-up.
[----------] 1 test from StoreTest
[ RUN      ] StoreTest.Clear
[2025-01-23 15:13:55.430049] [0x00007f9af0d31b80] [info]    Initializing Store with base path: /tmp/store_test_1737645235429973697
[2025-01-23 15:13:55.430057] [0x00007f9af0d31b80] [debug]   Store directory created/verified at: /tmp/store_test_1737645235429973697
[2025-01-23 15:13:55.430062] [0x00007f9af0d31b80] [info]    Storing data with key: key1
[2025-01-23 15:13:55.430064] [0x00007f9af0d31b80] [debug]   Generating hash for key: key1
[2025-01-23 15:13:55.431130] [0x00007f9af0d31b80] [debug]   Generated hash: 8174099687a26621f4e2cdd7cc03b3dacedb3fb962255b1aafd033cabe831530
[2025-01-23 15:13:55.431140] [0x00007f9af0d31b80] [debug]   Calculated path: /tmp/store_test_1737645235429973697/81/74/09/9687a26621f4e2cdd7cc03b3dacedb3fb962255b1aafd033cabe831530
[2025-01-23 15:13:55.431187] [0x00007f9af0d31b80] [debug]   Calculated file path: /tmp/store_test_1737645235429973697/81/74/09/9687a26621f4e2cdd7cc03b3dacedb3fb962255b1aafd033cabe831530
[2025-01-23 15:13:55.431225] [0x00007f9af0d31b80] [info]    Successfully stored 9 bytes with key: key1
[2025-01-23 15:13:55.431231] [0x00007f9af0d31b80] [debug]   Checking existence of key: key1
[2025-01-23 15:13:55.431233] [0x00007f9af0d31b80] [debug]   Generating hash for key: key1
[2025-01-23 15:13:55.431239] [0x00007f9af0d31b80] [debug]   Generated hash: 8174099687a26621f4e2cdd7cc03b3dacedb3fb962255b1aafd033cabe831530
[2025-01-23 15:13:55.431244] [0x00007f9af0d31b80] [debug]   Calculated path: /tmp/store_test_1737645235429973697/81/74/09/9687a26621f4e2cdd7cc03b3dacedb3fb962255b1aafd033cabe831530
[2025-01-23 15:13:55.431249] [0x00007f9af0d31b80] [debug]   Key key1 exists at path: /tmp/store_test_1737645235429973697/81/74/09/9687a26621f4e2cdd7cc03b3dacedb3fb962255b1aafd033cabe831530
[2025-01-23 15:13:55.431252] [0x00007f9af0d31b80] [info]    Storing data with key: key2
[2025-01-23 15:13:55.431253] [0x00007f9af0d31b80] [debug]   Generating hash for key: key2
[2025-01-23 15:13:55.431256] [0x00007f9af0d31b80] [debug]   Generated hash: b10253764c8b233fb37542e23401c7b450e5a6f9751f3b5a014f6f67e8bc999d
[2025-01-23 15:13:55.431261] [0x00007f9af0d31b80] [debug]   Calculated path: /tmp/store_test_1737645235429973697/b1/02/53/764c8b233fb37542e23401c7b450e5a6f9751f3b5a014f6f67e8bc999d
[2025-01-23 15:13:55.431294] [0x00007f9af0d31b80] [debug]   Calculated file path: /tmp/store_test_1737645235429973697/b1/02/53/764c8b233fb37542e23401c7b450e5a6f9751f3b5a014f6f67e8bc999d
[2025-01-23 15:13:55.431320] [0x00007f9af0d31b80] [info]    Successfully stored 9 bytes with key: key2
[2025-01-23 15:13:55.431325] [0x00007f9af0d31b80] [debug]   Checking existence of key: key2
[2025-01-23 15:13:55.431326] [0x00007f9af0d31b80] [debug]   Generating hash for key: key2
[2025-01-23 15:13:55.431331] [0x00007f9af0d31b80] [debug]   Generated hash: b10253764c8b233fb37542e23401c7b450e5a6f9751f3b5a014f6f67e8bc999d
[2025-01-23 15:13:55.431336] [0x00007f9af0d31b80] [debug]   Calculated path: /tmp/store_test_1737645235429973697/b1/02/53/764c8b233fb37542e23401c7b450e5a6f9751f3b5a014f6f67e8bc999d
[2025-01-23 15:13:55.431340] [0x00007f9af0d31b80] [debug]   Key key2 exists at path: /tmp/store_test_1737645235429973697/b1/02/53/764c8b233fb37542e23401c7b450e5a6f9751f3b5a014f6f67e8bc999d
[2025-01-23 15:13:55.431344] [0x00007f9af0d31b80] [info]    Storing data with key: key3
[2025-01-23 15:13:55.431346] [0x00007f9af0d31b80] [debug]   Generating hash for key: key3
[2025-01-23 15:13:55.431349] [0x00007f9af0d31b80] [debug]   Generated hash: f576104eebeab09651d83acffc77c8b8c6eaa4b767aeab24d7da80f83f51d865
[2025-01-23 15:13:55.431351] [0x00007f9af0d31b80] [debug]   Calculated path: /tmp/store_test_1737645235429973697/f5/76/10/4eebeab09651d83acffc77c8b8c6eaa4b767aeab24d7da80f83f51d865
[2025-01-23 15:13:55.431400] [0x00007f9af0d31b80] [debug]   Calculated file path: /tmp/store_test_1737645235429973697/f5/76/10/4eebeab09651d83acffc77c8b8c6eaa4b767aeab24d7da80f83f51d865
[2025-01-23 15:13:55.431429] [0x00007f9af0d31b80] [info]    Successfully stored 9 bytes with key: key3
[2025-01-23 15:13:55.431434] [0x00007f9af0d31b80] [debug]   Checking existence of key: key3
[2025-01-23 15:13:55.431436] [0x00007f9af0d31b80] [debug]   Generating hash for key: key3
[2025-01-23 15:13:55.431441] [0x00007f9af0d31b80] [debug]   Generated hash: f576104eebeab09651d83acffc77c8b8c6eaa4b767aeab24d7da80f83f51d865
[2025-01-23 15:13:55.431446] [0x00007f9af0d31b80] [debug]   Calculated path: /tmp/store_test_1737645235429973697/f5/76/10/4eebeab09651d83acffc77c8b8c6eaa4b767aeab24d7da80f83f51d865
[2025-01-23 15:13:55.431450] [0x00007f9af0d31b80] [debug]   Key key3 exists at path: /tmp/store_test_1737645235429973697/f5/76/10/4eebeab09651d83acffc77c8b8c6eaa4b767aeab24d7da80f83f51d865
[2025-01-23 15:13:55.431455] [0x00007f9af0d31b80] [info]    Clearing entire store at: "/tmp/store_test_1737645235429973697"
[2025-01-23 15:13:55.431808] [0x00007f9af0d31b80] [info]    Store cleared successfully
[2025-01-23 15:13:55.431818] [0x00007f9af0d31b80] [debug]   Checking existence of key: key1
[2025-01-23 15:13:55.431821] [0x00007f9af0d31b80] [debug]   Generating hash for key: key1
[2025-01-23 15:13:55.431832] [0x00007f9af0d31b80] [debug]   Generated hash: 8174099687a26621f4e2cdd7cc03b3dacedb3fb962255b1aafd033cabe831530
[2025-01-23 15:13:55.431839] [0x00007f9af0d31b80] [debug]   Calculated path: /tmp/store_test_1737645235429973697/81/74/09/9687a26621f4e2cdd7cc03b3dacedb3fb962255b1aafd033cabe831530
[2025-01-23 15:13:55.431848] [0x00007f9af0d31b80] [debug]   Key key1 not found at path: /tmp/store_test_1737645235429973697/81/74/09/9687a26621f4e2cdd7cc03b3dacedb3fb962255b1aafd033cabe831530
[2025-01-23 15:13:55.431854] [0x00007f9af0d31b80] [info]    Retrieving data for key: key1
[2025-01-23 15:13:55.431857] [0x00007f9af0d31b80] [debug]   Generating hash for key: key1
[2025-01-23 15:13:55.431863] [0x00007f9af0d31b80] [debug]   Generated hash: 8174099687a26621f4e2cdd7cc03b3dacedb3fb962255b1aafd033cabe831530
[2025-01-23 15:13:55.431870] [0x00007f9af0d31b80] [debug]   Calculated path: /tmp/store_test_1737645235429973697/81/74/09/9687a26621f4e2cdd7cc03b3dacedb3fb962255b1aafd033cabe831530
[2025-01-23 15:13:55.431875] [0x00007f9af0d31b80] [error]   File not found: /tmp/store_test_1737645235429973697/81/74/09/9687a26621f4e2cdd7cc03b3dacedb3fb962255b1aafd033cabe831530
[2025-01-23 15:13:55.431906] [0x00007f9af0d31b80] [debug]   Checking existence of key: key2
[2025-01-23 15:13:55.431913] [0x00007f9af0d31b80] [debug]   Generating hash for key: key2
[2025-01-23 15:13:55.431919] [0x00007f9af0d31b80] [debug]   Generated hash: b10253764c8b233fb37542e23401c7b450e5a6f9751f3b5a014f6f67e8bc999d
[2025-01-23 15:13:55.431938] [0x00007f9af0d31b80] [debug]   Calculated path: /tmp/store_test_1737645235429973697/b1/02/53/764c8b233fb37542e23401c7b450e5a6f9751f3b5a014f6f67e8bc999d
[2025-01-23 15:13:55.431949] [0x00007f9af0d31b80] [debug]   Key key2 not found at path: /tmp/store_test_1737645235429973697/b1/02/53/764c8b233fb37542e23401c7b450e5a6f9751f3b5a014f6f67e8bc999d
[2025-01-23 15:13:55.431957] [0x00007f9af0d31b80] [info]    Retrieving data for key: key2
[2025-01-23 15:13:55.431960] [0x00007f9af0d31b80] [debug]   Generating hash for key: key2
[2025-01-23 15:13:55.431972] [0x00007f9af0d31b80] [debug]   Generated hash: b10253764c8b233fb37542e23401c7b450e5a6f9751f3b5a014f6f67e8bc999d
[2025-01-23 15:13:55.431979] [0x00007f9af0d31b80] [debug]   Calculated path: /tmp/store_test_1737645235429973697/b1/02/53/764c8b233fb37542e23401c7b450e5a6f9751f3b5a014f6f67e8bc999d
[2025-01-23 15:13:55.431984] [0x00007f9af0d31b80] [error]   File not found: /tmp/store_test_1737645235429973697/b1/02/53/764c8b233fb37542e23401c7b450e5a6f9751f3b5a014f6f67e8bc999d
[2025-01-23 15:13:55.431998] [0x00007f9af0d31b80] [debug]   Checking existence of key: key3
[2025-01-23 15:13:55.432004] [0x00007f9af0d31b80] [debug]   Generating hash for key: key3
[2025-01-23 15:13:55.432012] [0x00007f9af0d31b80] [debug]   Generated hash: f576104eebeab09651d83acffc77c8b8c6eaa4b767aeab24d7da80f83f51d865
[2025-01-23 15:13:55.432019] [0x00007f9af0d31b80] [debug]   Calculated path: /tmp/store_test_1737645235429973697/f5/76/10/4eebeab09651d83acffc77c8b8c6eaa4b767aeab24d7da80f83f51d865
[2025-01-23 15:13:55.432028] [0x00007f9af0d31b80] [debug]   Key key3 not found at path: /tmp/store_test_1737645235429973697/f5/76/10/4eebeab09651d83acffc77c8b8c6eaa4b767aeab24d7da80f83f51d865
[2025-01-23 15:13:55.432036] [0x00007f9af0d31b80] [info]    Retrieving data for key: key3
[2025-01-23 15:13:55.432039] [0x00007f9af0d31b80] [debug]   Generating hash for key: key3
[2025-01-23 15:13:55.432046] [0x00007f9af0d31b80] [debug]   Generated hash: f576104eebeab09651d83acffc77c8b8c6eaa4b767aeab24d7da80f83f51d865
[2025-01-23 15:13:55.432051] [0x00007f9af0d31b80] [debug]   Calculated path: /tmp/store_test_1737645235429973697/f5/76/10/4eebeab09651d83acffc77c8b8c6eaa4b767aeab24d7da80f83f51d865
[2025-01-23 15:13:55.432055] [0x00007f9af0d31b80] [error]   File not found: /tmp/store_test_1737645235429973697/f5/76/10/4eebeab09651d83acffc77c8b8c6eaa4b767aeab24d7da80f83f51d865
[2025-01-23 15:13:55.432070] [0x00007f9af0d31b80] [info]    Clearing entire store at: "/tmp/store_test_1737645235429973697"
[2025-01-23 15:13:55.432133] [0x00007f9af0d31b80] [info]    Store cleared successfully
[       OK ] StoreTest.Clear (2 ms)
[----------] 1 test from StoreTest (2 ms total)

[----------] Global test environment tear-down
[==========] 1 test from 1 test suite ran. (2 ms total)
[  PASSED  ] 1 test.
<end of output>
Test time =   0.01 sec
----------------------------------------------------------
Test Passed.
"StoreTest.Clear" end time: Jan 23 15:13 UTC
"StoreTest.Clear" time elapsed: 00:00:00
----------------------------------------------------------

14/30 Testing: StoreTest.LargeFileHandling
14/30 Test: StoreTest.LargeFileHandling
Command: "/home/runner/workspace/build/store_tests" "--gtest_filter=StoreTest.LargeFileHandling" "--gtest_also_run_disabled_tests"
Directory: /home/runner/workspace/build
"StoreTest.LargeFileHandling" start time: Jan 23 15:13 UTC
Output:
----------------------------------------------------------
Running main() from /build/source/googletest/src/gtest_main.cc
Note: Google Test filter = StoreTest.LargeFileHandling
[==========] Running 1 test from 1 test suite.
[----------] Global test environment set-up.
[----------] 1 test from StoreTest
[ RUN      ] StoreTest.LargeFileHandling
[2025-01-23 15:13:55.442038] [0x00007f8a54a57b80] [info]    Initializing Store with base path: /tmp/store_test_1737645235441877874
[2025-01-23 15:13:55.442049] [0x00007f8a54a57b80] [debug]   Store directory created/verified at: /tmp/store_test_1737645235441877874
[2025-01-23 15:13:55.452434] [0x00007f8a54a57b80] [info]    Storing data with key: large_file
[2025-01-23 15:13:55.452450] [0x00007f8a54a57b80] [debug]   Generating hash for key: large_file
[2025-01-23 15:13:55.453662] [0x00007f8a54a57b80] [debug]   Generated hash: df1fbde40271055bb026eaa5094faa107c4a4987061ed6c7def9df06f885f2f3
[2025-01-23 15:13:55.453678] [0x00007f8a54a57b80] [debug]   Calculated path: /tmp/store_test_1737645235441877874/df/1f/bd/e40271055bb026eaa5094faa107c4a4987061ed6c7def9df06f885f2f3
[2025-01-23 15:13:55.453755] [0x00007f8a54a57b80] [debug]   Calculated file path: /tmp/store_test_1737645235441877874/df/1f/bd/e40271055bb026eaa5094faa107c4a4987061ed6c7def9df06f885f2f3
[2025-01-23 15:13:55.459157] [0x00007f8a54a57b80] [info]    Successfully stored 10485760 bytes with key: large_file
[2025-01-23 15:13:55.459166] [0x00007f8a54a57b80] [debug]   Checking existence of key: large_file
[2025-01-23 15:13:55.459168] [0x00007f8a54a57b80] [debug]   Generating hash for key: large_file
[2025-01-23 15:13:55.459178] [0x00007f8a54a57b80] [debug]   Generated hash: df1fbde40271055bb026eaa5094faa107c4a4987061ed6c7def9df06f885f2f3
[2025-01-23 15:13:55.459181] [0x00007f8a54a57b80] [debug]   Calculated path: /tmp/store_test_1737645235441877874/df/1f/bd/e40271055bb026eaa5094faa107c4a4987061ed6c7def9df06f885f2f3
[2025-01-23 15:13:55.459189] [0x00007f8a54a57b80] [debug]   Key large_file exists at path: /tmp/store_test_1737645235441877874/df/1f/bd/e40271055bb026eaa5094faa107c4a4987061ed6c7def9df06f885f2f3
[2025-01-23 15:13:55.459194] [0x00007f8a54a57b80] [info]    Retrieving data for key: large_file
[2025-01-23 15:13:55.459195] [0x00007f8a54a57b80] [debug]   Generating hash for key: large_file
[2025-01-23 15:13:55.459199] [0x00007f8a54a57b80] [debug]   Generated hash: df1fbde40271055bb026eaa5094faa107c4a4987061ed6c7def9df06f885f2f3
[2025-01-23 15:13:55.459202] [0x00007f8a54a57b80] [debug]   Calculated path: /tmp/store_test_1737645235441877874/df/1f/bd/e40271055bb026eaa5094faa107c4a4987061ed6c7def9df06f885f2f3
[2025-01-23 15:13:55.469272] [0x00007f8a54a57b80] [info]    Successfully streamed 10485760 bytes for key: large_file
[2025-01-23 15:13:55.474576] [0x00007f8a54a57b80] [info]    Clearing entire store at: "/tmp/store_test_1737645235441877874"
[2025-01-23 15:13:55.476145] [0x00007f8a54a57b80] [info]    Store cleared successfully
[       OK ] StoreTest.LargeFileHandling (34 ms)
[----------] 1 test from StoreTest (34 ms total)

[----------] Global test environment tear-down
[==========] 1 test from 1 test suite ran. (34 ms total)
[  PASSED  ] 1 test.
<end of output>
Test time =   0.04 sec
----------------------------------------------------------
Test Passed.
"StoreTest.LargeFileHandling" end time: Jan 23 15:13 UTC
"StoreTest.LargeFileHandling" time elapsed: 00:00:00
----------------------------------------------------------

15/30 Testing: StoreTest.OverwriteBehavior
15/30 Test: StoreTest.OverwriteBehavior
Command: "/home/runner/workspace/build/store_tests" "--gtest_filter=StoreTest.OverwriteBehavior" "--gtest_also_run_disabled_tests"
Directory: /home/runner/workspace/build
"StoreTest.OverwriteBehavior" start time: Jan 23 15:13 UTC
Output:
----------------------------------------------------------
Running main() from /build/source/googletest/src/gtest_main.cc
Note: Google Test filter = StoreTest.OverwriteBehavior
[==========] Running 1 test from 1 test suite.
[----------] Global test environment set-up.
[----------] 1 test from StoreTest
[ RUN      ] StoreTest.OverwriteBehavior
[2025-01-23 15:13:55.488189] [0x00007f7a66e6eb80] [info]    Initializing Store with base path: /tmp/store_test_1737645235488102546
[2025-01-23 15:13:55.488214] [0x00007f7a66e6eb80] [debug]   Store directory created/verified at: /tmp/store_test_1737645235488102546
[2025-01-23 15:13:55.488221] [0x00007f7a66e6eb80] [info]    Storing data with key: overwrite_test
[2025-01-23 15:13:55.488223] [0x00007f7a66e6eb80] [debug]   Generating hash for key: overwrite_test
[2025-01-23 15:13:55.489330] [0x00007f7a66e6eb80] [debug]   Generated hash: 30952b659b529afe6343c608ec6d8a565347d89ad4d22eec203b90234d48b36e
[2025-01-23 15:13:55.489343] [0x00007f7a66e6eb80] [debug]   Calculated path: /tmp/store_test_1737645235488102546/30/95/2b/659b529afe6343c608ec6d8a565347d89ad4d22eec203b90234d48b36e
[2025-01-23 15:13:55.489388] [0x00007f7a66e6eb80] [debug]   Calculated file path: /tmp/store_test_1737645235488102546/30/95/2b/659b529afe6343c608ec6d8a565347d89ad4d22eec203b90234d48b36e
[2025-01-23 15:13:55.489428] [0x00007f7a66e6eb80] [info]    Successfully stored 15 bytes with key: overwrite_test
[2025-01-23 15:13:55.489435] [0x00007f7a66e6eb80] [debug]   Checking existence of key: overwrite_test
[2025-01-23 15:13:55.489437] [0x00007f7a66e6eb80] [debug]   Generating hash for key: overwrite_test
[2025-01-23 15:13:55.489442] [0x00007f7a66e6eb80] [debug]   Generated hash: 30952b659b529afe6343c608ec6d8a565347d89ad4d22eec203b90234d48b36e
[2025-01-23 15:13:55.489448] [0x00007f7a66e6eb80] [debug]   Calculated path: /tmp/store_test_1737645235488102546/30/95/2b/659b529afe6343c608ec6d8a565347d89ad4d22eec203b90234d48b36e
[2025-01-23 15:13:55.489452] [0x00007f7a66e6eb80] [debug]   Key overwrite_test exists at path: /tmp/store_test_1737645235488102546/30/95/2b/659b529afe6343c608ec6d8a565347d89ad4d22eec203b90234d48b36e
[2025-01-23 15:13:55.489455] [0x00007f7a66e6eb80] [info]    Retrieving data for key: overwrite_test
[2025-01-23 15:13:55.489457] [0x00007f7a66e6eb80] [debug]   Generating hash for key: overwrite_test
[2025-01-23 15:13:55.489460] [0x00007f7a66e6eb80] [debug]   Generated hash: 30952b659b529afe6343c608ec6d8a565347d89ad4d22eec203b90234d48b36e
[2025-01-23 15:13:55.489463] [0x00007f7a66e6eb80] [debug]   Calculated path: /tmp/store_test_1737645235488102546/30/95/2b/659b529afe6343c608ec6d8a565347d89ad4d22eec203b90234d48b36e
[2025-01-23 15:13:55.489475] [0x00007f7a66e6eb80] [info]    Successfully streamed 15 bytes for key: overwrite_test
[2025-01-23 15:13:55.489481] [0x00007f7a66e6eb80] [info]    Storing data with key: overwrite_test
[2025-01-23 15:13:55.489483] [0x00007f7a66e6eb80] [debug]   Generating hash for key: overwrite_test
[2025-01-23 15:13:55.489486] [0x00007f7a66e6eb80] [debug]   Generated hash: 30952b659b529afe6343c608ec6d8a565347d89ad4d22eec203b90234d48b36e
[2025-01-23 15:13:55.489490] [0x00007f7a66e6eb80] [debug]   Calculated path: /tmp/store_test_1737645235488102546/30/95/2b/659b529afe6343c608ec6d8a565347d89ad4d22eec203b90234d48b36e
[2025-01-23 15:13:55.489494] [0x00007f7a66e6eb80] [debug]   Calculated file path: /tmp/store_test_1737645235488102546/30/95/2b/659b529afe6343c608ec6d8a565347d89ad4d22eec203b90234d48b36e
[2025-01-23 15:13:55.489534] [0x00007f7a66e6eb80] [info]    Successfully stored 15 bytes with key: overwrite_test
[2025-01-23 15:13:55.489540] [0x00007f7a66e6eb80] [info]    Retrieving data for key: overwrite_test
[2025-01-23 15:13:55.489542] [0x00007f7a66e6eb80] [debug]   Generating hash for key: overwrite_test
[2025-01-23 15:13:55.489547] [0x00007f7a66e6eb80] [debug]   Generated hash: 30952b659b529afe6343c608ec6d8a565347d89ad4d22eec203b90234d48b36e
[2025-01-23 15:13:55.489552] [0x00007f7a66e6eb80] [debug]   Calculated path: /tmp/store_test_1737645235488102546/30/95/2b/659b529afe6343c608ec6d8a565347d89ad4d22eec203b90234d48b36e
[2025-01-23 15:13:55.489563] [0x00007f7a66e6eb80] [info]    Successfully streamed 15 bytes for key: overwrite_test
[2025-01-23 15:13:55.489570] [0x00007f7a66e6eb80] [info]    Clearing entire store at: "/tmp/store_test_1737645235488102546"
[2025-01-23 15:13:55.489709] [0x00007f7a66e6eb80] [info]    Store cleared successfully
[       OK ] StoreTest.OverwriteBehavior (1 ms)
[----------] 1 test from StoreTest (1 ms total)

[----------] Global test environment tear-down
[==========] 1 test from 1 test suite ran. (1 ms total)
[  PASSED  ] 1 test.
<end of output>
Test time =   0.01 sec
----------------------------------------------------------
Test Passed.
"StoreTest.OverwriteBehavior" end time: Jan 23 15:13 UTC
"StoreTest.OverwriteBehavior" time elapsed: 00:00:00
----------------------------------------------------------

16/30 Testing: StoreTest.StreamStatePreservation
16/30 Test: StoreTest.StreamStatePreservation
Command: "/home/runner/workspace/build/store_tests" "--gtest_filter=StoreTest.StreamStatePreservation" "--gtest_also_run_disabled_tests"
Directory: /home/runner/workspace/build
"StoreTest.StreamStatePreservation" start time: Jan 23 15:13 UTC
Output:
----------------------------------------------------------
Running main() from /build/source/googletest/src/gtest_main.cc
Note: Google Test filter = StoreTest.StreamStatePreservation
[==========] Running 1 test from 1 test suite.
[----------] Global test environment set-up.
[----------] 1 test from StoreTest
[ RUN      ] StoreTest.StreamStatePreservation
[2025-01-23 15:13:55.499821] [0x00007fb679fbfb80] [info]    Initializing Store with base path: /tmp/store_test_1737645235499745326
[2025-01-23 15:13:55.499832] [0x00007fb679fbfb80] [debug]   Store directory created/verified at: /tmp/store_test_1737645235499745326
[2025-01-23 15:13:55.499841] [0x00007fb679fbfb80] [info]    Storing data with key: stream_state_test
[2025-01-23 15:13:55.499845] [0x00007fb679fbfb80] [debug]   Generating hash for key: stream_state_test
[2025-01-23 15:13:55.500847] [0x00007fb679fbfb80] [debug]   Generated hash: a9e413f31ab1fd98797abd4d4d50fc4ccfbf9abaec049f8d5f9e9c5b294d61c8
[2025-01-23 15:13:55.500861] [0x00007fb679fbfb80] [debug]   Calculated path: /tmp/store_test_1737645235499745326/a9/e4/13/f31ab1fd98797abd4d4d50fc4ccfbf9abaec049f8d5f9e9c5b294d61c8
[2025-01-23 15:13:55.500904] [0x00007fb679fbfb80] [debug]   Calculated file path: /tmp/store_test_1737645235499745326/a9/e4/13/f31ab1fd98797abd4d4d50fc4ccfbf9abaec049f8d5f9e9c5b294d61c8
[2025-01-23 15:13:55.500991] [0x00007fb679fbfb80] [info]    Successfully stored 26 bytes with key: stream_state_test
[2025-01-23 15:13:55.500999] [0x00007fb679fbfb80] [info]    Retrieving data for key: stream_state_test
[2025-01-23 15:13:55.501001] [0x00007fb679fbfb80] [debug]   Generating hash for key: stream_state_test
[2025-01-23 15:13:55.501007] [0x00007fb679fbfb80] [debug]   Generated hash: a9e413f31ab1fd98797abd4d4d50fc4ccfbf9abaec049f8d5f9e9c5b294d61c8
[2025-01-23 15:13:55.501013] [0x00007fb679fbfb80] [debug]   Calculated path: /tmp/store_test_1737645235499745326/a9/e4/13/f31ab1fd98797abd4d4d50fc4ccfbf9abaec049f8d5f9e9c5b294d61c8
[2025-01-23 15:13:55.501027] [0x00007fb679fbfb80] [info]    Successfully streamed 26 bytes for key: stream_state_test
[2025-01-23 15:13:55.501034] [0x00007fb679fbfb80] [info]    Clearing entire store at: "/tmp/store_test_1737645235499745326"
[2025-01-23 15:13:55.501169] [0x00007fb679fbfb80] [info]    Store cleared successfully
[       OK ] StoreTest.StreamStatePreservation (1 ms)
[----------] 1 test from StoreTest (1 ms total)

[----------] Global test environment tear-down
[==========] 1 test from 1 test suite ran. (1 ms total)
[  PASSED  ] 1 test.
<end of output>
Test time =   0.01 sec
----------------------------------------------------------
Test Passed.
"StoreTest.StreamStatePreservation" end time: Jan 23 15:13 UTC
"StoreTest.StreamStatePreservation" time elapsed: 00:00:00
----------------------------------------------------------

17/30 Testing: StoreTest.FileSizeRetrieval
17/30 Test: StoreTest.FileSizeRetrieval
Command: "/home/runner/workspace/build/store_tests" "--gtest_filter=StoreTest.FileSizeRetrieval" "--gtest_also_run_disabled_tests"
Directory: /home/runner/workspace/build
"StoreTest.FileSizeRetrieval" start time: Jan 23 15:13 UTC
Output:
----------------------------------------------------------
Running main() from /build/source/googletest/src/gtest_main.cc
Note: Google Test filter = StoreTest.FileSizeRetrieval
[==========] Running 1 test from 1 test suite.
[----------] Global test environment set-up.
[----------] 1 test from StoreTest
[ RUN      ] StoreTest.FileSizeRetrieval
[2025-01-23 15:13:55.511624] [0x00007fac117e4b80] [info]    Initializing Store with base path: /tmp/store_test_1737645235511550924
[2025-01-23 15:13:55.511635] [0x00007fac117e4b80] [debug]   Store directory created/verified at: /tmp/store_test_1737645235511550924
[2025-01-23 15:13:55.511639] [0x00007fac117e4b80] [info]    Storing data with key: size_test
[2025-01-23 15:13:55.511642] [0x00007fac117e4b80] [debug]   Generating hash for key: size_test
[2025-01-23 15:13:55.512628] [0x00007fac117e4b80] [debug]   Generated hash: d2283af70f36b068be549fdee1255a41540b931c457a992112d4cab9c89de74e
[2025-01-23 15:13:55.512639] [0x00007fac117e4b80] [debug]   Calculated path: /tmp/store_test_1737645235511550924/d2/28/3a/f70f36b068be549fdee1255a41540b931c457a992112d4cab9c89de74e
[2025-01-23 15:13:55.512682] [0x00007fac117e4b80] [debug]   Calculated file path: /tmp/store_test_1737645235511550924/d2/28/3a/f70f36b068be549fdee1255a41540b931c457a992112d4cab9c89de74e
[2025-01-23 15:13:55.512722] [0x00007fac117e4b80] [info]    Successfully stored 13 bytes with key: size_test
[2025-01-23 15:13:55.512729] [0x00007fac117e4b80] [debug]   Getting file size for key: size_test
[2025-01-23 15:13:55.512732] [0x00007fac117e4b80] [debug]   Generating hash for key: size_test
[2025-01-23 15:13:55.512741] [0x00007fac117e4b80] [debug]   Generated hash: d2283af70f36b068be549fdee1255a41540b931c457a992112d4cab9c89de74e
[2025-01-23 15:13:55.512749] [0x00007fac117e4b80] [debug]   Calculated path: /tmp/store_test_1737645235511550924/d2/28/3a/f70f36b068be549fdee1255a41540b931c457a992112d4cab9c89de74e
[2025-01-23 15:13:55.512757] [0x00007fac117e4b80] [debug]   File size for key size_test: 13 bytes
[2025-01-23 15:13:55.512761] [0x00007fac117e4b80] [info]    Storing data with key: empty_test
[2025-01-23 15:13:55.512764] [0x00007fac117e4b80] [debug]   Generating hash for key: empty_test
[2025-01-23 15:13:55.512771] [0x00007fac117e4b80] [debug]   Generated hash: f1b6800e9ca01dac557744adec3477366cbe3888d44fcabefb3078c4c069f3a8
[2025-01-23 15:13:55.512775] [0x00007fac117e4b80] [debug]   Calculated path: /tmp/store_test_1737645235511550924/f1/b6/80/0e9ca01dac557744adec3477366cbe3888d44fcabefb3078c4c069f3a8
[2025-01-23 15:13:55.512811] [0x00007fac117e4b80] [debug]   Calculated file path: /tmp/store_test_1737645235511550924/f1/b6/80/0e9ca01dac557744adec3477366cbe3888d44fcabefb3078c4c069f3a8
[2025-01-23 15:13:55.512829] [0x00007fac117e4b80] [debug]   Storing empty content for key: empty_test
[2025-01-23 15:13:55.512835] [0x00007fac117e4b80] [info]    Successfully stored 0 bytes with key: empty_test
[2025-01-23 15:13:55.512837] [0x00007fac117e4b80] [debug]   Getting file size for key: empty_test
[2025-01-23 15:13:55.512839] [0x00007fac117e4b80] [debug]   Generating hash for key: empty_test
[2025-01-23 15:13:55.512843] [0x00007fac117e4b80] [debug]   Generated hash: f1b6800e9ca01dac557744adec3477366cbe3888d44fcabefb3078c4c069f3a8
[2025-01-23 15:13:55.512853] [0x00007fac117e4b80] [debug]   Calculated path: /tmp/store_test_1737645235511550924/f1/b6/80/0e9ca01dac557744adec3477366cbe3888d44fcabefb3078c4c069f3a8
[2025-01-23 15:13:55.512858] [0x00007fac117e4b80] [debug]   File size for key empty_test: 0 bytes
[2025-01-23 15:13:55.512860] [0x00007fac117e4b80] [debug]   Getting file size for key: nonexistent_key
[2025-01-23 15:13:55.512862] [0x00007fac117e4b80] [debug]   Generating hash for key: nonexistent_key
[2025-01-23 15:13:55.512865] [0x00007fac117e4b80] [debug]   Generated hash: 5fbaf0fb39a2369c07d1aa653dd2386202abdff0c69ceb6060083b29af61fd2f
[2025-01-23 15:13:55.512867] [0x00007fac117e4b80] [debug]   Calculated path: /tmp/store_test_1737645235511550924/5f/ba/f0/fb39a2369c07d1aa653dd2386202abdff0c69ceb6060083b29af61fd2f
[2025-01-23 15:13:55.512873] [0x00007fac117e4b80] [error]   File not found: /tmp/store_test_1737645235511550924/5f/ba/f0/fb39a2369c07d1aa653dd2386202abdff0c69ceb6060083b29af61fd2f
[2025-01-23 15:13:55.512897] [0x00007fac117e4b80] [info]    Clearing entire store at: "/tmp/store_test_1737645235511550924"
[2025-01-23 15:13:55.513153] [0x00007fac117e4b80] [info]    Store cleared successfully
[       OK ] StoreTest.FileSizeRetrieval (1 ms)
[----------] 1 test from StoreTest (1 ms total)

[----------] Global test environment tear-down
[==========] 1 test from 1 test suite ran. (1 ms total)
[  PASSED  ] 1 test.
<end of output>
Test time =   0.01 sec
----------------------------------------------------------
Test Passed.
"StoreTest.FileSizeRetrieval" end time: Jan 23 15:13 UTC
"StoreTest.FileSizeRetrieval" time elapsed: 00:00:00
----------------------------------------------------------

18/30 Testing: ChannelTest.InitialState
18/30 Test: ChannelTest.InitialState
Command: "/home/runner/workspace/build/channel_tests" "--gtest_filter=ChannelTest.InitialState" "--gtest_also_run_disabled_tests"
Directory: /home/runner/workspace/build
"ChannelTest.InitialState" start time: Jan 23 15:13 UTC
Output:
----------------------------------------------------------
Running main() from /build/source/googletest/src/gtest_main.cc
Note: Google Test filter = ChannelTest.InitialState
[==========] Running 1 test from 1 test suite.
[----------] Global test environment set-up.
[----------] 1 test from ChannelTest
[ RUN      ] ChannelTest.InitialState
[       OK ] ChannelTest.InitialState (0 ms)
[----------] 1 test from ChannelTest (0 ms total)

[----------] Global test environment tear-down
[==========] 1 test from 1 test suite ran. (0 ms total)
[  PASSED  ] 1 test.
<end of output>
Test time =   0.01 sec
----------------------------------------------------------
Test Passed.
"ChannelTest.InitialState" end time: Jan 23 15:13 UTC
"ChannelTest.InitialState" time elapsed: 00:00:00
----------------------------------------------------------

19/30 Testing: ChannelTest.SingleProduceConsume
19/30 Test: ChannelTest.SingleProduceConsume
Command: "/home/runner/workspace/build/channel_tests" "--gtest_filter=ChannelTest.SingleProduceConsume" "--gtest_also_run_disabled_tests"
Directory: /home/runner/workspace/build
"ChannelTest.SingleProduceConsume" start time: Jan 23 15:13 UTC
Output:
----------------------------------------------------------
Running main() from /build/source/googletest/src/gtest_main.cc
Note: Google Test filter = ChannelTest.SingleProduceConsume
[==========] Running 1 test from 1 test suite.
[----------] Global test environment set-up.
[----------] 1 test from ChannelTest
[ RUN      ] ChannelTest.SingleProduceConsume
[2025-01-23 15:13:55.534281] [0x00007fa62709ac40] [debug]   Added message frame to channel. Channel size: 1
[2025-01-23 15:13:55.534290] [0x00007fa62709ac40] [debug]   Retrieved message frame from channel. Channel size: 0
[       OK ] ChannelTest.SingleProduceConsume (0 ms)
[----------] 1 test from ChannelTest (0 ms total)

[----------] Global test environment tear-down
[==========] 1 test from 1 test suite ran. (0 ms total)
[  PASSED  ] 1 test.
<end of output>
Test time =   0.01 sec
----------------------------------------------------------
Test Passed.
"ChannelTest.SingleProduceConsume" end time: Jan 23 15:13 UTC
"ChannelTest.SingleProduceConsume" time elapsed: 00:00:00
----------------------------------------------------------

20/30 Testing: ChannelTest.MultipleMessages
20/30 Test: ChannelTest.MultipleMessages
Command: "/home/runner/workspace/build/channel_tests" "--gtest_filter=ChannelTest.MultipleMessages" "--gtest_also_run_disabled_tests"
Directory: /home/runner/workspace/build
"ChannelTest.MultipleMessages" start time: Jan 23 15:13 UTC
Output:
----------------------------------------------------------
Running main() from /build/source/googletest/src/gtest_main.cc
Note: Google Test filter = ChannelTest.MultipleMessages
[==========] Running 1 test from 1 test suite.
[----------] Global test environment set-up.
[----------] 1 test from ChannelTest
[ RUN      ] ChannelTest.MultipleMessages
[2025-01-23 15:13:55.544354] [0x00007f42fa718c40] [debug]   Added message frame to channel. Channel size: 1
[2025-01-23 15:13:55.544361] [0x00007f42fa718c40] [debug]   Added message frame to channel. Channel size: 2
[2025-01-23 15:13:55.544363] [0x00007f42fa718c40] [debug]   Added message frame to channel. Channel size: 3
[2025-01-23 15:13:55.544365] [0x00007f42fa718c40] [debug]   Added message frame to channel. Channel size: 4
[2025-01-23 15:13:55.544366] [0x00007f42fa718c40] [debug]   Added message frame to channel. Channel size: 5
[2025-01-23 15:13:55.544368] [0x00007f42fa718c40] [debug]   Retrieved message frame from channel. Channel size: 4
[2025-01-23 15:13:55.544372] [0x00007f42fa718c40] [debug]   Retrieved message frame from channel. Channel size: 3
[2025-01-23 15:13:55.544374] [0x00007f42fa718c40] [debug]   Retrieved message frame from channel. Channel size: 2
[2025-01-23 15:13:55.544375] [0x00007f42fa718c40] [debug]   Retrieved message frame from channel. Channel size: 1
[2025-01-23 15:13:55.544377] [0x00007f42fa718c40] [debug]   Retrieved message frame from channel. Channel size: 0
[       OK ] ChannelTest.MultipleMessages (0 ms)
[----------] 1 test from ChannelTest (0 ms total)

[----------] Global test environment tear-down
[==========] 1 test from 1 test suite ran. (0 ms total)
[  PASSED  ] 1 test.
<end of output>
Test time =   0.01 sec
----------------------------------------------------------
Test Passed.
"ChannelTest.MultipleMessages" end time: Jan 23 15:13 UTC
"ChannelTest.MultipleMessages" time elapsed: 00:00:00
----------------------------------------------------------

21/30 Testing: ChannelTest.ConsumeEmptyChannel
21/30 Test: ChannelTest.ConsumeEmptyChannel
Command: "/home/runner/workspace/build/channel_tests" "--gtest_filter=ChannelTest.ConsumeEmptyChannel" "--gtest_also_run_disabled_tests"
Directory: /home/runner/workspace/build
"ChannelTest.ConsumeEmptyChannel" start time: Jan 23 15:13 UTC
Output:
----------------------------------------------------------
Running main() from /build/source/googletest/src/gtest_main.cc
Note: Google Test filter = ChannelTest.ConsumeEmptyChannel
[==========] Running 1 test from 1 test suite.
[----------] Global test environment set-up.
[----------] 1 test from ChannelTest
[ RUN      ] ChannelTest.ConsumeEmptyChannel
[       OK ] ChannelTest.ConsumeEmptyChannel (0 ms)
[----------] 1 test from ChannelTest (0 ms total)

[----------] Global test environment tear-down
[==========] 1 test from 1 test suite ran. (0 ms total)
[  PASSED  ] 1 test.
<end of output>
Test time =   0.01 sec
----------------------------------------------------------
Test Passed.
"ChannelTest.ConsumeEmptyChannel" end time: Jan 23 15:13 UTC
"ChannelTest.ConsumeEmptyChannel" time elapsed: 00:00:00
----------------------------------------------------------

22/30 Testing: ChannelTest.ConcurrentProducersConsumers
22/30 Test: ChannelTest.ConcurrentProducersConsumers
Command: "/home/runner/workspace/build/channel_tests" "--gtest_filter=ChannelTest.ConcurrentProducersConsumers" "--gtest_also_run_disabled_tests"
Directory: /home/runner/workspace/build
"ChannelTest.ConcurrentProducersConsumers" start time: Jan 23 15:13 UTC
Output:
----------------------------------------------------------
Running main() from /build/source/googletest/src/gtest_main.cc
Note: Google Test filter = ChannelTest.ConcurrentProducersConsumers
[==========] Running 1 test from 1 test suite.
[----------] Global test environment set-up.
[----------] 1 test from ChannelTest
[ RUN      ] ChannelTest.ConcurrentProducersConsumers
[2025-01-23 15:13:55.563751] [0x00007f1d7ec446c0] [debug]   Added message frame to channel. Channel size: 1
[2025-01-23 15:13:55.563792] [0x00007f1d7e4436c0] [debug]   Added message frame to channel. Channel size: 2
[2025-01-23 15:13:55.563816] [0x00007f1d77fff6c0] [debug]   Added message frame to channel. Channel size: 3
[2025-01-23 15:13:55.563903] [0x00007f1d7dc426c0] [debug]   Added message frame to channel. Channel size: 4
[2025-01-23 15:13:55.563982] [0x00007f1d7cc406c0] [debug]   Retrieved message frame from channel. Channel size: 3
[2025-01-23 15:13:55.563995] [0x00007f1d7cc406c0] [debug]   Retrieved message frame from channel. Channel size: 2
[2025-01-23 15:13:55.564007] [0x00007f1d7cc406c0] [debug]   Retrieved message frame from channel. Channel size: 1
[2025-01-23 15:13:55.564009] [0x00007f1d7cc406c0] [debug]   Retrieved message frame from channel. Channel size: 0
[2025-01-23 15:13:55.564019] [0x00007f1d77fff6c0] [debug]   Added message frame to channel. Channel size: 1
[2025-01-23 15:13:55.564037] [0x00007f1d7ec446c0] [debug]   Added message frame to channel. Channel size: 2
[2025-01-23 15:13:55.564055] [0x00007f1d7e4436c0] [debug]   Added message frame to channel. Channel size: 3
[2025-01-23 15:13:55.564086] [0x00007f1d76ffd6c0] [debug]   Retrieved message frame from channel. Channel size: 2
[2025-01-23 15:13:55.564096] [0x00007f1d76ffd6c0] [debug]   Retrieved message frame from channel. Channel size: 1
[2025-01-23 15:13:55.564100] [0x00007f1d7cc406c0] [debug]   Retrieved message frame from channel. Channel size: 0
[2025-01-23 15:13:55.564130] [0x00007f1d7dc426c0] [debug]   Added message frame to channel. Channel size: 1
[2025-01-23 15:13:55.564140] [0x00007f1d77fff6c0] [debug]   Added message frame to channel. Channel size: 2
[2025-01-23 15:13:55.564166] [0x00007f1d7ec446c0] [debug]   Added message frame to channel. Channel size: 3
[2025-01-23 15:13:55.564216] [0x00007f1d777fe6c0] [debug]   Retrieved message frame from channel. Channel size: 2
[...]
26/30 Test: CodecTest.LargePayloadChunkedProcessing
Command: "/home/runner/workspace/build/codec_tests" "--gtest_filter=CodecTest.LargePayloadChunkedProcessing" "--gtest_also_run_disabled_tests"
Directory: /home/runner/workspace/build
"CodecTest.LargePayloadChunkedProcessing" start time: Jan 23 15:13 UTC
Output:
----------------------------------------------------------
Running main() from /build/source/googletest/src/gtest_main.cc
Note: Google Test filter = CodecTest.LargePayloadChunkedProcessing
[==========] Running 1 test from 1 test suite.
[----------] Global test environment set-up.
[----------] 1 test from CodecTest
[ RUN      ] CodecTest.LargePayloadChunkedProcessing
[2025-01-23 15:13:55.619832] [0x00007f23368f8c40] [info]    Initializing Codec with key of size: 32
[2025-01-23 15:13:55.701422] [0x00007f23368f8c40] [info] Initializing CryptoStream
[2025-01-23 15:13:55.701586] [0x00007f23368f8c40] [debug] CryptoStream initialization complete
[2025-01-23 15:13:55.701596] [0x00007f23368f8c40] [info] Initializing crypto parameters
[2025-01-23 15:13:55.701598] [0x00007f23368f8c40] [debug] Crypto parameters initialized successfully
[2025-01-23 15:13:55.701600] [0x00007f23368f8c40] [info] Starting message frame serialization
[2025-01-23 15:13:55.701602] [0x00007f23368f8c40] [debug] Writing IV of size: 16
[2025-01-23 15:13:55.701606] [0x00007f23368f8c40] [debug] Writing message type: 0
[2025-01-23 15:13:55.701608] [0x00007f23368f8c40] [debug] Writing source id: 3
[2025-01-23 15:13:55.701609] [0x00007f23368f8c40] [debug] Writing payload size: 10485760
[2025-01-23 15:13:55.701614] [0x00007f23368f8c40] [info] Starting stream encryption
[2025-01-23 15:13:55.701617] [0x00007f23368f8c40] [debug] Initializing cipher for encryption
[2025-01-23 15:13:55.703016] [0x00007f23368f8c40] [debug] Cipher initialization complete
[2025-01-23 15:13:55.703027] [0x00007f23368f8c40] [debug] Writing encrypted filename length
[2025-01-23 15:13:55.703029] [0x00007f23368f8c40] [debug] Encrypting and writing payload of size: 10485760
[2025-01-23 15:13:55.703032] [0x00007f23368f8c40] [info] Starting stream encryption
[2025-01-23 15:13:55.703033] [0x00007f23368f8c40] [debug] Initializing cipher for encryption
[2025-01-23 15:13:55.703037] [0x00007f23368f8c40] [debug] Cipher initialization complete
[2025-01-23 15:13:55.722408] [0x00007f23368f8c40] [info] Encrypted message frame serialization complete. Total bytes written: 10485802
[2025-01-23 15:13:55.722433] [0x00007f23368f8c40] [debug] Cleaning up CryptoStream resources
[2025-01-23 15:13:55.722438] [0x00007f23368f8c40] [info] Initializing CryptoStream
[2025-01-23 15:13:55.722440] [0x00007f23368f8c40] [debug] CryptoStream initialization complete
[2025-01-23 15:13:55.722442] [0x00007f23368f8c40] [info] Starting message frame deserialization
[2025-01-23 15:13:55.722444] [0x00007f23368f8c40] [debug] Reading IV
[2025-01-23 15:13:55.722445] [0x00007f23368f8c40] [info] Initializing crypto parameters
[2025-01-23 15:13:55.722447] [0x00007f23368f8c40] [debug] Crypto parameters initialized successfully
[2025-01-23 15:13:55.722448] [0x00007f23368f8c40] [debug] Read message type: 0
[2025-01-23 15:13:55.722450] [0x00007f23368f8c40] [debug] Read source id: 3
[2025-01-23 15:13:55.722452] [0x00007f23368f8c40] [debug] Read payload size: 10485760
[2025-01-23 15:13:55.722455] [0x00007f23368f8c40] [info] Starting stream decryption
[2025-01-23 15:13:55.722457] [0x00007f23368f8c40] [debug] Initializing cipher for decryption
[2025-01-23 15:13:55.722466] [0x00007f23368f8c40] [debug] Cipher initialization complete
[2025-01-23 15:13:55.722469] [0x00007f23368f8c40] [debug] Read decrypted filename length: 12
[2025-01-23 15:13:55.722471] [0x00007f23368f8c40] [debug] Added message frame to channel. Channel size: 1
[2025-01-23 15:13:55.722473] [0x00007f23368f8c40] [debug] New frame added to channel
[2025-01-23 15:13:55.722474] [0x00007f23368f8c40] [debug] Decrypting payload of size: 10485760
[2025-01-23 15:13:55.722476] [0x00007f23368f8c40] [info] Starting stream decryption
[2025-01-23 15:13:55.722479] [0x00007f23368f8c40] [debug] Initializing cipher for decryption
[2025-01-23 15:13:55.722484] [0x00007f23368f8c40] [debug] Cipher initialization complete
[2025-01-23 15:13:55.732324] [0x00007f23368f8c40] [info] Message frame deserialization complete. Total bytes read: 10485802
[2025-01-23 15:13:55.732351] [0x00007f23368f8c40] [debug] Cleaning up CryptoStream resources
[2025-01-23 15:13:55.732356] [0x00007f23368f8c40] [debug] Retrieved message frame from channel. Channel size: 0
[       OK ] CodecTest.LargePayloadChunkedProcessing (189 ms)
[----------] 1 test from CodecTest (189 ms total)

[----------] Global test environment tear-down
[==========] 1 test from 1 test suite ran. (189 ms total)
[  PASSED  ] 1 test.
<end of output>
Test time =   0.20 sec
----------------------------------------------------------
Test Passed.
"CodecTest.LargePayloadChunkedProcessing" end time: Jan 23 15:13 UTC
"CodecTest.LargePayloadChunkedProcessing" time elapsed: 00:00:00
----------------------------------------------------------

27/30 Testing: CodecTest.MalformedInputHandling
27/30 Test: CodecTest.MalformedInputHandling
Command: "/home/runner/workspace/build/codec_tests" "--gtest_filter=CodecTest.MalformedInputHandling" "--gtest_also_run_disabled_tests"
Directory: /home/runner/workspace/build
"CodecTest.MalformedInputHandling" start time: Jan 23 15:13 UTC
Output:
----------------------------------------------------------
Running main() from /build/source/googletest/src/gtest_main.cc
Note: Google Test filter = CodecTest.MalformedInputHandling
[==========] Running 1 test from 1 test suite.
[----------] Global test environment set-up.
[----------] 1 test from CodecTest
[ RUN      ] CodecTest.MalformedInputHandling
[2025-01-23 15:13:55.821898] [0x00007fd749095c40] [info]    Initializing Codec with key of size: 32
[2025-01-23 15:13:55.821940] [0x00007fd749095c40] [info] Initializing CryptoStream
[2025-01-23 15:13:55.822065] [0x00007fd749095c40] [debug] CryptoStream initialization complete
[2025-01-23 15:13:55.822071] [0x00007fd749095c40] [info] Starting message frame deserialization
[2025-01-23 15:13:55.822073] [0x00007fd749095c40] [debug] Reading IV
[2025-01-23 15:13:55.822076] [0x00007fd749095c40] [error] Failed to read 16 bytes from input stream
[2025-01-23 15:13:55.822100] [0x00007fd749095c40] [error] Error during deserialization: Failed to read from input stream
[2025-01-23 15:13:55.822110] [0x00007fd749095c40] [debug] Cleaning up CryptoStream resources
[2025-01-23 15:13:55.822119] [0x00007fd749095c40] [error] Invalid input stream state
[2025-01-23 15:13:55.822124] [0x00007fd749095c40] [info] Initializing CryptoStream
[2025-01-23 15:13:55.822125] [0x00007fd749095c40] [debug] CryptoStream initialization complete
[2025-01-23 15:13:55.822127] [0x00007fd749095c40] [info] Initializing crypto parameters
[2025-01-23 15:13:55.822128] [0x00007fd749095c40] [error] Invalid IV size: 15 bytes (expected 16 bytes)
[2025-01-23 15:13:55.822134] [0x00007fd749095c40] [debug] Cleaning up CryptoStream resources
[       OK ] CodecTest.MalformedInputHandling (0 ms)
[----------] 1 test from CodecTest (0 ms total)

[----------] Global test environment tear-down
[==========] 1 test from 1 test suite ran. (0 ms total)
[  PASSED  ] 1 test.
<end of output>
Test time =   0.01 sec
----------------------------------------------------------
Test Passed.
"CodecTest.MalformedInputHandling" end time: Jan 23 15:13 UTC
"CodecTest.MalformedInputHandling" time elapsed: 00:00:00
----------------------------------------------------------

28/30 Testing: CodecTest.EmptySourceId
28/30 Test: CodecTest.EmptySourceId
Command: "/home/runner/workspace/build/codec_tests" "--gtest_filter=CodecTest.EmptySourceId" "--gtest_also_run_disabled_tests"
Directory: /home/runner/workspace/build
"CodecTest.EmptySourceId" start time: Jan 23 15:13 UTC
Output:
----------------------------------------------------------
Running main() from /build/source/googletest/src/gtest_main.cc
Note: Google Test filter = CodecTest.EmptySourceId
[==========] Running 1 test from 1 test suite.
[----------] Global test environment set-up.
[----------] 1 test from CodecTest
[ RUN      ] CodecTest.EmptySourceId
[2025-01-23 15:13:55.832180] [0x00007ff914043c40] [info]    Initializing Codec with key of size: 32
[2025-01-23 15:13:55.832199] [0x00007ff914043c40] [info] Initializing CryptoStream
[2025-01-23 15:13:55.832309] [0x00007ff914043c40] [debug] CryptoStream initialization complete
[2025-01-23 15:13:55.832312] [0x00007ff914043c40] [info] Initializing crypto parameters
[2025-01-23 15:13:55.832314] [0x00007ff914043c40] [debug] Crypto parameters initialized successfully
[2025-01-23 15:13:55.832316] [0x00007ff914043c40] [info] Starting message frame serialization
[2025-01-23 15:13:55.832317] [0x00007ff914043c40] [debug] Writing IV of size: 16
[2025-01-23 15:13:55.832319] [0x00007ff914043c40] [debug] Writing message type: 0
[2025-01-23 15:13:55.832321] [0x00007ff914043c40] [debug] Writing source id: 0
[2025-01-23 15:13:55.832322] [0x00007ff914043c40] [debug] Writing payload size: 0
[2025-01-23 15:13:55.832326] [0x00007ff914043c40] [info] Starting stream encryption
[2025-01-23 15:13:55.832329] [0x00007ff914043c40] [debug] Initializing cipher for encryption
[2025-01-23 15:13:55.833654] [0x00007ff914043c40] [debug] Cipher initialization complete
[2025-01-23 15:13:55.833665] [0x00007ff914043c40] [debug] Writing encrypted filename length
[2025-01-23 15:13:55.833668] [0x00007ff914043c40] [info] Encrypted message frame serialization complete. Total bytes written: 42
[2025-01-23 15:13:55.833671] [0x00007ff914043c40] [debug] Cleaning up CryptoStream resources
[2025-01-23 15:13:55.833673] [0x00007ff914043c40] [info] Initializing CryptoStream
[2025-01-23 15:13:55.833674] [0x00007ff914043c40] [debug] CryptoStream initialization complete
[2025-01-23 15:13:55.833676] [0x00007ff914043c40] [info] Starting message frame deserialization
[2025-01-23 15:13:55.833677] [0x00007ff914043c40] [debug] Reading IV
[2025-01-23 15:13:55.833679] [0x00007ff914043c40] [info] Initializing crypto parameters
[2025-01-23 15:13:55.833680] [0x00007ff914043c40] [debug] Crypto parameters initialized successfully
[2025-01-23 15:13:55.833682] [0x00007ff914043c40] [debug] Read message type: 0
[2025-01-23 15:13:55.833683] [0x00007ff914043c40] [debug] Read source id: 0
[2025-01-23 15:13:55.833685] [0x00007ff914043c40] [debug] Read payload size: 0
[2025-01-23 15:13:55.833687] [0x00007ff914043c40] [info] Starting stream decryption
[2025-01-23 15:13:55.833689] [0x00007ff914043c40] [debug] Initializing cipher for decryption
[2025-01-23 15:13:55.833692] [0x00007ff914043c40] [debug] Cipher initialization complete
[2025-01-23 15:13:55.833694] [0x00007ff914043c40] [debug] Read decrypted filename length: 0
[2025-01-23 15:13:55.833696] [0x00007ff914043c40] [debug] Added message frame to channel. Channel size: 1
[2025-01-23 15:13:55.833698] [0x00007ff914043c40] [debug] New frame added to channel
[2025-01-23 15:13:55.833699] [0x00007ff914043c40] [info] Message frame deserialization complete. Total bytes read: 42
[2025-01-23 15:13:55.833701] [0x00007ff914043c40] [debug] Cleaning up CryptoStream resources
[2025-01-23 15:13:55.833702] [0x00007ff914043c40] [debug] Retrieved message frame from channel. Channel size: 0
[       OK ] CodecTest.EmptySourceId (1 ms)
[----------] 1 test from CodecTest (1 ms total)

[----------] Global test environment tear-down
[==========] 1 test from 1 test suite ran. (1 ms total)
[  PASSED  ] 1 test.
<end of output>
Test time =   0.01 sec
----------------------------------------------------------
Test Passed.
"CodecTest.EmptySourceId" end time: Jan 23 15:13 UTC
"CodecTest.EmptySourceId" time elapsed: 00:00:00
----------------------------------------------------------

29/30 Testing: TCP_PeerTest.BasicConnection
29/30 Test: TCP_PeerTest.BasicConnection
Command: "/home/runner/workspace/build/tcp_peer_tests" "--gtest_filter=TCP_PeerTest.BasicConnection" "--gtest_also_run_disabled_tests"
Directory: /home/runner/workspace/build
"TCP_PeerTest.BasicConnection" start time: Jan 23 15:13 UTC
Output:
----------------------------------------------------------
Running main() from /build/source/googletest/src/gtest_main.cc
Note: Google Test filter = TCP_PeerTest.BasicConnection
[==========] Running 1 test from 1 test suite.
[----------] Global test environment set-up.
[----------] 1 test from TCP_PeerTest
[ RUN      ] TCP_PeerTest.BasicConnection
[2025-01-23 15:13:55.847110] [0x00007f9b24095d80] [info]    Initializing Codec with key of size: 32
[2025-01-23 15:13:55.847127] [0x00007f9b24095d80] [debug]   [] Constructing TCP_Peer
[2025-01-23 15:13:55.847135] [0x00007f9b24095d80] [debug]   [] Input stream initialized
[2025-01-23 15:13:55.847141] [0x00007f9b2408f6c0] [info]    Initializing Codec with key of size: 32
[2025-01-23 15:13:55.847152] [0x00007f9b2408f6c0] [debug]   [] Constructing TCP_Peer
[2025-01-23 15:13:55.847157] [0x00007f9b24095d80] [info]    [] TCP_Peer instance created successfully
[2025-01-23 15:13:55.847169] [0x00007f9b2408f6c0] [debug]   [] Input stream initialized
[2025-01-23 15:13:55.847174] [0x00007f9b2408f6c0] [info]    [] TCP_Peer instance created successfully
[2025-01-23 15:13:55.847209] [0x00007f9b24095d80] [debug]   [] Setting stream processor
[2025-01-23 15:13:55.847216] [0x00007f9b24095d80] [debug]   [] Stream processor configured
[2025-01-23 15:13:55.847225] [0x00007f9b24095d80] [debug]   [] Setting stream processor
[2025-01-23 15:13:55.847230] [0x00007f9b24095d80] [debug]   [] Stream processor configured
[2025-01-23 15:13:55.847231] [0x00007f9b24095d80] [debug]   [] Attempting to start stream processing
[2025-01-23 15:13:55.847256] [0x00007f9b24095d80] [info]    [] Stream processing started successfully
[2025-01-23 15:13:55.847263] [0x00007f9b24095d80] [debug]   [] Attempting to start stream processing
[2025-01-23 15:13:55.847285] [0x00007f9b2408f6c0] [debug]   [] Setting up stream processing
[2025-01-23 15:13:55.847293] [0x00007f9b2408f6c0] [trace]   [] Setting up next async read
[2025-01-23 15:13:55.847311] [0x00007f9b24095d80] [info]    [] Stream processing started successfully
[2025-01-23 15:13:55.847319] [0x00007f9b24095d80] [debug]   [] Stopping stream processing
[2025-01-23 15:13:55.847343] [0x00007f9b2388e6c0] [debug]   [] Setting up stream processing
[2025-01-23 15:13:55.847352] [0x00007f9b2388e6c0] [trace]   [] Setting up next async read
[2025-01-23 15:13:55.847364] [0x00007f9b2408f6c0] [info]    [] Stream processing stopped
[2025-01-23 15:13:55.847402] [0x00007f9b24095d80] [debug]   [] Processing thread joined
[2025-01-23 15:13:55.847408] [0x00007f9b24095d80] [info]    [] Stream processing stopped
[2025-01-23 15:13:55.847410] [0x00007f9b24095d80] [debug]   [] Stopping stream processing
[2025-01-23 15:13:55.847426] [0x00007f9b2388e6c0] [info]    [] Stream processing stopped
[2025-01-23 15:13:55.847451] [0x00007f9b24095d80] [debug]   [] Processing thread joined
[2025-01-23 15:13:55.847459] [0x00007f9b24095d80] [info]    [] Stream processing stopped
[2025-01-23 15:13:55.847513] [0x00007f9b24095d80] [debug]   TCP_Peer destroyed: 
[2025-01-23 15:13:55.847529] [0x00007f9b24095d80] [debug]   TCP_Peer destroyed: 
[       OK ] TCP_PeerTest.BasicConnection (1 ms)
[----------] 1 test from TCP_PeerTest (1 ms total)

[----------] Global test environment tear-down
[==========] 1 test from 1 test suite ran. (1 ms total)
[  PASSED  ] 1 test.
<end of output>
Test time =   0.01 sec
----------------------------------------------------------
Test Passed.
"TCP_PeerTest.BasicConnection" end time: Jan 23 15:13 UTC
"TCP_PeerTest.BasicConnection" time elapsed: 00:00:00
----------------------------------------------------------

30/30 Testing: TCP_PeerTest.SendReceiveSimpleMessage
30/30 Test: TCP_PeerTest.SendReceiveSimpleMessage
Command: "/home/runner/workspace/build/tcp_peer_tests" "--gtest_filter=TCP_PeerTest.SendReceiveSimpleMessage" "--gtest_also_run_disabled_tests"
Directory: /home/runner/workspace/build
"TCP_PeerTest.SendReceiveSimpleMessage" start time: Jan 23 15:13 UTC
Output:
----------------------------------------------------------
Running main() from /build/source/googletest/src/gtest_main.cc
Note: Google Test filter = TCP_PeerTest.SendReceiveSimpleMessage
[==========] Running 1 test from 1 test suite.
[----------] Global test environment set-up.
[----------] 1 test from TCP_PeerTest
[ RUN      ] TCP_PeerTest.SendReceiveSimpleMessage
[2025-01-23 15:13:55.859538] [0x00007fe83d738d80] [info]    Initializing Codec with key of size: 32
[2025-01-23 15:13:55.859547] [0x00007fe83d738d80] [debug]   [] Constructing TCP_Peer
[2025-01-23 15:13:55.859553] [0x00007fe83d738d80] [debug]   [] Input stream initialized
[2025-01-23 15:13:55.859555] [0x00007fe83d738d80] [info]    [] TCP_Peer instance created successfully
[2025-01-23 15:13:55.859559] [0x00007fe83d7326c0] [info]    Initializing Codec with key of size: 32
[2025-01-23 15:13:55.859569] [0x00007fe83d7326c0] [debug]   [] Constructing TCP_Peer
[2025-01-23 15:13:55.859571] [0x00007fe83d7326c0] [debug]   [] Input stream initialized
[2025-01-23 15:13:55.859573] [0x00007fe83d7326c0] [info]    [] TCP_Peer instance created successfully
[2025-01-23 15:13:55.859618] [0x00007fe83d738d80] [debug]   [] Setting stream processor
[2025-01-23 15:13:55.859625] [0x00007fe83d738d80] [debug]   [] Stream processor configured
[2025-01-23 15:13:55.859628] [0x00007fe83d738d80] [debug]   [] Setting stream processor
[2025-01-23 15:13:55.859632] [0x00007fe83d738d80] [debug]   [] Stream processor configured
[2025-01-23 15:13:55.859638] [0x00007fe83d738d80] [debug]   [] Attempting to start stream processing
[2025-01-23 15:13:55.859677] [0x00007fe83d738d80] [info]    [] Stream processing started successfully
[2025-01-23 15:13:55.859682] [0x00007fe83d738d80] [debug]   [] Attempting to start stream processing
[2025-01-23 15:13:55.859698] [0x00007fe83d7326c0] [debug]   [] Setting up stream processing
[2025-01-23 15:13:55.859708] [0x00007fe83d7326c0] [trace]   [] Setting up next async read
[2025-01-23 15:13:55.859717] [0x00007fe83d738d80] [info]    [] Stream processing started successfully
[2025-01-23 15:13:55.859747] [0x00007fe83cf316c0] [debug]   [] Setting up stream processing
[2025-01-23 15:13:55.859754] [0x00007fe83cf316c0] [trace]   [] Setting up next async read
[2025-01-23 15:13:55.859766] [0x00007fe83d738d80] [debug]   [] Sent 12 bytes from stream
[2025-01-23 15:13:55.959865] [0x00007fe83d738d80] [debug]   [] Stopping stream processing
[2025-01-23 15:13:55.959921] [0x00007fe83d7326c0] [info]    [] Stream processing stopped
[2025-01-23 15:13:55.959986] [0x00007fe83d738d80] [debug]   [] Processing thread joined
[2025-01-23 15:13:55.959992] [0x00007fe83d738d80] [info]    [] Stream processing stopped
[2025-01-23 15:13:55.959995] [0x00007fe83d738d80] [debug]   [] Stopping stream processing
[2025-01-23 15:13:55.960024] [0x00007fe83cf316c0] [info]    [] Stream processing stopped
[2025-01-23 15:13:55.960056] [0x00007fe83d738d80] [debug]   [] Processing thread joined
[2025-01-23 15:13:55.960061] [0x00007fe83d738d80] [info]    [] Stream processing stopped
[2025-01-23 15:13:55.960133] [0x00007fe83d738d80] [debug]   TCP_Peer destroyed: 
[2025-01-23 15:13:55.960150] [0x00007fe83d738d80] [debug]   TCP_Peer destroyed: 
[       OK ] TCP_PeerTest.SendReceiveSimpleMessage (101 ms)
[----------] 1 test from TCP_PeerTest (101 ms total)

[----------] Global test environment tear-down
[==========] 1 test from 1 test suite ran. (101 ms total)
[  PASSED  ] 1 test.
<end of output>
Test time =   0.11 sec
----------------------------------------------------------
Test Passed.
"TCP_PeerTest.SendReceiveSimpleMessage" end time: Jan 23 15:13 UTC
"TCP_PeerTest.SendReceiveSimpleMessage" time elapsed: 00:00:00
----------------------------------------------------------

End testing: Jan 23 15:13 UTC
