Start testing: Jan 22 23:44 UTC
----------------------------------------------------------
1/8 Testing: CryptoStreamTest.BasicStreamOperation
1/8 Test: CryptoStreamTest.BasicStreamOperation
Command: "/home/runner/workspace/build/crypto_tests" "--gtest_filter=CryptoStreamTest.BasicStreamOperation" "--gtest_also_run_disabled_tests"
Directory: /home/runner/workspace/build
"CryptoStreamTest.BasicStreamOperation" start time: Jan 22 23:44 UTC
Output:
----------------------------------------------------------
Running main() from /build/source/googletest/src/gtest_main.cc
Note: Google Test filter = CryptoStreamTest.BasicStreamOperation
[==========] Running 1 test from 1 test suite.
[----------] Global test environment set-up.
[----------] 1 test from CryptoStreamTest
[ RUN      ] CryptoStreamTest.BasicStreamOperation
[2025-01-22 23:44:09.389680] [0x00007fae734aab80] [info]    Initializing CryptoStream
[2025-01-22 23:44:09.389792] [0x00007fae734aab80] [debug]   CryptoStream initialization complete
[2025-01-22 23:44:09.389798] [0x00007fae734aab80] [info]    Initializing crypto parameters
[2025-01-22 23:44:09.389800] [0x00007fae734aab80] [debug]   Crypto parameters initialized successfully
[2025-01-22 23:44:09.389805] [0x00007fae734aab80] [info]    Starting stream encryption
[2025-01-22 23:44:09.389810] [0x00007fae734aab80] [debug]   Initializing cipher for encryption
[2025-01-22 23:44:09.391361] [0x00007fae734aab80] [debug]   Cipher initialization complete
[2025-01-22 23:44:09.391376] [0x00007fae734aab80] [info]    Starting stream decryption
[2025-01-22 23:44:09.391378] [0x00007fae734aab80] [debug]   Initializing cipher for decryption
[2025-01-22 23:44:09.391382] [0x00007fae734aab80] [debug]   Cipher initialization complete
[2025-01-22 23:44:09.391386] [0x00007fae734aab80] [debug]   Cleaning up CryptoStream resources
[       OK ] CryptoStreamTest.BasicStreamOperation (1 ms)
[----------] 1 test from CryptoStreamTest (1 ms total)

[----------] Global test environment tear-down
[==========] 1 test from 1 test suite ran. (1 ms total)
[  PASSED  ] 1 test.
<end of output>
Test time =   0.01 sec
----------------------------------------------------------
Test Passed.
"CryptoStreamTest.BasicStreamOperation" end time: Jan 22 23:44 UTC
"CryptoStreamTest.BasicStreamOperation" time elapsed: 00:00:00
----------------------------------------------------------

2/8 Testing: CryptoStreamTest.UninitializedError
2/8 Test: CryptoStreamTest.UninitializedError
Command: "/home/runner/workspace/build/crypto_tests" "--gtest_filter=CryptoStreamTest.UninitializedError" "--gtest_also_run_disabled_tests"
Directory: /home/runner/workspace/build
"CryptoStreamTest.UninitializedError" start time: Jan 22 23:44 UTC
Output:
----------------------------------------------------------
Running main() from /build/source/googletest/src/gtest_main.cc
Note: Google Test filter = CryptoStreamTest.UninitializedError
[==========] Running 1 test from 1 test suite.
[----------] Global test environment set-up.
[----------] 1 test from CryptoStreamTest
[ RUN      ] CryptoStreamTest.UninitializedError
[2025-01-22 23:44:09.402027] [0x00007f81bc1d6b80] [info]    Initializing CryptoStream
[2025-01-22 23:44:09.402165] [0x00007f81bc1d6b80] [debug]   CryptoStream initialization complete
[2025-01-22 23:44:09.402174] [0x00007f81bc1d6b80] [info]    Initializing crypto parameters
[2025-01-22 23:44:09.402177] [0x00007f81bc1d6b80] [debug]   Crypto parameters initialized successfully
[2025-01-22 23:44:09.402179] [0x00007f81bc1d6b80] [info]    Initializing CryptoStream
[2025-01-22 23:44:09.402181] [0x00007f81bc1d6b80] [debug]   CryptoStream initialization complete
[2025-01-22 23:44:09.402186] [0x00007f81bc1d6b80] [info]    Starting stream encryption
[2025-01-22 23:44:09.402189] [0x00007f81bc1d6b80] [debug]   Initializing cipher for encryption
[2025-01-22 23:44:09.402191] [0x00007f81bc1d6b80] [error]   Attempted to use uninitialized CryptoStream
[2025-01-22 23:44:09.402214] [0x00007f81bc1d6b80] [error]   Stream processing failed: Initialization error: CryptoStream not initialized
[2025-01-22 23:44:09.402226] [0x00007f81bc1d6b80] [debug]   Cleaning up CryptoStream resources
[2025-01-22 23:44:09.402242] [0x00007f81bc1d6b80] [debug]   Cleaning up CryptoStream resources
[       OK ] CryptoStreamTest.UninitializedError (0 ms)
[----------] 1 test from CryptoStreamTest (0 ms total)

[----------] Global test environment tear-down
[==========] 1 test from 1 test suite ran. (0 ms total)
[  PASSED  ] 1 test.
<end of output>
Test time =   0.01 sec
----------------------------------------------------------
Test Passed.
"CryptoStreamTest.UninitializedError" end time: Jan 22 23:44 UTC
"CryptoStreamTest.UninitializedError" time elapsed: 00:00:00
----------------------------------------------------------

3/8 Testing: CryptoStreamTest.EmptyStream
3/8 Test: CryptoStreamTest.EmptyStream
Command: "/home/runner/workspace/build/crypto_tests" "--gtest_filter=CryptoStreamTest.EmptyStream" "--gtest_also_run_disabled_tests"
Directory: /home/runner/workspace/build
"CryptoStreamTest.EmptyStream" start time: Jan 22 23:44 UTC
Output:
----------------------------------------------------------
Running main() from /build/source/googletest/src/gtest_main.cc
Note: Google Test filter = CryptoStreamTest.EmptyStream
[==========] Running 1 test from 1 test suite.
[----------] Global test environment set-up.
[----------] 1 test from CryptoStreamTest
[ RUN      ] CryptoStreamTest.EmptyStream
[2025-01-22 23:44:09.414154] [0x00007f71d2ed4b80] [info]    Initializing CryptoStream
[2025-01-22 23:44:09.414278] [0x00007f71d2ed4b80] [debug]   CryptoStream initialization complete
[2025-01-22 23:44:09.414287] [0x00007f71d2ed4b80] [info]    Initializing crypto parameters
[2025-01-22 23:44:09.414290] [0x00007f71d2ed4b80] [debug]   Crypto parameters initialized successfully
[2025-01-22 23:44:09.414297] [0x00007f71d2ed4b80] [info]    Starting stream encryption
[2025-01-22 23:44:09.414301] [0x00007f71d2ed4b80] [debug]   Initializing cipher for encryption
[2025-01-22 23:44:09.416140] [0x00007f71d2ed4b80] [debug]   Cipher initialization complete
[2025-01-22 23:44:09.416158] [0x00007f71d2ed4b80] [info]    Starting stream decryption
[2025-01-22 23:44:09.416161] [0x00007f71d2ed4b80] [debug]   Initializing cipher for decryption
[2025-01-22 23:44:09.416167] [0x00007f71d2ed4b80] [debug]   Cipher initialization complete
[2025-01-22 23:44:09.416171] [0x00007f71d2ed4b80] [debug]   Cleaning up CryptoStream resources
[       OK ] CryptoStreamTest.EmptyStream (2 ms)
[----------] 1 test from CryptoStreamTest (2 ms total)

[----------] Global test environment tear-down
[==========] 1 test from 1 test suite ran. (2 ms total)
[  PASSED  ] 1 test.
<end of output>
Test time =   0.01 sec
----------------------------------------------------------
Test Passed.
"CryptoStreamTest.EmptyStream" end time: Jan 22 23:44 UTC
"CryptoStreamTest.EmptyStream" time elapsed: 00:00:00
----------------------------------------------------------

4/8 Testing: CryptoStreamTest.LargeStream
4/8 Test: CryptoStreamTest.LargeStream
Command: "/home/runner/workspace/build/crypto_tests" "--gtest_filter=CryptoStreamTest.LargeStream" "--gtest_also_run_disabled_tests"
Directory: /home/runner/workspace/build
"CryptoStreamTest.LargeStream" start time: Jan 22 23:44 UTC
Output:
----------------------------------------------------------
Running main() from /build/source/googletest/src/gtest_main.cc
Note: Google Test filter = CryptoStreamTest.LargeStream
[==========] Running 1 test from 1 test suite.
[----------] Global test environment set-up.
[----------] 1 test from CryptoStreamTest
[ RUN      ] CryptoStreamTest.LargeStream
[2025-01-22 23:44:09.429660] [0x00007fbeef22bb80] [info]    Initializing CryptoStream
[2025-01-22 23:44:09.429783] [0x00007fbeef22bb80] [debug]   CryptoStream initialization complete
[2025-01-22 23:44:09.429792] [0x00007fbeef22bb80] [info]    Initializing crypto parameters
[2025-01-22 23:44:09.429809] [0x00007fbeef22bb80] [debug]   Crypto parameters initialized successfully
[2025-01-22 23:44:09.436868] [0x00007fbeef22bb80] [info]    Starting stream encryption
[2025-01-22 23:44:09.436886] [0x00007fbeef22bb80] [debug]   Initializing cipher for encryption
[2025-01-22 23:44:09.440005] [0x00007fbeef22bb80] [debug]   Cipher initialization complete
[2025-01-22 23:44:09.442760] [0x00007fbeef22bb80] [info]    Starting stream decryption
[2025-01-22 23:44:09.442773] [0x00007fbeef22bb80] [debug]   Initializing cipher for decryption
[2025-01-22 23:44:09.442782] [0x00007fbeef22bb80] [debug]   Cipher initialization complete
[2025-01-22 23:44:09.444075] [0x00007fbeef22bb80] [debug]   Cleaning up CryptoStream resources
[       OK ] CryptoStreamTest.LargeStream (14 ms)
[----------] 1 test from CryptoStreamTest (14 ms total)

[----------] Global test environment tear-down
[==========] 1 test from 1 test suite ran. (14 ms total)
[  PASSED  ] 1 test.
<end of output>
Test time =   0.03 sec
----------------------------------------------------------
Test Passed.
"CryptoStreamTest.LargeStream" end time: Jan 22 23:44 UTC
"CryptoStreamTest.LargeStream" time elapsed: 00:00:00
----------------------------------------------------------

5/8 Testing: CryptoStreamTest.InvalidStreamState
5/8 Test: CryptoStreamTest.InvalidStreamState
Command: "/home/runner/workspace/build/crypto_tests" "--gtest_filter=CryptoStreamTest.InvalidStreamState" "--gtest_also_run_disabled_tests"
Directory: /home/runner/workspace/build
"CryptoStreamTest.InvalidStreamState" start time: Jan 22 23:44 UTC
Output:
----------------------------------------------------------
Running main() from /build/source/googletest/src/gtest_main.cc
Note: Google Test filter = CryptoStreamTest.InvalidStreamState
[==========] Running 1 test from 1 test suite.
[----------] Global test environment set-up.
[----------] 1 test from CryptoStreamTest
[ RUN      ] CryptoStreamTest.InvalidStreamState
[2025-01-22 23:44:09.460000] [0x00007f6853117b80] [info]    Initializing CryptoStream
[2025-01-22 23:44:09.460136] [0x00007f6853117b80] [debug]   CryptoStream initialization complete
[2025-01-22 23:44:09.460143] [0x00007f6853117b80] [info]    Initializing crypto parameters
[2025-01-22 23:44:09.460146] [0x00007f6853117b80] [debug]   Crypto parameters initialized successfully
[2025-01-22 23:44:09.460151] [0x00007f6853117b80] [info]    Starting stream encryption
[2025-01-22 23:44:09.460153] [0x00007f6853117b80] [error]   Invalid stream state detected
[2025-01-22 23:44:09.460181] [0x00007f6853117b80] [info]    Starting stream encryption
[2025-01-22 23:44:09.460185] [0x00007f6853117b80] [error]   Invalid stream state detected
[2025-01-22 23:44:09.460191] [0x00007f6853117b80] [debug]   Cleaning up CryptoStream resources
[       OK ] CryptoStreamTest.InvalidStreamState (0 ms)
[----------] 1 test from CryptoStreamTest (0 ms total)

[----------] Global test environment tear-down
[==========] 1 test from 1 test suite ran. (0 ms total)
[  PASSED  ] 1 test.
<end of output>
Test time =   0.01 sec
----------------------------------------------------------
Test Passed.
"CryptoStreamTest.InvalidStreamState" end time: Jan 22 23:44 UTC
"CryptoStreamTest.InvalidStreamState" time elapsed: 00:00:00
----------------------------------------------------------

6/8 Testing: CryptoStreamTest.BlockAlignment
6/8 Test: CryptoStreamTest.BlockAlignment
Command: "/home/runner/workspace/build/crypto_tests" "--gtest_filter=CryptoStreamTest.BlockAlignment" "--gtest_also_run_disabled_tests"
Directory: /home/runner/workspace/build
"CryptoStreamTest.BlockAlignment" start time: Jan 22 23:44 UTC
Output:
----------------------------------------------------------
Running main() from /build/source/googletest/src/gtest_main.cc
Note: Google Test filter = CryptoStreamTest.BlockAlignment
[==========] Running 1 test from 1 test suite.
[----------] Global test environment set-up.
[----------] 1 test from CryptoStreamTest
[ RUN      ] CryptoStreamTest.BlockAlignment
[2025-01-22 23:44:09.470752] [0x00007f63b91a8b80] [info]    Initializing CryptoStream
[2025-01-22 23:44:09.470855] [0x00007f63b91a8b80] [debug]   CryptoStream initialization complete
[2025-01-22 23:44:09.470862] [0x00007f63b91a8b80] [info]    Initializing crypto parameters
[2025-01-22 23:44:09.470864] [0x00007f63b91a8b80] [debug]   Crypto parameters initialized successfully
[2025-01-22 23:44:09.470868] [0x00007f63b91a8b80] [info]    Starting stream encryption
[2025-01-22 23:44:09.470872] [0x00007f63b91a8b80] [debug]   Initializing cipher for encryption
[2025-01-22 23:44:09.472346] [0x00007f63b91a8b80] [debug]   Cipher initialization complete
[2025-01-22 23:44:09.472361] [0x00007f63b91a8b80] [info]    Starting stream decryption
[2025-01-22 23:44:09.472364] [0x00007f63b91a8b80] [debug]   Initializing cipher for decryption
[2025-01-22 23:44:09.472369] [0x00007f63b91a8b80] [debug]   Cipher initialization complete
[2025-01-22 23:44:09.472380] [0x00007f63b91a8b80] [info]    Starting stream encryption
[2025-01-22 23:44:09.472385] [0x00007f63b91a8b80] [debug]   Initializing cipher for encryption
[2025-01-22 23:44:09.472388] [0x00007f63b91a8b80] [debug]   Cipher initialization complete
[2025-01-22 23:44:09.472390] [0x00007f63b91a8b80] [info]    Starting stream decryption
[2025-01-22 23:44:09.472391] [0x00007f63b91a8b80] [debug]   Initializing cipher for decryption
[2025-01-22 23:44:09.472483] [0x00007f63b91a8b80] [debug]   Cipher initialization complete
[2025-01-22 23:44:09.472497] [0x00007f63b91a8b80] [info]    Starting stream encryption
[2025-01-22 23:44:09.472501] [0x00007f63b91a8b80] [debug]   Initializing cipher for encryption
[2025-01-22 23:44:09.472506] [0x00007f63b91a8b80] [debug]   Cipher initialization complete
[2025-01-22 23:44:09.472509] [0x00007f63b91a8b80] [info]    Starting stream decryption
[2025-01-22 23:44:09.472510] [0x00007f63b91a8b80] [debug]   Initializing cipher for decryption
[2025-01-22 23:44:09.472512] [0x00007f63b91a8b80] [debug]   Cipher initialization complete
[2025-01-22 23:44:09.472516] [0x00007f63b91a8b80] [info]    Starting stream encryption
[2025-01-22 23:44:09.472519] [0x00007f63b91a8b80] [debug]   Initializing cipher for encryption
[2025-01-22 23:44:09.472521] [0x00007f63b91a8b80] [debug]   Cipher initialization complete
[2025-01-22 23:44:09.472523] [0x00007f63b91a8b80] [info]    Starting stream decryption
[2025-01-22 23:44:09.472524] [0x00007f63b91a8b80] [debug]   Initializing cipher for decryption
[2025-01-22 23:44:09.472528] [0x00007f63b91a8b80] [debug]   Cipher initialization complete
[2025-01-22 23:44:09.472531] [0x00007f63b91a8b80] [info]    Starting stream encryption
[2025-01-22 23:44:09.472532] [0x00007f63b91a8b80] [debug]   Initializing cipher for encryption
[2025-01-22 23:44:09.472534] [0x00007f63b91a8b80] [debug]   Cipher initialization complete
[2025-01-22 23:44:09.472536] [0x00007f63b91a8b80] [info]    Starting stream decryption
[2025-01-22 23:44:09.472539] [0x00007f63b91a8b80] [debug]   Initializing cipher for decryption
[2025-01-22 23:44:09.472541] [0x00007f63b91a8b80] [debug]   Cipher initialization complete
[2025-01-22 23:44:09.472544] [0x00007f63b91a8b80] [info]    Starting stream encryption
[2025-01-22 23:44:09.472548] [0x00007f63b91a8b80] [debug]   Initializing cipher for encryption
[2025-01-22 23:44:09.472550] [0x00007f63b91a8b80] [debug]   Cipher initialization complete
[2025-01-22 23:44:09.472551] [0x00007f63b91a8b80] [info]    Starting stream decryption
[2025-01-22 23:44:09.472553] [0x00007f63b91a8b80] [debug]   Initializing cipher for decryption
[2025-01-22 23:44:09.472555] [0x00007f63b91a8b80] [debug]   Cipher initialization complete
[2025-01-22 23:44:09.472558] [0x00007f63b91a8b80] [debug]   Cleaning up CryptoStream resources
[       OK ] CryptoStreamTest.BlockAlignment (1 ms)
[----------] 1 test from CryptoStreamTest (1 ms total)

[----------] Global test environment tear-down
[==========] 1 test from 1 test suite ran. (1 ms total)
[  PASSED  ] 1 test.
<end of output>
Test time =   0.01 sec
----------------------------------------------------------
Test Passed.
"CryptoStreamTest.BlockAlignment" end time: Jan 22 23:44 UTC
"CryptoStreamTest.BlockAlignment" time elapsed: 00:00:00
----------------------------------------------------------

7/8 Testing: CryptoStreamTest.StreamOperators
7/8 Test: CryptoStreamTest.StreamOperators
Command: "/home/runner/workspace/build/crypto_tests" "--gtest_filter=CryptoStreamTest.StreamOperators" "--gtest_also_run_disabled_tests"
Directory: /home/runner/workspace/build
"CryptoStreamTest.StreamOperators" start time: Jan 22 23:44 UTC
Output:
----------------------------------------------------------
Running main() from /build/source/googletest/src/gtest_main.cc
Note: Google Test filter = CryptoStreamTest.StreamOperators
[==========] Running 1 test from 1 test suite.
[----------] Global test environment set-up.
[----------] 1 test from CryptoStreamTest
[ RUN      ] CryptoStreamTest.StreamOperators
[2025-01-22 23:44:09.484142] [0x00007f0de4311b80] [info]    Initializing CryptoStream
[2025-01-22 23:44:09.484274] [0x00007f0de4311b80] [debug]   CryptoStream initialization complete
[2025-01-22 23:44:09.484282] [0x00007f0de4311b80] [info]    Initializing crypto parameters
[2025-01-22 23:44:09.484285] [0x00007f0de4311b80] [debug]   Crypto parameters initialized successfully
[2025-01-22 23:44:09.484287] [0x00007f0de4311b80] [debug]   Stream operator<< called, storing input stream for processing
[2025-01-22 23:44:09.484290] [0x00007f0de4311b80] [debug]   Stream operator>> called in encryption mode
[2025-01-22 23:44:09.484293] [0x00007f0de4311b80] [info]    Starting stream encryption
[2025-01-22 23:44:09.484297] [0x00007f0de4311b80] [debug]   Initializing cipher for encryption
[2025-01-22 23:44:09.485684] [0x00007f0de4311b80] [debug]   Cipher initialization complete
[2025-01-22 23:44:09.485704] [0x00007f0de4311b80] [debug]   Stream processing complete
[2025-01-22 23:44:09.485709] [0x00007f0de4311b80] [debug]   Stream operator<< called, storing input stream for processing
[2025-01-22 23:44:09.485711] [0x00007f0de4311b80] [debug]   Stream operator>> called in decryption mode
[2025-01-22 23:44:09.485713] [0x00007f0de4311b80] [info]    Starting stream decryption
[2025-01-22 23:44:09.485714] [0x00007f0de4311b80] [debug]   Initializing cipher for decryption
[2025-01-22 23:44:09.485718] [0x00007f0de4311b80] [debug]   Cipher initialization complete
[2025-01-22 23:44:09.485722] [0x00007f0de4311b80] [debug]   Stream processing complete
[2025-01-22 23:44:09.485724] [0x00007f0de4311b80] [debug]   Stream operator>> called in decryption mode
[2025-01-22 23:44:09.485726] [0x00007f0de4311b80] [error]   Stream operator>> called without prior input stream
[2025-01-22 23:44:09.485749] [0x00007f0de4311b80] [debug]   Cleaning up CryptoStream resources
[       OK ] CryptoStreamTest.StreamOperators (1 ms)
[----------] 1 test from CryptoStreamTest (1 ms total)

[----------] Global test environment tear-down
[==========] 1 test from 1 test suite ran. (1 ms total)
[  PASSED  ] 1 test.
<end of output>
Test time =   0.01 sec
----------------------------------------------------------
Test Passed.
"CryptoStreamTest.StreamOperators" end time: Jan 22 23:44 UTC
"CryptoStreamTest.StreamOperators" time elapsed: 00:00:00
----------------------------------------------------------

8/8 Testing: CryptoStreamTest.IVGeneration
8/8 Test: CryptoStreamTest.IVGeneration
Command: "/home/runner/workspace/build/crypto_tests" "--gtest_filter=CryptoStreamTest.IVGeneration" "--gtest_also_run_disabled_tests"
Directory: /home/runner/workspace/build
"CryptoStreamTest.IVGeneration" start time: Jan 22 23:44 UTC
Output:
----------------------------------------------------------
Running main() from /build/source/googletest/src/gtest_main.cc
Note: Google Test filter = CryptoStreamTest.IVGeneration
[==========] Running 1 test from 1 test suite.
[----------] Global test environment set-up.
[----------] 1 test from CryptoStreamTest
[ RUN      ] CryptoStreamTest.IVGeneration
[2025-01-22 23:44:09.496527] [0x00007f78b5398b80] [info]    Initializing CryptoStream
[2025-01-22 23:44:09.496631] [0x00007f78b5398b80] [debug]   CryptoStream initialization complete
[2025-01-22 23:44:09.496637] [0x00007f78b5398b80] [info]    Initializing crypto parameters
[2025-01-22 23:44:09.496639] [0x00007f78b5398b80] [debug]   Crypto parameters initialized successfully
[2025-01-22 23:44:09.496641] [0x00007f78b5398b80] [info]    Initializing CryptoStream
[2025-01-22 23:44:09.496643] [0x00007f78b5398b80] [debug]   CryptoStream initialization complete
[2025-01-22 23:44:09.496644] [0x00007f78b5398b80] [debug]   Generating initialization vector
[2025-01-22 23:44:09.498161] [0x00007f78b5398b80] [debug]   Successfully generated initialization vector
[2025-01-22 23:44:09.498171] [0x00007f78b5398b80] [debug]   Generating initialization vector
[2025-01-22 23:44:09.498174] [0x00007f78b5398b80] [debug]   Successfully generated initialization vector
[2025-01-22 23:44:09.498176] [0x00007f78b5398b80] [info]    Initializing crypto parameters
[2025-01-22 23:44:09.498178] [0x00007f78b5398b80] [debug]   Crypto parameters initialized successfully
[2025-01-22 23:44:09.498185] [0x00007f78b5398b80] [info]    Starting stream encryption
[2025-01-22 23:44:09.498187] [0x00007f78b5398b80] [debug]   Initializing cipher for encryption
[2025-01-22 23:44:09.498192] [0x00007f78b5398b80] [debug]   Cipher initialization complete
[2025-01-22 23:44:09.498197] [0x00007f78b5398b80] [info]    Starting stream decryption
[2025-01-22 23:44:09.498198] [0x00007f78b5398b80] [debug]   Initializing cipher for decryption
[2025-01-22 23:44:09.498201] [0x00007f78b5398b80] [debug]   Cipher initialization complete
[2025-01-22 23:44:09.498204] [0x00007f78b5398b80] [debug]   Cleaning up CryptoStream resources
[2025-01-22 23:44:09.498206] [0x00007f78b5398b80] [debug]   Cleaning up CryptoStream resources
[       OK ] CryptoStreamTest.IVGeneration (1 ms)
[----------] 1 test from CryptoStreamTest (1 ms total)

[----------] Global test environment tear-down
[==========] 1 test from 1 test suite ran. (1 ms total)
[  PASSED  ] 1 test.
<end of output>
Test time =   0.01 sec
----------------------------------------------------------
Test Passed.
"CryptoStreamTest.IVGeneration" end time: Jan 22 23:44 UTC
"CryptoStreamTest.IVGeneration" time elapsed: 00:00:00
----------------------------------------------------------

End testing: Jan 22 23:44 UTC
