Start testing: Jan 27 18:27 UTC
----------------------------------------------------------
1/30 Testing: CryptoStreamTest.BasicStreamOperation
1/30 Test: CryptoStreamTest.BasicStreamOperation
Command: "/home/runner/workspace/build/crypto_tests" "--gtest_filter=CryptoStreamTest.BasicStreamOperation" "--gtest_also_run_disabled_tests"
Directory: /home/runner/workspace/build
"CryptoStreamTest.BasicStreamOperation" start time: Jan 27 18:27 UTC
Output:
----------------------------------------------------------
Running main() from /build/source/googletest/src/gtest_main.cc
Note: Google Test filter = CryptoStreamTest.BasicStreamOperation
[==========] Running 1 test from 1 test suite.
[----------] Global test environment set-up.
[----------] 1 test from CryptoStreamTest
[ RUN      ] CryptoStreamTest.BasicStreamOperation
[2025-01-27 18:27:42.863879] [0x00007fea16332b80] [info]    Initializing CryptoStream
[2025-01-27 18:27:42.863998] [0x00007fea16332b80] [debug]   CryptoStream initialization complete
[2025-01-27 18:27:42.864004] [0x00007fea16332b80] [info]    Initializing crypto parameters
[2025-01-27 18:27:42.864006] [0x00007fea16332b80] [debug]   Crypto parameters initialized successfully
[2025-01-27 18:27:42.864011] [0x00007fea16332b80] [info]    Starting stream encryption
[2025-01-27 18:27:42.864013] [0x00007fea16332b80] [debug]   Initializing cipher for encryption
[2025-01-27 18:27:42.865542] [0x00007fea16332b80] [debug]   Cipher initialization complete
[2025-01-27 18:27:42.865556] [0x00007fea16332b80] [info]    Starting stream decryption
[2025-01-27 18:27:42.865559] [0x00007fea16332b80] [debug]   Initializing cipher for decryption
[2025-01-27 18:27:42.865565] [0x00007fea16332b80] [debug]   Cipher initialization complete
[2025-01-27 18:27:42.865577] [0x00007fea16332b80] [debug]   Cleaning up CryptoStream resources
[       OK ] CryptoStreamTest.BasicStreamOperation (1 ms)
[----------] 1 test from CryptoStreamTest (1 ms total)

[----------] Global test environment tear-down
[==========] 1 test from 1 test suite ran. (1 ms total)
[  PASSED  ] 1 test.
<end of output>
Test time =   0.02 sec
----------------------------------------------------------
Test Passed.
"CryptoStreamTest.BasicStreamOperation" end time: Jan 27 18:27 UTC
"CryptoStreamTest.BasicStreamOperation" time elapsed: 00:00:00
----------------------------------------------------------

2/30 Testing: CryptoStreamTest.UninitializedError
2/30 Test: CryptoStreamTest.UninitializedError
Command: "/home/runner/workspace/build/crypto_tests" "--gtest_filter=CryptoStreamTest.UninitializedError" "--gtest_also_run_disabled_tests"
Directory: /home/runner/workspace/build
"CryptoStreamTest.UninitializedError" start time: Jan 27 18:27 UTC
Output:
----------------------------------------------------------
Running main() from /build/source/googletest/src/gtest_main.cc
Note: Google Test filter = CryptoStreamTest.UninitializedError
[==========] Running 1 test from 1 test suite.
[----------] Global test environment set-up.
[----------] 1 test from CryptoStreamTest
[ RUN      ] CryptoStreamTest.UninitializedError
[2025-01-27 18:27:42.879124] [0x00007fb0ff9c0b80] [info]    Initializing CryptoStream
[2025-01-27 18:27:42.879264] [0x00007fb0ff9c0b80] [debug]   CryptoStream initialization complete
[2025-01-27 18:27:42.879273] [0x00007fb0ff9c0b80] [info]    Initializing crypto parameters
[2025-01-27 18:27:42.879275] [0x00007fb0ff9c0b80] [debug]   Crypto parameters initialized successfully
[2025-01-27 18:27:42.879277] [0x00007fb0ff9c0b80] [info]    Initializing CryptoStream
[2025-01-27 18:27:42.879279] [0x00007fb0ff9c0b80] [debug]   CryptoStream initialization complete
[2025-01-27 18:27:42.879284] [0x00007fb0ff9c0b80] [info]    Starting stream encryption
[2025-01-27 18:27:42.879290] [0x00007fb0ff9c0b80] [debug]   Initializing cipher for encryption
[2025-01-27 18:27:42.879292] [0x00007fb0ff9c0b80] [error]   Attempted to use uninitialized CryptoStream
[2025-01-27 18:27:42.879318] [0x00007fb0ff9c0b80] [error]   Stream processing failed: Initialization error: CryptoStream not initialized
[2025-01-27 18:27:42.879332] [0x00007fb0ff9c0b80] [debug]   Cleaning up CryptoStream resources
[2025-01-27 18:27:42.879337] [0x00007fb0ff9c0b80] [debug]   Cleaning up CryptoStream resources
[       OK ] CryptoStreamTest.UninitializedError (0 ms)
[----------] 1 test from CryptoStreamTest (0 ms total)

[----------] Global test environment tear-down
[==========] 1 test from 1 test suite ran. (0 ms total)
[  PASSED  ] 1 test.
<end of output>
Test time =   0.01 sec
----------------------------------------------------------
Test Passed.
"CryptoStreamTest.UninitializedError" end time: Jan 27 18:27 UTC
"CryptoStreamTest.UninitializedError" time elapsed: 00:00:00
----------------------------------------------------------

3/30 Testing: CryptoStreamTest.EmptyStream
3/30 Test: CryptoStreamTest.EmptyStream
Command: "/home/runner/workspace/build/crypto_tests" "--gtest_filter=CryptoStreamTest.EmptyStream" "--gtest_also_run_disabled_tests"
Directory: /home/runner/workspace/build
"CryptoStreamTest.EmptyStream" start time: Jan 27 18:27 UTC
Output:
----------------------------------------------------------
Running main() from /build/source/googletest/src/gtest_main.cc
Note: Google Test filter = CryptoStreamTest.EmptyStream
[==========] Running 1 test from 1 test suite.
[----------] Global test environment set-up.
[----------] 1 test from CryptoStreamTest
[ RUN      ] CryptoStreamTest.EmptyStream
[2025-01-27 18:27:42.892949] [0x00007fbfa5bdab80] [info]    Initializing CryptoStream
[2025-01-27 18:27:42.893070] [0x00007fbfa5bdab80] [debug]   CryptoStream initialization complete
[2025-01-27 18:27:42.893077] [0x00007fbfa5bdab80] [info]    Initializing crypto parameters
[2025-01-27 18:27:42.893079] [0x00007fbfa5bdab80] [debug]   Crypto parameters initialized successfully
[2025-01-27 18:27:42.893084] [0x00007fbfa5bdab80] [info]    Starting stream encryption
[2025-01-27 18:27:42.893086] [0x00007fbfa5bdab80] [debug]   Initializing cipher for encryption
[2025-01-27 18:27:42.894558] [0x00007fbfa5bdab80] [debug]   Cipher initialization complete
[2025-01-27 18:27:42.894597] [0x00007fbfa5bdab80] [info]    Starting stream decryption
[2025-01-27 18:27:42.894600] [0x00007fbfa5bdab80] [debug]   Initializing cipher for decryption
[2025-01-27 18:27:42.894604] [0x00007fbfa5bdab80] [debug]   Cipher initialization complete
[2025-01-27 18:27:42.894607] [0x00007fbfa5bdab80] [debug]   Cleaning up CryptoStream resources
[       OK ] CryptoStreamTest.EmptyStream (1 ms)
[----------] 1 test from CryptoStreamTest (1 ms total)

[----------] Global test environment tear-down
[==========] 1 test from 1 test suite ran. (1 ms total)
[  PASSED  ] 1 test.
<end of output>
Test time =   0.01 sec
----------------------------------------------------------
Test Passed.
"CryptoStreamTest.EmptyStream" end time: Jan 27 18:27 UTC
"CryptoStreamTest.EmptyStream" time elapsed: 00:00:00
----------------------------------------------------------

4/30 Testing: CryptoStreamTest.LargeStream
4/30 Test: CryptoStreamTest.LargeStream
Command: "/home/runner/workspace/build/crypto_tests" "--gtest_filter=CryptoStreamTest.LargeStream" "--gtest_also_run_disabled_tests"
Directory: /home/runner/workspace/build
"CryptoStreamTest.LargeStream" start time: Jan 27 18:27 UTC
Output:
----------------------------------------------------------
Running main() from /build/source/googletest/src/gtest_main.cc
Note: Google Test filter = CryptoStreamTest.LargeStream
[==========] Running 1 test from 1 test suite.
[----------] Global test environment set-up.
[----------] 1 test from CryptoStreamTest
[ RUN      ] CryptoStreamTest.LargeStream
[2025-01-27 18:27:42.909738] [0x00007f7a76f5cb80] [info]    Initializing CryptoStream
[2025-01-27 18:27:42.909850] [0x00007f7a76f5cb80] [debug]   CryptoStream initialization complete
[2025-01-27 18:27:42.909860] [0x00007f7a76f5cb80] [info]    Initializing crypto parameters
[2025-01-27 18:27:42.909864] [0x00007f7a76f5cb80] [debug]   Crypto parameters initialized successfully
[2025-01-27 18:27:42.916501] [0x00007f7a76f5cb80] [info]    Starting stream encryption
[2025-01-27 18:27:42.916513] [0x00007f7a76f5cb80] [debug]   Initializing cipher for encryption
[2025-01-27 18:27:42.918085] [0x00007f7a76f5cb80] [debug]   Cipher initialization complete
[2025-01-27 18:27:42.920193] [0x00007f7a76f5cb80] [info]    Starting stream decryption
[2025-01-27 18:27:42.920202] [0x00007f7a76f5cb80] [debug]   Initializing cipher for decryption
[2025-01-27 18:27:42.920208] [0x00007f7a76f5cb80] [debug]   Cipher initialization complete
[2025-01-27 18:27:42.921149] [0x00007f7a76f5cb80] [debug]   Cleaning up CryptoStream resources
[       OK ] CryptoStreamTest.LargeStream (11 ms)
[----------] 1 test from CryptoStreamTest (11 ms total)

[----------] Global test environment tear-down
[==========] 1 test from 1 test suite ran. (11 ms total)
[  PASSED  ] 1 test.
<end of output>
Test time =   0.03 sec
----------------------------------------------------------
Test Passed.
"CryptoStreamTest.LargeStream" end time: Jan 27 18:27 UTC
"CryptoStreamTest.LargeStream" time elapsed: 00:00:00
----------------------------------------------------------

5/30 Testing: CryptoStreamTest.InvalidStreamState
5/30 Test: CryptoStreamTest.InvalidStreamState
Command: "/home/runner/workspace/build/crypto_tests" "--gtest_filter=CryptoStreamTest.InvalidStreamState" "--gtest_also_run_disabled_tests"
Directory: /home/runner/workspace/build
"CryptoStreamTest.InvalidStreamState" start time: Jan 27 18:27 UTC
Output:
----------------------------------------------------------
Running main() from /build/source/googletest/src/gtest_main.cc
Note: Google Test filter = CryptoStreamTest.InvalidStreamState
[==========] Running 1 test from 1 test suite.
[----------] Global test environment set-up.
[----------] 1 test from CryptoStreamTest
[ RUN      ] CryptoStreamTest.InvalidStreamState
[2025-01-27 18:27:42.935679] [0x00007fe3da06bb80] [info]    Initializing CryptoStream
[2025-01-27 18:27:42.935828] [0x00007fe3da06bb80] [debug]   CryptoStream initialization complete
[2025-01-27 18:27:42.935839] [0x00007fe3da06bb80] [info]    Initializing crypto parameters
[2025-01-27 18:27:42.935842] [0x00007fe3da06bb80] [debug]   Crypto parameters initialized successfully
[2025-01-27 18:27:42.935849] [0x00007fe3da06bb80] [info]    Starting stream encryption
[2025-01-27 18:27:42.935852] [0x00007fe3da06bb80] [error]   Invalid stream state detected
[2025-01-27 18:27:42.935882] [0x00007fe3da06bb80] [info]    Starting stream encryption
[2025-01-27 18:27:42.935889] [0x00007fe3da06bb80] [error]   Invalid stream state detected
[2025-01-27 18:27:42.935898] [0x00007fe3da06bb80] [debug]   Cleaning up CryptoStream resources
[       OK ] CryptoStreamTest.InvalidStreamState (0 ms)
[----------] 1 test from CryptoStreamTest (0 ms total)

[----------] Global test environment tear-down
[==========] 1 test from 1 test suite ran. (0 ms total)
[  PASSED  ] 1 test.
<end of output>
Test time =   0.01 sec
----------------------------------------------------------
Test Passed.
"CryptoStreamTest.InvalidStreamState" end time: Jan 27 18:27 UTC
"CryptoStreamTest.InvalidStreamState" time elapsed: 00:00:00
----------------------------------------------------------

6/30 Testing: CryptoStreamTest.BlockAlignment
6/30 Test: CryptoStreamTest.BlockAlignment
Command: "/home/runner/workspace/build/crypto_tests" "--gtest_filter=CryptoStreamTest.BlockAlignment" "--gtest_also_run_disabled_tests"
Directory: /home/runner/workspace/build
"CryptoStreamTest.BlockAlignment" start time: Jan 27 18:27 UTC
Output:
----------------------------------------------------------
Running main() from /build/source/googletest/src/gtest_main.cc
Note: Google Test filter = CryptoStreamTest.BlockAlignment
[==========] Running 1 test from 1 test suite.
[----------] Global test environment set-up.
[----------] 1 test from CryptoStreamTest
[ RUN      ] CryptoStreamTest.BlockAlignment
[2025-01-27 18:27:42.949143] [0x00007f96a24d2b80] [info]    Initializing CryptoStream
[2025-01-27 18:27:42.949274] [0x00007f96a24d2b80] [debug]   CryptoStream initialization complete
[2025-01-27 18:27:42.949286] [0x00007f96a24d2b80] [info]    Initializing crypto parameters
[2025-01-27 18:27:42.949289] [0x00007f96a24d2b80] [debug]   Crypto parameters initialized successfully
[2025-01-27 18:27:42.949294] [0x00007f96a24d2b80] [info]    Starting stream encryption
[2025-01-27 18:27:42.949298] [0x00007f96a24d2b80] [debug]   Initializing cipher for encryption
[2025-01-27 18:27:42.950888] [0x00007f96a24d2b80] [debug]   Cipher initialization complete
[2025-01-27 18:27:42.950907] [0x00007f96a24d2b80] [info]    Starting stream decryption
[2025-01-27 18:27:42.950911] [0x00007f96a24d2b80] [debug]   Initializing cipher for decryption
[2025-01-27 18:27:42.950917] [0x00007f96a24d2b80] [debug]   Cipher initialization complete
[2025-01-27 18:27:42.950931] [0x00007f96a24d2b80] [info]    Starting stream encryption
[2025-01-27 18:27:42.950934] [0x00007f96a24d2b80] [debug]   Initializing cipher for encryption
[2025-01-27 18:27:42.950939] [0x00007f96a24d2b80] [debug]   Cipher initialization complete
[2025-01-27 18:27:42.950946] [0x00007f96a24d2b80] [info]    Starting stream decryption
[2025-01-27 18:27:42.950949] [0x00007f96a24d2b80] [debug]   Initializing cipher for decryption
[2025-01-27 18:27:42.950953] [0x00007f96a24d2b80] [debug]   Cipher initialization complete
[2025-01-27 18:27:42.950960] [0x00007f96a24d2b80] [info]    Starting stream encryption
[2025-01-27 18:27:42.950963] [0x00007f96a24d2b80] [debug]   Initializing cipher for encryption
[2025-01-27 18:27:42.950969] [0x00007f96a24d2b80] [debug]   Cipher initialization complete
[2025-01-27 18:27:42.950973] [0x00007f96a24d2b80] [info]    Starting stream decryption
[2025-01-27 18:27:42.950976] [0x00007f96a24d2b80] [debug]   Initializing cipher for decryption
[2025-01-27 18:27:42.950980] [0x00007f96a24d2b80] [debug]   Cipher initialization complete
[2025-01-27 18:27:42.950989] [0x00007f96a24d2b80] [info]    Starting stream encryption
[2025-01-27 18:27:42.950992] [0x00007f96a24d2b80] [debug]   Initializing cipher for encryption
[2025-01-27 18:27:42.950999] [0x00007f96a24d2b80] [debug]   Cipher initialization complete
[2025-01-27 18:27:42.951002] [0x00007f96a24d2b80] [info]    Starting stream decryption
[2025-01-27 18:27:42.951005] [0x00007f96a24d2b80] [debug]   Initializing cipher for decryption
[2025-01-27 18:27:42.951009] [0x00007f96a24d2b80] [debug]   Cipher initialization complete
[2025-01-27 18:27:42.951014] [0x00007f96a24d2b80] [info]    Starting stream encryption
[2025-01-27 18:27:42.951017] [0x00007f96a24d2b80] [debug]   Initializing cipher for encryption
[2025-01-27 18:27:42.951022] [0x00007f96a24d2b80] [debug]   Cipher initialization complete
[2025-01-27 18:27:42.951025] [0x00007f96a24d2b80] [info]    Starting stream decryption
[2025-01-27 18:27:42.951029] [0x00007f96a24d2b80] [debug]   Initializing cipher for decryption
[2025-01-27 18:27:42.951033] [0x00007f96a24d2b80] [debug]   Cipher initialization complete
[2025-01-27 18:27:42.951051] [0x00007f96a24d2b80] [info]    Starting stream encryption
[2025-01-27 18:27:42.951057] [0x00007f96a24d2b80] [debug]   Initializing cipher for encryption
[2025-01-27 18:27:42.951061] [0x00007f96a24d2b80] [debug]   Cipher initialization complete
[2025-01-27 18:27:42.951064] [0x00007f96a24d2b80] [info]    Starting stream decryption
[2025-01-27 18:27:42.951067] [0x00007f96a24d2b80] [debug]   Initializing cipher for decryption
[2025-01-27 18:27:42.951071] [0x00007f96a24d2b80] [debug]   Cipher initialization complete
[2025-01-27 18:27:42.951076] [0x00007f96a24d2b80] [debug]   Cleaning up CryptoStream resources
[       OK ] CryptoStreamTest.BlockAlignment (2 ms)
[----------] 1 test from CryptoStreamTest (2 ms total)

[----------] Global test environment tear-down
[==========] 1 test from 1 test suite ran. (2 ms total)
[  PASSED  ] 1 test.
<end of output>
Test time =   0.01 sec
----------------------------------------------------------
Test Passed.
"CryptoStreamTest.BlockAlignment" end time: Jan 27 18:27 UTC
"CryptoStreamTest.BlockAlignment" time elapsed: 00:00:00
----------------------------------------------------------

7/30 Testing: CryptoStreamTest.StreamOperators
7/30 Test: CryptoStreamTest.StreamOperators
Command: "/home/runner/workspace/build/crypto_tests" "--gtest_filter=CryptoStreamTest.StreamOperators" "--gtest_also_run_disabled_tests"
Directory: /home/runner/workspace/build
"CryptoStreamTest.StreamOperators" start time: Jan 27 18:27 UTC
Output:
----------------------------------------------------------
Running main() from /build/source/googletest/src/gtest_main.cc
Note: Google Test filter = CryptoStreamTest.StreamOperators
[==========] Running 1 test from 1 test suite.
[----------] Global test environment set-up.
[----------] 1 test from CryptoStreamTest
[ RUN      ] CryptoStreamTest.StreamOperators
[2025-01-27 18:27:42.964936] [0x00007f95fd340b80] [info]    Initializing CryptoStream
[2025-01-27 18:27:42.965062] [0x00007f95fd340b80] [debug]   CryptoStream initialization complete
[2025-01-27 18:27:42.965072] [0x00007f95fd340b80] [info]    Initializing crypto parameters
[2025-01-27 18:27:42.965075] [0x00007f95fd340b80] [debug]   Crypto parameters initialized successfully
[2025-01-27 18:27:42.965080] [0x00007f95fd340b80] [debug]   Stream operator<< called, storing input stream for processing
[2025-01-27 18:27:42.965083] [0x00007f95fd340b80] [debug]   Stream operator>> called in encryption mode
[2025-01-27 18:27:42.965091] [0x00007f95fd340b80] [info]    Starting stream encryption
[2025-01-27 18:27:42.965098] [0x00007f95fd340b80] [debug]   Initializing cipher for encryption
[2025-01-27 18:27:42.966860] [0x00007f95fd340b80] [debug]   Cipher initialization complete
[2025-01-27 18:27:42.966878] [0x00007f95fd340b80] [debug]   Stream processing complete
[2025-01-27 18:27:42.966883] [0x00007f95fd340b80] [debug]   Stream operator<< called, storing input stream for processing
[2025-01-27 18:27:42.966886] [0x00007f95fd340b80] [debug]   Stream operator>> called in decryption mode
[2025-01-27 18:27:42.966888] [0x00007f95fd340b80] [info]    Starting stream decryption
[2025-01-27 18:27:42.966891] [0x00007f95fd340b80] [debug]   Initializing cipher for decryption
[2025-01-27 18:27:42.966896] [0x00007f95fd340b80] [debug]   Cipher initialization complete
[2025-01-27 18:27:42.966905] [0x00007f95fd340b80] [debug]   Stream processing complete
[2025-01-27 18:27:42.966909] [0x00007f95fd340b80] [debug]   Stream operator>> called in decryption mode
[2025-01-27 18:27:42.966915] [0x00007f95fd340b80] [error]   Stream operator>> called without prior input stream
[2025-01-27 18:27:42.966954] [0x00007f95fd340b80] [debug]   Cleaning up CryptoStream resources
[       OK ] CryptoStreamTest.StreamOperators (2 ms)
[----------] 1 test from CryptoStreamTest (2 ms total)

[----------] Global test environment tear-down
[==========] 1 test from 1 test suite ran. (2 ms total)
[  PASSED  ] 1 test.
<end of output>
Test time =   0.02 sec
----------------------------------------------------------
Test Passed.
"CryptoStreamTest.StreamOperators" end time: Jan 27 18:27 UTC
"CryptoStreamTest.StreamOperators" time elapsed: 00:00:00
----------------------------------------------------------

8/30 Testing: CryptoStreamTest.IVGeneration
8/30 Test: CryptoStreamTest.IVGeneration
Command: "/home/runner/workspace/build/crypto_tests" "--gtest_filter=CryptoStreamTest.IVGeneration" "--gtest_also_run_disabled_tests"
Directory: /home/runner/workspace/build
"CryptoStreamTest.IVGeneration" start time: Jan 27 18:27 UTC
Output:
----------------------------------------------------------
Running main() from /build/source/googletest/src/gtest_main.cc
Note: Google Test filter = CryptoStreamTest.IVGeneration
[==========] Running 1 test from 1 test suite.
[----------] Global test environment set-up.
[----------] 1 test from CryptoStreamTest
[ RUN      ] CryptoStreamTest.IVGeneration
[2025-01-27 18:27:42.981033] [0x00007faeab0a8b80] [info]    Initializing CryptoStream
[2025-01-27 18:27:42.981172] [0x00007faeab0a8b80] [debug]   CryptoStream initialization complete
[2025-01-27 18:27:42.981181] [0x00007faeab0a8b80] [info]    Initializing crypto parameters
[2025-01-27 18:27:42.981183] [0x00007faeab0a8b80] [debug]   Crypto parameters initialized successfully
[2025-01-27 18:27:42.981186] [0x00007faeab0a8b80] [info]    Initializing CryptoStream
[2025-01-27 18:27:42.981190] [0x00007faeab0a8b80] [debug]   CryptoStream initialization complete
[2025-01-27 18:27:42.981193] [0x00007faeab0a8b80] [debug]   Generating initialization vector
[2025-01-27 18:27:42.982814] [0x00007faeab0a8b80] [debug]   Successfully generated initialization vector
[2025-01-27 18:27:42.982829] [0x00007faeab0a8b80] [debug]   Generating initialization vector
[2025-01-27 18:27:42.982835] [0x00007faeab0a8b80] [debug]   Successfully generated initialization vector
[2025-01-27 18:27:42.982839] [0x00007faeab0a8b80] [info]    Initializing crypto parameters
[2025-01-27 18:27:42.982842] [0x00007faeab0a8b80] [debug]   Crypto parameters initialized successfully
[2025-01-27 18:27:42.982853] [0x00007faeab0a8b80] [info]    Starting stream encryption
[2025-01-27 18:27:42.982859] [0x00007faeab0a8b80] [debug]   Initializing cipher for encryption
[2025-01-27 18:27:42.982867] [0x00007faeab0a8b80] [debug]   Cipher initialization complete
[2025-01-27 18:27:42.982879] [0x00007faeab0a8b80] [info]    Starting stream decryption
[2025-01-27 18:27:42.982882] [0x00007faeab0a8b80] [debug]   Initializing cipher for decryption
[2025-01-27 18:27:42.982887] [0x00007faeab0a8b80] [debug]   Cipher initialization complete
[2025-01-27 18:27:42.982894] [0x00007faeab0a8b80] [debug]   Cleaning up CryptoStream resources
[2025-01-27 18:27:42.982900] [0x00007faeab0a8b80] [debug]   Cleaning up CryptoStream resources
[       OK ] CryptoStreamTest.IVGeneration (1 ms)
[----------] 1 test from CryptoStreamTest (1 ms total)

[----------] Global test environment tear-down
[==========] 1 test from 1 test suite ran. (1 ms total)
[  PASSED  ] 1 test.
<end of output>
Test time =   0.02 sec
----------------------------------------------------------
Test Passed.
"CryptoStreamTest.IVGeneration" end time: Jan 27 18:27 UTC
"CryptoStreamTest.IVGeneration" time elapsed: 00:00:00
----------------------------------------------------------

9/30 Testing: StoreTest.BasicStoreAndRetrieve
9/30 Test: StoreTest.BasicStoreAndRetrieve
Command: "/home/runner/workspace/build/store_tests" "--gtest_filter=StoreTest.BasicStoreAndRetrieve" "--gtest_also_run_disabled_tests"
Directory: /home/runner/workspace/build
"StoreTest.BasicStoreAndRetrieve" start time: Jan 27 18:27 UTC
Output:
----------------------------------------------------------
Running main() from /build/source/googletest/src/gtest_main.cc
Note: Google Test filter = StoreTest.BasicStoreAndRetrieve
[==========] Running 1 test from 1 test suite.
[----------] Global test environment set-up.
[----------] 1 test from StoreTest
[ RUN      ] StoreTest.BasicStoreAndRetrieve
[2025-01-27 18:27:42.997455] [0x00007ffb381cab80] [info]    Initializing Store with base path: /tmp/store_test_1738002462997328621
[2025-01-27 18:27:42.997466] [0x00007ffb381cab80] [debug]   Store directory created/verified at: /tmp/store_test_1738002462997328621
[2025-01-27 18:27:42.997471] [0x00007ffb381cab80] [info]    Storing data with key: test_key
[2025-01-27 18:27:42.997475] [0x00007ffb381cab80] [debug]   Generating hash for key: test_key
[2025-01-27 18:27:42.999107] [0x00007ffb381cab80] [debug]   Generated hash: 92488e1e3eeecdf99f3ed2ce59233efb4b4fb612d5655c0ce9ea52b5a502e655
[2025-01-27 18:27:42.999161] [0x00007ffb381cab80] [debug]   Calculated path: /tmp/store_test_1738002462997328621/92/48/8e/1e3eeecdf99f3ed2ce59233efb4b4fb612d5655c0ce9ea52b5a502e655
[2025-01-27 18:27:42.999241] [0x00007ffb381cab80] [debug]   Calculated file path: /tmp/store_test_1738002462997328621/92/48/8e/1e3eeecdf99f3ed2ce59233efb4b4fb612d5655c0ce9ea52b5a502e655
[2025-01-27 18:27:42.999309] [0x00007ffb381cab80] [info]    Successfully stored 13 bytes with key: test_key
[2025-01-27 18:27:42.999321] [0x00007ffb381cab80] [debug]   Checking existence of key: test_key
[2025-01-27 18:27:42.999324] [0x00007ffb381cab80] [debug]   Generating hash for key: test_key
[2025-01-27 18:27:42.999334] [0x00007ffb381cab80] [debug]   Generated hash: 92488e1e3eeecdf99f3ed2ce59233efb4b4fb612d5655c0ce9ea52b5a502e655
[2025-01-27 18:27:42.999338] [0x00007ffb381cab80] [debug]   Calculated path: /tmp/store_test_1738002462997328621/92/48/8e/1e3eeecdf99f3ed2ce59233efb4b4fb612d5655c0ce9ea52b5a502e655
[2025-01-27 18:27:42.999344] [0x00007ffb381cab80] [debug]   Key test_key exists at path: /tmp/store_test_1738002462997328621/92/48/8e/1e3eeecdf99f3ed2ce59233efb4b4fb612d5655c0ce9ea52b5a502e655
[2025-01-27 18:27:42.999350] [0x00007ffb381cab80] [info]    Retrieving data for key: test_key
[2025-01-27 18:27:42.999351] [0x00007ffb381cab80] [debug]   Generating hash for key: test_key
[2025-01-27 18:27:42.999355] [0x00007ffb381cab80] [debug]   Generated hash: 92488e1e3eeecdf99f3ed2ce59233efb4b4fb612d5655c0ce9ea52b5a502e655
[2025-01-27 18:27:42.999358] [0x00007ffb381cab80] [debug]   Calculated path: /tmp/store_test_1738002462997328621/92/48/8e/1e3eeecdf99f3ed2ce59233efb4b4fb612d5655c0ce9ea52b5a502e655
[2025-01-27 18:27:42.999370] [0x00007ffb381cab80] [info]    Successfully streamed 13 bytes for key: test_key
[2025-01-27 18:27:42.999378] [0x00007ffb381cab80] [info]    Clearing entire store at: "/tmp/store_test_1738002462997328621"
[2025-01-27 18:27:42.999540] [0x00007ffb381cab80] [info]    Store cleared successfully
[       OK ] StoreTest.BasicStoreAndRetrieve (2 ms)
[----------] 1 test from StoreTest (2 ms total)

[----------] Global test environment tear-down
[==========] 1 test from 1 test suite ran. (2 ms total)
[  PASSED  ] 1 test.
<end of output>
Test time =   0.02 sec
----------------------------------------------------------
Test Passed.
"StoreTest.BasicStoreAndRetrieve" end time: Jan 27 18:27 UTC
"StoreTest.BasicStoreAndRetrieve" time elapsed: 00:00:00
----------------------------------------------------------

10/30 Testing: StoreTest.EmptyInput
10/30 Test: StoreTest.EmptyInput
Command: "/home/runner/workspace/build/store_tests" "--gtest_filter=StoreTest.EmptyInput" "--gtest_also_run_disabled_tests"
Directory: /home/runner/workspace/build
"StoreTest.EmptyInput" start time: Jan 27 18:27 UTC
Output:
----------------------------------------------------------
Running main() from /build/source/googletest/src/gtest_main.cc
Note: Google Test filter = StoreTest.EmptyInput
[==========] Running 1 test from 1 test suite.
[----------] Global test environment set-up.
[----------] 1 test from StoreTest
[ RUN      ] StoreTest.EmptyInput
[2025-01-27 18:27:43.013058] [0x00007f1b20d09b80] [info]    Initializing Store with base path: /tmp/store_test_1738002463012958429
[2025-01-27 18:27:43.013069] [0x00007f1b20d09b80] [debug]   Store directory created/verified at: /tmp/store_test_1738002463012958429
[2025-01-27 18:27:43.013073] [0x00007f1b20d09b80] [info]    Storing data with key: empty_test
[2025-01-27 18:27:43.013075] [0x00007f1b20d09b80] [debug]   Generating hash for key: empty_test
[2025-01-27 18:27:43.014678] [0x00007f1b20d09b80] [debug]   Generated hash: f1b6800e9ca01dac557744adec3477366cbe3888d44fcabefb3078c4c069f3a8
[2025-01-27 18:27:43.014697] [0x00007f1b20d09b80] [debug]   Calculated path: /tmp/store_test_1738002463012958429/f1/b6/80/0e9ca01dac557744adec3477366cbe3888d44fcabefb3078c4c069f3a8
[2025-01-27 18:27:43.014767] [0x00007f1b20d09b80] [debug]   Calculated file path: /tmp/store_test_1738002463012958429/f1/b6/80/0e9ca01dac557744adec3477366cbe3888d44fcabefb3078c4c069f3a8
[2025-01-27 18:27:43.014796] [0x00007f1b20d09b80] [debug]   Storing empty content for key: empty_test
[2025-01-27 18:27:43.014824] [0x00007f1b20d09b80] [info]    Successfully stored 0 bytes with key: empty_test
[2025-01-27 18:27:43.014832] [0x00007f1b20d09b80] [debug]   Checking existence of key: empty_test
[2025-01-27 18:27:43.014835] [0x00007f1b20d09b80] [debug]   Generating hash for key: empty_test
[2025-01-27 18:27:43.014844] [0x00007f1b20d09b80] [debug]   Generated hash: f1b6800e9ca01dac557744adec3477366cbe3888d44fcabefb3078c4c069f3a8
[2025-01-27 18:27:43.014853] [0x00007f1b20d09b80] [debug]   Calculated path: /tmp/store_test_1738002463012958429/f1/b6/80/0e9ca01dac557744adec3477366cbe3888d44fcabefb3078c4c069f3a8
[2025-01-27 18:27:43.014859] [0x00007f1b20d09b80] [debug]   Key empty_test exists at path: /tmp/store_test_1738002463012958429/f1/b6/80/0e9ca01dac557744adec3477366cbe3888d44fcabefb3078c4c069f3a8
[2025-01-27 18:27:43.014865] [0x00007f1b20d09b80] [info]    Retrieving data for key: empty_test
[2025-01-27 18:27:43.014867] [0x00007f1b20d09b80] [debug]   Generating hash for key: empty_test
[2025-01-27 18:27:43.014871] [0x00007f1b20d09b80] [debug]   Generated hash: f1b6800e9ca01dac557744adec3477366cbe3888d44fcabefb3078c4c069f3a8
[2025-01-27 18:27:43.014874] [0x00007f1b20d09b80] [debug]   Calculated path: /tmp/store_test_1738002463012958429/f1/b6/80/0e9ca01dac557744adec3477366cbe3888d44fcabefb3078c4c069f3a8
[2025-01-27 18:27:43.014879] [0x00007f1b20d09b80] [debug]   Retrieved empty content for key: empty_test
[2025-01-27 18:27:43.014897] [0x00007f1b20d09b80] [info]    Clearing entire store at: "/tmp/store_test_1738002463012958429"
[2025-01-27 18:27:43.015051] [0x00007f1b20d09b80] [info]    Store cleared successfully
[       OK ] StoreTest.EmptyInput (2 ms)
[----------] 1 test from StoreTest (2 ms total)

[----------] Global test environment tear-down
[==========] 1 test from 1 test suite ran. (2 ms total)
[  PASSED  ] 1 test.
<end of output>
Test time =   0.01 sec
----------------------------------------------------------
Test Passed.
"StoreTest.EmptyInput" end time: Jan 27 18:27 UTC
"StoreTest.EmptyInput" time elapsed: 00:00:00
----------------------------------------------------------

11/30 Testing: StoreTest.MultipleFiles
11/30 Test: StoreTest.MultipleFiles
Command: "/home/runner/workspace/build/store_tests" "--gtest_filter=StoreTest.MultipleFiles" "--gtest_also_run_disabled_tests"
Directory: /home/runner/workspace/build
"StoreTest.MultipleFiles" start time: Jan 27 18:27 UTC
Output:
----------------------------------------------------------
Running main() from /build/source/googletest/src/gtest_main.cc
Note: Google Test filter = StoreTest.MultipleFiles
[==========] Running 1 test from 1 test suite.
[----------] Global test environment set-up.
[----------] 1 test from StoreTest
[ RUN      ] StoreTest.MultipleFiles
[2025-01-27 18:27:43.028252] [0x00007f6902733b80] [info]    Initializing Store with base path: /tmp/store_test_1738002463028103348
[2025-01-27 18:27:43.028271] [0x00007f6902733b80] [debug]   Store directory created/verified at: /tmp/store_test_1738002463028103348
[2025-01-27 18:27:43.028279] [0x00007f6902733b80] [info]    Storing data with key: key1
[2025-01-27 18:27:43.028285] [0x00007f6902733b80] [debug]   Generating hash for key: key1
[2025-01-27 18:27:43.029687] [0x00007f6902733b80] [debug]   Generated hash: 8174099687a26621f4e2cdd7cc03b3dacedb3fb962255b1aafd033cabe831530
[2025-01-27 18:27:43.029702] [0x00007f6902733b80] [debug]   Calculated path: /tmp/store_test_1738002463028103348/81/74/09/9687a26621f4e2cdd7cc03b3dacedb3fb962255b1aafd033cabe831530
[2025-01-27 18:27:43.029776] [0x00007f6902733b80] [debug]   Calculated file path: /tmp/store_test_1738002463028103348/81/74/09/9687a26621f4e2cdd7cc03b3dacedb3fb962255b1aafd033cabe831530
[2025-01-27 18:27:43.029851] [0x00007f6902733b80] [info]    Successfully stored 18 bytes with key: key1
[2025-01-27 18:27:43.029861] [0x00007f6902733b80] [debug]   Checking existence of key: key1
[2025-01-27 18:27:43.029865] [0x00007f6902733b80] [debug]   Generating hash for key: key1
[2025-01-27 18:27:43.029874] [0x00007f6902733b80] [debug]   Generated hash: 8174099687a26621f4e2cdd7cc03b3dacedb3fb962255b1aafd033cabe831530
[2025-01-27 18:27:43.029882] [0x00007f6902733b80] [debug]   Calculated path: /tmp/store_test_1738002463028103348/81/74/09/9687a26621f4e2cdd7cc03b3dacedb3fb962255b1aafd033cabe831530
[2025-01-27 18:27:43.029890] [0x00007f6902733b80] [debug]   Key key1 exists at path: /tmp/store_test_1738002463028103348/81/74/09/9687a26621f4e2cdd7cc03b3dacedb3fb962255b1aafd033cabe831530
[2025-01-27 18:27:43.029898] [0x00007f6902733b80] [info]    Storing data with key: key2
[2025-01-27 18:27:43.029901] [0x00007f6902733b80] [debug]   Generating hash for key: key2
[2025-01-27 18:27:43.029908] [0x00007f6902733b80] [debug]   Generated hash: b10253764c8b233fb37542e23401c7b450e5a6f9751f3b5a014f6f67e8bc999d
[2025-01-27 18:27:43.029913] [0x00007f6902733b80] [debug]   Calculated path: /tmp/store_test_1738002463028103348/b1/02/53/764c8b233fb37542e23401c7b450e5a6f9751f3b5a014f6f67e8bc999d
[2025-01-27 18:27:43.029967] [0x00007f6902733b80] [debug]   Calculated file path: /tmp/store_test_1738002463028103348/b1/02/53/764c8b233fb37542e23401c7b450e5a6f9751f3b5a014f6f67e8bc999d
[2025-01-27 18:27:43.030011] [0x00007f6902733b80] [info]    Successfully stored 19 bytes with key: key2
[2025-01-27 18:27:43.030021] [0x00007f6902733b80] [debug]   Checking existence of key: key2
[2025-01-27 18:27:43.030024] [0x00007f6902733b80] [debug]   Generating hash for key: key2
[2025-01-27 18:27:43.030033] [0x00007f6902733b80] [debug]   Generated hash: b10253764c8b233fb37542e23401c7b450e5a6f9751f3b5a014f6f67e8bc999d
[2025-01-27 18:27:43.030038] [0x00007f6902733b80] [debug]   Calculated path: /tmp/store_test_1738002463028103348/b1/02/53/764c8b233fb37542e23401c7b450e5a6f9751f3b5a014f6f67e8bc999d
[2025-01-27 18:27:43.030046] [0x00007f6902733b80] [debug]   Key key2 exists at path: /tmp/store_test_1738002463028103348/b1/02/53/764c8b233fb37542e23401c7b450e5a6f9751f3b5a014f6f67e8bc999d
[2025-01-27 18:27:43.030053] [0x00007f6902733b80] [info]    Storing data with key: key3
[2025-01-27 18:27:43.030056] [0x00007f6902733b80] [debug]   Generating hash for key: key3
[2025-01-27 18:27:43.030063] [0x00007f6902733b80] [debug]   Generated hash: f576104eebeab09651d83acffc77c8b8c6eaa4b767aeab24d7da80f83f51d865
[2025-01-27 18:27:43.030067] [0x00007f6902733b80] [debug]   Calculated path: /tmp/store_test_1738002463028103348/f5/76/10/4eebeab09651d83acffc77c8b8c6eaa4b767aeab24d7da80f83f51d865
[2025-01-27 18:27:43.030126] [0x00007f6902733b80] [debug]   Calculated file path: /tmp/store_test_1738002463028103348/f5/76/10/4eebeab09651d83acffc77c8b8c6eaa4b767aeab24d7da80f83f51d865
[2025-01-27 18:27:43.030185] [0x00007f6902733b80] [info]    Successfully stored 18 bytes with key: key3
[2025-01-27 18:27:43.030189] [0x00007f6902733b80] [debug]   Checking existence of key: key3
[2025-01-27 18:27:43.030192] [0x00007f6902733b80] [debug]   Generating hash for key: key3
[2025-01-27 18:27:43.030200] [0x00007f6902733b80] [debug]   Generated hash: f576104eebeab09651d83acffc77c8b8c6eaa4b767aeab24d7da80f83f51d865
[2025-01-27 18:27:43.030205] [0x00007f6902733b80] [debug]   Calculated path: /tmp/store_test_1738002463028103348/f5/76/10/4eebeab09651d83acffc77c8b8c6eaa4b767aeab24d7da80f83f51d865
[2025-01-27 18:27:43.030212] [0x00007f6902733b80] [debug]   Key key3 exists at path: /tmp/store_test_1738002463028103348/f5/76/10/4eebeab09651d83acffc77c8b8c6eaa4b767aeab24d7da80f83f51d865
[2025-01-27 18:27:43.030216] [0x00007f6902733b80] [debug]   Checking existence of key: key1
[2025-01-27 18:27:43.030219] [0x00007f6902733b80] [debug]   Generating hash for key: key1
[2025-01-27 18:27:43.030225] [0x00007f6902733b80] [debug]   Generated hash: 8174099687a26621f4e2cdd7cc03b3dacedb3fb962255b1aafd033cabe831530
[2025-01-27 18:27:43.030229] [0x00007f6902733b80] [debug]   Calculated path: /tmp/store_test_1738002463028103348/81/74/09/9687a26621f4e2cdd7cc03b3dacedb3fb962255b1aafd033cabe831530
[2025-01-27 18:27:43.030234] [0x00007f6902733b80] [debug]   Key key1 exists at path: /tmp/store_test_1738002463028103348/81/74/09/9687a26621f4e2cdd7cc03b3dacedb3fb962255b1aafd033cabe831530
[2025-01-27 18:27:43.030238] [0x00007f6902733b80] [info]    Retrieving data for key: key1
[2025-01-27 18:27:43.030241] [0x00007f6902733b80] [debug]   Generating hash for key: key1
[2025-01-27 18:27:43.030246] [0x00007f6902733b80] [debug]   Generated hash: 8174099687a26621f4e2cdd7cc03b3dacedb3fb962255b1aafd033cabe831530
[2025-01-27 18:27:43.030250] [0x00007f6902733b80] [debug]   Calculated path: /tmp/store_test_1738002463028103348/81/74/09/9687a26621f4e2cdd7cc03b3dacedb3fb962255b1aafd033cabe831530
[2025-01-27 18:27:43.030268] [0x00007f6902733b80] [info]    Successfully streamed 18 bytes for key: key1
[2025-01-27 18:27:43.030275] [0x00007f6902733b80] [debug]   Checking existence of key: key2
[2025-01-27 18:27:43.030277] [0x00007f6902733b80] [debug]   Generating hash for key: key2
[2025-01-27 18:27:43.030283] [0x00007f6902733b80] [debug]   Generated hash: b10253764c8b233fb37542e23401c7b450e5a6f9751f3b5a014f6f67e8bc999d
[2025-01-27 18:27:43.030288] [0x00007f6902733b80] [debug]   Calculated path: /tmp/store_test_1738002463028103348/b1/02/53/764c8b233fb37542e23401c7b450e5a6f9751f3b5a014f6f67e8bc999d
[2025-01-27 18:27:43.030294] [0x00007f6902733b80] [debug]   Key key2 exists at path: /tmp/store_test_1738002463028103348/b1/02/53/764c8b233fb37542e23401c7b450e5a6f9751f3b5a014f6f67e8bc999d
[2025-01-27 18:27:43.030301] [0x00007f6902733b80] [info]    Retrieving data for key: key2
[2025-01-27 18:27:43.030304] [0x00007f6902733b80] [debug]   Generating hash for key: key2
[2025-01-27 18:27:43.030311] [0x00007f6902733b80] [debug]   Generated hash: b10253764c8b233fb37542e23401c7b450e5a6f9751f3b5a014f6f67e8bc999d
[2025-01-27 18:27:43.030315] [0x00007f6902733b80] [debug]   Calculated path: /tmp/store_test_1738002463028103348/b1/02/53/764c8b233fb37542e23401c7b450e5a6f9751f3b5a014f6f67e8bc999d
[2025-01-27 18:27:43.030340] [0x00007f6902733b80] [info]    Successfully streamed 19 bytes for key: key2
[2025-01-27 18:27:43.030349] [0x00007f6902733b80] [debug]   Checking existence of key: key3
[2025-01-27 18:27:43.030352] [0x00007f6902733b80] [debug]   Generating hash for key: key3
[2025-01-27 18:27:43.030359] [0x00007f6902733b80] [debug]   Generated hash: f576104eebeab09651d83acffc77c8b8c6eaa4b767aeab24d7da80f83f51d865
[2025-01-27 18:27:43.030364] [0x00007f6902733b80] [debug]   Calculated path: /tmp/store_test_1738002463028103348/f5/76/10/4eebeab09651d83acffc77c8b8c6eaa4b767aeab24d7da80f83f51d865
[2025-01-27 18:27:43.030370] [0x00007f6902733b80] [debug]   Key key3 exists at path: /tmp/store_test_1738002463028103348/f5/76/10/4eebeab09651d83acffc77c8b8c6eaa4b767aeab24d7da80f83f51d865
[2025-01-27 18:27:43.030374] [0x00007f6902733b80] [info]    Retrieving data for key: key3
[2025-01-27 18:27:43.030377] [0x00007f6902733b80] [debug]   Generating hash for key: key3
[2025-01-27 18:27:43.030383] [0x00007f6902733b80] [debug]   Generated hash: f576104eebeab09651d83acffc77c8b8c6eaa4b767aeab24d7da80f83f51d865
[2025-01-27 18:27:43.030389] [0x00007f6902733b80] [debug]   Calculated path: /tmp/store_test_1738002463028103348/f5/76/10/4eebeab09651d83acffc77c8b8c6eaa4b767aeab24d7da80f83f51d865
[2025-01-27 18:27:43.030403] [0x00007f6902733b80] [info]    Successfully streamed 18 bytes for key: key3
[2025-01-27 18:27:43.030415] [0x00007f6902733b80] [info]    Clearing entire store at: "/tmp/store_test_1738002463028103348"
[2025-01-27 18:27:43.030764] [0x00007f6902733b80] [info]    Store cleared successfully
[       OK ] StoreTest.MultipleFiles (2 ms)
[----------] 1 test from StoreTest (2 ms total)

[----------] Global test environment tear-down
[==========] 1 test from 1 test suite ran. (2 ms total)
[  PASSED  ] 1 test.
<end of output>
Test time =   0.02 sec
----------------------------------------------------------
Test Passed.
"StoreTest.MultipleFiles" end time: Jan 27 18:27 UTC
"StoreTest.MultipleFiles" time elapsed: 00:00:00
----------------------------------------------------------

12/30 Testing: StoreTest.ErrorHandling
12/30 Test: StoreTest.ErrorHandling
Command: "/home/runner/workspace/build/store_tests" "--gtest_filter=StoreTest.ErrorHandling" "--gtest_also_run_disabled_tests"
Directory: /home/runner/workspace/build
"StoreTest.ErrorHandling" start time: Jan 27 18:27 UTC
Output:
----------------------------------------------------------
Running main() from /build/source/googletest/src/gtest_main.cc
Note: Google Test filter = StoreTest.ErrorHandling
[==========] Running 1 test from 1 test suite.
[----------] Global test environment set-up.
[----------] 1 test from StoreTest
[ RUN      ] StoreTest.ErrorHandling
[2025-01-27 18:27:43.047547] [0x00007fb4c3aa4b80] [info]    Initializing Store with base path: /tmp/store_test_1738002463047441476
[2025-01-27 18:27:43.047556] [0x00007fb4c3aa4b80] [debug]   Store directory created/verified at: /tmp/store_test_1738002463047441476
[2025-01-27 18:27:43.047560] [0x00007fb4c3aa4b80] [debug]   Checking existence of key: error_key
[2025-01-27 18:27:43.047561] [0x00007fb4c3aa4b80] [debug]   Generating hash for key: error_key
[2025-01-27 18:27:43.048737] [0x00007fb4c3aa4b80] [debug]   Generated hash: 7a0a1ce4f1c58ba0fb867426e1bbf7c475cf4a6fb6902cf56852bd2b980d900b
[2025-01-27 18:27:43.048750] [0x00007fb4c3aa4b80] [debug]   Calculated path: /tmp/store_test_1738002463047441476/7a/0a/1c/e4f1c58ba0fb867426e1bbf7c475cf4a6fb6902cf56852bd2b980d900b
[2025-01-27 18:27:43.048762] [0x00007fb4c3aa4b80] [debug]   Key error_key not found at path: /tmp/store_test_1738002463047441476/7a/0a/1c/e4f1c58ba0fb867426e1bbf7c475cf4a6fb6902cf56852bd2b980d900b
[2025-01-27 18:27:43.048769] [0x00007fb4c3aa4b80] [info]    Retrieving data for key: error_key
[2025-01-27 18:27:43.048770] [0x00007fb4c3aa4b80] [debug]   Generating hash for key: error_key
[2025-01-27 18:27:43.048775] [0x00007fb4c3aa4b80] [debug]   Generated hash: 7a0a1ce4f1c58ba0fb867426e1bbf7c475cf4a6fb6902cf56852bd2b980d900b
[2025-01-27 18:27:43.048778] [0x00007fb4c3aa4b80] [debug]   Calculated path: /tmp/store_test_1738002463047441476/7a/0a/1c/e4f1c58ba0fb867426e1bbf7c475cf4a6fb6902cf56852bd2b980d900b
[2025-01-27 18:27:43.048781] [0x00007fb4c3aa4b80] [error]   File not found: /tmp/store_test_1738002463047441476/7a/0a/1c/e4f1c58ba0fb867426e1bbf7c475cf4a6fb6902cf56852bd2b980d900b
[2025-01-27 18:27:43.048807] [0x00007fb4c3aa4b80] [info]    Storing data with key: error_key
[2025-01-27 18:27:43.048813] [0x00007fb4c3aa4b80] [error]   Invalid input stream provided for key: error_key
[2025-01-27 18:27:43.048820] [0x00007fb4c3aa4b80] [info]    Clearing entire store at: "/tmp/store_test_1738002463047441476"
[2025-01-27 18:27:43.048885] [0x00007fb4c3aa4b80] [info]    Store cleared successfully
[       OK ] StoreTest.ErrorHandling (1 ms)
[----------] 1 test from StoreTest (1 ms total)

[----------] Global test environment tear-down
[==========] 1 test from 1 test suite ran. (1 ms total)
[  PASSED  ] 1 test.
<end of output>
Test time =   0.01 sec
----------------------------------------------------------
Test Passed.
"StoreTest.ErrorHandling" end time: Jan 27 18:27 UTC
"StoreTest.ErrorHandling" time elapsed: 00:00:00
----------------------------------------------------------

13/30 Testing: StoreTest.Clear
13/30 Test: StoreTest.Clear
Command: "/home/runner/workspace/build/store_tests" "--gtest_filter=StoreTest.Clear" "--gtest_also_run_disabled_tests"
Directory: /home/runner/workspace/build
"StoreTest.Clear" start time: Jan 27 18:27 UTC
Output:
----------------------------------------------------------
Running main() from /build/source/googletest/src/gtest_main.cc
Note: Google Test filter = StoreTest.Clear
[==========] Running 1 test from 1 test suite.
[----------] Global test environment set-up.
[----------] 1 test from StoreTest
[ RUN      ] StoreTest.Clear
[2025-01-27 18:27:43.068510] [0x00007fe7e0c08b80] [info]    Initializing Store with base path: /tmp/store_test_1738002463068400404
[2025-01-27 18:27:43.068521] [0x00007fe7e0c08b80] [debug]   Store directory created/verified at: /tmp/store_test_1738002463068400404
[2025-01-27 18:27:43.068526] [0x00007fe7e0c08b80] [info]    Storing data with key: key1
[2025-01-27 18:27:43.068532] [0x00007fe7e0c08b80] [debug]   Generating hash for key: key1
[2025-01-27 18:27:43.069908] [0x00007fe7e0c08b80] [debug]   Generated hash: 8174099687a26621f4e2cdd7cc03b3dacedb3fb962255b1aafd033cabe831530
[2025-01-27 18:27:43.069922] [0x00007fe7e0c08b80] [debug]   Calculated path: /tmp/store_test_1738002463068400404/81/74/09/9687a26621f4e2cdd7cc03b3dacedb3fb962255b1aafd033cabe831530
[2025-01-27 18:27:43.069998] [0x00007fe7e0c08b80] [debug]   Calculated file path: /tmp/store_test_1738002463068400404/81/74/09/9687a26621f4e2cdd7cc03b3dacedb3fb962255b1aafd033cabe831530
[2025-01-27 18:27:43.070055] [0x00007fe7e0c08b80] [info]    Successfully stored 9 bytes with key: key1
[2025-01-27 18:27:43.070063] [0x00007fe7e0c08b80] [debug]   Checking existence of key: key1
[2025-01-27 18:27:43.070066] [0x00007fe7e0c08b80] [debug]   Generating hash for key: key1
[2025-01-27 18:27:43.070075] [0x00007fe7e0c08b80] [debug]   Generated hash: 8174099687a26621f4e2cdd7cc03b3dacedb3fb962255b1aafd033cabe831530
[2025-01-27 18:27:43.070081] [0x00007fe7e0c08b80] [debug]   Calculated path: /tmp/store_test_1738002463068400404/81/74/09/9687a26621f4e2cdd7cc03b3dacedb3fb962255b1aafd033cabe831530
[2025-01-27 18:27:43.070089] [0x00007fe7e0c08b80] [debug]   Key key1 exists at path: /tmp/store_test_1738002463068400404/81/74/09/9687a26621f4e2cdd7cc03b3dacedb3fb962255b1aafd033cabe831530
[2025-01-27 18:27:43.070093] [0x00007fe7e0c08b80] [info]    Storing data with key: key2
[2025-01-27 18:27:43.070096] [0x00007fe7e0c08b80] [debug]   Generating hash for key: key2
[2025-01-27 18:27:43.070101] [0x00007fe7e0c08b80] [debug]   Generated hash: b10253764c8b233fb37542e23401c7b450e5a6f9751f3b5a014f6f67e8bc999d
[2025-01-27 18:27:43.070105] [0x00007fe7e0c08b80] [debug]   Calculated path: /tmp/store_test_1738002463068400404/b1/02/53/764c8b233fb37542e23401c7b450e5a6f9751f3b5a014f6f67e8bc999d
[2025-01-27 18:27:43.070390] [0x00007fe7e0c08b80] [debug]   Calculated file path: /tmp/store_test_1738002463068400404/b1/02/53/764c8b233fb37542e23401c7b450e5a6f9751f3b5a014f6f67e8bc999d
[2025-01-27 18:27:43.070437] [0x00007fe7e0c08b80] [info]    Successfully stored 9 bytes with key: key2
[2025-01-27 18:27:43.070443] [0x00007fe7e0c08b80] [debug]   Checking existence of key: key2
[2025-01-27 18:27:43.070445] [0x00007fe7e0c08b80] [debug]   Generating hash for key: key2
[2025-01-27 18:27:43.070455] [0x00007fe7e0c08b80] [debug]   Generated hash: b10253764c8b233fb37542e23401c7b450e5a6f9751f3b5a014f6f67e8bc999d
[2025-01-27 18:27:43.070469] [0x00007fe7e0c08b80] [debug]   Calculated path: /tmp/store_test_1738002463068400404/b1/02/53/764c8b233fb37542e23401c7b450e5a6f9751f3b5a014f6f67e8bc999d
[2025-01-27 18:27:43.070477] [0x00007fe7e0c08b80] [debug]   Key key2 exists at path: /tmp/store_test_1738002463068400404/b1/02/53/764c8b233fb37542e23401c7b450e5a6f9751f3b5a014f6f67e8bc999d
[2025-01-27 18:27:43.070481] [0x00007fe7e0c08b80] [info]    Storing data with key: key3
[2025-01-27 18:27:43.070483] [0x00007fe7e0c08b80] [debug]   Generating hash for key: key3
[2025-01-27 18:27:43.070489] [0x00007fe7e0c08b80] [debug]   Generated hash: f576104eebeab09651d83acffc77c8b8c6eaa4b767aeab24d7da80f83f51d865
[2025-01-27 18:27:43.070493] [0x00007fe7e0c08b80] [debug]   Calculated path: /tmp/store_test_1738002463068400404/f5/76/10/4eebeab09651d83acffc77c8b8c6eaa4b767aeab24d7da80f83f51d865
[2025-01-27 18:27:43.070541] [0x00007fe7e0c08b80] [debug]   Calculated file path: /tmp/store_test_1738002463068400404/f5/76/10/4eebeab09651d83acffc77c8b8c6eaa4b767aeab24d7da80f83f51d865
[2025-01-27 18:27:43.070588] [0x00007fe7e0c08b80] [info]    Successfully stored 9 bytes with key: key3
[2025-01-27 18:27:43.070607] [0x00007fe7e0c08b80] [debug]   Checking existence of key: key3
[2025-01-27 18:27:43.070614] [0x00007fe7e0c08b80] [debug]   Generating hash for key: key3
[2025-01-27 18:27:43.070622] [0x00007fe7e0c08b80] [debug]   Generated hash: f576104eebeab09651d83acffc77c8b8c6eaa4b767aeab24d7da80f83f51d865
[2025-01-27 18:27:43.070630] [0x00007fe7e0c08b80] [debug]   Calculated path: /tmp/store_test_1738002463068400404/f5/76/10/4eebeab09651d83acffc77c8b8c6eaa4b767aeab24d7da80f83f51d865
[2025-01-27 18:27:43.070638] [0x00007fe7e0c08b80] [debug]   Key key3 exists at path: /tmp/store_test_1738002463068400404/f5/76/10/4eebeab09651d83acffc77c8b8c6eaa4b767aeab24d7da80f83f51d865
[2025-01-27 18:27:43.070645] [0x00007fe7e0c08b80] [info]    Clearing entire store at: "/tmp/store_test_1738002463068400404"
[2025-01-27 18:27:43.070942] [0x00007fe7e0c08b80] [info]    Store cleared successfully
[2025-01-27 18:27:43.070953] [0x00007fe7e0c08b80] [debug]   Checking existence of key: key1
[2025-01-27 18:27:43.070956] [0x00007fe7e0c08b80] [debug]   Generating hash for key: key1
[2025-01-27 18:27:43.070966] [0x00007fe7e0c08b80] [debug]   Generated hash: 8174099687a26621f4e2cdd7cc03b3dacedb3fb962255b1aafd033cabe831530
[2025-01-27 18:27:43.070971] [0x00007fe7e0c08b80] [debug]   Calculated path: /tmp/store_test_1738002463068400404/81/74/09/9687a26621f4e2cdd7cc03b3dacedb3fb962255b1aafd033cabe831530
[2025-01-27 18:27:43.071103] [0x00007fe7e0c08b80] [debug]   Key key1 not found at path: /tmp/store_test_1738002463068400404/81/74/09/9687a26621f4e2cdd7cc03b3dacedb3fb962255b1aafd033cabe831530
[2025-01-27 18:27:43.071107] [0x00007fe7e0c08b80] [info]    Retrieving data for key: key1
[2025-01-27 18:27:43.071110] [0x00007fe7e0c08b80] [debug]   Generating hash for key: key1
[2025-01-27 18:27:43.071117] [0x00007fe7e0c08b80] [debug]   Generated hash: 8174099687a26621f4e2cdd7cc03b3dacedb3fb962255b1aafd033cabe831530
[2025-01-27 18:27:43.071122] [0x00007fe7e0c08b80] [debug]   Calculated path: /tmp/store_test_1738002463068400404/81/74/09/9687a26621f4e2cdd7cc03b3dacedb3fb962255b1aafd033cabe831530
[2025-01-27 18:27:43.071144] [0x00007fe7e0c08b80] [error]   File not found: /tmp/store_test_1738002463068400404/81/74/09/9687a26621f4e2cdd7cc03b3dacedb3fb962255b1aafd033cabe831530
[2025-01-27 18:27:43.071184] [0x00007fe7e0c08b80] [debug]   Checking existence of key: key2
[2025-01-27 18:27:43.071187] [0x00007fe7e0c08b80] [debug]   Generating hash for key: key2
[2025-01-27 18:27:43.071194] [0x00007fe7e0c08b80] [debug]   Generated hash: b10253764c8b233fb37542e23401c7b450e5a6f9751f3b5a014f6f67e8bc999d
[2025-01-27 18:27:43.071197] [0x00007fe7e0c08b80] [debug]   Calculated path: /tmp/store_test_1738002463068400404/b1/02/53/764c8b233fb37542e23401c7b450e5a6f9751f3b5a014f6f67e8bc999d
[2025-01-27 18:27:43.071206] [0x00007fe7e0c08b80] [debug]   Key key2 not found at path: /tmp/store_test_1738002463068400404/b1/02/53/764c8b233fb37542e23401c7b450e5a6f9751f3b5a014f6f67e8bc999d
[2025-01-27 18:27:43.071209] [0x00007fe7e0c08b80] [info]    Retrieving data for key: key2
[2025-01-27 18:27:43.071211] [0x00007fe7e0c08b80] [debug]   Generating hash for key: key2
[2025-01-27 18:27:43.071216] [0x00007fe7e0c08b80] [debug]   Generated hash: b10253764c8b233fb37542e23401c7b450e5a6f9751f3b5a014f6f67e8bc999d
[2025-01-27 18:27:43.071220] [0x00007fe7e0c08b80] [debug]   Calculated path: /tmp/store_test_1738002463068400404/b1/02/53/764c8b233fb37542e23401c7b450e5a6f9751f3b5a014f6f67e8bc999d
[2025-01-27 18:27:43.071224] [0x00007fe7e0c08b80] [error]   File not found: /tmp/store_test_1738002463068400404/b1/02/53/764c8b233fb37542e23401c7b450e5a6f9751f3b5a014f6f67e8bc999d
[2025-01-27 18:27:43.071232] [0x00007fe7e0c08b80] [debug]   Checking existence of key: key3
[2025-01-27 18:27:43.071235] [0x00007fe7e0c08b80] [debug]   Generating hash for key: key3
[2025-01-27 18:27:43.071240] [0x00007fe7e0c08b80] [debug]   Generated hash: f576104eebeab09651d83acffc77c8b8c6eaa4b767aeab24d7da80f83f51d865
[2025-01-27 18:27:43.071244] [0x00007fe7e0c08b80] [debug]   Calculated path: /tmp/store_test_1738002463068400404/f5/76/10/4eebeab09651d83acffc77c8b8c6eaa4b767aeab24d7da80f83f51d865
[2025-01-27 18:27:43.071251] [0x00007fe7e0c08b80] [debug]   Key key3 not found at path: /tmp/store_test_1738002463068400404/f5/76/10/4eebeab09651d83acffc77c8b8c6eaa4b767aeab24d7da80f83f51d865
[2025-01-27 18:27:43.071254] [0x00007fe7e0c08b80] [info]    Retrieving data for key: key3
[2025-01-27 18:27:43.071256] [0x00007fe7e0c08b80] [debug]   Generating hash for key: key3
[2025-01-27 18:27:43.071262] [0x00007fe7e0c08b80] [debug]   Generated hash: f576104eebeab09651d83acffc77c8b8c6eaa4b767aeab24d7da80f83f51d865
[2025-01-27 18:27:43.071266] [0x00007fe7e0c08b80] [debug]   Calculated path: /tmp/store_test_1738002463068400404/f5/76/10/4eebeab09651d83acffc77c8b8c6eaa4b767aeab24d7da80f83f51d865
[2025-01-27 18:27:43.071271] [0x00007fe7e0c08b80] [error]   File not found: /tmp/store_test_1738002463068400404/f5/76/10/4eebeab09651d83acffc77c8b8c6eaa4b767aeab24d7da80f83f51d865
[2025-01-27 18:27:43.071282] [0x00007fe7e0c08b80] [info]    Clearing entire store at: "/tmp/store_test_1738002463068400404"
[2025-01-27 18:27:43.071349] [0x00007fe7e0c08b80] [info]    Store cleared successfully
[       OK ] StoreTest.Clear (2 ms)
[----------] 1 test from StoreTest (3 ms total)

[----------] Global test environment tear-down
[==========] 1 test from 1 test suite ran. (3 ms total)
[  PASSED  ] 1 test.
<end of output>
Test time =   0.02 sec
----------------------------------------------------------
Test Passed.
"StoreTest.Clear" end time: Jan 27 18:27 UTC
"StoreTest.Clear" time elapsed: 00:00:00
----------------------------------------------------------

14/30 Testing: StoreTest.LargeFileHandling
14/30 Test: StoreTest.LargeFileHandling
Command: "/home/runner/workspace/build/store_tests" "--gtest_filter=StoreTest.LargeFileHandling" "--gtest_also_run_disabled_tests"
Directory: /home/runner/workspace/build
"StoreTest.LargeFileHandling" start time: Jan 27 18:27 UTC
Output:
----------------------------------------------------------
Running main() from /build/source/googletest/src/gtest_main.cc
Note: Google Test filter = StoreTest.LargeFileHandling
[==========] Running 1 test from 1 test suite.
[----------] Global test environment set-up.
[----------] 1 test from StoreTest
[ RUN      ] StoreTest.LargeFileHandling
[2025-01-27 18:27:43.087596] [0x00007f3ada6f3b80] [info]    Initializing Store with base path: /tmp/store_test_1738002463087477053
[2025-01-27 18:27:43.087609] [0x00007f3ada6f3b80] [debug]   Store directory created/verified at: /tmp/store_test_1738002463087477053
[2025-01-27 18:27:43.099374] [0x00007f3ada6f3b80] [info]    Storing data with key: large_file
[2025-01-27 18:27:43.099391] [0x00007f3ada6f3b80] [debug]   Generating hash for key: large_file
[2025-01-27 18:27:43.100973] [0x00007f3ada6f3b80] [debug]   Generated hash: df1fbde40271055bb026eaa5094faa107c4a4987061ed6c7def9df06f885f2f3
[2025-01-27 18:27:43.100989] [0x00007f3ada6f3b80] [debug]   Calculated path: /tmp/store_test_1738002463087477053/df/1f/bd/e40271055bb026eaa5094faa107c4a4987061ed6c7def9df06f885f2f3
[2025-01-27 18:27:43.101084] [0x00007f3ada6f3b80] [debug]   Calculated file path: /tmp/store_test_1738002463087477053/df/1f/bd/e40271055bb026eaa5094faa107c4a4987061ed6c7def9df06f885f2f3
[2025-01-27 18:27:43.107370] [0x00007f3ada6f3b80] [info]    Successfully stored 10485760 bytes with key: large_file
[2025-01-27 18:27:43.107387] [0x00007f3ada6f3b80] [debug]   Checking existence of key: large_file
[2025-01-27 18:27:43.107390] [0x00007f3ada6f3b80] [debug]   Generating hash for key: large_file
[2025-01-27 18:27:43.107404] [0x00007f3ada6f3b80] [debug]   Generated hash: df1fbde40271055bb026eaa5094faa107c4a4987061ed6c7def9df06f885f2f3
[2025-01-27 18:27:43.107409] [0x00007f3ada6f3b80] [debug]   Calculated path: /tmp/store_test_1738002463087477053/df/1f/bd/e40271055bb026eaa5094faa107c4a4987061ed6c7def9df06f885f2f3
[2025-01-27 18:27:43.107420] [0x00007f3ada6f3b80] [debug]   Key large_file exists at path: /tmp/store_test_1738002463087477053/df/1f/bd/e40271055bb026eaa5094faa107c4a4987061ed6c7def9df06f885f2f3
[2025-01-27 18:27:43.107425] [0x00007f3ada6f3b80] [info]    Retrieving data for key: large_file
[2025-01-27 18:27:43.107427] [0x00007f3ada6f3b80] [debug]   Generating hash for key: large_file
[2025-01-27 18:27:43.107431] [0x00007f3ada6f3b80] [debug]   Generated hash: df1fbde40271055bb026eaa5094faa107c4a4987061ed6c7def9df06f885f2f3
[2025-01-27 18:27:43.107433] [0x00007f3ada6f3b80] [debug]   Calculated path: /tmp/store_test_1738002463087477053/df/1f/bd/e40271055bb026eaa5094faa107c4a4987061ed6c7def9df06f885f2f3
[2025-01-27 18:27:43.117261] [0x00007f3ada6f3b80] [info]    Successfully streamed 10485760 bytes for key: large_file
[2025-01-27 18:27:43.123193] [0x00007f3ada6f3b80] [info]    Clearing entire store at: "/tmp/store_test_1738002463087477053"
[2025-01-27 18:27:43.124930] [0x00007f3ada6f3b80] [info]    Store cleared successfully
[       OK ] StoreTest.LargeFileHandling (37 ms)
[----------] 1 test from StoreTest (37 ms total)

[----------] Global test environment tear-down
[==========] 1 test from 1 test suite ran. (37 ms total)
[  PASSED  ] 1 test.
<end of output>
Test time =   0.05 sec
----------------------------------------------------------
Test Passed.
"StoreTest.LargeFileHandling" end time: Jan 27 18:27 UTC
"StoreTest.LargeFileHandling" time elapsed: 00:00:00
----------------------------------------------------------

15/30 Testing: StoreTest.OverwriteBehavior
15/30 Test: StoreTest.OverwriteBehavior
Command: "/home/runner/workspace/build/store_tests" "--gtest_filter=StoreTest.OverwriteBehavior" "--gtest_also_run_disabled_tests"
Directory: /home/runner/workspace/build
"StoreTest.OverwriteBehavior" start time: Jan 27 18:27 UTC
Output:
----------------------------------------------------------
Running main() from /build/source/googletest/src/gtest_main.cc
Note: Google Test filter = StoreTest.OverwriteBehavior
[==========] Running 1 test from 1 test suite.
[----------] Global test environment set-up.
[----------] 1 test from StoreTest
[ RUN      ] StoreTest.OverwriteBehavior
[2025-01-27 18:27:43.140162] [0x00007f149f818b80] [info]    Initializing Store with base path: /tmp/store_test_1738002463140050188
[2025-01-27 18:27:43.140177] [0x00007f149f818b80] [debug]   Store directory created/verified at: /tmp/store_test_1738002463140050188
[2025-01-27 18:27:43.140183] [0x00007f149f818b80] [info]    Storing data with key: overwrite_test
[2025-01-27 18:27:43.140187] [0x00007f149f818b80] [debug]   Generating hash for key: overwrite_test
[2025-01-27 18:27:43.141589] [0x00007f149f818b80] [debug]   Generated hash: 30952b659b529afe6343c608ec6d8a565347d89ad4d22eec203b90234d48b36e
[2025-01-27 18:27:43.141600] [0x00007f149f818b80] [debug]   Calculated path: /tmp/store_test_1738002463140050188/30/95/2b/659b529afe6343c608ec6d8a565347d89ad4d22eec203b90234d48b36e
[2025-01-27 18:27:43.141660] [0x00007f149f818b80] [debug]   Calculated file path: /tmp/store_test_1738002463140050188/30/95/2b/659b529afe6343c608ec6d8a565347d89ad4d22eec203b90234d48b36e
[2025-01-27 18:27:43.141698] [0x00007f149f818b80] [info]    Successfully stored 15 bytes with key: overwrite_test
[2025-01-27 18:27:43.141705] [0x00007f149f818b80] [debug]   Checking existence of key: overwrite_test
[2025-01-27 18:27:43.141706] [0x00007f149f818b80] [debug]   Generating hash for key: overwrite_test
[2025-01-27 18:27:43.141712] [0x00007f149f818b80] [debug]   Generated hash: 30952b659b529afe6343c608ec6d8a565347d89ad4d22eec203b90234d48b36e
[2025-01-27 18:27:43.141718] [0x00007f149f818b80] [debug]   Calculated path: /tmp/store_test_1738002463140050188/30/95/2b/659b529afe6343c608ec6d8a565347d89ad4d22eec203b90234d48b36e
[2025-01-27 18:27:43.141723] [0x00007f149f818b80] [debug]   Key overwrite_test exists at path: /tmp/store_test_1738002463140050188/30/95/2b/659b529afe6343c608ec6d8a565347d89ad4d22eec203b90234d48b36e
[2025-01-27 18:27:43.141726] [0x00007f149f818b80] [info]    Retrieving data for key: overwrite_test
[2025-01-27 18:27:43.141727] [0x00007f149f818b80] [debug]   Generating hash for key: overwrite_test
[2025-01-27 18:27:43.141731] [0x00007f149f818b80] [debug]   Generated hash: 30952b659b529afe6343c608ec6d8a565347d89ad4d22eec203b90234d48b36e
[2025-01-27 18:27:43.141733] [0x00007f149f818b80] [debug]   Calculated path: /tmp/store_test_1738002463140050188/30/95/2b/659b529afe6343c608ec6d8a565347d89ad4d22eec203b90234d48b36e
[2025-01-27 18:27:43.141745] [0x00007f149f818b80] [info]    Successfully streamed 15 bytes for key: overwrite_test
[2025-01-27 18:27:43.141751] [0x00007f149f818b80] [info]    Storing data with key: overwrite_test
[2025-01-27 18:27:43.141754] [0x00007f149f818b80] [debug]   Generating hash for key: overwrite_test
[2025-01-27 18:27:43.141799] [0x00007f149f818b80] [debug]   Generated hash: 30952b659b529afe6343c608ec6d8a565347d89ad4d22eec203b90234d48b36e
[2025-01-27 18:27:43.141810] [0x00007f149f818b80] [debug]   Calculated path: /tmp/store_test_1738002463140050188/30/95/2b/659b529afe6343c608ec6d8a565347d89ad4d22eec203b90234d48b36e
[2025-01-27 18:27:43.141819] [0x00007f149f818b80] [debug]   Calculated file path: /tmp/store_test_1738002463140050188/30/95/2b/659b529afe6343c608ec6d8a565347d89ad4d22eec203b90234d48b36e
[2025-01-27 18:27:43.141873] [0x00007f149f818b80] [info]    Successfully stored 15 bytes with key: overwrite_test
[2025-01-27 18:27:43.141881] [0x00007f149f818b80] [info]    Retrieving data for key: overwrite_test
[2025-01-27 18:27:43.141883] [0x00007f149f818b80] [debug]   Generating hash for key: overwrite_test
[2025-01-27 18:27:43.141889] [0x00007f149f818b80] [debug]   Generated hash: 30952b659b529afe6343c608ec6d8a565347d89ad4d22eec203b90234d48b36e
[2025-01-27 18:27:43.141892] [0x00007f149f818b80] [debug]   Calculated path: /tmp/store_test_1738002463140050188/30/95/2b/659b529afe6343c608ec6d8a565347d89ad4d22eec203b90234d48b36e
[2025-01-27 18:27:43.141906] [0x00007f149f818b80] [info]    Successfully streamed 15 bytes for key: overwrite_test
[2025-01-27 18:27:43.141921] [0x00007f149f818b80] [info]    Clearing entire store at: "/tmp/store_test_1738002463140050188"
[2025-01-27 18:27:43.142062] [0x00007f149f818b80] [info]    Store cleared successfully
[       OK ] StoreTest.OverwriteBehavior (2 ms)
[----------] 1 test from StoreTest (2 ms total)

[----------] Global test environment tear-down
[==========] 1 test from 1 test suite ran. (2 ms total)
[  PASSED  ] 1 test.
<end of output>
Test time =   0.02 sec
----------------------------------------------------------
Test Passed.
"StoreTest.OverwriteBehavior" end time: Jan 27 18:27 UTC
"StoreTest.OverwriteBehavior" time elapsed: 00:00:00
----------------------------------------------------------

16/30 Testing: StoreTest.StreamStatePreservation
16/30 Test: StoreTest.StreamStatePreservation
Command: "/home/runner/workspace/build/store_tests" "--gtest_filter=StoreTest.StreamStatePreservation" "--gtest_also_run_disabled_tests"
Directory: /home/runner/workspace/build
"StoreTest.StreamStatePreservation" start time: Jan 27 18:27 UTC
Output:
----------------------------------------------------------
Running main() from /build/source/googletest/src/gtest_main.cc
Note: Google Test filter = StoreTest.StreamStatePreservation
[==========] Running 1 test from 1 test suite.
[----------] Global test environment set-up.
[----------] 1 test from StoreTest
[ RUN      ] StoreTest.StreamStatePreservation
[2025-01-27 18:27:43.157021] [0x00007f37b6a55b80] [info]    Initializing Store with base path: /tmp/store_test_1738002463156907207
[2025-01-27 18:27:43.157031] [0x00007f37b6a55b80] [debug]   Store directory created/verified at: /tmp/store_test_1738002463156907207
[2025-01-27 18:27:43.157036] [0x00007f37b6a55b80] [info]    Storing data with key: stream_state_test
[2025-01-27 18:27:43.157044] [0x00007f37b6a55b80] [debug]   Generating hash for key: stream_state_test
[2025-01-27 18:27:43.158324] [0x00007f37b6a55b80] [debug]   Generated hash: a9e413f31ab1fd98797abd4d4d50fc4ccfbf9abaec049f8d5f9e9c5b294d61c8
[2025-01-27 18:27:43.158337] [0x00007f37b6a55b80] [debug]   Calculated path: /tmp/store_test_1738002463156907207/a9/e4/13/f31ab1fd98797abd4d4d50fc4ccfbf9abaec049f8d5f9e9c5b294d61c8
[2025-01-27 18:27:43.158382] [0x00007f37b6a55b80] [debug]   Calculated file path: /tmp/store_test_1738002463156907207/a9/e4/13/f31ab1fd98797abd4d4d50fc4ccfbf9abaec049f8d5f9e9c5b294d61c8
[2025-01-27 18:27:43.158419] [0x00007f37b6a55b80] [info]    Successfully stored 26 bytes with key: stream_state_test
[2025-01-27 18:27:43.158427] [0x00007f37b6a55b80] [info]    Retrieving data for key: stream_state_test
[2025-01-27 18:27:43.158429] [0x00007f37b6a55b80] [debug]   Generating hash for key: stream_state_test
[2025-01-27 18:27:43.158435] [0x00007f37b6a55b80] [debug]   Generated hash: a9e413f31ab1fd98797abd4d4d50fc4ccfbf9abaec049f8d5f9e9c5b294d61c8
[2025-01-27 18:27:43.158441] [0x00007f37b6a55b80] [debug]   Calculated path: /tmp/store_test_1738002463156907207/a9/e4/13/f31ab1fd98797abd4d4d50fc4ccfbf9abaec049f8d5f9e9c5b294d61c8
[2025-01-27 18:27:43.158454] [0x00007f37b6a55b80] [info]    Successfully streamed 26 bytes for key: stream_state_test
[2025-01-27 18:27:43.158462] [0x00007f37b6a55b80] [info]    Clearing entire store at: "/tmp/store_test_1738002463156907207"
[2025-01-27 18:27:43.158609] [0x00007f37b6a55b80] [info]    Store cleared successfully
[       OK ] StoreTest.StreamStatePreservation (1 ms)
[----------] 1 test from StoreTest (1 ms total)

[----------] Global test environment tear-down
[==========] 1 test from 1 test suite ran. (1 ms total)
[  PASSED  ] 1 test.
<end of output>
Test time =   0.02 sec
----------------------------------------------------------
Test Passed.
"StoreTest.StreamStatePreservation" end time: Jan 27 18:27 UTC
"StoreTest.StreamStatePreservation" time elapsed: 00:00:00
----------------------------------------------------------

17/30 Testing: StoreTest.FileSizeRetrieval
17/30 Test: StoreTest.FileSizeRetrieval
Command: "/home/runner/workspace/build/store_tests" "--gtest_filter=StoreTest.FileSizeRetrieval" "--gtest_also_run_disabled_tests"
Directory: /home/runner/workspace/build
"StoreTest.FileSizeRetrieval" start time: Jan 27 18:27 UTC
Output:
----------------------------------------------------------
Running main() from /build/source/googletest/src/gtest_main.cc
Note: Google Test filter = StoreTest.FileSizeRetrieval
[==========] Running 1 test from 1 test suite.
[----------] Global test environment set-up.
[----------] 1 test from StoreTest
[ RUN      ] StoreTest.FileSizeRetrieval
[2025-01-27 18:27:43.174906] [0x00007fe8da355b80] [info]    Initializing Store with base path: /tmp/store_test_1738002463174757385
[2025-01-27 18:27:43.174919] [0x00007fe8da355b80] [debug]   Store directory created/verified at: /tmp/store_test_1738002463174757385
[2025-01-27 18:27:43.174927] [0x00007fe8da355b80] [info]    Storing data with key: size_test
[2025-01-27 18:27:43.174933] [0x00007fe8da355b80] [debug]   Generating hash for key: size_test
[2025-01-27 18:27:43.178178] [0x00007fe8da355b80] [debug]   Generated hash: d2283af70f36b068be549fdee1255a41540b931c457a992112d4cab9c89de74e
[2025-01-27 18:27:43.178193] [0x00007fe8da355b80] [debug]   Calculated path: /tmp/store_test_1738002463174757385/d2/28/3a/f70f36b068be549fdee1255a41540b931c457a992112d4cab9c89de74e
[2025-01-27 18:27:43.178263] [0x00007fe8da355b80] [debug]   Calculated file path: /tmp/store_test_1738002463174757385/d2/28/3a/f70f36b068be549fdee1255a41540b931c457a992112d4cab9c89de74e
[2025-01-27 18:27:43.178306] [0x00007fe8da355b80] [info]    Successfully stored 13 bytes with key: size_test
[2025-01-27 18:27:43.178313] [0x00007fe8da355b80] [debug]   Getting file size for key: size_test
[2025-01-27 18:27:43.178315] [0x00007fe8da355b80] [debug]   Generating hash for key: size_test
[2025-01-27 18:27:43.178323] [0x00007fe8da355b80] [debug]   Generated hash: d2283af70f36b068be549fdee1255a41540b931c457a992112d4cab9c89de74e
[2025-01-27 18:27:43.178328] [0x00007fe8da355b80] [debug]   Calculated path: /tmp/store_test_1738002463174757385/d2/28/3a/f70f36b068be549fdee1255a41540b931c457a992112d4cab9c89de74e
[2025-01-27 18:27:43.178338] [0x00007fe8da355b80] [debug]   File size for key size_test: 13 bytes
[2025-01-27 18:27:43.178345] [0x00007fe8da355b80] [info]    Storing data with key: empty_test
[2025-01-27 18:27:43.178348] [0x00007fe8da355b80] [debug]   Generating hash for key: empty_test
[2025-01-27 18:27:43.178355] [0x00007fe8da355b80] [debug]   Generated hash: f1b6800e9ca01dac557744adec3477366cbe3888d44fcabefb3078c4c069f3a8
[2025-01-27 18:27:43.178361] [0x00007fe8da355b80] [debug]   Calculated path: /tmp/store_test_1738002463174757385/f1/b6/80/0e9ca01dac557744adec3477366cbe3888d44fcabefb3078c4c069f3a8
[2025-01-27 18:27:43.178396] [0x00007fe8da355b80] [debug]   Calculated file path: /tmp/store_test_1738002463174757385/f1/b6/80/0e9ca01dac557744adec3477366cbe3888d44fcabefb3078c4c069f3a8
[2025-01-27 18:27:43.178414] [0x00007fe8da355b80] [debug]   Storing empty content for key: empty_test
[2025-01-27 18:27:43.178420] [0x00007fe8da355b80] [info]    Successfully stored 0 bytes with key: empty_test
[2025-01-27 18:27:43.178422] [0x00007fe8da355b80] [debug]   Getting file size for key: empty_test
[2025-01-27 18:27:43.178423] [0x00007fe8da355b80] [debug]   Generating hash for key: empty_test
[2025-01-27 18:27:43.178428] [0x00007fe8da355b80] [debug]   Generated hash: f1b6800e9ca01dac557744adec3477366cbe3888d44fcabefb3078c4c069f3a8
[2025-01-27 18:27:43.178433] [0x00007fe8da355b80] [debug]   Calculated path: /tmp/store_test_1738002463174757385/f1/b6/80/0e9ca01dac557744adec3477366cbe3888d44fcabefb3078c4c069f3a8
[2025-01-27 18:27:43.178439] [0x00007fe8da355b80] [debug]   File size for key empty_test: 0 bytes
[2025-01-27 18:27:43.178443] [0x00007fe8da355b80] [debug]   Getting file size for key: nonexistent_key
[2025-01-27 18:27:43.178457] [0x00007fe8da355b80] [debug]   Generating hash for key: nonexistent_key
[2025-01-27 18:27:43.178460] [0x00007fe8da355b80] [debug]   Generated hash: 5fbaf0fb39a2369c07d1aa653dd2386202abdff0c69ceb6060083b29af61fd2f
[2025-01-27 18:27:43.178463] [0x00007fe8da355b80] [debug]   Calculated path: /tmp/store_test_1738002463174757385/5f/ba/f0/fb39a2369c07d1aa653dd2386202abdff0c69ceb6060083b29af61fd2f
[2025-01-27 18:27:43.178468] [0x00007fe8da355b80] [error]   File not found: /tmp/store_test_1738002463174757385/5f/ba/f0/fb39a2369c07d1aa653dd2386202abdff0c69ceb6060083b29af61fd2f
[2025-01-27 18:27:43.178505] [0x00007fe8da355b80] [info]    Clearing entire store at: "/tmp/store_test_1738002463174757385"
[2025-01-27 18:27:43.178754] [0x00007fe8da355b80] [info]    Store cleared successfully
[       OK ] StoreTest.FileSizeRetrieval (4 ms)
[----------] 1 test from StoreTest (4 ms total)

[----------] Global test environment tear-down
[==========] 1 test from 1 test suite ran. (4 ms total)
[  PASSED  ] 1 test.
<end of output>
Test time =   0.02 sec
----------------------------------------------------------
Test Passed.
"StoreTest.FileSizeRetrieval" end time: Jan 27 18:27 UTC
"StoreTest.FileSizeRetrieval" time elapsed: 00:00:00
----------------------------------------------------------

18/30 Testing: ChannelTest.InitialState
18/30 Test: ChannelTest.InitialState
Command: "/home/runner/workspace/build/channel_tests" "--gtest_filter=ChannelTest.InitialState" "--gtest_also_run_disabled_tests"
Directory: /home/runner/workspace/build
"ChannelTest.InitialState" start time: Jan 27 18:27 UTC
Output:
----------------------------------------------------------
Running main() from /build/source/googletest/src/gtest_main.cc
Note: Google Test filter = ChannelTest.InitialState
[==========] Running 1 test from 1 test suite.
[----------] Global test environment set-up.
[----------] 1 test from ChannelTest
[ RUN      ] ChannelTest.InitialState
[       OK ] ChannelTest.InitialState (0 ms)
[----------] 1 test from ChannelTest (0 ms total)

[----------] Global test environment tear-down
[==========] 1 test from 1 test suite ran. (0 ms total)
[  PASSED  ] 1 test.
<end of output>
Test time =   0.01 sec
----------------------------------------------------------
Test Passed.
"ChannelTest.InitialState" end time: Jan 27 18:27 UTC
"ChannelTest.InitialState" time elapsed: 00:00:00
----------------------------------------------------------

19/30 Testing: ChannelTest.SingleProduceConsume
19/30 Test: ChannelTest.SingleProduceConsume
Command: "/home/runner/workspace/build/channel_tests" "--gtest_filter=ChannelTest.SingleProduceConsume" "--gtest_also_run_disabled_tests"
Directory: /home/runner/workspace/build
"ChannelTest.SingleProduceConsume" start time: Jan 27 18:27 UTC
Output:
----------------------------------------------------------
Running main() from /build/source/googletest/src/gtest_main.cc
Note: Google Test filter = ChannelTest.SingleProduceConsume
[==========] Running 1 test from 1 test suite.
[----------] Global test environment set-up.
[----------] 1 test from ChannelTest
[ RUN      ] ChannelTest.SingleProduceConsume
[2025-01-27 18:27:43.209097] [0x00007fd829ebbc40] [debug]   Added message frame to channel. Channel size: 1
[2025-01-27 18:27:43.209105] [0x00007fd829ebbc40] [debug]   Retrieved message frame from channel. Channel size: 0
[       OK ] ChannelTest.SingleProduceConsume (0 ms)
[----------] 1 test from ChannelTest (0 ms total)

[----------] Global test environment tear-down
[==========] 1 test from 1 test suite ran. (0 ms total)
[  PASSED  ] 1 test.
<end of output>
Test time =   0.01 sec
----------------------------------------------------------
Test Passed.
"ChannelTest.SingleProduceConsume" end time: Jan 27 18:27 UTC
"ChannelTest.SingleProduceConsume" time elapsed: 00:00:00
----------------------------------------------------------

20/30 Testing: ChannelTest.MultipleMessages
20/30 Test: ChannelTest.MultipleMessages
Command: "/home/runner/workspace/build/channel_tests" "--gtest_filter=ChannelTest.MultipleMessages" "--gtest_also_run_disabled_tests"
Directory: /home/runner/workspace/build
"ChannelTest.MultipleMessages" start time: Jan 27 18:27 UTC
Output:
----------------------------------------------------------
Running main() from /build/source/googletest/src/gtest_main.cc
Note: Google Test filter = ChannelTest.MultipleMessages
[==========] Running 1 test from 1 test suite.
[----------] Global test environment set-up.
[----------] 1 test from ChannelTest
[ RUN      ] ChannelTest.MultipleMessages
[2025-01-27 18:27:43.223679] [0x00007ff80d4d9c40] [debug]   Added message frame to channel. Channel size: 1
[2025-01-27 18:27:43.223698] [0x00007ff80d4d9c40] [debug]   Added message frame to channel. Channel size: 2
[2025-01-27 18:27:43.223701] [0x00007ff80d4d9c40] [debug]   Added message frame to channel. Channel size: 3
[2025-01-27 18:27:43.223705] [0x00007ff80d4d9c40] [debug]   Added message frame to channel. Channel size: 4
[2025-01-27 18:27:43.223708] [0x00007ff80d4d9c40] [debug]   Added message frame to channel. Channel size: 5
[2025-01-27 18:27:43.223711] [0x00007ff80d4d9c40] [debug]   Retrieved message frame from channel. Channel size: 4
[2025-01-27 18:27:43.223714] [0x00007ff80d4d9c40] [debug]   Retrieved message frame from channel. Channel size: 3
[2025-01-27 18:27:43.223717] [0x00007ff80d4d9c40] [debug]   Retrieved message frame from channel. Channel size: 2
[2025-01-27 18:27:43.223720] [0x00007ff80d4d9c40] [debug]   Retrieved message frame from channel. Channel size: 1
[2025-01-27 18:27:43.223723] [0x00007ff80d4d9c40] [debug]   Retrieved message frame from channel. Channel size: 0
[       OK ] ChannelTest.MultipleMessages (0 ms)
[----------] 1 test from ChannelTest (0 ms total)

[----------] Global test environment tear-down
[==========] 1 test from 1 test suite ran. (0 ms total)
[  PASSED  ] 1 test.
<end of output>
Test time =   0.01 sec
----------------------------------------------------------
Test Passed.
"ChannelTest.MultipleMessages" end time: Jan 27 18:27 UTC
"ChannelTest.MultipleMessages" time elapsed: 00:00:00
----------------------------------------------------------

21/30 Testing: ChannelTest.ConsumeEmptyChannel
21/30 Test: ChannelTest.ConsumeEmptyChannel
Command: "/home/runner/workspace/build/channel_tests" "--gtest_filter=ChannelTest.ConsumeEmptyChannel" "--gtest_also_run_disabled_tests"
Directory: /home/runner/workspace/build
"ChannelTest.ConsumeEmptyChannel" start time: Jan 27 18:27 UTC
Output:
----------------------------------------------------------
Running main() from /build/source/googletest/src/gtest_main.cc
Note: Google Test filter = ChannelTest.ConsumeEmptyChannel
[==========] Running 1 test from 1 test suite.
[----------] Global test environment set-up.
[----------] 1 test from ChannelTest
[ RUN      ] ChannelTest.ConsumeEmptyChannel
[       OK ] ChannelTest.ConsumeEmptyChannel (0 ms)
[----------] 1 test from ChannelTest (0 ms total)

[----------] Global test environment tear-down
[==========] 1 test from 1 test suite ran. (0 ms total)
[  PASSED  ] 1 test.
<end of output>
Test time =   0.01 sec
----------------------------------------------------------
Test Passed.
"ChannelTest.ConsumeEmptyChannel" end time: Jan 27 18:27 UTC
"ChannelTest.ConsumeEmptyChannel" time elapsed: 00:00:00
----------------------------------------------------------

22/30 Testing: ChannelTest.ConcurrentProducersConsumers
22/30 Test: ChannelTest.ConcurrentProducersConsumers
Command: "/home/runner/workspace/build/channel_tests" "--gtest_filter=ChannelTest.ConcurrentProducersConsumers" "--gtest_also_run_disabled_tests"
Directory: /home/runner/workspace/build
"ChannelTest.ConcurrentProducersConsumers" start time: Jan 27 18:27 UTC
Output:
----------------------------------------------------------
Running main() from /build/source/googletest/src/gtest_main.cc
Note: Google Test filter = ChannelTest.ConcurrentProducersConsumers
[==========] Running 1 test from 1 test suite.
[----------] Global test environment set-up.
[----------] 1 test from ChannelTest
[ RUN      ] ChannelTest.ConcurrentProducersConsumers
[2025-01-27 18:27:43.254481] [0x00007f45609016c0] [debug]   Added message frame to channel. Channel size: 1
[2025-01-27 18:27:43.254511] [0x00007f45601006c0] [debug]   Added message frame to channel. Channel size: 2
[2025-01-27 18:27:43.254550] [0x00007f455d8fb6c0] [debug]   Retrieved message frame from channel. Channel size: 1
[2025-01-27 18:27:43.254565] [0x00007f455d8fb6c0] [debug]   Retrieved message frame from channel. Channel size: 0
[2025-01-27 18:27:43.254612] [0x00007f45609016c0] [debug]   Added message frame to channel. Channel size: 1
[2025-01-27 18:27:43.254653] [0x00007f455f8ff6c0] [debug]   Added message frame to channel. Channel size: 2
[2025-01-27 18:27:43.254690] [0x00007f455d8fb6c0] [debug]   Retrieved message frame from channel. Channel size: 1
[2025-01-27 18:27:43.254700] [0x00007f45601006c0] [debug]   Added message frame to channel. Channel size: 2
[2025-01-27 18:27:43.254726] [0x00007f455e8fd6c0] [debug]   Retrieved message frame from channel. Channel size: 1
[2025-01-27 18:27:43.254738] [0x00007f455e8fd6c0] [debug]   Retrieved message frame from channel. Channel size: 0
[2025-01-27 18:27:43.254763] [0x00007f4557fff6c0] [debug]   Added message frame to channel. Channel size: 1
[2025-01-27 18:27:43.254783] [0x00007f455d8fb6c0] [debug]   Retrieved message frame from channel. Channel size: 0
[2025-01-27 18:27:43.254790] [0x00007f45609016c0] [debug]   Added message frame to channel. Channel size: 1
[2025-01-27 18:27:43.254798] [0x00007f455e8fd6c0] [debug]   Retrieved message frame from channel. Channel size: 0
[2025-01-27 18:27:43.254806] [0x00007f45601006c0] [debug]   Added message frame to channel. Channel size: 1
[2025-01-27 18:27:43.254810] [0x00007f455d8fb6c0] [debug]   Retrieved message frame from channel. Channel size: 0
[2025-01-27 18:27:43.254832] [0x00007f455f8ff6c0] [debug]   Added message frame to channel. Channel size: 1
[2025-01-27 18:27:43.254853] [0x00007f455e8fd6c0] [debug]   Retrieved message frame from channel. Channel size: 0
[...]
[2025-01-27 18:27:45.637527] [0x00007f588ff8bd80] [info]    Server shutdown complete
[2025-01-27 18:27:45.637547] [0x00007f588ff8bd80] [debug]   Bootstrap program: Shutting down Channel
[2025-01-27 18:27:45.637553] [0x00007f588ff8bd80] [info]    Bootstrap program: Shutdown complete
[2025-01-27 18:27:45.637557] [0x00007f588ff8bd80] [info]    Bootstrap program: Initiating shutdown sequence
[2025-01-27 18:27:45.637560] [0x00007f588ff8bd80] [debug]   Bootstrap program: Shutting down File Server
[2025-01-27 18:27:45.637564] [0x00007f588ff8bd80] [debug]   Bootstrap program: Shutting down Peer Manager
[2025-01-27 18:27:45.637567] [0x00007f588ff8bd80] [info]    Initiating PeerManager shutdown
[2025-01-27 18:27:45.637572] [0x00007f588ff8bd80] [debug]   Stopping stream processing
[2025-01-27 18:27:45.637604] [0x00007f588df816c0] [info]    Stream processing stopped
[2025-01-27 18:27:45.637668] [0x00007f588ff8bd80] [debug]   Processing thread joined
[2025-01-27 18:27:45.637675] [0x00007f588ff8bd80] [info]    Stream processing stopped
[2025-01-27 18:27:45.637713] [0x00007f588ff8bd80] [info]    Successfully disconnected peer: 2
[2025-01-27 18:27:45.637721] [0x00007f588ff8bd80] [debug]   Disconnected peer: 
[2025-01-27 18:27:45.637725] [0x00007f588ff8bd80] [info]    PeerManager shutdown complete
[2025-01-27 18:27:45.637728] [0x00007f588ff8bd80] [debug]   Bootstrap program: Shutting down TCP Server
[2025-01-27 18:27:45.637731] [0x00007f588ff8bd80] [info]    Initiating server shutdown
[2025-01-27 18:27:45.637843] [0x00007f588ff8bd80] [info]    Server shutdown complete
[2025-01-27 18:27:45.637877] [0x00007f588ff8bd80] [debug]   Bootstrap program: Shutting down Channel
[2025-01-27 18:27:45.637884] [0x00007f588ff8bd80] [info]    Bootstrap program: Shutdown complete
[       OK ] BootstrapTest.PeerConnection (2001 ms)
[----------] 1 test from BootstrapTest (2001 ms total)

[----------] Global test environment tear-down
[==========] 1 test from 1 test suite ran. (2001 ms total)
[  PASSED  ] 1 test.
<end of output>
Test time =   2.02 sec
----------------------------------------------------------
Test Passed.
"BootstrapTest.PeerConnection" end time: Jan 27 18:27 UTC
"BootstrapTest.PeerConnection" time elapsed: 00:00:02
----------------------------------------------------------

30/30 Testing: BootstrapTest.DuplicatePeerConnection
30/30 Test: BootstrapTest.DuplicatePeerConnection
Command: "/home/runner/workspace/build/bootstrap_tests" "--gtest_filter=BootstrapTest.DuplicatePeerConnection" "--gtest_also_run_disabled_tests"
Directory: /home/runner/workspace/build
"BootstrapTest.DuplicatePeerConnection" start time: Jan 27 18:27 UTC
Output:
----------------------------------------------------------
Running main() from /build/source/googletest/src/gtest_main.cc
Note: Google Test filter = BootstrapTest.DuplicatePeerConnection
[==========] Running 1 test from 1 test suite.
[----------] Global test environment set-up.
[----------] 1 test from BootstrapTest
[ RUN      ] BootstrapTest.DuplicatePeerConnection
[2025-01-27 18:27:45.661529] [0x00007fc71e732d80] [info]    Initializing Bootstrap with ID: 1
[2025-01-27 18:27:45.661555] [0x00007fc71e732d80] [debug]   Bootstrap program: Channel created successfully
[2025-01-27 18:27:45.661570] [0x00007fc71e732d80] [info]    Initializing TCP server  on 127.0.0.1:3001
[2025-01-27 18:27:45.661574] [0x00007fc71e732d80] [debug]   Bootstrap program: TCP Server created successfully
[2025-01-27 18:27:45.661580] [0x00007fc71e732d80] [info]    PeerManager initialized with key size: 32 bytes
[2025-01-27 18:27:45.661583] [0x00007fc71e732d80] [debug]   Bootstrap program: Peer Manager created successfully
[2025-01-27 18:27:45.661585] [0x00007fc71e732d80] [info]    PeerManager set for TCP server 
[2025-01-27 18:27:45.661589] [0x00007fc71e732d80] [info]    Initializing FileServer with ID: 1
[2025-01-27 18:27:45.661626] [0x00007fc71e732d80] [info]    Initializing Store with base path: fileserver_1
[2025-01-27 18:27:45.661636] [0x00007fc71e732d80] [debug]   Store directory created/verified at: fileserver_1
[2025-01-27 18:27:45.661640] [0x00007fc71e732d80] [info]    Initializing Codec with key of size: 32
[2025-01-27 18:27:45.661647] [0x00007fc71e732d80] [info]    FileServer initialization complete
[2025-01-27 18:27:45.661650] [0x00007fc71e732d80] [debug]   Bootstrap program: File Server created successfully
[2025-01-27 18:27:45.661653] [0x00007fc71e732d80] [info]    Bootstrap program: Successfully created all components
[2025-01-27 18:27:45.661657] [0x00007fc71e732d80] [info]    Initializing Bootstrap with ID: 2
[2025-01-27 18:27:45.661660] [0x00007fc71e732d80] [debug]   Bootstrap program: Channel created successfully
[2025-01-27 18:27:45.661664] [0x00007fc71e732d80] [info]    Initializing TCP server  on 127.0.0.1:3002
[2025-01-27 18:27:45.661666] [0x00007fc71e732d80] [debug]   Bootstrap program: TCP Server created successfully
[2025-01-27 18:27:45.661669] [0x00007fc71e732d80] [info]    PeerManager initialized with key size: 32 bytes
[2025-01-27 18:27:45.661671] [0x00007fc71e732d80] [debug]   Bootstrap program: Peer Manager created successfully
[2025-01-27 18:27:45.661673] [0x00007fc71e732d80] [info]    PeerManager set for TCP server 
[2025-01-27 18:27:45.661675] [0x00007fc71e732d80] [info]    Initializing FileServer with ID: 2
[2025-01-27 18:27:45.661678] [0x00007fc71e732d80] [info]    Initializing Store with base path: fileserver_2
[2025-01-27 18:27:45.661682] [0x00007fc71e732d80] [debug]   Store directory created/verified at: fileserver_2
[2025-01-27 18:27:45.661686] [0x00007fc71e732d80] [info]    Initializing Codec with key of size: 32
[2025-01-27 18:27:45.661689] [0x00007fc71e732d80] [info]    FileServer initialization complete
[2025-01-27 18:27:45.661691] [0x00007fc71e732d80] [debug]   Bootstrap program: File Server created successfully
[2025-01-27 18:27:45.661694] [0x00007fc71e732d80] [info]    Bootstrap program: Successfully created all components
[2025-01-27 18:27:45.661784] [0x00007fc71e72c6c0] [debug]   Endpoint created
[2025-01-27 18:27:45.661795] [0x00007fc71e72c6c0] [debug]   Acceptor created
[2025-01-27 18:27:45.662436] [0x00007fc71e72c6c0] [debug]   Starting to accept connections
[2025-01-27 18:27:45.662444] [0x00007fc71e72c6c0] [debug]   Creating new socket for incoming connection
[2025-01-27 18:27:45.662457] [0x00007fc71e72c6c0] [debug]   Starting IO context
[2025-01-27 18:27:45.662493] [0x00007fc71e72c6c0] [info]    Server started successfully on 127.0.0.1:3001
[2025-01-27 18:27:45.662495] [0x00007fc71e72c6c0] [info]    Bootstrap program: Bootstrap successfully started
[2025-01-27 18:27:46.661894] [0x00007fc71d72a6c0] [debug]   Endpoint created
[2025-01-27 18:27:46.661909] [0x00007fc71d72a6c0] [debug]   Acceptor created
[2025-01-27 18:27:46.662480] [0x00007fc71d72a6c0] [debug]   Starting to accept connections
[2025-01-27 18:27:46.662488] [0x00007fc71d72a6c0] [debug]   Creating new socket for incoming connection
[2025-01-27 18:27:46.662501] [0x00007fc71d72a6c0] [debug]   Starting IO context
[2025-01-27 18:27:46.662558] [0x00007fc71d72a6c0] [info]    Server started successfully on 127.0.0.1:3002
[2025-01-27 18:27:46.662571] [0x00007fc71d72a6c0] [info]    Bootstrap program: Connecting to bootstrap nodes...
[2025-01-27 18:27:46.662575] [0x00007fc71d72a6c0] [info]    Resolving address to endpoints
[2025-01-27 18:27:46.662590] [0x00007fc71d72a6c0] [info]    Attempting to connect to 127.0.0.1:3001
[2025-01-27 18:27:46.662656] [0x00007fc71d72a6c0] [info]    Successfully connected to 127.0.0.1:3001
[2025-01-27 18:27:46.662663] [0x00007fc71d72a6c0] [debug]   Initiating handshake request
[2025-01-27 18:27:46.662665] [0x00007fc71d72a6c0] [debug]   Starting to send ID
[2025-01-27 18:27:46.662679] [0x00007fc71d72a6c0] [info]    Sent ID: 2
[2025-01-27 18:27:46.662681] [0x00007fc71d72a6c0] [debug]   Starting to read ID
[2025-01-27 18:27:46.662741] [0x00007fc71df2b6c0] [debug]   Calling receive_handshake for incoming connection
[2025-01-27 18:27:46.662755] [0x00007fc71df2b6c0] [debug]   Receiving handshake request
[2025-01-27 18:27:46.662758] [0x00007fc71df2b6c0] [debug]   Starting to read ID
[2025-01-27 18:27:46.662764] [0x00007fc71df2b6c0] [info]    Received ID: 2
[2025-01-27 18:27:46.662767] [0x00007fc71df2b6c0] [debug]   Preparing to send ID back to peer: 1
[2025-01-27 18:27:46.662770] [0x00007fc71df2b6c0] [debug]   Starting to send ID
[2025-01-27 18:27:46.662808] [0x00007fc71d72a6c0] [info]    Received ID: 1
[2025-01-27 18:27:46.662823] [0x00007fc71d72a6c0] [debug]   Creating new peer with ID: 1
[2025-01-27 18:27:46.662833] [0x00007fc71df2b6c0] [info]    Sent ID: 1
[2025-01-27 18:27:46.662843] [0x00007fc71d72a6c0] [info]    Initializing Codec with key of size: 32
[2025-01-27 18:27:46.662855] [0x00007fc71d72a6c0] [debug]   Constructing TCP_Peer
[2025-01-27 18:27:46.662856] [0x00007fc71d72a6c0] [debug]   Input stream initialized
[2025-01-27 18:27:46.662858] [0x00007fc71d72a6c0] [info]    TCP_Peer instance created successfully
[2025-01-27 18:27:46.662861] [0x00007fc71d72a6c0] [info]    Added peer with ID: 1
[2025-01-27 18:27:46.662863] [0x00007fc71d72a6c0] [debug]   Setting stream processor
[2025-01-27 18:27:46.662868] [0x00007fc71d72a6c0] [debug]   Stream processor configured
[2025-01-27 18:27:46.662873] [0x00007fc71d72a6c0] [debug]   Attempting to start stream processing
[2025-01-27 18:27:46.662879] [0x00007fc71df2b6c0] [debug]   Successfully sent ID back to peer
[2025-01-27 18:27:46.662894] [0x00007fc71df2b6c0] [debug]   Creating new peer with ID: 2
[2025-01-27 18:27:46.662913] [0x00007fc71d72a6c0] [info]    Stream processing started successfully
[2025-01-27 18:27:46.662921] [0x00007fc71df2b6c0] [info]    Initializing Codec with key of size: 32
[2025-01-27 18:27:46.662934] [0x00007fc71df2b6c0] [debug]   Constructing TCP_Peer
[2025-01-27 18:27:46.662939] [0x00007fc71df2b6c0] [debug]   Input stream initialized
[2025-01-27 18:27:46.662948] [0x00007fc71df2b6c0] [info]    TCP_Peer instance created successfully
[2025-01-27 18:27:46.662959] [0x00007fc71d72a6c0] [info]    Accepted and initialized new connection from peer: 1
[2025-01-27 18:27:46.662975] [0x00007fc71d72a6c0] [debug]   Creating new socket for incoming connection
[2025-01-27 18:27:46.662989] [0x00007fc71d72a6c0] [info]    Bootstrap program: Bootstrap successfully started
[2025-01-27 18:27:46.663000] [0x00007fc717fff6c0] [debug]   Setting up stream processing
[2025-01-27 18:27:46.663019] [0x00007fc717fff6c0] [trace]   Setting up next async read
[2025-01-27 18:27:46.663024] [0x00007fc71df2b6c0] [info]    Added peer with ID: 2
[2025-01-27 18:27:46.663035] [0x00007fc71df2b6c0] [debug]   Setting stream processor
[2025-01-27 18:27:46.663039] [0x00007fc71df2b6c0] [debug]   Stream processor configured
[2025-01-27 18:27:46.663042] [0x00007fc71df2b6c0] [debug]   Attempting to start stream processing
[2025-01-27 18:27:46.663082] [0x00007fc71df2b6c0] [info]    Stream processing started successfully
[2025-01-27 18:27:46.663091] [0x00007fc71df2b6c0] [info]    Accepted and initialized new connection from peer: 2
[2025-01-27 18:27:46.663094] [0x00007fc71df2b6c0] [debug]   Creating new socket for incoming connection
[2025-01-27 18:27:46.663108] [0x00007fc71df2b6c0] [debug]   Handshake complete for peer: 2
[2025-01-27 18:27:46.663112] [0x00007fc71df2b6c0] [debug]   Creating new socket for incoming connection
[2025-01-27 18:27:46.663143] [0x00007fc7177fe6c0] [debug]   Setting up stream processing
[2025-01-27 18:27:46.663154] [0x00007fc7177fe6c0] [trace]   Setting up next async read
[2025-01-27 18:27:47.663534] [0x00007fc71e732d80] [info]    Initializing Bootstrap with ID: 2
[2025-01-27 18:27:47.663553] [0x00007fc71e732d80] [debug]   Bootstrap program: Channel created successfully
[2025-01-27 18:27:47.663561] [0x00007fc71e732d80] [info]    Initializing TCP server  on 127.0.0.1:3003
[2025-01-27 18:27:47.663564] [0x00007fc71e732d80] [debug]   Bootstrap program: TCP Server created successfully
[2025-01-27 18:27:47.663575] [0x00007fc71e732d80] [info]    PeerManager initialized with key size: 32 bytes
[2025-01-27 18:27:47.663579] [0x00007fc71e732d80] [debug]   Bootstrap program: Peer Manager created successfully
[2025-01-27 18:27:47.663582] [0x00007fc71e732d80] [info]    PeerManager set for TCP server 
[2025-01-27 18:27:47.663586] [0x00007fc71e732d80] [info]    Initializing FileServer with ID: 2
[2025-01-27 18:27:47.663590] [0x00007fc71e732d80] [info]    Initializing Store with base path: fileserver_2
[2025-01-27 18:27:47.663597] [0x00007fc71e732d80] [debug]   Store directory created/verified at: fileserver_2
[2025-01-27 18:27:47.663599] [0x00007fc71e732d80] [info]    Initializing Codec with key of size: 32
[2025-01-27 18:27:47.663601] [0x00007fc71e732d80] [info]    FileServer initialization complete
[2025-01-27 18:27:47.663602] [0x00007fc71e732d80] [debug]   Bootstrap program: File Server created successfully
[2025-01-27 18:27:47.663604] [0x00007fc71e732d80] [info]    Bootstrap program: Successfully created all components
[2025-01-27 18:27:47.663606] [0x00007fc71e732d80] [debug]   Endpoint created
[2025-01-27 18:27:47.663609] [0x00007fc71e732d80] [debug]   Acceptor created
[2025-01-27 18:27:47.664065] [0x00007fc71e732d80] [debug]   Starting to accept connections
[2025-01-27 18:27:47.664077] [0x00007fc71e732d80] [debug]   Creating new socket for incoming connection
[2025-01-27 18:27:47.664110] [0x00007fc71e732d80] [debug]   Starting IO context
[2025-01-27 18:27:47.664262] [0x00007fc71e732d80] [info]    Server started successfully on 127.0.0.1:3003
[2025-01-27 18:27:47.664268] [0x00007fc71e732d80] [info]    Bootstrap program: Connecting to bootstrap nodes...
[2025-01-27 18:27:47.664273] [0x00007fc71e732d80] [info]    Resolving address to endpoints
[2025-01-27 18:27:47.664283] [0x00007fc71e732d80] [info]    Attempting to connect to 127.0.0.1:3001
[2025-01-27 18:27:47.664382] [0x00007fc71e732d80] [info]    Successfully connected to 127.0.0.1:3001
[2025-01-27 18:27:47.664389] [0x00007fc71e732d80] [debug]   Initiating handshake request
[2025-01-27 18:27:47.664393] [0x00007fc71e732d80] [debug]   Starting to send ID
[2025-01-27 18:27:47.664416] [0x00007fc71e732d80] [info]    Sent ID: 2
[2025-01-27 18:27:47.664421] [0x00007fc71e732d80] [debug]   Starting to read ID
[2025-01-27 18:27:47.664433] [0x00007fc71df2b6c0] [debug]   Calling receive_handshake for incoming connection
[2025-01-27 18:27:47.664445] [0x00007fc71df2b6c0] [debug]   Receiving handshake request
[2025-01-27 18:27:47.664447] [0x00007fc71df2b6c0] [debug]   Starting to read ID
[2025-01-27 18:27:47.664454] [0x00007fc71df2b6c0] [info]    Received ID: 2
[2025-01-27 18:27:47.664457] [0x00007fc71df2b6c0] [warning] Peer 2 already exists
[2025-01-27 18:27:47.664500] [0x00007fc71df2b6c0] [debug]   Creating new socket for incoming connection
[2025-01-27 18:27:47.664549] [0x00007fc71e732d80] [error]   Failed to read ID: read: End of file [asio.misc:2]
[2025-01-27 18:27:47.664561] [0x00007fc71e732d80] [error]   Handshake failed: read: End of file [asio.misc:2]
[2025-01-27 18:27:47.664617] [0x00007fc71e732d80] [warning] Bootstrap program: Failed to connect to some bootstrap nodes
[2025-01-27 18:27:47.664621] [0x00007fc71e732d80] [info]    Bootstrap program: Bootstrap successfully started
[2025-01-27 18:27:48.664727] [0x00007fc71e732d80] [info]    Bootstrap program: Initiating shutdown sequence
[2025-01-27 18:27:48.664748] [0x00007fc71e732d80] [debug]   Bootstrap program: Shutting down File Server
[2025-01-27 18:27:48.664752] [0x00007fc71e732d80] [debug]   Bootstrap program: Shutting down Peer Manager
[2025-01-27 18:27:48.664756] [0x00007fc71e732d80] [info]    Initiating PeerManager shutdown
[2025-01-27 18:27:48.664760] [0x00007fc71e732d80] [info]    PeerManager shutdown complete
[2025-01-27 18:27:48.664763] [0x00007fc71e732d80] [debug]   Bootstrap program: Shutting down TCP Server
[2025-01-27 18:27:48.664766] [0x00007fc71e732d80] [info]    Initiating server shutdown
[2025-01-27 18:27:48.664875] [0x00007fc71e732d80] [info]    Server shutdown complete
[2025-01-27 18:27:48.664917] [0x00007fc71e732d80] [debug]   Bootstrap program: Shutting down Channel
[2025-01-27 18:27:48.664924] [0x00007fc71e732d80] [info]    Bootstrap program: Shutdown complete
[2025-01-27 18:27:48.664927] [0x00007fc71e732d80] [info]    Bootstrap program: Initiating shutdown sequence
[2025-01-27 18:27:48.664930] [0x00007fc71e732d80] [debug]   Bootstrap program: Shutting down File Server
[2025-01-27 18:27:48.664933] [0x00007fc71e732d80] [debug]   Bootstrap program: Shutting down Peer Manager
[2025-01-27 18:27:48.664939] [0x00007fc71e732d80] [info]    Initiating PeerManager shutdown
[2025-01-27 18:27:48.664942] [0x00007fc71e732d80] [debug]   Stopping stream processing
[2025-01-27 18:27:48.664969] [0x00007fc717fff6c0] [info]    Stream processing stopped
[2025-01-27 18:27:48.665025] [0x00007fc71e732d80] [debug]   Processing thread joined
[2025-01-27 18:27:48.665034] [0x00007fc71e732d80] [info]    Stream processing stopped
[2025-01-27 18:27:48.665081] [0x00007fc71df2b6c0] [error]   Read error: End of file
[2025-01-27 18:27:48.665096] [0x00007fc71df2b6c0] [trace]   Setting up next async read
[2025-01-27 18:27:48.665104] [0x00007fc71e732d80] [info]    Successfully disconnected peer: 1
[2025-01-27 18:27:48.665107] [0x00007fc71e732d80] [debug]   Disconnected peer: 
[2025-01-27 18:27:48.665110] [0x00007fc71e732d80] [info]    PeerManager shutdown complete
[2025-01-27 18:27:48.665112] [0x00007fc71e732d80] [debug]   Bootstrap program: Shutting down TCP Server
[2025-01-27 18:27:48.665115] [0x00007fc71e732d80] [info]    Initiating server shutdown
[2025-01-27 18:27:48.665218] [0x00007fc71e732d80] [info]    Server shutdown complete
[2025-01-27 18:27:48.665252] [0x00007fc71e732d80] [debug]   Bootstrap program: Shutting down Channel
[2025-01-27 18:27:48.665260] [0x00007fc71e732d80] [info]    Bootstrap program: Shutdown complete
[2025-01-27 18:27:48.665264] [0x00007fc71e732d80] [info]    Bootstrap program: Initiating shutdown sequence
[2025-01-27 18:27:48.665267] [0x00007fc71e732d80] [debug]   Bootstrap program: Shutting down File Server
[2025-01-27 18:27:48.665271] [0x00007fc71e732d80] [debug]   Bootstrap program: Shutting down Peer Manager
[2025-01-27 18:27:48.665275] [0x00007fc71e732d80] [info]    Initiating PeerManager shutdown
[2025-01-27 18:27:48.665280] [0x00007fc71e732d80] [debug]   Stopping stream processing
[2025-01-27 18:27:48.665329] [0x00007fc7177fe6c0] [info]    Stream processing stopped
[2025-01-27 18:27:48.665377] [0x00007fc71e732d80] [debug]   Processing thread joined
[2025-01-27 18:27:48.665385] [0x00007fc71e732d80] [info]    Stream processing stopped
[2025-01-27 18:27:48.665447] [0x00007fc71e732d80] [info]    Successfully disconnected peer: 2
[2025-01-27 18:27:48.665455] [0x00007fc71e732d80] [debug]   Disconnected peer: 
[2025-01-27 18:27:48.665459] [0x00007fc71e732d80] [info]    PeerManager shutdown complete
[2025-01-27 18:27:48.665462] [0x00007fc71e732d80] [debug]   Bootstrap program: Shutting down TCP Server
[2025-01-27 18:27:48.665465] [0x00007fc71e732d80] [info]    Initiating server shutdown
[2025-01-27 18:27:48.665529] [0x00007fc71e732d80] [info]    Server shutdown complete
[2025-01-27 18:27:48.665547] [0x00007fc71e732d80] [debug]   Bootstrap program: Shutting down Channel
[2025-01-27 18:27:48.665554] [0x00007fc71e732d80] [info]    Bootstrap program: Shutdown complete
[       OK ] BootstrapTest.DuplicatePeerConnection (3004 ms)
[----------] 1 test from BootstrapTest (3004 ms total)

[----------] Global test environment tear-down
[==========] 1 test from 1 test suite ran. (3004 ms total)
[  PASSED  ] 1 test.
<end of output>
Test time =   3.03 sec
----------------------------------------------------------
Test Passed.
"BootstrapTest.DuplicatePeerConnection" end time: Jan 27 18:27 UTC
"BootstrapTest.DuplicatePeerConnection" time elapsed: 00:00:03
----------------------------------------------------------

End testing: Jan 27 18:27 UTC
