Start testing: Jan 23 00:05 UTC
----------------------------------------------------------
1/28 Testing: CryptoStreamTest.BasicStreamOperation
1/28 Test: CryptoStreamTest.BasicStreamOperation
Command: "/home/runner/workspace/build/crypto_tests" "--gtest_filter=CryptoStreamTest.BasicStreamOperation" "--gtest_also_run_disabled_tests"
Directory: /home/runner/workspace/build
"CryptoStreamTest.BasicStreamOperation" start time: Jan 23 00:05 UTC
Output:
----------------------------------------------------------
Running main() from /build/source/googletest/src/gtest_main.cc
Note: Google Test filter = CryptoStreamTest.BasicStreamOperation
[==========] Running 1 test from 1 test suite.
[----------] Global test environment set-up.
[----------] 1 test from CryptoStreamTest
[ RUN      ] CryptoStreamTest.BasicStreamOperation
[2025-01-23 00:05:54.069608] [0x00007f2ece8a5b80] [info]    Initializing CryptoStream
[2025-01-23 00:05:54.069743] [0x00007f2ece8a5b80] [debug]   CryptoStream initialization complete
[2025-01-23 00:05:54.069750] [0x00007f2ece8a5b80] [info]    Initializing crypto parameters
[2025-01-23 00:05:54.069752] [0x00007f2ece8a5b80] [debug]   Crypto parameters initialized successfully
[2025-01-23 00:05:54.069757] [0x00007f2ece8a5b80] [info]    Starting stream encryption
[2025-01-23 00:05:54.069760] [0x00007f2ece8a5b80] [debug]   Initializing cipher for encryption
[2025-01-23 00:05:54.071341] [0x00007f2ece8a5b80] [debug]   Cipher initialization complete
[2025-01-23 00:05:54.071354] [0x00007f2ece8a5b80] [info]    Starting stream decryption
[2025-01-23 00:05:54.071357] [0x00007f2ece8a5b80] [debug]   Initializing cipher for decryption
[2025-01-23 00:05:54.071360] [0x00007f2ece8a5b80] [debug]   Cipher initialization complete
[2025-01-23 00:05:54.071365] [0x00007f2ece8a5b80] [debug]   Cleaning up CryptoStream resources
[       OK ] CryptoStreamTest.BasicStreamOperation (1 ms)
[----------] 1 test from CryptoStreamTest (1 ms total)

[----------] Global test environment tear-down
[==========] 1 test from 1 test suite ran. (1 ms total)
[  PASSED  ] 1 test.
<end of output>
Test time =   0.01 sec
----------------------------------------------------------
Test Passed.
"CryptoStreamTest.BasicStreamOperation" end time: Jan 23 00:05 UTC
"CryptoStreamTest.BasicStreamOperation" time elapsed: 00:00:00
----------------------------------------------------------

2/28 Testing: CryptoStreamTest.UninitializedError
2/28 Test: CryptoStreamTest.UninitializedError
Command: "/home/runner/workspace/build/crypto_tests" "--gtest_filter=CryptoStreamTest.UninitializedError" "--gtest_also_run_disabled_tests"
Directory: /home/runner/workspace/build
"CryptoStreamTest.UninitializedError" start time: Jan 23 00:05 UTC
Output:
----------------------------------------------------------
Running main() from /build/source/googletest/src/gtest_main.cc
Note: Google Test filter = CryptoStreamTest.UninitializedError
[==========] Running 1 test from 1 test suite.
[----------] Global test environment set-up.
[----------] 1 test from CryptoStreamTest
[ RUN      ] CryptoStreamTest.UninitializedError
[2025-01-23 00:05:54.082978] [0x00007f7a0a264b80] [info]    Initializing CryptoStream
[2025-01-23 00:05:54.083116] [0x00007f7a0a264b80] [debug]   CryptoStream initialization complete
[2025-01-23 00:05:54.083125] [0x00007f7a0a264b80] [info]    Initializing crypto parameters
[2025-01-23 00:05:54.083128] [0x00007f7a0a264b80] [debug]   Crypto parameters initialized successfully
[2025-01-23 00:05:54.083132] [0x00007f7a0a264b80] [info]    Initializing CryptoStream
[2025-01-23 00:05:54.083135] [0x00007f7a0a264b80] [debug]   CryptoStream initialization complete
[2025-01-23 00:05:54.083142] [0x00007f7a0a264b80] [info]    Starting stream encryption
[2025-01-23 00:05:54.083148] [0x00007f7a0a264b80] [debug]   Initializing cipher for encryption
[2025-01-23 00:05:54.083150] [0x00007f7a0a264b80] [error]   Attempted to use uninitialized CryptoStream
[2025-01-23 00:05:54.083180] [0x00007f7a0a264b80] [error]   Stream processing failed: Initialization error: CryptoStream not initialized
[2025-01-23 00:05:54.083195] [0x00007f7a0a264b80] [debug]   Cleaning up CryptoStream resources
[2025-01-23 00:05:54.083205] [0x00007f7a0a264b80] [debug]   Cleaning up CryptoStream resources
[       OK ] CryptoStreamTest.UninitializedError (0 ms)
[----------] 1 test from CryptoStreamTest (0 ms total)

[----------] Global test environment tear-down
[==========] 1 test from 1 test suite ran. (0 ms total)
[  PASSED  ] 1 test.
<end of output>
Test time =   0.01 sec
----------------------------------------------------------
Test Passed.
"CryptoStreamTest.UninitializedError" end time: Jan 23 00:05 UTC
"CryptoStreamTest.UninitializedError" time elapsed: 00:00:00
----------------------------------------------------------

3/28 Testing: CryptoStreamTest.EmptyStream
3/28 Test: CryptoStreamTest.EmptyStream
Command: "/home/runner/workspace/build/crypto_tests" "--gtest_filter=CryptoStreamTest.EmptyStream" "--gtest_also_run_disabled_tests"
Directory: /home/runner/workspace/build
"CryptoStreamTest.EmptyStream" start time: Jan 23 00:05 UTC
Output:
----------------------------------------------------------
Running main() from /build/source/googletest/src/gtest_main.cc
Note: Google Test filter = CryptoStreamTest.EmptyStream
[==========] Running 1 test from 1 test suite.
[----------] Global test environment set-up.
[----------] 1 test from CryptoStreamTest
[ RUN      ] CryptoStreamTest.EmptyStream
[2025-01-23 00:05:54.094281] [0x00007f1b68184b80] [info]    Initializing CryptoStream
[2025-01-23 00:05:54.094413] [0x00007f1b68184b80] [debug]   CryptoStream initialization complete
[2025-01-23 00:05:54.094424] [0x00007f1b68184b80] [info]    Initializing crypto parameters
[2025-01-23 00:05:54.094428] [0x00007f1b68184b80] [debug]   Crypto parameters initialized successfully
[2025-01-23 00:05:54.094435] [0x00007f1b68184b80] [info]    Starting stream encryption
[2025-01-23 00:05:54.094440] [0x00007f1b68184b80] [debug]   Initializing cipher for encryption
[2025-01-23 00:05:54.095959] [0x00007f1b68184b80] [debug]   Cipher initialization complete
[2025-01-23 00:05:54.095971] [0x00007f1b68184b80] [info]    Starting stream decryption
[2025-01-23 00:05:54.095974] [0x00007f1b68184b80] [debug]   Initializing cipher for decryption
[2025-01-23 00:05:54.095977] [0x00007f1b68184b80] [debug]   Cipher initialization complete
[2025-01-23 00:05:54.095981] [0x00007f1b68184b80] [debug]   Cleaning up CryptoStream resources
[       OK ] CryptoStreamTest.EmptyStream (1 ms)
[----------] 1 test from CryptoStreamTest (1 ms total)

[----------] Global test environment tear-down
[==========] 1 test from 1 test suite ran. (1 ms total)
[  PASSED  ] 1 test.
<end of output>
Test time =   0.01 sec
----------------------------------------------------------
Test Passed.
"CryptoStreamTest.EmptyStream" end time: Jan 23 00:05 UTC
"CryptoStreamTest.EmptyStream" time elapsed: 00:00:00
----------------------------------------------------------

4/28 Testing: CryptoStreamTest.LargeStream
4/28 Test: CryptoStreamTest.LargeStream
Command: "/home/runner/workspace/build/crypto_tests" "--gtest_filter=CryptoStreamTest.LargeStream" "--gtest_also_run_disabled_tests"
Directory: /home/runner/workspace/build
"CryptoStreamTest.LargeStream" start time: Jan 23 00:05 UTC
Output:
----------------------------------------------------------
Running main() from /build/source/googletest/src/gtest_main.cc
Note: Google Test filter = CryptoStreamTest.LargeStream
[==========] Running 1 test from 1 test suite.
[----------] Global test environment set-up.
[----------] 1 test from CryptoStreamTest
[ RUN      ] CryptoStreamTest.LargeStream
[2025-01-23 00:05:54.106425] [0x00007ff48885ab80] [info]    Initializing CryptoStream
[2025-01-23 00:05:54.106540] [0x00007ff48885ab80] [debug]   CryptoStream initialization complete
[2025-01-23 00:05:54.106548] [0x00007ff48885ab80] [info]    Initializing crypto parameters
[2025-01-23 00:05:54.106552] [0x00007ff48885ab80] [debug]   Crypto parameters initialized successfully
[2025-01-23 00:05:54.113230] [0x00007ff48885ab80] [info]    Starting stream encryption
[2025-01-23 00:05:54.113240] [0x00007ff48885ab80] [debug]   Initializing cipher for encryption
[2025-01-23 00:05:54.114659] [0x00007ff48885ab80] [debug]   Cipher initialization complete
[2025-01-23 00:05:54.116948] [0x00007ff48885ab80] [info]    Starting stream decryption
[2025-01-23 00:05:54.116960] [0x00007ff48885ab80] [debug]   Initializing cipher for decryption
[2025-01-23 00:05:54.116968] [0x00007ff48885ab80] [debug]   Cipher initialization complete
[2025-01-23 00:05:54.118002] [0x00007ff48885ab80] [debug]   Cleaning up CryptoStream resources
[       OK ] CryptoStreamTest.LargeStream (11 ms)
[----------] 1 test from CryptoStreamTest (11 ms total)

[----------] Global test environment tear-down
[==========] 1 test from 1 test suite ran. (11 ms total)
[  PASSED  ] 1 test.
<end of output>
Test time =   0.02 sec
----------------------------------------------------------
Test Passed.
"CryptoStreamTest.LargeStream" end time: Jan 23 00:05 UTC
"CryptoStreamTest.LargeStream" time elapsed: 00:00:00
----------------------------------------------------------

5/28 Testing: CryptoStreamTest.InvalidStreamState
5/28 Test: CryptoStreamTest.InvalidStreamState
Command: "/home/runner/workspace/build/crypto_tests" "--gtest_filter=CryptoStreamTest.InvalidStreamState" "--gtest_also_run_disabled_tests"
Directory: /home/runner/workspace/build
"CryptoStreamTest.InvalidStreamState" start time: Jan 23 00:05 UTC
Output:
----------------------------------------------------------
Running main() from /build/source/googletest/src/gtest_main.cc
Note: Google Test filter = CryptoStreamTest.InvalidStreamState
[==========] Running 1 test from 1 test suite.
[----------] Global test environment set-up.
[----------] 1 test from CryptoStreamTest
[ RUN      ] CryptoStreamTest.InvalidStreamState
[2025-01-23 00:05:54.129748] [0x00007fd2b44beb80] [info]    Initializing CryptoStream
[2025-01-23 00:05:54.129883] [0x00007fd2b44beb80] [debug]   CryptoStream initialization complete
[2025-01-23 00:05:54.129894] [0x00007fd2b44beb80] [info]    Initializing crypto parameters
[2025-01-23 00:05:54.129897] [0x00007fd2b44beb80] [debug]   Crypto parameters initialized successfully
[2025-01-23 00:05:54.129902] [0x00007fd2b44beb80] [info]    Starting stream encryption
[2025-01-23 00:05:54.129905] [0x00007fd2b44beb80] [error]   Invalid stream state detected
[2025-01-23 00:05:54.129931] [0x00007fd2b44beb80] [info]    Starting stream encryption
[2025-01-23 00:05:54.129934] [0x00007fd2b44beb80] [error]   Invalid stream state detected
[2025-01-23 00:05:54.129940] [0x00007fd2b44beb80] [debug]   Cleaning up CryptoStream resources
[       OK ] CryptoStreamTest.InvalidStreamState (0 ms)
[----------] 1 test from CryptoStreamTest (0 ms total)

[----------] Global test environment tear-down
[==========] 1 test from 1 test suite ran. (0 ms total)
[  PASSED  ] 1 test.
<end of output>
Test time =   0.01 sec
----------------------------------------------------------
Test Passed.
"CryptoStreamTest.InvalidStreamState" end time: Jan 23 00:05 UTC
"CryptoStreamTest.InvalidStreamState" time elapsed: 00:00:00
----------------------------------------------------------

6/28 Testing: CryptoStreamTest.BlockAlignment
6/28 Test: CryptoStreamTest.BlockAlignment
Command: "/home/runner/workspace/build/crypto_tests" "--gtest_filter=CryptoStreamTest.BlockAlignment" "--gtest_also_run_disabled_tests"
Directory: /home/runner/workspace/build
"CryptoStreamTest.BlockAlignment" start time: Jan 23 00:05 UTC
Output:
----------------------------------------------------------
Running main() from /build/source/googletest/src/gtest_main.cc
Note: Google Test filter = CryptoStreamTest.BlockAlignment
[==========] Running 1 test from 1 test suite.
[----------] Global test environment set-up.
[----------] 1 test from CryptoStreamTest
[ RUN      ] CryptoStreamTest.BlockAlignment
[2025-01-23 00:05:54.140411] [0x00007f76650fbb80] [info]    Initializing CryptoStream
[2025-01-23 00:05:54.140516] [0x00007f76650fbb80] [debug]   CryptoStream initialization complete
[2025-01-23 00:05:54.140522] [0x00007f76650fbb80] [info]    Initializing crypto parameters
[2025-01-23 00:05:54.140524] [0x00007f76650fbb80] [debug]   Crypto parameters initialized successfully
[2025-01-23 00:05:54.140528] [0x00007f76650fbb80] [info]    Starting stream encryption
[2025-01-23 00:05:54.140534] [0x00007f76650fbb80] [debug]   Initializing cipher for encryption
[2025-01-23 00:05:54.141971] [0x00007f76650fbb80] [debug]   Cipher initialization complete
[2025-01-23 00:05:54.141987] [0x00007f76650fbb80] [info]    Starting stream decryption
[2025-01-23 00:05:54.141991] [0x00007f76650fbb80] [debug]   Initializing cipher for decryption
[2025-01-23 00:05:54.141997] [0x00007f76650fbb80] [debug]   Cipher initialization complete
[2025-01-23 00:05:54.142012] [0x00007f76650fbb80] [info]    Starting stream encryption
[2025-01-23 00:05:54.142019] [0x00007f76650fbb80] [debug]   Initializing cipher for encryption
[2025-01-23 00:05:54.142024] [0x00007f76650fbb80] [debug]   Cipher initialization complete
[2025-01-23 00:05:54.142028] [0x00007f76650fbb80] [info]    Starting stream decryption
[2025-01-23 00:05:54.142031] [0x00007f76650fbb80] [debug]   Initializing cipher for decryption
[2025-01-23 00:05:54.142035] [0x00007f76650fbb80] [debug]   Cipher initialization complete
[2025-01-23 00:05:54.142043] [0x00007f76650fbb80] [info]    Starting stream encryption
[2025-01-23 00:05:54.142047] [0x00007f76650fbb80] [debug]   Initializing cipher for encryption
[2025-01-23 00:05:54.142051] [0x00007f76650fbb80] [debug]   Cipher initialization complete
[2025-01-23 00:05:54.142058] [0x00007f76650fbb80] [info]    Starting stream decryption
[2025-01-23 00:05:54.142061] [0x00007f76650fbb80] [debug]   Initializing cipher for decryption
[2025-01-23 00:05:54.142066] [0x00007f76650fbb80] [debug]   Cipher initialization complete
[2025-01-23 00:05:54.142071] [0x00007f76650fbb80] [info]    Starting stream encryption
[2025-01-23 00:05:54.142078] [0x00007f76650fbb80] [debug]   Initializing cipher for encryption
[2025-01-23 00:05:54.142082] [0x00007f76650fbb80] [debug]   Cipher initialization complete
[2025-01-23 00:05:54.142086] [0x00007f76650fbb80] [info]    Starting stream decryption
[2025-01-23 00:05:54.142088] [0x00007f76650fbb80] [debug]   Initializing cipher for decryption
[2025-01-23 00:05:54.142092] [0x00007f76650fbb80] [debug]   Cipher initialization complete
[2025-01-23 00:05:54.142099] [0x00007f76650fbb80] [info]    Starting stream encryption
[2025-01-23 00:05:54.142103] [0x00007f76650fbb80] [debug]   Initializing cipher for encryption
[2025-01-23 00:05:54.142108] [0x00007f76650fbb80] [debug]   Cipher initialization complete
[2025-01-23 00:05:54.142112] [0x00007f76650fbb80] [info]    Starting stream decryption
[2025-01-23 00:05:54.142115] [0x00007f76650fbb80] [debug]   Initializing cipher for decryption
[2025-01-23 00:05:54.142121] [0x00007f76650fbb80] [debug]   Cipher initialization complete
[2025-01-23 00:05:54.142127] [0x00007f76650fbb80] [info]    Starting stream encryption
[2025-01-23 00:05:54.142130] [0x00007f76650fbb80] [debug]   Initializing cipher for encryption
[2025-01-23 00:05:54.142134] [0x00007f76650fbb80] [debug]   Cipher initialization complete
[2025-01-23 00:05:54.142139] [0x00007f76650fbb80] [info]    Starting stream decryption
[2025-01-23 00:05:54.142147] [0x00007f76650fbb80] [debug]   Initializing cipher for decryption
[2025-01-23 00:05:54.142154] [0x00007f76650fbb80] [debug]   Cipher initialization complete
[2025-01-23 00:05:54.142160] [0x00007f76650fbb80] [debug]   Cleaning up CryptoStream resources
[       OK ] CryptoStreamTest.BlockAlignment (1 ms)
[----------] 1 test from CryptoStreamTest (1 ms total)

[----------] Global test environment tear-down
[==========] 1 test from 1 test suite ran. (1 ms total)
[  PASSED  ] 1 test.
<end of output>
Test time =   0.01 sec
----------------------------------------------------------
Test Passed.
"CryptoStreamTest.BlockAlignment" end time: Jan 23 00:05 UTC
"CryptoStreamTest.BlockAlignment" time elapsed: 00:00:00
----------------------------------------------------------

7/28 Testing: CryptoStreamTest.StreamOperators
7/28 Test: CryptoStreamTest.StreamOperators
Command: "/home/runner/workspace/build/crypto_tests" "--gtest_filter=CryptoStreamTest.StreamOperators" "--gtest_also_run_disabled_tests"
Directory: /home/runner/workspace/build
"CryptoStreamTest.StreamOperators" start time: Jan 23 00:05 UTC
Output:
----------------------------------------------------------
Running main() from /build/source/googletest/src/gtest_main.cc
Note: Google Test filter = CryptoStreamTest.StreamOperators
[==========] Running 1 test from 1 test suite.
[----------] Global test environment set-up.
[----------] 1 test from CryptoStreamTest
[ RUN      ] CryptoStreamTest.StreamOperators
[2025-01-23 00:05:54.152747] [0x00007f744f5a4b80] [info]    Initializing CryptoStream
[2025-01-23 00:05:54.152915] [0x00007f744f5a4b80] [debug]   CryptoStream initialization complete
[2025-01-23 00:05:54.152924] [0x00007f744f5a4b80] [info]    Initializing crypto parameters
[2025-01-23 00:05:54.152927] [0x00007f744f5a4b80] [debug]   Crypto parameters initialized successfully
[2025-01-23 00:05:54.152932] [0x00007f744f5a4b80] [debug]   Stream operator<< called, storing input stream for processing
[2025-01-23 00:05:54.152936] [0x00007f744f5a4b80] [debug]   Stream operator>> called in encryption mode
[2025-01-23 00:05:54.152941] [0x00007f744f5a4b80] [info]    Starting stream encryption
[2025-01-23 00:05:54.152946] [0x00007f744f5a4b80] [debug]   Initializing cipher for encryption
[2025-01-23 00:05:54.154332] [0x00007f744f5a4b80] [debug]   Cipher initialization complete
[2025-01-23 00:05:54.154344] [0x00007f744f5a4b80] [debug]   Stream processing complete
[2025-01-23 00:05:54.154347] [0x00007f744f5a4b80] [debug]   Stream operator<< called, storing input stream for processing
[2025-01-23 00:05:54.154349] [0x00007f744f5a4b80] [debug]   Stream operator>> called in decryption mode
[2025-01-23 00:05:54.154351] [0x00007f744f5a4b80] [info]    Starting stream decryption
[2025-01-23 00:05:54.154352] [0x00007f744f5a4b80] [debug]   Initializing cipher for decryption
[2025-01-23 00:05:54.154356] [0x00007f744f5a4b80] [debug]   Cipher initialization complete
[2025-01-23 00:05:54.154360] [0x00007f744f5a4b80] [debug]   Stream processing complete
[2025-01-23 00:05:54.154362] [0x00007f744f5a4b80] [debug]   Stream operator>> called in decryption mode
[2025-01-23 00:05:54.154365] [0x00007f744f5a4b80] [error]   Stream operator>> called without prior input stream
[2025-01-23 00:05:54.154387] [0x00007f744f5a4b80] [debug]   Cleaning up CryptoStream resources
[       OK ] CryptoStreamTest.StreamOperators (1 ms)
[----------] 1 test from CryptoStreamTest (1 ms total)

[----------] Global test environment tear-down
[==========] 1 test from 1 test suite ran. (1 ms total)
[  PASSED  ] 1 test.
<end of output>
Test time =   0.01 sec
----------------------------------------------------------
Test Passed.
"CryptoStreamTest.StreamOperators" end time: Jan 23 00:05 UTC
"CryptoStreamTest.StreamOperators" time elapsed: 00:00:00
----------------------------------------------------------

8/28 Testing: CryptoStreamTest.IVGeneration
8/28 Test: CryptoStreamTest.IVGeneration
Command: "/home/runner/workspace/build/crypto_tests" "--gtest_filter=CryptoStreamTest.IVGeneration" "--gtest_also_run_disabled_tests"
Directory: /home/runner/workspace/build
"CryptoStreamTest.IVGeneration" start time: Jan 23 00:05 UTC
Output:
----------------------------------------------------------
Running main() from /build/source/googletest/src/gtest_main.cc
Note: Google Test filter = CryptoStreamTest.IVGeneration
[==========] Running 1 test from 1 test suite.
[----------] Global test environment set-up.
[----------] 1 test from CryptoStreamTest
[ RUN      ] CryptoStreamTest.IVGeneration
[2025-01-23 00:05:54.165508] [0x00007f852d55db80] [info]    Initializing CryptoStream
[2025-01-23 00:05:54.165626] [0x00007f852d55db80] [debug]   CryptoStream initialization complete
[2025-01-23 00:05:54.165635] [0x00007f852d55db80] [info]    Initializing crypto parameters
[2025-01-23 00:05:54.165638] [0x00007f852d55db80] [debug]   Crypto parameters initialized successfully
[2025-01-23 00:05:54.165642] [0x00007f852d55db80] [info]    Initializing CryptoStream
[2025-01-23 00:05:54.165658] [0x00007f852d55db80] [debug]   CryptoStream initialization complete
[2025-01-23 00:05:54.165662] [0x00007f852d55db80] [debug]   Generating initialization vector
[2025-01-23 00:05:54.167129] [0x00007f852d55db80] [debug]   Successfully generated initialization vector
[2025-01-23 00:05:54.167140] [0x00007f852d55db80] [debug]   Generating initialization vector
[2025-01-23 00:05:54.167151] [0x00007f852d55db80] [debug]   Successfully generated initialization vector
[2025-01-23 00:05:54.167155] [0x00007f852d55db80] [info]    Initializing crypto parameters
[2025-01-23 00:05:54.167158] [0x00007f852d55db80] [debug]   Crypto parameters initialized successfully
[2025-01-23 00:05:54.167168] [0x00007f852d55db80] [info]    Starting stream encryption
[2025-01-23 00:05:54.167176] [0x00007f852d55db80] [debug]   Initializing cipher for encryption
[2025-01-23 00:05:54.167184] [0x00007f852d55db80] [debug]   Cipher initialization complete
[2025-01-23 00:05:54.167192] [0x00007f852d55db80] [info]    Starting stream decryption
[2025-01-23 00:05:54.167198] [0x00007f852d55db80] [debug]   Initializing cipher for decryption
[2025-01-23 00:05:54.167203] [0x00007f852d55db80] [debug]   Cipher initialization complete
[2025-01-23 00:05:54.167208] [0x00007f852d55db80] [debug]   Cleaning up CryptoStream resources
[2025-01-23 00:05:54.167212] [0x00007f852d55db80] [debug]   Cleaning up CryptoStream resources
[       OK ] CryptoStreamTest.IVGeneration (1 ms)
[----------] 1 test from CryptoStreamTest (1 ms total)

[----------] Global test environment tear-down
[==========] 1 test from 1 test suite ran. (1 ms total)
[  PASSED  ] 1 test.
<end of output>
Test time =   0.01 sec
----------------------------------------------------------
Test Passed.
"CryptoStreamTest.IVGeneration" end time: Jan 23 00:05 UTC
"CryptoStreamTest.IVGeneration" time elapsed: 00:00:00
----------------------------------------------------------

9/28 Testing: StoreTest.BasicStoreAndRetrieve
9/28 Test: StoreTest.BasicStoreAndRetrieve
Command: "/home/runner/workspace/build/store_tests" "--gtest_filter=StoreTest.BasicStoreAndRetrieve" "--gtest_also_run_disabled_tests"
Directory: /home/runner/workspace/build
"StoreTest.BasicStoreAndRetrieve" start time: Jan 23 00:05 UTC
Output:
----------------------------------------------------------
Running main() from /build/source/googletest/src/gtest_main.cc
Note: Google Test filter = StoreTest.BasicStoreAndRetrieve
[==========] Running 1 test from 1 test suite.
[----------] Global test environment set-up.
[----------] 1 test from StoreTest
[ RUN      ] StoreTest.BasicStoreAndRetrieve
[2025-01-23 00:05:54.177609] [0x00007fa6c8803b80] [info]    Initializing Store with base path: /tmp/store_test_1737590754177515362
[2025-01-23 00:05:54.177620] [0x00007fa6c8803b80] [debug]   Store directory created/verified at: /tmp/store_test_1737590754177515362
[2025-01-23 00:05:54.177626] [0x00007fa6c8803b80] [info]    Storing data with key: test_key
[2025-01-23 00:05:54.177630] [0x00007fa6c8803b80] [debug]   Generating hash for key: test_key
[2025-01-23 00:05:54.178732] [0x00007fa6c8803b80] [debug]   Generated hash: 92488e1e3eeecdf99f3ed2ce59233efb4b4fb612d5655c0ce9ea52b5a502e655
[2025-01-23 00:05:54.178743] [0x00007fa6c8803b80] [debug]   Calculated path: /tmp/store_test_1737590754177515362/92/48/8e/1e3eeecdf99f3ed2ce59233efb4b4fb612d5655c0ce9ea52b5a502e655
[2025-01-23 00:05:54.178793] [0x00007fa6c8803b80] [debug]   Calculated file path: /tmp/store_test_1737590754177515362/92/48/8e/1e3eeecdf99f3ed2ce59233efb4b4fb612d5655c0ce9ea52b5a502e655
[2025-01-23 00:05:54.178847] [0x00007fa6c8803b80] [info]    Successfully stored 13 bytes with key: test_key
[2025-01-23 00:05:54.178856] [0x00007fa6c8803b80] [debug]   Checking existence of key: test_key
[2025-01-23 00:05:54.178858] [0x00007fa6c8803b80] [debug]   Generating hash for key: test_key
[2025-01-23 00:05:54.178885] [0x00007fa6c8803b80] [debug]   Generated hash: 92488e1e3eeecdf99f3ed2ce59233efb4b4fb612d5655c0ce9ea52b5a502e655
[2025-01-23 00:05:54.178891] [0x00007fa6c8803b80] [debug]   Calculated path: /tmp/store_test_1737590754177515362/92/48/8e/1e3eeecdf99f3ed2ce59233efb4b4fb612d5655c0ce9ea52b5a502e655
[2025-01-23 00:05:54.178897] [0x00007fa6c8803b80] [debug]   Key test_key exists at path: /tmp/store_test_1737590754177515362/92/48/8e/1e3eeecdf99f3ed2ce59233efb4b4fb612d5655c0ce9ea52b5a502e655
[2025-01-23 00:05:54.178902] [0x00007fa6c8803b80] [info]    Retrieving data for key: test_key
[2025-01-23 00:05:54.178904] [0x00007fa6c8803b80] [debug]   Generating hash for key: test_key
[2025-01-23 00:05:54.178908] [0x00007fa6c8803b80] [debug]   Generated hash: 92488e1e3eeecdf99f3ed2ce59233efb4b4fb612d5655c0ce9ea52b5a502e655
[2025-01-23 00:05:54.178910] [0x00007fa6c8803b80] [debug]   Calculated path: /tmp/store_test_1737590754177515362/92/48/8e/1e3eeecdf99f3ed2ce59233efb4b4fb612d5655c0ce9ea52b5a502e655
[2025-01-23 00:05:54.178922] [0x00007fa6c8803b80] [info]    Successfully streamed 13 bytes for key: test_key
[2025-01-23 00:05:54.178930] [0x00007fa6c8803b80] [info]    Clearing entire store at: "/tmp/store_test_1737590754177515362"
[2025-01-23 00:05:54.179075] [0x00007fa6c8803b80] [info]    Store cleared successfully
[       OK ] StoreTest.BasicStoreAndRetrieve (1 ms)
[----------] 1 test from StoreTest (1 ms total)

[----------] Global test environment tear-down
[==========] 1 test from 1 test suite ran. (1 ms total)
[  PASSED  ] 1 test.
<end of output>
Test time =   0.01 sec
----------------------------------------------------------
Test Passed.
"StoreTest.BasicStoreAndRetrieve" end time: Jan 23 00:05 UTC
"StoreTest.BasicStoreAndRetrieve" time elapsed: 00:00:00
----------------------------------------------------------

10/28 Testing: StoreTest.EmptyInput
10/28 Test: StoreTest.EmptyInput
Command: "/home/runner/workspace/build/store_tests" "--gtest_filter=StoreTest.EmptyInput" "--gtest_also_run_disabled_tests"
Directory: /home/runner/workspace/build
"StoreTest.EmptyInput" start time: Jan 23 00:05 UTC
Output:
----------------------------------------------------------
Running main() from /build/source/googletest/src/gtest_main.cc
Note: Google Test filter = StoreTest.EmptyInput
[==========] Running 1 test from 1 test suite.
[----------] Global test environment set-up.
[----------] 1 test from StoreTest
[ RUN      ] StoreTest.EmptyInput
[2025-01-23 00:05:54.190072] [0x00007fd9043dbb80] [info]    Initializing Store with base path: /tmp/store_test_1737590754189988702
[2025-01-23 00:05:54.190083] [0x00007fd9043dbb80] [debug]   Store directory created/verified at: /tmp/store_test_1737590754189988702
[2025-01-23 00:05:54.190087] [0x00007fd9043dbb80] [info]    Storing data with key: empty_test
[2025-01-23 00:05:54.190092] [0x00007fd9043dbb80] [debug]   Generating hash for key: empty_test
[2025-01-23 00:05:54.191189] [0x00007fd9043dbb80] [debug]   Generated hash: f1b6800e9ca01dac557744adec3477366cbe3888d44fcabefb3078c4c069f3a8
[2025-01-23 00:05:54.191200] [0x00007fd9043dbb80] [debug]   Calculated path: /tmp/store_test_1737590754189988702/f1/b6/80/0e9ca01dac557744adec3477366cbe3888d44fcabefb3078c4c069f3a8
[2025-01-23 00:05:54.191258] [0x00007fd9043dbb80] [debug]   Calculated file path: /tmp/store_test_1737590754189988702/f1/b6/80/0e9ca01dac557744adec3477366cbe3888d44fcabefb3078c4c069f3a8
[2025-01-23 00:05:54.191282] [0x00007fd9043dbb80] [debug]   Storing empty content for key: empty_test
[2025-01-23 00:05:54.191292] [0x00007fd9043dbb80] [info]    Successfully stored 0 bytes with key: empty_test
[2025-01-23 00:05:54.191299] [0x00007fd9043dbb80] [debug]   Checking existence of key: empty_test
[2025-01-23 00:05:54.191302] [0x00007fd9043dbb80] [debug]   Generating hash for key: empty_test
[2025-01-23 00:05:54.191312] [0x00007fd9043dbb80] [debug]   Generated hash: f1b6800e9ca01dac557744adec3477366cbe3888d44fcabefb3078c4c069f3a8
[2025-01-23 00:05:54.191317] [0x00007fd9043dbb80] [debug]   Calculated path: /tmp/store_test_1737590754189988702/f1/b6/80/0e9ca01dac557744adec3477366cbe3888d44fcabefb3078c4c069f3a8
[2025-01-23 00:05:54.191322] [0x00007fd9043dbb80] [debug]   Key empty_test exists at path: /tmp/store_test_1737590754189988702/f1/b6/80/0e9ca01dac557744adec3477366cbe3888d44fcabefb3078c4c069f3a8
[2025-01-23 00:05:54.191327] [0x00007fd9043dbb80] [info]    Retrieving data for key: empty_test
[2025-01-23 00:05:54.191328] [0x00007fd9043dbb80] [debug]   Generating hash for key: empty_test
[2025-01-23 00:05:54.191332] [0x00007fd9043dbb80] [debug]   Generated hash: f1b6800e9ca01dac557744adec3477366cbe3888d44fcabefb3078c4c069f3a8
[2025-01-23 00:05:54.191334] [0x00007fd9043dbb80] [debug]   Calculated path: /tmp/store_test_1737590754189988702/f1/b6/80/0e9ca01dac557744adec3477366cbe3888d44fcabefb3078c4c069f3a8
[2025-01-23 00:05:54.191339] [0x00007fd9043dbb80] [debug]   Retrieved empty content for key: empty_test
[2025-01-23 00:05:54.191345] [0x00007fd9043dbb80] [info]    Clearing entire store at: "/tmp/store_test_1737590754189988702"
[2025-01-23 00:05:54.191564] [0x00007fd9043dbb80] [info]    Store cleared successfully
[       OK ] StoreTest.EmptyInput (1 ms)
[----------] 1 test from StoreTest (1 ms total)

[----------] Global test environment tear-down
[==========] 1 test from 1 test suite ran. (1 ms total)
[  PASSED  ] 1 test.
<end of output>
Test time =   0.01 sec
----------------------------------------------------------
Test Passed.
"StoreTest.EmptyInput" end time: Jan 23 00:05 UTC
"StoreTest.EmptyInput" time elapsed: 00:00:00
----------------------------------------------------------

11/28 Testing: StoreTest.MultipleFiles
11/28 Test: StoreTest.MultipleFiles
Command: "/home/runner/workspace/build/store_tests" "--gtest_filter=StoreTest.MultipleFiles" "--gtest_also_run_disabled_tests"
Directory: /home/runner/workspace/build
"StoreTest.MultipleFiles" start time: Jan 23 00:05 UTC
Output:
----------------------------------------------------------
Running main() from /build/source/googletest/src/gtest_main.cc
Note: Google Test filter = StoreTest.MultipleFiles
[==========] Running 1 test from 1 test suite.
[----------] Global test environment set-up.
[----------] 1 test from StoreTest
[ RUN      ] StoreTest.MultipleFiles
[2025-01-23 00:05:54.201924] [0x00007f737bd21b80] [info]    Initializing Store with base path: /tmp/store_test_1737590754201809652
[2025-01-23 00:05:54.201934] [0x00007f737bd21b80] [debug]   Store directory created/verified at: /tmp/store_test_1737590754201809652
[2025-01-23 00:05:54.201941] [0x00007f737bd21b80] [info]    Storing data with key: key1
[2025-01-23 00:05:54.201945] [0x00007f737bd21b80] [debug]   Generating hash for key: key1
[2025-01-23 00:05:54.203061] [0x00007f737bd21b80] [debug]   Generated hash: 8174099687a26621f4e2cdd7cc03b3dacedb3fb962255b1aafd033cabe831530
[2025-01-23 00:05:54.203072] [0x00007f737bd21b80] [debug]   Calculated path: /tmp/store_test_1737590754201809652/81/74/09/9687a26621f4e2cdd7cc03b3dacedb3fb962255b1aafd033cabe831530
[2025-01-23 00:05:54.203125] [0x00007f737bd21b80] [debug]   Calculated file path: /tmp/store_test_1737590754201809652/81/74/09/9687a26621f4e2cdd7cc03b3dacedb3fb962255b1aafd033cabe831530
[2025-01-23 00:05:54.203181] [0x00007f737bd21b80] [info]    Successfully stored 18 bytes with key: key1
[2025-01-23 00:05:54.203189] [0x00007f737bd21b80] [debug]   Checking existence of key: key1
[2025-01-23 00:05:54.203192] [0x00007f737bd21b80] [debug]   Generating hash for key: key1
[2025-01-23 00:05:54.203202] [0x00007f737bd21b80] [debug]   Generated hash: 8174099687a26621f4e2cdd7cc03b3dacedb3fb962255b1aafd033cabe831530
[2025-01-23 00:05:54.203208] [0x00007f737bd21b80] [debug]   Calculated path: /tmp/store_test_1737590754201809652/81/74/09/9687a26621f4e2cdd7cc03b3dacedb3fb962255b1aafd033cabe831530
[2025-01-23 00:05:54.203213] [0x00007f737bd21b80] [debug]   Key key1 exists at path: /tmp/store_test_1737590754201809652/81/74/09/9687a26621f4e2cdd7cc03b3dacedb3fb962255b1aafd033cabe831530
[2025-01-23 00:05:54.203216] [0x00007f737bd21b80] [info]    Storing data with key: key2
[2025-01-23 00:05:54.203217] [0x00007f737bd21b80] [debug]   Generating hash for key: key2
[2025-01-23 00:05:54.203221] [0x00007f737bd21b80] [debug]   Generated hash: b10253764c8b233fb37542e23401c7b450e5a6f9751f3b5a014f6f67e8bc999d
[2025-01-23 00:05:54.203226] [0x00007f737bd21b80] [debug]   Calculated path: /tmp/store_test_1737590754201809652/b1/02/53/764c8b233fb37542e23401c7b450e5a6f9751f3b5a014f6f67e8bc999d
[2025-01-23 00:05:54.203275] [0x00007f737bd21b80] [debug]   Calculated file path: /tmp/store_test_1737590754201809652/b1/02/53/764c8b233fb37542e23401c7b450e5a6f9751f3b5a014f6f67e8bc999d
[2025-01-23 00:05:54.203304] [0x00007f737bd21b80] [info]    Successfully stored 19 bytes with key: key2
[2025-01-23 00:05:54.203310] [0x00007f737bd21b80] [debug]   Checking existence of key: key2
[2025-01-23 00:05:54.203311] [0x00007f737bd21b80] [debug]   Generating hash for key: key2
[2025-01-23 00:05:54.203317] [0x00007f737bd21b80] [debug]   Generated hash: b10253764c8b233fb37542e23401c7b450e5a6f9751f3b5a014f6f67e8bc999d
[2025-01-23 00:05:54.203322] [0x00007f737bd21b80] [debug]   Calculated path: /tmp/store_test_1737590754201809652/b1/02/53/764c8b233fb37542e23401c7b450e5a6f9751f3b5a014f6f67e8bc999d
[2025-01-23 00:05:54.203327] [0x00007f737bd21b80] [debug]   Key key2 exists at path: /tmp/store_test_1737590754201809652/b1/02/53/764c8b233fb37542e23401c7b450e5a6f9751f3b5a014f6f67e8bc999d
[2025-01-23 00:05:54.203330] [0x00007f737bd21b80] [info]    Storing data with key: key3
[2025-01-23 00:05:54.203331] [0x00007f737bd21b80] [debug]   Generating hash for key: key3
[2025-01-23 00:05:54.203337] [0x00007f737bd21b80] [debug]   Generated hash: f576104eebeab09651d83acffc77c8b8c6eaa4b767aeab24d7da80f83f51d865
[2025-01-23 00:05:54.203345] [0x00007f737bd21b80] [debug]   Calculated path: /tmp/store_test_1737590754201809652/f5/76/10/4eebeab09651d83acffc77c8b8c6eaa4b767aeab24d7da80f83f51d865
[2025-01-23 00:05:54.203380] [0x00007f737bd21b80] [debug]   Calculated file path: /tmp/store_test_1737590754201809652/f5/76/10/4eebeab09651d83acffc77c8b8c6eaa4b767aeab24d7da80f83f51d865
[2025-01-23 00:05:54.203432] [0x00007f737bd21b80] [info]    Successfully stored 18 bytes with key: key3
[2025-01-23 00:05:54.203439] [0x00007f737bd21b80] [debug]   Checking existence of key: key3
[2025-01-23 00:05:54.203441] [0x00007f737bd21b80] [debug]   Generating hash for key: key3
[2025-01-23 00:05:54.203447] [0x00007f737bd21b80] [debug]   Generated hash: f576104eebeab09651d83acffc77c8b8c6eaa4b767aeab24d7da80f83f51d865
[2025-01-23 00:05:54.203452] [0x00007f737bd21b80] [debug]   Calculated path: /tmp/store_test_1737590754201809652/f5/76/10/4eebeab09651d83acffc77c8b8c6eaa4b767aeab24d7da80f83f51d865
[2025-01-23 00:05:54.203458] [0x00007f737bd21b80] [debug]   Key key3 exists at path: /tmp/store_test_1737590754201809652/f5/76/10/4eebeab09651d83acffc77c8b8c6eaa4b767aeab24d7da80f83f51d865
[2025-01-23 00:05:54.203462] [0x00007f737bd21b80] [debug]   Checking existence of key: key1
[2025-01-23 00:05:54.203463] [0x00007f737bd21b80] [debug]   Generating hash for key: key1
[2025-01-23 00:05:54.203466] [0x00007f737bd21b80] [debug]   Generated hash: 8174099687a26621f4e2cdd7cc03b3dacedb3fb962255b1aafd033cabe831530
[2025-01-23 00:05:54.203469] [0x00007f737bd21b80] [debug]   Calculated path: /tmp/store_test_1737590754201809652/81/74/09/9687a26621f4e2cdd7cc03b3dacedb3fb962255b1aafd033cabe831530
[2025-01-23 00:05:54.203478] [0x00007f737bd21b80] [debug]   Key key1 exists at path: /tmp/store_test_1737590754201809652/81/74/09/9687a26621f4e2cdd7cc03b3dacedb3fb962255b1aafd033cabe831530
[2025-01-23 00:05:54.203485] [0x00007f737bd21b80] [info]    Retrieving data for key: key1
[2025-01-23 00:05:54.203488] [0x00007f737bd21b80] [debug]   Generating hash for key: key1
[2025-01-23 00:05:54.203494] [0x00007f737bd21b80] [debug]   Generated hash: 8174099687a26621f4e2cdd7cc03b3dacedb3fb962255b1aafd033cabe831530
[2025-01-23 00:05:54.203501] [0x00007f737bd21b80] [debug]   Calculated path: /tmp/store_test_1737590754201809652/81/74/09/9687a26621f4e2cdd7cc03b3dacedb3fb962255b1aafd033cabe831530
[2025-01-23 00:05:54.203514] [0x00007f737bd21b80] [info]    Successfully streamed 18 bytes for key: key1
[2025-01-23 00:05:54.203520] [0x00007f737bd21b80] [debug]   Checking existence of key: key2
[2025-01-23 00:05:54.203521] [0x00007f737bd21b80] [debug]   Generating hash for key: key2
[2025-01-23 00:05:54.203525] [0x00007f737bd21b80] [debug]   Generated hash: b10253764c8b233fb37542e23401c7b450e5a6f9751f3b5a014f6f67e8bc999d
[2025-01-23 00:05:54.203530] [0x00007f737bd21b80] [debug]   Calculated path: /tmp/store_test_1737590754201809652/b1/02/53/764c8b233fb37542e23401c7b450e5a6f9751f3b5a014f6f67e8bc999d
[2025-01-23 00:05:54.203533] [0x00007f737bd21b80] [debug]   Key key2 exists at path: /tmp/store_test_1737590754201809652/b1/02/53/764c8b233fb37542e23401c7b450e5a6f9751f3b5a014f6f67e8bc999d
[2025-01-23 00:05:54.203535] [0x00007f737bd21b80] [info]    Retrieving data for key: key2
[2025-01-23 00:05:54.203536] [0x00007f737bd21b80] [debug]   Generating hash for key: key2
[2025-01-23 00:05:54.203539] [0x00007f737bd21b80] [debug]   Generated hash: b10253764c8b233fb37542e23401c7b450e5a6f9751f3b5a014f6f67e8bc999d
[2025-01-23 00:05:54.203543] [0x00007f737bd21b80] [debug]   Calculated path: /tmp/store_test_1737590754201809652/b1/02/53/764c8b233fb37542e23401c7b450e5a6f9751f3b5a014f6f67e8bc999d
[2025-01-23 00:05:54.203551] [0x00007f737bd21b80] [info]    Successfully streamed 19 bytes for key: key2
[2025-01-23 00:05:54.203556] [0x00007f737bd21b80] [debug]   Checking existence of key: key3
[2025-01-23 00:05:54.203557] [0x00007f737bd21b80] [debug]   Generating hash for key: key3
[2025-01-23 00:05:54.203561] [0x00007f737bd21b80] [debug]   Generated hash: f576104eebeab09651d83acffc77c8b8c6eaa4b767aeab24d7da80f83f51d865
[2025-01-23 00:05:54.203565] [0x00007f737bd21b80] [debug]   Calculated path: /tmp/store_test_1737590754201809652/f5/76/10/4eebeab09651d83acffc77c8b8c6eaa4b767aeab24d7da80f83f51d865
[2025-01-23 00:05:54.203570] [0x00007f737bd21b80] [debug]   Key key3 exists at path: /tmp/store_test_1737590754201809652/f5/76/10/4eebeab09651d83acffc77c8b8c6eaa4b767aeab24d7da80f83f51d865
[2025-01-23 00:05:54.203573] [0x00007f737bd21b80] [info]    Retrieving data for key: key3
[2025-01-23 00:05:54.203576] [0x00007f737bd21b80] [debug]   Generating hash for key: key3
[2025-01-23 00:05:54.203582] [0x00007f737bd21b80] [debug]   Generated hash: f576104eebeab09651d83acffc77c8b8c6eaa4b767aeab24d7da80f83f51d865
[2025-01-23 00:05:54.203587] [0x00007f737bd21b80] [debug]   Calculated path: /tmp/store_test_1737590754201809652/f5/76/10/4eebeab09651d83acffc77c8b8c6eaa4b767aeab24d7da80f83f51d865
[2025-01-23 00:05:54.203597] [0x00007f737bd21b80] [info]    Successfully streamed 18 bytes for key: key3
[2025-01-23 00:05:54.203604] [0x00007f737bd21b80] [info]    Clearing entire store at: "/tmp/store_test_1737590754201809652"
[2025-01-23 00:05:54.203922] [0x00007f737bd21b80] [info]    Store cleared successfully
[       OK ] StoreTest.MultipleFiles (2 ms)
[----------] 1 test from StoreTest (2 ms total)

[----------] Global test environment tear-down
[==========] 1 test from 1 test suite ran. (2 ms total)
[  PASSED  ] 1 test.
<end of output>
Test time =   0.01 sec
----------------------------------------------------------
Test Passed.
"StoreTest.MultipleFiles" end time: Jan 23 00:05 UTC
"StoreTest.MultipleFiles" time elapsed: 00:00:00
----------------------------------------------------------

12/28 Testing: StoreTest.ErrorHandling
12/28 Test: StoreTest.ErrorHandling
Command: "/home/runner/workspace/build/store_tests" "--gtest_filter=StoreTest.ErrorHandling" "--gtest_also_run_disabled_tests"
Directory: /home/runner/workspace/build
"StoreTest.ErrorHandling" start time: Jan 23 00:05 UTC
Output:
----------------------------------------------------------
Running main() from /build/source/googletest/src/gtest_main.cc
Note: Google Test filter = StoreTest.ErrorHandling
[==========] Running 1 test from 1 test suite.
[----------] Global test environment set-up.
[----------] 1 test from StoreTest
[ RUN      ] StoreTest.ErrorHandling
[2025-01-23 00:05:54.221431] [0x00007f4b8d2b6b80] [info]    Initializing Store with base path: /tmp/store_test_1737590754221307061
[2025-01-23 00:05:54.221443] [0x00007f4b8d2b6b80] [debug]   Store directory created/verified at: /tmp/store_test_1737590754221307061
[2025-01-23 00:05:54.221447] [0x00007f4b8d2b6b80] [debug]   Checking existence of key: error_key
[2025-01-23 00:05:54.221449] [0x00007f4b8d2b6b80] [debug]   Generating hash for key: error_key
[2025-01-23 00:05:54.222607] [0x00007f4b8d2b6b80] [debug]   Generated hash: 7a0a1ce4f1c58ba0fb867426e1bbf7c475cf4a6fb6902cf56852bd2b980d900b
[2025-01-23 00:05:54.222618] [0x00007f4b8d2b6b80] [debug]   Calculated path: /tmp/store_test_1737590754221307061/7a/0a/1c/e4f1c58ba0fb867426e1bbf7c475cf4a6fb6902cf56852bd2b980d900b
[2025-01-23 00:05:54.222630] [0x00007f4b8d2b6b80] [debug]   Key error_key not found at path: /tmp/store_test_1737590754221307061/7a/0a/1c/e4f1c58ba0fb867426e1bbf7c475cf4a6fb6902cf56852bd2b980d900b
[2025-01-23 00:05:54.222638] [0x00007f4b8d2b6b80] [info]    Retrieving data for key: error_key
[2025-01-23 00:05:54.222641] [0x00007f4b8d2b6b80] [debug]   Generating hash for key: error_key
[2025-01-23 00:05:54.222648] [0x00007f4b8d2b6b80] [debug]   Generated hash: 7a0a1ce4f1c58ba0fb867426e1bbf7c475cf4a6fb6902cf56852bd2b980d900b
[2025-01-23 00:05:54.222658] [0x00007f4b8d2b6b80] [debug]   Calculated path: /tmp/store_test_1737590754221307061/7a/0a/1c/e4f1c58ba0fb867426e1bbf7c475cf4a6fb6902cf56852bd2b980d900b
[2025-01-23 00:05:54.222661] [0x00007f4b8d2b6b80] [error]   File not found: /tmp/store_test_1737590754221307061/7a/0a/1c/e4f1c58ba0fb867426e1bbf7c475cf4a6fb6902cf56852bd2b980d900b
[2025-01-23 00:05:54.222692] [0x00007f4b8d2b6b80] [info]    Storing data with key: error_key
[2025-01-23 00:05:54.222696] [0x00007f4b8d2b6b80] [error]   Invalid input stream provided for key: error_key
[2025-01-23 00:05:54.222702] [0x00007f4b8d2b6b80] [info]    Clearing entire store at: "/tmp/store_test_1737590754221307061"
[2025-01-23 00:05:54.222762] [0x00007f4b8d2b6b80] [info]    Store cleared successfully
[       OK ] StoreTest.ErrorHandling (1 ms)
[----------] 1 test from StoreTest (1 ms total)

[----------] Global test environment tear-down
[==========] 1 test from 1 test suite ran. (1 ms total)
[  PASSED  ] 1 test.
<end of output>
Test time =   0.02 sec
----------------------------------------------------------
Test Passed.
"StoreTest.ErrorHandling" end time: Jan 23 00:05 UTC
"StoreTest.ErrorHandling" time elapsed: 00:00:00
----------------------------------------------------------

13/28 Testing: StoreTest.Clear
13/28 Test: StoreTest.Clear
Command: "/home/runner/workspace/build/store_tests" "--gtest_filter=StoreTest.Clear" "--gtest_also_run_disabled_tests"
Directory: /home/runner/workspace/build
"StoreTest.Clear" start time: Jan 23 00:05 UTC
Output:
----------------------------------------------------------
Running main() from /build/source/googletest/src/gtest_main.cc
Note: Google Test filter = StoreTest.Clear
[==========] Running 1 test from 1 test suite.
[----------] Global test environment set-up.
[----------] 1 test from StoreTest
[ RUN      ] StoreTest.Clear
[2025-01-23 00:05:54.234160] [0x00007f0702b0db80] [info]    Initializing Store with base path: /tmp/store_test_1737590754234061531
[2025-01-23 00:05:54.234170] [0x00007f0702b0db80] [debug]   Store directory created/verified at: /tmp/store_test_1737590754234061531
[2025-01-23 00:05:54.234175] [0x00007f0702b0db80] [info]    Storing data with key: key1
[2025-01-23 00:05:54.234179] [0x00007f0702b0db80] [debug]   Generating hash for key: key1
[2025-01-23 00:05:54.235359] [0x00007f0702b0db80] [debug]   Generated hash: 8174099687a26621f4e2cdd7cc03b3dacedb3fb962255b1aafd033cabe831530
[2025-01-23 00:05:54.235370] [0x00007f0702b0db80] [debug]   Calculated path: /tmp/store_test_1737590754234061531/81/74/09/9687a26621f4e2cdd7cc03b3dacedb3fb962255b1aafd033cabe831530
[2025-01-23 00:05:54.235515] [0x00007f0702b0db80] [debug]   Calculated file path: /tmp/store_test_1737590754234061531/81/74/09/9687a26621f4e2cdd7cc03b3dacedb3fb962255b1aafd033cabe831530
[2025-01-23 00:05:54.235563] [0x00007f0702b0db80] [info]    Successfully stored 9 bytes with key: key1
[2025-01-23 00:05:54.235570] [0x00007f0702b0db80] [debug]   Checking existence of key: key1
[2025-01-23 00:05:54.235572] [0x00007f0702b0db80] [debug]   Generating hash for key: key1
[2025-01-23 00:05:54.235578] [0x00007f0702b0db80] [debug]   Generated hash: 8174099687a26621f4e2cdd7cc03b3dacedb3fb962255b1aafd033cabe831530
[2025-01-23 00:05:54.235582] [0x00007f0702b0db80] [debug]   Calculated path: /tmp/store_test_1737590754234061531/81/74/09/9687a26621f4e2cdd7cc03b3dacedb3fb962255b1aafd033cabe831530
[2025-01-23 00:05:54.235588] [0x00007f0702b0db80] [debug]   Key key1 exists at path: /tmp/store_test_1737590754234061531/81/74/09/9687a26621f4e2cdd7cc03b3dacedb3fb962255b1aafd033cabe831530
[2025-01-23 00:05:54.235594] [0x00007f0702b0db80] [info]    Storing data with key: key2
[2025-01-23 00:05:54.235598] [0x00007f0702b0db80] [debug]   Generating hash for key: key2
[2025-01-23 00:05:54.235604] [0x00007f0702b0db80] [debug]   Generated hash: b10253764c8b233fb37542e23401c7b450e5a6f9751f3b5a014f6f67e8bc999d
[2025-01-23 00:05:54.235612] [0x00007f0702b0db80] [debug]   Calculated path: /tmp/store_test_1737590754234061531/b1/02/53/764c8b233fb37542e23401c7b450e5a6f9751f3b5a014f6f67e8bc999d
[2025-01-23 00:05:54.235649] [0x00007f0702b0db80] [debug]   Calculated file path: /tmp/store_test_1737590754234061531/b1/02/53/764c8b233fb37542e23401c7b450e5a6f9751f3b5a014f6f67e8bc999d
[2025-01-23 00:05:54.235676] [0x00007f0702b0db80] [info]    Successfully stored 9 bytes with key: key2
[2025-01-23 00:05:54.235682] [0x00007f0702b0db80] [debug]   Checking existence of key: key2
[2025-01-23 00:05:54.235684] [0x00007f0702b0db80] [debug]   Generating hash for key: key2
[2025-01-23 00:05:54.235689] [0x00007f0702b0db80] [debug]   Generated hash: b10253764c8b233fb37542e23401c7b450e5a6f9751f3b5a014f6f67e8bc999d
[2025-01-23 00:05:54.235693] [0x00007f0702b0db80] [debug]   Calculated path: /tmp/store_test_1737590754234061531/b1/02/53/764c8b233fb37542e23401c7b450e5a6f9751f3b5a014f6f67e8bc999d
[2025-01-23 00:05:54.235697] [0x00007f0702b0db80] [debug]   Key key2 exists at path: /tmp/store_test_1737590754234061531/b1/02/53/764c8b233fb37542e23401c7b450e5a6f9751f3b5a014f6f67e8bc999d
[2025-01-23 00:05:54.235700] [0x00007f0702b0db80] [info]    Storing data with key: key3
[2025-01-23 00:05:54.235701] [0x00007f0702b0db80] [debug]   Generating hash for key: key3
[2025-01-23 00:05:54.235704] [0x00007f0702b0db80] [debug]   Generated hash: f576104eebeab09651d83acffc77c8b8c6eaa4b767aeab24d7da80f83f51d865
[2025-01-23 00:05:54.235708] [0x00007f0702b0db80] [debug]   Calculated path: /tmp/store_test_1737590754234061531/f5/76/10/4eebeab09651d83acffc77c8b8c6eaa4b767aeab24d7da80f83f51d865
[2025-01-23 00:05:54.235737] [0x00007f0702b0db80] [debug]   Calculated file path: /tmp/store_test_1737590754234061531/f5/76/10/4eebeab09651d83acffc77c8b8c6eaa4b767aeab24d7da80f83f51d865
[2025-01-23 00:05:54.235763] [0x00007f0702b0db80] [info]    Successfully stored 9 bytes with key: key3
[2025-01-23 00:05:54.235768] [0x00007f0702b0db80] [debug]   Checking existence of key: key3
[2025-01-23 00:05:54.235770] [0x00007f0702b0db80] [debug]   Generating hash for key: key3
[2025-01-23 00:05:54.235774] [0x00007f0702b0db80] [debug]   Generated hash: f576104eebeab09651d83acffc77c8b8c6eaa4b767aeab24d7da80f83f51d865
[2025-01-23 00:05:54.235777] [0x00007f0702b0db80] [debug]   Calculated path: /tmp/store_test_1737590754234061531/f5/76/10/4eebeab09651d83acffc77c8b8c6eaa4b767aeab24d7da80f83f51d865
[2025-01-23 00:05:54.235783] [0x00007f0702b0db80] [debug]   Key key3 exists at path: /tmp/store_test_1737590754234061531/f5/76/10/4eebeab09651d83acffc77c8b8c6eaa4b767aeab24d7da80f83f51d865
[2025-01-23 00:05:54.235788] [0x00007f0702b0db80] [info]    Clearing entire store at: "/tmp/store_test_1737590754234061531"
[2025-01-23 00:05:54.236098] [0x00007f0702b0db80] [info]    Store cleared successfully
[2025-01-23 00:05:54.236106] [0x00007f0702b0db80] [debug]   Checking existence of key: key1
[2025-01-23 00:05:54.236108] [0x00007f0702b0db80] [debug]   Generating hash for key: key1
[2025-01-23 00:05:54.236114] [0x00007f0702b0db80] [debug]   Generated hash: 8174099687a26621f4e2cdd7cc03b3dacedb3fb962255b1aafd033cabe831530
[2025-01-23 00:05:54.236120] [0x00007f0702b0db80] [debug]   Calculated path: /tmp/store_test_1737590754234061531/81/74/09/9687a26621f4e2cdd7cc03b3dacedb3fb962255b1aafd033cabe831530
[2025-01-23 00:05:54.236126] [0x00007f0702b0db80] [debug]   Key key1 not found at path: /tmp/store_test_1737590754234061531/81/74/09/9687a26621f4e2cdd7cc03b3dacedb3fb962255b1aafd033cabe831530
[2025-01-23 00:05:54.236130] [0x00007f0702b0db80] [info]    Retrieving data for key: key1
[2025-01-23 00:05:54.236132] [0x00007f0702b0db80] [debug]   Generating hash for key: key1
[2025-01-23 00:05:54.236137] [0x00007f0702b0db80] [debug]   Generated hash: 8174099687a26621f4e2cdd7cc03b3dacedb3fb962255b1aafd033cabe831530
[2025-01-23 00:05:54.236143] [0x00007f0702b0db80] [debug]   Calculated path: /tmp/store_test_1737590754234061531/81/74/09/9687a26621f4e2cdd7cc03b3dacedb3fb962255b1aafd033cabe831530
[2025-01-23 00:05:54.236146] [0x00007f0702b0db80] [error]   File not found: /tmp/store_test_1737590754234061531/81/74/09/9687a26621f4e2cdd7cc03b3dacedb3fb962255b1aafd033cabe831530
[2025-01-23 00:05:54.236177] [0x00007f0702b0db80] [debug]   Checking existence of key: key2
[2025-01-23 00:05:54.236182] [0x00007f0702b0db80] [debug]   Generating hash for key: key2
[2025-01-23 00:05:54.236186] [0x00007f0702b0db80] [debug]   Generated hash: b10253764c8b233fb37542e23401c7b450e5a6f9751f3b5a014f6f67e8bc999d
[2025-01-23 00:05:54.236189] [0x00007f0702b0db80] [debug]   Calculated path: /tmp/store_test_1737590754234061531/b1/02/53/764c8b233fb37542e23401c7b450e5a6f9751f3b5a014f6f67e8bc999d
[2025-01-23 00:05:54.236195] [0x00007f0702b0db80] [debug]   Key key2 not found at path: /tmp/store_test_1737590754234061531/b1/02/53/764c8b233fb37542e23401c7b450e5a6f9751f3b5a014f6f67e8bc999d
[2025-01-23 00:05:54.236199] [0x00007f0702b0db80] [info]    Retrieving data for key: key2
[2025-01-23 00:05:54.236201] [0x00007f0702b0db80] [debug]   Generating hash for key: key2
[2025-01-23 00:05:54.236204] [0x00007f0702b0db80] [debug]   Generated hash: b10253764c8b233fb37542e23401c7b450e5a6f9751f3b5a014f6f67e8bc999d
[2025-01-23 00:05:54.236206] [0x00007f0702b0db80] [debug]   Calculated path: /tmp/store_test_1737590754234061531/b1/02/53/764c8b233fb37542e23401c7b450e5a6f9751f3b5a014f6f67e8bc999d
[2025-01-23 00:05:54.236210] [0x00007f0702b0db80] [error]   File not found: /tmp/store_test_1737590754234061531/b1/02/53/764c8b233fb37542e23401c7b450e5a6f9751f3b5a014f6f67e8bc999d
[2025-01-23 00:05:54.236215] [0x00007f0702b0db80] [debug]   Checking existence of key: key3
[2025-01-23 00:05:54.236217] [0x00007f0702b0db80] [debug]   Generating hash for key: key3
[2025-01-23 00:05:54.236220] [0x00007f0702b0db80] [debug]   Generated hash: f576104eebeab09651d83acffc77c8b8c6eaa4b767aeab24d7da80f83f51d865
[2025-01-23 00:05:54.236222] [0x00007f0702b0db80] [debug]   Calculated path: /tmp/store_test_1737590754234061531/f5/76/10/4eebeab09651d83acffc77c8b8c6eaa4b767aeab24d7da80f83f51d865
[2025-01-23 00:05:54.236226] [0x00007f0702b0db80] [debug]   Key key3 not found at path: /tmp/store_test_1737590754234061531/f5/76/10/4eebeab09651d83acffc77c8b8c6eaa4b767aeab24d7da80f83f51d865
[2025-01-23 00:05:54.236229] [0x00007f0702b0db80] [info]    Retrieving data for key: key3
[2025-01-23 00:05:54.236230] [0x00007f0702b0db80] [debug]   Generating hash for key: key3
[2025-01-23 00:05:54.236233] [0x00007f0702b0db80] [debug]   Generated hash: f576104eebeab09651d83acffc77c8b8c6eaa4b767aeab24d7da80f83f51d865
[2025-01-23 00:05:54.236239] [0x00007f0702b0db80] [debug]   Calculated path: /tmp/store_test_1737590754234061531/f5/76/10/4eebeab09651d83acffc77c8b8c6eaa4b767aeab24d7da80f83f51d865
[2025-01-23 00:05:54.236244] [0x00007f0702b0db80] [error]   File not found: /tmp/store_test_1737590754234061531/f5/76/10/4eebeab09651d83acffc77c8b8c6eaa4b767aeab24d7da80f83f51d865
[2025-01-23 00:05:54.236257] [0x00007f0702b0db80] [info]    Clearing entire store at: "/tmp/store_test_1737590754234061531"
[2025-01-23 00:05:54.236302] [0x00007f0702b0db80] [info]    Store cleared successfully
[       OK ] StoreTest.Clear (2 ms)
[----------] 1 test from StoreTest (2 ms total)

[----------] Global test environment tear-down
[==========] 1 test from 1 test suite ran. (2 ms total)
[  PASSED  ] 1 test.
<end of output>
Test time =   0.01 sec
----------------------------------------------------------
Test Passed.
"StoreTest.Clear" end time: Jan 23 00:05 UTC
"StoreTest.Clear" time elapsed: 00:00:00
----------------------------------------------------------

14/28 Testing: StoreTest.LargeFileHandling
14/28 Test: StoreTest.LargeFileHandling
Command: "/home/runner/workspace/build/store_tests" "--gtest_filter=StoreTest.LargeFileHandling" "--gtest_also_run_disabled_tests"
Directory: /home/runner/workspace/build
"StoreTest.LargeFileHandling" start time: Jan 23 00:05 UTC
Output:
----------------------------------------------------------
Running main() from /build/source/googletest/src/gtest_main.cc
Note: Google Test filter = StoreTest.LargeFileHandling
[==========] Running 1 test from 1 test suite.
[----------] Global test environment set-up.
[----------] 1 test from StoreTest
[ RUN      ] StoreTest.LargeFileHandling
[2025-01-23 00:05:54.246676] [0x00007efcdbc37b80] [info]    Initializing Store with base path: /tmp/store_test_1737590754246560261
[2025-01-23 00:05:54.246687] [0x00007efcdbc37b80] [debug]   Store directory created/verified at: /tmp/store_test_1737590754246560261
[2025-01-23 00:05:54.259411] [0x00007efcdbc37b80] [info]    Storing data with key: large_file
[2025-01-23 00:05:54.259434] [0x00007efcdbc37b80] [debug]   Generating hash for key: large_file
[2025-01-23 00:05:54.260759] [0x00007efcdbc37b80] [debug]   Generated hash: df1fbde40271055bb026eaa5094faa107c4a4987061ed6c7def9df06f885f2f3
[2025-01-23 00:05:54.260773] [0x00007efcdbc37b80] [debug]   Calculated path: /tmp/store_test_1737590754246560261/df/1f/bd/e40271055bb026eaa5094faa107c4a4987061ed6c7def9df06f885f2f3
[2025-01-23 00:05:54.260829] [0x00007efcdbc37b80] [debug]   Calculated file path: /tmp/store_test_1737590754246560261/df/1f/bd/e40271055bb026eaa5094faa107c4a4987061ed6c7def9df06f885f2f3
[2025-01-23 00:05:54.266573] [0x00007efcdbc37b80] [info]    Successfully stored 10485760 bytes with key: large_file
[2025-01-23 00:05:54.266583] [0x00007efcdbc37b80] [debug]   Checking existence of key: large_file
[2025-01-23 00:05:54.266585] [0x00007efcdbc37b80] [debug]   Generating hash for key: large_file
[2025-01-23 00:05:54.266595] [0x00007efcdbc37b80] [debug]   Generated hash: df1fbde40271055bb026eaa5094faa107c4a4987061ed6c7def9df06f885f2f3
[2025-01-23 00:05:54.266599] [0x00007efcdbc37b80] [debug]   Calculated path: /tmp/store_test_1737590754246560261/df/1f/bd/e40271055bb026eaa5094faa107c4a4987061ed6c7def9df06f885f2f3
[2025-01-23 00:05:54.266607] [0x00007efcdbc37b80] [debug]   Key large_file exists at path: /tmp/store_test_1737590754246560261/df/1f/bd/e40271055bb026eaa5094faa107c4a4987061ed6c7def9df06f885f2f3
[2025-01-23 00:05:54.266612] [0x00007efcdbc37b80] [info]    Retrieving data for key: large_file
[2025-01-23 00:05:54.266614] [0x00007efcdbc37b80] [debug]   Generating hash for key: large_file
[2025-01-23 00:05:54.266617] [0x00007efcdbc37b80] [debug]   Generated hash: df1fbde40271055bb026eaa5094faa107c4a4987061ed6c7def9df06f885f2f3
[2025-01-23 00:05:54.266620] [0x00007efcdbc37b80] [debug]   Calculated path: /tmp/store_test_1737590754246560261/df/1f/bd/e40271055bb026eaa5094faa107c4a4987061ed6c7def9df06f885f2f3
[2025-01-23 00:05:54.278977] [0x00007efcdbc37b80] [info]    Successfully streamed 10485760 bytes for key: large_file
[2025-01-23 00:05:54.286007] [0x00007efcdbc37b80] [info]    Clearing entire store at: "/tmp/store_test_1737590754246560261"
[2025-01-23 00:05:54.288208] [0x00007efcdbc37b80] [info]    Store cleared successfully
[       OK ] StoreTest.LargeFileHandling (41 ms)
[----------] 1 test from StoreTest (41 ms total)

[----------] Global test environment tear-down
[==========] 1 test from 1 test suite ran. (41 ms total)
[  PASSED  ] 1 test.
<end of output>
Test time =   0.05 sec
----------------------------------------------------------
Test Passed.
"StoreTest.LargeFileHandling" end time: Jan 23 00:05 UTC
"StoreTest.LargeFileHandling" time elapsed: 00:00:00
----------------------------------------------------------

15/28 Testing: StoreTest.OverwriteBehavior
15/28 Test: StoreTest.OverwriteBehavior
Command: "/home/runner/workspace/build/store_tests" "--gtest_filter=StoreTest.OverwriteBehavior" "--gtest_also_run_disabled_tests"
Directory: /home/runner/workspace/build
"StoreTest.OverwriteBehavior" start time: Jan 23 00:05 UTC
Output:
----------------------------------------------------------
Running main() from /build/source/googletest/src/gtest_main.cc
Note: Google Test filter = StoreTest.OverwriteBehavior
[==========] Running 1 test from 1 test suite.
[----------] Global test environment set-up.
[----------] 1 test from StoreTest
[ RUN      ] StoreTest.OverwriteBehavior
[2025-01-23 00:05:54.301037] [0x00007f0c7720eb80] [info]    Initializing Store with base path: /tmp/store_test_1737590754300941171
[2025-01-23 00:05:54.301046] [0x00007f0c7720eb80] [debug]   Store directory created/verified at: /tmp/store_test_1737590754300941171
[2025-01-23 00:05:54.301053] [0x00007f0c7720eb80] [info]    Storing data with key: overwrite_test
[2025-01-23 00:05:54.301057] [0x00007f0c7720eb80] [debug]   Generating hash for key: overwrite_test
[2025-01-23 00:05:54.302117] [0x00007f0c7720eb80] [debug]   Generated hash: 30952b659b529afe6343c608ec6d8a565347d89ad4d22eec203b90234d48b36e
[2025-01-23 00:05:54.302129] [0x00007f0c7720eb80] [debug]   Calculated path: /tmp/store_test_1737590754300941171/30/95/2b/659b529afe6343c608ec6d8a565347d89ad4d22eec203b90234d48b36e
[2025-01-23 00:05:54.302190] [0x00007f0c7720eb80] [debug]   Calculated file path: /tmp/store_test_1737590754300941171/30/95/2b/659b529afe6343c608ec6d8a565347d89ad4d22eec203b90234d48b36e
[2025-01-23 00:05:54.302229] [0x00007f0c7720eb80] [info]    Successfully stored 15 bytes with key: overwrite_test
[2025-01-23 00:05:54.302235] [0x00007f0c7720eb80] [debug]   Checking existence of key: overwrite_test
[2025-01-23 00:05:54.302237] [0x00007f0c7720eb80] [debug]   Generating hash for key: overwrite_test
[2025-01-23 00:05:54.302243] [0x00007f0c7720eb80] [debug]   Generated hash: 30952b659b529afe6343c608ec6d8a565347d89ad4d22eec203b90234d48b36e
[2025-01-23 00:05:54.302249] [0x00007f0c7720eb80] [debug]   Calculated path: /tmp/store_test_1737590754300941171/30/95/2b/659b529afe6343c608ec6d8a565347d89ad4d22eec203b90234d48b36e
[2025-01-23 00:05:54.302254] [0x00007f0c7720eb80] [debug]   Key overwrite_test exists at path: /tmp/store_test_1737590754300941171/30/95/2b/659b529afe6343c608ec6d8a565347d89ad4d22eec203b90234d48b36e
[2025-01-23 00:05:54.302258] [0x00007f0c7720eb80] [info]    Retrieving data for key: overwrite_test
[2025-01-23 00:05:54.302260] [0x00007f0c7720eb80] [debug]   Generating hash for key: overwrite_test
[2025-01-23 00:05:54.302263] [0x00007f0c7720eb80] [debug]   Generated hash: 30952b659b529afe6343c608ec6d8a565347d89ad4d22eec203b90234d48b36e
[2025-01-23 00:05:54.302267] [0x00007f0c7720eb80] [debug]   Calculated path: /tmp/store_test_1737590754300941171/30/95/2b/659b529afe6343c608ec6d8a565347d89ad4d22eec203b90234d48b36e
[2025-01-23 00:05:54.302278] [0x00007f0c7720eb80] [info]    Successfully streamed 15 bytes for key: overwrite_test
[2025-01-23 00:05:54.302284] [0x00007f0c7720eb80] [info]    Storing data with key: overwrite_test
[2025-01-23 00:05:54.302285] [0x00007f0c7720eb80] [debug]   Generating hash for key: overwrite_test
[2025-01-23 00:05:54.302289] [0x00007f0c7720eb80] [debug]   Generated hash: 30952b659b529afe6343c608ec6d8a565347d89ad4d22eec203b90234d48b36e
[2025-01-23 00:05:54.302294] [0x00007f0c7720eb80] [debug]   Calculated path: /tmp/store_test_1737590754300941171/30/95/2b/659b529afe6343c608ec6d8a565347d89ad4d22eec203b90234d48b36e
[2025-01-23 00:05:54.302297] [0x00007f0c7720eb80] [debug]   Calculated file path: /tmp/store_test_1737590754300941171/30/95/2b/659b529afe6343c608ec6d8a565347d89ad4d22eec203b90234d48b36e
[2025-01-23 00:05:54.302333] [0x00007f0c7720eb80] [info]    Successfully stored 15 bytes with key: overwrite_test
[2025-01-23 00:05:54.302339] [0x00007f0c7720eb80] [info]    Retrieving data for key: overwrite_test
[2025-01-23 00:05:54.302341] [0x00007f0c7720eb80] [debug]   Generating hash for key: overwrite_test
[2025-01-23 00:05:54.302346] [0x00007f0c7720eb80] [debug]   Generated hash: 30952b659b529afe6343c608ec6d8a565347d89ad4d22eec203b90234d48b36e
[2025-01-23 00:05:54.302351] [0x00007f0c7720eb80] [debug]   Calculated path: /tmp/store_test_1737590754300941171/30/95/2b/659b529afe6343c608ec6d8a565347d89ad4d22eec203b90234d48b36e
[2025-01-23 00:05:54.302362] [0x00007f0c7720eb80] [info]    Successfully streamed 15 bytes for key: overwrite_test
[2025-01-23 00:05:54.302369] [0x00007f0c7720eb80] [info]    Clearing entire store at: "/tmp/store_test_1737590754300941171"
[2025-01-23 00:05:54.302557] [0x00007f0c7720eb80] [info]    Store cleared successfully
[       OK ] StoreTest.OverwriteBehavior (1 ms)
[----------] 1 test from StoreTest (1 ms total)

[----------] Global test environment tear-down
[==========] 1 test from 1 test suite ran. (1 ms total)
[  PASSED  ] 1 test.
<end of output>
Test time =   0.01 sec
----------------------------------------------------------
Test Passed.
"StoreTest.OverwriteBehavior" end time: Jan 23 00:05 UTC
"StoreTest.OverwriteBehavior" time elapsed: 00:00:00
----------------------------------------------------------

16/28 Testing: StoreTest.StreamStatePreservation
16/28 Test: StoreTest.StreamStatePreservation
Command: "/home/runner/workspace/build/store_tests" "--gtest_filter=StoreTest.StreamStatePreservation" "--gtest_also_run_disabled_tests"
Directory: /home/runner/workspace/build
"StoreTest.StreamStatePreservation" start time: Jan 23 00:05 UTC
Output:
----------------------------------------------------------
Running main() from /build/source/googletest/src/gtest_main.cc
Note: Google Test filter = StoreTest.StreamStatePreservation
[==========] Running 1 test from 1 test suite.
[----------] Global test environment set-up.
[----------] 1 test from StoreTest
[ RUN      ] StoreTest.StreamStatePreservation
[2025-01-23 00:05:54.313836] [0x00007f6947788b80] [info]    Initializing Store with base path: /tmp/store_test_1737590754313744560
[2025-01-23 00:05:54.313846] [0x00007f6947788b80] [debug]   Store directory created/verified at: /tmp/store_test_1737590754313744560
[2025-01-23 00:05:54.313853] [0x00007f6947788b80] [info]    Storing data with key: stream_state_test
[2025-01-23 00:05:54.313855] [0x00007f6947788b80] [debug]   Generating hash for key: stream_state_test
[2025-01-23 00:05:54.314937] [0x00007f6947788b80] [debug]   Generated hash: a9e413f31ab1fd98797abd4d4d50fc4ccfbf9abaec049f8d5f9e9c5b294d61c8
[2025-01-23 00:05:54.314949] [0x00007f6947788b80] [debug]   Calculated path: /tmp/store_test_1737590754313744560/a9/e4/13/f31ab1fd98797abd4d4d50fc4ccfbf9abaec049f8d5f9e9c5b294d61c8
[2025-01-23 00:05:54.315007] [0x00007f6947788b80] [debug]   Calculated file path: /tmp/store_test_1737590754313744560/a9/e4/13/f31ab1fd98797abd4d4d50fc4ccfbf9abaec049f8d5f9e9c5b294d61c8
[2025-01-23 00:05:54.315045] [0x00007f6947788b80] [info]    Successfully stored 26 bytes with key: stream_state_test
[2025-01-23 00:05:54.315051] [0x00007f6947788b80] [info]    Retrieving data for key: stream_state_test
[2025-01-23 00:05:54.315053] [0x00007f6947788b80] [debug]   Generating hash for key: stream_state_test
[2025-01-23 00:05:54.315059] [0x00007f6947788b80] [debug]   Generated hash: a9e413f31ab1fd98797abd4d4d50fc4ccfbf9abaec049f8d5f9e9c5b294d61c8
[2025-01-23 00:05:54.315064] [0x00007f6947788b80] [debug]   Calculated path: /tmp/store_test_1737590754313744560/a9/e4/13/f31ab1fd98797abd4d4d50fc4ccfbf9abaec049f8d5f9e9c5b294d61c8
[2025-01-23 00:05:54.315077] [0x00007f6947788b80] [info]    Successfully streamed 26 bytes for key: stream_state_test
[2025-01-23 00:05:54.315085] [0x00007f6947788b80] [info]    Clearing entire store at: "/tmp/store_test_1737590754313744560"
[2025-01-23 00:05:54.315246] [0x00007f6947788b80] [info]    Store cleared successfully
[       OK ] StoreTest.StreamStatePreservation (1 ms)
[----------] 1 test from StoreTest (1 ms total)

[----------] Global test environment tear-down
[==========] 1 test from 1 test suite ran. (1 ms total)
[  PASSED  ] 1 test.
<end of output>
Test time =   0.01 sec
----------------------------------------------------------
Test Passed.
"StoreTest.StreamStatePreservation" end time: Jan 23 00:05 UTC
"StoreTest.StreamStatePreservation" time elapsed: 00:00:00
----------------------------------------------------------

17/28 Testing: StoreTest.FileSizeRetrieval
17/28 Test: StoreTest.FileSizeRetrieval
Command: "/home/runner/workspace/build/store_tests" "--gtest_filter=StoreTest.FileSizeRetrieval" "--gtest_also_run_disabled_tests"
Directory: /home/runner/workspace/build
"StoreTest.FileSizeRetrieval" start time: Jan 23 00:05 UTC
Output:
----------------------------------------------------------
Running main() from /build/source/googletest/src/gtest_main.cc
Note: Google Test filter = StoreTest.FileSizeRetrieval
[==========] Running 1 test from 1 test suite.
[----------] Global test environment set-up.
[----------] 1 test from StoreTest
[ RUN      ] StoreTest.FileSizeRetrieval
[2025-01-23 00:05:54.326045] [0x00007f1a26bd3b80] [info]    Initializing Store with base path: /tmp/store_test_1737590754325948890
[2025-01-23 00:05:54.326055] [0x00007f1a26bd3b80] [debug]   Store directory created/verified at: /tmp/store_test_1737590754325948890
[2025-01-23 00:05:54.326060] [0x00007f1a26bd3b80] [info]    Storing data with key: size_test
[2025-01-23 00:05:54.326064] [0x00007f1a26bd3b80] [debug]   Generating hash for key: size_test
[2025-01-23 00:05:54.327226] [0x00007f1a26bd3b80] [debug]   Generated hash: d2283af70f36b068be549fdee1255a41540b931c457a992112d4cab9c89de74e
[2025-01-23 00:05:54.327237] [0x00007f1a26bd3b80] [debug]   Calculated path: /tmp/store_test_1737590754325948890/d2/28/3a/f70f36b068be549fdee1255a41540b931c457a992112d4cab9c89de74e
[2025-01-23 00:05:54.327281] [0x00007f1a26bd3b80] [debug]   Calculated file path: /tmp/store_test_1737590754325948890/d2/28/3a/f70f36b068be549fdee1255a41540b931c457a992112d4cab9c89de74e
[2025-01-23 00:05:54.327328] [0x00007f1a26bd3b80] [info]    Successfully stored 13 bytes with key: size_test
[2025-01-23 00:05:54.327332] [0x00007f1a26bd3b80] [debug]   Getting file size for key: size_test
[2025-01-23 00:05:54.327334] [0x00007f1a26bd3b80] [debug]   Generating hash for key: size_test
[2025-01-23 00:05:54.327340] [0x00007f1a26bd3b80] [debug]   Generated hash: d2283af70f36b068be549fdee1255a41540b931c457a992112d4cab9c89de74e
[2025-01-23 00:05:54.327344] [0x00007f1a26bd3b80] [debug]   Calculated path: /tmp/store_test_1737590754325948890/d2/28/3a/f70f36b068be549fdee1255a41540b931c457a992112d4cab9c89de74e
[2025-01-23 00:05:54.327354] [0x00007f1a26bd3b80] [debug]   File size for key size_test: 13 bytes
[2025-01-23 00:05:54.327358] [0x00007f1a26bd3b80] [info]    Storing data with key: empty_test
[2025-01-23 00:05:54.327361] [0x00007f1a26bd3b80] [debug]   Generating hash for key: empty_test
[2025-01-23 00:05:54.327367] [0x00007f1a26bd3b80] [debug]   Generated hash: f1b6800e9ca01dac557744adec3477366cbe3888d44fcabefb3078c4c069f3a8
[2025-01-23 00:05:54.327370] [0x00007f1a26bd3b80] [debug]   Calculated path: /tmp/store_test_1737590754325948890/f1/b6/80/0e9ca01dac557744adec3477366cbe3888d44fcabefb3078c4c069f3a8
[2025-01-23 00:05:54.327436] [0x00007f1a26bd3b80] [debug]   Calculated file path: /tmp/store_test_1737590754325948890/f1/b6/80/0e9ca01dac557744adec3477366cbe3888d44fcabefb3078c4c069f3a8
[2025-01-23 00:05:54.327458] [0x00007f1a26bd3b80] [debug]   Storing empty content for key: empty_test
[2025-01-23 00:05:54.327464] [0x00007f1a26bd3b80] [info]    Successfully stored 0 bytes with key: empty_test
[2025-01-23 00:05:54.327466] [0x00007f1a26bd3b80] [debug]   Getting file size for key: empty_test
[2025-01-23 00:05:54.327468] [0x00007f1a26bd3b80] [debug]   Generating hash for key: empty_test
[2025-01-23 00:05:54.327474] [0x00007f1a26bd3b80] [debug]   Generated hash: f1b6800e9ca01dac557744adec3477366cbe3888d44fcabefb3078c4c069f3a8
[2025-01-23 00:05:54.327479] [0x00007f1a26bd3b80] [debug]   Calculated path: /tmp/store_test_1737590754325948890/f1/b6/80/0e9ca01dac557744adec3477366cbe3888d44fcabefb3078c4c069f3a8
[2025-01-23 00:05:54.327484] [0x00007f1a26bd3b80] [debug]   File size for key empty_test: 0 bytes
[2025-01-23 00:05:54.327486] [0x00007f1a26bd3b80] [debug]   Getting file size for key: nonexistent_key
[2025-01-23 00:05:54.327488] [0x00007f1a26bd3b80] [debug]   Generating hash for key: nonexistent_key
[2025-01-23 00:05:54.327491] [0x00007f1a26bd3b80] [debug]   Generated hash: 5fbaf0fb39a2369c07d1aa653dd2386202abdff0c69ceb6060083b29af61fd2f
[2025-01-23 00:05:54.327494] [0x00007f1a26bd3b80] [debug]   Calculated path: /tmp/store_test_1737590754325948890/5f/ba/f0/fb39a2369c07d1aa653dd2386202abdff0c69ceb6060083b29af61fd2f
[2025-01-23 00:05:54.327501] [0x00007f1a26bd3b80] [error]   File not found: /tmp/store_test_1737590754325948890/5f/ba/f0/fb39a2369c07d1aa653dd2386202abdff0c69ceb6060083b29af61fd2f
[2025-01-23 00:05:54.327536] [0x00007f1a26bd3b80] [info]    Clearing entire store at: "/tmp/store_test_1737590754325948890"
[2025-01-23 00:05:54.327774] [0x00007f1a26bd3b80] [info]    Store cleared successfully
[       OK ] StoreTest.FileSizeRetrieval (1 ms)
[----------] 1 test from StoreTest (1 ms total)

[----------] Global test environment tear-down
[==========] 1 test from 1 test suite ran. (1 ms total)
[  PASSED  ] 1 test.
<end of output>
Test time =   0.01 sec
----------------------------------------------------------
Test Passed.
"StoreTest.FileSizeRetrieval" end time: Jan 23 00:05 UTC
"StoreTest.FileSizeRetrieval" time elapsed: 00:00:00
----------------------------------------------------------

18/28 Testing: ChannelTest.InitialState
18/28 Test: ChannelTest.InitialState
Command: "/home/runner/workspace/build/channel_tests" "--gtest_filter=ChannelTest.InitialState" "--gtest_also_run_disabled_tests"
Directory: /home/runner/workspace/build
"ChannelTest.InitialState" start time: Jan 23 00:05 UTC
Output:
----------------------------------------------------------
Running main() from /build/source/googletest/src/gtest_main.cc
Note: Google Test filter = ChannelTest.InitialState
[==========] Running 1 test from 1 test suite.
[----------] Global test environment set-up.
[----------] 1 test from ChannelTest
[ RUN      ] ChannelTest.InitialState
[       OK ] ChannelTest.InitialState (0 ms)
[----------] 1 test from ChannelTest (0 ms total)

[----------] Global test environment tear-down
[==========] 1 test from 1 test suite ran. (0 ms total)
[  PASSED  ] 1 test.
<end of output>
Test time =   0.01 sec
----------------------------------------------------------
Test Passed.
"ChannelTest.InitialState" end time: Jan 23 00:05 UTC
"ChannelTest.InitialState" time elapsed: 00:00:00
----------------------------------------------------------

19/28 Testing: ChannelTest.SingleProduceConsume
19/28 Test: ChannelTest.SingleProduceConsume
Command: "/home/runner/workspace/build/channel_tests" "--gtest_filter=ChannelTest.SingleProduceConsume" "--gtest_also_run_disabled_tests"
Directory: /home/runner/workspace/build
"ChannelTest.SingleProduceConsume" start time: Jan 23 00:05 UTC
Output:
----------------------------------------------------------
Running main() from /build/source/googletest/src/gtest_main.cc
Note: Google Test filter = ChannelTest.SingleProduceConsume
[==========] Running 1 test from 1 test suite.
[----------] Global test environment set-up.
[----------] 1 test from ChannelTest
[ RUN      ] ChannelTest.SingleProduceConsume
[2025-01-23 00:05:54.349298] [0x00007fd0aa26ac40] [debug]   Added message frame to channel. Channel size: 1
[2025-01-23 00:05:54.349309] [0x00007fd0aa26ac40] [debug]   Retrieved message frame from channel. Channel size: 0
[       OK ] ChannelTest.SingleProduceConsume (0 ms)
[----------] 1 test from ChannelTest (0 ms total)

[----------] Global test environment tear-down
[==========] 1 test from 1 test suite ran. (0 ms total)
[  PASSED  ] 1 test.
<end of output>
Test time =   0.01 sec
----------------------------------------------------------
Test Passed.
"ChannelTest.SingleProduceConsume" end time: Jan 23 00:05 UTC
"ChannelTest.SingleProduceConsume" time elapsed: 00:00:00
----------------------------------------------------------

20/28 Testing: ChannelTest.MultipleMessages
20/28 Test: ChannelTest.MultipleMessages
Command: "/home/runner/workspace/build/channel_tests" "--gtest_filter=ChannelTest.MultipleMessages" "--gtest_also_run_disabled_tests"
Directory: /home/runner/workspace/build
"ChannelTest.MultipleMessages" start time: Jan 23 00:05 UTC
Output:
----------------------------------------------------------
Running main() from /build/source/googletest/src/gtest_main.cc
Note: Google Test filter = ChannelTest.MultipleMessages
[==========] Running 1 test from 1 test suite.
[----------] Global test environment set-up.
[----------] 1 test from ChannelTest
[ RUN      ] ChannelTest.MultipleMessages
[2025-01-23 00:05:54.359099] [0x00007f9582a29c40] [debug]   Added message frame to channel. Channel size: 1
[2025-01-23 00:05:54.359106] [0x00007f9582a29c40] [debug]   Added message frame to channel. Channel size: 2
[2025-01-23 00:05:54.359108] [0x00007f9582a29c40] [debug]   Added message frame to channel. Channel size: 3
[2025-01-23 00:05:54.359110] [0x00007f9582a29c40] [debug]   Added message frame to channel. Channel size: 4
[2025-01-23 00:05:54.359112] [0x00007f9582a29c40] [debug]   Added message frame to channel. Channel size: 5
[2025-01-23 00:05:54.359114] [0x00007f9582a29c40] [debug]   Retrieved message frame from channel. Channel size: 4
[2025-01-23 00:05:54.359117] [0x00007f9582a29c40] [debug]   Retrieved message frame from channel. Channel size: 3
[2025-01-23 00:05:54.359118] [0x00007f9582a29c40] [debug]   Retrieved message frame from channel. Channel size: 2
[2025-01-23 00:05:54.359120] [0x00007f9582a29c40] [debug]   Retrieved message frame from channel. Channel size: 1
[2025-01-23 00:05:54.359121] [0x00007f9582a29c40] [debug]   Retrieved message frame from channel. Channel size: 0
[       OK ] ChannelTest.MultipleMessages (0 ms)
[----------] 1 test from ChannelTest (0 ms total)

[----------] Global test environment tear-down
[==========] 1 test from 1 test suite ran. (0 ms total)
[  PASSED  ] 1 test.
<end of output>
Test time =   0.01 sec
----------------------------------------------------------
Test Passed.
"ChannelTest.MultipleMessages" end time: Jan 23 00:05 UTC
"ChannelTest.MultipleMessages" time elapsed: 00:00:00
----------------------------------------------------------

21/28 Testing: ChannelTest.ConsumeEmptyChannel
21/28 Test: ChannelTest.ConsumeEmptyChannel
Command: "/home/runner/workspace/build/channel_tests" "--gtest_filter=ChannelTest.ConsumeEmptyChannel" "--gtest_also_run_disabled_tests"
Directory: /home/runner/workspace/build
"ChannelTest.ConsumeEmptyChannel" start time: Jan 23 00:05 UTC
Output:
----------------------------------------------------------
Running main() from /build/source/googletest/src/gtest_main.cc
Note: Google Test filter = ChannelTest.ConsumeEmptyChannel
[==========] Running 1 test from 1 test suite.
[----------] Global test environment set-up.
[----------] 1 test from ChannelTest
[ RUN      ] ChannelTest.ConsumeEmptyChannel
[       OK ] ChannelTest.ConsumeEmptyChannel (0 ms)
[----------] 1 test from ChannelTest (0 ms total)

[----------] Global test environment tear-down
[==========] 1 test from 1 test suite ran. (0 ms total)
[  PASSED  ] 1 test.
<end of output>
Test time =   0.01 sec
----------------------------------------------------------
Test Passed.
"ChannelTest.ConsumeEmptyChannel" end time: Jan 23 00:05 UTC
"ChannelTest.ConsumeEmptyChannel" time elapsed: 00:00:00
----------------------------------------------------------

22/28 Testing: ChannelTest.ConcurrentProducersConsumers
22/28 Test: ChannelTest.ConcurrentProducersConsumers
Command: "/home/runner/workspace/build/channel_tests" "--gtest_filter=ChannelTest.ConcurrentProducersConsumers" "--gtest_also_run_disabled_tests"
Directory: /home/runner/workspace/build
"ChannelTest.ConcurrentProducersConsumers" start time: Jan 23 00:05 UTC
Output:
----------------------------------------------------------
Running main() from /build/source/googletest/src/gtest_main.cc
Note: Google Test filter = ChannelTest.ConcurrentProducersConsumers
[==========] Running 1 test from 1 test suite.
[----------] Global test environment set-up.
[----------] 1 test from ChannelTest
[ RUN      ] ChannelTest.ConcurrentProducersConsumers
[2025-01-23 00:05:54.384675] [0x00007fde3565c6c0] [debug]   Added message frame to channel. Channel size: 1
[2025-01-23 00:05:54.384749] [0x00007fde2f7fe6c0] [debug]   Retrieved message frame from channel. Channel size: 0
[2025-01-23 00:05:54.384777] [0x00007fde34e5b6c0] [debug]   Added message frame to channel. Channel size: 1
[2025-01-23 00:05:54.384807] [0x00007fde2c65a6c0] [debug]   Added message frame to channel. Channel size: 2
[2025-01-23 00:05:54.384836] [0x00007fde2ffff6c0] [debug]   Added message frame to channel. Channel size: 3
[2025-01-23 00:05:54.384873] [0x00007fde2dffb6c0] [debug]   Retrieved message frame from channel. Channel size: 2
[2025-01-23 00:05:54.384887] [0x00007fde2dffb6c0] [debug]   Retrieved message frame from channel. Channel size: 1
[2025-01-23 00:05:54.384891] [0x00007fde2dffb6c0] [debug]   Retrieved message frame from channel. Channel size: 0
[2025-01-23 00:05:54.384909] [0x00007fde34e5b6c0] [debug]   Added message frame to channel. Channel size: 1
[2025-01-23 00:05:54.384919] [0x00007fde2dffb6c0] [debug]   Retrieved message frame from channel. Channel size: 0
[2025-01-23 00:05:54.384937] [0x00007fde2ffff6c0] [debug]   Added message frame to channel. Channel size: 1
[2025-01-23 00:05:54.384950] [0x00007fde2c65a6c0] [debug]   Added message frame to channel. Channel size: 2
[2025-01-23 00:05:54.384987] [0x00007fde2e7fc6c0] [debug]   Retrieved message frame from channel. Channel size: 1
[2025-01-23 00:05:54.384997] [0x00007fde2e7fc6c0] [debug]   Retrieved message frame from channel. Channel size: 0
[2025-01-23 00:05:54.385030] [0x00007fde3565c6c0] [debug]   Added message frame to channel. Channel size: 1
[2025-01-23 00:05:54.385054] [0x00007fde34e5b6c0] [debug]   Added message frame to channel. Channel size: 2
[2025-01-23 00:05:54.385075] [0x00007fde2f7fe6c0] [debug]   Retrieved message frame from channel. Channel size: 1
[2025-01-23 00:05:54.385083] [0x00007fde2f7fe6c0] [debug]   Retrieved message frame from channel. Channel size: 0
[...]
[2025-01-23 00:05:54.418912] [0x00007fbb2526bc40] [debug] Crypto parameters initialized successfully
[2025-01-23 00:05:54.418914] [0x00007fbb2526bc40] [info] Starting message frame serialization
[2025-01-23 00:05:54.418915] [0x00007fbb2526bc40] [debug] Writing IV of size: 16
[2025-01-23 00:05:54.418918] [0x00007fbb2526bc40] [debug] Writing message type: 0
[2025-01-23 00:05:54.418920] [0x00007fbb2526bc40] [debug] Writing source id: 1
[2025-01-23 00:05:54.418921] [0x00007fbb2526bc40] [debug] Writing payload size: 0
[2025-01-23 00:05:54.418926] [0x00007fbb2526bc40] [info] Starting stream encryption
[2025-01-23 00:05:54.418928] [0x00007fbb2526bc40] [debug] Initializing cipher for encryption
[2025-01-23 00:05:54.420704] [0x00007fbb2526bc40] [debug] Cipher initialization complete
[2025-01-23 00:05:54.420720] [0x00007fbb2526bc40] [debug] Writing encrypted filename length
[2025-01-23 00:05:54.420725] [0x00007fbb2526bc40] [info] Encrypted message frame serialization complete. Total bytes written: 42
[2025-01-23 00:05:54.420728] [0x00007fbb2526bc40] [debug] Cleaning up CryptoStream resources
[2025-01-23 00:05:54.420733] [0x00007fbb2526bc40] [info] Initializing CryptoStream
[2025-01-23 00:05:54.420735] [0x00007fbb2526bc40] [debug] CryptoStream initialization complete
[2025-01-23 00:05:54.420736] [0x00007fbb2526bc40] [info] Starting message frame deserialization
[2025-01-23 00:05:54.420738] [0x00007fbb2526bc40] [debug] Reading IV
[2025-01-23 00:05:54.420739] [0x00007fbb2526bc40] [info] Initializing crypto parameters
[2025-01-23 00:05:54.420741] [0x00007fbb2526bc40] [debug] Crypto parameters initialized successfully
[2025-01-23 00:05:54.420743] [0x00007fbb2526bc40] [debug] Read message type: 0
[2025-01-23 00:05:54.420744] [0x00007fbb2526bc40] [debug] Read source id: 1
[2025-01-23 00:05:54.420746] [0x00007fbb2526bc40] [debug] Read payload size: 0
[2025-01-23 00:05:54.420748] [0x00007fbb2526bc40] [info] Starting stream decryption
[2025-01-23 00:05:54.420750] [0x00007fbb2526bc40] [debug] Initializing cipher for decryption
[2025-01-23 00:05:54.420753] [0x00007fbb2526bc40] [debug] Cipher initialization complete
[2025-01-23 00:05:54.420756] [0x00007fbb2526bc40] [debug] Read decrypted filename length: 19629056
[2025-01-23 00:05:54.420758] [0x00007fbb2526bc40] [debug] Added message frame to channel. Channel size: 1
[2025-01-23 00:05:54.420759] [0x00007fbb2526bc40] [info] Message frame deserialization complete. Total bytes read: 42
[2025-01-23 00:05:54.420761] [0x00007fbb2526bc40] [debug] Cleaning up CryptoStream resources
[2025-01-23 00:05:54.420763] [0x00007fbb2526bc40] [debug] Retrieved message frame from channel. Channel size: 0
[       OK ] CodecTest.MinimalFrameSerializeDeserialize (2 ms)
[----------] 1 test from CodecTest (2 ms total)

[----------] Global test environment tear-down
[==========] 1 test from 1 test suite ran. (2 ms total)
[  PASSED  ] 1 test.
<end of output>
Test time =   0.01 sec
----------------------------------------------------------
Test Passed.
"CodecTest.MinimalFrameSerializeDeserialize" end time: Jan 23 00:05 UTC
"CodecTest.MinimalFrameSerializeDeserialize" time elapsed: 00:00:00
----------------------------------------------------------

25/28 Testing: CodecTest.BasicSerializeDeserialize
25/28 Test: CodecTest.BasicSerializeDeserialize
Command: "/home/runner/workspace/build/codec_tests" "--gtest_filter=CodecTest.BasicSerializeDeserialize" "--gtest_also_run_disabled_tests"
Directory: /home/runner/workspace/build
"CodecTest.BasicSerializeDeserialize" start time: Jan 23 00:05 UTC
Output:
----------------------------------------------------------
Running main() from /build/source/googletest/src/gtest_main.cc
Note: Google Test filter = CodecTest.BasicSerializeDeserialize
[==========] Running 1 test from 1 test suite.
[----------] Global test environment set-up.
[----------] 1 test from CodecTest
[ RUN      ] CodecTest.BasicSerializeDeserialize
[2025-01-23 00:05:54.433240] [0x00007f9ad6f34c40] [info]    Initializing Codec with key of size: 32
[2025-01-23 00:05:54.433279] [0x00007f9ad6f34c40] [info] Initializing CryptoStream
[2025-01-23 00:05:54.433429] [0x00007f9ad6f34c40] [debug] CryptoStream initialization complete
[2025-01-23 00:05:54.433436] [0x00007f9ad6f34c40] [info] Initializing crypto parameters
[2025-01-23 00:05:54.433439] [0x00007f9ad6f34c40] [debug] Crypto parameters initialized successfully
[2025-01-23 00:05:54.433440] [0x00007f9ad6f34c40] [info] Starting message frame serialization
[2025-01-23 00:05:54.433442] [0x00007f9ad6f34c40] [debug] Writing IV of size: 16
[2025-01-23 00:05:54.433445] [0x00007f9ad6f34c40] [debug] Writing message type: 0
[2025-01-23 00:05:54.433447] [0x00007f9ad6f34c40] [debug] Writing source id: 2
[2025-01-23 00:05:54.433448] [0x00007f9ad6f34c40] [debug] Writing payload size: 11
[2025-01-23 00:05:54.433452] [0x00007f9ad6f34c40] [info] Starting stream encryption
[2025-01-23 00:05:54.433454] [0x00007f9ad6f34c40] [debug] Initializing cipher for encryption
[2025-01-23 00:05:54.434897] [0x00007f9ad6f34c40] [debug] Cipher initialization complete
[2025-01-23 00:05:54.434910] [0x00007f9ad6f34c40] [debug] Writing encrypted filename length
[2025-01-23 00:05:54.434912] [0x00007f9ad6f34c40] [debug] Encrypting and writing payload of size: 11
[2025-01-23 00:05:54.434915] [0x00007f9ad6f34c40] [info] Starting stream encryption
[2025-01-23 00:05:54.434917] [0x00007f9ad6f34c40] [debug] Initializing cipher for encryption
[2025-01-23 00:05:54.434920] [0x00007f9ad6f34c40] [debug] Cipher initialization complete
[2025-01-23 00:05:54.434922] [0x00007f9ad6f34c40] [info] Encrypted message frame serialization complete. Total bytes written: 53
[2025-01-23 00:05:54.434924] [0x00007f9ad6f34c40] [debug] Cleaning up CryptoStream resources
[2025-01-23 00:05:54.434926] [0x00007f9ad6f34c40] [info] Initializing CryptoStream
[2025-01-23 00:05:54.434960] [0x00007f9ad6f34c40] [debug] CryptoStream initialization complete
[2025-01-23 00:05:54.434967] [0x00007f9ad6f34c40] [info] Starting message frame deserialization
[2025-01-23 00:05:54.434969] [0x00007f9ad6f34c40] [debug] Reading IV
[2025-01-23 00:05:54.434970] [0x00007f9ad6f34c40] [info] Initializing crypto parameters
[2025-01-23 00:05:54.434972] [0x00007f9ad6f34c40] [debug] Crypto parameters initialized successfully
[2025-01-23 00:05:54.434974] [0x00007f9ad6f34c40] [debug] Read message type: 0
[2025-01-23 00:05:54.434975] [0x00007f9ad6f34c40] [debug] Read source id: 2
[2025-01-23 00:05:54.434979] [0x00007f9ad6f34c40] [debug] Read payload size: 11
[2025-01-23 00:05:54.434983] [0x00007f9ad6f34c40] [info] Starting stream decryption
[2025-01-23 00:05:54.434986] [0x00007f9ad6f34c40] [debug] Initializing cipher for decryption
[2025-01-23 00:05:54.434992] [0x00007f9ad6f34c40] [debug] Cipher initialization complete
[2025-01-23 00:05:54.434996] [0x00007f9ad6f34c40] [debug] Read decrypted filename length: 8
[2025-01-23 00:05:54.435000] [0x00007f9ad6f34c40] [debug] Added message frame to channel. Channel size: 1
[2025-01-23 00:05:54.435006] [0x00007f9ad6f34c40] [debug] Decrypting payload of size: 11
[2025-01-23 00:05:54.435009] [0x00007f9ad6f34c40] [info] Starting stream decryption
[2025-01-23 00:05:54.435011] [0x00007f9ad6f34c40] [debug] Initializing cipher for decryption
[2025-01-23 00:05:54.435015] [0x00007f9ad6f34c40] [debug] Cipher initialization complete
[2025-01-23 00:05:54.435018] [0x00007f9ad6f34c40] [info] Message frame deserialization complete. Total bytes read: 53
[2025-01-23 00:05:54.435021] [0x00007f9ad6f34c40] [debug] Cleaning up CryptoStream resources
[2025-01-23 00:05:54.435024] [0x00007f9ad6f34c40] [debug] Retrieved message frame from channel. Channel size: 0
[       OK ] CodecTest.BasicSerializeDeserialize (1 ms)
[----------] 1 test from CodecTest (1 ms total)

[----------] Global test environment tear-down
[==========] 1 test from 1 test suite ran. (1 ms total)
[  PASSED  ] 1 test.
<end of output>
Test time =   0.01 sec
----------------------------------------------------------
Test Passed.
"CodecTest.BasicSerializeDeserialize" end time: Jan 23 00:05 UTC
"CodecTest.BasicSerializeDeserialize" time elapsed: 00:00:00
----------------------------------------------------------

26/28 Testing: CodecTest.LargePayloadChunkedProcessing
26/28 Test: CodecTest.LargePayloadChunkedProcessing
Command: "/home/runner/workspace/build/codec_tests" "--gtest_filter=CodecTest.LargePayloadChunkedProcessing" "--gtest_also_run_disabled_tests"
Directory: /home/runner/workspace/build
"CodecTest.LargePayloadChunkedProcessing" start time: Jan 23 00:05 UTC
Output:
----------------------------------------------------------
Running main() from /build/source/googletest/src/gtest_main.cc
Note: Google Test filter = CodecTest.LargePayloadChunkedProcessing
[==========] Running 1 test from 1 test suite.
[----------] Global test environment set-up.
[----------] 1 test from CodecTest
[ RUN      ] CodecTest.LargePayloadChunkedProcessing
[2025-01-23 00:05:54.447706] [0x00007febbe7d5c40] [info]    Initializing Codec with key of size: 32
[2025-01-23 00:05:54.535511] [0x00007febbe7d5c40] [info] Initializing CryptoStream
[2025-01-23 00:05:54.535694] [0x00007febbe7d5c40] [debug] CryptoStream initialization complete
[2025-01-23 00:05:54.535700] [0x00007febbe7d5c40] [info] Initializing crypto parameters
[2025-01-23 00:05:54.535703] [0x00007febbe7d5c40] [debug] Crypto parameters initialized successfully
[2025-01-23 00:05:54.535706] [0x00007febbe7d5c40] [info] Starting message frame serialization
[2025-01-23 00:05:54.535709] [0x00007febbe7d5c40] [debug] Writing IV of size: 16
[2025-01-23 00:05:54.535714] [0x00007febbe7d5c40] [debug] Writing message type: 0
[2025-01-23 00:05:54.535718] [0x00007febbe7d5c40] [debug] Writing source id: 3
[2025-01-23 00:05:54.535721] [0x00007febbe7d5c40] [debug] Writing payload size: 10485760
[2025-01-23 00:05:54.535726] [0x00007febbe7d5c40] [info] Starting stream encryption
[2025-01-23 00:05:54.535728] [0x00007febbe7d5c40] [debug] Initializing cipher for encryption
[2025-01-23 00:05:54.537230] [0x00007febbe7d5c40] [debug] Cipher initialization complete
[2025-01-23 00:05:54.537242] [0x00007febbe7d5c40] [debug] Writing encrypted filename length
[2025-01-23 00:05:54.537245] [0x00007febbe7d5c40] [debug] Encrypting and writing payload of size: 10485760
[2025-01-23 00:05:54.537247] [0x00007febbe7d5c40] [info] Starting stream encryption
[2025-01-23 00:05:54.537249] [0x00007febbe7d5c40] [debug] Initializing cipher for encryption
[2025-01-23 00:05:54.537252] [0x00007febbe7d5c40] [debug] Cipher initialization complete
[2025-01-23 00:05:54.560870] [0x00007febbe7d5c40] [info] Encrypted message frame serialization complete. Total bytes written: 10485802
[2025-01-23 00:05:54.560900] [0x00007febbe7d5c40] [debug] Cleaning up CryptoStream resources
[2025-01-23 00:05:54.560906] [0x00007febbe7d5c40] [info] Initializing CryptoStream
[2025-01-23 00:05:54.560909] [0x00007febbe7d5c40] [debug] CryptoStream initialization complete
[2025-01-23 00:05:54.560910] [0x00007febbe7d5c40] [info] Starting message frame deserialization
[2025-01-23 00:05:54.560912] [0x00007febbe7d5c40] [debug] Reading IV
[2025-01-23 00:05:54.560914] [0x00007febbe7d5c40] [info] Initializing crypto parameters
[2025-01-23 00:05:54.560916] [0x00007febbe7d5c40] [debug] Crypto parameters initialized successfully
[2025-01-23 00:05:54.560918] [0x00007febbe7d5c40] [debug] Read message type: 0
[2025-01-23 00:05:54.560920] [0x00007febbe7d5c40] [debug] Read source id: 3
[2025-01-23 00:05:54.560921] [0x00007febbe7d5c40] [debug] Read payload size: 10485760
[2025-01-23 00:05:54.560925] [0x00007febbe7d5c40] [info] Starting stream decryption
[2025-01-23 00:05:54.560927] [0x00007febbe7d5c40] [debug] Initializing cipher for decryption
[2025-01-23 00:05:54.560938] [0x00007febbe7d5c40] [debug] Cipher initialization complete
[2025-01-23 00:05:54.560941] [0x00007febbe7d5c40] [debug] Read decrypted filename length: 12
[2025-01-23 00:05:54.560943] [0x00007febbe7d5c40] [debug] Added message frame to channel. Channel size: 1
[2025-01-23 00:05:54.560945] [0x00007febbe7d5c40] [debug] Decrypting payload of size: 10485760
[2025-01-23 00:05:54.560946] [0x00007febbe7d5c40] [info] Starting stream decryption
[2025-01-23 00:05:54.560948] [0x00007febbe7d5c40] [debug] Initializing cipher for decryption
[2025-01-23 00:05:54.560950] [0x00007febbe7d5c40] [debug] Cipher initialization complete
[2025-01-23 00:05:54.573826] [0x00007febbe7d5c40] [info] Message frame deserialization complete. Total bytes read: 10485802
[2025-01-23 00:05:54.573856] [0x00007febbe7d5c40] [debug] Cleaning up CryptoStream resources
[2025-01-23 00:05:54.573862] [0x00007febbe7d5c40] [debug] Retrieved message frame from channel. Channel size: 0
[       OK ] CodecTest.LargePayloadChunkedProcessing (209 ms)
[----------] 1 test from CodecTest (209 ms total)

[----------] Global test environment tear-down
[==========] 1 test from 1 test suite ran. (209 ms total)
[  PASSED  ] 1 test.
<end of output>
Test time =   0.22 sec
----------------------------------------------------------
Test Passed.
"CodecTest.LargePayloadChunkedProcessing" end time: Jan 23 00:05 UTC
"CodecTest.LargePayloadChunkedProcessing" time elapsed: 00:00:00
----------------------------------------------------------

27/28 Testing: CodecTest.MalformedInputHandling
27/28 Test: CodecTest.MalformedInputHandling
Command: "/home/runner/workspace/build/codec_tests" "--gtest_filter=CodecTest.MalformedInputHandling" "--gtest_also_run_disabled_tests"
Directory: /home/runner/workspace/build
"CodecTest.MalformedInputHandling" start time: Jan 23 00:05 UTC
Output:
----------------------------------------------------------
Running main() from /build/source/googletest/src/gtest_main.cc
Note: Google Test filter = CodecTest.MalformedInputHandling
[==========] Running 1 test from 1 test suite.
[----------] Global test environment set-up.
[----------] 1 test from CodecTest
[ RUN      ] CodecTest.MalformedInputHandling
[2025-01-23 00:05:54.670602] [0x00007fb970d79c40] [info]    Initializing Codec with key of size: 32
[2025-01-23 00:05:54.670665] [0x00007fb970d79c40] [info] Initializing CryptoStream
[2025-01-23 00:05:54.670803] [0x00007fb970d79c40] [debug] CryptoStream initialization complete
[2025-01-23 00:05:54.670807] [0x00007fb970d79c40] [info] Starting message frame deserialization
[2025-01-23 00:05:54.670809] [0x00007fb970d79c40] [debug] Reading IV
[2025-01-23 00:05:54.670811] [0x00007fb970d79c40] [error] Failed to read 16 bytes from input stream
[2025-01-23 00:05:54.670834] [0x00007fb970d79c40] [error] Error during deserialization: Failed to read from input stream
[2025-01-23 00:05:54.670839] [0x00007fb970d79c40] [debug] Cleaning up CryptoStream resources
[2025-01-23 00:05:54.670847] [0x00007fb970d79c40] [error] Invalid input stream state
[2025-01-23 00:05:54.670851] [0x00007fb970d79c40] [info] Initializing CryptoStream
[2025-01-23 00:05:54.670853] [0x00007fb970d79c40] [debug] CryptoStream initialization complete
[2025-01-23 00:05:54.670854] [0x00007fb970d79c40] [info] Initializing crypto parameters
[2025-01-23 00:05:54.670856] [0x00007fb970d79c40] [error] Invalid IV size: 15 bytes (expected 16 bytes)
[2025-01-23 00:05:54.670862] [0x00007fb970d79c40] [debug] Cleaning up CryptoStream resources
[       OK ] CodecTest.MalformedInputHandling (0 ms)
[----------] 1 test from CodecTest (0 ms total)

[----------] Global test environment tear-down
[==========] 1 test from 1 test suite ran. (0 ms total)
[  PASSED  ] 1 test.
<end of output>
Test time =   0.01 sec
----------------------------------------------------------
Test Passed.
"CodecTest.MalformedInputHandling" end time: Jan 23 00:05 UTC
"CodecTest.MalformedInputHandling" time elapsed: 00:00:00
----------------------------------------------------------

28/28 Testing: CodecTest.EmptySourceId
28/28 Test: CodecTest.EmptySourceId
Command: "/home/runner/workspace/build/codec_tests" "--gtest_filter=CodecTest.EmptySourceId" "--gtest_also_run_disabled_tests"
Directory: /home/runner/workspace/build
"CodecTest.EmptySourceId" start time: Jan 23 00:05 UTC
Output:
----------------------------------------------------------
Running main() from /build/source/googletest/src/gtest_main.cc
Note: Google Test filter = CodecTest.EmptySourceId
[==========] Running 1 test from 1 test suite.
[----------] Global test environment set-up.
[----------] 1 test from CodecTest
[ RUN      ] CodecTest.EmptySourceId
[2025-01-23 00:05:54.683080] [0x00007faf34ed6c40] [info]    Initializing Codec with key of size: 32
[2025-01-23 00:05:54.683109] [0x00007faf34ed6c40] [info] Initializing CryptoStream
[2025-01-23 00:05:54.683245] [0x00007faf34ed6c40] [debug] CryptoStream initialization complete
[2025-01-23 00:05:54.683251] [0x00007faf34ed6c40] [info] Initializing crypto parameters
[2025-01-23 00:05:54.683253] [0x00007faf34ed6c40] [debug] Crypto parameters initialized successfully
[2025-01-23 00:05:54.683255] [0x00007faf34ed6c40] [info] Starting message frame serialization
[2025-01-23 00:05:54.683256] [0x00007faf34ed6c40] [debug] Writing IV of size: 16
[2025-01-23 00:05:54.683259] [0x00007faf34ed6c40] [debug] Writing message type: 0
[2025-01-23 00:05:54.683260] [0x00007faf34ed6c40] [debug] Writing source id: 0
[2025-01-23 00:05:54.683262] [0x00007faf34ed6c40] [debug] Writing payload size: 0
[2025-01-23 00:05:54.683265] [0x00007faf34ed6c40] [info] Starting stream encryption
[2025-01-23 00:05:54.683269] [0x00007faf34ed6c40] [debug] Initializing cipher for encryption
[2025-01-23 00:05:54.684742] [0x00007faf34ed6c40] [debug] Cipher initialization complete
[2025-01-23 00:05:54.684754] [0x00007faf34ed6c40] [debug] Writing encrypted filename length
[2025-01-23 00:05:54.684757] [0x00007faf34ed6c40] [info] Encrypted message frame serialization complete. Total bytes written: 42
[2025-01-23 00:05:54.684759] [0x00007faf34ed6c40] [debug] Cleaning up CryptoStream resources
[2025-01-23 00:05:54.684761] [0x00007faf34ed6c40] [info] Initializing CryptoStream
[2025-01-23 00:05:54.684763] [0x00007faf34ed6c40] [debug] CryptoStream initialization complete
[2025-01-23 00:05:54.684764] [0x00007faf34ed6c40] [info] Starting message frame deserialization
[2025-01-23 00:05:54.684766] [0x00007faf34ed6c40] [debug] Reading IV
[2025-01-23 00:05:54.684768] [0x00007faf34ed6c40] [info] Initializing crypto parameters
[2025-01-23 00:05:54.684769] [0x00007faf34ed6c40] [debug] Crypto parameters initialized successfully
[2025-01-23 00:05:54.684771] [0x00007faf34ed6c40] [debug] Read message type: 0
[2025-01-23 00:05:54.684772] [0x00007faf34ed6c40] [debug] Read source id: 0
[2025-01-23 00:05:54.684774] [0x00007faf34ed6c40] [debug] Read payload size: 0
[2025-01-23 00:05:54.684776] [0x00007faf34ed6c40] [info] Starting stream decryption
[2025-01-23 00:05:54.684778] [0x00007faf34ed6c40] [debug] Initializing cipher for decryption
[2025-01-23 00:05:54.684781] [0x00007faf34ed6c40] [debug] Cipher initialization complete
[2025-01-23 00:05:54.684783] [0x00007faf34ed6c40] [debug] Read decrypted filename length: 0
[2025-01-23 00:05:54.684785] [0x00007faf34ed6c40] [debug] Added message frame to channel. Channel size: 1
[2025-01-23 00:05:54.684787] [0x00007faf34ed6c40] [info] Message frame deserialization complete. Total bytes read: 42
[2025-01-23 00:05:54.684788] [0x00007faf34ed6c40] [debug] Cleaning up CryptoStream resources
[2025-01-23 00:05:54.684790] [0x00007faf34ed6c40] [debug] Retrieved message frame from channel. Channel size: 0
[       OK ] CodecTest.EmptySourceId (1 ms)
[----------] 1 test from CodecTest (1 ms total)

[----------] Global test environment tear-down
[==========] 1 test from 1 test suite ran. (1 ms total)
[  PASSED  ] 1 test.
<end of output>
Test time =   0.01 sec
----------------------------------------------------------
Test Passed.
"CodecTest.EmptySourceId" end time: Jan 23 00:05 UTC
"CodecTest.EmptySourceId" time elapsed: 00:00:00
----------------------------------------------------------

End testing: Jan 23 00:05 UTC
