Start testing: Jan 23 19:00 UTC
----------------------------------------------------------
1/28 Testing: CryptoStreamTest.BasicStreamOperation
1/28 Test: CryptoStreamTest.BasicStreamOperation
Command: "/home/runner/workspace/build/crypto_tests" "--gtest_filter=CryptoStreamTest.BasicStreamOperation" "--gtest_also_run_disabled_tests"
Directory: /home/runner/workspace/build
"CryptoStreamTest.BasicStreamOperation" start time: Jan 23 19:00 UTC
Output:
----------------------------------------------------------
Running main() from /build/source/googletest/src/gtest_main.cc
Note: Google Test filter = CryptoStreamTest.BasicStreamOperation
[==========] Running 1 test from 1 test suite.
[----------] Global test environment set-up.
[----------] 1 test from CryptoStreamTest
[ RUN      ] CryptoStreamTest.BasicStreamOperation
[2025-01-23 19:00:12.860329] [0x00007f880d3acb80] [info]    Initializing CryptoStream
[2025-01-23 19:00:12.860460] [0x00007f880d3acb80] [debug]   CryptoStream initialization complete
[2025-01-23 19:00:12.860470] [0x00007f880d3acb80] [info]    Initializing crypto parameters
[2025-01-23 19:00:12.860473] [0x00007f880d3acb80] [debug]   Crypto parameters initialized successfully
[2025-01-23 19:00:12.860480] [0x00007f880d3acb80] [info]    Starting stream encryption
[2025-01-23 19:00:12.860482] [0x00007f880d3acb80] [debug]   Initializing cipher for encryption
[2025-01-23 19:00:12.862093] [0x00007f880d3acb80] [debug]   Cipher initialization complete
[2025-01-23 19:00:12.862112] [0x00007f880d3acb80] [info]    Starting stream decryption
[2025-01-23 19:00:12.862117] [0x00007f880d3acb80] [debug]   Initializing cipher for decryption
[2025-01-23 19:00:12.862122] [0x00007f880d3acb80] [debug]   Cipher initialization complete
[2025-01-23 19:00:12.862127] [0x00007f880d3acb80] [debug]   Cleaning up CryptoStream resources
[       OK ] CryptoStreamTest.BasicStreamOperation (1 ms)
[----------] 1 test from CryptoStreamTest (1 ms total)

[----------] Global test environment tear-down
[==========] 1 test from 1 test suite ran. (1 ms total)
[  PASSED  ] 1 test.
<end of output>
Test time =   0.01 sec
----------------------------------------------------------
Test Passed.
"CryptoStreamTest.BasicStreamOperation" end time: Jan 23 19:00 UTC
"CryptoStreamTest.BasicStreamOperation" time elapsed: 00:00:00
----------------------------------------------------------

2/28 Testing: CryptoStreamTest.UninitializedError
2/28 Test: CryptoStreamTest.UninitializedError
Command: "/home/runner/workspace/build/crypto_tests" "--gtest_filter=CryptoStreamTest.UninitializedError" "--gtest_also_run_disabled_tests"
Directory: /home/runner/workspace/build
"CryptoStreamTest.UninitializedError" start time: Jan 23 19:00 UTC
Output:
----------------------------------------------------------
Running main() from /build/source/googletest/src/gtest_main.cc
Note: Google Test filter = CryptoStreamTest.UninitializedError
[==========] Running 1 test from 1 test suite.
[----------] Global test environment set-up.
[----------] 1 test from CryptoStreamTest
[ RUN      ] CryptoStreamTest.UninitializedError
[2025-01-23 19:00:12.874380] [0x00007f4230862b80] [info]    Initializing CryptoStream
[2025-01-23 19:00:12.874498] [0x00007f4230862b80] [debug]   CryptoStream initialization complete
[2025-01-23 19:00:12.874506] [0x00007f4230862b80] [info]    Initializing crypto parameters
[2025-01-23 19:00:12.874508] [0x00007f4230862b80] [debug]   Crypto parameters initialized successfully
[2025-01-23 19:00:12.874510] [0x00007f4230862b80] [info]    Initializing CryptoStream
[2025-01-23 19:00:12.874512] [0x00007f4230862b80] [debug]   CryptoStream initialization complete
[2025-01-23 19:00:12.874516] [0x00007f4230862b80] [info]    Starting stream encryption
[2025-01-23 19:00:12.874518] [0x00007f4230862b80] [debug]   Initializing cipher for encryption
[2025-01-23 19:00:12.874520] [0x00007f4230862b80] [error]   Attempted to use uninitialized CryptoStream
[2025-01-23 19:00:12.874541] [0x00007f4230862b80] [error]   Stream processing failed: Initialization error: CryptoStream not initialized
[2025-01-23 19:00:12.874552] [0x00007f4230862b80] [debug]   Cleaning up CryptoStream resources
[2025-01-23 19:00:12.874559] [0x00007f4230862b80] [debug]   Cleaning up CryptoStream resources
[       OK ] CryptoStreamTest.UninitializedError (0 ms)
[----------] 1 test from CryptoStreamTest (0 ms total)

[----------] Global test environment tear-down
[==========] 1 test from 1 test suite ran. (0 ms total)
[  PASSED  ] 1 test.
<end of output>
Test time =   0.01 sec
----------------------------------------------------------
Test Passed.
"CryptoStreamTest.UninitializedError" end time: Jan 23 19:00 UTC
"CryptoStreamTest.UninitializedError" time elapsed: 00:00:00
----------------------------------------------------------

3/28 Testing: CryptoStreamTest.EmptyStream
3/28 Test: CryptoStreamTest.EmptyStream
Command: "/home/runner/workspace/build/crypto_tests" "--gtest_filter=CryptoStreamTest.EmptyStream" "--gtest_also_run_disabled_tests"
Directory: /home/runner/workspace/build
"CryptoStreamTest.EmptyStream" start time: Jan 23 19:00 UTC
Output:
----------------------------------------------------------
Running main() from /build/source/googletest/src/gtest_main.cc
Note: Google Test filter = CryptoStreamTest.EmptyStream
[==========] Running 1 test from 1 test suite.
[----------] Global test environment set-up.
[----------] 1 test from CryptoStreamTest
[ RUN      ] CryptoStreamTest.EmptyStream
[2025-01-23 19:00:12.887528] [0x00007f0ba1afab80] [info]    Initializing CryptoStream
[2025-01-23 19:00:12.887632] [0x00007f0ba1afab80] [debug]   CryptoStream initialization complete
[2025-01-23 19:00:12.887638] [0x00007f0ba1afab80] [info]    Initializing crypto parameters
[2025-01-23 19:00:12.887641] [0x00007f0ba1afab80] [debug]   Crypto parameters initialized successfully
[2025-01-23 19:00:12.887648] [0x00007f0ba1afab80] [info]    Starting stream encryption
[2025-01-23 19:00:12.887651] [0x00007f0ba1afab80] [debug]   Initializing cipher for encryption
[2025-01-23 19:00:12.889527] [0x00007f0ba1afab80] [debug]   Cipher initialization complete
[2025-01-23 19:00:12.889544] [0x00007f0ba1afab80] [info]    Starting stream decryption
[2025-01-23 19:00:12.889548] [0x00007f0ba1afab80] [debug]   Initializing cipher for decryption
[2025-01-23 19:00:12.889553] [0x00007f0ba1afab80] [debug]   Cipher initialization complete
[2025-01-23 19:00:12.889561] [0x00007f0ba1afab80] [debug]   Cleaning up CryptoStream resources
[       OK ] CryptoStreamTest.EmptyStream (2 ms)
[----------] 1 test from CryptoStreamTest (2 ms total)

[----------] Global test environment tear-down
[==========] 1 test from 1 test suite ran. (2 ms total)
[  PASSED  ] 1 test.
<end of output>
Test time =   0.01 sec
----------------------------------------------------------
Test Passed.
"CryptoStreamTest.EmptyStream" end time: Jan 23 19:00 UTC
"CryptoStreamTest.EmptyStream" time elapsed: 00:00:00
----------------------------------------------------------

4/28 Testing: CryptoStreamTest.LargeStream
4/28 Test: CryptoStreamTest.LargeStream
Command: "/home/runner/workspace/build/crypto_tests" "--gtest_filter=CryptoStreamTest.LargeStream" "--gtest_also_run_disabled_tests"
Directory: /home/runner/workspace/build
"CryptoStreamTest.LargeStream" start time: Jan 23 19:00 UTC
Output:
----------------------------------------------------------
Running main() from /build/source/googletest/src/gtest_main.cc
Note: Google Test filter = CryptoStreamTest.LargeStream
[==========] Running 1 test from 1 test suite.
[----------] Global test environment set-up.
[----------] 1 test from CryptoStreamTest
[ RUN      ] CryptoStreamTest.LargeStream
[2025-01-23 19:00:12.901215] [0x00007f1dc0922b80] [info]    Initializing CryptoStream
[2025-01-23 19:00:12.901323] [0x00007f1dc0922b80] [debug]   CryptoStream initialization complete
[2025-01-23 19:00:12.901329] [0x00007f1dc0922b80] [info]    Initializing crypto parameters
[2025-01-23 19:00:12.901332] [0x00007f1dc0922b80] [debug]   Crypto parameters initialized successfully
[2025-01-23 19:00:12.908077] [0x00007f1dc0922b80] [info]    Starting stream encryption
[2025-01-23 19:00:12.908086] [0x00007f1dc0922b80] [debug]   Initializing cipher for encryption
[2025-01-23 19:00:12.909509] [0x00007f1dc0922b80] [debug]   Cipher initialization complete
[2025-01-23 19:00:12.911765] [0x00007f1dc0922b80] [info]    Starting stream decryption
[2025-01-23 19:00:12.911777] [0x00007f1dc0922b80] [debug]   Initializing cipher for decryption
[2025-01-23 19:00:12.911785] [0x00007f1dc0922b80] [debug]   Cipher initialization complete
[2025-01-23 19:00:12.912894] [0x00007f1dc0922b80] [debug]   Cleaning up CryptoStream resources
[       OK ] CryptoStreamTest.LargeStream (11 ms)
[----------] 1 test from CryptoStreamTest (11 ms total)

[----------] Global test environment tear-down
[==========] 1 test from 1 test suite ran. (11 ms total)
[  PASSED  ] 1 test.
<end of output>
Test time =   0.02 sec
----------------------------------------------------------
Test Passed.
"CryptoStreamTest.LargeStream" end time: Jan 23 19:00 UTC
"CryptoStreamTest.LargeStream" time elapsed: 00:00:00
----------------------------------------------------------

5/28 Testing: CryptoStreamTest.InvalidStreamState
5/28 Test: CryptoStreamTest.InvalidStreamState
Command: "/home/runner/workspace/build/crypto_tests" "--gtest_filter=CryptoStreamTest.InvalidStreamState" "--gtest_also_run_disabled_tests"
Directory: /home/runner/workspace/build
"CryptoStreamTest.InvalidStreamState" start time: Jan 23 19:00 UTC
Output:
----------------------------------------------------------
Running main() from /build/source/googletest/src/gtest_main.cc
Note: Google Test filter = CryptoStreamTest.InvalidStreamState
[==========] Running 1 test from 1 test suite.
[----------] Global test environment set-up.
[----------] 1 test from CryptoStreamTest
[ RUN      ] CryptoStreamTest.InvalidStreamState
[2025-01-23 19:00:12.923776] [0x00007f0abf55ab80] [info]    Initializing CryptoStream
[2025-01-23 19:00:12.923884] [0x00007f0abf55ab80] [debug]   CryptoStream initialization complete
[2025-01-23 19:00:12.923891] [0x00007f0abf55ab80] [info]    Initializing crypto parameters
[2025-01-23 19:00:12.923893] [0x00007f0abf55ab80] [debug]   Crypto parameters initialized successfully
[2025-01-23 19:00:12.923897] [0x00007f0abf55ab80] [info]    Starting stream encryption
[2025-01-23 19:00:12.923900] [0x00007f0abf55ab80] [error]   Invalid stream state detected
[2025-01-23 19:00:12.923923] [0x00007f0abf55ab80] [info]    Starting stream encryption
[2025-01-23 19:00:12.923927] [0x00007f0abf55ab80] [error]   Invalid stream state detected
[2025-01-23 19:00:12.923932] [0x00007f0abf55ab80] [debug]   Cleaning up CryptoStream resources
[       OK ] CryptoStreamTest.InvalidStreamState (0 ms)
[----------] 1 test from CryptoStreamTest (0 ms total)

[----------] Global test environment tear-down
[==========] 1 test from 1 test suite ran. (0 ms total)
[  PASSED  ] 1 test.
<end of output>
Test time =   0.01 sec
----------------------------------------------------------
Test Passed.
"CryptoStreamTest.InvalidStreamState" end time: Jan 23 19:00 UTC
"CryptoStreamTest.InvalidStreamState" time elapsed: 00:00:00
----------------------------------------------------------

6/28 Testing: CryptoStreamTest.BlockAlignment
6/28 Test: CryptoStreamTest.BlockAlignment
Command: "/home/runner/workspace/build/crypto_tests" "--gtest_filter=CryptoStreamTest.BlockAlignment" "--gtest_also_run_disabled_tests"
Directory: /home/runner/workspace/build
"CryptoStreamTest.BlockAlignment" start time: Jan 23 19:00 UTC
Output:
----------------------------------------------------------
Running main() from /build/source/googletest/src/gtest_main.cc
Note: Google Test filter = CryptoStreamTest.BlockAlignment
[==========] Running 1 test from 1 test suite.
[----------] Global test environment set-up.
[----------] 1 test from CryptoStreamTest
[ RUN      ] CryptoStreamTest.BlockAlignment
[2025-01-23 19:00:12.934770] [0x00007f8aac0d2b80] [info]    Initializing CryptoStream
[2025-01-23 19:00:12.934871] [0x00007f8aac0d2b80] [debug]   CryptoStream initialization complete
[2025-01-23 19:00:12.934877] [0x00007f8aac0d2b80] [info]    Initializing crypto parameters
[2025-01-23 19:00:12.934879] [0x00007f8aac0d2b80] [debug]   Crypto parameters initialized successfully
[2025-01-23 19:00:12.934883] [0x00007f8aac0d2b80] [info]    Starting stream encryption
[2025-01-23 19:00:12.934887] [0x00007f8aac0d2b80] [debug]   Initializing cipher for encryption
[2025-01-23 19:00:12.936604] [0x00007f8aac0d2b80] [debug]   Cipher initialization complete
[2025-01-23 19:00:12.936617] [0x00007f8aac0d2b80] [info]    Starting stream decryption
[2025-01-23 19:00:12.936620] [0x00007f8aac0d2b80] [debug]   Initializing cipher for decryption
[2025-01-23 19:00:12.936624] [0x00007f8aac0d2b80] [debug]   Cipher initialization complete
[2025-01-23 19:00:12.936633] [0x00007f8aac0d2b80] [info]    Starting stream encryption
[2025-01-23 19:00:12.936634] [0x00007f8aac0d2b80] [debug]   Initializing cipher for encryption
[2025-01-23 19:00:12.936637] [0x00007f8aac0d2b80] [debug]   Cipher initialization complete
[2025-01-23 19:00:12.936647] [0x00007f8aac0d2b80] [info]    Starting stream decryption
[2025-01-23 19:00:12.936650] [0x00007f8aac0d2b80] [debug]   Initializing cipher for decryption
[2025-01-23 19:00:12.936654] [0x00007f8aac0d2b80] [debug]   Cipher initialization complete
[2025-01-23 19:00:12.936660] [0x00007f8aac0d2b80] [info]    Starting stream encryption
[2025-01-23 19:00:12.936666] [0x00007f8aac0d2b80] [debug]   Initializing cipher for encryption
[2025-01-23 19:00:12.936670] [0x00007f8aac0d2b80] [debug]   Cipher initialization complete
[2025-01-23 19:00:12.936672] [0x00007f8aac0d2b80] [info]    Starting stream decryption
[2025-01-23 19:00:12.936673] [0x00007f8aac0d2b80] [debug]   Initializing cipher for decryption
[2025-01-23 19:00:12.936675] [0x00007f8aac0d2b80] [debug]   Cipher initialization complete
[2025-01-23 19:00:12.936680] [0x00007f8aac0d2b80] [info]    Starting stream encryption
[2025-01-23 19:00:12.936681] [0x00007f8aac0d2b80] [debug]   Initializing cipher for encryption
[2025-01-23 19:00:12.936683] [0x00007f8aac0d2b80] [debug]   Cipher initialization complete
[2025-01-23 19:00:12.936687] [0x00007f8aac0d2b80] [info]    Starting stream decryption
[2025-01-23 19:00:12.936699] [0x00007f8aac0d2b80] [debug]   Initializing cipher for decryption
[2025-01-23 19:00:12.936701] [0x00007f8aac0d2b80] [debug]   Cipher initialization complete
[2025-01-23 19:00:12.936704] [0x00007f8aac0d2b80] [info]    Starting stream encryption
[2025-01-23 19:00:12.936705] [0x00007f8aac0d2b80] [debug]   Initializing cipher for encryption
[2025-01-23 19:00:12.936711] [0x00007f8aac0d2b80] [debug]   Cipher initialization complete
[2025-01-23 19:00:12.936713] [0x00007f8aac0d2b80] [info]    Starting stream decryption
[2025-01-23 19:00:12.936714] [0x00007f8aac0d2b80] [debug]   Initializing cipher for decryption
[2025-01-23 19:00:12.936716] [0x00007f8aac0d2b80] [debug]   Cipher initialization complete
[2025-01-23 19:00:12.936719] [0x00007f8aac0d2b80] [info]    Starting stream encryption
[2025-01-23 19:00:12.936723] [0x00007f8aac0d2b80] [debug]   Initializing cipher for encryption
[2025-01-23 19:00:12.936725] [0x00007f8aac0d2b80] [debug]   Cipher initialization complete
[2025-01-23 19:00:12.936727] [0x00007f8aac0d2b80] [info]    Starting stream decryption
[2025-01-23 19:00:12.936728] [0x00007f8aac0d2b80] [debug]   Initializing cipher for decryption
[2025-01-23 19:00:12.936730] [0x00007f8aac0d2b80] [debug]   Cipher initialization complete
[2025-01-23 19:00:12.936733] [0x00007f8aac0d2b80] [debug]   Cleaning up CryptoStream resources
[       OK ] CryptoStreamTest.BlockAlignment (2 ms)
[----------] 1 test from CryptoStreamTest (2 ms total)

[----------] Global test environment tear-down
[==========] 1 test from 1 test suite ran. (2 ms total)
[  PASSED  ] 1 test.
<end of output>
Test time =   0.01 sec
----------------------------------------------------------
Test Passed.
"CryptoStreamTest.BlockAlignment" end time: Jan 23 19:00 UTC
"CryptoStreamTest.BlockAlignment" time elapsed: 00:00:00
----------------------------------------------------------

7/28 Testing: CryptoStreamTest.StreamOperators
7/28 Test: CryptoStreamTest.StreamOperators
Command: "/home/runner/workspace/build/crypto_tests" "--gtest_filter=CryptoStreamTest.StreamOperators" "--gtest_also_run_disabled_tests"
Directory: /home/runner/workspace/build
"CryptoStreamTest.StreamOperators" start time: Jan 23 19:00 UTC
Output:
----------------------------------------------------------
Running main() from /build/source/googletest/src/gtest_main.cc
Note: Google Test filter = CryptoStreamTest.StreamOperators
[==========] Running 1 test from 1 test suite.
[----------] Global test environment set-up.
[----------] 1 test from CryptoStreamTest
[ RUN      ] CryptoStreamTest.StreamOperators
[2025-01-23 19:00:12.947031] [0x00007f76f49f0b80] [info]    Initializing CryptoStream
[2025-01-23 19:00:12.947142] [0x00007f76f49f0b80] [debug]   CryptoStream initialization complete
[2025-01-23 19:00:12.947150] [0x00007f76f49f0b80] [info]    Initializing crypto parameters
[2025-01-23 19:00:12.947152] [0x00007f76f49f0b80] [debug]   Crypto parameters initialized successfully
[2025-01-23 19:00:12.947154] [0x00007f76f49f0b80] [debug]   Stream operator<< called, storing input stream for processing
[2025-01-23 19:00:12.947156] [0x00007f76f49f0b80] [debug]   Stream operator>> called in encryption mode
[2025-01-23 19:00:12.947159] [0x00007f76f49f0b80] [info]    Starting stream encryption
[2025-01-23 19:00:12.947164] [0x00007f76f49f0b80] [debug]   Initializing cipher for encryption
[2025-01-23 19:00:12.948656] [0x00007f76f49f0b80] [debug]   Cipher initialization complete
[2025-01-23 19:00:12.948669] [0x00007f76f49f0b80] [debug]   Stream processing complete
[2025-01-23 19:00:12.948672] [0x00007f76f49f0b80] [debug]   Stream operator<< called, storing input stream for processing
[2025-01-23 19:00:12.948674] [0x00007f76f49f0b80] [debug]   Stream operator>> called in decryption mode
[2025-01-23 19:00:12.948675] [0x00007f76f49f0b80] [info]    Starting stream decryption
[2025-01-23 19:00:12.948677] [0x00007f76f49f0b80] [debug]   Initializing cipher for decryption
[2025-01-23 19:00:12.948681] [0x00007f76f49f0b80] [debug]   Cipher initialization complete
[2025-01-23 19:00:12.948683] [0x00007f76f49f0b80] [debug]   Stream processing complete
[2025-01-23 19:00:12.948685] [0x00007f76f49f0b80] [debug]   Stream operator>> called in decryption mode
[2025-01-23 19:00:12.948688] [0x00007f76f49f0b80] [error]   Stream operator>> called without prior input stream
[2025-01-23 19:00:12.948716] [0x00007f76f49f0b80] [debug]   Cleaning up CryptoStream resources
[       OK ] CryptoStreamTest.StreamOperators (1 ms)
[----------] 1 test from CryptoStreamTest (1 ms total)

[----------] Global test environment tear-down
[==========] 1 test from 1 test suite ran. (1 ms total)
[  PASSED  ] 1 test.
<end of output>
Test time =   0.01 sec
----------------------------------------------------------
Test Passed.
"CryptoStreamTest.StreamOperators" end time: Jan 23 19:00 UTC
"CryptoStreamTest.StreamOperators" time elapsed: 00:00:00
----------------------------------------------------------

8/28 Testing: CryptoStreamTest.IVGeneration
8/28 Test: CryptoStreamTest.IVGeneration
Command: "/home/runner/workspace/build/crypto_tests" "--gtest_filter=CryptoStreamTest.IVGeneration" "--gtest_also_run_disabled_tests"
Directory: /home/runner/workspace/build
"CryptoStreamTest.IVGeneration" start time: Jan 23 19:00 UTC
Output:
----------------------------------------------------------
Running main() from /build/source/googletest/src/gtest_main.cc
Note: Google Test filter = CryptoStreamTest.IVGeneration
[==========] Running 1 test from 1 test suite.
[----------] Global test environment set-up.
[----------] 1 test from CryptoStreamTest
[ RUN      ] CryptoStreamTest.IVGeneration
[2025-01-23 19:00:12.958852] [0x00007fd22b006b80] [info]    Initializing CryptoStream
[2025-01-23 19:00:12.958945] [0x00007fd22b006b80] [debug]   CryptoStream initialization complete
[2025-01-23 19:00:12.958951] [0x00007fd22b006b80] [info]    Initializing crypto parameters
[2025-01-23 19:00:12.958953] [0x00007fd22b006b80] [debug]   Crypto parameters initialized successfully
[2025-01-23 19:00:12.958955] [0x00007fd22b006b80] [info]    Initializing CryptoStream
[2025-01-23 19:00:12.958957] [0x00007fd22b006b80] [debug]   CryptoStream initialization complete
[2025-01-23 19:00:12.958958] [0x00007fd22b006b80] [debug]   Generating initialization vector
[2025-01-23 19:00:12.960438] [0x00007fd22b006b80] [debug]   Successfully generated initialization vector
[2025-01-23 19:00:12.960446] [0x00007fd22b006b80] [debug]   Generating initialization vector
[2025-01-23 19:00:12.960450] [0x00007fd22b006b80] [debug]   Successfully generated initialization vector
[2025-01-23 19:00:12.960452] [0x00007fd22b006b80] [info]    Initializing crypto parameters
[2025-01-23 19:00:12.960454] [0x00007fd22b006b80] [debug]   Crypto parameters initialized successfully
[2025-01-23 19:00:12.960459] [0x00007fd22b006b80] [info]    Starting stream encryption
[2025-01-23 19:00:12.960462] [0x00007fd22b006b80] [debug]   Initializing cipher for encryption
[2025-01-23 19:00:12.960467] [0x00007fd22b006b80] [debug]   Cipher initialization complete
[2025-01-23 19:00:12.960474] [0x00007fd22b006b80] [info]    Starting stream decryption
[2025-01-23 19:00:12.960476] [0x00007fd22b006b80] [debug]   Initializing cipher for decryption
[2025-01-23 19:00:12.960478] [0x00007fd22b006b80] [debug]   Cipher initialization complete
[2025-01-23 19:00:12.960482] [0x00007fd22b006b80] [debug]   Cleaning up CryptoStream resources
[2025-01-23 19:00:12.960484] [0x00007fd22b006b80] [debug]   Cleaning up CryptoStream resources
[       OK ] CryptoStreamTest.IVGeneration (1 ms)
[----------] 1 test from CryptoStreamTest (1 ms total)

[----------] Global test environment tear-down
[==========] 1 test from 1 test suite ran. (1 ms total)
[  PASSED  ] 1 test.
<end of output>
Test time =   0.01 sec
----------------------------------------------------------
Test Passed.
"CryptoStreamTest.IVGeneration" end time: Jan 23 19:00 UTC
"CryptoStreamTest.IVGeneration" time elapsed: 00:00:00
----------------------------------------------------------

9/28 Testing: StoreTest.BasicStoreAndRetrieve
9/28 Test: StoreTest.BasicStoreAndRetrieve
Command: "/home/runner/workspace/build/store_tests" "--gtest_filter=StoreTest.BasicStoreAndRetrieve" "--gtest_also_run_disabled_tests"
Directory: /home/runner/workspace/build
"StoreTest.BasicStoreAndRetrieve" start time: Jan 23 19:00 UTC
Output:
----------------------------------------------------------
Running main() from /build/source/googletest/src/gtest_main.cc
Note: Google Test filter = StoreTest.BasicStoreAndRetrieve
[==========] Running 1 test from 1 test suite.
[----------] Global test environment set-up.
[----------] 1 test from StoreTest
[ RUN      ] StoreTest.BasicStoreAndRetrieve
[2025-01-23 19:00:12.970832] [0x00007fee0eed7b80] [info]    Initializing Store with base path: /tmp/store_test_1737658812970740419
[2025-01-23 19:00:12.970842] [0x00007fee0eed7b80] [debug]   Store directory created/verified at: /tmp/store_test_1737658812970740419
[2025-01-23 19:00:12.970847] [0x00007fee0eed7b80] [info]    Storing data with key: test_key
[2025-01-23 19:00:12.970852] [0x00007fee0eed7b80] [debug]   Generating hash for key: test_key
[2025-01-23 19:00:12.971911] [0x00007fee0eed7b80] [debug]   Generated hash: 92488e1e3eeecdf99f3ed2ce59233efb4b4fb612d5655c0ce9ea52b5a502e655
[2025-01-23 19:00:12.971922] [0x00007fee0eed7b80] [debug]   Calculated path: /tmp/store_test_1737658812970740419/92/48/8e/1e3eeecdf99f3ed2ce59233efb4b4fb612d5655c0ce9ea52b5a502e655
[2025-01-23 19:00:12.971966] [0x00007fee0eed7b80] [debug]   Calculated file path: /tmp/store_test_1737658812970740419/92/48/8e/1e3eeecdf99f3ed2ce59233efb4b4fb612d5655c0ce9ea52b5a502e655
[2025-01-23 19:00:12.972009] [0x00007fee0eed7b80] [info]    Successfully stored 13 bytes with key: test_key
[2025-01-23 19:00:12.972018] [0x00007fee0eed7b80] [debug]   Checking existence of key: test_key
[2025-01-23 19:00:12.972021] [0x00007fee0eed7b80] [debug]   Generating hash for key: test_key
[2025-01-23 19:00:12.972028] [0x00007fee0eed7b80] [debug]   Generated hash: 92488e1e3eeecdf99f3ed2ce59233efb4b4fb612d5655c0ce9ea52b5a502e655
[2025-01-23 19:00:12.972033] [0x00007fee0eed7b80] [debug]   Calculated path: /tmp/store_test_1737658812970740419/92/48/8e/1e3eeecdf99f3ed2ce59233efb4b4fb612d5655c0ce9ea52b5a502e655
[2025-01-23 19:00:12.972039] [0x00007fee0eed7b80] [debug]   Key test_key exists at path: /tmp/store_test_1737658812970740419/92/48/8e/1e3eeecdf99f3ed2ce59233efb4b4fb612d5655c0ce9ea52b5a502e655
[2025-01-23 19:00:12.972043] [0x00007fee0eed7b80] [info]    Retrieving data for key: test_key
[2025-01-23 19:00:12.972045] [0x00007fee0eed7b80] [debug]   Generating hash for key: test_key
[2025-01-23 19:00:12.972048] [0x00007fee0eed7b80] [debug]   Generated hash: 92488e1e3eeecdf99f3ed2ce59233efb4b4fb612d5655c0ce9ea52b5a502e655
[2025-01-23 19:00:12.972051] [0x00007fee0eed7b80] [debug]   Calculated path: /tmp/store_test_1737658812970740419/92/48/8e/1e3eeecdf99f3ed2ce59233efb4b4fb612d5655c0ce9ea52b5a502e655
[2025-01-23 19:00:12.972062] [0x00007fee0eed7b80] [info]    Successfully streamed 13 bytes for key: test_key
[2025-01-23 19:00:12.972070] [0x00007fee0eed7b80] [info]    Clearing entire store at: "/tmp/store_test_1737658812970740419"
[2025-01-23 19:00:12.972279] [0x00007fee0eed7b80] [info]    Store cleared successfully
[       OK ] StoreTest.BasicStoreAndRetrieve (1 ms)
[----------] 1 test from StoreTest (1 ms total)

[----------] Global test environment tear-down
[==========] 1 test from 1 test suite ran. (1 ms total)
[  PASSED  ] 1 test.
<end of output>
Test time =   0.01 sec
----------------------------------------------------------
Test Passed.
"StoreTest.BasicStoreAndRetrieve" end time: Jan 23 19:00 UTC
"StoreTest.BasicStoreAndRetrieve" time elapsed: 00:00:00
----------------------------------------------------------

10/28 Testing: StoreTest.EmptyInput
10/28 Test: StoreTest.EmptyInput
Command: "/home/runner/workspace/build/store_tests" "--gtest_filter=StoreTest.EmptyInput" "--gtest_also_run_disabled_tests"
Directory: /home/runner/workspace/build
"StoreTest.EmptyInput" start time: Jan 23 19:00 UTC
Output:
----------------------------------------------------------
Running main() from /build/source/googletest/src/gtest_main.cc
Note: Google Test filter = StoreTest.EmptyInput
[==========] Running 1 test from 1 test suite.
[----------] Global test environment set-up.
[----------] 1 test from StoreTest
[ RUN      ] StoreTest.EmptyInput
[2025-01-23 19:00:12.982491] [0x00007f22ad078b80] [info]    Initializing Store with base path: /tmp/store_test_1737658812982380568
[2025-01-23 19:00:12.982506] [0x00007f22ad078b80] [debug]   Store directory created/verified at: /tmp/store_test_1737658812982380568
[2025-01-23 19:00:12.982511] [0x00007f22ad078b80] [info]    Storing data with key: empty_test
[2025-01-23 19:00:12.982519] [0x00007f22ad078b80] [debug]   Generating hash for key: empty_test
[2025-01-23 19:00:12.983712] [0x00007f22ad078b80] [debug]   Generated hash: f1b6800e9ca01dac557744adec3477366cbe3888d44fcabefb3078c4c069f3a8
[2025-01-23 19:00:12.983724] [0x00007f22ad078b80] [debug]   Calculated path: /tmp/store_test_1737658812982380568/f1/b6/80/0e9ca01dac557744adec3477366cbe3888d44fcabefb3078c4c069f3a8
[2025-01-23 19:00:12.983771] [0x00007f22ad078b80] [debug]   Calculated file path: /tmp/store_test_1737658812982380568/f1/b6/80/0e9ca01dac557744adec3477366cbe3888d44fcabefb3078c4c069f3a8
[2025-01-23 19:00:12.983794] [0x00007f22ad078b80] [debug]   Storing empty content for key: empty_test
[2025-01-23 19:00:12.983801] [0x00007f22ad078b80] [info]    Successfully stored 0 bytes with key: empty_test
[2025-01-23 19:00:12.983803] [0x00007f22ad078b80] [debug]   Checking existence of key: empty_test
[2025-01-23 19:00:12.983807] [0x00007f22ad078b80] [debug]   Generating hash for key: empty_test
[2025-01-23 19:00:12.983812] [0x00007f22ad078b80] [debug]   Generated hash: f1b6800e9ca01dac557744adec3477366cbe3888d44fcabefb3078c4c069f3a8
[2025-01-23 19:00:12.983817] [0x00007f22ad078b80] [debug]   Calculated path: /tmp/store_test_1737658812982380568/f1/b6/80/0e9ca01dac557744adec3477366cbe3888d44fcabefb3078c4c069f3a8
[2025-01-23 19:00:12.983823] [0x00007f22ad078b80] [debug]   Key empty_test exists at path: /tmp/store_test_1737658812982380568/f1/b6/80/0e9ca01dac557744adec3477366cbe3888d44fcabefb3078c4c069f3a8
[2025-01-23 19:00:12.983830] [0x00007f22ad078b80] [info]    Retrieving data for key: empty_test
[2025-01-23 19:00:12.983833] [0x00007f22ad078b80] [debug]   Generating hash for key: empty_test
[2025-01-23 19:00:12.983843] [0x00007f22ad078b80] [debug]   Generated hash: f1b6800e9ca01dac557744adec3477366cbe3888d44fcabefb3078c4c069f3a8
[2025-01-23 19:00:12.983847] [0x00007f22ad078b80] [debug]   Calculated path: /tmp/store_test_1737658812982380568/f1/b6/80/0e9ca01dac557744adec3477366cbe3888d44fcabefb3078c4c069f3a8
[2025-01-23 19:00:12.983853] [0x00007f22ad078b80] [debug]   Retrieved empty content for key: empty_test
[2025-01-23 19:00:12.983858] [0x00007f22ad078b80] [info]    Clearing entire store at: "/tmp/store_test_1737658812982380568"
[2025-01-23 19:00:12.983988] [0x00007f22ad078b80] [info]    Store cleared successfully
[       OK ] StoreTest.EmptyInput (1 ms)
[----------] 1 test from StoreTest (1 ms total)

[----------] Global test environment tear-down
[==========] 1 test from 1 test suite ran. (1 ms total)
[  PASSED  ] 1 test.
<end of output>
Test time =   0.01 sec
----------------------------------------------------------
Test Passed.
"StoreTest.EmptyInput" end time: Jan 23 19:00 UTC
"StoreTest.EmptyInput" time elapsed: 00:00:00
----------------------------------------------------------

11/28 Testing: StoreTest.MultipleFiles
11/28 Test: StoreTest.MultipleFiles
Command: "/home/runner/workspace/build/store_tests" "--gtest_filter=StoreTest.MultipleFiles" "--gtest_also_run_disabled_tests"
Directory: /home/runner/workspace/build
"StoreTest.MultipleFiles" start time: Jan 23 19:00 UTC
Output:
----------------------------------------------------------
Running main() from /build/source/googletest/src/gtest_main.cc
Note: Google Test filter = StoreTest.MultipleFiles
[==========] Running 1 test from 1 test suite.
[----------] Global test environment set-up.
[----------] 1 test from StoreTest
[ RUN      ] StoreTest.MultipleFiles
[2025-01-23 19:00:12.995070] [0x00007fc231937b80] [info]    Initializing Store with base path: /tmp/store_test_1737658812994951396
[2025-01-23 19:00:12.995077] [0x00007fc231937b80] [debug]   Store directory created/verified at: /tmp/store_test_1737658812994951396
[2025-01-23 19:00:12.995082] [0x00007fc231937b80] [info]    Storing data with key: key1
[2025-01-23 19:00:12.995087] [0x00007fc231937b80] [debug]   Generating hash for key: key1
[2025-01-23 19:00:12.996409] [0x00007fc231937b80] [debug]   Generated hash: 8174099687a26621f4e2cdd7cc03b3dacedb3fb962255b1aafd033cabe831530
[2025-01-23 19:00:12.996423] [0x00007fc231937b80] [debug]   Calculated path: /tmp/store_test_1737658812994951396/81/74/09/9687a26621f4e2cdd7cc03b3dacedb3fb962255b1aafd033cabe831530
[2025-01-23 19:00:12.996471] [0x00007fc231937b80] [debug]   Calculated file path: /tmp/store_test_1737658812994951396/81/74/09/9687a26621f4e2cdd7cc03b3dacedb3fb962255b1aafd033cabe831530
[2025-01-23 19:00:12.996516] [0x00007fc231937b80] [info]    Successfully stored 18 bytes with key: key1
[2025-01-23 19:00:12.996523] [0x00007fc231937b80] [debug]   Checking existence of key: key1
[2025-01-23 19:00:12.996525] [0x00007fc231937b80] [debug]   Generating hash for key: key1
[2025-01-23 19:00:12.996531] [0x00007fc231937b80] [debug]   Generated hash: 8174099687a26621f4e2cdd7cc03b3dacedb3fb962255b1aafd033cabe831530
[2025-01-23 19:00:12.996537] [0x00007fc231937b80] [debug]   Calculated path: /tmp/store_test_1737658812994951396/81/74/09/9687a26621f4e2cdd7cc03b3dacedb3fb962255b1aafd033cabe831530
[2025-01-23 19:00:12.996542] [0x00007fc231937b80] [debug]   Key key1 exists at path: /tmp/store_test_1737658812994951396/81/74/09/9687a26621f4e2cdd7cc03b3dacedb3fb962255b1aafd033cabe831530
[2025-01-23 19:00:12.996546] [0x00007fc231937b80] [info]    Storing data with key: key2
[2025-01-23 19:00:12.996548] [0x00007fc231937b80] [debug]   Generating hash for key: key2
[2025-01-23 19:00:12.996551] [0x00007fc231937b80] [debug]   Generated hash: b10253764c8b233fb37542e23401c7b450e5a6f9751f3b5a014f6f67e8bc999d
[2025-01-23 19:00:12.996554] [0x00007fc231937b80] [debug]   Calculated path: /tmp/store_test_1737658812994951396/b1/02/53/764c8b233fb37542e23401c7b450e5a6f9751f3b5a014f6f67e8bc999d
[2025-01-23 19:00:12.996586] [0x00007fc231937b80] [debug]   Calculated file path: /tmp/store_test_1737658812994951396/b1/02/53/764c8b233fb37542e23401c7b450e5a6f9751f3b5a014f6f67e8bc999d
[2025-01-23 19:00:12.996615] [0x00007fc231937b80] [info]    Successfully stored 19 bytes with key: key2
[2025-01-23 19:00:12.996620] [0x00007fc231937b80] [debug]   Checking existence of key: key2
[2025-01-23 19:00:12.996622] [0x00007fc231937b80] [debug]   Generating hash for key: key2
[2025-01-23 19:00:12.996627] [0x00007fc231937b80] [debug]   Generated hash: b10253764c8b233fb37542e23401c7b450e5a6f9751f3b5a014f6f67e8bc999d
[2025-01-23 19:00:12.996630] [0x00007fc231937b80] [debug]   Calculated path: /tmp/store_test_1737658812994951396/b1/02/53/764c8b233fb37542e23401c7b450e5a6f9751f3b5a014f6f67e8bc999d
[2025-01-23 19:00:12.996634] [0x00007fc231937b80] [debug]   Key key2 exists at path: /tmp/store_test_1737658812994951396/b1/02/53/764c8b233fb37542e23401c7b450e5a6f9751f3b5a014f6f67e8bc999d
[2025-01-23 19:00:12.996636] [0x00007fc231937b80] [info]    Storing data with key: key3
[2025-01-23 19:00:12.996638] [0x00007fc231937b80] [debug]   Generating hash for key: key3
[2025-01-23 19:00:12.996641] [0x00007fc231937b80] [debug]   Generated hash: f576104eebeab09651d83acffc77c8b8c6eaa4b767aeab24d7da80f83f51d865
[2025-01-23 19:00:12.996645] [0x00007fc231937b80] [debug]   Calculated path: /tmp/store_test_1737658812994951396/f5/76/10/4eebeab09651d83acffc77c8b8c6eaa4b767aeab24d7da80f83f51d865
[2025-01-23 19:00:12.996693] [0x00007fc231937b80] [debug]   Calculated file path: /tmp/store_test_1737658812994951396/f5/76/10/4eebeab09651d83acffc77c8b8c6eaa4b767aeab24d7da80f83f51d865
[2025-01-23 19:00:12.996762] [0x00007fc231937b80] [info]    Successfully stored 18 bytes with key: key3
[2025-01-23 19:00:12.996769] [0x00007fc231937b80] [debug]   Checking existence of key: key3
[2025-01-23 19:00:12.996771] [0x00007fc231937b80] [debug]   Generating hash for key: key3
[2025-01-23 19:00:12.996779] [0x00007fc231937b80] [debug]   Generated hash: f576104eebeab09651d83acffc77c8b8c6eaa4b767aeab24d7da80f83f51d865
[2025-01-23 19:00:12.996787] [0x00007fc231937b80] [debug]   Calculated path: /tmp/store_test_1737658812994951396/f5/76/10/4eebeab09651d83acffc77c8b8c6eaa4b767aeab24d7da80f83f51d865
[2025-01-23 19:00:12.996795] [0x00007fc231937b80] [debug]   Key key3 exists at path: /tmp/store_test_1737658812994951396/f5/76/10/4eebeab09651d83acffc77c8b8c6eaa4b767aeab24d7da80f83f51d865
[2025-01-23 19:00:12.996799] [0x00007fc231937b80] [debug]   Checking existence of key: key1
[2025-01-23 19:00:12.996800] [0x00007fc231937b80] [debug]   Generating hash for key: key1
[2025-01-23 19:00:12.996804] [0x00007fc231937b80] [debug]   Generated hash: 8174099687a26621f4e2cdd7cc03b3dacedb3fb962255b1aafd033cabe831530
[2025-01-23 19:00:12.996808] [0x00007fc231937b80] [debug]   Calculated path: /tmp/store_test_1737658812994951396/81/74/09/9687a26621f4e2cdd7cc03b3dacedb3fb962255b1aafd033cabe831530
[2025-01-23 19:00:12.996812] [0x00007fc231937b80] [debug]   Key key1 exists at path: /tmp/store_test_1737658812994951396/81/74/09/9687a26621f4e2cdd7cc03b3dacedb3fb962255b1aafd033cabe831530
[2025-01-23 19:00:12.996816] [0x00007fc231937b80] [info]    Retrieving data for key: key1
[2025-01-23 19:00:12.996817] [0x00007fc231937b80] [debug]   Generating hash for key: key1
[2025-01-23 19:00:12.996820] [0x00007fc231937b80] [debug]   Generated hash: 8174099687a26621f4e2cdd7cc03b3dacedb3fb962255b1aafd033cabe831530
[2025-01-23 19:00:12.996823] [0x00007fc231937b80] [debug]   Calculated path: /tmp/store_test_1737658812994951396/81/74/09/9687a26621f4e2cdd7cc03b3dacedb3fb962255b1aafd033cabe831530
[2025-01-23 19:00:12.996836] [0x00007fc231937b80] [info]    Successfully streamed 18 bytes for key: key1
[2025-01-23 19:00:12.996842] [0x00007fc231937b80] [debug]   Checking existence of key: key2
[2025-01-23 19:00:12.996844] [0x00007fc231937b80] [debug]   Generating hash for key: key2
[2025-01-23 19:00:12.996847] [0x00007fc231937b80] [debug]   Generated hash: b10253764c8b233fb37542e23401c7b450e5a6f9751f3b5a014f6f67e8bc999d
[2025-01-23 19:00:12.996852] [0x00007fc231937b80] [debug]   Calculated path: /tmp/store_test_1737658812994951396/b1/02/53/764c8b233fb37542e23401c7b450e5a6f9751f3b5a014f6f67e8bc999d
[2025-01-23 19:00:12.996855] [0x00007fc231937b80] [debug]   Key key2 exists at path: /tmp/store_test_1737658812994951396/b1/02/53/764c8b233fb37542e23401c7b450e5a6f9751f3b5a014f6f67e8bc999d
[2025-01-23 19:00:12.996857] [0x00007fc231937b80] [info]    Retrieving data for key: key2
[2025-01-23 19:00:12.996859] [0x00007fc231937b80] [debug]   Generating hash for key: key2
[2025-01-23 19:00:12.996863] [0x00007fc231937b80] [debug]   Generated hash: b10253764c8b233fb37542e23401c7b450e5a6f9751f3b5a014f6f67e8bc999d
[2025-01-23 19:00:12.996865] [0x00007fc231937b80] [debug]   Calculated path: /tmp/store_test_1737658812994951396/b1/02/53/764c8b233fb37542e23401c7b450e5a6f9751f3b5a014f6f67e8bc999d
[2025-01-23 19:00:12.996873] [0x00007fc231937b80] [info]    Successfully streamed 19 bytes for key: key2
[2025-01-23 19:00:12.996878] [0x00007fc231937b80] [debug]   Checking existence of key: key3
[2025-01-23 19:00:12.996880] [0x00007fc231937b80] [debug]   Generating hash for key: key3
[2025-01-23 19:00:12.996883] [0x00007fc231937b80] [debug]   Generated hash: f576104eebeab09651d83acffc77c8b8c6eaa4b767aeab24d7da80f83f51d865
[2025-01-23 19:00:12.996885] [0x00007fc231937b80] [debug]   Calculated path: /tmp/store_test_1737658812994951396/f5/76/10/4eebeab09651d83acffc77c8b8c6eaa4b767aeab24d7da80f83f51d865
[2025-01-23 19:00:12.996889] [0x00007fc231937b80] [debug]   Key key3 exists at path: /tmp/store_test_1737658812994951396/f5/76/10/4eebeab09651d83acffc77c8b8c6eaa4b767aeab24d7da80f83f51d865
[2025-01-23 19:00:12.996890] [0x00007fc231937b80] [info]    Retrieving data for key: key3
[2025-01-23 19:00:12.996892] [0x00007fc231937b80] [debug]   Generating hash for key: key3
[2025-01-23 19:00:12.996895] [0x00007fc231937b80] [debug]   Generated hash: f576104eebeab09651d83acffc77c8b8c6eaa4b767aeab24d7da80f83f51d865
[2025-01-23 19:00:12.996897] [0x00007fc231937b80] [debug]   Calculated path: /tmp/store_test_1737658812994951396/f5/76/10/4eebeab09651d83acffc77c8b8c6eaa4b767aeab24d7da80f83f51d865
[2025-01-23 19:00:12.996904] [0x00007fc231937b80] [info]    Successfully streamed 18 bytes for key: key3
[2025-01-23 19:00:12.996911] [0x00007fc231937b80] [info]    Clearing entire store at: "/tmp/store_test_1737658812994951396"
[2025-01-23 19:00:12.997248] [0x00007fc231937b80] [info]    Store cleared successfully
[       OK ] StoreTest.MultipleFiles (2 ms)
[----------] 1 test from StoreTest (2 ms total)

[----------] Global test environment tear-down
[==========] 1 test from 1 test suite ran. (2 ms total)
[  PASSED  ] 1 test.
<end of output>
Test time =   0.01 sec
----------------------------------------------------------
Test Passed.
"StoreTest.MultipleFiles" end time: Jan 23 19:00 UTC
"StoreTest.MultipleFiles" time elapsed: 00:00:00
----------------------------------------------------------

12/28 Testing: StoreTest.ErrorHandling
12/28 Test: StoreTest.ErrorHandling
Command: "/home/runner/workspace/build/store_tests" "--gtest_filter=StoreTest.ErrorHandling" "--gtest_also_run_disabled_tests"
Directory: /home/runner/workspace/build
"StoreTest.ErrorHandling" start time: Jan 23 19:00 UTC
Output:
----------------------------------------------------------
Running main() from /build/source/googletest/src/gtest_main.cc
Note: Google Test filter = StoreTest.ErrorHandling
[==========] Running 1 test from 1 test suite.
[----------] Global test environment set-up.
[----------] 1 test from StoreTest
[ RUN      ] StoreTest.ErrorHandling
[2025-01-23 19:00:13.007692] [0x00007fe2ae2d6b80] [info]    Initializing Store with base path: /tmp/store_test_1737658813007613665
[2025-01-23 19:00:13.007701] [0x00007fe2ae2d6b80] [debug]   Store directory created/verified at: /tmp/store_test_1737658813007613665
[2025-01-23 19:00:13.007704] [0x00007fe2ae2d6b80] [debug]   Checking existence of key: error_key
[2025-01-23 19:00:13.007706] [0x00007fe2ae2d6b80] [debug]   Generating hash for key: error_key
[2025-01-23 19:00:13.008815] [0x00007fe2ae2d6b80] [debug]   Generated hash: 7a0a1ce4f1c58ba0fb867426e1bbf7c475cf4a6fb6902cf56852bd2b980d900b
[2025-01-23 19:00:13.008825] [0x00007fe2ae2d6b80] [debug]   Calculated path: /tmp/store_test_1737658813007613665/7a/0a/1c/e4f1c58ba0fb867426e1bbf7c475cf4a6fb6902cf56852bd2b980d900b
[2025-01-23 19:00:13.008835] [0x00007fe2ae2d6b80] [debug]   Key error_key not found at path: /tmp/store_test_1737658813007613665/7a/0a/1c/e4f1c58ba0fb867426e1bbf7c475cf4a6fb6902cf56852bd2b980d900b
[2025-01-23 19:00:13.008840] [0x00007fe2ae2d6b80] [info]    Retrieving data for key: error_key
[2025-01-23 19:00:13.008844] [0x00007fe2ae2d6b80] [debug]   Generating hash for key: error_key
[2025-01-23 19:00:13.008849] [0x00007fe2ae2d6b80] [debug]   Generated hash: 7a0a1ce4f1c58ba0fb867426e1bbf7c475cf4a6fb6902cf56852bd2b980d900b
[2025-01-23 19:00:13.008853] [0x00007fe2ae2d6b80] [debug]   Calculated path: /tmp/store_test_1737658813007613665/7a/0a/1c/e4f1c58ba0fb867426e1bbf7c475cf4a6fb6902cf56852bd2b980d900b
[2025-01-23 19:00:13.008856] [0x00007fe2ae2d6b80] [error]   File not found: /tmp/store_test_1737658813007613665/7a/0a/1c/e4f1c58ba0fb867426e1bbf7c475cf4a6fb6902cf56852bd2b980d900b
[2025-01-23 19:00:13.008882] [0x00007fe2ae2d6b80] [info]    Storing data with key: error_key
[2025-01-23 19:00:13.008886] [0x00007fe2ae2d6b80] [error]   Invalid input stream provided for key: error_key
[2025-01-23 19:00:13.008892] [0x00007fe2ae2d6b80] [info]    Clearing entire store at: "/tmp/store_test_1737658813007613665"
[2025-01-23 19:00:13.008949] [0x00007fe2ae2d6b80] [info]    Store cleared successfully
[       OK ] StoreTest.ErrorHandling (1 ms)
[----------] 1 test from StoreTest (1 ms total)

[----------] Global test environment tear-down
[==========] 1 test from 1 test suite ran. (1 ms total)
[  PASSED  ] 1 test.
<end of output>
Test time =   0.01 sec
----------------------------------------------------------
Test Passed.
"StoreTest.ErrorHandling" end time: Jan 23 19:00 UTC
"StoreTest.ErrorHandling" time elapsed: 00:00:00
----------------------------------------------------------

13/28 Testing: StoreTest.Clear
13/28 Test: StoreTest.Clear
Command: "/home/runner/workspace/build/store_tests" "--gtest_filter=StoreTest.Clear" "--gtest_also_run_disabled_tests"
Directory: /home/runner/workspace/build
"StoreTest.Clear" start time: Jan 23 19:00 UTC
Output:
----------------------------------------------------------
Running main() from /build/source/googletest/src/gtest_main.cc
Note: Google Test filter = StoreTest.Clear
[==========] Running 1 test from 1 test suite.
[----------] Global test environment set-up.
[----------] 1 test from StoreTest
[ RUN      ] StoreTest.Clear
[2025-01-23 19:00:13.018953] [0x00007f4c849f0b80] [info]    Initializing Store with base path: /tmp/store_test_1737658813018862534
[2025-01-23 19:00:13.018963] [0x00007f4c849f0b80] [debug]   Store directory created/verified at: /tmp/store_test_1737658813018862534
[2025-01-23 19:00:13.018967] [0x00007f4c849f0b80] [info]    Storing data with key: key1
[2025-01-23 19:00:13.018973] [0x00007f4c849f0b80] [debug]   Generating hash for key: key1
[2025-01-23 19:00:13.020160] [0x00007f4c849f0b80] [debug]   Generated hash: 8174099687a26621f4e2cdd7cc03b3dacedb3fb962255b1aafd033cabe831530
[2025-01-23 19:00:13.020172] [0x00007f4c849f0b80] [debug]   Calculated path: /tmp/store_test_1737658813018862534/81/74/09/9687a26621f4e2cdd7cc03b3dacedb3fb962255b1aafd033cabe831530
[2025-01-23 19:00:13.020276] [0x00007f4c849f0b80] [debug]   Calculated file path: /tmp/store_test_1737658813018862534/81/74/09/9687a26621f4e2cdd7cc03b3dacedb3fb962255b1aafd033cabe831530
[2025-01-23 19:00:13.020317] [0x00007f4c849f0b80] [info]    Successfully stored 9 bytes with key: key1
[2025-01-23 19:00:13.020323] [0x00007f4c849f0b80] [debug]   Checking existence of key: key1
[2025-01-23 19:00:13.020325] [0x00007f4c849f0b80] [debug]   Generating hash for key: key1
[2025-01-23 19:00:13.020331] [0x00007f4c849f0b80] [debug]   Generated hash: 8174099687a26621f4e2cdd7cc03b3dacedb3fb962255b1aafd033cabe831530
[2025-01-23 19:00:13.020336] [0x00007f4c849f0b80] [debug]   Calculated path: /tmp/store_test_1737658813018862534/81/74/09/9687a26621f4e2cdd7cc03b3dacedb3fb962255b1aafd033cabe831530
[2025-01-23 19:00:13.020343] [0x00007f4c849f0b80] [debug]   Key key1 exists at path: /tmp/store_test_1737658813018862534/81/74/09/9687a26621f4e2cdd7cc03b3dacedb3fb962255b1aafd033cabe831530
[2025-01-23 19:00:13.020350] [0x00007f4c849f0b80] [info]    Storing data with key: key2
[2025-01-23 19:00:13.020352] [0x00007f4c849f0b80] [debug]   Generating hash for key: key2
[2025-01-23 19:00:13.020356] [0x00007f4c849f0b80] [debug]   Generated hash: b10253764c8b233fb37542e23401c7b450e5a6f9751f3b5a014f6f67e8bc999d
[2025-01-23 19:00:13.020360] [0x00007f4c849f0b80] [debug]   Calculated path: /tmp/store_test_1737658813018862534/b1/02/53/764c8b233fb37542e23401c7b450e5a6f9751f3b5a014f6f67e8bc999d
[2025-01-23 19:00:13.020393] [0x00007f4c849f0b80] [debug]   Calculated file path: /tmp/store_test_1737658813018862534/b1/02/53/764c8b233fb37542e23401c7b450e5a6f9751f3b5a014f6f67e8bc999d
[2025-01-23 19:00:13.020430] [0x00007f4c849f0b80] [info]    Successfully stored 9 bytes with key: key2
[2025-01-23 19:00:13.020437] [0x00007f4c849f0b80] [debug]   Checking existence of key: key2
[2025-01-23 19:00:13.020439] [0x00007f4c849f0b80] [debug]   Generating hash for key: key2
[2025-01-23 19:00:13.020444] [0x00007f4c849f0b80] [debug]   Generated hash: b10253764c8b233fb37542e23401c7b450e5a6f9751f3b5a014f6f67e8bc999d
[2025-01-23 19:00:13.020447] [0x00007f4c849f0b80] [debug]   Calculated path: /tmp/store_test_1737658813018862534/b1/02/53/764c8b233fb37542e23401c7b450e5a6f9751f3b5a014f6f67e8bc999d
[2025-01-23 19:00:13.020452] [0x00007f4c849f0b80] [debug]   Key key2 exists at path: /tmp/store_test_1737658813018862534/b1/02/53/764c8b233fb37542e23401c7b450e5a6f9751f3b5a014f6f67e8bc999d
[2025-01-23 19:00:13.020454] [0x00007f4c849f0b80] [info]    Storing data with key: key3
[2025-01-23 19:00:13.020456] [0x00007f4c849f0b80] [debug]   Generating hash for key: key3
[2025-01-23 19:00:13.020459] [0x00007f4c849f0b80] [debug]   Generated hash: f576104eebeab09651d83acffc77c8b8c6eaa4b767aeab24d7da80f83f51d865
[2025-01-23 19:00:13.020463] [0x00007f4c849f0b80] [debug]   Calculated path: /tmp/store_test_1737658813018862534/f5/76/10/4eebeab09651d83acffc77c8b8c6eaa4b767aeab24d7da80f83f51d865
[2025-01-23 19:00:13.020494] [0x00007f4c849f0b80] [debug]   Calculated file path: /tmp/store_test_1737658813018862534/f5/76/10/4eebeab09651d83acffc77c8b8c6eaa4b767aeab24d7da80f83f51d865
[2025-01-23 19:00:13.020540] [0x00007f4c849f0b80] [info]    Successfully stored 9 bytes with key: key3
[2025-01-23 19:00:13.020546] [0x00007f4c849f0b80] [debug]   Checking existence of key: key3
[2025-01-23 19:00:13.020548] [0x00007f4c849f0b80] [debug]   Generating hash for key: key3
[2025-01-23 19:00:13.020553] [0x00007f4c849f0b80] [debug]   Generated hash: f576104eebeab09651d83acffc77c8b8c6eaa4b767aeab24d7da80f83f51d865
[2025-01-23 19:00:13.020558] [0x00007f4c849f0b80] [debug]   Calculated path: /tmp/store_test_1737658813018862534/f5/76/10/4eebeab09651d83acffc77c8b8c6eaa4b767aeab24d7da80f83f51d865
[2025-01-23 19:00:13.020562] [0x00007f4c849f0b80] [debug]   Key key3 exists at path: /tmp/store_test_1737658813018862534/f5/76/10/4eebeab09651d83acffc77c8b8c6eaa4b767aeab24d7da80f83f51d865
[2025-01-23 19:00:13.020567] [0x00007f4c849f0b80] [info]    Clearing entire store at: "/tmp/store_test_1737658813018862534"
[2025-01-23 19:00:13.020878] [0x00007f4c849f0b80] [info]    Store cleared successfully
[2025-01-23 19:00:13.020886] [0x00007f4c849f0b80] [debug]   Checking existence of key: key1
[2025-01-23 19:00:13.020888] [0x00007f4c849f0b80] [debug]   Generating hash for key: key1
[2025-01-23 19:00:13.020894] [0x00007f4c849f0b80] [debug]   Generated hash: 8174099687a26621f4e2cdd7cc03b3dacedb3fb962255b1aafd033cabe831530
[2025-01-23 19:00:13.020898] [0x00007f4c849f0b80] [debug]   Calculated path: /tmp/store_test_1737658813018862534/81/74/09/9687a26621f4e2cdd7cc03b3dacedb3fb962255b1aafd033cabe831530
[2025-01-23 19:00:13.020903] [0x00007f4c849f0b80] [debug]   Key key1 not found at path: /tmp/store_test_1737658813018862534/81/74/09/9687a26621f4e2cdd7cc03b3dacedb3fb962255b1aafd033cabe831530
[2025-01-23 19:00:13.020908] [0x00007f4c849f0b80] [info]    Retrieving data for key: key1
[2025-01-23 19:00:13.020909] [0x00007f4c849f0b80] [debug]   Generating hash for key: key1
[2025-01-23 19:00:13.020913] [0x00007f4c849f0b80] [debug]   Generated hash: 8174099687a26621f4e2cdd7cc03b3dacedb3fb962255b1aafd033cabe831530
[2025-01-23 19:00:13.020915] [0x00007f4c849f0b80] [debug]   Calculated path: /tmp/store_test_1737658813018862534/81/74/09/9687a26621f4e2cdd7cc03b3dacedb3fb962255b1aafd033cabe831530
[2025-01-23 19:00:13.020920] [0x00007f4c849f0b80] [error]   File not found: /tmp/store_test_1737658813018862534/81/74/09/9687a26621f4e2cdd7cc03b3dacedb3fb962255b1aafd033cabe831530
[2025-01-23 19:00:13.020957] [0x00007f4c849f0b80] [debug]   Checking existence of key: key2
[2025-01-23 19:00:13.020961] [0x00007f4c849f0b80] [debug]   Generating hash for key: key2
[2025-01-23 19:00:13.020966] [0x00007f4c849f0b80] [debug]   Generated hash: b10253764c8b233fb37542e23401c7b450e5a6f9751f3b5a014f6f67e8bc999d
[2025-01-23 19:00:13.020968] [0x00007f4c849f0b80] [debug]   Calculated path: /tmp/store_test_1737658813018862534/b1/02/53/764c8b233fb37542e23401c7b450e5a6f9751f3b5a014f6f67e8bc999d
[2025-01-23 19:00:13.020974] [0x00007f4c849f0b80] [debug]   Key key2 not found at path: /tmp/store_test_1737658813018862534/b1/02/53/764c8b233fb37542e23401c7b450e5a6f9751f3b5a014f6f67e8bc999d
[2025-01-23 19:00:13.020976] [0x00007f4c849f0b80] [info]    Retrieving data for key: key2
[2025-01-23 19:00:13.020977] [0x00007f4c849f0b80] [debug]   Generating hash for key: key2
[2025-01-23 19:00:13.020981] [0x00007f4c849f0b80] [debug]   Generated hash: b10253764c8b233fb37542e23401c7b450e5a6f9751f3b5a014f6f67e8bc999d
[2025-01-23 19:00:13.020983] [0x00007f4c849f0b80] [debug]   Calculated path: /tmp/store_test_1737658813018862534/b1/02/53/764c8b233fb37542e23401c7b450e5a6f9751f3b5a014f6f67e8bc999d
[2025-01-23 19:00:13.020985] [0x00007f4c849f0b80] [error]   File not found: /tmp/store_test_1737658813018862534/b1/02/53/764c8b233fb37542e23401c7b450e5a6f9751f3b5a014f6f67e8bc999d
[2025-01-23 19:00:13.020991] [0x00007f4c849f0b80] [debug]   Checking existence of key: key3
[2025-01-23 19:00:13.020992] [0x00007f4c849f0b80] [debug]   Generating hash for key: key3
[2025-01-23 19:00:13.020995] [0x00007f4c849f0b80] [debug]   Generated hash: f576104eebeab09651d83acffc77c8b8c6eaa4b767aeab24d7da80f83f51d865
[2025-01-23 19:00:13.020997] [0x00007f4c849f0b80] [debug]   Calculated path: /tmp/store_test_1737658813018862534/f5/76/10/4eebeab09651d83acffc77c8b8c6eaa4b767aeab24d7da80f83f51d865
[2025-01-23 19:00:13.021001] [0x00007f4c849f0b80] [debug]   Key key3 not found at path: /tmp/store_test_1737658813018862534/f5/76/10/4eebeab09651d83acffc77c8b8c6eaa4b767aeab24d7da80f83f51d865
[2025-01-23 19:00:13.021003] [0x00007f4c849f0b80] [info]    Retrieving data for key: key3
[2025-01-23 19:00:13.021004] [0x00007f4c849f0b80] [debug]   Generating hash for key: key3
[2025-01-23 19:00:13.021009] [0x00007f4c849f0b80] [debug]   Generated hash: f576104eebeab09651d83acffc77c8b8c6eaa4b767aeab24d7da80f83f51d865
[2025-01-23 19:00:13.021016] [0x00007f4c849f0b80] [debug]   Calculated path: /tmp/store_test_1737658813018862534/f5/76/10/4eebeab09651d83acffc77c8b8c6eaa4b767aeab24d7da80f83f51d865
[2025-01-23 19:00:13.021021] [0x00007f4c849f0b80] [error]   File not found: /tmp/store_test_1737658813018862534/f5/76/10/4eebeab09651d83acffc77c8b8c6eaa4b767aeab24d7da80f83f51d865
[2025-01-23 19:00:13.021031] [0x00007f4c849f0b80] [info]    Clearing entire store at: "/tmp/store_test_1737658813018862534"
[2025-01-23 19:00:13.021075] [0x00007f4c849f0b80] [info]    Store cleared successfully
[       OK ] StoreTest.Clear (2 ms)
[----------] 1 test from StoreTest (2 ms total)

[----------] Global test environment tear-down
[==========] 1 test from 1 test suite ran. (2 ms total)
[  PASSED  ] 1 test.
<end of output>
Test time =   0.01 sec
----------------------------------------------------------
Test Passed.
"StoreTest.Clear" end time: Jan 23 19:00 UTC
"StoreTest.Clear" time elapsed: 00:00:00
----------------------------------------------------------

14/28 Testing: StoreTest.LargeFileHandling
14/28 Test: StoreTest.LargeFileHandling
Command: "/home/runner/workspace/build/store_tests" "--gtest_filter=StoreTest.LargeFileHandling" "--gtest_also_run_disabled_tests"
Directory: /home/runner/workspace/build
"StoreTest.LargeFileHandling" start time: Jan 23 19:00 UTC
Output:
----------------------------------------------------------
Running main() from /build/source/googletest/src/gtest_main.cc
Note: Google Test filter = StoreTest.LargeFileHandling
[==========] Running 1 test from 1 test suite.
[----------] Global test environment set-up.
[----------] 1 test from StoreTest
[ RUN      ] StoreTest.LargeFileHandling
[2025-01-23 19:00:13.031673] [0x00007fdb3a101b80] [info]    Initializing Store with base path: /tmp/store_test_1737658813031594323
[2025-01-23 19:00:13.031683] [0x00007fdb3a101b80] [debug]   Store directory created/verified at: /tmp/store_test_1737658813031594323
[2025-01-23 19:00:13.043279] [0x00007fdb3a101b80] [info]    Storing data with key: large_file
[2025-01-23 19:00:13.043296] [0x00007fdb3a101b80] [debug]   Generating hash for key: large_file
[2025-01-23 19:00:13.044583] [0x00007fdb3a101b80] [debug]   Generated hash: df1fbde40271055bb026eaa5094faa107c4a4987061ed6c7def9df06f885f2f3
[2025-01-23 19:00:13.044597] [0x00007fdb3a101b80] [debug]   Calculated path: /tmp/store_test_1737658813031594323/df/1f/bd/e40271055bb026eaa5094faa107c4a4987061ed6c7def9df06f885f2f3
[2025-01-23 19:00:13.044672] [0x00007fdb3a101b80] [debug]   Calculated file path: /tmp/store_test_1737658813031594323/df/1f/bd/e40271055bb026eaa5094faa107c4a4987061ed6c7def9df06f885f2f3
[2025-01-23 19:00:13.050390] [0x00007fdb3a101b80] [info]    Successfully stored 10485760 bytes with key: large_file
[2025-01-23 19:00:13.050400] [0x00007fdb3a101b80] [debug]   Checking existence of key: large_file
[2025-01-23 19:00:13.050402] [0x00007fdb3a101b80] [debug]   Generating hash for key: large_file
[2025-01-23 19:00:13.050412] [0x00007fdb3a101b80] [debug]   Generated hash: df1fbde40271055bb026eaa5094faa107c4a4987061ed6c7def9df06f885f2f3
[2025-01-23 19:00:13.050416] [0x00007fdb3a101b80] [debug]   Calculated path: /tmp/store_test_1737658813031594323/df/1f/bd/e40271055bb026eaa5094faa107c4a4987061ed6c7def9df06f885f2f3
[2025-01-23 19:00:13.050436] [0x00007fdb3a101b80] [debug]   Key large_file exists at path: /tmp/store_test_1737658813031594323/df/1f/bd/e40271055bb026eaa5094faa107c4a4987061ed6c7def9df06f885f2f3
[2025-01-23 19:00:13.050442] [0x00007fdb3a101b80] [info]    Retrieving data for key: large_file
[2025-01-23 19:00:13.050445] [0x00007fdb3a101b80] [debug]   Generating hash for key: large_file
[2025-01-23 19:00:13.050452] [0x00007fdb3a101b80] [debug]   Generated hash: df1fbde40271055bb026eaa5094faa107c4a4987061ed6c7def9df06f885f2f3
[2025-01-23 19:00:13.050460] [0x00007fdb3a101b80] [debug]   Calculated path: /tmp/store_test_1737658813031594323/df/1f/bd/e40271055bb026eaa5094faa107c4a4987061ed6c7def9df06f885f2f3
[2025-01-23 19:00:13.061834] [0x00007fdb3a101b80] [info]    Successfully streamed 10485760 bytes for key: large_file
[2025-01-23 19:00:13.068609] [0x00007fdb3a101b80] [info]    Clearing entire store at: "/tmp/store_test_1737658813031594323"
[2025-01-23 19:00:13.070831] [0x00007fdb3a101b80] [info]    Store cleared successfully
[       OK ] StoreTest.LargeFileHandling (39 ms)
[----------] 1 test from StoreTest (39 ms total)

[----------] Global test environment tear-down
[==========] 1 test from 1 test suite ran. (39 ms total)
[  PASSED  ] 1 test.
<end of output>
Test time =   0.05 sec
----------------------------------------------------------
Test Passed.
"StoreTest.LargeFileHandling" end time: Jan 23 19:00 UTC
"StoreTest.LargeFileHandling" time elapsed: 00:00:00
----------------------------------------------------------

15/28 Testing: StoreTest.OverwriteBehavior
15/28 Test: StoreTest.OverwriteBehavior
Command: "/home/runner/workspace/build/store_tests" "--gtest_filter=StoreTest.OverwriteBehavior" "--gtest_also_run_disabled_tests"
Directory: /home/runner/workspace/build
"StoreTest.OverwriteBehavior" start time: Jan 23 19:00 UTC
Output:
----------------------------------------------------------
Running main() from /build/source/googletest/src/gtest_main.cc
Note: Google Test filter = StoreTest.OverwriteBehavior
[==========] Running 1 test from 1 test suite.
[----------] Global test environment set-up.
[----------] 1 test from StoreTest
[ RUN      ] StoreTest.OverwriteBehavior
[2025-01-23 19:00:13.082437] [0x00007f4b233fcb80] [info]    Initializing Store with base path: /tmp/store_test_1737658813082338297
[2025-01-23 19:00:13.082449] [0x00007f4b233fcb80] [debug]   Store directory created/verified at: /tmp/store_test_1737658813082338297
[2025-01-23 19:00:13.082459] [0x00007f4b233fcb80] [info]    Storing data with key: overwrite_test
[2025-01-23 19:00:13.082463] [0x00007f4b233fcb80] [debug]   Generating hash for key: overwrite_test
[2025-01-23 19:00:13.083584] [0x00007f4b233fcb80] [debug]   Generated hash: 30952b659b529afe6343c608ec6d8a565347d89ad4d22eec203b90234d48b36e
[2025-01-23 19:00:13.083597] [0x00007f4b233fcb80] [debug]   Calculated path: /tmp/store_test_1737658813082338297/30/95/2b/659b529afe6343c608ec6d8a565347d89ad4d22eec203b90234d48b36e
[2025-01-23 19:00:13.083651] [0x00007f4b233fcb80] [debug]   Calculated file path: /tmp/store_test_1737658813082338297/30/95/2b/659b529afe6343c608ec6d8a565347d89ad4d22eec203b90234d48b36e
[2025-01-23 19:00:13.083699] [0x00007f4b233fcb80] [info]    Successfully stored 15 bytes with key: overwrite_test
[2025-01-23 19:00:13.083708] [0x00007f4b233fcb80] [debug]   Checking existence of key: overwrite_test
[2025-01-23 19:00:13.083712] [0x00007f4b233fcb80] [debug]   Generating hash for key: overwrite_test
[2025-01-23 19:00:13.083721] [0x00007f4b233fcb80] [debug]   Generated hash: 30952b659b529afe6343c608ec6d8a565347d89ad4d22eec203b90234d48b36e
[2025-01-23 19:00:13.083729] [0x00007f4b233fcb80] [debug]   Calculated path: /tmp/store_test_1737658813082338297/30/95/2b/659b529afe6343c608ec6d8a565347d89ad4d22eec203b90234d48b36e
[2025-01-23 19:00:13.083737] [0x00007f4b233fcb80] [debug]   Key overwrite_test exists at path: /tmp/store_test_1737658813082338297/30/95/2b/659b529afe6343c608ec6d8a565347d89ad4d22eec203b90234d48b36e
[2025-01-23 19:00:13.083742] [0x00007f4b233fcb80] [info]    Retrieving data for key: overwrite_test
[2025-01-23 19:00:13.083745] [0x00007f4b233fcb80] [debug]   Generating hash for key: overwrite_test
[2025-01-23 19:00:13.083755] [0x00007f4b233fcb80] [debug]   Generated hash: 30952b659b529afe6343c608ec6d8a565347d89ad4d22eec203b90234d48b36e
[2025-01-23 19:00:13.083762] [0x00007f4b233fcb80] [debug]   Calculated path: /tmp/store_test_1737658813082338297/30/95/2b/659b529afe6343c608ec6d8a565347d89ad4d22eec203b90234d48b36e
[2025-01-23 19:00:13.083779] [0x00007f4b233fcb80] [info]    Successfully streamed 15 bytes for key: overwrite_test
[2025-01-23 19:00:13.083789] [0x00007f4b233fcb80] [info]    Storing data with key: overwrite_test
[2025-01-23 19:00:13.083793] [0x00007f4b233fcb80] [debug]   Generating hash for key: overwrite_test
[2025-01-23 19:00:13.083800] [0x00007f4b233fcb80] [debug]   Generated hash: 30952b659b529afe6343c608ec6d8a565347d89ad4d22eec203b90234d48b36e
[2025-01-23 19:00:13.083808] [0x00007f4b233fcb80] [debug]   Calculated path: /tmp/store_test_1737658813082338297/30/95/2b/659b529afe6343c608ec6d8a565347d89ad4d22eec203b90234d48b36e
[2025-01-23 19:00:13.083815] [0x00007f4b233fcb80] [debug]   Calculated file path: /tmp/store_test_1737658813082338297/30/95/2b/659b529afe6343c608ec6d8a565347d89ad4d22eec203b90234d48b36e
[2025-01-23 19:00:13.083863] [0x00007f4b233fcb80] [info]    Successfully stored 15 bytes with key: overwrite_test
[2025-01-23 19:00:13.083873] [0x00007f4b233fcb80] [info]    Retrieving data for key: overwrite_test
[2025-01-23 19:00:13.083876] [0x00007f4b233fcb80] [debug]   Generating hash for key: overwrite_test
[2025-01-23 19:00:13.083885] [0x00007f4b233fcb80] [debug]   Generated hash: 30952b659b529afe6343c608ec6d8a565347d89ad4d22eec203b90234d48b36e
[2025-01-23 19:00:13.083892] [0x00007f4b233fcb80] [debug]   Calculated path: /tmp/store_test_1737658813082338297/30/95/2b/659b529afe6343c608ec6d8a565347d89ad4d22eec203b90234d48b36e
[2025-01-23 19:00:13.083909] [0x00007f4b233fcb80] [info]    Successfully streamed 15 bytes for key: overwrite_test
[2025-01-23 19:00:13.083920] [0x00007f4b233fcb80] [info]    Clearing entire store at: "/tmp/store_test_1737658813082338297"
[2025-01-23 19:00:13.084058] [0x00007f4b233fcb80] [info]    Store cleared successfully
[       OK ] StoreTest.OverwriteBehavior (1 ms)
[----------] 1 test from StoreTest (1 ms total)

[----------] Global test environment tear-down
[==========] 1 test from 1 test suite ran. (1 ms total)
[  PASSED  ] 1 test.
<end of output>
Test time =   0.01 sec
----------------------------------------------------------
Test Passed.
"StoreTest.OverwriteBehavior" end time: Jan 23 19:00 UTC
"StoreTest.OverwriteBehavior" time elapsed: 00:00:00
----------------------------------------------------------

16/28 Testing: StoreTest.StreamStatePreservation
16/28 Test: StoreTest.StreamStatePreservation
Command: "/home/runner/workspace/build/store_tests" "--gtest_filter=StoreTest.StreamStatePreservation" "--gtest_also_run_disabled_tests"
Directory: /home/runner/workspace/build
"StoreTest.StreamStatePreservation" start time: Jan 23 19:00 UTC
Output:
----------------------------------------------------------
Running main() from /build/source/googletest/src/gtest_main.cc
Note: Google Test filter = StoreTest.StreamStatePreservation
[==========] Running 1 test from 1 test suite.
[----------] Global test environment set-up.
[----------] 1 test from StoreTest
[ RUN      ] StoreTest.StreamStatePreservation
[2025-01-23 19:00:13.094747] [0x00007fbed701eb80] [info]    Initializing Store with base path: /tmp/store_test_1737658813094656715
[2025-01-23 19:00:13.094757] [0x00007fbed701eb80] [debug]   Store directory created/verified at: /tmp/store_test_1737658813094656715
[2025-01-23 19:00:13.094763] [0x00007fbed701eb80] [info]    Storing data with key: stream_state_test
[2025-01-23 19:00:13.094767] [0x00007fbed701eb80] [debug]   Generating hash for key: stream_state_test
[2025-01-23 19:00:13.095892] [0x00007fbed701eb80] [debug]   Generated hash: a9e413f31ab1fd98797abd4d4d50fc4ccfbf9abaec049f8d5f9e9c5b294d61c8
[2025-01-23 19:00:13.095904] [0x00007fbed701eb80] [debug]   Calculated path: /tmp/store_test_1737658813094656715/a9/e4/13/f31ab1fd98797abd4d4d50fc4ccfbf9abaec049f8d5f9e9c5b294d61c8
[2025-01-23 19:00:13.095949] [0x00007fbed701eb80] [debug]   Calculated file path: /tmp/store_test_1737658813094656715/a9/e4/13/f31ab1fd98797abd4d4d50fc4ccfbf9abaec049f8d5f9e9c5b294d61c8
[2025-01-23 19:00:13.095989] [0x00007fbed701eb80] [info]    Successfully stored 26 bytes with key: stream_state_test
[2025-01-23 19:00:13.095995] [0x00007fbed701eb80] [info]    Retrieving data for key: stream_state_test
[2025-01-23 19:00:13.095997] [0x00007fbed701eb80] [debug]   Generating hash for key: stream_state_test
[2025-01-23 19:00:13.096003] [0x00007fbed701eb80] [debug]   Generated hash: a9e413f31ab1fd98797abd4d4d50fc4ccfbf9abaec049f8d5f9e9c5b294d61c8
[2025-01-23 19:00:13.096009] [0x00007fbed701eb80] [debug]   Calculated path: /tmp/store_test_1737658813094656715/a9/e4/13/f31ab1fd98797abd4d4d50fc4ccfbf9abaec049f8d5f9e9c5b294d61c8
[2025-01-23 19:00:13.096022] [0x00007fbed701eb80] [info]    Successfully streamed 26 bytes for key: stream_state_test
[2025-01-23 19:00:13.096029] [0x00007fbed701eb80] [info]    Clearing entire store at: "/tmp/store_test_1737658813094656715"
[2025-01-23 19:00:13.096183] [0x00007fbed701eb80] [info]    Store cleared successfully
[       OK ] StoreTest.StreamStatePreservation (1 ms)
[----------] 1 test from StoreTest (1 ms total)

[----------] Global test environment tear-down
[==========] 1 test from 1 test suite ran. (1 ms total)
[  PASSED  ] 1 test.
<end of output>
Test time =   0.01 sec
----------------------------------------------------------
Test Passed.
"StoreTest.StreamStatePreservation" end time: Jan 23 19:00 UTC
"StoreTest.StreamStatePreservation" time elapsed: 00:00:00
----------------------------------------------------------

17/28 Testing: StoreTest.FileSizeRetrieval
17/28 Test: StoreTest.FileSizeRetrieval
Command: "/home/runner/workspace/build/store_tests" "--gtest_filter=StoreTest.FileSizeRetrieval" "--gtest_also_run_disabled_tests"
Directory: /home/runner/workspace/build
"StoreTest.FileSizeRetrieval" start time: Jan 23 19:00 UTC
Output:
----------------------------------------------------------
Running main() from /build/source/googletest/src/gtest_main.cc
Note: Google Test filter = StoreTest.FileSizeRetrieval
[==========] Running 1 test from 1 test suite.
[----------] Global test environment set-up.
[----------] 1 test from StoreTest
[ RUN      ] StoreTest.FileSizeRetrieval
[2025-01-23 19:00:13.106794] [0x00007f1a7e373b80] [info]    Initializing Store with base path: /tmp/store_test_1737658813106713254
[2025-01-23 19:00:13.106807] [0x00007f1a7e373b80] [debug]   Store directory created/verified at: /tmp/store_test_1737658813106713254
[2025-01-23 19:00:13.106817] [0x00007f1a7e373b80] [info]    Storing data with key: size_test
[2025-01-23 19:00:13.106821] [0x00007f1a7e373b80] [debug]   Generating hash for key: size_test
[2025-01-23 19:00:13.108056] [0x00007f1a7e373b80] [debug]   Generated hash: d2283af70f36b068be549fdee1255a41540b931c457a992112d4cab9c89de74e
[2025-01-23 19:00:13.108068] [0x00007f1a7e373b80] [debug]   Calculated path: /tmp/store_test_1737658813106713254/d2/28/3a/f70f36b068be549fdee1255a41540b931c457a992112d4cab9c89de74e
[2025-01-23 19:00:13.108119] [0x00007f1a7e373b80] [debug]   Calculated file path: /tmp/store_test_1737658813106713254/d2/28/3a/f70f36b068be549fdee1255a41540b931c457a992112d4cab9c89de74e
[2025-01-23 19:00:13.108156] [0x00007f1a7e373b80] [info]    Successfully stored 13 bytes with key: size_test
[2025-01-23 19:00:13.108162] [0x00007f1a7e373b80] [debug]   Getting file size for key: size_test
[2025-01-23 19:00:13.108165] [0x00007f1a7e373b80] [debug]   Generating hash for key: size_test
[2025-01-23 19:00:13.108171] [0x00007f1a7e373b80] [debug]   Generated hash: d2283af70f36b068be549fdee1255a41540b931c457a992112d4cab9c89de74e
[2025-01-23 19:00:13.108177] [0x00007f1a7e373b80] [debug]   Calculated path: /tmp/store_test_1737658813106713254/d2/28/3a/f70f36b068be549fdee1255a41540b931c457a992112d4cab9c89de74e
[2025-01-23 19:00:13.108183] [0x00007f1a7e373b80] [debug]   File size for key size_test: 13 bytes
[2025-01-23 19:00:13.108187] [0x00007f1a7e373b80] [info]    Storing data with key: empty_test
[2025-01-23 19:00:13.108189] [0x00007f1a7e373b80] [debug]   Generating hash for key: empty_test
[2025-01-23 19:00:13.108215] [0x00007f1a7e373b80] [debug]   Generated hash: f1b6800e9ca01dac557744adec3477366cbe3888d44fcabefb3078c4c069f3a8
[2025-01-23 19:00:13.108224] [0x00007f1a7e373b80] [debug]   Calculated path: /tmp/store_test_1737658813106713254/f1/b6/80/0e9ca01dac557744adec3477366cbe3888d44fcabefb3078c4c069f3a8
[2025-01-23 19:00:13.108277] [0x00007f1a7e373b80] [debug]   Calculated file path: /tmp/store_test_1737658813106713254/f1/b6/80/0e9ca01dac557744adec3477366cbe3888d44fcabefb3078c4c069f3a8
[2025-01-23 19:00:13.108296] [0x00007f1a7e373b80] [debug]   Storing empty content for key: empty_test
[2025-01-23 19:00:13.108303] [0x00007f1a7e373b80] [info]    Successfully stored 0 bytes with key: empty_test
[2025-01-23 19:00:13.108307] [0x00007f1a7e373b80] [debug]   Getting file size for key: empty_test
[2025-01-23 19:00:13.108310] [0x00007f1a7e373b80] [debug]   Generating hash for key: empty_test
[2025-01-23 19:00:13.108319] [0x00007f1a7e373b80] [debug]   Generated hash: f1b6800e9ca01dac557744adec3477366cbe3888d44fcabefb3078c4c069f3a8
[2025-01-23 19:00:13.108326] [0x00007f1a7e373b80] [debug]   Calculated path: /tmp/store_test_1737658813106713254/f1/b6/80/0e9ca01dac557744adec3477366cbe3888d44fcabefb3078c4c069f3a8
[2025-01-23 19:00:13.108333] [0x00007f1a7e373b80] [debug]   File size for key empty_test: 0 bytes
[2025-01-23 19:00:13.108337] [0x00007f1a7e373b80] [debug]   Getting file size for key: nonexistent_key
[2025-01-23 19:00:13.108338] [0x00007f1a7e373b80] [debug]   Generating hash for key: nonexistent_key
[2025-01-23 19:00:13.108342] [0x00007f1a7e373b80] [debug]   Generated hash: 5fbaf0fb39a2369c07d1aa653dd2386202abdff0c69ceb6060083b29af61fd2f
[2025-01-23 19:00:13.108344] [0x00007f1a7e373b80] [debug]   Calculated path: /tmp/store_test_1737658813106713254/5f/ba/f0/fb39a2369c07d1aa653dd2386202abdff0c69ceb6060083b29af61fd2f
[2025-01-23 19:00:13.108355] [0x00007f1a7e373b80] [error]   File not found: /tmp/store_test_1737658813106713254/5f/ba/f0/fb39a2369c07d1aa653dd2386202abdff0c69ceb6060083b29af61fd2f
[2025-01-23 19:00:13.108384] [0x00007f1a7e373b80] [info]    Clearing entire store at: "/tmp/store_test_1737658813106713254"
[2025-01-23 19:00:13.108589] [0x00007f1a7e373b80] [info]    Store cleared successfully
[       OK ] StoreTest.FileSizeRetrieval (1 ms)
[----------] 1 test from StoreTest (1 ms total)

[----------] Global test environment tear-down
[==========] 1 test from 1 test suite ran. (1 ms total)
[  PASSED  ] 1 test.
<end of output>
Test time =   0.01 sec
----------------------------------------------------------
Test Passed.
"StoreTest.FileSizeRetrieval" end time: Jan 23 19:00 UTC
"StoreTest.FileSizeRetrieval" time elapsed: 00:00:00
----------------------------------------------------------

18/28 Testing: ChannelTest.InitialState
18/28 Test: ChannelTest.InitialState
Command: "/home/runner/workspace/build/channel_tests" "--gtest_filter=ChannelTest.InitialState" "--gtest_also_run_disabled_tests"
Directory: /home/runner/workspace/build
"ChannelTest.InitialState" start time: Jan 23 19:00 UTC
Output:
----------------------------------------------------------
Running main() from /build/source/googletest/src/gtest_main.cc
Note: Google Test filter = ChannelTest.InitialState
[==========] Running 1 test from 1 test suite.
[----------] Global test environment set-up.
[----------] 1 test from ChannelTest
[ RUN      ] ChannelTest.InitialState
[       OK ] ChannelTest.InitialState (0 ms)
[----------] 1 test from ChannelTest (0 ms total)

[----------] Global test environment tear-down
[==========] 1 test from 1 test suite ran. (0 ms total)
[  PASSED  ] 1 test.
<end of output>
Test time =   0.01 sec
----------------------------------------------------------
Test Passed.
"ChannelTest.InitialState" end time: Jan 23 19:00 UTC
"ChannelTest.InitialState" time elapsed: 00:00:00
----------------------------------------------------------

19/28 Testing: ChannelTest.SingleProduceConsume
19/28 Test: ChannelTest.SingleProduceConsume
Command: "/home/runner/workspace/build/channel_tests" "--gtest_filter=ChannelTest.SingleProduceConsume" "--gtest_also_run_disabled_tests"
Directory: /home/runner/workspace/build
"ChannelTest.SingleProduceConsume" start time: Jan 23 19:00 UTC
Output:
----------------------------------------------------------
Running main() from /build/source/googletest/src/gtest_main.cc
Note: Google Test filter = ChannelTest.SingleProduceConsume
[==========] Running 1 test from 1 test suite.
[----------] Global test environment set-up.
[----------] 1 test from ChannelTest
[ RUN      ] ChannelTest.SingleProduceConsume
[2025-01-23 19:00:13.129322] [0x00007f158d60bc40] [debug]   Added message frame to channel. Channel size: 1
[2025-01-23 19:00:13.129331] [0x00007f158d60bc40] [debug]   Retrieved message frame from channel. Channel size: 0
[       OK ] ChannelTest.SingleProduceConsume (0 ms)
[----------] 1 test from ChannelTest (0 ms total)

[----------] Global test environment tear-down
[==========] 1 test from 1 test suite ran. (0 ms total)
[  PASSED  ] 1 test.
<end of output>
Test time =   0.01 sec
----------------------------------------------------------
Test Passed.
"ChannelTest.SingleProduceConsume" end time: Jan 23 19:00 UTC
"ChannelTest.SingleProduceConsume" time elapsed: 00:00:00
----------------------------------------------------------

20/28 Testing: ChannelTest.MultipleMessages
20/28 Test: ChannelTest.MultipleMessages
Command: "/home/runner/workspace/build/channel_tests" "--gtest_filter=ChannelTest.MultipleMessages" "--gtest_also_run_disabled_tests"
Directory: /home/runner/workspace/build
"ChannelTest.MultipleMessages" start time: Jan 23 19:00 UTC
Output:
----------------------------------------------------------
Running main() from /build/source/googletest/src/gtest_main.cc
Note: Google Test filter = ChannelTest.MultipleMessages
[==========] Running 1 test from 1 test suite.
[----------] Global test environment set-up.
[----------] 1 test from ChannelTest
[ RUN      ] ChannelTest.MultipleMessages
[2025-01-23 19:00:13.139534] [0x00007fbfa1b13c40] [debug]   Added message frame to channel. Channel size: 1
[2025-01-23 19:00:13.139542] [0x00007fbfa1b13c40] [debug]   Added message frame to channel. Channel size: 2
[2025-01-23 19:00:13.139547] [0x00007fbfa1b13c40] [debug]   Added message frame to channel. Channel size: 3
[2025-01-23 19:00:13.139550] [0x00007fbfa1b13c40] [debug]   Added message frame to channel. Channel size: 4
[2025-01-23 19:00:13.139554] [0x00007fbfa1b13c40] [debug]   Added message frame to channel. Channel size: 5
[2025-01-23 19:00:13.139558] [0x00007fbfa1b13c40] [debug]   Retrieved message frame from channel. Channel size: 4
[2025-01-23 19:00:13.139564] [0x00007fbfa1b13c40] [debug]   Retrieved message frame from channel. Channel size: 3
[2025-01-23 19:00:13.139566] [0x00007fbfa1b13c40] [debug]   Retrieved message frame from channel. Channel size: 2
[2025-01-23 19:00:13.139567] [0x00007fbfa1b13c40] [debug]   Retrieved message frame from channel. Channel size: 1
[2025-01-23 19:00:13.139569] [0x00007fbfa1b13c40] [debug]   Retrieved message frame from channel. Channel size: 0
[       OK ] ChannelTest.MultipleMessages (0 ms)
[----------] 1 test from ChannelTest (0 ms total)

[----------] Global test environment tear-down
[==========] 1 test from 1 test suite ran. (0 ms total)
[  PASSED  ] 1 test.
<end of output>
Test time =   0.01 sec
----------------------------------------------------------
Test Passed.
"ChannelTest.MultipleMessages" end time: Jan 23 19:00 UTC
"ChannelTest.MultipleMessages" time elapsed: 00:00:00
----------------------------------------------------------

21/28 Testing: ChannelTest.ConsumeEmptyChannel
21/28 Test: ChannelTest.ConsumeEmptyChannel
Command: "/home/runner/workspace/build/channel_tests" "--gtest_filter=ChannelTest.ConsumeEmptyChannel" "--gtest_also_run_disabled_tests"
Directory: /home/runner/workspace/build
"ChannelTest.ConsumeEmptyChannel" start time: Jan 23 19:00 UTC
Output:
----------------------------------------------------------
Running main() from /build/source/googletest/src/gtest_main.cc
Note: Google Test filter = ChannelTest.ConsumeEmptyChannel
[==========] Running 1 test from 1 test suite.
[----------] Global test environment set-up.
[----------] 1 test from ChannelTest
[ RUN      ] ChannelTest.ConsumeEmptyChannel
[       OK ] ChannelTest.ConsumeEmptyChannel (0 ms)
[----------] 1 test from ChannelTest (0 ms total)

[----------] Global test environment tear-down
[==========] 1 test from 1 test suite ran. (0 ms total)
[  PASSED  ] 1 test.
<end of output>
Test time =   0.01 sec
----------------------------------------------------------
Test Passed.
"ChannelTest.ConsumeEmptyChannel" end time: Jan 23 19:00 UTC
"ChannelTest.ConsumeEmptyChannel" time elapsed: 00:00:00
----------------------------------------------------------

22/28 Testing: ChannelTest.ConcurrentProducersConsumers
22/28 Test: ChannelTest.ConcurrentProducersConsumers
Command: "/home/runner/workspace/build/channel_tests" "--gtest_filter=ChannelTest.ConcurrentProducersConsumers" "--gtest_also_run_disabled_tests"
Directory: /home/runner/workspace/build
"ChannelTest.ConcurrentProducersConsumers" start time: Jan 23 19:00 UTC
Output:
----------------------------------------------------------
Running main() from /build/source/googletest/src/gtest_main.cc
Note: Google Test filter = ChannelTest.ConcurrentProducersConsumers
[==========] Running 1 test from 1 test suite.
[----------] Global test environment set-up.
[----------] 1 test from ChannelTest
[ RUN      ] ChannelTest.ConcurrentProducersConsumers
[2025-01-23 19:00:13.161051] [0x00007f2d42f976c0] [debug]   Added message frame to channel. Channel size: 1
[2025-01-23 19:00:13.161101] [0x00007f2d3bfff6c0] [debug]   Retrieved message frame from channel. Channel size: 0
[2025-01-23 19:00:13.161127] [0x00007f2d427966c0] [debug]   Added message frame to channel. Channel size: 1
[2025-01-23 19:00:13.161151] [0x00007f2d41f956c0] [debug]   Added message frame to channel. Channel size: 2
[2025-01-23 19:00:13.161175] [0x00007f2d42f976c0] [debug]   Added message frame to channel. Channel size: 3
[2025-01-23 19:00:13.161364] [0x00007f2d40f936c0] [debug]   Retrieved message frame from channel. Channel size: 2
[2025-01-23 19:00:13.161380] [0x00007f2d40f936c0] [debug]   Retrieved message frame from channel. Channel size: 1
[2025-01-23 19:00:13.161388] [0x00007f2d42f976c0] [debug]   Added message frame to channel. Channel size: 2
[2025-01-23 19:00:13.161432] [0x00007f2d397946c0] [debug]   Retrieved message frame from channel. Channel size: 1
[2025-01-23 19:00:13.161449] [0x00007f2d427966c0] [debug]   Added message frame to channel. Channel size: 2
[2025-01-23 19:00:13.161463] [0x00007f2d3bfff6c0] [debug]   Retrieved message frame from channel. Channel size: 1
[2025-01-23 19:00:13.161476] [0x00007f2d3bfff6c0] [debug]   Retrieved message frame from channel. Channel size: 0
[2025-01-23 19:00:13.161490] [0x00007f2d42f976c0] [debug]   Added message frame to channel. Channel size: 1
[2025-01-23 19:00:13.161554] [0x00007f2d40f936c0] [debug]   Retrieved message frame from channel. Channel size: 0
[2025-01-23 19:00:13.161589] [0x00007f2d437986c0] [debug]   Added message frame to channel. Channel size: 1
[2025-01-23 19:00:13.161608] [0x00007f2d427966c0] [debug]   Added message frame to channel. Channel size: 2
[2025-01-23 19:00:13.161624] [0x00007f2d3bfff6c0] [debug]   Retrieved message frame from channel. Channel size: 1
[2025-01-23 19:00:13.161632] [0x00007f2d3bfff6c0] [debug]   Retrieved message frame from channel. Channel size: 0
[...]
[2025-01-23 19:00:13.190416] [0x00007fe8a9d24c40] [debug] Writing source id: 1
[2025-01-23 19:00:13.190418] [0x00007fe8a9d24c40] [debug] Writing payload size: 0
[2025-01-23 19:00:13.190421] [0x00007fe8a9d24c40] [info] Starting stream encryption
[2025-01-23 19:00:13.190425] [0x00007fe8a9d24c40] [debug] Initializing cipher for encryption
[2025-01-23 19:00:13.191902] [0x00007fe8a9d24c40] [debug] Cipher initialization complete
[2025-01-23 19:00:13.191914] [0x00007fe8a9d24c40] [debug] Writing encrypted filename length
[2025-01-23 19:00:13.191917] [0x00007fe8a9d24c40] [info] Encrypted message frame serialization complete. Total bytes written: 42
[2025-01-23 19:00:13.191920] [0x00007fe8a9d24c40] [debug] Cleaning up CryptoStream resources
[2025-01-23 19:00:13.191925] [0x00007fe8a9d24c40] [info] Initializing CryptoStream
[2025-01-23 19:00:13.191927] [0x00007fe8a9d24c40] [debug] CryptoStream initialization complete
[2025-01-23 19:00:13.191929] [0x00007fe8a9d24c40] [info] Starting message frame deserialization
[2025-01-23 19:00:13.191930] [0x00007fe8a9d24c40] [debug] Reading IV
[2025-01-23 19:00:13.191932] [0x00007fe8a9d24c40] [info] Initializing crypto parameters
[2025-01-23 19:00:13.191934] [0x00007fe8a9d24c40] [debug] Crypto parameters initialized successfully
[2025-01-23 19:00:13.191935] [0x00007fe8a9d24c40] [debug] Read message type: 0
[2025-01-23 19:00:13.191937] [0x00007fe8a9d24c40] [debug] Read source id: 1
[2025-01-23 19:00:13.191938] [0x00007fe8a9d24c40] [debug] Read payload size: 0
[2025-01-23 19:00:13.191940] [0x00007fe8a9d24c40] [info] Starting stream decryption
[2025-01-23 19:00:13.191942] [0x00007fe8a9d24c40] [debug] Initializing cipher for decryption
[2025-01-23 19:00:13.191945] [0x00007fe8a9d24c40] [debug] Cipher initialization complete
[2025-01-23 19:00:13.191948] [0x00007fe8a9d24c40] [debug] Read decrypted filename length: 12366848
[2025-01-23 19:00:13.191950] [0x00007fe8a9d24c40] [debug] Added message frame to channel. Channel size: 1
[2025-01-23 19:00:13.191951] [0x00007fe8a9d24c40] [debug] New frame added to channel
[2025-01-23 19:00:13.191953] [0x00007fe8a9d24c40] [info] Message frame deserialization complete. Total bytes read: 42
[2025-01-23 19:00:13.191954] [0x00007fe8a9d24c40] [debug] Cleaning up CryptoStream resources
[2025-01-23 19:00:13.191956] [0x00007fe8a9d24c40] [debug] Retrieved message frame from channel. Channel size: 0
[       OK ] CodecTest.MinimalFrameSerializeDeserialize (1 ms)
[----------] 1 test from CodecTest (1 ms total)

[----------] Global test environment tear-down
[==========] 1 test from 1 test suite ran. (1 ms total)
[  PASSED  ] 1 test.
<end of output>
Test time =   0.01 sec
----------------------------------------------------------
Test Passed.
"CodecTest.MinimalFrameSerializeDeserialize" end time: Jan 23 19:00 UTC
"CodecTest.MinimalFrameSerializeDeserialize" time elapsed: 00:00:00
----------------------------------------------------------

25/28 Testing: CodecTest.BasicSerializeDeserialize
25/28 Test: CodecTest.BasicSerializeDeserialize
Command: "/home/runner/workspace/build/codec_tests" "--gtest_filter=CodecTest.BasicSerializeDeserialize" "--gtest_also_run_disabled_tests"
Directory: /home/runner/workspace/build
"CodecTest.BasicSerializeDeserialize" start time: Jan 23 19:00 UTC
Output:
----------------------------------------------------------
Running main() from /build/source/googletest/src/gtest_main.cc
Note: Google Test filter = CodecTest.BasicSerializeDeserialize
[==========] Running 1 test from 1 test suite.
[----------] Global test environment set-up.
[----------] 1 test from CodecTest
[ RUN      ] CodecTest.BasicSerializeDeserialize
[2025-01-23 19:00:13.202266] [0x00007feffaedac40] [info]    Initializing Codec with key of size: 32
[2025-01-23 19:00:13.202291] [0x00007feffaedac40] [info] Initializing CryptoStream
[2025-01-23 19:00:13.202404] [0x00007feffaedac40] [debug] CryptoStream initialization complete
[2025-01-23 19:00:13.202411] [0x00007feffaedac40] [info] Initializing crypto parameters
[2025-01-23 19:00:13.202413] [0x00007feffaedac40] [debug] Crypto parameters initialized successfully
[2025-01-23 19:00:13.202415] [0x00007feffaedac40] [info] Starting message frame serialization
[2025-01-23 19:00:13.202416] [0x00007feffaedac40] [debug] Writing IV of size: 16
[2025-01-23 19:00:13.202418] [0x00007feffaedac40] [debug] Writing message type: 0
[2025-01-23 19:00:13.202420] [0x00007feffaedac40] [debug] Writing source id: 2
[2025-01-23 19:00:13.202422] [0x00007feffaedac40] [debug] Writing payload size: 11
[2025-01-23 19:00:13.202425] [0x00007feffaedac40] [info] Starting stream encryption
[2025-01-23 19:00:13.202428] [0x00007feffaedac40] [debug] Initializing cipher for encryption
[2025-01-23 19:00:13.203821] [0x00007feffaedac40] [debug] Cipher initialization complete
[2025-01-23 19:00:13.203834] [0x00007feffaedac40] [debug] Writing encrypted filename length
[2025-01-23 19:00:13.203836] [0x00007feffaedac40] [debug] Encrypting and writing payload of size: 11
[2025-01-23 19:00:13.203839] [0x00007feffaedac40] [info] Starting stream encryption
[2025-01-23 19:00:13.203840] [0x00007feffaedac40] [debug] Initializing cipher for encryption
[2025-01-23 19:00:13.203844] [0x00007feffaedac40] [debug] Cipher initialization complete
[2025-01-23 19:00:13.203845] [0x00007feffaedac40] [info] Encrypted message frame serialization complete. Total bytes written: 53
[2025-01-23 19:00:13.203847] [0x00007feffaedac40] [debug] Cleaning up CryptoStream resources
[2025-01-23 19:00:13.203849] [0x00007feffaedac40] [info] Initializing CryptoStream
[2025-01-23 19:00:13.203851] [0x00007feffaedac40] [debug] CryptoStream initialization complete
[2025-01-23 19:00:13.203852] [0x00007feffaedac40] [info] Starting message frame deserialization
[2025-01-23 19:00:13.203854] [0x00007feffaedac40] [debug] Reading IV
[2025-01-23 19:00:13.203855] [0x00007feffaedac40] [info] Initializing crypto parameters
[2025-01-23 19:00:13.203857] [0x00007feffaedac40] [debug] Crypto parameters initialized successfully
[2025-01-23 19:00:13.203858] [0x00007feffaedac40] [debug] Read message type: 0
[2025-01-23 19:00:13.203860] [0x00007feffaedac40] [debug] Read source id: 2
[2025-01-23 19:00:13.203861] [0x00007feffaedac40] [debug] Read payload size: 11
[2025-01-23 19:00:13.203863] [0x00007feffaedac40] [info] Starting stream decryption
[2025-01-23 19:00:13.203865] [0x00007feffaedac40] [debug] Initializing cipher for decryption
[2025-01-23 19:00:13.203867] [0x00007feffaedac40] [debug] Cipher initialization complete
[2025-01-23 19:00:13.203869] [0x00007feffaedac40] [debug] Read decrypted filename length: 8
[2025-01-23 19:00:13.203871] [0x00007feffaedac40] [debug] Added message frame to channel. Channel size: 1
[2025-01-23 19:00:13.203873] [0x00007feffaedac40] [debug] New frame added to channel
[2025-01-23 19:00:13.203874] [0x00007feffaedac40] [debug] Decrypting payload of size: 11
[2025-01-23 19:00:13.203875] [0x00007feffaedac40] [info] Starting stream decryption
[2025-01-23 19:00:13.203877] [0x00007feffaedac40] [debug] Initializing cipher for decryption
[2025-01-23 19:00:13.203879] [0x00007feffaedac40] [debug] Cipher initialization complete
[2025-01-23 19:00:13.203880] [0x00007feffaedac40] [info] Message frame deserialization complete. Total bytes read: 53
[2025-01-23 19:00:13.203882] [0x00007feffaedac40] [debug] Cleaning up CryptoStream resources
[2025-01-23 19:00:13.203883] [0x00007feffaedac40] [debug] Retrieved message frame from channel. Channel size: 0
[       OK ] CodecTest.BasicSerializeDeserialize (1 ms)
[----------] 1 test from CodecTest (1 ms total)

[----------] Global test environment tear-down
[==========] 1 test from 1 test suite ran. (1 ms total)
[  PASSED  ] 1 test.
<end of output>
Test time =   0.01 sec
----------------------------------------------------------
Test Passed.
"CodecTest.BasicSerializeDeserialize" end time: Jan 23 19:00 UTC
"CodecTest.BasicSerializeDeserialize" time elapsed: 00:00:00
----------------------------------------------------------

26/28 Testing: CodecTest.LargePayloadChunkedProcessing
26/28 Test: CodecTest.LargePayloadChunkedProcessing
Command: "/home/runner/workspace/build/codec_tests" "--gtest_filter=CodecTest.LargePayloadChunkedProcessing" "--gtest_also_run_disabled_tests"
Directory: /home/runner/workspace/build
"CodecTest.LargePayloadChunkedProcessing" start time: Jan 23 19:00 UTC
Output:
----------------------------------------------------------
Running main() from /build/source/googletest/src/gtest_main.cc
Note: Google Test filter = CodecTest.LargePayloadChunkedProcessing
[==========] Running 1 test from 1 test suite.
[----------] Global test environment set-up.
[----------] 1 test from CodecTest
[ RUN      ] CodecTest.LargePayloadChunkedProcessing
[2025-01-23 19:00:13.213833] [0x00007fbeeb7bfc40] [info]    Initializing Codec with key of size: 32
[2025-01-23 19:00:13.303971] [0x00007fbeeb7bfc40] [info] Initializing CryptoStream
[2025-01-23 19:00:13.304176] [0x00007fbeeb7bfc40] [debug] CryptoStream initialization complete
[2025-01-23 19:00:13.304185] [0x00007fbeeb7bfc40] [info] Initializing crypto parameters
[2025-01-23 19:00:13.304202] [0x00007fbeeb7bfc40] [debug] Crypto parameters initialized successfully
[2025-01-23 19:00:13.304206] [0x00007fbeeb7bfc40] [info] Starting message frame serialization
[2025-01-23 19:00:13.304209] [0x00007fbeeb7bfc40] [debug] Writing IV of size: 16
[2025-01-23 19:00:13.304214] [0x00007fbeeb7bfc40] [debug] Writing message type: 0
[2025-01-23 19:00:13.304218] [0x00007fbeeb7bfc40] [debug] Writing source id: 3
[2025-01-23 19:00:13.304221] [0x00007fbeeb7bfc40] [debug] Writing payload size: 10485760
[2025-01-23 19:00:13.304232] [0x00007fbeeb7bfc40] [info] Starting stream encryption
[2025-01-23 19:00:13.304236] [0x00007fbeeb7bfc40] [debug] Initializing cipher for encryption
[2025-01-23 19:00:13.305765] [0x00007fbeeb7bfc40] [debug] Cipher initialization complete
[2025-01-23 19:00:13.305777] [0x00007fbeeb7bfc40] [debug] Writing encrypted filename length
[2025-01-23 19:00:13.305780] [0x00007fbeeb7bfc40] [debug] Encrypting and writing payload of size: 10485760
[2025-01-23 19:00:13.305783] [0x00007fbeeb7bfc40] [info] Starting stream encryption
[2025-01-23 19:00:13.305784] [0x00007fbeeb7bfc40] [debug] Initializing cipher for encryption
[2025-01-23 19:00:13.305788] [0x00007fbeeb7bfc40] [debug] Cipher initialization complete
[2025-01-23 19:00:13.328505] [0x00007fbeeb7bfc40] [info] Encrypted message frame serialization complete. Total bytes written: 10485802
[2025-01-23 19:00:13.328532] [0x00007fbeeb7bfc40] [debug] Cleaning up CryptoStream resources
[2025-01-23 19:00:13.328538] [0x00007fbeeb7bfc40] [info] Initializing CryptoStream
[2025-01-23 19:00:13.328540] [0x00007fbeeb7bfc40] [debug] CryptoStream initialization complete
[2025-01-23 19:00:13.328542] [0x00007fbeeb7bfc40] [info] Starting message frame deserialization
[2025-01-23 19:00:13.328544] [0x00007fbeeb7bfc40] [debug] Reading IV
[2025-01-23 19:00:13.328545] [0x00007fbeeb7bfc40] [info] Initializing crypto parameters
[2025-01-23 19:00:13.328547] [0x00007fbeeb7bfc40] [debug] Crypto parameters initialized successfully
[2025-01-23 19:00:13.328549] [0x00007fbeeb7bfc40] [debug] Read message type: 0
[2025-01-23 19:00:13.328551] [0x00007fbeeb7bfc40] [debug] Read source id: 3
[2025-01-23 19:00:13.328552] [0x00007fbeeb7bfc40] [debug] Read payload size: 10485760
[2025-01-23 19:00:13.328555] [0x00007fbeeb7bfc40] [info] Starting stream decryption
[2025-01-23 19:00:13.328558] [0x00007fbeeb7bfc40] [debug] Initializing cipher for decryption
[2025-01-23 19:00:13.328569] [0x00007fbeeb7bfc40] [debug] Cipher initialization complete
[2025-01-23 19:00:13.328571] [0x00007fbeeb7bfc40] [debug] Read decrypted filename length: 12
[2025-01-23 19:00:13.328573] [0x00007fbeeb7bfc40] [debug] Added message frame to channel. Channel size: 1
[2025-01-23 19:00:13.328575] [0x00007fbeeb7bfc40] [debug] New frame added to channel
[2025-01-23 19:00:13.328577] [0x00007fbeeb7bfc40] [debug] Decrypting payload of size: 10485760
[2025-01-23 19:00:13.328578] [0x00007fbeeb7bfc40] [info] Starting stream decryption
[2025-01-23 19:00:13.328579] [0x00007fbeeb7bfc40] [debug] Initializing cipher for decryption
[2025-01-23 19:00:13.328582] [0x00007fbeeb7bfc40] [debug] Cipher initialization complete
[2025-01-23 19:00:13.340137] [0x00007fbeeb7bfc40] [info] Message frame deserialization complete. Total bytes read: 10485802
[2025-01-23 19:00:13.340168] [0x00007fbeeb7bfc40] [debug] Cleaning up CryptoStream resources
[2025-01-23 19:00:13.340174] [0x00007fbeeb7bfc40] [debug] Retrieved message frame from channel. Channel size: 0
[       OK ] CodecTest.LargePayloadChunkedProcessing (205 ms)
[----------] 1 test from CodecTest (205 ms total)

[----------] Global test environment tear-down
[==========] 1 test from 1 test suite ran. (205 ms total)
[  PASSED  ] 1 test.
<end of output>
Test time =   0.22 sec
----------------------------------------------------------
Test Passed.
"CodecTest.LargePayloadChunkedProcessing" end time: Jan 23 19:00 UTC
"CodecTest.LargePayloadChunkedProcessing" time elapsed: 00:00:00
----------------------------------------------------------

27/28 Testing: CodecTest.MalformedInputHandling
27/28 Test: CodecTest.MalformedInputHandling
Command: "/home/runner/workspace/build/codec_tests" "--gtest_filter=CodecTest.MalformedInputHandling" "--gtest_also_run_disabled_tests"
Directory: /home/runner/workspace/build
"CodecTest.MalformedInputHandling" start time: Jan 23 19:00 UTC
Output:
----------------------------------------------------------
Running main() from /build/source/googletest/src/gtest_main.cc
Note: Google Test filter = CodecTest.MalformedInputHandling
[==========] Running 1 test from 1 test suite.
[----------] Global test environment set-up.
[----------] 1 test from CodecTest
[ RUN      ] CodecTest.MalformedInputHandling
[2025-01-23 19:00:13.432309] [0x00007fdcb27a6c40] [info]    Initializing Codec with key of size: 32
[2025-01-23 19:00:13.432335] [0x00007fdcb27a6c40] [info] Initializing CryptoStream
[2025-01-23 19:00:13.432453] [0x00007fdcb27a6c40] [debug] CryptoStream initialization complete
[2025-01-23 19:00:13.432458] [0x00007fdcb27a6c40] [info] Starting message frame deserialization
[2025-01-23 19:00:13.432461] [0x00007fdcb27a6c40] [debug] Reading IV
[2025-01-23 19:00:13.432464] [0x00007fdcb27a6c40] [error] Failed to read 16 bytes from input stream
[2025-01-23 19:00:13.432491] [0x00007fdcb27a6c40] [error] Error during deserialization: Failed to read from input stream
[2025-01-23 19:00:13.432497] [0x00007fdcb27a6c40] [debug] Cleaning up CryptoStream resources
[2025-01-23 19:00:13.432504] [0x00007fdcb27a6c40] [error] Invalid input stream state
[2025-01-23 19:00:13.432509] [0x00007fdcb27a6c40] [info] Initializing CryptoStream
[2025-01-23 19:00:13.432510] [0x00007fdcb27a6c40] [debug] CryptoStream initialization complete
[2025-01-23 19:00:13.432512] [0x00007fdcb27a6c40] [info] Initializing crypto parameters
[2025-01-23 19:00:13.432513] [0x00007fdcb27a6c40] [error] Invalid IV size: 15 bytes (expected 16 bytes)
[2025-01-23 19:00:13.432519] [0x00007fdcb27a6c40] [debug] Cleaning up CryptoStream resources
[       OK ] CodecTest.MalformedInputHandling (0 ms)
[----------] 1 test from CodecTest (0 ms total)

[----------] Global test environment tear-down
[==========] 1 test from 1 test suite ran. (0 ms total)
[  PASSED  ] 1 test.
<end of output>
Test time =   0.01 sec
----------------------------------------------------------
Test Passed.
"CodecTest.MalformedInputHandling" end time: Jan 23 19:00 UTC
"CodecTest.MalformedInputHandling" time elapsed: 00:00:00
----------------------------------------------------------

28/28 Testing: CodecTest.EmptySourceId
28/28 Test: CodecTest.EmptySourceId
Command: "/home/runner/workspace/build/codec_tests" "--gtest_filter=CodecTest.EmptySourceId" "--gtest_also_run_disabled_tests"
Directory: /home/runner/workspace/build
"CodecTest.EmptySourceId" start time: Jan 23 19:00 UTC
Output:
----------------------------------------------------------
Running main() from /build/source/googletest/src/gtest_main.cc
Note: Google Test filter = CodecTest.EmptySourceId
[==========] Running 1 test from 1 test suite.
[----------] Global test environment set-up.
[----------] 1 test from CodecTest
[ RUN      ] CodecTest.EmptySourceId
[2025-01-23 19:00:13.442325] [0x00007feaafd5dc40] [info]    Initializing Codec with key of size: 32
[2025-01-23 19:00:13.442343] [0x00007feaafd5dc40] [info] Initializing CryptoStream
[2025-01-23 19:00:13.442460] [0x00007feaafd5dc40] [debug] CryptoStream initialization complete
[2025-01-23 19:00:13.442474] [0x00007feaafd5dc40] [info] Initializing crypto parameters
[2025-01-23 19:00:13.442476] [0x00007feaafd5dc40] [debug] Crypto parameters initialized successfully
[2025-01-23 19:00:13.442478] [0x00007feaafd5dc40] [info] Starting message frame serialization
[2025-01-23 19:00:13.442479] [0x00007feaafd5dc40] [debug] Writing IV of size: 16
[2025-01-23 19:00:13.442482] [0x00007feaafd5dc40] [debug] Writing message type: 0
[2025-01-23 19:00:13.442483] [0x00007feaafd5dc40] [debug] Writing source id: 0
[2025-01-23 19:00:13.442485] [0x00007feaafd5dc40] [debug] Writing payload size: 0
[2025-01-23 19:00:13.442488] [0x00007feaafd5dc40] [info] Starting stream encryption
[2025-01-23 19:00:13.442491] [0x00007feaafd5dc40] [debug] Initializing cipher for encryption
[2025-01-23 19:00:13.443905] [0x00007feaafd5dc40] [debug] Cipher initialization complete
[2025-01-23 19:00:13.443918] [0x00007feaafd5dc40] [debug] Writing encrypted filename length
[2025-01-23 19:00:13.443921] [0x00007feaafd5dc40] [info] Encrypted message frame serialization complete. Total bytes written: 42
[2025-01-23 19:00:13.443923] [0x00007feaafd5dc40] [debug] Cleaning up CryptoStream resources
[2025-01-23 19:00:13.443926] [0x00007feaafd5dc40] [info] Initializing CryptoStream
[2025-01-23 19:00:13.443927] [0x00007feaafd5dc40] [debug] CryptoStream initialization complete
[2025-01-23 19:00:13.443929] [0x00007feaafd5dc40] [info] Starting message frame deserialization
[2025-01-23 19:00:13.443930] [0x00007feaafd5dc40] [debug] Reading IV
[2025-01-23 19:00:13.443932] [0x00007feaafd5dc40] [info] Initializing crypto parameters
[2025-01-23 19:00:13.443933] [0x00007feaafd5dc40] [debug] Crypto parameters initialized successfully
[2025-01-23 19:00:13.443935] [0x00007feaafd5dc40] [debug] Read message type: 0
[2025-01-23 19:00:13.443937] [0x00007feaafd5dc40] [debug] Read source id: 0
[2025-01-23 19:00:13.443938] [0x00007feaafd5dc40] [debug] Read payload size: 0
[2025-01-23 19:00:13.443940] [0x00007feaafd5dc40] [info] Starting stream decryption
[2025-01-23 19:00:13.443942] [0x00007feaafd5dc40] [debug] Initializing cipher for decryption
[2025-01-23 19:00:13.443945] [0x00007feaafd5dc40] [debug] Cipher initialization complete
[2025-01-23 19:00:13.443947] [0x00007feaafd5dc40] [debug] Read decrypted filename length: 0
[2025-01-23 19:00:13.443949] [0x00007feaafd5dc40] [debug] Added message frame to channel. Channel size: 1
[2025-01-23 19:00:13.443951] [0x00007feaafd5dc40] [debug] New frame added to channel
[2025-01-23 19:00:13.443952] [0x00007feaafd5dc40] [info] Message frame deserialization complete. Total bytes read: 42
[2025-01-23 19:00:13.443954] [0x00007feaafd5dc40] [debug] Cleaning up CryptoStream resources
[2025-01-23 19:00:13.443955] [0x00007feaafd5dc40] [debug] Retrieved message frame from channel. Channel size: 0
[       OK ] CodecTest.EmptySourceId (1 ms)
[----------] 1 test from CodecTest (1 ms total)

[----------] Global test environment tear-down
[==========] 1 test from 1 test suite ran. (1 ms total)
[  PASSED  ] 1 test.
<end of output>
Test time =   0.01 sec
----------------------------------------------------------
Test Passed.
"CodecTest.EmptySourceId" end time: Jan 23 19:00 UTC
"CodecTest.EmptySourceId" time elapsed: 00:00:00
----------------------------------------------------------

End testing: Jan 23 19:00 UTC
